D_10.0_distorted_0_boundary_0_delta_0.02_gamma_1.0_q_0.1_rho_1.0_upper_triangular_four_ambiguous_parameters
Program starts Fri Jan 19 15:59:29 CST 2024
parsed_args = parse_commandline() = Dict{String, Any}("dataname" => "upper_triangular_four_ambiguous_parameters", "clowerlim" => 0.0001, "delta" => 0.02, "boundary" => 0, "Delta" => 10.0, "q" => 0.1, "zmax" => 5.0, "logadjustment" => 1, "zscale" => 2.0, "foc" => 1, "distorted" => 0, "rho" => 1.0, "gamma" => 1.0)
=============================================================
logadjustment: true
reflective_boundary: false
0.109
U: [1.0331966455186503 0.4546065240282061; 0.0 0.06463435618925897]
L: [1.0331966455186503 0.0; 0.4546065240282061 0.06463435618925897]
[-2.220446049250313e-16 0.0; 0.0 0.0]
sigma_k: [0.010331966455186503, 0.004546065240282061]
sigma_z: [0.0, 0.06463435618925897]
Compute value function WITH ROBUSTNESS
computing undistorted version...
zmax = 5.0, zmin = -5.0, zlength = 401
natural boundary condition
----------------------------------
Iteration = 1
Distance = 1.2106052959693043
v max = -0.9378780232420315
v min = -3.2106052959693043
d max = 0.07672413793103448
d min = 0.07672413793103448
dF max = 0.07672413793103448
dB max = 0.07672413793103448
hk max = 0.010331966455186503
hk min = 0.010331966455186503
hz max = 0.004546065240282061
hz min = 0.004546065240282061
lambdaF max = 0.1596347330627016
lambdaF min = 0.006028620769798677
lambdaB max = 0.1596347330627016
lambdaB min = 0.006028620769798677
----------------------------------
----------------------------------
Iteration = 2
Distance = 0.9233523332856883
v max = -0.6544557265452241
v min = -4.133957629254993
d max = 0.07672413793103448
d min = 0.07672413793103448
dF max = 0.07672413793103448
dB max = 0.07672413793103448
hk max = 0.010331966455186503
hk min = 0.010331966455186503
hz max = 0.019235691646936837
hz min = 0.019235691646927653
lambdaF max = 0.3087916332956299
lambdaF min = 0.006028620769798677
lambdaB max = 0.30879163329564424
lambdaB min = 0.006028620769798677
----------------------------------
----------------------------------
Iteration = 3
Distance = 0.6139697478593424
v max = -0.5441905878815537
v min = -4.747927377114335
d max = 0.07672413793103448
d min = 0.07672413793103448
dF max = 0.07672413793103448
dB max = 0.07672413793103448
hk max = 0.010331966455186503
hk min = 0.010331966455186503
hz max = 0.030358311731819562
hz min = 0.023712891816936223
lambdaF max = 0.4075727139901005
lambdaF min = 0.006028620769798677
lambdaB max = 0.41104832139439873
lambdaB min = 0.006028620769798677
----------------------------------
----------------------------------
Iteration = 4
Distance = 0.41313683046773697
v max = -0.5182188712607014
v min = -5.161064207582072
d max = 0.07672413793103448
d min = 0.07672413793103448
dF max = 0.07672413793103448
dB max = 0.07672413793103448
hk max = 0.010331966455186503
hk min = 0.010331966455186503
hz max = 0.037605921177725245
hz min = 0.025834564527015436
lambdaF max = 0.46823360506168465
lambdaF min = 0.006028620769798677
lambdaB max = 0.47380456230242973
lambdaB min = 0.006028620769798677
----------------------------------
----------------------------------
Iteration = 5
Distance = 0.28291862084001984
v max = -0.5269308193956003
v min = -5.443982828422092
d max = 0.07672413793103448
d min = 0.07672413793103448
dF max = 0.07672413793103448
dB max = 0.07672413793103448
hk max = 0.010331966455186503
hk min = 0.010331966455186503
hz max = 0.04235915478748501
hz min = 0.026781219407804775
lambdaF max = 0.5038008743183768
lambdaF min = 0.006028620769798677
lambdaB max = 0.5107878874843887
lambdaB min = 0.006028620769798677
----------------------------------
----------------------------------
Iteration = 6
Distance = 0.19596845782326433
v max = -0.5487855000774643
v min = -5.639951286245356
d max = 0.07672413793103448
d min = 0.07672413793103448
dF max = 0.07672413793103448
dB max = 0.07672413793103448
hk max = 0.010331966455186503
hk min = 0.010331966455186503
hz max = 0.04551292487751819
hz min = 0.027216973683720374
lambdaF max = 0.5248445221573581
lambdaF min = 0.006028620769798677
lambdaB max = 0.5327482575044918
lambdaB min = 0.006028620769798677
----------------------------------
----------------------------------
Iteration = 7
Distance = 0.13715583100579476
v max = -0.5744413131925471
v min = -5.777107117251151
d max = 0.07672413793103448
d min = 0.07672413793103448
dF max = 0.07672413793103448
dB max = 0.07672413793103448
hk max = 0.010331966455186503
hk min = 0.010331966455186503
hz max = 0.047612445854381846
hz min = 0.02742978570293016
lambdaF max = 0.5374072924809259
lambdaF min = 0.006028620769798677
lambdaB max = 0.5458964740489369
lambdaB min = 0.006028620769798677
----------------------------------
----------------------------------
Iteration = 8
Distance = 0.0970487863449323
v max = -0.5998203543525024
v min = -5.874155903596083
d max = 0.07672413793103448
d min = 0.07672413793103448
dF max = 0.07672413793103448
dB max = 0.07672413793103448
hk max = 0.010331966455186503
hk min = 0.010331966455186503
hz max = 0.04901046961378071
hz min = 0.027540597331305944
lambdaF max = 0.5449634407865238
lambdaF min = 0.006028620769798677
lambdaB max = 0.5538222438422895
lambdaB min = 0.006028620769798677
----------------------------------
----------------------------------
Iteration = 9
Distance = 0.0694974105360382
v max = -0.6231932640002287
v min = -5.9436533141321215
d max = 0.07672413793103448
d min = 0.07672413793103448
dF max = 0.07672413793103448
dB max = 0.07672413793103448
hk max = 0.010331966455186503
hk min = 0.010331966455186503
hz max = 0.049940245671099295
hz min = 0.02760095493956803
lambdaF max = 0.5495355553360306
lambdaF min = 0.006028620769798677
lambdaB max = 0.5586259831295992
lambdaB min = 0.006028620769798677
----------------------------------
----------------------------------
Iteration = 10
Distance = 0.050422745517326284
v max = -0.6439389642351923
v min = -5.994076059649448
d max = 0.07672413793103448
d min = 0.07672413793103448
dF max = 0.07672413793103448
dB max = 0.07672413793103448
hk max = 0.010331966455186503
hk min = 0.010331966455186503
hz max = 0.05055730956040894
hz min = 0.027634833096207703
lambdaF max = 0.5523151926798864
lambdaF min = 0.006028620769798677
lambdaB max = 0.5615500958772547
lambdaB min = 0.006028620769798677
----------------------------------
----------------------------------
Iteration = 11
Distance = 0.03709808441314877
v max = -0.6619652753186852
v min = -6.0311741440625966
d max = 0.07672413793103448
d min = 0.07672413793103448
dF max = 0.07672413793103448
dB max = 0.07672413793103448
hk max = 0.010331966455186503
hk min = 0.010331966455186503
hz max = 0.05096573384138238
hz min = 0.027654317272792734
lambdaF max = 0.5540113847233568
lambdaF min = 0.006028620769798677
lambdaB max = 0.5633361470012692
lambdaB min = 0.006028620769798677
----------------------------------
----------------------------------
Iteration = 12
Distance = 0.02769288380726298
v max = -0.6774232556914482
v min = -6.0588670278698595
d max = 0.07672413793103448
d min = 0.07672413793103448
dF max = 0.07672413793103448
dB max = 0.07672413793103448
hk max = 0.010331966455186503
hk min = 0.010331966455186503
hz max = 0.051235222868983354
hz min = 0.027665728601640575
lambdaF max = 0.5550494737825916
lambdaF min = 0.006028620769798677
lambdaB max = 0.5644300279520355
lambdaB min = 0.006028620769798677
----------------------------------
----------------------------------
Iteration = 13
Distance = 0.02097469868928492
v max = -0.6905653161606707
v min = -6.0798417265591445
d max = 0.07672413793103448
d min = 0.07672413793103448
dF max = 0.07672413793103448
dB max = 0.07672413793103448
hk max = 0.010331966455186503
hk min = 0.010331966455186503
hz max = 0.05141243505857045
hz min = 0.027672498122972608
lambdaF max = 0.5556862702679786
lambdaF min = 0.006028620769798677
lambdaB max = 0.5651014278299247
lambdaB min = 0.006028620769798677
----------------------------------
----------------------------------
Iteration = 14
Distance = 0.016111628380188314
v max = -0.7016738877780777
v min = -6.095953354939333
d max = 0.07672413793103448
d min = 0.07672413793103448
dF max = 0.07672413793103448
dB max = 0.07672413793103448
hk max = 0.010331966455186503
hk min = 0.010331966455186503
hz max = 0.05152855026663793
hz min = 0.027676555345007216
lambdaF max = 0.5560776214994514
lambdaF min = 0.006028620769798677
lambdaB max = 0.5655142271504733
lambdaB min = 0.006028620769798677
----------------------------------
----------------------------------
Iteration = 15
Distance = 0.01254047194302732
v max = -0.711026100120366
v min = -6.10849382688236
d max = 0.07672413793103448
d min = 0.07672413793103448
dF max = 0.07672413793103448
dB max = 0.07672413793103448
hk max = 0.010331966455186503
hk min = 0.010331966455186503
hz max = 0.05160435304807898
hz min = 0.02767900556372668
lambdaF max = 0.5563184856600736
lambdaF min = 0.006028620769798677
lambdaB max = 0.5657683803868555
lambdaB min = 0.006028620769798677
----------------------------------
----------------------------------
Iteration = 16
Distance = 0.009878457612425784
v max = -0.7188775027435889
v min = -6.118372284494786
d max = 0.07672413793103448
d min = 0.07672413793103448
dF max = 0.07672413793103448
dB max = 0.07672413793103448
hk max = 0.010331966455186503
hk min = 0.010331966455186503
hz max = 0.05165365572031564
hz min = 0.02768049342299699
lambdaF max = 0.5564669053663133
lambdaF min = 0.006028620769798677
lambdaB max = 0.5659250321400014
lambdaB min = 0.006028620769798677
----------------------------------
----------------------------------
Iteration = 17
Distance = 0.007864080121827932
v max = -0.7254557200103042
v min = -6.126236364616614
d max = 0.07672413793103448
d min = 0.07672413793103448
dF max = 0.07672413793103448
dB max = 0.07672413793103448
hk max = 0.010331966455186503
hk min = 0.010331966455186503
hz max = 0.05168560489052033
hz min = 0.027681400830728446
lambdaF max = 0.5565584485760592
lambdaF min = 0.006028620769798677
lambdaB max = 0.5660216741907127
lambdaB min = 0.006028620769798677
----------------------------------
----------------------------------
Iteration = 18
Distance = 0.006317447914343077
v max = -0.7309592507398115
v min = -6.132553812530957
d max = 0.07672413793103448
d min = 0.07672413793103448
dF max = 0.07672413793103448
dB max = 0.07672413793103448
hk max = 0.010331966455186503
hk min = 0.010331966455186503
hz max = 0.05170623435153444
hz min = 0.02768195602568356
lambdaF max = 0.5566149549925973
lambdaF min = 0.006028620769798677
lambdaB max = 0.566081338609456
lambdaB min = 0.006028620769798677
----------------------------------
----------------------------------
Iteration = 19
Distance = 0.005113719475214218
v max = -0.7355588427308907
v min = -6.137667532006171
d max = 0.07672413793103448
d min = 0.07672413793103448
dF max = 0.07672413793103448
dB max = 0.07672413793103448
hk max = 0.010331966455186503
hk min = 0.010331966455186503
hz max = 0.05171950851424256
hz min = 0.0276822965575359
lambdaF max = 0.556649856505562
lambdaF min = 0.006028620769798677
lambdaB max = 0.5661181960235173
lambdaB min = 0.006028620769798677
----------------------------------
----------------------------------
Iteration = 20
Distance = 0.0041653164762704975
v max = -0.7394000278732672
v min = -6.141832848482442
d max = 0.07672413793103448
d min = 0.07672413793103448
dF max = 0.07672413793103448
dB max = 0.07672413793103448
hk max = 0.010331966455186503
hk min = 0.010331966455186503
hz max = 0.05172802149443888
hz min = 0.027682505836674146
lambdaF max = 0.5566714247985923
lambdaF min = 0.006028620769798677
lambdaB max = 0.5661409757073576
lambdaB min = 0.006028620769798677
----------------------------------
----------------------------------
Iteration = 21
Distance = 0.00341001413454034
v max = -0.7426060614337893
v min = -6.145242862616982
d max = 0.07672413793103448
d min = 0.07672413793103448
dF max = 0.07672413793103448
dB max = 0.07672413793103448
hk max = 0.010331966455186503
hk min = 0.010331966455186503
hz max = 0.05173346382207377
hz min = 0.027682634646083656
lambdaF max = 0.5566847591594247
lambdaF min = 0.006028620769798677
lambdaB max = 0.5661550603592502
lambdaB min = 0.006028620769798677
----------------------------------
----------------------------------
Iteration = 22
Distance = 0.002802960427249701
v max = -0.7452808675145001
v min = -6.148045823044232
d max = 0.07672413793103448
d min = 0.07672413793103448
dF max = 0.07672413793103448
dB max = 0.07672413793103448
hk max = 0.010331966455186503
hk min = 0.010331966455186503
hz max = 0.051736932754147404
hz min = 0.02768271402317307
lambdaF max = 0.5566930058757124
lambdaF min = 0.006028620769798677
lambdaB max = 0.566163771789863
lambdaB min = 0.006028620769798677
----------------------------------
----------------------------------
Iteration = 23
Distance = 0.0023113174098208233
v max = -0.7475117927871103
v min = -6.1503571404540525
d max = 0.07672413793103448
d min = 0.07672413793103448
dF max = 0.07672413793103448
dB max = 0.07672413793103448
hk max = 0.010331966455186503
hk min = 0.010331966455186503
hz max = 0.05173913770088805
hz min = 0.027682762985689075
lambdaF max = 0.556698107587384
lambdaF min = 0.006028620769798677
lambdaB max = 0.5661691613434685
lambdaB min = 0.006028620769798677
----------------------------------
----------------------------------
Iteration = 24
Distance = 0.0019106504025288018
v max = -0.7493720830267133
v min = -6.152267790856581
d max = 0.07672413793103448
d min = 0.07672413793103448
dF max = 0.07672413793103448
dB max = 0.07672413793103448
hk max = 0.010331966455186503
hk min = 0.010331966455186503
hz max = 0.05174053560173622
hz min = 0.02768279321071687
lambdaF max = 0.5567012644465252
lambdaF min = 0.006028620769798677
lambdaB max = 0.5661724964953971
lambdaB min = 0.006028620769798677
----------------------------------
----------------------------------
Iteration = 25
Distance = 0.0015824817792395862
v max = -0.750923057632527
v min = -6.153850272635821
d max = 0.07672413793103448
d min = 0.07672413793103448
dF max = 0.07672413793103448
dB max = 0.07672413793103448
hk max = 0.010331966455186503
hk min = 0.010331966455186503
hz max = 0.05174141973003436
hz min = 0.027682811880739122
lambdaF max = 0.5567032182516299
lambdaF min = 0.006028620769798677
lambdaB max = 0.5661745607400869
lambdaB min = 0.006028620769798677
----------------------------------
----------------------------------
Iteration = 26
Distance = 0.001312621241656764
v max = -0.7522159894376802
v min = -6.155162893877478
d max = 0.07672413793103448
d min = 0.07672413793103448
dF max = 0.07672413793103448
dB max = 0.07672413793103448
hk max = 0.010331966455186503
hk min = 0.010331966455186503
hz max = 0.05174197768377278
hz min = 0.02768282341910788
lambdaF max = 0.5567044276781313
lambdaF min = 0.006028620769798677
lambdaB max = 0.5661758385775442
lambdaB min = 0.006028620769798677
----------------------------------
----------------------------------
Iteration = 27
Distance = 0.0010900148884234184
v max = -0.7532937127289907
v min = -6.156252908765901
d max = 0.07672413793103448
d min = 0.07672413793103448
dF max = 0.07672413793103448
dB max = 0.07672413793103448
hk max = 0.010331966455186503
hk min = 0.010331966455186503
hz max = 0.05174232908717612
hz min = 0.02768283055298876
lambdaF max = 0.5567051764300202
lambdaF min = 0.006028620769798677
lambdaB max = 0.5661766297070542
lambdaB min = 0.006028620769798677
----------------------------------
----------------------------------
Iteration = 28
Distance = 0.0009059422385107041
v max = -0.7541919887544106
v min = -6.157158851004412
d max = 0.07672413793103448
d min = 0.07672413793103448
dF max = 0.07672413793103448
dB max = 0.07672413793103448
hk max = 0.010331966455186503
hk min = 0.010331966455186503
hz max = 0.051742549997618764
hz min = 0.027682834965209333
lambdaF max = 0.5567056400334285
lambdaF min = 0.006028620769798677
lambdaB max = 0.5661771195620465
lambdaB min = 0.006028620769798677
----------------------------------
----------------------------------
Iteration = 29
Distance = 0.0007534479998749788
v max = -0.754940659328697
v min = -6.157912299004287
d max = 0.07672413793103448
d min = 0.07672413793103448
dF max = 0.07672413793103448
dB max = 0.07672413793103448
hk max = 0.010331966455186503
hk min = 0.010331966455186503
hz max = 0.051742688642208406
hz min = 0.02768283769488421
lambdaF max = 0.5567059271097665
lambdaF min = 0.006028620769798677
lambdaB max = 0.5661774229006655
lambdaB min = 0.006028620769798677
----------------------------------
----------------------------------
Iteration = 30
Distance = 0.000626933501826521
v max = -0.7555646178307178
v min = -6.158539232506113
d max = 0.07672413793103448
d min = 0.07672413793103448
dF max = 0.07672413793103448
dB max = 0.07672413793103448
hk max = 0.010331966455186503
hk min = 0.010331966455186503
hz max = 0.05174277552537165
hz min = 0.02768283938403112
lambdaF max = 0.5567061048899542
lambdaF min = 0.006028620769798677
lambdaB max = 0.5661776107551364
lambdaB min = 0.006028620769798677
----------------------------------
----------------------------------
Iteration = 31
Distance = 0.0005218578746690739
v max = -0.7560846243234258
v min = -6.159061090380782
d max = 0.07672413793103448
d min = 0.07672413793103448
dF max = 0.07672413793103448
dB max = 0.07672413793103448
hk max = 0.010331966455186503
hk min = 0.010331966455186503
hz max = 0.05174282989790455
hz min = 0.027682840429490627
lambdaF max = 0.5567062149928429
lambdaF min = 0.006028620769798677
lambdaB max = 0.5661777270990158
lambdaB min = 0.006028620769798677
----------------------------------
----------------------------------
Iteration = 32
Distance = 0.00043451564600704984
v max = -0.7565179884957488
v min = -6.159495606026789
d max = 0.07672413793103448
d min = 0.07672413793103448
dF max = 0.07672413793103448
dB max = 0.07672413793103448
hk max = 0.010331966455186503
hk min = 0.010331966455186503
hz max = 0.05174286388353247
hz min = 0.02768284107666061
lambdaF max = 0.5567062831856714
lambdaF min = 0.006028620769798677
lambdaB max = 0.5661777991581557
lambdaB min = 0.006028620769798677
----------------------------------
----------------------------------
Iteration = 33
Distance = 0.000361868352609207
v max = -0.7568791410501723
v min = -6.159857474379399
d max = 0.07672413793103448
d min = 0.07672413793103448
dF max = 0.07672413793103448
dB max = 0.07672413793103448
hk max = 0.010331966455186503
hk min = 0.010331966455186503
hz max = 0.051742885103217826
hz min = 0.02768284147733022
lambdaF max = 0.5567063254233668
lambdaF min = 0.006028620769798677
lambdaB max = 0.5661778437910299
lambdaB min = 0.006028620769798677
----------------------------------
----------------------------------
Iteration = 34
Distance = 0.00030141497802294026
v max = -0.7571801112612602
v min = -6.1601588893574215
d max = 0.07672413793103448
d min = 0.07672413793103448
dF max = 0.07672413793103448
dB max = 0.07672413793103448
hk max = 0.010331966455186503
hk min = 0.010331966455186503
hz max = 0.05174289833937293
hz min = 0.027682841725418187
lambdaF max = 0.5567063515858047
lambdaF min = 0.006028620769798677
lambdaB max = 0.5661778714373459
lambdaB min = 0.006028620769798677
----------------------------------
----------------------------------
Iteration = 35
Distance = 0.00025109079742247076
v max = -0.7574309258078091
v min = -6.160409980154844
d max = 0.07672413793103448
d min = 0.07672413793103448
dF max = 0.07672413793103448
dB max = 0.07672413793103448
hk max = 0.010331966455186503
hk min = 0.010331966455186503
hz max = 0.05174290658855677
hz min = 0.027682841879042908
lambdaF max = 0.5567063677916342
lambdaF min = 0.006028620769798677
lambdaB max = 0.5661778885624601
lambdaB min = 0.006028620769798677
----------------------------------
----------------------------------
Iteration = 36
Distance = 0.00020918738535691261
v max = -0.7576399416689222
v min = -6.160619167540201
d max = 0.07672413793103448
d min = 0.07672413793103448
dF max = 0.07672413793103448
dB max = 0.07672413793103448
hk max = 0.010331966455186503
hk min = 0.010331966455186503
hz max = 0.051742911725789285
hz min = 0.027682841974182117
lambdaF max = 0.5567063778303066
lambdaF min = 0.006028620769798677
lambdaB max = 0.5661778991706484
lambdaB min = 0.006028620769798677
----------------------------------
----------------------------------
Iteration = 37
Distance = 0.00017428866749114036
v max = -0.7578141238689261
v min = -6.160793456207692
d max = 0.07672413793103448
d min = 0.07672413793103448
dF max = 0.07672413793103448
dB max = 0.07672413793103448
hk max = 0.010331966455186503
hk min = 0.010331966455186503
hz max = 0.05174291492288415
hz min = 0.02768284203310249
lambdaF max = 0.55670638404894
lambdaF min = 0.006028620769798677
lambdaB max = 0.5661779057421162
lambdaB min = 0.006028620769798677
----------------------------------
----------------------------------
Iteration = 38
Distance = 0.0001452193362592169
v max = -0.7579592771365887
v min = -6.160938675543951
d max = 0.07672413793103448
d min = 0.07672413793103448
dF max = 0.07672413793103448
dB max = 0.07672413793103448
hk max = 0.010331966455186503
hk min = 0.010331966455186503
hz max = 0.05174291691137673
hz min = 0.02768284206959774
lambdaF max = 0.5567063879012139
lambdaF min = 0.006028620769798677
lambdaB max = 0.5661779098129621
lambdaB min = 0.006028620769798677
----------------------------------
----------------------------------
Iteration = 39
Distance = 0.00012100293449268662
v max = -0.7580802390814055
v min = -6.161059678478444
d max = 0.07672413793103448
d min = 0.07672413793103448
dF max = 0.07672413793103448
dB max = 0.07672413793103448
hk max = 0.010331966455186503
hk min = 0.010331966455186503
hz max = 0.05174291814751363
hz min = 0.027682842092200823
lambdaF max = 0.556706390287623
lambdaF min = 0.006028620769798677
lambdaB max = 0.5661779123348251
lambdaB min = 0.006028620769798677
----------------------------------
----------------------------------
Iteration = 40
Distance = 0.0001008275964329286
v max = -0.7581810412524077
v min = -6.161160506074877
d max = 0.07672413793103448
d min = 0.07672413793103448
dF max = 0.07672413793103448
dB max = 0.07672413793103448
hk max = 0.010331966455186503
hk min = 0.010331966455186503
hz max = 0.05174291891559878
hz min = 0.027682842106202636
lambdaF max = 0.5567063917660304
lambdaF min = 0.006028620769798677
lambdaB max = 0.5661779138970973
lambdaB min = 0.006028620769798677
----------------------------------
----------------------------------
Iteration = 41
Distance = 8.401791848111628e-5
v max = -0.7582650434024677
v min = -6.161244523993358
d max = 0.07672413793103448
d min = 0.07672413793103448
dF max = 0.07672413793103448
dB max = 0.07672413793103448
hk max = 0.010331966455186503
hk min = 0.010331966455186503
hz max = 0.051742919392668
hz min = 0.027682842114875664
lambdaF max = 0.5567063926818812
lambdaF min = 0.006028620769798677
lambdaB max = 0.566177914864951
lambdaB min = 0.006028620769798677
----------------------------------
----------------------------------
Iteration = 42
Distance = 7.00117807532763e-5
v max = -0.7583350454053583
v min = -6.161314535774111
d max = 0.07672413793103448
d min = 0.07672413793103448
dF max = 0.07672413793103448
dB max = 0.07672413793103448
hk max = 0.010331966455186503
hk min = 0.010331966455186503
hz max = 0.0517429196888827
hz min = 0.02768284212024751
lambdaF max = 0.5567063932492714
lambdaF min = 0.006028620769798677
lambdaB max = 0.5661779154645512
lambdaB min = 0.006028620769798677
----------------------------------
----------------------------------
Iteration = 43
Distance = 5.834119562297957e-5
v max = -0.7583933805385757
v min = -6.161372876969734
d max = 0.07672413793103448
d min = 0.07672413793103448
dF max = 0.07672413793103448
dB max = 0.07672413793103448
hk max = 0.010331966455186503
hk min = 0.010331966455186503
hz max = 0.05174291987274533
hz min = 0.027682842123575958
lambdaF max = 0.5567063936007782
lambdaF min = 0.006028620769798677
lambdaB max = 0.5661779158359946
lambdaB min = 0.006028620769798677
----------------------------------
----------------------------------
Iteration = 44
Distance = 4.861645040321605e-5
v max = -0.758441993230631
v min = -6.1614214934201375
d max = 0.07672413793103448
d min = 0.07672413793103448
dF max = 0.07672413793103448
dB max = 0.07672413793103448
hk max = 0.010331966455186503
hk min = 0.010331966455186503
hz max = 0.05174291998683798
hz min = 0.027682842125637437
lambdaF max = 0.556706393818527
lambdaF min = 0.006028620769798677
lambdaB max = 0.5661779160661121
lambdaB min = 0.006028620769798677
----------------------------------
----------------------------------
Iteration = 45
Distance = 4.05129566658502e-5
v max = -0.7584825038575463
v min = -6.161462006376803
d max = 0.07672413793103448
d min = 0.07672413793103448
dF max = 0.07672413793103448
dB max = 0.07672413793103448
hk max = 0.010331966455186503
hk min = 0.010331966455186503
hz max = 0.05174292005762521
hz min = 0.027682842126915026
lambdaF max = 0.5567063939534505
lambdaF min = 0.006028620769798677
lambdaB max = 0.5661779162086829
lambdaB min = 0.006028620769798677
----------------------------------
----------------------------------
Iteration = 46
Distance = 3.376033093349662e-5
v max = -0.7585162627444093
v min = -6.161495766707737
d max = 0.07672413793103448
d min = 0.07672413793103448
dF max = 0.07672413793103448
dB max = 0.07672413793103448
hk max = 0.010331966455186503
hk min = 0.010331966455186503
hz max = 0.05174292010153225
hz min = 0.02768284212770552
lambdaF max = 0.5567063940370065
lambdaF min = 0.006028620769798677
lambdaB max = 0.566177916296961
lambdaB min = 0.006028620769798677
----------------------------------
----------------------------------
Iteration = 47
Distance = 2.8133320012280194e-5
v max = -0.7585443951693988
v min = -6.161523900027749
d max = 0.07672413793103448
d min = 0.07672413793103448
dF max = 0.07672413793103448
dB max = 0.07672413793103448
hk max = 0.010331966455186503
hk min = 0.010331966455186503
hz max = 0.051742920128761465
hz min = 0.027682842128196633
lambdaF max = 0.556706394088778
lambdaF min = 0.006028620769798677
lambdaB max = 0.5661779163517051
lambdaB min = 0.006028620769798677
----------------------------------
----------------------------------
Iteration = 48
Distance = 2.3444254123816677e-5
v max = -0.7585678388688235
v min = -6.161547344281873
d max = 0.07672413793103448
d min = 0.07672413793103448
dF max = 0.07672413793103448
dB max = 0.07672413793103448
hk max = 0.010331966455186503
hk min = 0.010331966455186503
hz max = 0.05174292014564826
hz min = 0.02768284212849888
lambdaF max = 0.556706394120873
lambdaF min = 0.006028620769798677
lambdaB max = 0.5661779163856127
lambdaB min = 0.006028620769798677
----------------------------------
----------------------------------
Iteration = 49
Distance = 1.9536767345229578e-5
v max = -0.758587375292408
v min = -6.161566881049218
d max = 0.07672413793103448
d min = 0.07672413793103448
dF max = 0.07672413793103448
dB max = 0.07672413793103448
hk max = 0.010331966455186503
hk min = 0.010331966455186503
hz max = 0.05174292015611698
hz min = 0.02768284212868861
lambdaF max = 0.5567063941407673
lambdaF min = 0.006028620769798677
lambdaB max = 0.5661779164066202
lambdaB min = 0.006028620769798677
----------------------------------
----------------------------------
Iteration = 50
Distance = 1.6280570592996924e-5
v max = -0.7586036556499733
v min = -6.161583161619811
d max = 0.07672413793103448
d min = 0.07672413793103448
dF max = 0.07672413793103448
dB max = 0.07672413793103448
hk max = 0.010331966455186503
hk min = 0.010331966455186503
hz max = 0.05174292016260854
hz min = 0.02768284212880371
lambdaF max = 0.5567063941530613
lambdaF min = 0.006028620769798677
lambdaB max = 0.5661779164196292
lambdaB min = 0.006028620769798677
----------------------------------
----------------------------------
Iteration = 51
Distance = 1.3567099483857703e-5
v max = -0.7586172226174508
v min = -6.161596728719295
d max = 0.07672413793103448
d min = 0.07672413793103448
dF max = 0.07672413793103448
dB max = 0.07672413793103448
hk max = 0.010331966455186503
hk min = 0.010331966455186503
hz max = 0.05174292016663161
hz min = 0.027682842128876905
lambdaF max = 0.5567063941606927
lambdaF min = 0.006028620769798677
lambdaB max = 0.5661779164276899
lambdaB min = 0.006028620769798677
----------------------------------
----------------------------------
Iteration = 52
Distance = 1.1305889783486123e-5
v max = -0.7586285284254394
v min = -6.1616080346090785
d max = 0.07672413793103448
d min = 0.07672413793103448
dF max = 0.07672413793103448
dB max = 0.07672413793103448
hk max = 0.010331966455186503
hk min = 0.010331966455186503
hz max = 0.05174292016912307
hz min = 0.02768284212892111
lambdaF max = 0.5567063941654331
lambdaF min = 0.006028620769798677
lambdaB max = 0.5661779164327005
lambdaB min = 0.006028620769798677
----------------------------------
----------------------------------
Iteration = 53
Distance = 9.421558438305055e-6
v max = -0.7586379499331831
v min = -6.161617456167517
d max = 0.07672413793103448
d min = 0.07672413793103448
dF max = 0.07672413793103448
dB max = 0.07672413793103448
hk max = 0.010331966455186503
hk min = 0.010331966455186503
hz max = 0.05174292017067076
hz min = 0.02768284212894895
lambdaF max = 0.5567063941683706
lambdaF min = 0.006028620769798677
lambdaB max = 0.5661779164357972
lambdaB min = 0.006028620769798677
----------------------------------
    Value Function Converged, Iteration = 53 with gamma=1.0 with rho=1.0 and v=-2.6419039482300395
    Natural boundary condition
=============================================================
Convegence time (minutes): 0.11369642415
Current Time = 16:00:41
grid points for z:  401
grid size for z:  0.025
-0.1032665073211581
-0.28188243905312077
--- 10.274363040924072 seconds for the elasticity computation ---
0.0
0.0
--- 0.22206878662109375 seconds for the elasticity computation ---
-0.1032665073211581
-0.28188243905312077
--- 0.2220907211303711 seconds for the elasticity computation ---
-0.183026220818299
-0.28932145490085504
--- 0.22171783447265625 seconds for the elasticity computation ---
Current Time = 16:00:54
grid points for z:  401
grid size for z:  0.025
rho = 1
0.05975971349714089
--- 8.539480209350586 seconds for the elasticity computation ---
0.0
--- 0.06717658042907715 seconds for the elasticity computation ---
0.05975971349714089
--- 0.06538009643554688 seconds for the elasticity computation ---
0.0
--- 0.0652306079864502 seconds for the elasticity computation ---
0.0
--- 0.06514525413513184 seconds for the elasticity computation ---
0.05975971349714089
0.007439015847734282
--- 0.06526494026184082 seconds for the elasticity computation ---
0.05975971349714089
0.007439015847734282
--- 0.0651242733001709 seconds for the elasticity computation ---
0.05975971349714089
0.007439015847734282
--- 0.06521844863891602 seconds for the elasticity computation ---
0.05975971349714089
0.007439015847734282
--- 0.06501054763793945 seconds for the elasticity computation ---
parsed_args = parse_commandline() = Dict{String, Any}("dataname" => "upper_triangular_four_ambiguous_parameters", "clowerlim" => 0.0001, "delta" => 0.02, "boundary" => 0, "Delta" => 10.0, "q" => 0.1, "zmax" => 5.0, "logadjustment" => 1, "zscale" => 2.0, "foc" => 1, "distorted" => 0, "rho" => 1.0, "gamma" => 1.0)
=============================================================
./output/upper_triangular_four_ambiguous_parameters/Delta_10.0_distorted_0/logadjustment_1_boundary_0/zmax_5.0_zscale_2.0/delta_0.02/q_0.1_gamma_1.0_rho_1.0/
=============================================================
solve for structured linear system 
structured_relative_entropy = 0.10126094050452013
=============================================================
solve for unstructured linear system 
q_update = 0.0
=============================================================
parsed_args = parse_commandline() = Dict{String, Any}("dataname" => "upper_triangular_four_ambiguous_parameters", "clowerlim" => 0.0001, "delta" => 0.02, "boundary" => 0, "Delta" => 10.0, "q" => 0.1, "zmax" => 5.0, "logadjustment" => 1, "zscale" => 2.0, "foc" => 1, "distorted" => 0, "rho" => 1.0, "gamma" => 1.0)
=============================================================
./output/upper_triangular_four_ambiguous_parameters/Delta_10.0_distorted_0/logadjustment_1_boundary_0/zmax_5.0_zscale_2.0/delta_0.02/q_0.1_gamma_1.0_rho_1.0/
=============================================================
solve for structured linear system 
structured_relative_entropy = 0.10126094050452013
=============================================================
solve for unstructured linear system 
q_update = 0.0
=============================================================
Program ends Fri Jan 19 16:01:36 CST 2024
Elapsed time: 0 days 00 hr 02 min 07 sec
