D_10.0_distorted_0_boundary_1_delta_0.02_gamma_10.0_q_0.1_rho_1.0_lower_triangular_two_ambiguous_parameters
Program starts Fri Jan 19 22:23:25 CST 2024
parsed_args = parse_commandline() = Dict{String, Any}("dataname" => "lower_triangular_two_ambiguous_parameters", "clowerlim" => 0.0001, "delta" => 0.02, "boundary" => 1, "Delta" => 10.0, "q" => 0.1, "zmax" => 5.0, "logadjustment" => 1, "zscale" => 2.0, "foc" => 1, "distorted" => 0, "rho" => 1.0, "gamma" => 10.0)
=============================================================
logadjustment: true
reflective_boundary: true
0.109
sigma_k: [0.011287880226154068, 0.0]
sigma_z: [0.026030751045638307, 0.05916079783099616]
Compute value function WITH ROBUSTNESS
computing undistorted version...
zmax = 5.0, zmin = -5.0, zlength = 401
reflective boundary condition
----------------------------------
Iteration = 1
Distance = 1.2137087320774964
v max = -0.9443308051338414
v min = -3.2137087320774964
d max = 0.07672413793103448
d min = 0.07672413793103448
dF max = 0.07672413793103448
dB max = 0.07672413793103448
hk max = 0.011287880226154068
hk min = 0.011287880226154068
hz max = 0.0
hz min = 0.0
lambdaF max = Inf
lambdaF min = 0.004177590819662044
lambdaB max = Inf
lambdaB min = 0.004177590819662044
----------------------------------
----------------------------------
Iteration = 2
Distance = 1.0098290352041936
v max = -0.8330360670545578
v min = -4.22353776728169
d max = 0.07672413793103448
d min = 0.07672413793103448
dF max = 0.07672413793103448
dB max = 0.07672413793103448
hk max = 0.0172039600092557
hk min = 0.015858707778865788
hz max = 0.013445635870685532
hz min = 0.01038824443798118
lambdaF max = Inf
lambdaF min = 0.004177590819662044
lambdaB max = Inf
lambdaB min = 0.004177590819662044
----------------------------------
----------------------------------
Iteration = 3
Distance = 0.7183971247291066
v max = -0.809279696550362
v min = -4.941934892010797
d max = 0.07672413793103448
d min = 0.07672413793103448
dF max = 0.07672413793103448
dB max = 0.07672413793103448
hk max = 0.022061559655690614
hk min = 0.017481146657222838
hz max = 0.02448563506712852
hz min = 0.014075605525156298
lambdaF max = Inf
lambdaF min = 0.004177590819662044
lambdaB max = Inf
lambdaB min = 0.004177590819662044
----------------------------------
----------------------------------
Iteration = 4
Distance = 0.5249447234960121
v max = -0.834847981124175
v min = -5.466879615506809
d max = 0.07672413793103448
d min = 0.07672413793103448
dF max = 0.07672413793103448
dB max = 0.07672413793103448
hk max = 0.02535024126425911
hk min = 0.017361203539024966
hz max = 0.03195991145023874
hz min = 0.01380300752925204
lambdaF max = Inf
lambdaF min = 0.004177590819662044
lambdaB max = Inf
lambdaB min = 0.004177590819662044
----------------------------------
----------------------------------
Iteration = 5
Distance = 0.3953095485611424
v max = -0.8769928173068484
v min = -5.862189164067951
d max = 0.07672413793103448
d min = 0.07672413793103448
dF max = 0.07672413793103448
dB max = 0.07672413793103448
hk max = 0.027594566627511457
hk min = 0.017956600558571532
hz max = 0.03706065091217589
hz min = 0.01515618257367606
lambdaF max = Inf
lambdaF min = 0.004177590819662044
lambdaB max = Inf
lambdaB min = 0.004177590819662044
----------------------------------
----------------------------------
Iteration = 6
Distance = 0.30296717192348055
v max = -0.9217715649711288
v min = -6.165156335991432
d max = 0.07672413793103448
d min = 0.07672413793103448
dF max = 0.07672413793103448
dB max = 0.07672413793103448
hk max = 0.029165027673317603
hk min = 0.01773031564642395
hz max = 0.04062988056173532
hz min = 0.014641898682431551
lambdaF max = Inf
lambdaF min = 0.004177590819662044
lambdaB max = Inf
lambdaB min = 0.004177590819662044
----------------------------------
----------------------------------
Iteration = 7
Distance = 0.2351123232727872
v max = -0.9706237052630817
v min = -6.400268659264219
d max = 0.07672413793103448
d min = 0.07672413793103448
dF max = 0.07672413793103448
dB max = 0.07672413793103448
hk max = 0.030294677025961895
hk min = 0.018004936614550514
hz max = 0.04319726545410871
hz min = 0.015266037246355562
lambdaF max = Inf
lambdaF min = 0.004177590819662044
lambdaB max = Inf
lambdaB min = 0.004177590819662044
----------------------------------
----------------------------------
Iteration = 8
Distance = 0.18426254193432356
v max = -1.0192010594366043
v min = -6.584531201198542
d max = 0.07672413793103448
d min = 0.07672413793103448
dF max = 0.07672413793103448
dB max = 0.07672413793103448
hk max = 0.03108217185087432
hk min = 0.017905646858282213
hz max = 0.04498702641981877
hz min = 0.015040378709382152
lambdaF max = Inf
lambdaF min = 0.004177590819662044
lambdaB max = Inf
lambdaB min = 0.004177590819662044
----------------------------------
----------------------------------
Iteration = 9
Distance = 0.14559709484450867
v max = -1.0690717038807411
v min = -6.730128296043051
d max = 0.07672413793103448
d min = 0.07672413793103448
dF max = 0.07672413793103448
dB max = 0.07672413793103448
hk max = 0.03159583951439525
hk min = 0.01805777802601781
hz max = 0.04615445292782088
hz min = 0.015386131363326686
lambdaF max = Inf
lambdaF min = 0.004177590819662044
lambdaB max = Inf
lambdaB min = 0.004177590819662044
----------------------------------
----------------------------------
Iteration = 10
Distance = 0.11585146942978852
v max = -1.116222162788763
v min = -6.84597976547284
d max = 0.07672413793103448
d min = 0.07672413793103448
dF max = 0.07672413793103448
dB max = 0.07672413793103448
hk max = 0.03192271170859948
hk min = 0.018030282622479913
hz max = 0.04689734427828502
hz min = 0.015323641809831468
lambdaF max = Inf
lambdaF min = 0.004177590819662044
lambdaB max = Inf
lambdaB min = 0.004177590819662044
----------------------------------
----------------------------------
Iteration = 11
Distance = 0.09274374253033812
v max = -1.162033333996603
v min = -6.938723508003178
d max = 0.07672413793103448
d min = 0.07672413793103448
dF max = 0.07672413793103448
dB max = 0.07672413793103448
hk max = 0.03218841430103041
hk min = 0.018106633333169996
hz max = 0.047501213806537136
hz min = 0.01549716615230893
lambdaF max = Inf
lambdaF min = 0.004177590819662044
lambdaB max = Inf
lambdaB min = 0.004177590819662044
----------------------------------
----------------------------------
Iteration = 12
Distance = 0.07464126018282613
v max = -1.203394736219393
v min = -7.013364768186004
d max = 0.07672413793103448
d min = 0.07672413793103448
dF max = 0.07672413793103448
dB max = 0.07672413793103448
hk max = 0.032375467481356904
hk min = 0.018109809322268255
hz max = 0.04792633467091555
hz min = 0.015504384309350425
lambdaF max = Inf
lambdaF min = 0.004177590819662044
lambdaB max = Inf
lambdaB min = 0.004177590819662044
----------------------------------
----------------------------------
Iteration = 13
Distance = 0.06035434358742098
v max = -1.2413145816644495
v min = -7.073719111773425
d max = 0.07672413793103448
d min = 0.07672413793103448
dF max = 0.07672413793103448
dB max = 0.07672413793103448
hk max = 0.0325098581826279
hk min = 0.018139976500823156
hz max = 0.04823176808289508
hz min = 0.015572946078793386
lambdaF max = Inf
lambdaF min = 0.004177590819662044
lambdaB max = Inf
lambdaB min = 0.004177590819662044
----------------------------------
----------------------------------
Iteration = 14
Distance = 0.04900338792259884
v max = -1.2738159320503628
v min = -7.122722499696024
d max = 0.07672413793103448
d min = 0.07672413793103448
dF max = 0.07672413793103448
dB max = 0.07672413793103448
hk max = 0.032609577618339436
hk min = 0.018149658205913712
hz max = 0.04845840316405766
hz min = 0.015594949953999192
lambdaF max = Inf
lambdaF min = 0.004177590819662044
lambdaB max = Inf
lambdaB min = 0.004177590819662044
----------------------------------
----------------------------------
Iteration = 15
Distance = 0.03993053224065424
v max = -1.302399036582394
v min = -7.162653031936678
d max = 0.07672413793103448
d min = 0.07672413793103448
dF max = 0.07672413793103448
dB max = 0.07672413793103448
hk max = 0.03268141623699822
hk min = 0.01815285580184918
hz max = 0.04862167275191853
hz min = 0.015602217217488897
lambdaF max = Inf
lambdaF min = 0.004177590819662044
lambdaB max = Inf
lambdaB min = 0.004177590819662044
----------------------------------
----------------------------------
Iteration = 16
Distance = 0.03263918519026543
v max = -1.3263316940330334
v min = -7.195292217126943
d max = 0.07672413793103448
d min = 0.07672413793103448
dF max = 0.07672413793103448
dB max = 0.07672413793103448
hk max = 0.03272621650105251
hk min = 0.018164210507698238
hz max = 0.048723491533860096
hz min = 0.01562802336714584
lambdaF max = Inf
lambdaF min = 0.004177590819662044
lambdaB max = Inf
lambdaB min = 0.004177590819662044
----------------------------------
----------------------------------
Iteration = 17
Distance = 0.02675140917831964
v max = -1.347230354407706
v min = -7.222043626305263
d max = 0.07672413793103448
d min = 0.07672413793103448
dF max = 0.07672413793103448
dB max = 0.07672413793103448
hk max = 0.03274820006101817
hk min = 0.0181577905543837
hz max = 0.0487734541701457
hz min = 0.01561343256415826
lambdaF max = Inf
lambdaF min = 0.004177590819662044
lambdaB max = Inf
lambdaB min = 0.004177590819662044
----------------------------------
----------------------------------
Iteration = 18
Distance = 0.02197718465169629
v max = -1.3648215421931973
v min = -7.244020810956959
d max = 0.07672413793103448
d min = 0.07672413793103448
dF max = 0.07672413793103448
dB max = 0.07672413793103448
hk max = 0.032766296811792016
hk min = 0.018171013385078084
hz max = 0.048814583149177165
hz min = 0.015643484452100037
lambdaF max = Inf
lambdaF min = 0.004177590819662044
lambdaB max = Inf
lambdaB min = 0.004177590819662044
----------------------------------
----------------------------------
Iteration = 19
Distance = 0.018091967982647006
v max = -1.3802225502811298
v min = -7.262112778939606
d max = 0.07672413793103448
d min = 0.07672413793103448
dF max = 0.07672413793103448
dB max = 0.07672413793103448
hk max = 0.032782370908240745
hk min = 0.018163265131528085
hz max = 0.048851115186560636
hz min = 0.015625874784940947
lambdaF max = Inf
lambdaF min = 0.004177590819662044
lambdaB max = Inf
lambdaB min = 0.004177590819662044
----------------------------------
----------------------------------
Iteration = 20
Distance = 0.01492029583829435
v max = -1.3931539636585244
v min = -7.277033074777901
d max = 0.07672413793103448
d min = 0.07672413793103448
dF max = 0.07672413793103448
dB max = 0.07672413793103448
hk max = 0.032793716023805444
hk min = 0.018175664423078438
hz max = 0.048876899540116765
hz min = 0.015654054993009935
lambdaF max = Inf
lambdaF min = 0.004177590819662044
lambdaB max = Inf
lambdaB min = 0.004177590819662044
----------------------------------
----------------------------------
Iteration = 21
Distance = 0.012323879934049486
v max = -1.4042899367404458
v min = -7.28935695471195
d max = 0.07672413793103448
d min = 0.07672413793103448
dF max = 0.07672413793103448
dB max = 0.07672413793103448
hk max = 0.03280240148850369
hk min = 0.018167709224570706
hz max = 0.048896639232612796
hz min = 0.015635974996401455
lambdaF max = Inf
lambdaF min = 0.004177590819662044
lambdaB max = Inf
lambdaB min = 0.004177590819662044
----------------------------------
----------------------------------
Iteration = 22
Distance = 0.010192986702292295
v max = -1.4134833756683944
v min = -7.299549941414242
d max = 0.07672413793103448
d min = 0.07672413793103448
dF max = 0.07672413793103448
dB max = 0.07672413793103448
hk max = 0.03280946388845181
hk min = 0.018176912975636197
hz max = 0.04891269014158577
hz min = 0.015656892612459384
lambdaF max = Inf
lambdaF min = 0.004177590819662044
lambdaB max = Inf
lambdaB min = 0.004177590819662044
----------------------------------
----------------------------------
Iteration = 23
Distance = 0.008440129012071473
v max = -1.42124902818102
v min = -7.307990070426314
d max = 0.07672413793103448
d min = 0.07672413793103448
dF max = 0.07672413793103448
dB max = 0.07672413793103448
hk max = 0.032814306448239024
hk min = 0.018169504258340616
hz max = 0.048923695959283996
hz min = 0.015640054618605792
lambdaF max = Inf
lambdaF min = 0.004177590819662044
lambdaB max = Inf
lambdaB min = 0.004177590819662044
----------------------------------
----------------------------------
Iteration = 24
Distance = 0.0069953255214727506
v max = -1.427639087597601
v min = -7.314985395947787
d max = 0.07672413793103448
d min = 0.07672413793103448
dF max = 0.07672413793103448
dB max = 0.07672413793103448
hk max = 0.03281618728065348
hk min = 0.018175944969198984
hz max = 0.04892797057840776
hz min = 0.01565469259782936
lambdaF max = Inf
lambdaF min = 0.004177590819662044
lambdaB max = Inf
lambdaB min = 0.004177590819662044
----------------------------------
----------------------------------
Iteration = 25
Distance = 0.005802420112931195
v max = -1.433041820562984
v min = -7.320787816060718
d max = 0.07672413793103448
d min = 0.07672413793103448
dF max = 0.07672413793103448
dB max = 0.07672413793103448
hk max = 0.0328160012886723
hk min = 0.01817046504555499
hz max = 0.04892754786935962
hz min = 0.015642238225911192
lambdaF max = Inf
lambdaF min = 0.004177590819662044
lambdaB max = Inf
lambdaB min = 0.004177590819662044
----------------------------------
----------------------------------
Iteration = 26
Distance = 0.004816161199229896
v max = -1.4375626118872393
v min = -7.325603977259948
d max = 0.07672413793103448
d min = 0.07672413793103448
dF max = 0.07672413793103448
dB max = 0.07672413793103448
hk max = 0.03281738066027358
hk min = 0.01817520926601297
hz max = 0.04893068280481707
hz min = 0.01565302054513387
lambdaF max = Inf
lambdaF min = 0.004177590819662044
lambdaB max = Inf
lambdaB min = 0.004177590819662044
----------------------------------
----------------------------------
Iteration = 27
Distance = 0.003999882436336755
v max = -1.4414021430584052
v min = -7.3296038596962845
d max = 0.07672413793103448
d min = 0.07672413793103448
dF max = 0.07672413793103448
dB max = 0.07672413793103448
hk max = 0.032818355774580074
hk min = 0.01817184504684456
hz max = 0.04893289897369548
hz min = 0.015645374592478393
lambdaF max = Inf
lambdaF min = 0.004177590819662044
lambdaB max = Inf
lambdaB min = 0.004177590819662044
----------------------------------
----------------------------------
Iteration = 28
Distance = 0.003323693834146546
v max = -1.4446396512132649
v min = -7.332927553530431
d max = 0.07672413793103448
d min = 0.07672413793103448
dF max = 0.07672413793103448
dB max = 0.07672413793103448
hk max = 0.032819045603906596
hk min = 0.018175018458617805
hz max = 0.048934466767619395
hz min = 0.01565258689196304
lambdaF max = Inf
lambdaF min = 0.004177590819662044
lambdaB max = Inf
lambdaB min = 0.004177590819662044
----------------------------------
----------------------------------
Iteration = 29
Distance = 0.0027631042552798135
v max = -1.447345945400136
v min = -7.335690657785711
d max = 0.07672413793103448
d min = 0.07672413793103448
dF max = 0.07672413793103448
dB max = 0.07672413793103448
hk max = 0.03281963230608079
hk min = 0.01817300651009065
hz max = 0.04893580018165164
hz min = 0.01564801428167405
lambdaF max = Inf
lambdaF min = 0.004177590819662044
lambdaB max = Inf
lambdaB min = 0.004177590819662044
----------------------------------
----------------------------------
Iteration = 30
Distance = 0.0022979853343692014
v max = -1.4496111325020358
v min = -7.33798864312008
d max = 0.07672413793103448
d min = 0.07672413793103448
dF max = 0.07672413793103448
dB max = 0.07672413793103448
hk max = 0.0328201888918383
hk min = 0.01817462660247257
hz max = 0.04893706514928236
hz min = 0.015651696309814785
lambdaF max = Inf
lambdaF min = 0.004177590819662044
lambdaB max = Inf
lambdaB min = 0.004177590819662044
----------------------------------
----------------------------------
Iteration = 31
Distance = 0.001911781302712967
v max = -1.4514649264423092
v min = -7.339900424422793
d max = 0.07672413793103448
d min = 0.07672413793103448
dF max = 0.07672413793103448
dB max = 0.07672413793103448
hk max = 0.03282049130906751
hk min = 0.01817349993283936
hz max = 0.04893775246116692
hz min = 0.015649135697012033
lambdaF max = Inf
lambdaF min = 0.004177590819662044
lambdaB max = Inf
lambdaB min = 0.004177590819662044
----------------------------------
----------------------------------
Iteration = 32
Distance = 0.0015908815683332023
v max = -1.4530233294408734
v min = -7.341491305991126
d max = 0.07672413793103448
d min = 0.07672413793103448
dF max = 0.07672413793103448
dB max = 0.07672413793103448
hk max = 0.03282044972609827
hk min = 0.01817406596168182
hz max = 0.04893765795441866
hz min = 0.015650422126199447
lambdaF max = Inf
lambdaF min = 0.004177590819662044
lambdaB max = Inf
lambdaB min = 0.004177590819662044
----------------------------------
----------------------------------
Iteration = 33
Distance = 0.0013240993978405058
v max = -1.4542947418952132
v min = -7.342815405388967
d max = 0.07672413793103448
d min = 0.07672413793103448
dF max = 0.07672413793103448
dB max = 0.07672413793103448
hk max = 0.03282039878164527
hk min = 0.018173732186633974
hz max = 0.048937542171570925
hz min = 0.015649663546545244
lambdaF max = Inf
lambdaF min = 0.004177590819662044
lambdaB max = Inf
lambdaB min = 0.004177590819662044
----------------------------------
----------------------------------
Iteration = 34
Distance = 0.001104229639086629
v max = -1.4553876954815115
v min = -7.343917634037649
d max = 0.07672413793103448
d min = 0.07672413793103448
dF max = 0.07672413793103448
dB max = 0.07672413793103448
hk max = 0.03282048174607116
hk min = 0.018173757342189508
hz max = 0.04893773072708432
hz min = 0.01564972071826237
lambdaF max = Inf
lambdaF min = 0.004177590819662044
lambdaB max = Inf
lambdaB min = 0.004177590819662044
----------------------------------
----------------------------------
Iteration = 35
Distance = 0.0009206274866673247
v max = -1.4562814225620233
v min = -7.344835304442183
d max = 0.07672413793103448
d min = 0.07672413793103448
dF max = 0.07672413793103448
dB max = 0.07672413793103448
hk max = 0.03282054094434587
hk min = 0.018174006642879346
hz max = 0.048937865268617736
hz min = 0.01565028731073927
lambdaF max = Inf
lambdaF min = 0.004177590819662044
lambdaB max = Inf
lambdaB min = 0.004177590819662044
----------------------------------
----------------------------------
Iteration = 36
Distance = 0.0007784394849084109
v max = -1.4570591307986522
v min = -7.345599432925821
d max = 0.07672413793103448
d min = 0.07672413793103448
dF max = 0.07672413793103448
dB max = 0.07672413793103448
hk max = 0.03282058331655903
hk min = 0.018173694753482145
hz max = 0.0489379615691022
hz min = 0.01564957847120018
lambdaF max = Inf
lambdaF min = 0.004177590819662044
lambdaB max = Inf
lambdaB min = 0.004177590819662044
----------------------------------
----------------------------------
Iteration = 37
Distance = 0.0006469857589623818
v max = -1.4576854415641174
v min = -7.346235802888394
d max = 0.07672413793103448
d min = 0.07672413793103448
dF max = 0.07672413793103448
dB max = 0.07672413793103448
hk max = 0.03282062324859543
hk min = 0.018174202313539625
hz max = 0.048938052323730365
hz min = 0.015650732016785362
lambdaF max = Inf
lambdaF min = 0.004177590819662044
lambdaB max = Inf
lambdaB min = 0.004177590819662044
----------------------------------
----------------------------------
Iteration = 38
Distance = 0.0005436601100703431
v max = -1.4582278016776804
v min = -7.346765843362777
d max = 0.07672413793103448
d min = 0.07672413793103448
dF max = 0.07672413793103448
dB max = 0.07672413793103448
hk max = 0.03282066558109406
hk min = 0.018173655681341244
hz max = 0.048938148533954534
hz min = 0.01564948967087995
lambdaF max = Inf
lambdaF min = 0.004177590819662044
lambdaB max = Inf
lambdaB min = 0.004177590819662044
----------------------------------
----------------------------------
Iteration = 39
Distance = 0.00044388010778595444
v max = -1.4586560382399103
v min = -7.3472073632219175
d max = 0.07672413793103448
d min = 0.07672413793103448
dF max = 0.07672413793103448
dB max = 0.07672413793103448
hk max = 0.03282067601354206
hk min = 0.018174229341462567
hz max = 0.04893817224406364
hz min = 0.015650793443882958
lambdaF max = Inf
lambdaF min = 0.004177590819662044
lambdaB max = Inf
lambdaB min = 0.004177590819662044
----------------------------------
----------------------------------
Iteration = 40
Distance = 0.000373866922590782
v max = -1.4590278302679367
v min = -7.347575167487442
d max = 0.07672413793103448
d min = 0.07672413793103448
dF max = 0.07672413793103448
dB max = 0.07672413793103448
hk max = 0.03282065916946639
hk min = 0.01817360679259571
hz max = 0.04893813396207345
hz min = 0.01564937856009464
lambdaF max = Inf
lambdaF min = 0.004177590819662044
lambdaB max = Inf
lambdaB min = 0.004177590819662044
----------------------------------
----------------------------------
Iteration = 41
Distance = 0.00030859971165675404
v max = -1.4593214391740876
v min = -7.347881572580053
d max = 0.07672413793103448
d min = 0.07672413793103448
dF max = 0.07672413793103448
dB max = 0.07672413793103448
hk max = 0.032820665701303015
hk min = 0.018174188149441772
hz max = 0.048938148807156696
hz min = 0.015650699825653872
lambdaF max = Inf
lambdaF min = 0.004177590819662044
lambdaB max = Inf
lambdaB min = 0.004177590819662044
----------------------------------
----------------------------------
Iteration = 42
Distance = 0.0002617780877314235
v max = -1.4595802753954197
v min = -7.34813683306167
d max = 0.07672413793103448
d min = 0.07672413793103448
dF max = 0.07672413793103448
dB max = 0.07672413793103448
hk max = 0.03282067058340071
hk min = 0.018173620172573478
hz max = 0.04893815990283329
hz min = 0.015649408969135026
lambdaF max = Inf
lambdaF min = 0.004177590819662044
lambdaB max = Inf
lambdaB min = 0.004177590819662044
----------------------------------
----------------------------------
Iteration = 43
Distance = 0.0002149005168490259
v max = -1.4597870128207782
v min = -7.348349491947156
d max = 0.07672413793103448
d min = 0.07672413793103448
dF max = 0.07672413793103448
dB max = 0.07672413793103448
hk max = 0.03282067418783072
hk min = 0.01817415891479346
hz max = 0.04893816809471967
hz min = 0.015650633383271342
lambdaF max = Inf
lambdaF min = 0.004177590819662044
lambdaB max = Inf
lambdaB min = 0.004177590819662044
----------------------------------
----------------------------------
Iteration = 44
Distance = 0.0001860687286012741
v max = -1.4599694801129235
v min = -7.348526667433893
d max = 0.07672413793103448
d min = 0.07672413793103448
dF max = 0.07672413793103448
dB max = 0.07672413793103448
hk max = 0.032820676874918395
hk min = 0.018173685290304574
hz max = 0.04893817420173711
hz min = 0.01564955696397843
lambdaF max = Inf
lambdaF min = 0.004177590819662044
lambdaB max = Inf
lambdaB min = 0.004177590819662044
----------------------------------
----------------------------------
Iteration = 45
Distance = 0.00015084612724369784
v max = -1.460115282061222
v min = -7.348674288826072
d max = 0.07672413793103448
d min = 0.07672413793103448
dF max = 0.07672413793103448
dB max = 0.07672413793103448
hk max = 0.032820678832477274
hk min = 0.018174124017541697
hz max = 0.04893817865073456
hz min = 0.01565055407133553
lambdaF max = Inf
lambdaF min = 0.004177590819662044
lambdaB max = Inf
lambdaB min = 0.004177590819662044
----------------------------------
----------------------------------
Iteration = 46
Distance = 0.00013005780778230225
v max = -1.460241349642969
v min = -7.348797292765829
d max = 0.07672413793103448
d min = 0.07672413793103448
dF max = 0.07672413793103448
dB max = 0.07672413793103448
hk max = 0.032820680709792355
hk min = 0.018173746567655004
hz max = 0.04893818291735974
hz min = 0.01564969623068395
lambdaF max = Inf
lambdaF min = 0.004177590819662044
lambdaB max = Inf
lambdaB min = 0.004177590819662044
----------------------------------
----------------------------------
Iteration = 47
Distance = 0.00010350160842587108
v max = -1.4603421764247766
v min = -7.348899788115381
d max = 0.07672413793103448
d min = 0.07672413793103448
dF max = 0.07672413793103448
dB max = 0.07672413793103448
hk max = 0.03282068105246702
hk min = 0.01817406628571534
hz max = 0.04893818369616581
hz min = 0.015650422862639256
lambdaF max = Inf
lambdaF min = 0.004177590819662044
lambdaB max = Inf
lambdaB min = 0.004177590819662044
----------------------------------
----------------------------------
Iteration = 48
Distance = 8.961717879274467e-5
v max = -1.460427591658573
v min = -7.348985195018281
d max = 0.07672413793103448
d min = 0.07672413793103448
dF max = 0.07672413793103448
dB max = 0.07672413793103448
hk max = 0.032820681594085174
hk min = 0.01817379198913219
hz max = 0.04893818492711616
hz min = 0.015649799461313917
lambdaF max = Inf
lambdaF min = 0.004177590819662044
lambdaB max = Inf
lambdaB min = 0.004177590819662044
----------------------------------
----------------------------------
Iteration = 49
Distance = 7.178744150904137e-5
v max = -1.4604976561341192
v min = -7.349056361673785
d max = 0.07672413793103448
d min = 0.07672413793103448
dF max = 0.07672413793103448
dB max = 0.07672413793103448
hk max = 0.03282068194724428
hk min = 0.01817400784632437
hz max = 0.04893818572975049
hz min = 0.0156502900458416
lambdaF max = Inf
lambdaF min = 0.004177590819662044
lambdaB max = Inf
lambdaB min = 0.004177590819662044
----------------------------------
----------------------------------
Iteration = 50
Distance = 6.274482676738025e-5
v max = -1.4605561821577318
v min = -7.349115661467311
d max = 0.07672413793103448
d min = 0.07672413793103448
dF max = 0.07672413793103448
dB max = 0.07672413793103448
hk max = 0.032820682209526254
hk min = 0.018173836374643197
hz max = 0.048938186325845894
hz min = 0.0156499003374753
lambdaF max = Inf
lambdaF min = 0.004177590819662044
lambdaB max = Inf
lambdaB min = 0.004177590819662044
----------------------------------
----------------------------------
Iteration = 51
Distance = 5.001559076367457e-5
v max = -1.4606061819089875
v min = -7.349165073025772
d max = 0.07672413793103448
d min = 0.07672413793103448
dF max = 0.07672413793103448
dB max = 0.07672413793103448
hk max = 0.03282068243035138
hk min = 0.018173966042590584
hz max = 0.048938186827721185
hz min = 0.015650195037355718
lambdaF max = Inf
lambdaF min = 0.004177590819662044
lambdaB max = Inf
lambdaB min = 0.004177590819662044
----------------------------------
----------------------------------
Iteration = 52
Distance = 4.454275351029047e-5
v max = -1.4606467235651575
v min = -7.349206245966348
d max = 0.07672413793103448
d min = 0.07672413793103448
dF max = 0.07672413793103448
dB max = 0.07672413793103448
hk max = 0.03282068261904256
hk min = 0.018173878917886892
hz max = 0.04893818725656475
hz min = 0.015649997026665516
lambdaF max = Inf
lambdaF min = 0.004177590819662044
lambdaB max = Inf
lambdaB min = 0.004177590819662044
----------------------------------
----------------------------------
Iteration = 53
Distance = 3.57910144241913e-5
v max = -1.4606825145795816
v min = -7.349240555128713
d max = 0.07672413793103448
d min = 0.07672413793103448
dF max = 0.07672413793103448
dB max = 0.07672413793103448
hk max = 0.03282068276622231
hk min = 0.0181739358015294
hz max = 0.048938187591064206
hz min = 0.015650126307671215
lambdaF max = Inf
lambdaF min = 0.004177590819662044
lambdaB max = Inf
lambdaB min = 0.004177590819662044
----------------------------------
----------------------------------
Iteration = 54
Distance = 3.114890999267317e-5
v max = -1.4607100483705104
v min = -7.3492691457480435
d max = 0.07672413793103448
d min = 0.07672413793103448
dF max = 0.07672413793103448
dB max = 0.07672413793103448
hk max = 0.03282068286399474
hk min = 0.0181739094341289
hz max = 0.04893818781327426
hz min = 0.01565006638176099
lambdaF max = Inf
lambdaF min = 0.004177590819662044
lambdaB max = Inf
lambdaB min = 0.004177590819662044
----------------------------------
----------------------------------
Iteration = 55
Distance = 2.5179304829592297e-5
v max = -1.4607352119830845
v min = -7.349292971440917
d max = 0.07672413793103448
d min = 0.07672413793103448
dF max = 0.07672413793103448
dB max = 0.07672413793103448
hk max = 0.03282068291618387
hk min = 0.01817391100174645
hz max = 0.04893818793188592
hz min = 0.01565006994452815
lambdaF max = Inf
lambdaF min = 0.004177590819662044
lambdaB max = Inf
lambdaB min = 0.004177590819662044
----------------------------------
----------------------------------
Iteration = 56
Distance = 2.1492898042652087e-5
v max = -1.4607535506055105
v min = -7.349312826264261
d max = 0.07672413793103448
d min = 0.07672413793103448
dF max = 0.07672413793103448
dB max = 0.07672413793103448
hk max = 0.03282068293737561
hk min = 0.018173927340994298
hz max = 0.04893818798004898
hz min = 0.015650107079182345
lambdaF max = Inf
lambdaF min = 0.004177590819662044
lambdaB max = Inf
lambdaB min = 0.004177590819662044
----------------------------------
----------------------------------
Iteration = 57
Distance = 1.7780216432949913e-5
v max = -1.4607712622019018
v min = -7.3493293716639565
d max = 0.07672413793103448
d min = 0.07672413793103448
dF max = 0.07672413793103448
dB max = 0.07672413793103448
hk max = 0.03282068294541951
hk min = 0.01817389389940265
hz max = 0.04893818799833056
hz min = 0.015650031075564962
lambdaF max = Inf
lambdaF min = 0.004177590819662044
lambdaB max = Inf
lambdaB min = 0.004177590819662044
----------------------------------
----------------------------------
Iteration = 58
Distance = 1.5041417685601743e-5
v max = -1.4607836494680073
v min = -7.3493431589240465
d max = 0.07672413793103448
d min = 0.07672413793103448
dF max = 0.07672413793103448
dB max = 0.07672413793103448
hk max = 0.032820682953639116
hk min = 0.018173938192029022
hz max = 0.048938188017011476
hz min = 0.0156501317406249
lambdaF max = Inf
lambdaF min = 0.004177590819662044
lambdaB max = Inf
lambdaB min = 0.004177590819662044
----------------------------------
----------------------------------
Iteration = 59
Distance = 1.28449383547391e-5
v max = -1.4607963407006017
v min = -7.349354647701596
d max = 0.07672413793103448
d min = 0.07672413793103448
dF max = 0.07672413793103448
dB max = 0.07672413793103448
hk max = 0.03282068296713654
hk min = 0.018173886040418395
hz max = 0.04893818804768745
hz min = 0.015650013214237105
lambdaF max = Inf
lambdaF min = 0.004177590819662044
lambdaB max = Inf
lambdaB min = 0.004177590819662044
----------------------------------
----------------------------------
Iteration = 60
Distance = 1.0661248799115342e-5
v max = -1.4608048694479367
v min = -7.349364221272264
d max = 0.07672413793103448
d min = 0.07672413793103448
dF max = 0.07672413793103448
dB max = 0.07672413793103448
hk max = 0.03282068298395862
hk min = 0.01817394410778923
hz max = 0.048938188085919446
hz min = 0.015650145185534464
lambdaF max = Inf
lambdaF min = 0.004177590819662044
lambdaB max = Inf
lambdaB min = 0.004177590819662044
----------------------------------
----------------------------------
Iteration = 61
Distance = 9.307060982788329e-6
v max = -1.4608139232058766
v min = -7.349372199115809
d max = 0.07672413793103448
d min = 0.07672413793103448
dF max = 0.07672413793103448
dB max = 0.07672413793103448
hk max = 0.032820682999129935
hk min = 0.018173884341956714
hz max = 0.0489381881203997
hz min = 0.01565000935409693
lambdaF max = Inf
lambdaF min = 0.004177590819662044
lambdaB max = Inf
lambdaB min = 0.004177590819662044
----------------------------------
    Value Function Converged, Iteration = 61 with gamma=10.0 with rho=1.0 and v=-3.250183542115971
    Reflective boundary condition
=============================================================
Convegence time (minutes): 0.1115236901
Current Time = 22:23:52
grid points for z:  401
grid size for z:  0.025
-0.46247014340763337
-0.6778954103960475
--- 8.583001852035522 seconds for the elasticity computation ---
-0.037633337539705256
-0.19393203115761565
--- 0.06541872024536133 seconds for the elasticity computation ---
-0.23664531021588764
-0.4839633792384318
--- 0.06491637229919434 seconds for the elasticity computation ---
-0.5422298569047743
-0.6835393505091245
--- 0.06468868255615234 seconds for the elasticity computation ---
Current Time = 22:24:04
grid points for z:  401
grid size for z:  0.025
rho = 1
0.05975971349714089
--- 8.591495037078857 seconds for the elasticity computation ---
0.0
--- 0.06898093223571777 seconds for the elasticity computation ---
0.05975971349714089
--- 0.06774592399597168 seconds for the elasticity computation ---
0.0
--- 0.06752562522888184 seconds for the elasticity computation ---
0.0
--- 0.06775879859924316 seconds for the elasticity computation ---
0.05975971349714089
0.005643940113077034
--- 0.06718993186950684 seconds for the elasticity computation ---
0.05975971349714089
0.005643940113077034
--- 0.06590437889099121 seconds for the elasticity computation ---
0.05975971349714089
0.005643940113077034
--- 0.06720304489135742 seconds for the elasticity computation ---
0.05975971349714089
0.005643940113077034
--- 0.06747031211853027 seconds for the elasticity computation ---
parsed_args = parse_commandline() = Dict{String, Any}("dataname" => "lower_triangular_two_ambiguous_parameters", "clowerlim" => 0.0001, "delta" => 0.02, "boundary" => 1, "Delta" => 10.0, "q" => 0.1, "zmax" => 5.0, "logadjustment" => 1, "zscale" => 2.0, "foc" => 1, "distorted" => 0, "rho" => 1.0, "gamma" => 10.0)
=============================================================
./output/lower_triangular_two_ambiguous_parameters/Delta_10.0_distorted_0/logadjustment_1_boundary_1/zmax_5.0_zscale_2.0/delta_0.02/q_0.1_gamma_10.0_rho_1.0/
=============================================================
solve for structured linear system 
structured_relative_entropy = 0.10248585687847868
=============================================================
solve for unstructured linear system 
q_update = 0.5303135444305451
=============================================================
parsed_args = parse_commandline() = Dict{String, Any}("dataname" => "lower_triangular_two_ambiguous_parameters", "clowerlim" => 0.0001, "delta" => 0.02, "boundary" => 1, "Delta" => 10.0, "q" => 0.1, "zmax" => 5.0, "logadjustment" => 1, "zscale" => 2.0, "foc" => 1, "distorted" => 0, "rho" => 1.0, "gamma" => 10.0)
=============================================================
./output/lower_triangular_two_ambiguous_parameters/Delta_10.0_distorted_0/logadjustment_1_boundary_1/zmax_5.0_zscale_2.0/delta_0.02/q_0.1_gamma_10.0_rho_1.0/
=============================================================
solve for structured linear system 
structured_relative_entropy = 0.10248585687847862
=============================================================
solve for unstructured linear system 
q_update = 0.5303135444305451
=============================================================
Program ends Fri Jan 19 22:24:45 CST 2024
Elapsed time: 0 days 00 hr 01 min 20 sec
