D_10.0_distorted_0_boundary_1_delta_0.015_gamma_8.0_q_0.3_rho_1.0_lower_triangular_two_ambiguous_parameters
Program starts Fri Jan 19 22:23:17 CST 2024
parsed_args = parse_commandline() = Dict{String, Any}("dataname" => "lower_triangular_two_ambiguous_parameters", "clowerlim" => 0.0001, "delta" => 0.015, "boundary" => 1, "Delta" => 10.0, "q" => 0.3, "zmax" => 5.0, "logadjustment" => 1, "zscale" => 2.0, "foc" => 1, "distorted" => 0, "rho" => 1.0, "gamma" => 8.0)
=============================================================
logadjustment: true
reflective_boundary: true
0.1002
sigma_k: [0.011287880226154068, 0.0]
sigma_z: [0.026030751045638307, 0.05916079783099616]
Compute value function WITH ROBUSTNESS
computing undistorted version...
zmax = 5.0, zmin = -5.0, zlength = 401
reflective boundary condition
----------------------------------
Iteration = 1
Distance = 1.2283593650273583
v max = -0.8926273274305073
v min = -3.2283593650273583
d max = 0.07607142857142857
d min = 0.07607142857142857
dF max = 0.07607142857142857
dB max = 0.07607142857142857
hk max = 0.011287880226154068
hk min = 0.011287880226154068
hz max = 0.0
hz min = 0.0
lambdaF max = Inf
lambdaF min = 0.0010822033550599308
lambdaB max = Inf
lambdaB min = 0.0010822033550599308
----------------------------------
----------------------------------
Iteration = 2
Distance = 1.6760731101177622
v max = -2.1573104053812524
v min = -4.676808628184538
d max = 0.07607142857142857
d min = 0.07607142857142857
dF max = 0.07607142857142857
dB max = 0.07607142857142857
hk max = 0.017376944798234765
hk min = 0.015991748740911478
hz max = 0.01383878311836522
hz min = 0.010690610260812302
lambdaF max = Inf
lambdaF min = 0.0010822033550599308
lambdaB max = Inf
lambdaB min = 0.0010822033550599308
----------------------------------
----------------------------------
Iteration = 3
Distance = 1.14204216979814
v max = -1.7986078234855325
v min = -5.818850797982678
d max = 0.07607142857142857
d min = 0.07607142857142857
dF max = 0.07607142857142857
dB max = 0.07607142857142857
hk max = 0.024603425382531196
hk min = 0.00893541059194613
hz max = 0.030262602628129843
hz min = -0.005346521895927133
lambdaF max = Inf
lambdaF min = 0.0010066298109311232
lambdaB max = Inf
lambdaB min = 0.0010015458219870266
----------------------------------
----------------------------------
Iteration = 4
Distance = 0.9167923640817373
v max = -1.9864403841024478
v min = -6.735643162064415
d max = 0.07607142857142857
d min = 0.07607142857142857
dF max = 0.07607142857142857
dB max = 0.07607142857142857
hk max = 0.030120806364283225
hk min = 0.0037310586158274747
hz max = 0.04280210485938445
hz min = -0.01717459456892408
lambdaF max = Inf
lambdaF min = 0.001003343716234357
lambdaB max = Inf
lambdaB min = 0.0009983017880120738
----------------------------------
----------------------------------
Iteration = 5
Distance = 0.783951528645197
v max = -2.0616827257605
v min = -7.519594690709612
d max = 0.07607142857142857
d min = 0.07607142857142857
dF max = 0.07607142857142857
dB max = 0.07607142857142857
hk max = 0.03433401103438128
hk min = 0.0124861942191718
hz max = 0.05237757001869822
hz min = 0.0027234408932221166
lambdaF max = Inf
lambdaF min = 0.0010822033550599308
lambdaB max = Inf
lambdaB min = 0.0010822033550599308
----------------------------------
----------------------------------
Iteration = 6
Distance = 0.6864269084284675
v max = -2.2427953700383463
v min = -8.20602159913808
d max = 0.07607142857142857
d min = 0.07607142857142857
dF max = 0.07607142857142857
dB max = 0.07607142857142857
hk max = 0.03788973193971848
hk min = -0.005259451081481653
hz max = 0.06045875389446459
hz min = -0.03760757115371755
lambdaF max = Inf
lambdaF min = 0.0010208783118942427
lambdaB max = Inf
lambdaB min = 0.0010156697490784556
----------------------------------
----------------------------------
Iteration = 7
Distance = 0.6073366241231604
v max = -2.3102024877340077
v min = -8.81335822326124
d max = 0.07607142857142857
d min = 0.07607142857142857
dF max = 0.07607142857142857
dB max = 0.07607142857142857
hk max = 0.04111164515400188
hk min = 0.008167989991453939
hz max = 0.06778128392692685
hz min = -0.007090659624318475
lambdaF max = Inf
lambdaF min = 0.0009956948593307022
lambdaB max = Inf
lambdaB min = 0.0009907163850340485
----------------------------------
----------------------------------
Iteration = 8
Distance = 0.5403648316061531
v max = -2.1230841701580356
v min = -9.353637861965245
d max = 0.07607142857142857
d min = 0.07607142857142857
dF max = 0.07607142857142857
dB max = 0.07607142857142857
hk max = 0.0438083593588416
hk min = -0.007035912919591995
hz max = 0.07391017984701713
hz min = -0.04164498442215015
lambdaF max = Inf
lambdaF min = 0.001047202816424548
lambdaB max = Inf
lambdaB min = 0.001041748635089004
----------------------------------
----------------------------------
Iteration = 9
Distance = 1.07515422966328
v max = -2.7288661053146614
v min = -9.835912355011594
d max = 0.07607142857142857
d min = 0.07607142857142857
dF max = 0.07607142857142857
dB max = 0.07607142857142857
hk max = 0.046788420428140985
hk min = -0.05773833803535845
hz max = 0.08068304591360664
hz min = -0.15687776877616486
lambdaF max = Inf
lambdaF min = 0.0010405911073508003
lambdaB max = Inf
lambdaB min = 0.0010352272356634253
----------------------------------
Delta = 5.0
----------------------------------
Iteration = 10
Distance = 0.9574855001282208
v max = -2.741203761709406
v min = -10.089471376614323
d max = 0.07607142857142857
d min = 0.07607142857142857
dF max = 0.07607142857142857
dB max = 0.07607142857142857
hk max = 0.04828675769215329
hk min = -0.029747833827626892
hz max = 0.08408835787727097
hz min = -0.09326298648586583
lambdaF max = Inf
lambdaF min = 0.0010822033550599308
lambdaB max = Inf
lambdaB min = 0.0010822033550599308
----------------------------------
Delta = 2.5
----------------------------------
Iteration = 11
Distance = 0.2991293555158232
v max = -2.715876693758024
v min = -10.218205638480784
d max = 0.07607142857142857
d min = 0.07607142857142857
dF max = 0.07607142857142857
dB max = 0.07607142857142857
hk max = 0.0480205881714155
hk min = -0.05357547638300274
hz max = 0.08348342714832145
hz min = -0.14741671956626548
lambdaF max = Inf
lambdaF min = 0.0010210075095100344
lambdaB max = Inf
lambdaB min = 0.0010157982875227383
----------------------------------
----------------------------------
Iteration = 12
Distance = 0.450758905352576
v max = -2.672265828430247
v min = -10.342160803753337
d max = 0.07607142857142857
d min = 0.07607142857142857
dF max = 0.07607142857142857
dB max = 0.07607142857142857
hk max = 0.047864558031050025
hk min = -0.058034476917952826
hz max = 0.08312881319294536
hz min = -0.15755081169115207
lambdaF max = Inf
lambdaF min = 0.0010822033550599308
lambdaB max = Inf
lambdaB min = 0.0010822033550599308
----------------------------------
----------------------------------
Iteration = 13
Distance = 0.978572807109618
v max = -2.576378098402071
v min = -10.461775947151773
d max = 0.07607142857142857
d min = 0.07607142857142857
dF max = 0.07607142857142857
dB max = 0.07607142857142857
hk max = 0.061163662607453165
hk min = -0.050921730127983886
hz max = 0.11335405086658888
hz min = -0.14138547807758628
lambdaF max = Inf
lambdaF min = 0.0010822033550599308
lambdaB max = Inf
lambdaB min = 0.0010822033550599308
----------------------------------
Delta = 1.25
----------------------------------
Iteration = 14
Distance = 1.1350891149072746
v max = -2.467187159384151
v min = -10.521329710198621
d max = 0.07607142857142857
d min = 0.07607142857142857
dF max = 0.07607142857142857
dB max = 0.07607142857142857
hk max = 0.08463730531961576
hk min = -0.07411638660104117
hz max = 0.1667032388487766
hz min = -0.19410060642544374
lambdaF max = Inf
lambdaF min = 0.0010822033550599308
lambdaB max = Inf
lambdaB min = 0.0010822033550599308
----------------------------------
Delta = 0.625
----------------------------------
Iteration = 15
Distance = 0.8963220291913645
v max = -2.432123898608213
v min = -10.550567333502794
d max = 0.07607142857142857
d min = 0.07607142857142857
dF max = 0.07607142857142857
dB max = 0.07607142857142857
hk max = 0.08042681238335234
hk min = -0.09374491387018083
hz max = 0.15713393672090517
hz min = -0.23871089567348844
lambdaF max = Inf
lambdaF min = 0.0010822033550599308
lambdaB max = Inf
lambdaB min = 0.0010822033550599308
----------------------------------
----------------------------------
Iteration = 16
Distance = 1.050963255509017
v max = -2.4252397086907083
v min = -10.57965597540955
d max = 0.07607142857142857
d min = 0.07607142857142857
dF max = 0.07607142857142857
dB max = 0.07607142857142857
hk max = 0.11432444467999754
hk min = -0.08630390986040612
hz max = 0.23417401012237157
hz min = -0.22179952292400046
lambdaF max = Inf
lambdaF min = 0.0010720720451838743
lambdaB max = Inf
lambdaB min = 0.001066308216983961
----------------------------------
----------------------------------
Iteration = 17
Distance = 1.6977870011306844
v max = -2.4996470736899985
v min = -10.608569556913984
d max = 0.07607142857142857
d min = 0.07607142857142857
dF max = 0.07607142857142857
dB max = 0.07607142857142857
hk max = 0.12197400722055257
hk min = -0.12546240697642513
hz max = 0.2515593795327239
hz min = -0.3107961072785892
lambdaF max = Inf
lambdaF min = 0.0010417383906095017
lambdaB max = Inf
lambdaB min = 0.0010363407823680015
----------------------------------
Delta = 0.3125
----------------------------------
Iteration = 18
Distance = 1.7329228523937852
v max = -2.7579934748836434
v min = -10.622819392851717
d max = 0.07607142857142857
d min = 0.07607142857142857
dF max = 0.07607142857142857
dB max = 0.07607142857142857
hk max = 0.1800287726656441
hk min = -0.14170629644448687
hz max = 0.3835020282715683
hz min = -0.3477140378878204
lambdaF max = Inf
lambdaF min = 0.0010822033550599308
lambdaB max = Inf
lambdaB min = 0.0010822033550599308
----------------------------------
Delta = 0.15625
----------------------------------
Iteration = 19
Distance = 1.4785909206754537
v max = -2.8852870514037896
v min = -10.629901336614749
d max = 0.07607142857142857
d min = 0.07607142857142857
dF max = 0.07607142857142857
dB max = 0.07607142857142857
hk max = 0.26944653803701957
hk min = -0.1815599800120276
hz max = 0.5867242222974217
hz min = -0.43829059145041294
lambdaF max = Inf
lambdaF min = 0.0010822033550599308
lambdaB max = Inf
lambdaB min = 0.0010822033550599308
----------------------------------
----------------------------------
Iteration = 20
Distance = 1.7948631420699392
v max = -2.913229761541191
v min = -10.636972926680738
d max = 0.07607142857142857
d min = 0.07607142857142857
dF max = 0.07607142857142857
dB max = 0.07607142857142857
hk max = 0.31329236387691434
hk min = -0.18195432363039052
hz max = 0.6863738264790007
hz min = -0.4391868269466923
lambdaF max = Inf
lambdaF min = 0.0010822033550599308
lambdaB max = Inf
lambdaB min = 0.0010822033550599308
----------------------------------
Delta = 0.078125
----------------------------------
Iteration = 21
Distance = 1.1545068101420437
v max = -2.934075982329976
v min = -10.640501402269578
d max = 0.07607142857142857
d min = 0.07607142857142857
dF max = 0.07607142857142857
dB max = 0.07607142857142857
hk max = 0.37762149451213267
hk min = -0.23448877310152033
hz max = 0.832576396104497
hz min = -0.558583303017442
lambdaF max = Inf
lambdaF min = 0.0010822033550599308
lambdaB max = Inf
lambdaB min = 0.0010822033550599308
----------------------------------
----------------------------------
Iteration = 22
Distance = 1.3061068866619365
v max = -2.9742337986957397
v min = -10.644024582692849
d max = 0.07607142857142857
d min = 0.07607142857142857
dF max = 0.07607142857142857
dB max = 0.07607142857142857
hk max = 0.44547209942327853
hk min = -0.23764305800751243
hz max = 0.9867823163571012
hz min = -0.5657521323492422
lambdaF max = Inf
lambdaF min = 0.0010822033550599308
lambdaB max = Inf
lambdaB min = 0.0010822033550599308
----------------------------------
----------------------------------
Iteration = 23
Distance = 1.4095710136687734
v max = -3.0184962893195784
v min = -10.647542927349964
d max = 0.07607142857142857
d min = 0.07607142857142857
dF max = 0.07607142857142857
dB max = 0.07607142857142857
hk max = 0.5232377143622644
hk min = -0.2363035540151501
hz max = 1.1635223503093421
hz min = -0.5627078050938732
lambdaF max = Inf
lambdaF min = 0.0010822033550599308
lambdaB max = Inf
lambdaB min = 0.0010822033550599308
----------------------------------
Delta = 0.0390625
----------------------------------
Iteration = 24
Distance = 0.9252448232427577
v max = -3.03493921123883
v min = -10.649300979296994
d max = 0.07607142857142857
d min = 0.07607142857142857
dF max = 0.07607142857142857
dB max = 0.07607142857142857
hk max = 0.5811825712401433
hk min = -0.3664594627762062
hz max = 1.2952152068499754
hz min = -0.8585166886417281
lambdaF max = Inf
lambdaF min = 0.0010822033550599308
lambdaB max = Inf
lambdaB min = 0.0010822033550599308
----------------------------------
----------------------------------
Iteration = 25
Distance = 1.0312861792662105
v max = -3.0548334214085
v min = -10.651057651521999
d max = 0.07607142857142857
d min = 0.07607142857142857
dF max = 0.07607142857142857
dB max = 0.07607142857142857
hk max = 0.5895663503589237
hk min = -0.3697406772109614
hz max = 1.3142692503017495
hz min = -0.8659739941752626
lambdaF max = Inf
lambdaF min = 0.0010822033550599308
lambdaB max = Inf
lambdaB min = 0.0010822033550599308
----------------------------------
----------------------------------
Iteration = 26
Distance = 1.0720335119291988
v max = -3.070489207280655
v min = -10.652813067463766
d max = 0.07607142857142857
d min = 0.07607142857142857
dF max = 0.07607142857142857
dB max = 0.07607142857142857
hk max = 0.6124467928653421
hk min = -0.36708242066334285
hz max = 1.3662702559981545
hz min = -0.859932502021584
lambdaF max = Inf
lambdaF min = 0.0010822033550599308
lambdaB max = Inf
lambdaB min = 0.0010822033550599308
----------------------------------
Delta = 0.01953125
----------------------------------
Iteration = 27
Distance = 0.6398246496474096
v max = -3.076412872210187
v min = -10.653690541809052
d max = 0.07607142857142857
d min = 0.07607142857142857
dF max = 0.07607142857142857
dB max = 0.07607142857142857
hk max = 0.6664917945829703
hk min = -0.3585901835702197
hz max = 1.4890998053564009
hz min = -0.8406319631735769
lambdaF max = Inf
lambdaF min = 0.0010822033550599308
lambdaB max = Inf
lambdaB min = 0.0010822033550599308
----------------------------------
----------------------------------
Iteration = 28
Distance = 0.5839994759286311
v max = -3.084911471756052
v min = -10.654567678641857
d max = 0.07607142857142857
d min = 0.07607142857142857
dF max = 0.07607142857142857
dB max = 0.07607142857142857
hk max = 0.6246936254909756
hk min = -0.3463372937630701
hz max = 1.3941039665109585
hz min = -0.8127844863391459
lambdaF max = Inf
lambdaF min = 0.0010822033550599308
lambdaB max = Inf
lambdaB min = 0.0010822033550599308
----------------------------------
----------------------------------
Iteration = 29
Distance = 0.5453738263697332
v max = -3.094076987907931
v min = -10.65544450253558
d max = 0.07607142857142857
d min = 0.07607142857142857
dF max = 0.07607142857142857
dB max = 0.07607142857142857
hk max = 0.5739648204011469
hk min = -0.3572182863532468
hz max = 1.2788112276704384
hz min = -0.837514014953184
lambdaF max = Inf
lambdaF min = 0.0010822033550599308
lambdaB max = Inf
lambdaB min = 0.0010822033550599308
----------------------------------
----------------------------------
Iteration = 30
Distance = 0.5333860663927235
v max = -3.104039954466877
v min = -10.656321021225589
d max = 0.07607142857142857
d min = 0.07607142857142857
dF max = 0.07607142857142857
dB max = 0.07607142857142857
hk max = 0.5389313773343622
hk min = -0.37742920562338056
hz max = 1.1991897661550188
hz min = -0.8834479223853061
lambdaF max = Inf
lambdaF min = 0.0010822033550599308
lambdaB max = Inf
lambdaB min = 0.0010822033550599308
----------------------------------
----------------------------------
Iteration = 31
Distance = 0.5141487302642123
v max = -3.115080496380733
v min = -10.657197242039022
d max = 0.07607142857142857
d min = 0.07607142857142857
dF max = 0.07607142857142857
dB max = 0.07607142857142857
hk max = 0.5274773258616272
hk min = -0.4000912910741958
hz max = 1.1731578309897117
hz min = -0.9349526620462497
lambdaF max = Inf
lambdaF min = 0.0010822033550599308
lambdaB max = Inf
lambdaB min = 0.0010822033550599308
----------------------------------
----------------------------------
Iteration = 32
Distance = 0.48973161663316667
v max = -3.1273447743291625
v min = -10.658073172378298
d max = 0.07607142857142857
d min = 0.07607142857142857
dF max = 0.07607142857142857
dB max = 0.07607142857142857
hk max = 0.5095762383612387
hk min = -0.4243061800217656
hz max = 1.1324735412161016
hz min = -0.9899865005634539
lambdaF max = Inf
lambdaF min = 0.0010822033550599308
lambdaB max = Inf
lambdaB min = 0.0010822033550599308
----------------------------------
----------------------------------
Iteration = 33
Distance = 0.4622853238198248
v max = -3.140750539516742
v min = -10.658948819666978
d max = 0.07607142857142857
d min = 0.07607142857142857
dF max = 0.07607142857142857
dB max = 0.07607142857142857
hk max = 0.48710898604807584
hk min = -0.45023281030007173
hz max = 1.0814116041407316
hz min = -1.048910660286877
lambdaF max = Inf
lambdaF min = 0.0010822033550599308
lambdaB max = Inf
lambdaB min = 0.0010822033550599308
----------------------------------
----------------------------------
Iteration = 34
Distance = 0.4337761246737033
v max = -3.1538393580463167
v min = -10.659824191301649
d max = 0.07607142857142857
d min = 0.07607142857142857
dF max = 0.07607142857142857
dB max = 0.07607142857142857
hk max = 0.46201719260073376
hk min = -0.4780932792961631
hz max = 1.0243848008513177
hz min = -1.1122299080052664
lambdaF max = Inf
lambdaF min = 0.0010822033550599308
lambdaB max = Inf
lambdaB min = 0.0010822033550599308
----------------------------------
----------------------------------
Iteration = 35
Distance = 0.4179655660990296
v max = -3.166301503301216
v min = -10.660699294612574
d max = 0.07607142857142857
d min = 0.07607142857142857
dF max = 0.07607142857142857
dB max = 0.07607142857142857
hk max = 0.4360576161252104
hk min = -0.5082088571096088
hz max = 0.9653857634069464
hz min = -1.180674403035825
lambdaF max = Inf
lambdaF min = 0.0010822033550599308
lambdaB max = Inf
lambdaB min = 0.0010822033550599308
----------------------------------
----------------------------------
Iteration = 36
Distance = 0.40911392825718185
v max = -3.1781683766840647
v min = -10.661574136831836
d max = 0.07607142857142857
d min = 0.07607142857142857
dF max = 0.07607142857142857
dB max = 0.07607142857142857
hk max = 0.4175650075236304
hk min = -0.5410296081994028
hz max = 0.9233571074942645
hz min = -1.255267019148993
lambdaF max = Inf
lambdaF min = 0.0010822033550599308
lambdaB max = Inf
lambdaB min = 0.0010822033550599308
----------------------------------
----------------------------------
Iteration = 37
Distance = 0.3979456119601048
v max = -3.187172751203763
v min = -10.662448725067737
d max = 0.07607142857142857
d min = 0.07607142857142857
dF max = 0.07607142857142857
dB max = 0.07607142857142857
hk max = 0.40904544820990796
hk min = -0.5772949491817374
hz max = 0.9039944726903499
hz min = -1.3376882486542991
lambdaF max = Inf
lambdaF min = 0.0010822033550599308
lambdaB max = Inf
lambdaB min = 0.0010822033550599308
----------------------------------
----------------------------------
Iteration = 38
Distance = 0.3851619103983408
v max = -3.1873650737022925
v min = -10.663323066284427
d max = 0.07607142857142857
d min = 0.07607142857142857
dF max = 0.07607142857142857
dB max = 0.07607142857142857
hk max = 0.39838928664234174
hk min = -0.6178091394314198
hz max = 0.8797759236731539
hz min = -1.4297659537672138
lambdaF max = Inf
lambdaF min = 0.0010822033550599308
lambdaB max = Inf
lambdaB min = 0.0010822033550599308
----------------------------------
----------------------------------
Iteration = 39
Distance = 0.3714173398038234
v max = -3.1875587894092825
v min = -10.66419716728597
d max = 0.07607142857142857
d min = 0.07607142857142857
dF max = 0.07607142857142857
dB max = 0.07607142857142857
hk max = 0.3862496034349012
hk min = -0.6665250117150117
hz max = 0.8521857345653346
hz min = -1.5404838453208312
lambdaF max = Inf
lambdaF min = 0.0010822033550599308
lambdaB max = Inf
lambdaB min = 0.0010822033550599308
----------------------------------
----------------------------------
Iteration = 40
Distance = 0.3572776666679536
v max = -3.187754108117764
v min = -10.66507103470407
d max = 0.07607142857142857
d min = 0.07607142857142857
dF max = 0.07607142857142857
dB max = 0.07607142857142857
hk max = 0.37323015059137965
hk min = -0.726092843324897
hz max = 0.8225960690118764
hz min = -1.6758652807978438
lambdaF max = Inf
lambdaF min = 0.0010822033550599308
lambdaB max = Inf
lambdaB min = 0.0010822033550599308
----------------------------------
----------------------------------
Iteration = 41
Distance = 0.35118239946829943
v max = -3.187951212297127
v min = -10.665944674988914
d max = 0.07607142857142857
d min = 0.07607142857142857
dF max = 0.07607142857142857
dB max = 0.07607142857142857
hk max = 0.3598473469886454
hk min = -0.8018956452703367
hz max = 0.7921806062783895
hz min = -1.8481443761283882
lambdaF max = Inf
lambdaF min = 0.0010822033550599308
lambdaB max = Inf
lambdaB min = 0.0010822033550599308
----------------------------------
----------------------------------
Iteration = 42
Distance = 0.3475936891831224
v max = -3.188150259517374
v min = -10.666818094402565
d max = 0.07607142857142857
d min = 0.07607142857142857
dF max = 0.07607142857142857
dB max = 0.07607142857142857
hk max = 0.34679086646759677
hk min = -0.902570911633624
hz max = 0.76250678691237
hz min = -2.0769517996813143
lambdaF max = Inf
lambdaF min = 0.0010822033550599308
lambdaB max = Inf
lambdaB min = 0.0010822033550599308
----------------------------------
----------------------------------
Iteration = 43
Distance = 0.3433820500944753
v max = -3.188351384666986
v min = -10.667691299014539
d max = 0.07607142857142857
d min = 0.07607142857142857
dF max = 0.07607142857142857
dB max = 0.07607142857142857
hk max = 0.34187752101780305
hk min = -1.04133568853022
hz max = 0.7513400927082933
hz min = -2.3923262926281232
lambdaF max = Inf
lambdaF min = 0.0010822033550599308
lambdaB max = Inf
lambdaB min = 0.0010822033550599308
----------------------------------
----------------------------------
Iteration = 44
Distance = 0.4428857475026948
v max = -3.1885547019840437
v min = -10.668564294699147
d max = 0.07607142857142857
d min = 0.07607142857142857
dF max = 0.07607142857142857
dB max = 0.07607142857142857
hk max = 0.33578469650206794
hk min = -1.2413839089565286
hz max = 0.7374927642634408
hz min = -2.8469813390515517
lambdaF max = Inf
lambdaF min = 0.0010822033550599308
lambdaB max = Inf
lambdaB min = 0.0010822033550599308
----------------------------------
Delta = 0.009765625
----------------------------------
Iteration = 45
Distance = 0.38789341451503034
v max = -3.188656771331706
v min = -10.669000719435228
d max = 0.07607142857142857
d min = 0.07607142857142857
dF max = 0.07607142857142857
dB max = 0.07607142857142857
hk max = 0.4668266806284323
hk min = -1.552480572981792
hz max = 1.0353154554597235
hz min = -3.5540192118362417
lambdaF max = Inf
lambdaF min = 0.0010822033550599308
lambdaB max = Inf
lambdaB min = 0.0010822033550599308
----------------------------------
Delta = 0.0048828125
----------------------------------
Iteration = 46
Distance = 0.29498059016922973
v max = -3.1887079392037854
v min = -10.669218916235915
d max = 0.07607142857142857
d min = 0.07607142857142857
dF max = 0.07607142857142857
dB max = 0.07607142857142857
hk max = 0.6262906105424331
hk min = -1.8490622070058285
hz max = 1.3977334779915433
hz min = -4.228068380072688
lambdaF max = Inf
lambdaF min = 0.0010822033550599308
lambdaB max = Inf
lambdaB min = 0.0010822033550599308
----------------------------------
----------------------------------
Iteration = 47
Distance = 0.38151707069219754
v max = -3.1887592662454742
v min = -10.669437099869953
d max = 0.07607142857142857
d min = 0.07607142857142857
dF max = 0.07607142857142857
dB max = 0.07607142857142857
hk max = 0.7606426312908665
hk min = -2.0865625830935985
hz max = 1.7030789796925287
hz min = -4.767841962090348
lambdaF max = Inf
lambdaF min = 0.0010822033550599308
lambdaB max = Inf
lambdaB min = 0.0010822033550599308
----------------------------------
----------------------------------
Iteration = 48
Distance = 0.5135126805012735
v max = -3.1888107483905626
v min = -11.071936638218618
d max = 0.07607142857142857
d min = 0.07607142857142857
dF max = 0.07607142857142857
dB max = 0.07607142857142857
hk max = 0.9353428981981133
hk min = -2.4015091065372878
hz max = 2.1001250408453624
hz min = -5.48362951537146
lambdaF max = Inf
lambdaF min = 0.0010822033550599308
lambdaB max = Inf
lambdaB min = 0.0010822033550599308
----------------------------------
Delta = 0.00244140625
----------------------------------
Iteration = 49
Distance = 0.3736291290592497
v max = -3.1888365218751664
v min = -11.445565767277868
d max = 0.07607142857142857
d min = 0.07607142857142857
dF max = 0.07607142857142857
dB max = 0.07607142857142857
hk max = 1.1762501977730189
hk min = -2.836852439418522
hz max = 2.6476416307883297
hz min = -6.473046181010628
lambdaF max = Inf
lambdaF min = 0.0010822033550599308
lambdaB max = Inf
lambdaB min = 0.0010822033550599308
----------------------------------
----------------------------------
Iteration = 50
Distance = 0.46960847913515735
v max = -3.1888623359616264
v min = -11.915174246413025
d max = 0.07607142857142857
d min = 0.07607142857142857
dF max = 0.07607142857142857
dB max = 0.07607142857142857
hk max = 1.3670174307855474
hk min = -3.1652517159872944
hz max = 3.0812035239986217
hz min = -7.219408173212384
lambdaF max = Inf
lambdaF min = 0.0010822033550599308
lambdaB max = Inf
lambdaB min = 0.0010822033550599308
----------------------------------
----------------------------------
Iteration = 51
Distance = 0.6084304122037949
v max = -3.188888189744351
v min = -12.52360465861682
d max = 0.07607142857142857
d min = 0.07607142857142857
dF max = 0.07607142857142857
dB max = 0.07607142857142857
hk max = 1.610338007662977
hk min = -3.5853687007206947
hz max = 3.634204835083689
hz min = -8.17421950215193
lambdaF max = Inf
lambdaF min = 0.0010822033550599308
lambdaB max = Inf
lambdaB min = 0.0010822033550599308
----------------------------------
Delta = 0.001220703125
----------------------------------
Iteration = 52
Distance = 0.4153918777922012
v max = -3.188901125114075
v min = -12.938996536409022
d max = 0.07607142857142857
d min = 0.07607142857142857
dF max = 0.07607142857142857
dB max = 0.07607142857142857
hk max = 1.9317166051343313
hk min = -4.139659875081927
hz max = 4.364610738427676
hz min = -9.433972171154732
lambdaF max = Inf
lambdaF min = 0.0010822033550599308
lambdaB max = Inf
lambdaB min = 0.0010822033550599308
----------------------------------
----------------------------------
Iteration = 53
Distance = 0.4994880486422222
v max = -3.1889140707194854
v min = -13.438484585051244
d max = 0.07607142857142857
d min = 0.07607142857142857
dF max = 0.07607142857142857
dB max = 0.07607142857142857
hk max = 2.1615669113432494
hk min = -4.526759538256121
hz max = 4.886997797993399
hz min = -10.313744132914264
lambdaF max = Inf
lambdaF min = 0.0010822033550599308
lambdaB max = Inf
lambdaB min = 0.0010822033550599308
----------------------------------
----------------------------------
Iteration = 54
Distance = 0.6121486280993231
v max = -3.1889270263571112
v min = -14.050633213150567
d max = 0.07607142857142857
d min = 0.07607142857142857
dF max = 0.07607142857142857
dB max = 0.07607142857142857
hk max = 2.4408043280219354
hk min = -4.99722498553463
hz max = 5.5216282904449585
hz min = -11.382983785819967
lambdaF max = Inf
lambdaF min = 0.0010822033550599308
lambdaB max = Inf
lambdaB min = 0.0010822033550599308
----------------------------------
Delta = 0.0006103515625
----------------------------------
Iteration = 55
Distance = 0.38667648698351265
v max = -3.1889335063406996
v min = -14.43730970013408
d max = 0.07607142857142857
d min = 0.07607142857142857
dF max = 0.07607142857142857
dB max = 0.07607142857142857
hk max = 2.7869873481612726
hk min = -5.580015191268555
hz max = 6.308407881670726
hz min = -12.707506980669796
lambdaF max = Inf
lambdaF min = 0.0010822033550599308
lambdaB max = Inf
lambdaB min = 0.0010822033550599308
----------------------------------
----------------------------------
Iteration = 56
Distance = 0.4414449320605982
v max = -3.1889399888934267
v min = -14.878754632194678
d max = 0.07607142857142857
d min = 0.07607142857142857
dF max = 0.07607142857142857
dB max = 0.07607142857142857
hk max = 3.01104041359683
hk min = -5.952876650929676
hz max = 6.817619394024264
hz min = -13.554919388990525
lambdaF max = Inf
lambdaF min = 0.0010822033550599308
lambdaB max = Inf
lambdaB min = 0.0010822033550599308
----------------------------------
----------------------------------
Iteration = 57
Distance = 0.5088144594273611
v max = -3.1889464739673
v min = -15.387569091622039
d max = 0.07607142857142857
d min = 0.07607142857142857
dF max = 0.07607142857142857
dB max = 0.07607142857142857
hk max = 3.268358820283926
hk min = -6.381029143221703
hz max = 7.402433954676757
hz min = -14.527993235108768
lambdaF max = Inf
lambdaF min = 0.0010822033550599308
lambdaB max = Inf
lambdaB min = 0.0010822033550599308
----------------------------------
Delta = 0.00030517578125
----------------------------------
Iteration = 58
Distance = 0.29759292368129664
v max = -3.1889497170509724
v min = -15.685162015303336
d max = 0.07607142857142857
d min = 0.07607142857142857
dF max = 0.07607142857142857
dB max = 0.07607142857142857
hk max = 3.566819401479251
hk min = -6.87737954086412
hz max = 8.080753457393403
hz min = -15.656062320659718
lambdaF max = Inf
lambdaF min = 0.0010822033550599308
lambdaB max = Inf
lambdaB min = 0.0010822033550599308
----------------------------------
----------------------------------
Iteration = 59
Distance = 0.32396120161605957
v max = -3.188952960778179
v min = -16.009123216919395
d max = 0.07607142857142857
d min = 0.07607142857142857
dF max = 0.07607142857142857
dB max = 0.07607142857142857
hk max = 3.7435652097451793
hk min = -7.169653546311662
hz max = 8.482448476179604
hz min = -16.320321423949586
lambdaF max = Inf
lambdaF min = 0.0010822033550599308
lambdaB max = Inf
lambdaB min = 0.0010822033550599308
----------------------------------
----------------------------------
Iteration = 60
Distance = 0.35403163973161256
v max = -3.188956205137282
v min = -16.363154856651008
d max = 0.07607142857142857
d min = 0.07607142857142857
dF max = 0.07607142857142857
dB max = 0.07607142857142857
hk max = 3.936590494800717
hk min = -7.488780747774487
hz max = 8.921142305851282
hz min = -17.045610518183278
lambdaF max = Inf
lambdaF min = 0.0010822033550599308
lambdaB max = Inf
lambdaB min = 0.0010822033550599308
----------------------------------
Delta = 0.000152587890625
----------------------------------
Iteration = 61
Distance = 0.19464109028528398
v max = -3.1889578274542036
v min = -16.55779594693629
d max = 0.07607142857142857
d min = 0.07607142857142857
dF max = 0.07607142857142857
dB max = 0.07607142857142857
hk max = 4.14822883679075
hk min = -7.838570967662015
hz max = 9.40213853764681
hz min = -17.840588290654935
lambdaF max = Inf
lambdaF min = 0.0010822033550599308
lambdaB max = Inf
lambdaB min = 0.0010822033550599308
----------------------------------
----------------------------------
Iteration = 62
Distance = 0.20451943796490824
v max = -3.188959449932163
v min = -16.7623153849012
d max = 0.07607142857142857
d min = 0.07607142857142857
dF max = 0.07607142857142857
dB max = 0.07607142857142857
hk max = 4.265318390821911
hk min = -8.031551010332858
hz max = 9.668251160444905
hz min = -18.279179296725033
lambdaF max = Inf
lambdaF min = 0.0010822033550599308
lambdaB max = Inf
lambdaB min = 0.0010822033550599308
----------------------------------
----------------------------------
Iteration = 63
Distance = 0.21517918827399285
v max = -3.1889610725682966
v min = -16.977494573175193
d max = 0.07607142857142857
d min = 0.07607142857142857
dF max = 0.07607142857142857
dB max = 0.07607142857142857
hk max = 4.388555678435296
hk min = -8.234633387116943
hz max = 9.948335905020777
hz min = -18.7407301530525
lambdaF max = Inf
lambdaF min = 0.0010822033550599308
lambdaB max = Inf
lambdaB min = 0.0010822033550599308
----------------------------------
Delta = 7.62939453125e-5
----------------------------------
Iteration = 64
Distance = 0.11346348655772687
v max = -3.1889618839207916
v min = -17.09095805973292
d max = 0.07607142857142857
d min = 0.07607142857142857
dF max = 0.07607142857142857
dB max = 0.07607142857142857
hk max = 4.518435276103011
hk min = -8.448624007720069
hz max = 10.24351680881104
hz min = -19.227072472605055
lambdaF max = Inf
lambdaF min = 0.0010822033550599308
lambdaB max = Inf
lambdaB min = 0.0010822033550599308
----------------------------------
----------------------------------
Iteration = 65
Distance = 0.11657140369442232
v max = -3.188962695313565
v min = -17.207529463427342
d max = 0.07607142857142857
d min = 0.07607142857142857
dF max = 0.07607142857142857
dB max = 0.07607142857142857
hk max = 4.587137525878616
hk min = -8.561660322158938
hz max = 10.399658285573777
hz min = -19.48397318723885
lambdaF max = Inf
lambdaF min = 0.0010822033550599308
lambdaB max = Inf
lambdaB min = 0.0010822033550599308
----------------------------------
----------------------------------
Iteration = 66
Distance = 0.11981070771394542
v max = -3.188963506745907
v min = -17.327340171141287
d max = 0.07607142857142857
d min = 0.07607142857142857
dF max = 0.07607142857142857
dB max = 0.07607142857142857
hk max = 4.65778161321342
hk min = -8.677881538437198
hz max = 10.560213029516516
hz min = -19.748112315143985
lambdaF max = Inf
lambdaF min = 0.0010822033550599308
lambdaB max = Inf
lambdaB min = 0.0010822033550599308
----------------------------------
Delta = 3.814697265625e-5
----------------------------------
Iteration = 67
Distance = 0.06162474814277985
v max = -3.1889639124706957
v min = -17.388964919284067
d max = 0.07607142857142857
d min = 0.07607142857142857
dF max = 0.07607142857142857
dB max = 0.07607142857142857
hk max = 4.730450867575143
hk min = -8.797423309692318
hz max = 10.725370425793157
hz min = -20.019798158905626
lambdaF max = Inf
lambdaF min = 0.0010822033550599308
lambdaB max = Inf
lambdaB min = 0.0010822033550599308
----------------------------------
----------------------------------
Iteration = 68
Distance = 0.06250391772087127
v max = -3.1889643182055565
v min = -17.45146883700494
d max = 0.07607142857142857
d min = 0.07607142857142857
dF max = 0.07607142857142857
dB max = 0.07607142857142857
hk max = 4.767887741019087
hk min = -8.858964494780716
hz max = 10.810454229074848
hz min = -20.15966448865198
lambdaF max = Inf
lambdaF min = 0.0010822033550599308
lambdaB max = Inf
lambdaB min = 0.0010822033550599308
----------------------------------
----------------------------------
Iteration = 69
Distance = 0.06340234044730764
v max = -3.1889647239503125
v min = -17.514871177452246
d max = 0.07607142857142857
d min = 0.07607142857142857
dF max = 0.07607142857142857
dB max = 0.07607142857142857
hk max = 4.80587499879917
hk min = -8.921407536933843
hz max = 10.896788905847764
hz min = -20.30158049354545
lambdaF max = Inf
lambdaF min = 0.0010822033550599308
lambdaB max = Inf
lambdaB min = 0.0010822033550599308
----------------------------------
Delta = 1.9073486328125e-5
----------------------------------
Iteration = 70
Distance = 0.03216821390700275
v max = -3.188964926824846
v min = -17.54703939135925
d max = 0.07607142857142857
d min = 0.07607142857142857
dF max = 0.07607142857142857
dB max = 0.07607142857142857
hk max = 4.844424864259934
hk min = -8.98477232497053
hz max = 10.98440223644041
hz min = -20.445591375447016
lambdaF max = Inf
lambdaF min = 0.0010822033550599308
lambdaB max = Inf
lambdaB min = 0.0010822033550599308
----------------------------------
----------------------------------
Iteration = 71
Distance = 0.032402583642486604
v max = -3.1889651297018977
v min = -17.579441975001735
d max = 0.07607142857142857
d min = 0.07607142857142857
dF max = 0.07607142857142857
dB max = 0.07607142857142857
hk max = 4.8639993241750785
hk min = -9.016935856683071
hz max = 11.028889645338467
hz min = -20.518690311157336
lambdaF max = Inf
lambdaF min = 0.0010822033550599308
lambdaB max = Inf
lambdaB min = 0.0010822033550599308
----------------------------------
----------------------------------
Iteration = 72
Distance = 0.03263956701242776
v max = -3.1889653325814233
v min = -17.612081542014163
d max = 0.07607142857142857
d min = 0.07607142857142857
dF max = 0.07607142857142857
dB max = 0.07607142857142857
hk max = 4.883720649065501
hk min = -9.04933992667696
hz max = 11.073710838271245
hz min = -20.59233592477981
lambdaF max = Inf
lambdaF min = 0.0010822033550599308
lambdaB max = Inf
lambdaB min = 0.0010822033550599308
----------------------------------
Delta = 9.5367431640625e-6
----------------------------------
Iteration = 73
Distance = 0.01644162813359884
v max = -3.1889654340217257
v min = -17.628523170147762
d max = 0.07607142857142857
d min = 0.07607142857142857
dF max = 0.07607142857142857
dB max = 0.07607142857142857
hk max = 4.903590499103028
hk min = -9.081987235585808
hz max = 11.118869588356532
hz min = -20.666534354118102
lambdaF max = Inf
lambdaF min = 0.0010822033550599308
lambdaB max = Inf
lambdaB min = 0.0010822033550599308
----------------------------------
----------------------------------
Iteration = 74
Distance = 0.01650217171881252
v max = -3.188965535462658
v min = -17.645025341866575
d max = 0.07607142857142857
d min = 0.07607142857142857
dF max = 0.07607142857142857
dB max = 0.07607142857142857
hk max = 4.913603581858247
hk min = -9.098436446103655
hz max = 11.141626594618394
hz min = -20.70391892347684
lambdaF max = Inf
lambdaF min = 0.0010822033550599308
lambdaB max = Inf
lambdaB min = 0.0010822033550599308
----------------------------------
----------------------------------
Iteration = 75
Distance = 0.016563056042901536
v max = -3.188965636904207
v min = -17.661588397909476
d max = 0.07607142857142857
d min = 0.07607142857142857
dF max = 0.07607142857142857
dB max = 0.07607142857142857
hk max = 4.923654621978685
hk min = -9.114947809207985
hz max = 11.16446986761939
hz min = -20.741444748713956
lambdaF max = Inf
lambdaF min = 0.0010822033550599308
lambdaB max = Inf
lambdaB min = 0.0010822033550599308
----------------------------------
Delta = 4.76837158203125e-6
----------------------------------
Iteration = 76
Distance = 0.008312654396533503
v max = -3.188965687625117
v min = -17.66990105230601
d max = 0.07607142857142857
d min = 0.07607142857142857
dF max = 0.07607142857142857
dB max = 0.07607142857142857
hk max = 4.933743835954869
hk min = -9.131521677025255
hz max = 11.187399899383443
hz min = -20.779112630116842
lambdaF max = Inf
lambdaF min = 0.0010822033550599308
lambdaB max = Inf
lambdaB min = 0.0010822033550599308
----------------------------------
----------------------------------
Iteration = 77
Distance = 0.008328042829820248
v max = -3.1889657383461842
v min = -17.67822909513583
d max = 0.07607142857142857
d min = 0.07607142857142857
dF max = 0.07607142857142857
dB max = 0.07607142857142857
hk max = 4.938808411069279
hk min = -9.13984068982463
hz max = 11.19891029737074
hz min = -20.798019477388152
lambdaF max = Inf
lambdaF min = 0.0010822033550599308
lambdaB max = Inf
lambdaB min = 0.0010822033550599308
----------------------------------
----------------------------------
Iteration = 78
Distance = 0.008343474769809234
v max = -3.1889657890674066
v min = -17.68657256990564
d max = 0.07607142857142857
d min = 0.07607142857142857
dF max = 0.07607142857142857
dB max = 0.07607142857142857
hk max = 4.94388263619516
hk min = -9.148175501986856
hz max = 11.210442627202289
hz min = -20.8169622323023
lambdaF max = Inf
lambdaF min = 0.0010822033550599308
lambdaB max = Inf
lambdaB min = 0.0010822033550599308
----------------------------------
Delta = 2.384185791015625e-6
----------------------------------
Iteration = 79
Distance = 0.004179604080125188
v max = -3.1889658144280513
v min = -17.690752173985764
d max = 0.07607142857142857
d min = 0.07607142857142857
dF max = 0.07607142857142857
dB max = 0.07607142857142857
hk max = 4.948966538978131
hk min = -9.156526158475453
hz max = 11.22199695170904
hz min = -20.83594099704911
lambdaF max = Inf
lambdaF min = 0.0010822033550599308
lambdaB max = Inf
lambdaB min = 0.0010822033550599308
----------------------------------
----------------------------------
Iteration = 80
Distance = 0.004183483315248537
v max = -3.1889658397887355
v min = -17.694935657301013
d max = 0.07607142857142857
d min = 0.07607142857142857
dF max = 0.07607142857142857
dB max = 0.07607142857142857
hk max = 4.951513537245462
hk min = -9.160709594702363
hz max = 11.227785584134791
hz min = -20.845448806655725
lambdaF max = Inf
lambdaF min = 0.0010822033550599308
lambdaB max = Inf
lambdaB min = 0.0010822033550599308
----------------------------------
----------------------------------
Iteration = 81
Distance = 0.004187368047073647
v max = -3.1889658651494583
v min = -17.699123025348086
d max = 0.07607142857142857
d min = 0.07607142857142857
dF max = 0.07607142857142857
dB max = 0.07607142857142857
hk max = 4.954062968457562
hk min = -9.164897014002516
hz max = 11.233579745980473
hz min = -20.85496566870153
lambdaF max = Inf
lambdaF min = 0.0010822033550599308
lambdaB max = Inf
lambdaB min = 0.0010822033550599308
----------------------------------
Delta = 1.1920928955078125e-6
----------------------------------
Iteration = 82
Distance = 0.0020956614597800183
v max = -3.188965877829828
v min = -17.701218686807866
d max = 0.07607142857142857
d min = 0.07607142857142857
dF max = 0.07607142857142857
dB max = 0.07607142857142857
hk max = 4.956614836107404
hk min = -9.169088422056827
hz max = 11.239379445184658
hz min = -20.86449159609769
lambdaF max = Inf
lambdaF min = 0.0010822033550599308
lambdaB max = Inf
lambdaB min = 0.0010822033550599308
----------------------------------
----------------------------------
Iteration = 83
Distance = 0.0020966353200222443
v max = -3.1889658905102074
v min = -17.70331532212789
d max = 0.07607142857142857
d min = 0.07607142857142857
dF max = 0.07607142857142857
dB max = 0.07607142857142857
hk max = 4.957892038587326
hk min = -9.171186164241774
hz max = 11.242282178093575
hz min = -20.869259191972567
lambdaF max = Inf
lambdaF min = 0.0010822033550599308
lambdaB max = Inf
lambdaB min = 0.0010822033550599308
----------------------------------
----------------------------------
Iteration = 84
Distance = 0.002097609871039907
v max = -3.188965903190596
v min = -17.70541293199893
d max = 0.07607142857142857
d min = 0.07607142857142857
dF max = 0.07607142857142857
dB max = 0.07607142857142857
hk max = 4.959169851881465
hk min = -9.173284906386035
hz max = 11.245186299216618
hz min = -20.874029060482254
lambdaF max = Inf
lambdaF min = 0.0010822033550599308
lambdaB max = Inf
lambdaB min = 0.0010822033550599308
----------------------------------
Delta = 5.960464477539062e-7
----------------------------------
Iteration = 85
Distance = 0.0010493006477787503
v max = -3.188965909530793
v min = -17.706462232646707
d max = 0.07607142857142857
d min = 0.07607142857142857
dF max = 0.07607142857142857
dB max = 0.07607142857142857
hk max = 4.960448276428791
hk min = -9.17538464920354
hz max = 11.24809180955145
hz min = -20.87880120324931
lambdaF max = Inf
lambdaF min = 0.0010822033550599308
lambdaB max = Inf
lambdaB min = 0.0010822033550599308
----------------------------------
----------------------------------
Iteration = 86
Distance = 0.0010495446215159632
v max = -3.188965915870992
v min = -17.707511777268223
d max = 0.07607142857142857
d min = 0.07607142857142857
dF max = 0.07607142857142857
dB max = 0.07607142857142857
hk max = 4.961087806738302
hk min = -9.176435031555211
hz max = 11.24954528752761
hz min = -20.881188435866743
lambdaF max = Inf
lambdaF min = 0.0010822033550599308
lambdaB max = Inf
lambdaB min = 0.0010822033550599308
----------------------------------
----------------------------------
Iteration = 87
Distance = 0.001049788681836361
v max = -3.1889659222111937
v min = -17.70856156595006
d max = 0.07607142857142857
d min = 0.07607142857142857
dF max = 0.07607142857142857
dB max = 0.07607142857142857
hk max = 4.961727490075054
hk min = -9.177485664422917
hz max = 11.250999113292956
hz min = -20.883576237838803
lambdaF max = Inf
lambdaF min = 0.0010822033550599308
lambdaB max = Inf
lambdaB min = 0.0010822033550599308
----------------------------------
Delta = 2.980232238769531e-7
----------------------------------
Iteration = 88
Distance = 0.0005250184386262902
v max = -3.188965925381295
v min = -17.709086584388686
d max = 0.07607142857142857
d min = 0.07607142857142857
dF max = 0.07607142857142857
dB max = 0.07607142857142857
hk max = 4.962367326494071
hk min = -9.178536547896135
hz max = 11.252453286972539
hz min = -20.88596460936884
lambdaF max = Inf
lambdaF min = 0.0010822033550599308
lambdaB max = Inf
lambdaB min = 0.0010822033550599308
----------------------------------
----------------------------------
Iteration = 89
Distance = 0.000525079495787395
v max = -3.1889659285513976
v min = -17.709611663884473
d max = 0.07607142857142857
d min = 0.07607142857142857
dF max = 0.07607142857142857
dB max = 0.07607142857142857
hk max = 4.962687324321875
hk min = -9.17906211754442
hz max = 11.253180554763004
hz min = -20.88715908584222
lambdaF max = Inf
lambdaF min = 0.0010822033550599308
lambdaB max = Inf
lambdaB min = 0.0010822033550599308
----------------------------------
----------------------------------
Iteration = 90
Distance = 0.0005251405637807238
v max = -3.1889659317215004
v min = -17.710136804448254
d max = 0.07607142857142857
d min = 0.07607142857142857
dF max = 0.07607142857142857
dB max = 0.07607142857142857
hk max = 4.963007360447037
hk min = -9.179587749887638
hz max = 11.253907909592916
hz min = -20.88835370480408
lambdaF max = Inf
lambdaF min = 0.0010822033550599308
lambdaB max = Inf
lambdaB min = 0.0010822033550599308
----------------------------------
Delta = 1.4901161193847656e-7
----------------------------------
Iteration = 91
Distance = 0.0002626013275595085
v max = -3.1889659333065525
v min = -17.710399405775814
d max = 0.07607142857142857
d min = 0.07607142857142857
dF max = 0.07607142857142857
dB max = 0.07607142857142857
hk max = 4.963327434876444
hk min = -9.180113444936982
hz max = 11.254635351477932
hz min = -20.88954846627986
lambdaF max = Inf
lambdaF min = 0.0010822033550599308
lambdaB max = Inf
lambdaB min = 0.0010822033550599308
----------------------------------
----------------------------------
Iteration = 92
Distance = 0.00026261659982296237
v max = -3.1889659348916046
v min = -17.710662022375637
d max = 0.07607142857142857
d min = 0.07607142857142857
dF max = 0.07607142857142857
dB max = 0.07607142857142857
hk max = 4.9634874920094125
hk min = -9.180376324461603
hz max = 11.254999117689225
hz min = -20.89014591974491
lambdaF max = Inf
lambdaF min = 0.0010822033550599308
lambdaB max = Inf
lambdaB min = 0.0010822033550599308
----------------------------------
----------------------------------
Iteration = 93
Distance = 0.00026263187344000016
v max = -3.1889659364766567
v min = -17.710924654249077
d max = 0.07607142857142857
d min = 0.07607142857142857
dF max = 0.07607142857142857
dB max = 0.07607142857142857
hk max = 4.963647558721794
hk min = -9.180639219668207
hz max = 11.255362905671909
hz min = -20.890743408850824
lambdaF max = Inf
lambdaF min = 0.0010822033550599308
lambdaB max = Inf
lambdaB min = 0.0010822033550599308
----------------------------------
Delta = 7.450580596923828e-8
----------------------------------
Iteration = 94
Distance = 0.00013132370079205202
v max = -3.1889659372691828
v min = -17.71105597794987
d max = 0.07607142857142857
d min = 0.07607142857142857
dF max = 0.07607142857142857
dB max = 0.07607142857142857
hk max = 4.963807635014448
hk min = -9.180902130558188
hz max = 11.255726715427942
hz min = -20.891340933600784
lambdaF max = Inf
lambdaF min = 0.0010822033550599308
lambdaB max = Inf
lambdaB min = 0.0010822033550599308
----------------------------------
----------------------------------
Iteration = 95
Distance = 0.0001313275198491226
v max = -3.188965938061709
v min = -17.711187305469718
d max = 0.07607142857142857
d min = 0.07607142857142857
dF max = 0.07607142857142857
dB max = 0.07607142857142857
hk max = 4.963887678142053
hk min = -9.181033594005921
hz max = 11.255908631627046
hz min = -20.891639714163812
lambdaF max = Inf
lambdaF min = 0.0010822033550599308
lambdaB max = Inf
lambdaB min = 0.0010822033550599308
----------------------------------
----------------------------------
Iteration = 96
Distance = 0.0001313313390873816
v max = -3.188965938854235
v min = -17.711318636808805
d max = 0.07607142857142857
d min = 0.07607142857142857
dF max = 0.07607142857142857
dB max = 0.07607142857142857
hk max = 4.963967723665139
hk min = -9.181165061375172
hz max = 11.256090553270422
hz min = -20.89193850363938
lambdaF max = Inf
lambdaF min = 0.0010822033550599308
lambdaB max = Inf
lambdaB min = 0.0010822033550599308
----------------------------------
Delta = 3.725290298461914e-8
----------------------------------
Iteration = 97
Distance = 6.566761089388251e-5
v max = -3.188965939250498
v min = -17.7113843044197
d max = 0.07607142857142857
d min = 0.07607142857142857
dF max = 0.07607142857142857
dB max = 0.07607142857142857
hk max = 4.964047771583827
hk min = -9.18129653266613
hz max = 11.25627248035835
hz min = -20.89223730202792
lambdaF max = Inf
lambdaF min = 0.0010822033550599308
lambdaB max = Inf
lambdaB min = 0.0010822033550599308
----------------------------------
----------------------------------
Iteration = 98
Distance = 6.566856578515967e-5
v max = -3.188965939646761
v min = -17.711449972985484
d max = 0.07607142857142857
d min = 0.07607142857142857
dF max = 0.07607142857142857
dB max = 0.07607142857142857
hk max = 4.964087796788703
hk min = -9.181362270312636
hz max = 11.256363446733065
hz min = -20.892386705769983
lambdaF max = Inf
lambdaF min = 0.0010822033550599308
lambdaB max = Inf
lambdaB min = 0.0010822033550599308
----------------------------------
----------------------------------
Iteration = 99
Distance = 6.56695206942004e-5
v max = -3.188965940043024
v min = -17.71151564250618
d max = 0.07607142857142857
d min = 0.07607142857142857
dF max = 0.07607142857142857
dB max = 0.07607142857142857
hk max = 4.9641278225925305
hk min = -9.181428008939656
hz max = 11.256454414469038
hz min = -20.892536111740483
lambdaF max = Inf
lambdaF min = 0.0010822033550599308
lambdaB max = Inf
lambdaB min = 0.0010822033550599308
----------------------------------
Delta = 1.862645149230957e-8
----------------------------------
Iteration = 100
Distance = 3.283524572950114e-5
v max = -3.1889659402411548
v min = -17.711548477751908
d max = 0.07607142857142857
d min = 0.07607142857142857
dF max = 0.07607142857142857
dB max = 0.07607142857142857
hk max = 4.9641678489953245
hk min = -9.181493748547211
hz max = 11.256545383566296
hz min = -20.89268551993947
lambdaF max = Inf
lambdaF min = 0.0010822033550599308
lambdaB max = Inf
lambdaB min = 0.0010822033550599308
----------------------------------
----------------------------------
Iteration = 101
Distance = 3.283548446830764e-5
v max = -3.1889659404392856
v min = -17.711581313236376
d max = 0.07607142857142857
d min = 0.07607142857142857
dF max = 0.07607142857142857
dB max = 0.07607142857142857
hk max = 4.964187862508133
hk min = -9.181526618851292
hz max = 11.25659086882268
hz min = -20.89276022517602
lambdaF max = Inf
lambdaF min = 0.0010822033550599308
lambdaB max = Inf
lambdaB min = 0.0010822033550599308
----------------------------------
----------------------------------
Iteration = 102
Distance = 3.283572320711414e-5
v max = -3.188965940637417
v min = -17.711614148959583
d max = 0.07607142857142857
d min = 0.07607142857142857
dF max = 0.07607142857142857
dB max = 0.07607142857142857
hk max = 4.964207876170691
hk min = -9.181559489400517
hz max = 11.256636354419403
hz min = -20.892834930969713
lambdaF max = Inf
lambdaF min = 0.0010822033550599308
lambdaB max = Inf
lambdaB min = 0.0010822033550599308
----------------------------------
Delta = 9.313225746154785e-9
----------------------------------
Iteration = 103
Distance = 1.641798295182184e-5
v max = -3.1889659407364825
v min = -17.711630566942535
d max = 0.07607142857142857
d min = 0.07607142857142857
dF max = 0.07607142857142857
dB max = 0.07607142857142857
hk max = 4.964227889982996
hk min = -9.181592360194884
hz max = 11.256681840356459
hz min = -20.892909637320546
lambdaF max = Inf
lambdaF min = 0.0010822033550599308
lambdaB max = Inf
lambdaB min = 0.0010822033550599308
----------------------------------
----------------------------------
Iteration = 104
Distance = 1.6418042637411645e-5
v max = -3.188965940835548
v min = -17.711646984985173
d max = 0.07607142857142857
d min = 0.07607142857142857
dF max = 0.07607142857142857
dB max = 0.07607142857142857
hk max = 4.964237896967001
hk min = -9.181608795717148
hz max = 11.256704583501925
hz min = -20.892946990780235
lambdaF max = Inf
lambdaF min = 0.0010822033550599308
lambdaB max = Inf
lambdaB min = 0.0010822033550599308
----------------------------------
----------------------------------
Iteration = 105
Distance = 1.6418102326554163e-5
v max = -3.188965940934614
v min = -17.7116634030875
d max = 0.07607142857142857
d min = 0.07607142857142857
dF max = 0.07607142857142857
dB max = 0.07607142857142857
hk max = 4.9642479039884435
hk min = -9.181625231300698
hz max = 11.256727326732477
hz min = -20.892984344379215
lambdaF max = Inf
lambdaF min = 0.0010822033550599308
lambdaB max = Inf
lambdaB min = 0.0010822033550599308
----------------------------------
Delta = 4.6566128730773926e-9
----------------------------------
Iteration = 106
Distance = 8.209081499899185e-6
v max = -3.188965940984147
v min = -17.711671612169
d max = 0.07607142857142857
d min = 0.07607142857142857
dF max = 0.07607142857142857
dB max = 0.07607142857142857
hk max = 4.964257911047326
hk min = -9.181641666945536
hz max = 11.25675007004812
hz min = -20.893021698117483
lambdaF max = Inf
lambdaF min = 0.0010822033550599308
lambdaB max = Inf
lambdaB min = 0.0010822033550599308
----------------------------------
    Value Function Converged, Iteration = 106 with gamma=8.0 with rho=1.0 and v=-3.4888192906657274
    Reflective boundary condition
=============================================================
Convegence time (minutes): 0.11261784668333334
Current Time = 22:23:45
grid points for z:  401
grid size for z:  0.025
-1.2092721092189678
0.947594763535863
--- 8.450161933898926 seconds for the elasticity computation ---
-0.36294141991844153
0.5409202557738555
--- 0.06685805320739746 seconds for the elasticity computation ---
-0.25108416355887475
0.4066745077620074
--- 0.0657050609588623 seconds for the elasticity computation ---
-1.2836267103059966
0.9419508234227859
--- 0.0650932788848877 seconds for the elasticity computation ---
Current Time = 22:23:56
grid points for z:  401
grid size for z:  0.025
rho = 1
0.05935460108702888
--- 8.540337085723877 seconds for the elasticity computation ---
0.0
--- 0.06900906562805176 seconds for the elasticity computation ---
0.05935460108702888
--- 0.06879496574401855 seconds for the elasticity computation ---
0.0
--- 0.06827902793884277 seconds for the elasticity computation ---
0.0
--- 0.0679316520690918 seconds for the elasticity computation ---
0.05935460108702888
0.005643940113077034
--- 0.06829714775085449 seconds for the elasticity computation ---
0.05935460108702888
0.005643940113077034
--- 0.06815981864929199 seconds for the elasticity computation ---
0.05935460108702888
0.005643940113077034
--- 0.06812453269958496 seconds for the elasticity computation ---
0.05935460108702888
0.005643940113077034
--- 0.0680537223815918 seconds for the elasticity computation ---
parsed_args = parse_commandline() = Dict{String, Any}("dataname" => "lower_triangular_two_ambiguous_parameters", "clowerlim" => 0.0001, "delta" => 0.015, "boundary" => 1, "Delta" => 10.0, "q" => 0.3, "zmax" => 5.0, "logadjustment" => 1, "zscale" => 2.0, "foc" => 1, "distorted" => 0, "rho" => 1.0, "gamma" => 8.0)
=============================================================
./output/lower_triangular_two_ambiguous_parameters/Delta_10.0_distorted_0/logadjustment_1_boundary_1/zmax_5.0_zscale_2.0/delta_0.015/q_0.3_gamma_8.0_rho_1.0/
=============================================================
solve for structured linear system 
structured_relative_entropy = 0.30589567486338065
=============================================================
solve for unstructured linear system 
q_update = 0.6968687272233107
=============================================================
parsed_args = parse_commandline() = Dict{String, Any}("dataname" => "lower_triangular_two_ambiguous_parameters", "clowerlim" => 0.0001, "delta" => 0.015, "boundary" => 1, "Delta" => 10.0, "q" => 0.3, "zmax" => 5.0, "logadjustment" => 1, "zscale" => 2.0, "foc" => 1, "distorted" => 0, "rho" => 1.0, "gamma" => 8.0)
=============================================================
./output/lower_triangular_two_ambiguous_parameters/Delta_10.0_distorted_0/logadjustment_1_boundary_1/zmax_5.0_zscale_2.0/delta_0.015/q_0.3_gamma_8.0_rho_1.0/
=============================================================
solve for structured linear system 
structured_relative_entropy = 0.3058956748633814
=============================================================
solve for unstructured linear system 
q_update = 0.6968979627018856
=============================================================
Program ends Fri Jan 19 22:24:37 CST 2024
Elapsed time: 0 days 00 hr 01 min 20 sec
