D_10.0_distorted_0_boundary_0_delta_0.02_gamma_4.0_q_0.2_rho_1.0_upper_triangular_four_ambiguous_parameters
Program starts Fri Jan 19 22:17:22 CST 2024
parsed_args = parse_commandline() = Dict{String, Any}("dataname" => "upper_triangular_four_ambiguous_parameters", "clowerlim" => 0.0001, "delta" => 0.02, "boundary" => 0, "Delta" => 10.0, "q" => 0.2, "zmax" => 5.0, "logadjustment" => 1, "zscale" => 2.0, "foc" => 1, "distorted" => 0, "rho" => 1.0, "gamma" => 4.0)
=============================================================
logadjustment: true
reflective_boundary: false
0.109
U: [1.0331966455186503 0.4546065240282061; 0.0 0.06463435618925897]
L: [1.0331966455186503 0.0; 0.4546065240282061 0.06463435618925897]
[-2.220446049250313e-16 0.0; 0.0 0.0]
sigma_k: [0.010331966455186503, 0.004546065240282061]
sigma_z: [0.0, 0.06463435618925897]
Compute value function WITH ROBUSTNESS
computing undistorted version...
zmax = 5.0, zmin = -5.0, zlength = 401
natural boundary condition
----------------------------------
Iteration = 1
Distance = 1.2121979989693026
v max = -0.9394707262420309
v min = -3.2121979989693026
d max = 0.07672413793103448
d min = 0.07672413793103448
dF max = 0.07672413793103448
dB max = 0.07672413793103448
hk max = 0.010331966455186503
hk min = 0.010331966455186503
hz max = 0.004546065240282061
hz min = 0.004546065240282061
lambdaF max = 0.0798173665313508
lambdaF min = 0.0028381093903120857
lambdaB max = 0.0798173665313508
lambdaB min = 0.0028381093903120857
----------------------------------
----------------------------------
Iteration = 2
Distance = 1.092292043917606
v max = -1.0786311923784226
v min = -4.304490042886909
d max = 0.07672413793103448
d min = 0.07672413793103448
dF max = 0.07672413793103448
dB max = 0.07672413793103448
hk max = 0.010331966455186503
hk min = 0.010331966455186503
hz max = 0.019235691646935688
hz min = 0.019235691646927653
lambdaF max = 0.15439581664782212
lambdaF min = 0.0028381093903120857
lambdaB max = 0.15439581664782928
lambdaB min = 0.0028381093903120857
----------------------------------
----------------------------------
Iteration = 3
Distance = 0.7862392918352663
v max = -1.0939829876869551
v min = -5.090729334722175
d max = 0.07672413793103448
d min = 0.07672413793103448
dF max = 0.07672413793103448
dB max = 0.07672413793103448
hk max = 0.010331966455186503
hk min = 0.010331966455186503
hz max = 0.0324563223695369
hz min = 0.018336070103038945
lambdaF max = 0.19387108744705325
lambdaF min = 0.0028381093903120857
lambdaB max = 0.1975837111837648
lambdaB min = 0.0028381093903120857
----------------------------------
----------------------------------
Iteration = 4
Distance = 0.5747265183553498
v max = -1.1442183272680084
v min = -5.665455853077525
d max = 0.07672413793103448
d min = 0.07672413793103448
dF max = 0.07672413793103448
dB max = 0.07672413793103448
hk max = 0.010331966455186503
hk min = 0.010331966455186503
hz max = 0.041744285144094964
hz min = 0.01893088677266869
lambdaF max = 0.22534065418521174
lambdaF min = 0.0028381093903120857
lambdaB max = 0.2310273002784795
lambdaB min = 0.0028381093903120857
----------------------------------
----------------------------------
Iteration = 5
Distance = 0.43239821690612157
v max = -1.1946651517719273
v min = -6.097854069983646
d max = 0.07672413793103448
d min = 0.07672413793103448
dF max = 0.07672413793103448
dB max = 0.07672413793103448
hk max = 0.010331966455186503
hk min = 0.010331966455186503
hz max = 0.04831825689299433
hz min = 0.019057826772818184
lambdaF max = 0.2461279621311933
lambdaF min = 0.0028381093903120857
lambdaB max = 0.2531767054413554
lambdaB min = 0.0028381093903120857
----------------------------------
----------------------------------
Iteration = 6
Distance = 0.3297395327459878
v max = -1.2475690096087875
v min = -6.427593602729634
d max = 0.07672413793103448
d min = 0.07672413793103448
dF max = 0.07672413793103448
dB max = 0.07672413793103448
hk max = 0.010331966455186503
hk min = 0.010331966455186503
hz max = 0.053088178606471796
hz min = 0.019213113372247213
lambdaF max = 0.26170897016956784
lambdaF min = 0.0028381093903120857
lambdaB max = 0.2694848692030504
lambdaB min = 0.0028381093903120857
----------------------------------
----------------------------------
Iteration = 7
Distance = 0.25354909160710637
v max = -1.2983144727735816
v min = -6.6811426943367405
d max = 0.07672413793103448
d min = 0.07672413793103448
dF max = 0.07672413793103448
dB max = 0.07672413793103448
hk max = 0.010331966455186503
hk min = 0.010331966455186503
hz max = 0.056580967462846424
hz min = 0.019327186861045443
lambdaF max = 0.2731652957023714
lambdaF min = 0.0028381093903120857
lambdaB max = 0.28169070477022035
lambdaB min = 0.0028381093903120857
----------------------------------
----------------------------------
Iteration = 8
Distance = 0.19619271641752078
v max = -1.344175157203124
v min = -6.877335410754261
d max = 0.07672413793103448
d min = 0.07672413793103448
dF max = 0.07672413793103448
dB max = 0.07672413793103448
hk max = 0.010331966455186503
hk min = 0.010331966455186503
hz max = 0.05914878851701298
hz min = 0.019382887151324562
lambdaF max = 0.28170528924090915
lambdaF min = 0.0028381093903120857
lambdaB max = 0.2907914947740943
lambdaB min = 0.0028381093903120857
----------------------------------
----------------------------------
Iteration = 9
Distance = 0.15261626575598974
v max = -1.3857992324546
v min = -7.029951676510251
d max = 0.07672413793103448
d min = 0.07672413793103448
dF max = 0.07672413793103448
dB max = 0.07672413793103448
hk max = 0.010331966455186503
hk min = 0.010331966455186503
hz max = 0.06104059448167008
hz min = 0.019424095005632934
lambdaF max = 0.28813489931849157
lambdaF min = 0.0028381093903120857
lambdaB max = 0.2976395310238283
lambdaB min = 0.0028381093903120857
----------------------------------
----------------------------------
Iteration = 10
Distance = 0.11927972995618674
v max = -1.4232816049304047
v min = -7.149231406466438
d max = 0.07672413793103448
d min = 0.07672413793103448
dF max = 0.07672413793103448
dB max = 0.07672413793103448
hk max = 0.010331966455186503
hk min = 0.010331966455186503
hz max = 0.06243610879632513
hz min = 0.019471752261677706
lambdaF max = 0.29299098508711136
lambdaF min = 0.0028381093903120857
lambdaB max = 0.30280836764026503
lambdaB min = 0.0028381093903120857
----------------------------------
----------------------------------
Iteration = 11
Distance = 0.09363112338695334
v max = -1.4558267587446916
v min = -7.242862529853391
d max = 0.07672413793103448
d min = 0.07672413793103448
dF max = 0.07672413793103448
dB max = 0.07672413793103448
hk max = 0.010331966455186503
hk min = 0.010331966455186503
hz max = 0.06346634895900362
hz min = 0.01949202914133973
lambdaF max = 0.29666079236544735
lambdaF min = 0.0028381093903120857
lambdaB max = 0.3067122735438002
lambdaB min = 0.0028381093903120857
----------------------------------
----------------------------------
Iteration = 12
Distance = 0.0737985949517439
v max = -1.4845032336831818
v min = -7.316661124805135
d max = 0.07672413793103448
d min = 0.07672413793103448
dF max = 0.07672413793103448
dB max = 0.07672413793103448
hk max = 0.010331966455186503
hk min = 0.010331966455186503
hz max = 0.06422732761220036
hz min = 0.01950803260196623
lambdaF max = 0.2994348754856013
lambdaF min = 0.0028381093903120857
lambdaB max = 0.30966117073213867
lambdaB min = 0.0028381093903120857
----------------------------------
----------------------------------
Iteration = 13
Distance = 0.05839309835416007
v max = -1.50960428330624
v min = -7.375054223159295
d max = 0.07672413793103448
d min = 0.07672413793103448
dF max = 0.07672413793103448
dB max = 0.07672413793103448
hk max = 0.010331966455186503
hk min = 0.010331966455186503
hz max = 0.06478962196156672
hz min = 0.01953278073790403
lambdaF max = 0.30152794626252954
lambdaF min = 0.0028381093903120857
lambdaB max = 0.3118848648193817
lambdaB min = 0.0028381093903120857
----------------------------------
----------------------------------
Iteration = 14
Distance = 0.046375062303757986
v max = -1.530938821649383
v min = -7.421429285463053
d max = 0.07672413793103448
d min = 0.07672413793103448
dF max = 0.07672413793103448
dB max = 0.07672413793103448
hk max = 0.010331966455186503
hk min = 0.010331966455186503
hz max = 0.0652052120959515
hz min = 0.01953570104633018
lambdaF max = 0.3031048149802762
lambdaF min = 0.0028381093903120857
lambdaB max = 0.3135591944443504
lambdaB min = 0.0028381093903120857
----------------------------------
----------------------------------
Iteration = 15
Distance = 0.0369612620860833
v max = -1.549640040520294
v min = -7.458390547549136
d max = 0.07672413793103448
d min = 0.07672413793103448
dF max = 0.07672413793103448
dB max = 0.07672413793103448
hk max = 0.010331966455186503
hk min = 0.010331966455186503
hz max = 0.06551242941768455
hz min = 0.019546709961180103
lambdaF max = 0.30429060126515844
lambdaF min = 0.0028381093903120857
lambdaB max = 0.3148176137972466
lambdaB min = 0.0028381093903120857
----------------------------------
----------------------------------
Iteration = 16
Distance = 0.02955833043575229
v max = -1.565551858620119
v min = -7.487948877984889
d max = 0.07672413793103448
d min = 0.07672413793103448
dF max = 0.07672413793103448
dB max = 0.07672413793103448
hk max = 0.010331966455186503
hk min = 0.010331966455186503
hz max = 0.06573956432995497
hz min = 0.019558185209476556
lambdaF max = 0.3051803462190153
lambdaF min = 0.0028381093903120857
lambdaB max = 0.31576148364175627
lambdaB min = 0.0028381093903120857
----------------------------------
----------------------------------
Iteration = 17
Distance = 0.023714557431381955
v max = -1.5790215917805077
v min = -7.511663435416271
d max = 0.07672413793103448
d min = 0.07672413793103448
dF max = 0.07672413793103448
dB max = 0.07672413793103448
hk max = 0.010331966455186503
hk min = 0.010331966455186503
hz max = 0.06590750863319765
hz min = 0.01955359644645787
lambdaF max = 0.30584700285170274
lambdaF min = 0.0028381093903120857
lambdaB max = 0.3164684000648982
lambdaB min = 0.0028381093903120857
----------------------------------
----------------------------------
Iteration = 18
Distance = 0.019084556781823636
v max = -1.5908082618165762
v min = -7.530747992198094
d max = 0.07672413793103448
d min = 0.07672413793103448
dF max = 0.07672413793103448
dB max = 0.07672413793103448
hk max = 0.010331966455186503
hk min = 0.010331966455186503
hz max = 0.0660316966828951
hz min = 0.019566999974337154
lambdaF max = 0.3063455103281793
lambdaF min = 0.0028381093903120857
lambdaB max = 0.31699685982148657
lambdaB min = 0.0028381093903120857
----------------------------------
----------------------------------
Iteration = 19
Distance = 0.0154031487262829
v max = -1.6004741017696895
v min = -7.546151140924377
d max = 0.07672413793103448
d min = 0.07672413793103448
dF max = 0.07672413793103448
dB max = 0.07672413793103448
hk max = 0.010331966455186503
hk min = 0.010331966455186503
hz max = 0.06612353429497819
hz min = 0.019564314064742357
lambdaF max = 0.3067178116449391
lambdaF min = 0.0028381093903120857
lambdaB max = 0.3173914188233554
lambdaB min = 0.0028381093903120857
----------------------------------
----------------------------------
Iteration = 20
Distance = 0.012465926639887215
v max = -1.6089200523379894
v min = -7.558617067564264
d max = 0.07672413793103448
d min = 0.07672413793103448
dF max = 0.07672413793103448
dB max = 0.07672413793103448
hk max = 0.010331966455186503
hk min = 0.010331966455186503
hz max = 0.06619145197596142
hz min = 0.019565279616649046
lambdaF max = 0.3069954915958995
lambdaF min = 0.0028381093903120857
lambdaB max = 0.31768563025399577
lambdaB min = 0.0028381093903120857
----------------------------------
----------------------------------
Iteration = 21
Distance = 0.01011471980496026
v max = -1.6160138101309711
v min = -7.568731787369225
d max = 0.07672413793103448
d min = 0.07672413793103448
dF max = 0.07672413793103448
dB max = 0.07672413793103448
hk max = 0.010331966455186503
hk min = 0.010331966455186503
hz max = 0.06624168199673773
hz min = 0.01957452408156289
lambdaF max = 0.30720233154913473
lambdaF min = 0.0028381093903120857
lambdaB max = 0.3179047493688551
lambdaB min = 0.0028381093903120857
----------------------------------
----------------------------------
Iteration = 22
Distance = 0.00822666900933644
v max = -1.6218379671744059
v min = -7.576958456378561
d max = 0.07672413793103448
d min = 0.07672413793103448
dF max = 0.07672413793103448
dB max = 0.07672413793103448
hk max = 0.010331966455186503
hk min = 0.010331966455186503
hz max = 0.06627883209180317
hz min = 0.01956398601435614
lambdaF max = 0.3073563103364633
lambdaF min = 0.0028381093903120857
lambdaB max = 0.3180678363180783
lambdaB min = 0.0028381093903120857
----------------------------------
----------------------------------
Iteration = 23
Distance = 0.006705983344321709
v max = -1.6270892008839382
v min = -7.583664439722883
d max = 0.07672413793103448
d min = 0.07672413793103448
dF max = 0.07672413793103448
dB max = 0.07672413793103448
hk max = 0.010331966455186503
hk min = 0.010331966455186503
hz max = 0.0663063092035731
hz min = 0.019576681463060547
lambdaF max = 0.30747079293251395
lambdaF min = 0.0028381093903120857
lambdaB max = 0.3181890811900304
lambdaB min = 0.0028381093903120857
----------------------------------
----------------------------------
Iteration = 24
Distance = 0.005477697567621398
v max = -1.6311034593738094
v min = -7.589142137290504
d max = 0.07672413793103448
d min = 0.07672413793103448
dF max = 0.07672413793103448
dB max = 0.07672413793103448
hk max = 0.010331966455186503
hk min = 0.010331966455186503
hz max = 0.06632663258027688
hz min = 0.019569615097428023
lambdaF max = 0.3075558913553421
lambdaF min = 0.0028381093903120857
lambdaB max = 0.31827919249142517
lambdaB min = 0.0028381093903120857
----------------------------------
----------------------------------
Iteration = 25
Distance = 0.004482927221688193
v max = -1.634832690648205
v min = -7.593625064512192
d max = 0.07672413793103448
d min = 0.07672413793103448
dF max = 0.07672413793103448
dB max = 0.07672413793103448
hk max = 0.010331966455186503
hk min = 0.010331966455186503
hz max = 0.06634166516437963
hz min = 0.019570511325420443
lambdaF max = 0.30761908879941713
lambdaF min = 0.0028381093903120857
lambdaB max = 0.3183461086159543
lambdaB min = 0.0028381093903120857
----------------------------------
----------------------------------
Iteration = 26
Distance = 0.0036752501631180934
v max = -1.6377815741278638
v min = -7.59730031467531
d max = 0.07672413793103448
d min = 0.07672413793103448
dF max = 0.07672413793103448
dB max = 0.07672413793103448
hk max = 0.010331966455186503
hk min = 0.010331966455186503
hz max = 0.06635278463243288
hz min = 0.019579140929415484
lambdaF max = 0.3076660057184204
lambdaF min = 0.0028381093903120857
lambdaB max = 0.3183957826622696
lambdaB min = 0.0028381093903120857
----------------------------------
----------------------------------
Iteration = 27
Distance = 0.003017937489935285
v max = -1.640202007806522
v min = -7.600318252165246
d max = 0.07672413793103448
d min = 0.07672413793103448
dF max = 0.07672413793103448
dB max = 0.07672413793103448
hk max = 0.010331966455186503
hk min = 0.010331966455186503
hz max = 0.06636100983700897
hz min = 0.019563373381699917
lambdaF max = 0.30770082800255755
lambdaF min = 0.0028381093903120857
lambdaB max = 0.31843264770655694
lambdaB min = 0.0028381093903120857
----------------------------------
----------------------------------
Iteration = 28
Distance = 0.002481827273959958
v max = -1.642540286312881
v min = -7.602800079439206
d max = 0.07672413793103448
d min = 0.07672413793103448
dF max = 0.07672413793103448
dB max = 0.07672413793103448
hk max = 0.010331966455186503
hk min = 0.010331966455186503
hz max = 0.06636709428991965
hz min = 0.019584368056027996
lambdaF max = 0.3077266511026706
lambdaF min = 0.0028381093903120857
lambdaB max = 0.31845998638884
lambdaB min = 0.0028381093903120857
----------------------------------
----------------------------------
Iteration = 29
Distance = 0.0020436863590802545
v max = -1.6439873252496557
v min = -7.604843765798286
d max = 0.07672413793103448
d min = 0.07672413793103448
dF max = 0.07672413793103448
dB max = 0.07672413793103448
hk max = 0.010331966455186503
hk min = 0.010331966455186503
hz max = 0.06637159528337673
hz min = 0.019563463038106098
lambdaF max = 0.3077458122427441
lambdaF min = 0.0028381093903120857
lambdaB max = 0.31848026901196486
lambdaB min = 0.0028381093903120857
----------------------------------
----------------------------------
Iteration = 30
Distance = 0.0018281698534632351
v max = -1.645815495103119
v min = -7.606528709399396
d max = 0.07672413793103448
d min = 0.07672413793103448
dF max = 0.07672413793103448
dB max = 0.07672413793103448
hk max = 0.010331966455186503
hk min = 0.010331966455186503
hz max = 0.06637492499848698
hz min = 0.019579879576275855
lambdaF max = 0.3077600101957812
lambdaF min = 0.0028381093903120857
lambdaB max = 0.3184952994417982
lambdaB min = 0.0028381093903120857
----------------------------------
----------------------------------
Iteration = 31
Distance = 0.001390707079737652
v max = -1.6467598820932319
v min = -7.607919416479134
d max = 0.07672413793103448
d min = 0.07672413793103448
dF max = 0.07672413793103448
dB max = 0.07672413793103448
hk max = 0.010331966455186503
hk min = 0.010331966455186503
hz max = 0.06637738829989037
hz min = 0.01957281565694111
lambdaF max = 0.30777054185726715
lambdaF min = 0.0028381093903120857
lambdaB max = 0.31850644681325807
lambdaB min = 0.0028381093903120857
----------------------------------
----------------------------------
Iteration = 32
Distance = 0.0013018173272631994
v max = -1.6479664369888691
v min = -7.609068415180771
d max = 0.07672413793103448
d min = 0.07672413793103448
dF max = 0.07672413793103448
dB max = 0.07672413793103448
hk max = 0.010331966455186503
hk min = 0.010331966455186503
hz max = 0.06637921068273275
hz min = 0.019568084699564163
lambdaF max = 0.3077783437791418
lambdaF min = 0.0028381093903120857
lambdaB max = 0.31851470548943195
lambdaB min = 0.0028381093903120857
----------------------------------
----------------------------------
Iteration = 33
Distance = 0.0009501561121059154
v max = -1.6488450735417028
v min = -7.610018571292877
d max = 0.07672413793103448
d min = 0.07672413793103448
dF max = 0.07672413793103448
dB max = 0.07672413793103448
hk max = 0.010331966455186503
hk min = 0.010331966455186503
hz max = 0.06638055894119026
hz min = 0.019585232123052847
lambdaF max = 0.30778412650819514
lambdaF min = 0.0028381093903120857
lambdaB max = 0.3185208264473842
lambdaB min = 0.0028381093903120857
----------------------------------
----------------------------------
Iteration = 34
Distance = 0.000923100149024858
v max = -1.649355692421471
v min = -7.610804934859599
d max = 0.07672413793103448
d min = 0.07672413793103448
dF max = 0.07672413793103448
dB max = 0.07672413793103448
hk max = 0.010331966455186503
hk min = 0.010331966455186503
hz max = 0.06638155645282484
hz min = 0.01955824895091545
lambdaF max = 0.3077884128768733
lambdaF min = 0.0028381093903120857
lambdaB max = 0.3185253630837109
lambdaB min = 0.0028381093903120857
----------------------------------
----------------------------------
Iteration = 35
Distance = 0.001006681559265088
v max = -1.650362373980736
v min = -7.611456217516838
d max = 0.07672413793103448
d min = 0.07672413793103448
dF max = 0.07672413793103448
dB max = 0.07672413793103448
hk max = 0.010331966455186503
hk min = 0.010331966455186503
hz max = 0.06638229448250771
hz min = 0.019590171982640465
lambdaF max = 0.3077915852942258
lambdaF min = 0.0028381093903120857
lambdaB max = 0.31852872144415484
lambdaB min = 0.0028381093903120857
----------------------------------
Delta = 5.0
----------------------------------
Iteration = 36
Distance = 0.00038712853393141344
v max = -1.650185376157272
v min = -7.611753504571311
d max = 0.07672413793103448
d min = 0.07672413793103448
dF max = 0.07672413793103448
dB max = 0.07672413793103448
hk max = 0.010331966455186503
hk min = 0.010331966455186503
hz max = 0.06638284054281406
hz min = 0.01956043790896067
lambdaF max = 0.307793939944497
lambdaF min = 0.0028381093903120857
lambdaB max = 0.3185312130764711
lambdaB min = 0.0028381093903120857
----------------------------------
----------------------------------
Iteration = 37
Distance = 0.0005985815184175181
v max = -1.6507137939345027
v min = -7.612022459332852
d max = 0.07672413793103448
d min = 0.07672413793103448
dF max = 0.07672413793103448
dB max = 0.07672413793103448
hk max = 0.010331966455186503
hk min = 0.010331966455186503
hz max = 0.06638309871248674
hz min = 0.019571775748563842
lambdaF max = 0.3077950628022116
lambdaF min = 0.0028381093903120857
lambdaB max = 0.31853241066743815
lambdaB min = 0.0028381093903120857
----------------------------------
----------------------------------
Iteration = 38
Distance = 0.0002592336684936747
v max = -1.6509629944559194
v min = -7.612265939842415
d max = 0.07672413793103448
d min = 0.07672413793103448
dF max = 0.07672413793103448
dB max = 0.07672413793103448
hk max = 0.010331966455186503
hk min = 0.010331966455186503
hz max = 0.0663833131683775
hz min = 0.019587667016543533
lambdaF max = 0.30779601251713823
lambdaF min = 0.0028381093903120857
lambdaB max = 0.31853341632880655
lambdaB min = 0.0028381093903120857
----------------------------------
----------------------------------
Iteration = 39
Distance = 0.0003433935072838512
v max = -1.650900096920794
v min = -7.612486431734428
d max = 0.07672413793103448
d min = 0.07672413793103448
dF max = 0.07672413793103448
dB max = 0.07672413793103448
hk max = 0.010331966455186503
hk min = 0.010331966455186503
hz max = 0.06638349210974695
hz min = 0.019556971585492893
lambdaF max = 0.3077968026721984
lambdaF min = 0.0028381093903120857
lambdaB max = 0.31853425131404645
lambdaB min = 0.0028381093903120857
----------------------------------
----------------------------------
Iteration = 40
Distance = 0.0005710126169364838
v max = -1.6514711095377306
v min = -7.612686166237441
d max = 0.07672413793103448
d min = 0.07672413793103448
dF max = 0.07672413793103448
dB max = 0.07672413793103448
hk max = 0.010331966455186503
hk min = 0.010331966455186503
hz max = 0.06638364142458275
hz min = 0.019583981056763004
lambdaF max = 0.30779745784465457
lambdaF min = 0.0028381093903120857
lambdaB max = 0.318534943136893
lambdaB min = 0.0028381093903120857
----------------------------------
Delta = 2.5
----------------------------------
Iteration = 41
Distance = 0.00018293895980936448
v max = -1.6513231402496589
v min = -7.612781416071819
d max = 0.07672413793103448
d min = 0.07672413793103448
dF max = 0.07672413793103448
dB max = 0.07672413793103448
hk max = 0.010331966455186503
hk min = 0.010331966455186503
hz max = 0.0663837660203408
hz min = 0.01957751091046667
lambdaF max = 0.30779800044679523
lambdaF min = 0.0028381093903120857
lambdaB max = 0.3185355160163211
lambdaB min = 0.0028381093903120857
----------------------------------
----------------------------------
Iteration = 42
Distance = 0.00016463982279701916
v max = -1.6513747681123747
v min = -7.612871926542048
d max = 0.07672413793103448
d min = 0.07672413793103448
dF max = 0.07672413793103448
dB max = 0.07672413793103448
hk max = 0.010331966455186503
hk min = 0.010331966455186503
hz max = 0.0663838263920148
hz min = 0.019547389032857094
lambdaF max = 0.3077982635622329
lambdaF min = 0.0028381093903120857
lambdaB max = 0.3185357955740908
lambdaB min = 0.0028381093903120857
----------------------------------
----------------------------------
Iteration = 43
Distance = 0.0002444545268314169
v max = -1.6516192226392061
v min = -7.6129579527751785
d max = 0.07672413793103448
d min = 0.07672413793103448
dF max = 0.07672413793103448
dB max = 0.07672413793103448
hk max = 0.010331966455186503
hk min = 0.010331966455186503
hz max = 0.066383880836529
hz min = 0.01960592328022011
lambdaF max = 0.3077985016654132
lambdaF min = 0.0028381093903120857
lambdaB max = 0.3185360475852022
lambdaB min = 0.0028381093903120857
----------------------------------
Delta = 1.25
----------------------------------
Iteration = 44
Distance = 9.30813277346676e-5
v max = -1.6515261413114715
v min = -7.6129999433644375
d max = 0.07672413793103448
d min = 0.07672413793103448
dF max = 0.07672413793103448
dB max = 0.07672413793103448
hk max = 0.010331966455186503
hk min = 0.010331966455186503
hz max = 0.06638393005887382
hz min = 0.019542876026192584
lambdaF max = 0.30779871628195743
lambdaF min = 0.0028381093903120857
lambdaB max = 0.3185362743782581
lambdaB min = 0.0028381093903120857
----------------------------------
----------------------------------
Iteration = 45
Distance = 0.0001436991690502154
v max = -1.6516698404805217
v min = -7.613040862319842
d max = 0.07672413793103448
d min = 0.07672413793103448
dF max = 0.07672413793103448
dB max = 0.07672413793103448
hk max = 0.010331966455186503
hk min = 0.010331966455186503
hz max = 0.06638395426192607
hz min = 0.01959342999509962
lambdaF max = 0.3077988220521104
lambdaF min = 0.0028381093903120857
lambdaB max = 0.3185363865488327
lambdaB min = 0.0028381093903120857
----------------------------------
----------------------------------
Iteration = 46
Distance = 8.386857490694233e-5
v max = -1.6515867172123493
v min = -7.61308074052398
d max = 0.07672413793103448
d min = 0.07672413793103448
dF max = 0.07672413793103448
dB max = 0.07672413793103448
hk max = 0.010331966455186503
hk min = 0.010331966455186503
hz max = 0.06638397717361146
hz min = 0.01955963144662711
lambdaF max = 0.30779892213677545
lambdaF min = 0.0028381093903120857
lambdaB max = 0.31853649246875176
lambdaB min = 0.0028381093903120857
----------------------------------
----------------------------------
Iteration = 47
Distance = 0.00015450981468800862
v max = -1.6517107163118447
v min = -7.613119605589791
d max = 0.07672413793103448
d min = 0.07672413793103448
dF max = 0.07672413793103448
dB max = 0.07672413793103448
hk max = 0.010331966455186503
hk min = 0.010331966455186503
hz max = 0.0663839988916341
hz min = 0.01956315086646857
lambdaF max = 0.3077990167879076
lambdaF min = 0.0028381093903120857
lambdaB max = 0.3185365925233488
lambdaB min = 0.0028381093903120857
----------------------------------
Delta = 0.625
----------------------------------
Iteration = 48
Distance = 5.867102285805892e-5
v max = -1.6517402437315791
v min = -7.613138803677087
d max = 0.07672413793103448
d min = 0.07672413793103448
dF max = 0.07672413793103448
dB max = 0.07672413793103448
hk max = 0.010331966455186503
hk min = 0.010331966455186503
hz max = 0.06638401947827816
hz min = 0.01957438736122585
lambdaF max = 0.30779910627334134
lambdaF min = 0.0028381093903120857
lambdaB max = 0.31853668704039007
lambdaB min = 0.0028381093903120857
----------------------------------
----------------------------------
Iteration = 49
Distance = 7.064929505684603e-5
v max = -1.6516695944365223
v min = -7.613157753933314
d max = 0.07672413793103448
d min = 0.07672413793103448
dF max = 0.07672413793103448
dB max = 0.07672413793103448
hk max = 0.010331966455186503
hk min = 0.010331966455186503
hz max = 0.0663840296830329
hz min = 0.01953520132675365
lambdaF max = 0.3077991507036582
lambdaF min = 0.0028381093903120857
lambdaB max = 0.318536734066697
lambdaB min = 0.0028381093903120857
----------------------------------
----------------------------------
Iteration = 50
Distance = 0.00011167611904672192
v max = -1.651781270555569
v min = -7.613176460226353
d max = 0.07672413793103448
d min = 0.07672413793103448
dF max = 0.07672413793103448
dB max = 0.07672413793103448
hk max = 0.010331966455186503
hk min = 0.010331966455186503
hz max = 0.0663840396031921
hz min = 0.01959412555691159
lambdaF max = 0.3077991938440303
lambdaF min = 0.0028381093903120857
lambdaB max = 0.31853677969039634
lambdaB min = 0.0028381093903120857
----------------------------------
Delta = 0.3125
----------------------------------
Iteration = 51
Distance = 4.205063905438067e-5
v max = -1.6517608090306626
v min = -7.613185756546575
d max = 0.07672413793103448
d min = 0.07672413793103448
dF max = 0.07672413793103448
dB max = 0.07672413793103448
hk max = 0.010331966455186503
hk min = 0.010331966455186503
hz max = 0.06638404925327966
hz min = 0.01956311234531621
lambdaF max = 0.3077992357431017
lambdaF min = 0.0028381093903120857
lambdaB max = 0.31853682397470423
lambdaB min = 0.0028381093903120857
----------------------------------
----------------------------------
Iteration = 52
Distance = 2.9909257448279547e-5
v max = -1.651735020549925
v min = -7.613194992476738
d max = 0.07672413793103448
d min = 0.07672413793103448
dF max = 0.07672413793103448
dB max = 0.07672413793103448
hk max = 0.010331966455186503
hk min = 0.010331966455186503
hz max = 0.06638405405715984
hz min = 0.01954600547881072
lambdaF max = 0.307799256631667
lambdaF min = 0.0028381093903120857
lambdaB max = 0.31853684607194077
lambdaB min = 0.0028381093903120857
----------------------------------
----------------------------------
Iteration = 53
Distance = 3.9656652928377056e-5
v max = -1.6517746772028534
v min = -7.613204168554159
d max = 0.07672413793103448
d min = 0.07672413793103448
dF max = 0.07672413793103448
dB max = 0.07672413793103448
hk max = 0.010331966455186503
hk min = 0.010331966455186503
hz max = 0.06638405879249396
hz min = 0.01958447627351346
lambdaF max = 0.30779927720277184
lambdaF min = 0.0028381093903120857
lambdaB max = 0.3185368678273012
lambdaB min = 0.0028381093903120857
----------------------------------
----------------------------------
Iteration = 54
Distance = 1.1211525716703363e-5
v max = -1.6517797183749263
v min = -7.613213285185271
d max = 0.07672413793103448
d min = 0.07672413793103448
dF max = 0.07672413793103448
dB max = 0.07672413793103448
hk max = 0.010331966455186503
hk min = 0.010331966455186503
hz max = 0.06638406346188139
hz min = 0.01957705812468543
lambdaF max = 0.3077992974671905
lambdaF min = 0.0028381093903120857
lambdaB max = 0.318536889251869
lambdaB min = 0.0028381093903120857
----------------------------------
----------------------------------
Iteration = 55
Distance = 1.4942682537544272e-5
v max = -1.6517763044841092
v min = -7.61322234277345
d max = 0.07672413793103448
d min = 0.07672413793103448
dF max = 0.07672413793103448
dB max = 0.07672413793103448
hk max = 0.010331966455186503
hk min = 0.010331966455186503
hz max = 0.06638406806624064
hz min = 0.019562906137139097
lambdaF max = 0.30779931743145134
lambdaF min = 0.0028381093903120857
lambdaB max = 0.318536910352482
lambdaB min = 0.0028381093903120857
----------------------------------
----------------------------------
Iteration = 56
Distance = 2.073542085856417e-5
v max = -1.6517970399049677
v min = -7.613231341719094
d max = 0.07672413793103448
d min = 0.07672413793103448
dF max = 0.07672413793103448
dB max = 0.07672413793103448
hk max = 0.010331966455186503
hk min = 0.010331966455186503
hz max = 0.06638407260647876
hz min = 0.019580070912980207
lambdaF max = 0.30779933710080465
lambdaF min = 0.0028381093903120857
lambdaB max = 0.3185369311352079
lambdaB min = 0.0028381093903120857
----------------------------------
Delta = 0.15625
----------------------------------
Iteration = 57
Distance = 5.000048734826734e-6
v max = -1.651798598019373
v min = -7.61323582746742
d max = 0.07672413793103448
d min = 0.07672413793103448
dF max = 0.07672413793103448
dB max = 0.07672413793103448
hk max = 0.010331966455186503
hk min = 0.010331966455186503
hz max = 0.06638407708349357
hz min = 0.019573702967472063
lambdaF max = 0.3077993564798462
lambdaF min = 0.0028381093903120857
lambdaB max = 0.3185369516056494
lambdaB min = 0.0028381093903120857
----------------------------------
    Value Function Converged, Iteration = 57 with gamma=4.0 with rho=1.0 and v=-2.9993209127612515
    Natural boundary condition
=============================================================
Convegence time (minutes): 0.11062085001666667
Current Time = 22:17:50
grid points for z:  401
grid size for z:  0.025
-0.6845787846123144
-0.7392953109198798
--- 8.223620176315308 seconds for the elasticity computation ---
-0.002761073529776772
-0.04926702311570671
--- 0.06406188011169434 seconds for the elasticity computation ---
-0.6009182133084892
-0.690028287804173
--- 0.06335067749023438 seconds for the elasticity computation ---
-0.7643384981094552
-0.7467343267676141
--- 0.0632619857788086 seconds for the elasticity computation ---
Current Time = 22:18:01
grid points for z:  401
grid size for z:  0.025
rho = 1
0.05975971349714089
--- 8.205255270004272 seconds for the elasticity computation ---
0.0
--- 0.06561994552612305 seconds for the elasticity computation ---
0.05975971349714089
--- 0.06520581245422363 seconds for the elasticity computation ---
0.0
--- 0.06489872932434082 seconds for the elasticity computation ---
0.0
--- 0.06496119499206543 seconds for the elasticity computation ---
0.05975971349714089
0.007439015847734282
--- 0.06863594055175781 seconds for the elasticity computation ---
0.05975971349714089
0.007439015847734282
--- 0.06535029411315918 seconds for the elasticity computation ---
0.05975971349714089
0.007439015847734282
--- 0.06508159637451172 seconds for the elasticity computation ---
0.05975971349714089
0.007439015847734282
--- 0.06522321701049805 seconds for the elasticity computation ---
parsed_args = parse_commandline() = Dict{String, Any}("dataname" => "upper_triangular_four_ambiguous_parameters", "clowerlim" => 0.0001, "delta" => 0.02, "boundary" => 0, "Delta" => 10.0, "q" => 0.2, "zmax" => 5.0, "logadjustment" => 1, "zscale" => 2.0, "foc" => 1, "distorted" => 0, "rho" => 1.0, "gamma" => 4.0)
=============================================================
./output/upper_triangular_four_ambiguous_parameters/Delta_10.0_distorted_0/logadjustment_1_boundary_0/zmax_5.0_zscale_2.0/delta_0.02/q_0.2_gamma_4.0_rho_1.0/
=============================================================
solve for structured linear system 
structured_relative_entropy = 0.20231002862887965
=============================================================
solve for unstructured linear system 
q_update = 0.18110661192912136
=============================================================
parsed_args = parse_commandline() = Dict{String, Any}("dataname" => "upper_triangular_four_ambiguous_parameters", "clowerlim" => 0.0001, "delta" => 0.02, "boundary" => 0, "Delta" => 10.0, "q" => 0.2, "zmax" => 5.0, "logadjustment" => 1, "zscale" => 2.0, "foc" => 1, "distorted" => 0, "rho" => 1.0, "gamma" => 4.0)
=============================================================
./output/upper_triangular_four_ambiguous_parameters/Delta_10.0_distorted_0/logadjustment_1_boundary_0/zmax_5.0_zscale_2.0/delta_0.02/q_0.2_gamma_4.0_rho_1.0/
=============================================================
solve for structured linear system 
structured_relative_entropy = 0.20231002862887967
=============================================================
solve for unstructured linear system 
q_update = 0.18110661192912136
=============================================================
Program ends Fri Jan 19 22:18:41 CST 2024
Elapsed time: 0 days 00 hr 01 min 19 sec
