D_10.0_distorted_0_boundary_1_delta_0.01_gamma_1.0_q_0.1_rho_1.0_upper_triangular_two_ambiguous_parameters
Program starts Fri Jan 19 22:18:52 CST 2024
parsed_args = parse_commandline() = Dict{String, Any}("dataname" => "upper_triangular_two_ambiguous_parameters", "clowerlim" => 0.0001, "delta" => 0.01, "boundary" => 1, "Delta" => 10.0, "q" => 0.1, "zmax" => 5.0, "logadjustment" => 1, "zscale" => 2.0, "foc" => 1, "distorted" => 0, "rho" => 1.0, "gamma" => 1.0)
=============================================================
logadjustment: true
reflective_boundary: true
0.0922
U: [1.0331966455186503 0.4546065240282061; 0.0 0.06463435618925897]
L: [1.0331966455186503 0.0; 0.4546065240282061 0.06463435618925897]
[-2.220446049250313e-16 0.0; 0.0 0.0]
sigma_k: [0.010331966455186503, 0.004546065240282061]
sigma_z: [0.0, 0.06463435618925897]
Compute value function WITH ROBUSTNESS
computing undistorted version...
zmax = 5.0, zmin = -5.0, zlength = 401
reflective boundary condition
----------------------------------
Iteration = 1
Distance = 1.2204689239537538
v max = -0.8143855429735102
v min = -3.220468923953754
d max = 0.07611111111111112
d min = 0.07611111111111112
dF max = 0.07611111111111112
dB max = 0.07611111111111112
hk max = 0.010331966455186503
hk min = 0.010331966455186503
hz max = 0.004546065240282061
hz min = 0.004546065240282061
lambdaF max = Inf
lambdaF min = 0.004177590819662042
lambdaB max = Inf
lambdaB min = 0.004177590819662042
----------------------------------
----------------------------------
Iteration = 2
Distance = 1.0547774485794177
v max = -0.6063826804100221
v min = -4.2752463725331715
d max = 0.07611111111111112
d min = 0.07611111111111112
dF max = 0.07611111111111112
dB max = 0.07611111111111112
hk max = 0.010331966455186503
hk min = 0.010331966455186503
hz max = 0.020120608900346955
hz min = 0.016576009988621895
lambdaF max = Inf
lambdaF min = 0.004177590819662042
lambdaB max = Inf
lambdaB min = 0.004177590819662042
----------------------------------
----------------------------------
Iteration = 3
Distance = 0.7621158177004475
v max = -0.5088537726317788
v min = -5.037362190233619
d max = 0.07611111111111112
d min = 0.07611111111111112
dF max = 0.07611111111111112
dB max = 0.07611111111111112
hk max = 0.010331966455186503
hk min = 0.010331966455186503
hz max = 0.033580361882183773
hz min = 0.020980323291818002
lambdaF max = Inf
lambdaF min = 0.004177590819662042
lambdaB max = Inf
lambdaB min = 0.004177590819662042
----------------------------------
----------------------------------
Iteration = 4
Distance = 0.557042384101873
v max = -0.47909024332532824
v min = -5.594404574335492
d max = 0.07611111111111112
d min = 0.07611111111111112
dF max = 0.07611111111111112
dB max = 0.07611111111111112
hk max = 0.010331966455186503
hk min = 0.010331966455186503
hz max = 0.04326838115182724
hz min = 0.020930845186892436
lambdaF max = Inf
lambdaF min = 0.004177590819662042
lambdaB max = Inf
lambdaB min = 0.004177590819662042
----------------------------------
----------------------------------
Iteration = 5
Distance = 0.41438207398004234
v max = -0.478384870994233
v min = -6.008786648315534
d max = 0.07611111111111112
d min = 0.07611111111111112
dF max = 0.07611111111111112
dB max = 0.07611111111111112
hk max = 0.010331966455186503
hk min = 0.010331966455186503
hz max = 0.050312070810610725
hz min = 0.022440888760209565
lambdaF max = Inf
lambdaF min = 0.004177590819662042
lambdaB max = Inf
lambdaB min = 0.004177590819662042
----------------------------------
----------------------------------
Iteration = 6
Distance = 0.3106922527767422
v max = -0.48838419029084057
v min = -6.3194789010922765
d max = 0.07611111111111112
d min = 0.07611111111111112
dF max = 0.07611111111111112
dB max = 0.07611111111111112
hk max = 0.010331966455186503
hk min = 0.010331966455186503
hz max = 0.05551429200035185
hz min = 0.021994720042284747
lambdaF max = Inf
lambdaF min = 0.004177590819662042
lambdaB max = Inf
lambdaB min = 0.004177590819662042
----------------------------------
----------------------------------
Iteration = 7
Distance = 0.23418091879439196
v max = -0.505904616519265
v min = -6.5536598198866685
d max = 0.07611111111111112
d min = 0.07611111111111112
dF max = 0.07611111111111112
dB max = 0.07611111111111112
hk max = 0.010331966455186503
hk min = 0.010331966455186503
hz max = 0.059375836491955644
hz min = 0.02258177985306259
lambdaF max = Inf
lambdaF min = 0.004177590819662042
lambdaB max = Inf
lambdaB min = 0.004177590819662042
----------------------------------
----------------------------------
Iteration = 8
Distance = 0.17737676733342678
v max = -0.5249688899207304
v min = -6.731036587220095
d max = 0.07611111111111112
d min = 0.07611111111111112
dF max = 0.07611111111111112
dB max = 0.07611111111111112
hk max = 0.010331966455186503
hk min = 0.010331966455186503
hz max = 0.062246247917912015
hz min = 0.022346537994356402
lambdaF max = Inf
lambdaF min = 0.004177590819662042
lambdaB max = Inf
lambdaB min = 0.004177590819662042
----------------------------------
----------------------------------
Iteration = 9
Distance = 0.1350691886767592
v max = -0.5459364487437312
v min = -6.8661057758968544
d max = 0.07611111111111112
d min = 0.07611111111111112
dF max = 0.07611111111111112
dB max = 0.07611111111111112
hk max = 0.010331966455186503
hk min = 0.010331966455186503
hz max = 0.06437959740003074
hz min = 0.022593223722428925
lambdaF max = Inf
lambdaF min = 0.004177590819662042
lambdaB max = Inf
lambdaB min = 0.004177590819662042
----------------------------------
----------------------------------
Iteration = 10
Distance = 0.10349097073534441
v max = -0.56587165307029
v min = -6.969596746632199
d max = 0.07611111111111112
d min = 0.07611111111111112
dF max = 0.07611111111111112
dB max = 0.07611111111111112
hk max = 0.010331966455186503
hk min = 0.010331966455186503
hz max = 0.06596349747025686
hz min = 0.022493458405335724
lambdaF max = Inf
lambdaF min = 0.004177590819662042
lambdaB max = Inf
lambdaB min = 0.004177590819662042
----------------------------------
----------------------------------
Iteration = 11
Distance = 0.07987536890373992
v max = -0.5858306329870593
v min = -7.049472115535939
d max = 0.07611111111111112
d min = 0.07611111111111112
dF max = 0.07611111111111112
dB max = 0.07611111111111112
hk max = 0.010331966455186503
hk min = 0.010331966455186503
hz max = 0.06713753649494458
hz min = 0.022588861698197453
lambdaF max = Inf
lambdaF min = 0.004177590819662042
lambdaB max = Inf
lambdaB min = 0.004177590819662042
----------------------------------
----------------------------------
Iteration = 12
Distance = 0.06217541749465649
v max = -0.6041383781197402
v min = -7.111647533030595
d max = 0.07611111111111112
d min = 0.07611111111111112
dF max = 0.07611111111111112
dB max = 0.07611111111111112
hk max = 0.010331966455186503
hk min = 0.010331966455186503
hz max = 0.0680059763350363
hz min = 0.02255817372149191
lambdaF max = Inf
lambdaF min = 0.004177590819662042
lambdaB max = Inf
lambdaB min = 0.004177590819662042
----------------------------------
----------------------------------
Iteration = 13
Distance = 0.04887164287533796
v max = -0.6217711384618516
v min = -7.160519175905933
d max = 0.07611111111111112
d min = 0.07611111111111112
dF max = 0.07611111111111112
dB max = 0.07611111111111112
hk max = 0.010331966455186503
hk min = 0.010331966455186503
hz max = 0.06864683461713862
hz min = 0.02258661935437431
lambdaF max = Inf
lambdaF min = 0.004177590819662042
lambdaB max = Inf
lambdaB min = 0.004177590819662042
----------------------------------
----------------------------------
Iteration = 14
Distance = 0.038834850851031
v max = -0.6377486626562082
v min = -7.199354026756964
d max = 0.07611111111111112
d min = 0.07611111111111112
dF max = 0.07611111111111112
dB max = 0.07611111111111112
hk max = 0.010331966455186503
hk min = 0.010331966455186503
hz max = 0.06911851689667871
hz min = 0.022586057549264647
lambdaF max = Inf
lambdaF min = 0.004177590819662042
lambdaB max = Inf
lambdaB min = 0.004177590819662042
----------------------------------
----------------------------------
Iteration = 15
Distance = 0.031225988837117136
v max = -0.6528297072698289
v min = -7.230580015594081
d max = 0.07611111111111112
d min = 0.07611111111111112
dF max = 0.07611111111111112
dB max = 0.07611111111111112
hk max = 0.010331966455186503
hk min = 0.010331966455186503
hz max = 0.06946472196536341
hz min = 0.022587110970736228
lambdaF max = Inf
lambdaF min = 0.004177590819662042
lambdaB max = Inf
lambdaB min = 0.004177590819662042
----------------------------------
----------------------------------
Iteration = 16
Distance = 0.025422129866205623
v max = -0.6664402628605893
v min = -7.256002145460287
d max = 0.07611111111111112
d min = 0.07611111111111112
dF max = 0.07611111111111112
dB max = 0.07611111111111112
hk max = 0.010331966455186503
hk min = 0.010331966455186503
hz max = 0.06971810086299837
hz min = 0.022597282205946128
lambdaF max = Inf
lambdaF min = 0.004177590819662042
lambdaB max = Inf
lambdaB min = 0.004177590819662042
----------------------------------
----------------------------------
Iteration = 17
Distance = 0.02096137611239879
v max = -0.6791313811882761
v min = -7.276963521572686
d max = 0.07611111111111112
d min = 0.07611111111111112
dF max = 0.07611111111111112
dB max = 0.07611111111111112
hk max = 0.010331966455186503
hk min = 0.010331966455186503
hz max = 0.06990300189227122
hz min = 0.02258894402159105
lambdaF max = Inf
lambdaF min = 0.004177590819662042
lambdaB max = Inf
lambdaB min = 0.004177590819662042
----------------------------------
----------------------------------
Iteration = 18
Distance = 0.01750170024389419
v max = -0.6905804465298189
v min = -7.29446522181658
d max = 0.07611111111111112
d min = 0.07611111111111112
dF max = 0.07611111111111112
dB max = 0.07611111111111112
hk max = 0.010331966455186503
hk min = 0.010331966455186503
hz max = 0.07003753746788877
hz min = 0.022601067342356944
lambdaF max = Inf
lambdaF min = 0.004177590819662042
lambdaB max = Inf
lambdaB min = 0.004177590819662042
----------------------------------
----------------------------------
Iteration = 19
Distance = 0.014790161467209906
v max = -0.7011690369135124
v min = -7.30925538328379
d max = 0.07611111111111112
d min = 0.07611111111111112
dF max = 0.07611111111111112
dB max = 0.07611111111111112
hk max = 0.010331966455186503
hk min = 0.010331966455186503
hz max = 0.0701351433879867
hz min = 0.022591141650692946
lambdaF max = Inf
lambdaF min = 0.004177590819662042
lambdaB max = Inf
lambdaB min = 0.004177590819662042
----------------------------------
----------------------------------
Iteration = 20
Distance = 0.012639889984359165
v max = -0.7107327707411192
v min = -7.321895273268149
d max = 0.07611111111111112
d min = 0.07611111111111112
dF max = 0.07611111111111112
dB max = 0.07611111111111112
hk max = 0.010331966455186503
hk min = 0.010331966455186503
hz max = 0.07020575580338877
hz min = 0.022601700632089956
lambdaF max = Inf
lambdaF min = 0.004177590819662042
lambdaB max = Inf
lambdaB min = 0.004177590819662042
----------------------------------
----------------------------------
Iteration = 21
Distance = 0.010912904991868366
v max = -0.7195263687754504
v min = -7.332808178260017
d max = 0.07611111111111112
d min = 0.07611111111111112
dF max = 0.07611111111111112
dB max = 0.07611111111111112
hk max = 0.010331966455186503
hk min = 0.010331966455186503
hz max = 0.07025669902898547
hz min = 0.02259318178251093
lambdaF max = Inf
lambdaF min = 0.004177590819662042
lambdaB max = Inf
lambdaB min = 0.004177590819662042
----------------------------------
----------------------------------
Iteration = 22
Distance = 0.00950731620856704
v max = -0.7274829110359906
v min = -7.3423154944685844
d max = 0.07611111111111112
d min = 0.07611111111111112
dF max = 0.07611111111111112
dB max = 0.07611111111111112
hk max = 0.010331966455186503
hk min = 0.010331966455186503
hz max = 0.07029335413954499
hz min = 0.02260116817286912
lambdaF max = Inf
lambdaF min = 0.004177590819662042
lambdaB max = Inf
lambdaB min = 0.004177590819662042
----------------------------------
----------------------------------
Iteration = 23
Distance = 0.008347816378923234
v max = -0.7347676468910376
v min = -7.350663310847508
d max = 0.07611111111111112
d min = 0.07611111111111112
dF max = 0.07611111111111112
dB max = 0.07611111111111112
hk max = 0.010331966455186503
hk min = 0.010331966455186503
hz max = 0.07031966126296867
hz min = 0.02259484868916045
lambdaF max = Inf
lambdaF min = 0.004177590819662042
lambdaB max = Inf
lambdaB min = 0.004177590819662042
----------------------------------
----------------------------------
Iteration = 24
Distance = 0.007378639540063681
v max = -0.7413710157828443
v min = -7.358041950387571
d max = 0.07611111111111112
d min = 0.07611111111111112
dF max = 0.07611111111111112
dB max = 0.07611111111111112
hk max = 0.010331966455186503
hk min = 0.010331966455186503
hz max = 0.07033849580416639
hz min = 0.022600349378388358
lambdaF max = Inf
lambdaF min = 0.004177590819662042
lambdaB max = Inf
lambdaB min = 0.004177590819662042
----------------------------------
----------------------------------
Iteration = 25
Distance = 0.006558361638739463
v max = -0.7473978843606325
v min = -7.364600312026311
d max = 0.07611111111111112
d min = 0.07611111111111112
dF max = 0.07611111111111112
dB max = 0.07611111111111112
hk max = 0.010331966455186503
hk min = 0.010331966455186503
hz max = 0.07035194927706913
hz min = 0.02259610260065328
lambdaF max = Inf
lambdaF min = 0.004177590819662042
lambdaB max = Inf
lambdaB min = 0.004177590819662042
----------------------------------
----------------------------------
Iteration = 26
Distance = 0.005856073203925227
v max = -0.7528699636145441
v min = -7.370456385230236
d max = 0.07611111111111112
d min = 0.07611111111111112
dF max = 0.07611111111111112
dB max = 0.07611111111111112
hk max = 0.010331966455186503
hk min = 0.010331966455186503
hz max = 0.07036153815546053
hz min = 0.022599595731073535
lambdaF max = Inf
lambdaF min = 0.004177590819662042
lambdaB max = Inf
lambdaB min = 0.004177590819662042
----------------------------------
----------------------------------
Iteration = 27
Distance = 0.0052485702029123615
v max = -0.757852902749786
v min = -7.375704955433148
d max = 0.07611111111111112
d min = 0.07611111111111112
dF max = 0.07611111111111112
dB max = 0.07611111111111112
hk max = 0.010331966455186503
hk min = 0.010331966455186503
hz max = 0.0703683585920605
hz min = 0.022596987424396833
lambdaF max = Inf
lambdaF min = 0.004177590819662042
lambdaB max = Inf
lambdaB min = 0.004177590819662042
----------------------------------
----------------------------------
Iteration = 28
Distance = 0.0047182977012978355
v max = -0.7623831213256048
v min = -7.380423253134446
d max = 0.07611111111111112
d min = 0.07611111111111112
dF max = 0.07611111111111112
dB max = 0.07611111111111112
hk max = 0.010331966455186503
hk min = 0.010331966455186503
hz max = 0.07037320058552243
hz min = 0.022599016571833844
lambdaF max = Inf
lambdaF min = 0.004177590819662042
lambdaB max = Inf
lambdaB min = 0.004177590819662042
----------------------------------
----------------------------------
Iteration = 29
Distance = 0.004251848073947961
v max = -0.7665017545022195
v min = -7.384675101208394
d max = 0.07611111111111112
d min = 0.07611111111111112
dF max = 0.07611111111111112
dB max = 0.07611111111111112
hk max = 0.010331966455186503
hk min = 0.010331966455186503
hz max = 0.07037663189355246
hz min = 0.02259757653963768
lambdaF max = Inf
lambdaF min = 0.004177590819662042
lambdaB max = Inf
lambdaB min = 0.004177590819662042
----------------------------------
----------------------------------
Iteration = 30
Distance = 0.0038388662705743926
v max = -0.7702498193090032
v min = -7.388513967478969
d max = 0.07611111111111112
d min = 0.07611111111111112
dF max = 0.07611111111111112
dB max = 0.07611111111111112
hk max = 0.010331966455186503
hk min = 0.010331966455186503
hz max = 0.07037906238639091
hz min = 0.02259861798317317
lambdaF max = Inf
lambdaF min = 0.004177590819662042
lambdaB max = Inf
lambdaB min = 0.004177590819662042
----------------------------------
----------------------------------
Iteration = 31
Distance = 0.003471252862865093
v max = -0.7736537339879462
v min = -7.391985220341834
d max = 0.07611111111111112
d min = 0.07611111111111112
dF max = 0.07611111111111112
dB max = 0.07611111111111112
hk max = 0.010331966455186503
hk min = 0.010331966455186503
hz max = 0.07038078042395632
hz min = 0.02259794538188143
lambdaF max = Inf
lambdaF min = 0.004177590819662042
lambdaB max = Inf
lambdaB min = 0.004177590819662042
----------------------------------
----------------------------------
Iteration = 32
Distance = 0.003142584258147174
v max = -0.776753328419493
v min = -7.395127804599981
d max = 0.07611111111111112
d min = 0.07611111111111112
dF max = 0.07611111111111112
dB max = 0.07611111111111112
hk max = 0.010331966455186503
hk min = 0.010331966455186503
hz max = 0.07038199238102674
hz min = 0.02259836833385302
lambdaF max = Inf
lambdaF min = 0.004177590819662042
lambdaB max = Inf
lambdaB min = 0.004177590819662042
----------------------------------
----------------------------------
Iteration = 33
Distance = 0.002847690848811979
v max = -0.7795665509891837
v min = -7.397975495448793
d max = 0.07611111111111112
d min = 0.07611111111111112
dF max = 0.07611111111111112
dB max = 0.07611111111111112
hk max = 0.010331966455186503
hk min = 0.010331966455186503
hz max = 0.07038284620717702
hz min = 0.02259815953684067
lambdaF max = Inf
lambdaF min = 0.004177590819662042
lambdaB max = Inf
lambdaB min = 0.004177590819662042
----------------------------------
----------------------------------
Iteration = 34
Distance = 0.002582349748233348
v max = -0.7821290930894198
v min = -7.400557845197026
d max = 0.07611111111111112
d min = 0.07611111111111112
dF max = 0.07611111111111112
dB max = 0.07611111111111112
hk max = 0.010331966455186503
hk min = 0.010331966455186503
hz max = 0.07038344700077694
hz min = 0.022598227817126997
lambdaF max = Inf
lambdaF min = 0.004177590819662042
lambdaB max = Inf
lambdaB min = 0.004177590819662042
----------------------------------
----------------------------------
Iteration = 35
Distance = 0.002343060502364658
v max = -0.7844542211864736
v min = -7.402900905699391
d max = 0.07611111111111112
d min = 0.07611111111111112
dF max = 0.07611111111111112
dB max = 0.07611111111111112
hk max = 0.010331966455186503
hk min = 0.010331966455186503
hz max = 0.07038386927857809
hz min = 0.022598270970613253
lambdaF max = Inf
lambdaF min = 0.004177590819662042
lambdaB max = Inf
lambdaB min = 0.004177590819662042
----------------------------------
----------------------------------
Iteration = 36
Distance = 0.00212688080451251
v max = -0.7865723195789198
v min = -7.405027786503903
d max = 0.07611111111111112
d min = 0.07611111111111112
dF max = 0.07611111111111112
dB max = 0.07611111111111112
hk max = 0.010331966455186503
hk min = 0.010331966455186503
hz max = 0.07038416578167987
hz min = 0.022598160562560546
lambdaF max = Inf
lambdaF min = 0.004177590819662042
lambdaB max = Inf
lambdaB min = 0.004177590819662042
----------------------------------
----------------------------------
Iteration = 37
Distance = 0.0019313055682097513
v max = -0.7884941318961607
v min = -7.406959092072113
d max = 0.07611111111111112
d min = 0.07611111111111112
dF max = 0.07611111111111112
dB max = 0.07611111111111112
hk max = 0.010331966455186503
hk min = 0.010331966455186503
hz max = 0.07038437377848364
hz min = 0.022598318232182085
lambdaF max = Inf
lambdaF min = 0.004177590819662042
lambdaB max = Inf
lambdaB min = 0.004177590819662042
----------------------------------
----------------------------------
Iteration = 38
Distance = 0.0017541773306595232
v max = -0.7902446224168341
v min = -7.408713269402773
d max = 0.07611111111111112
d min = 0.07611111111111112
dF max = 0.07611111111111112
dB max = 0.07611111111111112
hk max = 0.010331966455186503
hk min = 0.010331966455186503
hz max = 0.07038451956465644
hz min = 0.02259813851078457
lambdaF max = Inf
lambdaF min = 0.004177590819662042
lambdaB max = Inf
lambdaB min = 0.004177590819662042
----------------------------------
----------------------------------
Iteration = 39
Distance = 0.0015936193153445188
v max = -0.7918331443776405
v min = -7.410306888718117
d max = 0.07611111111111112
d min = 0.07611111111111112
dF max = 0.07611111111111112
dB max = 0.07611111111111112
hk max = 0.010331966455186503
hk min = 0.010331966455186503
hz max = 0.07038462166839149
hz min = 0.0225983283683348
lambdaF max = Inf
lambdaF min = 0.004177590819662042
lambdaB max = Inf
lambdaB min = 0.004177590819662042
----------------------------------
----------------------------------
Iteration = 40
Distance = 0.0014479849133044453
v max = -0.7932796964914318
v min = -7.411754873631422
d max = 0.07611111111111112
d min = 0.07611111111111112
dF max = 0.07611111111111112
dB max = 0.07611111111111112
hk max = 0.010331966455186503
hk min = 0.010331966455186503
hz max = 0.07038469312847456
hz min = 0.02259814160702968
lambdaF max = Inf
lambdaF min = 0.004177590819662042
lambdaB max = Inf
lambdaB min = 0.004177590819662042
----------------------------------
----------------------------------
Iteration = 41
Distance = 0.0013158190977264894
v max = -0.7945927648470289
v min = -7.413070692729148
d max = 0.07611111111111112
d min = 0.07611111111111112
dF max = 0.07611111111111112
dB max = 0.07611111111111112
hk max = 0.010331966455186503
hk min = 0.010331966455186503
hz max = 0.0703847431101121
hz min = 0.022598319352031958
lambdaF max = Inf
lambdaF min = 0.004177590819662042
lambdaB max = Inf
lambdaB min = 0.004177590819662042
----------------------------------
----------------------------------
Iteration = 42
Distance = 0.001195828550871525
v max = -0.7957880898565122
v min = -7.41426652128002
d max = 0.07611111111111112
d min = 0.07611111111111112
dF max = 0.07611111111111112
dB max = 0.07611111111111112
hk max = 0.010331966455186503
hk min = 0.010331966455186503
hz max = 0.07038477804900356
hz min = 0.022598156556346408
lambdaF max = Inf
lambdaF min = 0.004177590819662042
lambdaB max = Inf
lambdaB min = 0.004177590819662042
----------------------------------
----------------------------------
Iteration = 43
Distance = 0.0010868581894456497
v max = -0.796873480736276
v min = -7.415353379469465
d max = 0.07611111111111112
d min = 0.07611111111111112
dF max = 0.07611111111111112
dB max = 0.07611111111111112
hk max = 0.010331966455186503
hk min = 0.010331966455186503
hz max = 0.07038480245988694
hz min = 0.02259830242492185
lambdaF max = Inf
lambdaF min = 0.004177590819662042
lambdaB max = Inf
lambdaB min = 0.004177590819662042
----------------------------------
----------------------------------
Iteration = 44
Distance = 0.000988032636829339
v max = -0.7978611882727601
v min = -7.416341251895369
d max = 0.07611111111111112
d min = 0.07611111111111112
dF max = 0.07611111111111112
dB max = 0.07611111111111112
hk max = 0.010331966455186503
hk min = 0.010331966455186503
hz max = 0.07038481950719262
hz min = 0.02259817520967475
lambdaF max = Inf
lambdaF min = 0.004177590819662042
lambdaB max = Inf
lambdaB min = 0.004177590819662042
----------------------------------
----------------------------------
Iteration = 45
Distance = 0.0008979399685422607
v max = -0.7987583755148653
v min = -7.417239191863911
d max = 0.07611111111111112
d min = 0.07611111111111112
dF max = 0.07611111111111112
dB max = 0.07611111111111112
hk max = 0.010331966455186503
hk min = 0.010331966455186503
hz max = 0.07038483140718516
hz min = 0.02259828409406409
lambdaF max = Inf
lambdaF min = 0.004177590819662042
lambdaB max = Inf
lambdaB min = 0.004177590819662042
----------------------------------
----------------------------------
Iteration = 46
Distance = 0.0008164813686011296
v max = -0.799574526784854
v min = -7.418055413159878
d max = 0.07611111111111112
d min = 0.07611111111111112
dF max = 0.07611111111111112
dB max = 0.07611111111111112
hk max = 0.010331966455186503
hk min = 0.010331966455186503
hz max = 0.07038483971093765
hz min = 0.02259819305259417
lambdaF max = Inf
lambdaF min = 0.004177590819662042
lambdaB max = Inf
lambdaB min = 0.004177590819662042
----------------------------------
----------------------------------
Iteration = 47
Distance = 0.0007419581797112329
v max = -0.8003161318649414
v min = -7.418797371339589
d max = 0.07611111111111112
d min = 0.07611111111111112
dF max = 0.07611111111111112
dB max = 0.07611111111111112
hk max = 0.010331966455186503
hk min = 0.010331966455186503
hz max = 0.07038484550329702
hz min = 0.02259826770793452
lambdaF max = Inf
lambdaF min = 0.004177590819662042
lambdaB max = Inf
lambdaB min = 0.004177590819662042
----------------------------------
----------------------------------
Iteration = 48
Distance = 0.0006747159864074481
v max = -0.8009905349402108
v min = -7.419471836137834
d max = 0.07611111111111112
d min = 0.07611111111111112
dF max = 0.07611111111111112
dB max = 0.07611111111111112
hk max = 0.010331966455186503
hk min = 0.010331966455186503
hz max = 0.07038484954259616
hz min = 0.022598207970034603
lambdaF max = Inf
lambdaF min = 0.004177590819662042
lambdaB max = Inf
lambdaB min = 0.004177590819662042
----------------------------------
----------------------------------
Iteration = 49
Distance = 0.0006131201073875658
v max = -0.8016035217484063
v min = -7.420084956245222
d max = 0.07611111111111112
d min = 0.07611111111111112
dF max = 0.07611111111111112
dB max = 0.07611111111111112
hk max = 0.010331966455186503
hk min = 0.010331966455186503
hz max = 0.07038485235864737
hz min = 0.02259825463013733
lambdaF max = Inf
lambdaF min = 0.004177590819662042
lambdaB max = Inf
lambdaB min = 0.004177590819662042
----------------------------------
----------------------------------
Iteration = 50
Distance = 0.0005575678803363404
v max = -0.8021608091819228
v min = -7.420642317464006
d max = 0.07611111111111112
d min = 0.07611111111111112
dF max = 0.07611111111111112
dB max = 0.07611111111111112
hk max = 0.010331966455186503
hk min = 0.010331966455186503
hz max = 0.07038485432141481
hz min = 0.022598219317472225
lambdaF max = Inf
lambdaF min = 0.004177590819662042
lambdaB max = Inf
lambdaB min = 0.004177590819662042
----------------------------------
----------------------------------
Iteration = 51
Distance = 0.0005066776007369711
v max = -0.8026674685948508
v min = -7.421148995064743
d max = 0.07611111111111112
d min = 0.07611111111111112
dF max = 0.07611111111111112
dB max = 0.07611111111111112
hk max = 0.010331966455186503
hk min = 0.010331966455186503
hz max = 0.07038485568916034
hz min = 0.02259824506983837
lambdaF max = Inf
lambdaF min = 0.004177590819662042
lambdaB max = Inf
lambdaB min = 0.004177590819662042
----------------------------------
----------------------------------
Iteration = 52
Distance = 0.0004607632204935985
v max = -0.8031279923061997
v min = -7.421609601025274
d max = 0.07611111111111112
d min = 0.07611111111111112
dF max = 0.07611111111111112
dB max = 0.07611111111111112
hk max = 0.010331966455186503
hk min = 0.010331966455186503
hz max = 0.07038485664208403
hz min = 0.022598227266900802
lambdaF max = Inf
lambdaF min = 0.004177590819662042
lambdaB max = Inf
lambdaB min = 0.004177590819662042
----------------------------------
----------------------------------
Iteration = 53
Distance = 0.0004187616007877981
v max = -0.8035467539069875
v min = -7.4220283267251705
d max = 0.07611111111111112
d min = 0.07611111111111112
dF max = 0.07611111111111112
dB max = 0.07611111111111112
hk max = 0.010331966455186503
hk min = 0.010331966455186503
hz max = 0.0703848573058885
hz min = 0.02259823863973837
lambdaF max = Inf
lambdaF min = 0.004177590819662042
lambdaB max = Inf
lambdaB min = 0.004177590819662042
----------------------------------
----------------------------------
Iteration = 54
Distance = 0.00038076916167206765
v max = -0.8039273272327657
v min = -7.4224089815843355
d max = 0.07611111111111112
d min = 0.07611111111111112
dF max = 0.07611111111111112
dB max = 0.07611111111111112
hk max = 0.010331966455186503
hk min = 0.010331966455186503
hz max = 0.07038485776821794
hz min = 0.022598232374226073
lambdaF max = Inf
lambdaF min = 0.004177590819662042
lambdaB max = Inf
lambdaB min = 0.004177590819662042
----------------------------------
----------------------------------
Iteration = 55
Distance = 0.00034610195859907655
v max = -0.8042734289580459
v min = -7.422755028067155
d max = 0.07611111111111112
d min = 0.07611111111111112
dF max = 0.07611111111111112
dB max = 0.07611111111111112
hk max = 0.010331966455186503
hk min = 0.010331966455186503
hz max = 0.07038485809018535
hz min = 0.022598234709532608
lambdaF max = Inf
lambdaF min = 0.004177590819662042
lambdaB max = Inf
lambdaB min = 0.004177590819662042
----------------------------------
----------------------------------
Iteration = 56
Distance = 0.0003146659692403464
v max = -0.8045879412310479
v min = -7.423069613419466
d max = 0.07611111111111112
d min = 0.07611111111111112
dF max = 0.07611111111111112
dB max = 0.07611111111111112
hk max = 0.010331966455186503
hk min = 0.010331966455186503
hz max = 0.07038485831437055
hz min = 0.022598235312749335
lambdaF max = Inf
lambdaF min = 0.004177590819662042
lambdaB max = Inf
lambdaB min = 0.004177590819662042
----------------------------------
----------------------------------
Iteration = 57
Distance = 0.0002860428849275065
v max = -0.8048739821964832
v min = -7.423355598461071
d max = 0.07611111111111112
d min = 0.07611111111111112
dF max = 0.07611111111111112
dB max = 0.07611111111111112
hk max = 0.010331966455186503
hk min = 0.010331966455186503
hz max = 0.07038485847045745
hz min = 0.022598232613322694
lambdaF max = Inf
lambdaF min = 0.004177590819662042
lambdaB max = Inf
lambdaB min = 0.004177590819662042
----------------------------------
----------------------------------
Iteration = 58
Distance = 0.0002600409185075092
v max = -0.805133907252691
v min = -7.423615583719405
d max = 0.07611111111111112
d min = 0.07611111111111112
dF max = 0.07611111111111112
dB max = 0.07611111111111112
hk max = 0.010331966455186503
hk min = 0.010331966455186503
hz max = 0.07038485857912401
hz min = 0.022598236723986857
lambdaF max = Inf
lambdaF min = 0.004177590819662042
lambdaB max = Inf
lambdaB min = 0.004177590819662042
----------------------------------
----------------------------------
Iteration = 59
Distance = 0.00023640177771711013
v max = -0.8053703044363434
v min = -7.423851933158628
d max = 0.07611111111111112
d min = 0.07611111111111112
dF max = 0.07611111111111112
dB max = 0.07611111111111112
hk max = 0.010331966455186503
hk min = 0.010331966455186503
hz max = 0.07038485865476785
hz min = 0.022598231757910828
lambdaF max = Inf
lambdaF min = 0.004177590819662042
lambdaB max = Inf
lambdaB min = 0.004177590819662042
----------------------------------
----------------------------------
Iteration = 60
Distance = 0.00021490039180738219
v max = -0.8055851210285225
v min = -7.4240667957314805
d max = 0.07611111111111112
d min = 0.07611111111111112
dF max = 0.07611111111111112
dB max = 0.07611111111111112
hk max = 0.010331966455186503
hk min = 0.010331966455186503
hz max = 0.0703848587074191
hz min = 0.022598237146633525
lambdaF max = Inf
lambdaF min = 0.004177590819662042
lambdaB max = Inf
lambdaB min = 0.004177590819662042
----------------------------------
----------------------------------
Iteration = 61
Distance = 0.0001953731629219524
v max = -0.8057804867441434
v min = -7.424262124957791
d max = 0.07611111111111112
d min = 0.07611111111111112
dF max = 0.07611111111111112
dB max = 0.07611111111111112
hk max = 0.010331966455186503
hk min = 0.010331966455186503
hz max = 0.07038485874406764
hz min = 0.02259823166760499
lambdaF max = Inf
lambdaF min = 0.004177590819662042
lambdaB max = Inf
lambdaB min = 0.004177590819662042
----------------------------------
----------------------------------
Iteration = 62
Distance = 0.00017759712914655612
v max = -0.8059580259155243
v min = -7.424439696713536
d max = 0.07611111111111112
d min = 0.07611111111111112
dF max = 0.07611111111111112
dB max = 0.07611111111111112
hk max = 0.010331966455186503
hk min = 0.010331966455186503
hz max = 0.07038485876957465
hz min = 0.022598236994117903
lambdaF max = Inf
lambdaF min = 0.004177590819662042
lambdaB max = Inf
lambdaB min = 0.004177590819662042
----------------------------------
----------------------------------
Iteration = 63
Distance = 0.00016146386083504272
v max = -0.8061194799513554
v min = -7.424601125395788
d max = 0.07611111111111112
d min = 0.07611111111111112
dF max = 0.07611111111111112
dB max = 0.07611111111111112
hk max = 0.010331966455186503
hk min = 0.010331966455186503
hz max = 0.07038485878732254
hz min = 0.022598231991294033
lambdaF max = Inf
lambdaF min = 0.004177590819662042
lambdaB max = Inf
lambdaB min = 0.004177590819662042
----------------------------------
----------------------------------
Iteration = 64
Distance = 0.0001467700638836389
v max = -0.8062662119359773
v min = -7.424747878613434
d max = 0.07611111111111112
d min = 0.07611111111111112
dF max = 0.07611111111111112
dB max = 0.07611111111111112
hk max = 0.010331966455186503
hk min = 0.010331966455186503
hz max = 0.07038485879967879
hz min = 0.022598236559726082
lambdaF max = Inf
lambdaF min = 0.004177590819662042
lambdaB max = Inf
lambdaB min = 0.004177590819662042
----------------------------------
----------------------------------
Iteration = 65
Distance = 0.00013343918529851173
v max = -0.806399639746461
v min = -7.424881290539119
d max = 0.07611111111111112
d min = 0.07611111111111112
dF max = 0.07611111111111112
dB max = 0.07611111111111112
hk max = 0.010331966455186503
hk min = 0.010331966455186503
hz max = 0.07038485880827604
hz min = 0.022598232489504176
lambdaF max = Inf
lambdaF min = 0.004177590819662042
lambdaB max = Inf
lambdaB min = 0.004177590819662042
----------------------------------
----------------------------------
Iteration = 66
Distance = 0.00012129459029075473
v max = -0.8065209108588017
v min = -7.42500257404504
d max = 0.07611111111111112
d min = 0.07611111111111112
dF max = 0.07611111111111112
dB max = 0.07611111111111112
hk max = 0.010331966455186503
hk min = 0.010331966455186503
hz max = 0.07038485881426013
hz min = 0.02259823603511884
lambdaF max = Inf
lambdaF min = 0.004177590819662042
lambdaB max = Inf
lambdaB min = 0.004177590819662042
----------------------------------
----------------------------------
Iteration = 67
Distance = 0.00011027833018684152
v max = -0.8066311771707582
v min = -7.425112831733954
d max = 0.07611111111111112
d min = 0.07611111111111112
dF max = 0.07611111111111112
dB max = 0.07611111111111112
hk max = 0.010331966455186503
hk min = 0.010331966455186503
hz max = 0.07038485881841867
hz min = 0.022598233012924535
lambdaF max = Inf
lambdaF min = 0.004177590819662042
lambdaB max = Inf
lambdaB min = 0.004177590819662042
----------------------------------
----------------------------------
Iteration = 68
Distance = 0.00010024146673615064
v max = -0.8067314053750039
v min = -7.4252130659661635
d max = 0.07611111111111112
d min = 0.07611111111111112
dF max = 0.07611111111111112
dB max = 0.07611111111111112
hk max = 0.010331966455186503
hk min = 0.010331966455186503
hz max = 0.07038485882131428
hz min = 0.02259823553333024
lambdaF max = Inf
lambdaF min = 0.004177590819662042
lambdaB max = Inf
lambdaB min = 0.004177590819662042
----------------------------------
----------------------------------
Iteration = 69
Distance = 9.113732865406732e-5
v max = -0.8068225309185071
v min = -7.425304187974261
d max = 0.07611111111111112
d min = 0.07611111111111112
dF max = 0.07611111111111112
dB max = 0.07611111111111112
hk max = 0.010331966455186503
hk min = 0.010331966455186503
hz max = 0.07038485882333041
hz min = 0.02259823347935339
lambdaF max = Inf
lambdaF min = 0.004177590819662042
lambdaB max = Inf
lambdaB min = 0.004177590819662042
----------------------------------
----------------------------------
Iteration = 70
Distance = 8.284286099080607e-5
v max = -0.8069053672807928
v min = -7.425387026148697
d max = 0.07611111111111112
d min = 0.07611111111111112
dF max = 0.07611111111111112
dB max = 0.07611111111111112
hk max = 0.010331966455186503
hk min = 0.010331966455186503
hz max = 0.07038485882473114
hz min = 0.02259823511109317
lambdaF max = Inf
lambdaF min = 0.004177590819662042
lambdaB max = Inf
lambdaB min = 0.004177590819662042
----------------------------------
----------------------------------
Iteration = 71
Distance = 7.531860494980336e-5
v max = -0.8069806750056032
v min = -7.425462333569753
d max = 0.07611111111111112
d min = 0.07611111111111112
dF max = 0.07611111111111112
dB max = 0.07611111111111112
hk max = 0.010331966455186503
hk min = 0.010331966455186503
hz max = 0.07038485882570934
hz min = 0.022598233852825358
lambdaF max = Inf
lambdaF min = 0.004177590819662042
lambdaB max = Inf
lambdaB min = 0.004177590819662042
----------------------------------
----------------------------------
Iteration = 72
Distance = 6.846429892248818e-5
v max = -0.807049136989458
v min = -7.425530794854494
d max = 0.07611111111111112
d min = 0.07611111111111112
dF max = 0.07611111111111112
dB max = 0.07611111111111112
hk max = 0.010331966455186503
hk min = 0.010331966455186503
hz max = 0.07038485882638675
hz min = 0.022598234787929113
lambdaF max = Inf
lambdaF min = 0.004177590819662042
lambdaB max = Inf
lambdaB min = 0.004177590819662042
----------------------------------
----------------------------------
Iteration = 73
Distance = 6.224557525480456e-5
v max = -0.807111373022618
v min = -7.4255930323811175
d max = 0.07611111111111112
d min = 0.07611111111111112
dF max = 0.07611111111111112
dB max = 0.07611111111111112
hk max = 0.010331966455186503
hk min = 0.010331966455186503
hz max = 0.07038485882685519
hz min = 0.02259823412657935
lambdaF max = Inf
lambdaF min = 0.004177590819662042
lambdaB max = Inf
lambdaB min = 0.004177590819662042
----------------------------------
----------------------------------
Iteration = 74
Distance = 5.658152978582631e-5
v max = -0.8071679545524039
v min = -7.425649611947332
d max = 0.07611111111111112
d min = 0.07611111111111112
dF max = 0.07611111111111112
dB max = 0.07611111111111112
hk max = 0.010331966455186503
hk min = 0.010331966455186503
hz max = 0.07038485882718586
hz min = 0.02259823456106302
lambdaF max = Inf
lambdaF min = 0.004177590819662042
lambdaB max = Inf
lambdaB min = 0.004177590819662042
----------------------------------
----------------------------------
Iteration = 75
Distance = 5.144168714765751e-5
v max = -0.8072193882445717
v min = -7.425701047914191
d max = 0.07611111111111112
d min = 0.07611111111111112
dF max = 0.07611111111111112
dB max = 0.07611111111111112
hk max = 0.010331966455186503
hk min = 0.010331966455186503
hz max = 0.07038485882741319
hz min = 0.02259823431025282
lambdaF max = Inf
lambdaF min = 0.004177590819662042
lambdaB max = Inf
lambdaB min = 0.004177590819662042
----------------------------------
----------------------------------
Iteration = 76
Distance = 4.676235884093494e-5
v max = -0.8072661506015861
v min = -7.425747807882394
d max = 0.07611111111111112
d min = 0.07611111111111112
dF max = 0.07611111111111112
dB max = 0.07611111111111112
hk max = 0.010331966455186503
hk min = 0.010331966455186503
hz max = 0.07038485882757622
hz min = 0.022598234416229865
lambdaF max = Inf
lambdaF min = 0.004177590819662042
lambdaB max = Inf
lambdaB min = 0.004177590819662042
----------------------------------
----------------------------------
Iteration = 77
Distance = 4.2513081005557396e-5
v max = -0.8073086572617891
v min = -7.425790316943236
d max = 0.07611111111111112
d min = 0.07611111111111112
dF max = 0.07611111111111112
dB max = 0.07611111111111112
hk max = 0.010331966455186503
hk min = 0.010331966455186503
hz max = 0.07038485882768644
hz min = 0.022598234420952153
lambdaF max = Inf
lambdaF min = 0.004177590819662042
lambdaB max = Inf
lambdaB min = 0.004177590819662042
----------------------------------
----------------------------------
Iteration = 78
Distance = 3.8646967606137395e-5
v max = -0.8073473041654351
v min = -7.425828961543196
d max = 0.07611111111111112
d min = 0.07611111111111112
dF max = 0.07611111111111112
dB max = 0.07611111111111112
hk max = 0.010331966455186503
hk min = 0.010331966455186503
hz max = 0.07038485882776221
hz min = 0.022598234334908773
lambdaF max = Inf
lambdaF min = 0.004177590819662042
lambdaB max = Inf
lambdaB min = 0.004177590819662042
----------------------------------
----------------------------------
Iteration = 79
Distance = 3.513425054813002e-5
v max = -0.8073824334663059
v min = -7.425864092997144
d max = 0.07611111111111112
d min = 0.07611111111111112
dF max = 0.07611111111111112
dB max = 0.07611111111111112
hk max = 0.010331966455186503
hk min = 0.010331966455186503
hz max = 0.07038485882781273
hz min = 0.02259823447752602
lambdaF max = Inf
lambdaF min = 0.004177590819662042
lambdaB max = Inf
lambdaB min = 0.004177590819662042
----------------------------------
----------------------------------
Iteration = 80
Distance = 3.1939810175685146e-5
v max = -0.8074143731039678
v min = -7.425896030682165
d max = 0.07611111111111112
d min = 0.07611111111111112
dF max = 0.07611111111111112
dB max = 0.07611111111111112
hk max = 0.010331966455186503
hk min = 0.010331966455186503
hz max = 0.07038485882785407
hz min = 0.022598234298733852
lambdaF max = Inf
lambdaF min = 0.004177590819662042
lambdaB max = Inf
lambdaB min = 0.004177590819662042
----------------------------------
----------------------------------
Iteration = 81
Distance = 2.9036185930642056e-5
v max = -0.8074434056286344
v min = -7.425925064940992
d max = 0.07611111111111112
d min = 0.07611111111111112
dF max = 0.07611111111111112
dB max = 0.07611111111111112
hk max = 0.010331966455186503
hk min = 0.010331966455186503
hz max = 0.07038485882787933
hz min = 0.02259823449728603
lambdaF max = Inf
lambdaF min = 0.004177590819662042
lambdaB max = Inf
lambdaB min = 0.004177590819662042
----------------------------------
----------------------------------
Iteration = 82
Distance = 2.6396578474141563e-5
v max = -0.807469801912141
v min = -7.425951459721559
d max = 0.07611111111111112
d min = 0.07611111111111112
dF max = 0.07611111111111112
dB max = 0.07611111111111112
hk max = 0.010331966455186503
hk min = 0.010331966455186503
hz max = 0.0703848588279
hz min = 0.022598234291831252
lambdaF max = Inf
lambdaF min = 0.004177590819662042
lambdaB max = Inf
lambdaB min = 0.004177590819662042
----------------------------------
----------------------------------
Iteration = 83
Distance = 2.3996571086204455e-5
v max = -0.8074937958906001
v min = -7.425975454976487
d max = 0.07611111111111112
d min = 0.07611111111111112
dF max = 0.07611111111111112
dB max = 0.07611111111111112
hk max = 0.010331966455186503
hk min = 0.010331966455186503
hz max = 0.07038485882790918
hz min = 0.022598234494444102
lambdaF max = Inf
lambdaF min = 0.004177590819662042
lambdaB max = Inf
lambdaB min = 0.004177590819662042
----------------------------------
----------------------------------
Iteration = 84
Distance = 2.181532886380566e-5
v max = -0.8075156108170215
v min = -7.425997268844507
d max = 0.07611111111111112
d min = 0.07611111111111112
dF max = 0.07611111111111112
dB max = 0.07611111111111112
hk max = 0.010331966455186503
hk min = 0.010331966455186503
hz max = 0.07038485882792066
hz min = 0.022598234301752017
lambdaF max = Inf
lambdaF min = 0.004177590819662042
lambdaB max = Inf
lambdaB min = 0.004177590819662042
----------------------------------
----------------------------------
Iteration = 85
Distance = 1.9831682323334654e-5
v max = -0.8075354407486252
v min = -7.4260170996335635
d max = 0.07611111111111112
d min = 0.07611111111111112
dF max = 0.07611111111111112
dB max = 0.07611111111111112
hk max = 0.010331966455186503
hk min = 0.010331966455186503
hz max = 0.07038485882792525
hz min = 0.022598234479679926
lambdaF max = Inf
lambdaF min = 0.004177590819662042
lambdaB max = Inf
lambdaB min = 0.004177590819662042
----------------------------------
----------------------------------
Iteration = 86
Distance = 1.8029142039188706e-5
v max = -0.8075534694136205
v min = -7.426035127623567
d max = 0.07611111111111112
d min = 0.07611111111111112
dF max = 0.07611111111111112
dB max = 0.07611111111111112
hk max = 0.010331966455186503
hk min = 0.010331966455186503
hz max = 0.07038485882793213
hz min = 0.02259823431952632
lambdaF max = Inf
lambdaF min = 0.004177590819662042
lambdaB max = Inf
lambdaB min = 0.004177590819662042
----------------------------------
----------------------------------
Iteration = 87
Distance = 1.638968488704151e-5
v max = -0.8075698579809731
v min = -7.426051516705354
d max = 0.07611111111111112
d min = 0.07611111111111112
dF max = 0.07611111111111112
dB max = 0.07611111111111112
hk max = 0.010331966455186503
hk min = 0.010331966455186503
hz max = 0.07038485882793444
hz min = 0.022598234460363957
lambdaF max = Inf
lambdaF min = 0.004177590819662042
lambdaB max = Inf
lambdaB min = 0.004177590819662042
----------------------------------
----------------------------------
Iteration = 88
Distance = 1.490005274473738e-5
v max = -0.8075847575215453
v min = -7.4260664158705945
d max = 0.07611111111111112
d min = 0.07611111111111112
dF max = 0.07611111111111112
dB max = 0.07611111111111112
hk max = 0.010331966455186503
hk min = 0.010331966455186503
hz max = 0.07038485882793673
hz min = 0.02259823433924184
lambdaF max = Inf
lambdaF min = 0.004177590819662042
lambdaB max = Inf
lambdaB min = 0.004177590819662042
----------------------------------
----------------------------------
Iteration = 89
Distance = 1.3545100052025916e-5
v max = -0.8075983019591758
v min = -7.4260799605662475
d max = 0.07611111111111112
d min = 0.07611111111111112
dF max = 0.07611111111111112
dB max = 0.07611111111111112
hk max = 0.010331966455186503
hk min = 0.010331966455186503
hz max = 0.07038485882793673
hz min = 0.02259823444110827
lambdaF max = Inf
lambdaF min = 0.004177590819662042
lambdaB max = Inf
lambdaB min = 0.004177590819662042
----------------------------------
----------------------------------
Iteration = 90
Distance = 1.231403047108337e-5
v max = -0.8076106154797736
v min = -7.426092273925927
d max = 0.07611111111111112
d min = 0.07611111111111112
dF max = 0.07611111111111112
dB max = 0.07611111111111112
hk max = 0.010331966455186503
hk min = 0.010331966455186503
hz max = 0.07038485882793903
hz min = 0.022598234357420578
lambdaF max = Inf
lambdaF min = 0.004177590819662042
lambdaB max = Inf
lambdaB min = 0.004177590819662042
----------------------------------
----------------------------------
Iteration = 91
Distance = 1.119423266626729e-5
v max = -0.8076218093603411
v min = -7.426103467889267
d max = 0.07611111111111112
d min = 0.07611111111111112
dF max = 0.07611111111111112
dB max = 0.07611111111111112
hk max = 0.010331966455186503
hk min = 0.010331966455186503
hz max = 0.07038485882793903
hz min = 0.02259823442442211
lambdaF max = Inf
lambdaF min = 0.004177590819662042
lambdaB max = Inf
lambdaB min = 0.004177590819662042
----------------------------------
----------------------------------
Iteration = 92
Distance = 1.0176829193131454e-5
v max = -0.8076319857121042
v min = -7.4261136442195665
d max = 0.07611111111111112
d min = 0.07611111111111112
dF max = 0.07611111111111112
dB max = 0.07611111111111112
hk max = 0.010331966455186503
hk min = 0.010331966455186503
hz max = 0.07038485882793903
hz min = 0.02259823437236329
lambdaF max = Inf
lambdaF min = 0.004177590819662042
lambdaB max = Inf
lambdaB min = 0.004177590819662042
----------------------------------
----------------------------------
Iteration = 93
Distance = 9.251387531272748e-6
v max = -0.8076412369463396
v min = -7.426122895428928
d max = 0.07611111111111112
d min = 0.07611111111111112
dF max = 0.07611111111111112
dB max = 0.07611111111111112
hk max = 0.010331966455186503
hk min = 0.010331966455186503
hz max = 0.07038485882793903
hz min = 0.022598234411341962
lambdaF max = Inf
lambdaF min = 0.004177590819662042
lambdaB max = Inf
lambdaB min = 0.004177590819662042
----------------------------------
    Value Function Converged, Iteration = 93 with gamma=1.0 with rho=1.0 and v=-2.5473035177573773
    Reflective boundary condition
=============================================================
Convegence time (minutes): 0.11389909368333333
Current Time = 22:19:21
grid points for z:  401
grid size for z:  0.025
-0.23609353036019617
-0.4261708103664258
--- 8.704854965209961 seconds for the elasticity computation ---
0.0
0.0
--- 0.06411933898925781 seconds for the elasticity computation ---
-0.23609353036019617
-0.4261708103664258
--- 0.06348395347595215 seconds for the elasticity computation ---
-0.305472798442865
-0.4336098262141601
--- 0.06420278549194336 seconds for the elasticity computation ---
Current Time = 22:19:33
grid points for z:  401
grid size for z:  0.025
rho = 1
0.05937926808266887
--- 8.651773929595947 seconds for the elasticity computation ---
0.0
--- 0.06655645370483398 seconds for the elasticity computation ---
0.05937926808266887
--- 0.06596064567565918 seconds for the elasticity computation ---
0.0
--- 0.06644487380981445 seconds for the elasticity computation ---
0.0
--- 0.06789159774780273 seconds for the elasticity computation ---
0.05937926808266887
0.007439015847734282
--- 0.06879091262817383 seconds for the elasticity computation ---
0.05937926808266887
0.007439015847734282
--- 0.06987714767456055 seconds for the elasticity computation ---
0.05937926808266887
0.007439015847734282
--- 0.06987333297729492 seconds for the elasticity computation ---
0.05937926808266887
0.007439015847734282
--- 0.07067346572875977 seconds for the elasticity computation ---
parsed_args = parse_commandline() = Dict{String, Any}("dataname" => "upper_triangular_two_ambiguous_parameters", "clowerlim" => 0.0001, "delta" => 0.01, "boundary" => 1, "Delta" => 10.0, "q" => 0.1, "zmax" => 5.0, "logadjustment" => 1, "zscale" => 2.0, "foc" => 1, "distorted" => 0, "rho" => 1.0, "gamma" => 1.0)
=============================================================
./output/upper_triangular_two_ambiguous_parameters/Delta_10.0_distorted_0/logadjustment_1_boundary_1/zmax_5.0_zscale_2.0/delta_0.01/q_0.1_gamma_1.0_rho_1.0/
=============================================================
solve for structured linear system 
structured_relative_entropy = 0.10247894926984658
=============================================================
solve for unstructured linear system 
q_update = 0.0
=============================================================
parsed_args = parse_commandline() = Dict{String, Any}("dataname" => "upper_triangular_two_ambiguous_parameters", "clowerlim" => 0.0001, "delta" => 0.01, "boundary" => 1, "Delta" => 10.0, "q" => 0.1, "zmax" => 5.0, "logadjustment" => 1, "zscale" => 2.0, "foc" => 1, "distorted" => 0, "rho" => 1.0, "gamma" => 1.0)
=============================================================
./output/upper_triangular_two_ambiguous_parameters/Delta_10.0_distorted_0/logadjustment_1_boundary_1/zmax_5.0_zscale_2.0/delta_0.01/q_0.1_gamma_1.0_rho_1.0/
=============================================================
solve for structured linear system 
structured_relative_entropy = 0.10247894926984671
=============================================================
solve for unstructured linear system 
q_update = 0.0
=============================================================
Program ends Fri Jan 19 22:20:15 CST 2024
Elapsed time: 0 days 00 hr 01 min 23 sec
