D_10.0_distorted_0_boundary_0_delta_0.02_gamma_3.0_q_0.2_rho_1.0_lower_triangular_four_ambiguous_parameters
Program starts Fri Jan 19 22:21:15 CST 2024
parsed_args = parse_commandline() = Dict{String, Any}("dataname" => "lower_triangular_four_ambiguous_parameters", "clowerlim" => 0.0001, "delta" => 0.02, "boundary" => 0, "Delta" => 10.0, "q" => 0.2, "zmax" => 5.0, "logadjustment" => 1, "zscale" => 2.0, "foc" => 1, "distorted" => 0, "rho" => 1.0, "gamma" => 3.0)
=============================================================
logadjustment: true
reflective_boundary: false
0.109
sigma_k: [0.011287880226154068, 0.0]
sigma_z: [0.026030751045638307, 0.05916079783099616]
Compute value function WITH ROBUSTNESS
computing undistorted version...
zmax = 5.0, zmin = -5.0, zlength = 401
natural boundary condition
----------------------------------
Iteration = 1
Distance = 1.2116670979693027
v max = -0.938939825242029
v min = -3.2116670979693027
d max = 0.07672413793103448
d min = 0.07672413793103448
dF max = 0.07672413793103448
dB max = 0.07672413793103448
hk max = 0.011287880226154068
hk min = 0.011287880226154068
hz max = 0.0
hz min = 0.0
lambdaF max = 0.07981736653135081
lambdaF min = 0.0028381093903120866
lambdaB max = 0.07981736653135081
lambdaB min = 0.0028381093903120866
----------------------------------
----------------------------------
Iteration = 2
Distance = 1.090394021734411
v max = -1.076202269195222
v min = -4.302061119703714
d max = 0.07672413793103448
d min = 0.07672413793103448
dF max = 0.07672413793103448
dB max = 0.07672413793103448
hk max = 0.01720396000925524
hk min = 0.017203960009252464
hz max = 0.01344563587068448
hz min = 0.013445635870678175
lambdaF max = 0.15439581664781496
lambdaF min = 0.0028381093903120866
lambdaB max = 0.15439581664781496
lambdaB min = 0.0028381093903120866
----------------------------------
----------------------------------
Iteration = 3
Distance = 0.7818288788571861
v max = -1.0901017599649765
v min = -5.0838899985609
d max = 0.07672413793103448
d min = 0.07672413793103448
dF max = 0.07672413793103448
dB max = 0.07672413793103448
hk max = 0.022528418506198376
hk min = 0.016841647675302177
hz max = 0.025546677909191618
hz min = 0.012622198748063888
lambdaF max = 0.19387108744705325
lambdaF min = 0.0028381093903120866
lambdaB max = 0.1975837111837648
lambdaB min = 0.0028381093903120866
----------------------------------
----------------------------------
Iteration = 4
Distance = 0.5682199433806998
v max = -1.138942502400171
v min = -5.6521099419416
d max = 0.07672413793103448
d min = 0.07672413793103448
dF max = 0.07672413793103448
dB max = 0.07672413793103448
hk max = 0.02626883115145167
hk min = 0.017081076062148353
hz max = 0.034047615739312746
hz min = 0.013166354172714287
lambdaF max = 0.22424615313686366
lambdaF min = 0.0028381093903120866
lambdaB max = 0.22990066197547804
lambdaB min = 0.0028381093903120866
----------------------------------
----------------------------------
Iteration = 5
Distance = 0.4245697122711718
v max = -1.187874168076084
v min = -6.0766796542127715
d max = 0.07672413793103448
d min = 0.07672413793103448
dF max = 0.07672413793103448
dB max = 0.07672413793103448
hk max = 0.028915850823556497
hk min = 0.01713134360733058
hz max = 0.04006356953955098
hz min = 0.01328059859358298
lambdaF max = 0.24361689992163585
lambdaF min = 0.0028381093903120866
lambdaB max = 0.2505937300984921
lambdaB min = 0.0028381093903120866
----------------------------------
----------------------------------
Iteration = 6
Distance = 0.321273736687516
v max = -1.2388240253562504
v min = -6.3979533909002875
d max = 0.07672413793103448
d min = 0.07672413793103448
dF max = 0.07672413793103448
dB max = 0.07672413793103448
hk max = 0.03083587714974807
hk min = 0.017191282862412588
hz max = 0.04442726573544092
hz min = 0.013416824173314823
lambdaF max = 0.25764212034672646
lambdaF min = 0.0028381093903120866
lambdaB max = 0.2653028084735126
lambdaB min = 0.0028381093903120866
----------------------------------
----------------------------------
Iteration = 7
Distance = 0.24497763550916574
v max = -1.2871481870014314
v min = -6.642931026409453
d max = 0.07672413793103448
d min = 0.07672413793103448
dF max = 0.07672413793103448
dB max = 0.07672413793103448
hk max = 0.03224116062071959
hk min = 0.017233091616107143
hz max = 0.04762109180583073
hz min = 0.013511844068075169
lambdaF max = 0.26757314921187086
lambdaF min = 0.0028381093903120866
lambdaB max = 0.2759275764930173
lambdaB min = 0.0028381093903120866
----------------------------------
----------------------------------
Iteration = 8
Distance = 0.18789166580942762
v max = -1.3303842530352121
v min = -6.830822692218881
d max = 0.07672413793103448
d min = 0.07672413793103448
dF max = 0.07672413793103448
dB max = 0.07672413793103448
hk max = 0.03327362916578336
hk min = 0.01725195602730229
hz max = 0.04996761122643021
hz min = 0.013554717729882324
lambdaF max = 0.2747175362544526
lambdaF min = 0.0028381093903120866
lambdaB max = 0.28357927435644614
lambdaB min = 0.0028381093903120866
----------------------------------
----------------------------------
Iteration = 9
Distance = 0.14482822178585142
v max = -1.3692733417687206
v min = -6.975650914004732
d max = 0.07672413793103448
d min = 0.07672413793103448
dF max = 0.07672413793103448
dB max = 0.07672413793103448
hk max = 0.03403366161155626
hk min = 0.017266008044533297
hz max = 0.05169495769409589
hz min = 0.01358665413268007
lambdaF max = 0.2799179706613267
lambdaF min = 0.0028381093903120866
lambdaB max = 0.28915037540823635
lambdaB min = 0.0028381093903120866
----------------------------------
----------------------------------
Iteration = 10
Distance = 0.11214306825571274
v max = -1.4038785935956692
v min = -7.087793982260445
d max = 0.07672413793103448
d min = 0.07672413793103448
dF max = 0.07672413793103448
dB max = 0.07672413793103448
hk max = 0.034593748887363315
hk min = 0.01728202674241491
hz max = 0.05296788332093012
hz min = 0.013623060264229188
lambdaF max = 0.28372436824368363
lambdaF min = 0.0028381093903120866
lambdaB max = 0.293228694038931
lambdaB min = 0.0028381093903120866
----------------------------------
----------------------------------
Iteration = 11
Distance = 0.08720794131723508
v max = -1.4336009221703698
v min = -7.17500192357768
d max = 0.07672413793103448
d min = 0.07672413793103448
dF max = 0.07672413793103448
dB max = 0.07672413793103448
hk max = 0.03500674710343521
hk min = 0.017287436540063605
hz max = 0.05390651563018443
hz min = 0.01363535525888531
lambdaF max = 0.28652026098697797
lambdaF min = 0.0028381093903120866
lambdaB max = 0.29622458158377923
lambdaB min = 0.0028381093903120866
----------------------------------
----------------------------------
Iteration = 12
Distance = 0.06809816937673396
v max = -1.4595822324636696
v min = -7.243100092954414
d max = 0.07672413793103448
d min = 0.07672413793103448
dF max = 0.07672413793103448
dB max = 0.07672413793103448
hk max = 0.03531139156048144
hk min = 0.017292369785091292
hz max = 0.05459888939619858
hz min = 0.013646567179402781
lambdaF max = 0.28857986663203083
lambdaF min = 0.0028381093903120866
lambdaB max = 0.2984312400005177
lambdaB min = 0.0028381093903120866
----------------------------------
----------------------------------
Iteration = 13
Distance = 0.05339020608728262
v max = -1.4820637779167127
v min = -7.296490299041697
d max = 0.07672413793103448
d min = 0.07672413793103448
dF max = 0.07672413793103448
dB max = 0.07672413793103448
hk max = 0.03553615163200545
hk min = 0.017300158770732734
hz max = 0.05510970774057133
hz min = 0.01366426941949697
lambdaF max = 0.2900981962117616
lambdaF min = 0.0028381093903120866
lambdaB max = 0.3000579316591885
lambdaB min = 0.0028381093903120866
----------------------------------
----------------------------------
Iteration = 14
Distance = 0.04202359781754872
v max = -1.5010087601933488
v min = -7.338513896859245
d max = 0.07672413793103448
d min = 0.07672413793103448
dF max = 0.07672413793103448
dB max = 0.07672413793103448
hk max = 0.03570198800100283
hk min = 0.017299869861496238
hz max = 0.05548660857920175
hz min = 0.01366361280759584
lambdaF max = 0.29121865293022914
lambdaF min = 0.0028381093903120866
lambdaB max = 0.30125821828706273
lambdaB min = 0.0028381093903120866
----------------------------------
----------------------------------
Iteration = 15
Distance = 0.03320396790841684
v max = -1.517514190276979
v min = -7.371717864767662
d max = 0.07672413793103448
d min = 0.07672413793103448
dF max = 0.07672413793103448
dB max = 0.07672413793103448
hk max = 0.035824349566010966
hk min = 0.017303638479169613
hz max = 0.05576470304512933
hz min = 0.013672177847762606
lambdaF max = 0.2920457246916584
lambdaF min = 0.0028381093903120866
lambdaB max = 0.3021441202873567
lambdaB min = 0.0028381093903120866
----------------------------------
----------------------------------
Iteration = 16
Distance = 0.026333494138256697
v max = -1.531395851207514
v min = -7.398051358905919
d max = 0.07672413793103448
d min = 0.07672413793103448
dF max = 0.07672413793103448
dB max = 0.07672413793103448
hk max = 0.03591463030022966
hk min = 0.01730667522740106
hz max = 0.055969886531989976
hz min = 0.013679079548288623
lambdaF max = 0.2926561499972967
lambdaF min = 0.0028381093903120866
lambdaB max = 0.3027979290939225
lambdaB min = 0.0028381093903120866
----------------------------------
----------------------------------
Iteration = 17
Distance = 0.02096043306747397
v max = -1.5431112407120287
v min = -7.419011791973393
d max = 0.07672413793103448
d min = 0.07672413793103448
dF max = 0.07672413793103448
dB max = 0.07672413793103448
hk max = 0.035981236867686575
hk min = 0.017304605074845658
hz max = 0.05612126509439207
hz min = 0.013674374656117256
lambdaF max = 0.2931068048449745
lambdaF min = 0.0028381093903120866
lambdaB max = 0.3032805503722251
lambdaB min = 0.0028381093903120866
----------------------------------
----------------------------------
Iteration = 18
Distance = 0.01674213277719172
v max = -1.553284154345411
v min = -7.435753924750585
d max = 0.07672413793103448
d min = 0.07672413793103448
dF max = 0.07672413793103448
dB max = 0.07672413793103448
hk max = 0.0360303732003041
hk min = 0.01730937963114899
hz max = 0.056232938577613724
hz min = 0.013685225920443005
lambdaF max = 0.2934393319516376
lambdaF min = 0.0028381093903120866
lambdaB max = 0.3036366524712949
lambdaB min = 0.0028381093903120866
----------------------------------
----------------------------------
Iteration = 19
Distance = 0.013417745618858667
v max = -1.5615521015177851
v min = -7.449171670369443
d max = 0.07672413793103448
d min = 0.07672413793103448
dF max = 0.07672413793103448
dB max = 0.07672413793103448
hk max = 0.03606661812878581
hk min = 0.017307414205630835
hz max = 0.05631531341507216
hz min = 0.013680759044265382
lambdaF max = 0.2936847213537988
lambdaF min = 0.0028381093903120866
lambdaB max = 0.30389941521192854
lambdaB min = 0.0028381093903120866
----------------------------------
----------------------------------
Iteration = 20
Distance = 0.010787990153197313
v max = -1.5687976292952552
v min = -7.459959660522641
d max = 0.07672413793103448
d min = 0.07672413793103448
dF max = 0.07672413793103448
dB max = 0.07672413793103448
hk max = 0.03609335114639886
hk min = 0.01730828647404961
hz max = 0.05637607027328363
hz min = 0.01368274147248987
lambdaF max = 0.29386574685059064
lambdaF min = 0.0028381093903120866
lambdaB max = 0.3040932466827721
lambdaB min = 0.0028381093903120866
----------------------------------
----------------------------------
Iteration = 21
Distance = 0.008700077506799353
v max = -1.574787106516525
v min = -7.46865973802944
d max = 0.07672413793103448
d min = 0.07672413793103448
dF max = 0.07672413793103448
dB max = 0.07672413793103448
hk max = 0.03611306647362404
hk min = 0.017310861152221132
hz max = 0.05642087783515905
hz min = 0.013688593013788783
lambdaF max = 0.2939992537574908
lambdaF min = 0.0028381093903120866
lambdaB max = 0.304236194108394
lambdaB min = 0.0028381093903120866
----------------------------------
----------------------------------
Iteration = 22
Distance = 0.007036443367776535
v max = -1.5797364078758673
v min = -7.4756961813972165
d max = 0.07672413793103448
d min = 0.07672413793103448
dF max = 0.07672413793103448
dB max = 0.07672413793103448
hk max = 0.03612760483462008
hk min = 0.017307044849819
hz max = 0.0564539195646955
hz min = 0.01367991959923848
lambdaF max = 0.2940977243499648
lambdaF min = 0.0028381093903120866
lambdaB max = 0.3043416187765053
lambdaB min = 0.0028381093903120866
----------------------------------
----------------------------------
Iteration = 23
Distance = 0.005706297314148401
v max = -1.5841624288072331
v min = -7.481402478711365
d max = 0.07672413793103448
d min = 0.07672413793103448
dF max = 0.07672413793103448
dB max = 0.07672413793103448
hk max = 0.036138324551795706
hk min = 0.01731193558496739
hz max = 0.056478282558276464
hz min = 0.01369103490639392
lambdaF max = 0.2941703084371122
lambdaF min = 0.0028381093903120866
lambdaB max = 0.3044193305194539
lambdaB min = 0.0028381093903120866
----------------------------------
----------------------------------
Iteration = 24
Distance = 0.004639266137985487
v max = -1.5875078933188287
v min = -7.48604174484935
d max = 0.07672413793103448
d min = 0.07672413793103448
dF max = 0.07672413793103448
dB max = 0.07672413793103448
hk max = 0.03614622786422175
hk min = 0.017308380669505123
hz max = 0.056496244631972024
hz min = 0.013682955553070586
lambdaF max = 0.29422383063262786
lambdaF min = 0.0028381093903120866
lambdaB max = 0.3044766285621412
lambdaB min = 0.0028381093903120866
----------------------------------
----------------------------------
Iteration = 25
Distance = 0.003780598056603246
v max = -1.5906770621397426
v min = -7.489822342905954
d max = 0.07672413793103448
d min = 0.07672413793103448
dF max = 0.07672413793103448
dB max = 0.07672413793103448
hk max = 0.036152054190142044
hk min = 0.017309849028221587
hz max = 0.05650948628179087
hz min = 0.013686292731971639
lambdaF max = 0.29426327201247526
lambdaF min = 0.0028381093903120866
lambdaB max = 0.30451885345427854
lambdaB min = 0.0028381093903120866
----------------------------------
----------------------------------
Iteration = 26
Distance = 0.0030875342285208163
v max = -1.5930838789530297
v min = -7.492909877134474
d max = 0.07672413793103448
d min = 0.07672413793103448
dF max = 0.07672413793103448
dB max = 0.07672413793103448
hk max = 0.0361563489837197
hk min = 0.01731174121442174
hz max = 0.056519247176285536
hz min = 0.0136905931551538
lambdaF max = 0.29429234315904185
lambdaF min = 0.0028381093903120866
lambdaB max = 0.3045499748167463
lambdaB min = 0.0028381093903120866
----------------------------------
----------------------------------
Iteration = 27
Distance = 0.0025265552405500102
v max = -1.5951506682014007
v min = -7.495436432375024
d max = 0.07672413793103448
d min = 0.07672413793103448
dF max = 0.07672413793103448
dB max = 0.07672413793103448
hk max = 0.036159514568224874
hk min = 0.017306793407676963
hz max = 0.056526441686524556
hz min = 0.013679348139824762
lambdaF max = 0.2943137671424525
lambdaF min = 0.0028381093903120866
lambdaB max = 0.3045729089770405
lambdaB min = 0.0028381093903120866
----------------------------------
----------------------------------
Iteration = 28
Distance = 0.002071285304529269
v max = -1.597063952319398
v min = -7.497507717679554
d max = 0.07672413793103448
d min = 0.07672413793103448
dF max = 0.07672413793103448
dB max = 0.07672413793103448
hk max = 0.036161847660260475
hk min = 0.017314267732466054
hz max = 0.05653174416842366
hz min = 0.013696335241618151
lambdaF max = 0.2943295490185946
lambdaF min = 0.0028381093903120866
lambdaB max = 0.3045898040917721
lambdaB min = 0.0028381093903120866
----------------------------------
----------------------------------
Iteration = 29
Distance = 0.0017008920962222618
v max = -1.5982635076299263
v min = -7.499208609775776
d max = 0.07672413793103448
d min = 0.07672413793103448
dF max = 0.07672413793103448
dB max = 0.07672413793103448
hk max = 0.036163567066232055
hk min = 0.01730589563217443
hz max = 0.05653565190926816
hz min = 0.013677307740955368
lambdaF max = 0.29434118244128055
lambdaF min = 0.0028381093903120866
lambdaB max = 0.30460225658148654
lambdaB min = 0.0028381093903120866
----------------------------------
----------------------------------
Iteration = 30
Distance = 0.0015518404846535105
v max = -1.5998153481145798
v min = -7.5006074707709685
d max = 0.07672413793103448
d min = 0.07672413793103448
dF max = 0.07672413793103448
dB max = 0.07672413793103448
hk max = 0.03616483412211596
hk min = 0.017313483969723233
hz max = 0.056538531581731596
hz min = 0.013694553962657193
lambdaF max = 0.29434974729161617
lambdaF min = 0.0028381093903120866
lambdaB max = 0.30461142576807465
lambdaB min = 0.0028381093903120866
----------------------------------
----------------------------------
Iteration = 31
Distance = 0.0011520530571296206
v max = -1.6005239669381974
v min = -7.501759523828098
d max = 0.07672413793103448
d min = 0.07672413793103448
dF max = 0.07672413793103448
dB max = 0.07672413793103448
hk max = 0.036165767776303405
hk min = 0.017308591926874787
hz max = 0.05654065352306669
hz min = 0.013683435683456183
lambdaF max = 0.2943560619040707
lambdaF min = 0.0028381093903120866
lambdaB max = 0.3046181846598798
lambdaB min = 0.0028381093903120866
----------------------------------
----------------------------------
Iteration = 32
Distance = 0.0011255445392488461
v max = -1.6016171224560043
v min = -7.502709502266185
d max = 0.07672413793103448
d min = 0.07672413793103448
dF max = 0.07672413793103448
dB max = 0.07672413793103448
hk max = 0.0361664557174457
hk min = 0.017309445989007688
hz max = 0.05654221702566281
hz min = 0.01368537673375823
lambdaF max = 0.29436070990440555
lambdaF min = 0.0028381093903120866
lambdaB max = 0.3046231605164025
lambdaB min = 0.0028381093903120866
----------------------------------
----------------------------------
Iteration = 33
Distance = 0.000784234067550571
v max = -1.6022371156701618
v min = -7.503493736333736
d max = 0.07672413793103448
d min = 0.07672413793103448
dF max = 0.07672413793103448
dB max = 0.07672413793103448
hk max = 0.036166962583775636
hk min = 0.017313366815479327
hz max = 0.05654336899459447
hz min = 0.013694287703011957
lambdaF max = 0.2943641356638742
lambdaF min = 0.0028381093903120866
lambdaB max = 0.30462682742164593
lambdaB min = 0.0028381093903120866
----------------------------------
----------------------------------
Iteration = 34
Distance = 0.0008016956267979936
v max = -1.6027493825453165
v min = -7.504141803127477
d max = 0.07672413793103448
d min = 0.07672413793103448
dF max = 0.07672413793103448
dB max = 0.07672413793103448
hk max = 0.03616733601819958
hk min = 0.017304982284029848
hz max = 0.056544217709194364
hz min = 0.013675231949717682
lambdaF max = 0.29436665865378847
lambdaF min = 0.0028381093903120866
lambdaB max = 0.30462952807504706
lambdaB min = 0.0028381093903120866
----------------------------------
----------------------------------
Iteration = 35
Distance = 0.0007716254508411957
v max = -1.6035210079961577
v min = -7.504677835896613
d max = 0.07672413793103448
d min = 0.07672413793103448
dF max = 0.07672413793103448
dB max = 0.07672413793103448
hk max = 0.036167611134129765
hk min = 0.017316573719342126
hz max = 0.056544842972672045
hz min = 0.013701576120881952
lambdaF max = 0.2943685159847011
lambdaF min = 0.0028381093903120866
lambdaB max = 0.30463151643729
lambdaB min = 0.0028381093903120866
----------------------------------
----------------------------------
Iteration = 36
Distance = 0.0005659088138412205
v max = -1.6035057458155297
v min = -7.505121566769527
d max = 0.07672413793103448
d min = 0.07672413793103448
dF max = 0.07672413793103448
dB max = 0.07672413793103448
hk max = 0.03616781380869931
hk min = 0.017303980367016244
hz max = 0.05654530359669375
hz min = 0.013672954865595855
lambdaF max = 0.2943698859881601
lambdaF min = 0.0028381093903120866
lambdaB max = 0.3046329825920447
lambdaB min = 0.0028381093903120866
----------------------------------
----------------------------------
Iteration = 37
Distance = 0.0008720558050017146
v max = -1.6043778016205315
v min = -7.505489160040699
d max = 0.07672413793103448
d min = 0.07672413793103448
dF max = 0.07672413793103448
dB max = 0.07672413793103448
hk max = 0.036167963110951856
hk min = 0.01731480480577281
hz max = 0.05654564291999498
hz min = 0.01369755586276987
lambdaF max = 0.2943708924355457
lambdaF min = 0.0028381093903120866
lambdaB max = 0.30463406030344503
lambdaB min = 0.0028381093903120866
----------------------------------
Delta = 5.0
----------------------------------
Iteration = 38
Distance = 0.00028737333206474425
v max = -1.6041298369451407
v min = -7.505656782909638
d max = 0.07672413793103448
d min = 0.07672413793103448
dF max = 0.07672413793103448
dB max = 0.07672413793103448
hk max = 0.03616807309217838
hk min = 0.017308705717885266
hz max = 0.05654589287732799
hz min = 0.01368369429938909
lambdaF max = 0.29437163644251363
lambdaF min = 0.0028381093903120866
lambdaB max = 0.30463485631806064
lambdaB min = 0.0028381093903120866
----------------------------------
----------------------------------
Iteration = 39
Distance = 0.0004461409555482909
v max = -1.604348025422396
v min = -7.505808481781731
d max = 0.07672413793103448
d min = 0.07672413793103448
dF max = 0.07672413793103448
dB max = 0.07672413793103448
hk max = 0.03616812522684
hk min = 0.01730508792334107
hz max = 0.05654601136519532
hz min = 0.013675472039061371
lambdaF max = 0.2943719859666678
lambdaF min = 0.0028381093903120866
lambdaB max = 0.3046352339879868
lambdaB min = 0.0028381093903120866
----------------------------------
----------------------------------
Iteration = 40
Distance = 0.0003809637677687494
v max = -1.6047289891901648
v min = -7.505945852598227
d max = 0.07672413793103448
d min = 0.07672413793103448
dF max = 0.07672413793103448
dB max = 0.07672413793103448
hk max = 0.036168168366134304
hk min = 0.01731787554185539
hz max = 0.05654610940904601
hz min = 0.013704534808412093
lambdaF max = 0.2943722819772649
lambdaF min = 0.0028381093903120866
lambdaB max = 0.30463555135139714
lambdaB min = 0.0028381093903120866
----------------------------------
Delta = 2.5
----------------------------------
Iteration = 41
Distance = 0.00029594408407751516
v max = -1.6044332820703846
v min = -7.506011351270381
d max = 0.07672413793103448
d min = 0.07672413793103448
dF max = 0.07672413793103448
dB max = 0.07672413793103448
hk max = 0.03616820422640603
hk min = 0.01730473800449659
hz max = 0.05654619090966355
hz min = 0.013674676768960281
lambdaF max = 0.294372528685059
lambdaF min = 0.0028381093903120866
lambdaB max = 0.3046358151971866
lambdaB min = 0.0028381093903120866
----------------------------------
----------------------------------
Iteration = 42
Distance = 0.0002870183136509663
v max = -1.604649556707119
v min = -7.506073579478258
d max = 0.07672413793103448
d min = 0.07672413793103448
dF max = 0.07672413793103448
dB max = 0.07672413793103448
hk max = 0.0361682216245051
hk min = 0.017304491270151406
hz max = 0.05654623045079781
hz min = 0.013674116009084861
lambdaF max = 0.29437264780477984
lambdaF min = 0.0028381093903120866
lambdaB max = 0.3046359433904389
lambdaB min = 0.0028381093903120866
----------------------------------
----------------------------------
Iteration = 43
Distance = 0.00015349168088718557
v max = -1.6048030483880062
v min = -7.506132714870013
d max = 0.07672413793103448
d min = 0.07672413793103448
dF max = 0.07672413793103448
dB max = 0.07672413793103448
hk max = 0.03616823727327375
hk min = 0.017320814771682562
hz max = 0.0565462660161811
hz min = 0.013711214876201123
lambdaF max = 0.294372755737114
lambdaF min = 0.0028381093903120866
lambdaB max = 0.3046360590248496
lambdaB min = 0.0028381093903120866
----------------------------------
----------------------------------
Iteration = 44
Distance = 0.00013048437642648736
v max = -1.6046725640115798
v min = -7.50618891747318
d max = 0.07672413793103448
d min = 0.07672413793103448
dF max = 0.07672413793103448
dB max = 0.07672413793103448
hk max = 0.03616825138517785
hk min = 0.017296163303837278
hz max = 0.056546298088690425
hz min = 0.01365518881291639
lambdaF max = 0.2943728531460166
lambdaF min = 0.0028381093903120866
lambdaB max = 0.3046361631589667
lambdaB min = 0.0028381093903120866
----------------------------------
----------------------------------
Iteration = 45
Distance = 0.00022980136523087502
v max = -1.6049023653768106
v min = -7.506242338425092
d max = 0.07672413793103448
d min = 0.07672413793103448
dF max = 0.07672413793103448
dB max = 0.07672413793103448
hk max = 0.03616826411097336
hk min = 0.01732178886935879
hz max = 0.05654632701095295
hz min = 0.013713428734556195
lambdaF max = 0.29437294087590293
lambdaF min = 0.0028381093903120866
lambdaB max = 0.30463625681574885
lambdaB min = 0.0028381093903120866
----------------------------------
Delta = 1.25
----------------------------------
Iteration = 46
Distance = 0.0001336200233172935
v max = -1.6047687453534933
v min = -7.506268410444605
d max = 0.07672413793103448
d min = 0.07672413793103448
dF max = 0.07672413793103448
dB max = 0.07672413793103448
hk max = 0.03616827558655565
hk min = 0.017298234189340685
hz max = 0.056546353091821794
hz min = 0.013659895370878675
lambdaF max = 0.294373019779089
lambdaF min = 0.0028381093903120866
lambdaB max = 0.30463634097216286
lambdaB min = 0.0028381093903120866
----------------------------------
Delta = 0.625
----------------------------------
Iteration = 47
Distance = 0.00013378281853415608
v max = -1.6048972091224123
v min = -7.506281287947548
d max = 0.07672413793103448
d min = 0.07672413793103448
dF max = 0.07672413793103448
dB max = 0.07672413793103448
hk max = 0.03616828123283064
hk min = 0.017314986467947765
hz max = 0.05654636592426494
hz min = 0.013697968731349316
lambdaF max = 0.2943730583993164
lambdaF min = 0.0028381093903120866
lambdaB max = 0.3046363823524303
lambdaB min = 0.0028381093903120866
----------------------------------
----------------------------------
Iteration = 48
Distance = 7.190011613888991e-5
v max = -1.604898258350815
v min = -7.506293998840158
d max = 0.07672413793103448
d min = 0.07672413793103448
dF max = 0.07672413793103448
dB max = 0.07672413793103448
hk max = 0.036168284028656066
hk min = 0.017308643651979885
hz max = 0.05654637227841364
hz min = 0.01368355324051322
lambdaF max = 0.2943730775444791
lambdaF min = 0.0028381093903120866
lambdaB max = 0.30463640289238136
lambdaB min = 0.0028381093903120866
----------------------------------
----------------------------------
Iteration = 49
Distance = 6.63923574224512e-5
v max = -1.6048318659933924
v min = -7.50630654574314
d max = 0.07672413793103448
d min = 0.07672413793103448
dF max = 0.07672413793103448
dB max = 0.07672413793103448
hk max = 0.03616828674419978
hk min = 0.017295562353258336
hz max = 0.056546378450103886
hz min = 0.013653823016146066
lambdaF max = 0.2943730961449528
lambdaF min = 0.0028381093903120866
lambdaB max = 0.3046364228221949
lambdaB min = 0.0028381093903120866
----------------------------------
----------------------------------
Iteration = 50
Distance = 9.742838483162153e-5
v max = -1.604929294378224
v min = -7.506318930879272
d max = 0.07672413793103448
d min = 0.07672413793103448
dF max = 0.07672413793103448
dB max = 0.07672413793103448
hk max = 0.03616828938366774
hk min = 0.017318479174678145
hz max = 0.05654638444889474
hz min = 0.013705906701191085
lambdaF max = 0.29437311422437845
lambdaF min = 0.0028381093903120866
lambdaB max = 0.30463644217314073
lambdaB min = 0.0028381093903120866
----------------------------------
Delta = 0.3125
----------------------------------
Iteration = 51
Distance = 4.18446024570418e-5
v max = -1.6049036504637864
v min = -7.506325085688884
d max = 0.07672413793103448
d min = 0.07672413793103448
dF max = 0.07672413793103448
dB max = 0.07672413793103448
hk max = 0.03616829194918702
hk min = 0.017305412206911373
hz max = 0.05654639027962035
hz min = 0.013676209047175694
lambdaF max = 0.29437313179586294
lambdaF min = 0.0028381093903120866
lambdaB max = 0.3046364609632038
lambdaB min = 0.0028381093903120866
----------------------------------
----------------------------------
Iteration = 52
Distance = 2.6538446303847607e-5
v max = -1.60488070785304
v min = -7.50633120045752
d max = 0.07672413793103448
d min = 0.07672413793103448
dF max = 0.07672413793103448
dB max = 0.07672413793103448
hk max = 0.036168293226522714
hk min = 0.017300040380040307
hz max = 0.05654639318265602
hz min = 0.013664000349741454
lambdaF max = 0.2943731405438936
lambdaF min = 0.0028381093903120866
lambdaB max = 0.3046364703273532
lambdaB min = 0.0028381093903120866
----------------------------------
----------------------------------
Iteration = 53
Distance = 3.543628348623429e-5
v max = -1.6049161441365263
v min = -7.5063372755426405
d max = 0.07672413793103448
d min = 0.07672413793103448
dF max = 0.07672413793103448
dB max = 0.07672413793103448
hk max = 0.03616829448507483
hk min = 0.01731474689176401
hz max = 0.056546396043001754
hz min = 0.013697424240022592
lambdaF max = 0.2943731491618728
lambdaF min = 0.0028381093903120866
lambdaB max = 0.3046364795481336
lambdaB min = 0.0028381093903120866
----------------------------------
----------------------------------
Iteration = 54
Distance = 8.555115954544945e-6
v max = -1.604917285220841
v min = -7.506343311215199
d max = 0.07672413793103448
d min = 0.07672413793103448
dF max = 0.07672413793103448
dB max = 0.07672413793103448
hk max = 0.0361682957255712
hk min = 0.01731106251042065
hz max = 0.05654639886231167
hz min = 0.013689050646060416
lambdaF max = 0.2943731576543163
lambdaF min = 0.0028381093903120866
lambdaB max = 0.3046364886305184
lambdaB min = 0.0028381093903120866
----------------------------------
    Value Function Converged, Iteration = 54 with gamma=3.0 with rho=1.0 and v=-2.9278236581620556
    Natural boundary condition
=============================================================
Convegence time (minutes): 0.10852996618333334
Current Time = 22:21:39
grid points for z:  401
grid size for z:  0.025
-0.654420389030609
-0.8080188606588125
--- 7.981943130493164 seconds for the elasticity computation ---
-0.0011898775653297645
-0.034418324447466675
--- 0.06276488304138184 seconds for the elasticity computation ---
-0.6001680755718413
-0.7736005362113458
--- 0.06198263168334961 seconds for the elasticity computation ---
-0.7341801025277499
-0.8136628007718896
--- 0.0616917610168457 seconds for the elasticity computation ---
Current Time = 22:21:49
grid points for z:  401
grid size for z:  0.025
rho = 1
0.05975971349714089
--- 8.012651205062866 seconds for the elasticity computation ---
0.0
--- 0.066436767578125 seconds for the elasticity computation ---
0.05975971349714089
--- 0.06553053855895996 seconds for the elasticity computation ---
0.0
--- 0.06561398506164551 seconds for the elasticity computation ---
0.0
--- 0.06571531295776367 seconds for the elasticity computation ---
0.05975971349714089
0.005643940113077034
--- 0.06596636772155762 seconds for the elasticity computation ---
0.05975971349714089
0.005643940113077034
--- 0.06565070152282715 seconds for the elasticity computation ---
0.05975971349714089
0.005643940113077034
--- 0.06549787521362305 seconds for the elasticity computation ---
0.05975971349714089
0.005643940113077034
--- 0.06547856330871582 seconds for the elasticity computation ---
parsed_args = parse_commandline() = Dict{String, Any}("dataname" => "lower_triangular_four_ambiguous_parameters", "clowerlim" => 0.0001, "delta" => 0.02, "boundary" => 0, "Delta" => 10.0, "q" => 0.2, "zmax" => 5.0, "logadjustment" => 1, "zscale" => 2.0, "foc" => 1, "distorted" => 0, "rho" => 1.0, "gamma" => 3.0)
=============================================================
./output/lower_triangular_four_ambiguous_parameters/Delta_10.0_distorted_0/logadjustment_1_boundary_0/zmax_5.0_zscale_2.0/delta_0.02/q_0.2_gamma_3.0_rho_1.0/
=============================================================
solve for structured linear system 
structured_relative_entropy = 0.20230820901001992
=============================================================
solve for unstructured linear system 
q_update = 0.11247526155874038
=============================================================
parsed_args = parse_commandline() = Dict{String, Any}("dataname" => "lower_triangular_four_ambiguous_parameters", "clowerlim" => 0.0001, "delta" => 0.02, "boundary" => 0, "Delta" => 10.0, "q" => 0.2, "zmax" => 5.0, "logadjustment" => 1, "zscale" => 2.0, "foc" => 1, "distorted" => 0, "rho" => 1.0, "gamma" => 3.0)
=============================================================
./output/lower_triangular_four_ambiguous_parameters/Delta_10.0_distorted_0/logadjustment_1_boundary_0/zmax_5.0_zscale_2.0/delta_0.02/q_0.2_gamma_3.0_rho_1.0/
=============================================================
solve for structured linear system 
structured_relative_entropy = 0.20230820901001992
=============================================================
solve for unstructured linear system 
q_update = 0.11247526155874038
=============================================================
Program ends Fri Jan 19 22:22:28 CST 2024
Elapsed time: 0 days 00 hr 01 min 13 sec
