D_10.0_distorted_0_boundary_0_delta_0.015_gamma_4.0_q_0.05_rho_1.0_lower_triangular_two_ambiguous_parameters
Program starts Fri Jan 19 22:23:14 CST 2024
parsed_args = parse_commandline() = Dict{String, Any}("dataname" => "lower_triangular_two_ambiguous_parameters", "clowerlim" => 0.0001, "delta" => 0.015, "boundary" => 0, "Delta" => 10.0, "q" => 0.05, "zmax" => 5.0, "logadjustment" => 1, "zscale" => 2.0, "foc" => 1, "distorted" => 0, "rho" => 1.0, "gamma" => 4.0)
=============================================================
logadjustment: true
reflective_boundary: false
0.1002
sigma_k: [0.011287880226154068, 0.0]
sigma_z: [0.026030751045638307, 0.05916079783099616]
Compute value function WITH ROBUSTNESS
computing undistorted version...
zmax = 5.0, zmin = -5.0, zlength = 401
natural boundary condition
----------------------------------
Iteration = 1
Distance = 1.2278680548950955
v max = -0.8886867683453807
v min = -3.2278680548950955
d max = 0.07607142857142857
d min = 0.07607142857142857
dF max = 0.07607142857142857
dB max = 0.07607142857142857
hk max = 0.011287880226154068
hk min = 0.011287880226154068
hz max = 0.0
hz min = 0.0
lambdaF max = Inf
lambdaF min = 0.008624482946382158
lambdaB max = Inf
lambdaB min = 0.008624482946382158
----------------------------------
----------------------------------
Iteration = 2
Distance = 0.906028121268811
v max = -0.47125408597377155
v min = -4.133896176163907
d max = 0.07607142857142857
d min = 0.07607142857142857
dF max = 0.07607142857142857
dB max = 0.07607142857142857
hk max = 0.017376944798234765
hk min = 0.01737694479823199
hz max = 0.01383878311836522
hz min = 0.013838783118358917
lambdaF max = Inf
lambdaF min = 0.008624482946382158
lambdaB max = Inf
lambdaB min = 0.008624482946382158
----------------------------------
----------------------------------
Iteration = 3
Distance = 0.6086000760515313
v max = -0.28312885308992597
v min = -4.742496252215438
d max = 0.07607142857142857
d min = 0.07607142857142857
dF max = 0.07607142857142857
dB max = 0.07607142857142857
hk max = 0.02180504368579525
hk min = 0.019838981650315876
hz max = 0.023902644226457236
hz min = 0.01943432141854956
lambdaF max = Inf
lambdaF min = 0.008624482946382158
lambdaB max = Inf
lambdaB min = 0.008624482946382158
----------------------------------
----------------------------------
Iteration = 4
Distance = 0.4168850791395604
v max = -0.21255000385418055
v min = -5.159381331354998
d max = 0.07607142857142857
d min = 0.07607142857142857
dF max = 0.07607142857142857
dB max = 0.07607142857142857
hk max = 0.024684399528721895
hk min = 0.021089376472107232
hz max = 0.030446634778563245
hz min = 0.02227612783171174
lambdaF max = Inf
lambdaF min = 0.008624482946382158
lambdaB max = Inf
lambdaB min = 0.008624482946382158
----------------------------------
----------------------------------
Iteration = 5
Distance = 0.2918447101260728
v max = -0.19813540140579708
v min = -5.451226041481071
d max = 0.07607142857142857
d min = 0.07607142857142857
dF max = 0.07607142857142857
dB max = 0.07607142857142857
hk max = 0.026569492811311265
hk min = 0.021707305941517534
hz max = 0.03473093769353909
hz min = 0.02368051298946243
lambdaF max = Inf
lambdaF min = 0.008624482946382158
lambdaB max = Inf
lambdaB min = 0.008624482946382158
----------------------------------
----------------------------------
Iteration = 6
Distance = 0.20798111545494624
v max = -0.20948396922481888
v min = -5.659207156936017
d max = 0.07607142857142857
d min = 0.07607142857142857
dF max = 0.07607142857142857
dB max = 0.07607142857142857
hk max = 0.027814515329577866
hk min = 0.022013484173555295
hz max = 0.03756053432596319
hz min = 0.024376372607730068
lambdaF max = Inf
lambdaF min = 0.008624482946382158
lambdaB max = Inf
lambdaB min = 0.008624482946382158
----------------------------------
----------------------------------
Iteration = 7
Distance = 0.15082576318418717
v max = -0.23202631449386396
v min = -5.810032920120205
d max = 0.07607142857142857
d min = 0.07607142857142857
dF max = 0.07607142857142857
dB max = 0.07607142857142857
hk max = 0.02863942634142545
hk min = 0.0221695015033214
hz max = 0.039435332080162235
hz min = 0.024730957448107573
lambdaF max = Inf
lambdaF min = 0.008624482946382158
lambdaB max = Inf
lambdaB min = 0.008624482946382158
----------------------------------
----------------------------------
Iteration = 8
Distance = 0.11135873071645275
v max = -0.2588223001887262
v min = -5.921391650836657
d max = 0.07607142857142857
d min = 0.07607142857142857
dF max = 0.07607142857142857
dB max = 0.07607142857142857
hk max = 0.029186710947031534
hk min = 0.022253663546599287
hz max = 0.04067916072926698
hz min = 0.024922234819193683
lambdaF max = Inf
lambdaF min = 0.008624482946382158
lambdaB max = Inf
lambdaB min = 0.008624482946382158
----------------------------------
----------------------------------
Iteration = 9
Distance = 0.08374759291356693
v max = -0.28649663349299154
v min = -6.005139243750224
d max = 0.07607142857142857
d min = 0.07607142857142857
dF max = 0.07607142857142857
dB max = 0.07607142857142857
hk max = 0.029550021914835408
hk min = 0.02230252662074494
hz max = 0.04150486747427578
hz min = 0.025033287260433808
lambdaF max = Inf
lambdaF min = 0.008624482946382158
lambdaB max = Inf
lambdaB min = 0.008624482946382158
----------------------------------
----------------------------------
Iteration = 10
Distance = 0.06415797360460562
v max = -0.31335675229144383
v min = -6.06929721735483
d max = 0.07607142857142857
d min = 0.07607142857142857
dF max = 0.07607142857142857
dB max = 0.07607142857142857
hk max = 0.02979126852347628
hk min = 0.022332807255929357
hz max = 0.04205315522118685
hz min = 0.025102106885852935
lambdaF max = Inf
lambdaF min = 0.008624482946382158
lambdaB max = Inf
lambdaB min = 0.008624482946382158
----------------------------------
----------------------------------
Iteration = 11
Distance = 0.05004452023138395
v max = -0.33855292752238836
v min = -6.119341737586214
d max = 0.07607142857142857
d min = 0.07607142857142857
dF max = 0.07607142857142857
dB max = 0.07607142857142857
hk max = 0.029951481585727645
hk min = 0.022352392661790586
hz max = 0.042417275817212684
hz min = 0.025146619171901176
lambdaF max = Inf
lambdaF min = 0.008624482946382158
lambdaB max = Inf
lambdaB min = 0.008624482946382158
----------------------------------
----------------------------------
Iteration = 12
Distance = 0.03970565362579315
v max = -0.36169154542805
v min = -6.159047391212007
d max = 0.07607142857142857
d min = 0.07607142857142857
dF max = 0.07607142857142857
dB max = 0.07607142857142857
hk max = 0.030057887360532703
hk min = 0.02236536078690296
hz max = 0.042659107123587815
hz min = 0.025176092183520214
lambdaF max = Inf
lambdaF min = 0.008624482946382158
lambdaB max = Inf
lambdaB min = 0.008624482946382158
----------------------------------
----------------------------------
Iteration = 13
Distance = 0.03199684304750772
v max = -0.382639071574054
v min = -6.191044234259515
d max = 0.07607142857142857
d min = 0.07607142857142857
dF max = 0.07607142857142857
dB max = 0.07607142857142857
hk max = 0.030128561631805686
hk min = 0.022374050936995758
hz max = 0.042819730467390044
hz min = 0.02519584252464021
lambdaF max = Inf
lambdaF min = 0.008624482946382158
lambdaB max = Inf
lambdaB min = 0.008624482946382158
----------------------------------
----------------------------------
Iteration = 14
Distance = 0.0261434329200112
v max = -0.4014124590729733
v min = -6.217187667179526
d max = 0.07607142857142857
d min = 0.07607142857142857
dF max = 0.07607142857142857
dB max = 0.07607142857142857
hk max = 0.03017550738016273
hk min = 0.022379907164530977
hz max = 0.04292642535001969
hz min = 0.025209152132674797
lambdaF max = Inf
lambdaF min = 0.008624482946382158
lambdaB max = Inf
lambdaB min = 0.008624482946382158
----------------------------------
----------------------------------
Iteration = 15
Distance = 0.0216174694120026
v max = -0.41811401169065376
v min = -6.2388051365915285
d max = 0.07607142857142857
d min = 0.07607142857142857
dF max = 0.07607142857142857
dB max = 0.07607142857142857
hk max = 0.030206695229931517
hk min = 0.02238386121257764
hz max = 0.04299730682676694
hz min = 0.025218138605508124
lambdaF max = Inf
lambdaF min = 0.008624482946382158
lambdaB max = Inf
lambdaB min = 0.008624482946382158
----------------------------------
----------------------------------
Iteration = 16
Distance = 0.018056224684121602
v max = -0.4328913645738283
v min = -6.25686136127565
d max = 0.07607142857142857
d min = 0.07607142857142857
dF max = 0.07607142857142857
dB max = 0.07607142857142857
hk max = 0.030227417911787725
hk min = 0.02238653068797285
hz max = 0.043044403830985595
hz min = 0.025224205595042695
lambdaF max = Inf
lambdaF min = 0.008624482946382158
lambdaB max = Inf
lambdaB min = 0.008624482946382158
----------------------------------
----------------------------------
Iteration = 17
Distance = 0.01520810602709144
v max = -0.44591255999338664
v min = -6.2720694673027415
d max = 0.07607142857142857
d min = 0.07607142857142857
dF max = 0.07607142857142857
dB max = 0.07607142857142857
hk max = 0.0302411898219567
hk min = 0.02238833106089745
hz max = 0.04307570362682417
hz min = 0.02522829735168951
lambdaF max = Inf
lambdaF min = 0.008624482946382158
lambdaB max = Inf
lambdaB min = 0.008624482946382158
----------------------------------
----------------------------------
Iteration = 18
Distance = 0.01289663959421361
v max = -0.45735061394035326
v min = -6.284966106896955
d max = 0.07607142857142857
d min = 0.07607142857142857
dF max = 0.07607142857142857
dB max = 0.07607142857142857
hk max = 0.030250344523137063
hk min = 0.02238954362034862
hz max = 0.043096509765870455
hz min = 0.02523105316862399
lambdaF max = Inf
lambdaF min = 0.008624482946382158
lambdaB max = Inf
lambdaB min = 0.008624482946382158
----------------------------------
----------------------------------
Iteration = 19
Distance = 0.010996422770579883
v max = -0.4673742077294148
v min = -6.295962529667535
d max = 0.07607142857142857
d min = 0.07607142857142857
dF max = 0.07607142857142857
dB max = 0.07607142857142857
hk max = 0.030256431574341904
hk min = 0.022390359138016982
hz max = 0.043110343973154185
hz min = 0.02523290661787026
lambdaF max = Inf
lambdaF min = 0.008624482946382158
lambdaB max = Inf
lambdaB min = 0.008624482946382158
----------------------------------
----------------------------------
Iteration = 20
Distance = 0.00941702054456961
v max = -0.47614236471113497
v min = -6.305379550212105
d max = 0.07607142857142857
d min = 0.07607142857142857
dF max = 0.07607142857142857
dB max = 0.07607142857142857
hk max = 0.030260480037509748
hk min = 0.02239090691423292
hz max = 0.04311954502580837
hz min = 0.02523415156381558
lambdaF max = Inf
lambdaF min = 0.008624482946382158
lambdaB max = Inf
lambdaB min = 0.008624482946382158
----------------------------------
----------------------------------
Iteration = 21
Distance = 0.008092144738234275
v max = -0.48380170715686305
v min = -6.313471694950339
d max = 0.07607142857142857
d min = 0.07607142857142857
dF max = 0.07607142857142857
dB max = 0.07607142857142857
hk max = 0.03026317342125171
hk min = 0.02239127443874555
hz max = 0.04312566635249465
hz min = 0.025234986846798826
lambdaF max = Inf
lambdaF min = 0.008624482946382158
lambdaB max = Inf
lambdaB min = 0.008624482946382158
----------------------------------
----------------------------------
Iteration = 22
Distance = 0.006972352872354648
v max = -0.4904853579069619
v min = -6.3204440478226935
d max = 0.07607142857142857
d min = 0.07607142857142857
dF max = 0.07607142857142857
dB max = 0.07607142857142857
hk max = 0.03026496581068944
hk min = 0.022391520793324092
hz max = 0.04312973996485313
hz min = 0.025235546743568236
lambdaF max = Inf
lambdaF min = 0.008624482946382158
lambdaB max = Inf
lambdaB min = 0.008624482946382158
----------------------------------
----------------------------------
Iteration = 23
Distance = 0.006020096649994144
v max = -0.4963128627664134
v min = -6.326464144472688
d max = 0.07607142857142857
d min = 0.07607142857142857
dF max = 0.07607142857142857
dB max = 0.07607142857142857
hk max = 0.030266158950279128
hk min = 0.022391685798861954
hz max = 0.043132451645738784
hz min = 0.02523592175615429
lambdaF max = Inf
lambdaF min = 0.008624482946382158
lambdaB max = Inf
lambdaB min = 0.008624482946382158
----------------------------------
----------------------------------
Iteration = 24
Distance = 0.005206342713705681
v max = -0.5013907198788276
v min = -6.331670487186393
d max = 0.07607142857142857
d min = 0.07607142857142857
dF max = 0.07607142857142857
dB max = 0.07607142857142857
hk max = 0.030266953408969427
hk min = 0.022391796248170618
hz max = 0.04313425723367128
hz min = 0.025236172777310346
lambdaF max = Inf
lambdaF min = 0.008624482946382158
lambdaB max = Inf
lambdaB min = 0.008624482946382158
----------------------------------
----------------------------------
Iteration = 25
Distance = 0.004508248586724051
v max = -0.5058132448823306
v min = -6.336178735773117
d max = 0.07607142857142857
d min = 0.07607142857142857
dF max = 0.07607142857142857
dB max = 0.07607142857142857
hk max = 0.03026748254494604
hk min = 0.02239187014180255
hz max = 0.04313545981543631
hz min = 0.025236340717382916
lambdaF max = Inf
lambdaF min = 0.008624482946382158
lambdaB max = Inf
lambdaB min = 0.008624482946382158
----------------------------------
----------------------------------
Iteration = 26
Distance = 0.003907549357565543
v max = -0.5096635970534665
v min = -6.340086285130683
d max = 0.07607142857142857
d min = 0.07607142857142857
dF max = 0.07607142857142857
dB max = 0.07607142857142857
hk max = 0.03026783505591022
hk min = 0.022391919558530787
hz max = 0.043136260976718535
hz min = 0.025236453028128908
lambdaF max = Inf
lambdaF min = 0.008624482946382158
lambdaB max = Inf
lambdaB min = 0.008624482946382158
----------------------------------
----------------------------------
Iteration = 27
Distance = 0.003389425289173076
v max = -0.5130148563832868
v min = -6.343475710419856
d max = 0.07607142857142857
d min = 0.07607142857142857
dF max = 0.07607142857142857
dB max = 0.07607142857142857
hk max = 0.030268069954249487
hk min = 0.022391952595412774
hz max = 0.043136794836580505
hz min = 0.025236528111951605
lambdaF max = Inf
lambdaF min = 0.008624482946382158
lambdaB max = Inf
lambdaB min = 0.008624482946382158
----------------------------------
----------------------------------
Iteration = 28
Distance = 0.002941696694056972
v max = -0.5159310845922687
v min = -6.346417407113913
d max = 0.07607142857142857
d min = 0.07607142857142857
dF max = 0.07607142857142857
dB max = 0.07607142857142857
hk max = 0.030268226514446623
hk min = 0.022391974675987615
hz max = 0.04313715065521036
hz min = 0.025236578295076244
lambdaF max = Inf
lambdaF min = 0.008624482946382158
lambdaB max = Inf
lambdaB min = 0.008624482946382158
----------------------------------
----------------------------------
Iteration = 29
Distance = 0.002554243069025297
v max = -0.5184683313978833
v min = -6.348971650182938
d max = 0.07607142857142857
d min = 0.07607142857142857
dF max = 0.07607142857142857
dB max = 0.07607142857142857
hk max = 0.030268330882791697
hk min = 0.022391989430688784
hz max = 0.043137387855994615
hz min = 0.025236611828488
lambdaF max = Inf
lambdaF min = 0.008624482946382158
lambdaB max = Inf
lambdaB min = 0.008624482946382158
----------------------------------
----------------------------------
Iteration = 30
Distance = 0.0022185772115239644
v max = -0.5206755656835056
v min = -6.351190227394462
d max = 0.07607142857142857
d min = 0.07607142857142857
dF max = 0.07607142857142857
dB max = 0.07607142857142857
hk max = 0.03026840047077024
hk min = 0.02239199928842185
hz max = 0.0431375460104913
hz min = 0.025236634232426784
lambdaF max = Inf
lambdaF min = 0.008624482946382158
lambdaB max = Inf
lambdaB min = 0.008624482946382158
----------------------------------
----------------------------------
Iteration = 31
Distance = 0.0019275275321559704
v max = -0.5225955228663098
v min = -6.353117754926618
d max = 0.07607142857142857
d min = 0.07607142857142857
dF max = 0.07607142857142857
dB max = 0.07607142857142857
hk max = 0.03026844687630885
hk min = 0.02239200587355447
hz max = 0.04313765147762451
hz min = 0.02523664919863729
lambdaF max = Inf
lambdaF min = 0.008624482946382158
lambdaB max = Inf
lambdaB min = 0.008624482946382158
----------------------------------
----------------------------------
Iteration = 32
Distance = 0.0016749968060585374
v max = -0.5242654669681341
v min = -6.354792751732677
d max = 0.07607142857142857
d min = 0.07607142857142857
dF max = 0.07607142857142857
dB max = 0.07607142857142857
hk max = 0.030268477826846198
hk min = 0.022392010272049612
hz max = 0.043137721819754844
hz min = 0.02523665919521715
lambdaF max = Inf
lambdaF min = 0.008624482946382158
lambdaB max = Inf
lambdaB min = 0.008624482946382158
----------------------------------
----------------------------------
Iteration = 33
Distance = 0.001455775670903492
v max = -0.5257178701774097
v min = -6.35624852740358
d max = 0.07607142857142857
d min = 0.07607142857142857
dF max = 0.07607142857142857
dB max = 0.07607142857142857
hk max = 0.030268498472198847
hk min = 0.022392013209732473
hz max = 0.04313776874101087
hz min = 0.025236665871769107
lambdaF max = Inf
lambdaF min = 0.008624482946382158
lambdaB max = Inf
lambdaB min = 0.008624482946382158
----------------------------------
----------------------------------
Iteration = 34
Distance = 0.0012653959399209214
v max = -0.5269810150756508
v min = -6.357513923343501
d max = 0.07607142857142857
d min = 0.07607142857142857
dF max = 0.07607142857142857
dB max = 0.07607142857142857
hk max = 0.030268512245109902
hk min = 0.0223920151716201
hz max = 0.043137800043081445
hz min = 0.025236670330604626
lambdaF max = Inf
lambdaF min = 0.008624482946382158
lambdaB max = Inf
lambdaB min = 0.008624482946382158
----------------------------------
----------------------------------
Iteration = 35
Distance = 0.0011000133569769588
v max = -0.5280795258728033
v min = -6.358613936700478
d max = 0.07607142857142857
d min = 0.07607142857142857
dF max = 0.07607142857142857
dB max = 0.07607142857142857
hk max = 0.030268521434200217
hk min = 0.022392016481759425
hz max = 0.04313782092737762
hz min = 0.025236673308193996
lambdaF max = Inf
lambdaF min = 0.008624482946382158
lambdaB max = Inf
lambdaB min = 0.008624482946382158
----------------------------------
----------------------------------
Iteration = 36
Distance = 0.0009563125083671409
v max = -0.5290348354058773
v min = -6.359570249208845
d max = 0.07607142857142857
d min = 0.07607142857142857
dF max = 0.07607142857142857
dB max = 0.07607142857142857
hk max = 0.03026852756556969
hk min = 0.02239201735662185
hz max = 0.043137834862308246
hz min = 0.025236675296517692
lambdaF max = Inf
lambdaF min = 0.008624482946382158
lambdaB max = Inf
lambdaB min = 0.008624482946382158
----------------------------------
----------------------------------
Iteration = 37
Distance = 0.0008314287084472127
v max = -0.5298655946035441
v min = -6.3604016779172925
d max = 0.07607142857142857
d min = 0.07607142857142857
dF max = 0.07607142857142857
dB max = 0.07607142857142857
hk max = 0.030268531657000202
hk min = 0.02239201794079944
hz max = 0.04313784416101395
hz min = 0.025236676624194033
lambdaF max = Inf
lambdaF min = 0.008624482946382158
lambdaB max = Inf
lambdaB min = 0.008624482946382158
----------------------------------
----------------------------------
Iteration = 38
Distance = 0.000722883119644635
v max = -0.5305880308002918
v min = -6.361124561036937
d max = 0.07607142857142857
d min = 0.07607142857142857
dF max = 0.07607142857142857
dB max = 0.07607142857142857
hk max = 0.030268534387373973
hk min = 0.02239201833086296
hz max = 0.04313785036640889
hz min = 0.025236677510702032
lambdaF max = Inf
lambdaF min = 0.008624482946382158
lambdaB max = Inf
lambdaB min = 0.008624482946382158
----------------------------------
----------------------------------
Iteration = 39
Distance = 0.0006285283642659678
v max = -0.5312162608226472
v min = -6.361753089401203
d max = 0.07607142857142857
d min = 0.07607142857142857
dF max = 0.07607142857142857
dB max = 0.07607142857142857
hk max = 0.03026853620956554
hk min = 0.022392018591307017
hz max = 0.043137854507753357
hz min = 0.025236678102620338
lambdaF max = Inf
lambdaF min = 0.008624482946382158
lambdaB max = Inf
lambdaB min = 0.008624482946382158
----------------------------------
----------------------------------
Iteration = 40
Distance = 0.0005465025831066228
v max = -0.5317625642459749
v min = -6.36229959198431
d max = 0.07607142857142857
d min = 0.07607142857142857
dF max = 0.07607142857142857
dB max = 0.07607142857142857
hk max = 0.03026853742571382
hk min = 0.022392018765200607
hz max = 0.04313785727172672
hz min = 0.02523667849783305
lambdaF max = Inf
lambdaF min = 0.008624482946382158
lambdaB max = Inf
lambdaB min = 0.008624482946382158
----------------------------------
----------------------------------
Iteration = 41
Distance = 0.00047519038804111347
v max = -0.5322376216823117
v min = -6.362774782372351
d max = 0.07607142857142857
d min = 0.07607142857142857
dF max = 0.07607142857142857
dB max = 0.07607142857142857
hk max = 0.030268538237421094
hk min = 0.02239201888130392
hz max = 0.04313785911651598
hz min = 0.02523667876170421
lambdaF max = Inf
lambdaF min = 0.008624482946382158
lambdaB max = Inf
lambdaB min = 0.008624482946382158
----------------------------------
----------------------------------
Iteration = 42
Distance = 0.00041318950907598406
v max = -0.5326507224368872
v min = -6.363187971881427
d max = 0.07607142857142857
d min = 0.07607142857142857
dF max = 0.07607142857142857
dB max = 0.07607142857142857
hk max = 0.030268538779206634
hk min = 0.022392018958821182
hz max = 0.04313786034784675
hz min = 0.025236678937879814
lambdaF max = Inf
lambdaF min = 0.008624482946382158
lambdaB max = Inf
lambdaB min = 0.008624482946382158
----------------------------------
----------------------------------
Iteration = 43
Distance = 0.0003592821926918788
v max = -0.5330099453792969
v min = -6.363547254074119
d max = 0.07607142857142857
d min = 0.07607142857142857
dF max = 0.07607142857142857
dB max = 0.07607142857142857
hk max = 0.03026853914084059
hk min = 0.022392019010575772
hz max = 0.04313786116974211
hz min = 0.025236679055503877
lambdaF max = Inf
lambdaF min = 0.008624482946382158
lambdaB max = Inf
lambdaB min = 0.008624482946382158
----------------------------------
----------------------------------
Iteration = 44
Distance = 0.00031241059835984686
v max = -0.5333223164233669
v min = -6.3638596646724785
d max = 0.07607142857142857
d min = 0.07607142857142857
dF max = 0.07607142857142857
dB max = 0.07607142857142857
hk max = 0.030268539382233228
hk min = 0.022392019045129233
hz max = 0.04313786171836174
hz min = 0.025236679134034472
lambdaF max = Inf
lambdaF min = 0.008624482946382158
lambdaB max = Inf
lambdaB min = 0.008624482946382158
----------------------------------
----------------------------------
Iteration = 45
Distance = 0.0002716555825061917
v max = -0.5335939456000771
v min = -6.364131320254985
d max = 0.07607142857142857
d min = 0.07607142857142857
dF max = 0.07607142857142857
dB max = 0.07607142857142857
hk max = 0.03026853954336727
hk min = 0.022392019068198436
hz max = 0.043137862084575464
hz min = 0.025236679186464477
lambdaF max = Inf
lambdaF min = 0.008624482946382158
lambdaB max = Inf
lambdaB min = 0.008624482946382158
----------------------------------
----------------------------------
Iteration = 46
Distance = 0.00023621836894527348
v max = -0.5338301463408485
v min = -6.36436753862393
d max = 0.07607142857142857
d min = 0.07607142857142857
dF max = 0.07607142857142857
dB max = 0.07607142857142857
hk max = 0.03026853965092868
hk min = 0.022392019083600022
hz max = 0.043137862329033216
hz min = 0.025236679221468085
lambdaF max = Inf
lambdaF min = 0.008624482946382158
lambdaB max = Inf
lambdaB min = 0.008624482946382158
----------------------------------
----------------------------------
Iteration = 47
Distance = 0.0002054046893986694
v max = -0.5340355392618574
v min = -6.364572943313329
d max = 0.07607142857142857
d min = 0.07607142857142857
dF max = 0.07607142857142857
dB max = 0.07607142857142857
hk max = 0.030268539722730924
hk min = 0.022392019093882738
hz max = 0.04313786249222014
hz min = 0.025236679244837888
lambdaF max = Inf
lambdaF min = 0.008624482946382158
lambdaB max = Inf
lambdaB min = 0.008624482946382158
----------------------------------
----------------------------------
Iteration = 48
Distance = 0.00017861104577221454
v max = -0.5342141424511394
v min = -6.364751554359101
d max = 0.07607142857142857
d min = 0.07607142857142857
dF max = 0.07607142857142857
dB max = 0.07607142857142857
hk max = 0.030268539770662285
hk min = 0.022392019100747514
hz max = 0.04313786260115504
hz min = 0.025236679260439654
lambdaF max = Inf
lambdaF min = 0.008624482946382158
lambdaB max = Inf
lambdaB min = 0.008624482946382158
----------------------------------
----------------------------------
Iteration = 49
Distance = 0.0001553127995324033
v max = -0.5343694500057221
v min = -6.364906867158633
d max = 0.07607142857142857
d min = 0.07607142857142857
dF max = 0.07607142857142857
dB max = 0.07607142857142857
hk max = 0.030268539802660296
hk min = 0.022392019105330813
hz max = 0.0431378626738778
hz min = 0.02523667927085624
lambdaF max = Inf
lambdaF min = 0.008624482946382158
lambdaB max = Inf
lambdaB min = 0.008624482946382158
----------------------------------
----------------------------------
Iteration = 50
Distance = 0.0001350538383633193
v max = -0.5345045003425747
v min = -6.365041920996997
d max = 0.07607142857142857
d min = 0.07607142857142857
dF max = 0.07607142857142857
dB max = 0.07607142857142857
hk max = 0.030268539824020356
hk min = 0.022392019108390622
hz max = 0.04313786272242339
hz min = 0.025236679277810356
lambdaF max = Inf
lambdaF min = 0.008624482946382158
lambdaB max = Inf
lambdaB min = 0.008624482946382158
----------------------------------
----------------------------------
Iteration = 51
Distance = 0.00011743760632576539
v max = -0.5346219356113
v min = -6.365159358603322
d max = 0.07607142857142857
d min = 0.07607142857142857
dF max = 0.07607142857142857
dB max = 0.07607142857142857
hk max = 0.03026853983827889
hk min = 0.022392019110433502
hz max = 0.04313786275482916
hz min = 0.02523667928245326
lambdaF max = Inf
lambdaF min = 0.008624482946382158
lambdaB max = Inf
lambdaB min = 0.008624482946382158
----------------------------------
----------------------------------
Iteration = 52
Distance = 0.00010211931453962819
v max = -0.5347240533652606
v min = -6.365261477917862
d max = 0.07607142857142857
d min = 0.07607142857142857
dF max = 0.07607142857142857
dB max = 0.07607142857142857
hk max = 0.030268539847798762
hk min = 0.022392019111797
hz max = 0.043137862776465224
hz min = 0.025236679285552125
lambdaF max = Inf
lambdaF min = 0.008624482946382158
lambdaB max = Inf
lambdaB min = 0.008624482946382158
----------------------------------
----------------------------------
Iteration = 53
Distance = 8.879917487991662e-5
v max = -0.5348128514982966
v min = -6.365350277092742
d max = 0.07607142857142857
d min = 0.07607142857142857
dF max = 0.07607142857142857
dB max = 0.07607142857142857
hk max = 0.030268539854153977
hk min = 0.02239201911270781
hz max = 0.04313786279090889
hz min = 0.025236679287622146
lambdaF max = Inf
lambdaF min = 0.008624482946382158
lambdaB max = Inf
lambdaB min = 0.008624482946382158
----------------------------------
----------------------------------
Iteration = 54
Distance = 7.721652087333553e-5
v max = -0.5348900673236413
v min = -6.365427493613615
d max = 0.07607142857142857
d min = 0.07607142857142857
dF max = 0.07607142857142857
dB max = 0.07607142857142857
hk max = 0.030268539858396025
hk min = 0.022392019113315405
hz max = 0.04313786280054991
hz min = 0.025236679289003038
lambdaF max = Inf
lambdaF min = 0.008624482946382158
lambdaB max = Inf
lambdaB min = 0.008624482946382158
----------------------------------
----------------------------------
Iteration = 55
Distance = 6.714469868018824e-5
v max = -0.5349572115579729
v min = -6.3654946383122955
d max = 0.07607142857142857
d min = 0.07607142857142857
dF max = 0.07607142857142857
dB max = 0.07607142857142857
hk max = 0.030268539861228683
hk min = 0.022392019113721504
hz max = 0.04313786280698777
hz min = 0.025236679289925998
lambdaF max = Inf
lambdaF min = 0.008624482946382158
lambdaB max = Inf
lambdaB min = 0.008624482946382158
----------------------------------
----------------------------------
Iteration = 56
Distance = 5.838662634793934e-5
v max = -0.5350155978743165
v min = -6.365553024938643
d max = 0.07607142857142857
d min = 0.07607142857142857
dF max = 0.07607142857142857
dB max = 0.07607142857142857
hk max = 0.03026853986311897
hk min = 0.022392019113992124
hz max = 0.04313786281128387
hz min = 0.02523667929054104
lambdaF max = Inf
lambdaF min = 0.008624482946382158
lambdaB max = Inf
lambdaB min = 0.008624482946382158
----------------------------------
----------------------------------
Iteration = 57
Distance = 5.077093392724663e-5
v max = -0.5350663686012912
v min = -6.365603795872571
d max = 0.07607142857142857
d min = 0.07607142857142857
dF max = 0.07607142857142857
dB max = 0.07607142857142857
hk max = 0.030268539864380394
hk min = 0.022392019114173267
hz max = 0.043137862814150746
hz min = 0.025236679290952732
lambdaF max = Inf
lambdaF min = 0.008624482946382158
lambdaB max = Inf
lambdaB min = 0.008624482946382158
----------------------------------
----------------------------------
Iteration = 58
Distance = 4.41486078237574e-5
v max = -0.5351105170709479
v min = -6.365647944480394
d max = 0.07607142857142857
d min = 0.07607142857142857
dF max = 0.07607142857142857
dB max = 0.07607142857142857
hk max = 0.030268539865224733
hk min = 0.022392019114293837
hz max = 0.043137862816069704
hz min = 0.02523667929122676
lambdaF max = Inf
lambdaF min = 0.008624482946382158
lambdaB max = Inf
lambdaB min = 0.008624482946382158
----------------------------------
----------------------------------
Iteration = 59
Distance = 3.839007347661294e-5
v max = -0.5351489070521878
v min = -6.365686334553871
d max = 0.07607142857142857
d min = 0.07607142857142857
dF max = 0.07607142857142857
dB max = 0.07607142857142857
hk max = 0.030268539865786086
hk min = 0.02239201911437453
hz max = 0.0431378628173455
hz min = 0.02523667929141014
lambdaF max = Inf
lambdaF min = 0.008624482946382158
lambdaB max = Inf
lambdaB min = 0.008624482946382158
----------------------------------
----------------------------------
Iteration = 60
Distance = 3.338265904950788e-5
v max = -0.5351822896496619
v min = -6.3657197172129205
d max = 0.07607142857142857
d min = 0.07607142857142857
dF max = 0.07607142857142857
dB max = 0.07607142857142857
hk max = 0.03026853986616248
hk min = 0.022392019114428282
hz max = 0.043137862818200944
hz min = 0.02523667929153231
lambdaF max = Inf
lambdaF min = 0.008624482946382158
lambdaB max = Inf
lambdaB min = 0.008624482946382158
----------------------------------
----------------------------------
Iteration = 61
Distance = 2.9028390133412074e-5
v max = -0.5352113179986874
v min = -6.365748745603054
d max = 0.07607142857142857
d min = 0.07607142857142857
dF max = 0.07607142857142857
dB max = 0.07607142857142857
hk max = 0.030268539866413098
hk min = 0.022392019114464118
hz max = 0.04313786281877053
hz min = 0.025236679291613755
lambdaF max = Inf
lambdaF min = 0.008624482946382158
lambdaB max = Inf
lambdaB min = 0.008624482946382158
----------------------------------
----------------------------------
Iteration = 62
Distance = 2.524207235143905e-5
v max = -0.5352365600435869
v min = -6.365773987675405
d max = 0.07607142857142857
d min = 0.07607142857142857
dF max = 0.07607142857142857
dB max = 0.07607142857142857
hk max = 0.03026853986658141
hk min = 0.02239201911448828
hz max = 0.043137862819153064
hz min = 0.025236679291668663
lambdaF max = Inf
lambdaF min = 0.008624482946382158
lambdaB max = Inf
lambdaB min = 0.008624482946382158
----------------------------------
----------------------------------
Iteration = 63
Distance = 2.1949624096073705e-5
v max = -0.5352585096493621
v min = -6.365795937299501
d max = 0.07607142857142857
d min = 0.07607142857142857
dF max = 0.07607142857142857
dB max = 0.07607142857142857
hk max = 0.03026853986669331
hk min = 0.02239201911450423
hz max = 0.04313786281940738
hz min = 0.025236679291704922
lambdaF max = Inf
lambdaF min = 0.008624482946382158
lambdaB max = Inf
lambdaB min = 0.008624482946382158
----------------------------------
----------------------------------
Iteration = 64
Distance = 1.908662695804253e-5
v max = -0.5352775962640913
v min = -6.3658150239264595
d max = 0.07607142857142857
d min = 0.07607142857142857
dF max = 0.07607142857142857
dB max = 0.07607142857142857
hk max = 0.030268539866767297
hk min = 0.022392019114514865
hz max = 0.043137862819575525
hz min = 0.02523667929172909
lambdaF max = Inf
lambdaF min = 0.008624482946382158
lambdaB max = Inf
lambdaB min = 0.008624482946382158
----------------------------------
----------------------------------
Iteration = 65
Distance = 1.659706512935344e-5
v max = -0.5352941933210515
v min = -6.365831620991589
d max = 0.07607142857142857
d min = 0.07607142857142857
dF max = 0.07607142857142857
dB max = 0.07607142857142857
hk max = 0.03026853986681631
hk min = 0.022392019114522148
hz max = 0.04313786281968692
hz min = 0.025236679291745643
lambdaF max = Inf
lambdaF min = 0.008624482946382158
lambdaB max = Inf
lambdaB min = 0.008624482946382158
----------------------------------
----------------------------------
Iteration = 66
Distance = 1.4432229348493308e-5
v max = -0.5353086255449477
v min = -6.365846053220937
d max = 0.07607142857142857
d min = 0.07607142857142857
dF max = 0.07607142857142857
dB max = 0.07607142857142857
hk max = 0.030268539866849603
hk min = 0.022392019114526887
hz max = 0.04313786281976259
hz min = 0.025236679291756416
lambdaF max = Inf
lambdaF min = 0.008624482946382158
lambdaB max = Inf
lambdaB min = 0.008624482946382158
----------------------------------
----------------------------------
Iteration = 67
Distance = 1.2549763853897389e-5
v max = -0.5353211753051572
v min = -6.365858602984791
d max = 0.07607142857142857
d min = 0.07607142857142857
dF max = 0.07607142857142857
dB max = 0.07607142857142857
hk max = 0.0302685398668718
hk min = 0.022392019114530128
hz max = 0.04313786281981303
hz min = 0.02523667929176377
lambdaF max = Inf
lambdaF min = 0.008624482946382158
lambdaB max = Inf
lambdaB min = 0.008624482946382158
----------------------------------
----------------------------------
Iteration = 68
Distance = 1.091283758736239e-5
v max = -0.5353320881403223
v min = -6.365869515822379
d max = 0.07607142857142857
d min = 0.07607142857142857
dF max = 0.07607142857142857
dB max = 0.07607142857142857
hk max = 0.030268539866886594
hk min = 0.022392019114532206
hz max = 0.04313786281984666
hz min = 0.0252366792917685
lambdaF max = Inf
lambdaF min = 0.008624482946382158
lambdaB max = Inf
lambdaB min = 0.008624482946382158
----------------------------------
----------------------------------
Iteration = 69
Distance = 9.48942364065175e-6
v max = -0.5353415775623392
v min = -6.365879005246019
d max = 0.07607142857142857
d min = 0.07607142857142857
dF max = 0.07607142857142857
dB max = 0.07607142857142857
hk max = 0.03026853986689677
hk min = 0.02239201911453336
hz max = 0.04313786281986978
hz min = 0.025236679291771126
lambdaF max = Inf
lambdaF min = 0.008624482946382158
lambdaB max = Inf
lambdaB min = 0.008624482946382158
----------------------------------
    Value Function Converged, Iteration = 69 with gamma=4.0 with rho=1.0 and v=-2.7630089368522497
    Natural boundary condition
=============================================================
Convegence time (minutes): 0.11514965453333333
Current Time = 22:23:40
grid points for z:  401
grid size for z:  0.025
-0.08157309125288492
-0.28419496599416666
--- 8.46802806854248 seconds for the elasticity computation ---
-0.005515874707959069
-0.07408011853912334
--- 0.06955528259277344 seconds for the elasticity computation ---
-0.04468200352503644
-0.21011484745504333
--- 0.06333541870117188 seconds for the elasticity computation ---
-0.1559276923399138
-0.2898389061072437
--- 0.06421637535095215 seconds for the elasticity computation ---
Current Time = 22:23:51
grid points for z:  401
grid size for z:  0.025
rho = 1
0.05935460108702888
--- 8.59113883972168 seconds for the elasticity computation ---
0.0
--- 0.06751608848571777 seconds for the elasticity computation ---
0.05935460108702888
--- 0.06688427925109863 seconds for the elasticity computation ---
0.0
--- 0.06693434715270996 seconds for the elasticity computation ---
0.0
--- 0.06689596176147461 seconds for the elasticity computation ---
0.05935460108702888
0.005643940113077034
--- 0.06731700897216797 seconds for the elasticity computation ---
0.05935460108702888
0.005643940113077034
--- 0.06704831123352051 seconds for the elasticity computation ---
0.05935460108702888
0.005643940113077034
--- 0.066680908203125 seconds for the elasticity computation ---
0.05935460108702888
0.005643940113077034
--- 0.06668305397033691 seconds for the elasticity computation ---
parsed_args = parse_commandline() = Dict{String, Any}("dataname" => "lower_triangular_two_ambiguous_parameters", "clowerlim" => 0.0001, "delta" => 0.015, "boundary" => 0, "Delta" => 10.0, "q" => 0.05, "zmax" => 5.0, "logadjustment" => 1, "zscale" => 2.0, "foc" => 1, "distorted" => 0, "rho" => 1.0, "gamma" => 4.0)
=============================================================
./output/lower_triangular_two_ambiguous_parameters/Delta_10.0_distorted_0/logadjustment_1_boundary_0/zmax_5.0_zscale_2.0/delta_0.015/q_0.05_gamma_4.0_rho_1.0/
=============================================================
solve for structured linear system 
structured_relative_entropy = 0.05128060641600308
=============================================================
solve for unstructured linear system 
q_update = 0.14769106793805176
=============================================================
parsed_args = parse_commandline() = Dict{String, Any}("dataname" => "lower_triangular_two_ambiguous_parameters", "clowerlim" => 0.0001, "delta" => 0.015, "boundary" => 0, "Delta" => 10.0, "q" => 0.05, "zmax" => 5.0, "logadjustment" => 1, "zscale" => 2.0, "foc" => 1, "distorted" => 0, "rho" => 1.0, "gamma" => 4.0)
=============================================================
./output/lower_triangular_two_ambiguous_parameters/Delta_10.0_distorted_0/logadjustment_1_boundary_0/zmax_5.0_zscale_2.0/delta_0.015/q_0.05_gamma_4.0_rho_1.0/
=============================================================
solve for structured linear system 
structured_relative_entropy = 0.051280606416003086
=============================================================
solve for unstructured linear system 
q_update = 0.14769106793805173
=============================================================
Program ends Fri Jan 19 22:24:33 CST 2024
Elapsed time: 0 days 00 hr 01 min 19 sec
