D_10.0_distorted_0_boundary_1_delta_0.02_gamma_10.0_q_0.1_rho_1.0_upper_triangular_four_ambiguous_parameters
Program starts Fri Jan 19 22:17:25 CST 2024
parsed_args = parse_commandline() = Dict{String, Any}("dataname" => "upper_triangular_four_ambiguous_parameters", "clowerlim" => 0.0001, "delta" => 0.02, "boundary" => 1, "Delta" => 10.0, "q" => 0.1, "zmax" => 5.0, "logadjustment" => 1, "zscale" => 2.0, "foc" => 1, "distorted" => 0, "rho" => 1.0, "gamma" => 10.0)
=============================================================
logadjustment: true
reflective_boundary: true
0.109
U: [1.0331966455186503 0.4546065240282061; 0.0 0.06463435618925897]
L: [1.0331966455186503 0.0; 0.4546065240282061 0.06463435618925897]
[-2.220446049250313e-16 0.0; 0.0 0.0]
sigma_k: [0.010331966455186503, 0.004546065240282061]
sigma_z: [0.0, 0.06463435618925897]
Compute value function WITH ROBUSTNESS
computing undistorted version...
zmax = 5.0, zmin = -5.0, zlength = 401
reflective boundary condition
----------------------------------
Iteration = 1
Distance = 1.2137087320774964
v max = -0.9443308051338414
v min = -3.2137087320774964
d max = 0.07672413793103448
d min = 0.07672413793103448
dF max = 0.07672413793103448
dB max = 0.07672413793103448
hk max = 0.010331966455186503
hk min = 0.010331966455186503
hz max = 0.004546065240282061
hz min = 0.004546065240282061
lambdaF max = 0.1596347330627016
lambdaF min = 0.006028620769798677
lambdaB max = 0.1596347330627016
lambdaB min = 0.006028620769798677
----------------------------------
----------------------------------
Iteration = 2
Distance = 0.9385016083364319
v max = -0.677580006489231
v min = -4.152210340413928
d max = 0.07672413793103448
d min = 0.07672413793103448
dF max = 0.07672413793103448
dB max = 0.07672413793103448
hk max = 0.010331966455186503
hk min = 0.010331966455186503
hz max = 0.019235691646936837
hz min = 0.015895430289476466
lambdaF max = 0.3087916332956299
lambdaF min = 0.006028620769798677
lambdaB max = 0.30879163329565856
lambdaB min = 0.006028620769798677
----------------------------------
----------------------------------
Iteration = 3
Distance = 0.647249338727157
v max = -0.5893888661726491
v min = -4.799459679141085
d max = 0.07672413793103448
d min = 0.07672413793103448
dF max = 0.07672413793103448
dB max = 0.07672413793103448
hk max = 0.010331966455186503
hk min = 0.010331966455186503
hz max = 0.030357593717121125
hz min = 0.020768919112909737
lambdaF max = 0.4075727139901005
lambdaF min = 0.006028620769798677
lambdaB max = 0.41104832139439873
lambdaB min = 0.006028620769798677
----------------------------------
----------------------------------
Iteration = 4
Distance = 0.4592227413957142
v max = -0.5854179364762517
v min = -5.2586824205367995
d max = 0.07672413793103448
d min = 0.07672413793103448
dF max = 0.07672413793103448
dB max = 0.07672413793103448
hk max = 0.010331966455186503
hk min = 0.010331966455186503
hz max = 0.03760654022433982
hz min = 0.02209870812833485
lambdaF max = 0.4778398975399193
lambdaF min = 0.006028620769798677
lambdaB max = 0.4836133671877659
lambdaB min = 0.006028620769798677
----------------------------------
----------------------------------
Iteration = 5
Distance = 0.3353587417038302
v max = -0.6159637849622112
v min = -5.59404116224063
d max = 0.07672413793103448
d min = 0.07672413793103448
dF max = 0.07672413793103448
dB max = 0.07672413793103448
hk max = 0.010331966455186503
hk min = 0.010331966455186503
hz max = 0.04236540367321495
hz min = 0.02324329501778669
lambdaF max = 0.5278052154377196
lambdaF min = 0.006028620769798677
lambdaB max = 0.5352965763716604
lambdaB min = 0.006028620769798677
----------------------------------
----------------------------------
Iteration = 6
Distance = 0.2497641698541182
v max = -0.6590360565811854
v min = -5.843805332094748
d max = 0.07672413793103448
d min = 0.07672413793103448
dF max = 0.07672413793103448
dB max = 0.07672413793103448
hk max = 0.010331966455186503
hk min = 0.010331966455186503
hz max = 0.045529907735252305
hz min = 0.023510220959735283
lambdaF max = 0.5643004564384282
lambdaF min = 0.006028620769798677
lambdaB max = 0.5729756298966385
lambdaB min = 0.006028620769798677
----------------------------------
----------------------------------
Iteration = 7
Distance = 0.1889666292446055
v max = -0.706510842486401
v min = -6.032771961339353
d max = 0.07672413793103448
d min = 0.07672413793103448
dF max = 0.07672413793103448
dB max = 0.07672413793103448
hk max = 0.010331966455186503
hk min = 0.010331966455186503
hz max = 0.04764468512013199
hz min = 0.02381344337215099
lambdaF max = 0.5910528866038094
lambdaF min = 0.006028620769798677
lambdaB max = 0.6004716598948237
lambdaB min = 0.006028620769798677
----------------------------------
----------------------------------
Iteration = 8
Distance = 0.14491498033114514
v max = -0.7541952615659062
v min = -6.1776869416704985
d max = 0.07672413793103448
d min = 0.07672413793103448
dF max = 0.07672413793103448
dB max = 0.07672413793103448
hk max = 0.010331966455186503
hk min = 0.010331966455186503
hz max = 0.049061162240183594
hz min = 0.023934417370823136
lambdaF max = 0.6103003316269258
lambdaF min = 0.006028620769798677
lambdaB max = 0.6201323484772917
lambdaB min = 0.006028620769798677
----------------------------------
----------------------------------
Iteration = 9
Distance = 0.11246388988138278
v max = -0.8001562949939678
v min = -6.290150831551881
d max = 0.07672413793103448
d min = 0.07672413793103448
dF max = 0.07672413793103448
dB max = 0.07672413793103448
hk max = 0.010331966455186503
hk min = 0.010331966455186503
hz max = 0.05001111514767781
hz min = 0.02406504597922147
lambdaF max = 0.6236871978674624
lambdaF min = 0.006028620769798677
lambdaB max = 0.6337194319453547
lambdaB min = 0.006028620769798677
----------------------------------
----------------------------------
Iteration = 10
Distance = 0.0882046349246206
v max = -0.8430219250960213
v min = -6.378355466476502
d max = 0.07672413793103448
d min = 0.07672413793103448
dF max = 0.07672413793103448
dB max = 0.07672413793103448
hk max = 0.010331966455186503
hk min = 0.010331966455186503
hz max = 0.05064864496720908
hz min = 0.02414354961973392
lambdaF max = 0.6326601619589651
lambdaF min = 0.006028620769798677
lambdaB max = 0.6427785348807445
lambdaB min = 0.006028620769798677
----------------------------------
----------------------------------
Iteration = 11
Distance = 0.06982476541300908
v max = -0.8821863430312599
v min = -6.448180231889511
d max = 0.07672413793103448
d min = 0.07672413793103448
dF max = 0.07672413793103448
dB max = 0.07672413793103448
hk max = 0.010331966455186503
hk min = 0.010331966455186503
hz max = 0.05107668565757399
hz min = 0.024210527580022026
lambdaF max = 0.6385085451565308
lambdaF min = 0.006028620769798677
lambdaB max = 0.6486659926698266
lambdaB min = 0.006028620769798677
----------------------------------
----------------------------------
Iteration = 12
Distance = 0.05572700578814782
v max = -0.9172901701728042
v min = -6.503907237677659
d max = 0.07672413793103448
d min = 0.07672413793103448
dF max = 0.07672413793103448
dB max = 0.07672413793103448
hk max = 0.010331966455186503
hk min = 0.010331966455186503
hz max = 0.051364162540188975
hz min = 0.024256738021228623
lambdaF max = 0.6422855954404773
lambdaF min = 0.006028620769798677
lambdaB max = 0.6524703110143085
lambdaB min = 0.006028620769798677
----------------------------------
----------------------------------
Iteration = 13
Distance = 0.044791209884325944
v max = -0.948281681929765
v min = -6.548698447561985
d max = 0.07672413793103448
d min = 0.07672413793103448
dF max = 0.07672413793103448
dB max = 0.07672413793103448
hk max = 0.010331966455186503
hk min = 0.010331966455186503
hz max = 0.051557277014042315
hz min = 0.024291048395087774
lambdaF max = 0.6447602956742235
lambdaF min = 0.006028620769798677
lambdaB max = 0.6549719948879004
lambdaB min = 0.006028620769798677
----------------------------------
----------------------------------
Iteration = 14
Distance = 0.03622097258741963
v max = -0.9752602641192856
v min = -6.584919420149404
d max = 0.07672413793103448
d min = 0.07672413793103448
dF max = 0.07672413793103448
dB max = 0.07672413793103448
hk max = 0.010331966455186503
hk min = 0.010331966455186503
hz max = 0.05168702230629573
hz min = 0.02431439148401059
lambdaF max = 0.6464322672359283
lambdaF min = 0.006028620769798677
lambdaB max = 0.6566696548901519
lambdaB min = 0.006028620769798677
----------------------------------
----------------------------------
Iteration = 15
Distance = 0.029442636649510412
v max = -0.9985015167355079
v min = -6.614362056798915
d max = 0.07672413793103448
d min = 0.07672413793103448
dF max = 0.07672413793103448
dB max = 0.07672413793103448
hk max = 0.010331966455186503
hk min = 0.010331966455186503
hz max = 0.05177420089883903
hz min = 0.02432973156662339
lambdaF max = 0.647593330507069
lambdaF min = 0.006028620769798677
lambdaB max = 0.6578511901693259
lambdaB min = 0.006028620769798677
----------------------------------
----------------------------------
Iteration = 16
Distance = 0.02403771991468151
v max = -1.018360134278659
v min = -6.638399776713596
d max = 0.07672413793103448
d min = 0.07672413793103448
dF max = 0.07672413793103448
dB max = 0.07672413793103448
hk max = 0.010331966455186503
hk min = 0.010331966455186503
hz max = 0.051832781283434375
hz min = 0.02433988030961223
lambdaF max = 0.6484052373322144
lambdaF min = 0.006028620769798677
lambdaB max = 0.6586764740698225
lambdaB min = 0.006028620769798677
----------------------------------
----------------------------------
Iteration = 17
Distance = 0.019697112452925047
v max = -1.0352358967040984
v min = -6.658096889166521
d max = 0.07672413793103448
d min = 0.07672413793103448
dF max = 0.07672413793103448
dB max = 0.07672413793103448
hk max = 0.010331966455186503
hk min = 0.010331966455186503
hz max = 0.0518721461767755
hz min = 0.024346348702837136
lambdaF max = 0.6489640546723695
lambdaF min = 0.006028620769798677
lambdaB max = 0.6592424330043494
lambdaB min = 0.006028620769798677
----------------------------------
----------------------------------
Iteration = 18
Distance = 0.01618967723165987
v max = -1.0495201488172392
v min = -6.674286566398181
d max = 0.07672413793103448
d min = 0.07672413793103448
dF max = 0.07672413793103448
dB max = 0.07672413793103448
hk max = 0.010331966455186503
hk min = 0.010331966455186503
hz max = 0.051898599395519295
hz min = 0.024350784527961234
lambdaF max = 0.6493377832687178
lambdaF min = 0.006028620769798677
lambdaB max = 0.6596193396837368
lambdaB min = 0.006028620769798677
----------------------------------
----------------------------------
Iteration = 19
Distance = 0.01334050137001519
v max = -1.061578091868321
v min = -6.687627067768196
d max = 0.07672413793103448
d min = 0.07672413793103448
dF max = 0.07672413793103448
dB max = 0.07672413793103448
hk max = 0.010331966455186503
hk min = 0.010331966455186503
hz max = 0.051916376607671455
hz min = 0.024353742117181717
lambdaF max = 0.6495811095892601
lambdaF min = 0.006028620769798677
lambdaB max = 0.6598640849535307
lambdaB min = 0.006028620769798677
----------------------------------
----------------------------------
Iteration = 20
Distance = 0.011015683558420974
v max = -1.0717334801998855
v min = -6.698642751326617
d max = 0.07672413793103448
d min = 0.07672413793103448
dF max = 0.07672413793103448
dB max = 0.07672413793103448
hk max = 0.010331966455186503
hk min = 0.010331966455186503
hz max = 0.05192832386203347
hz min = 0.024355867403061452
lambdaF max = 0.6497379200199116
lambdaF min = 0.006028620769798677
lambdaB max = 0.660021907004187
lambdaB min = 0.006028620769798677
----------------------------------
----------------------------------
Iteration = 21
Distance = 0.009111590321553287
v max = -1.080269611953633
v min = -6.707754341648171
d max = 0.07672413793103448
d min = 0.07672413793103448
dF max = 0.07672413793103448
dB max = 0.07672413793103448
hk max = 0.010331966455186503
hk min = 0.010331966455186503
hz max = 0.05193635342484168
hz min = 0.0243573037559275
lambdaF max = 0.6498404740601447
lambdaF min = 0.006028620769798677
lambdaB max = 0.6601255299949508
lambdaB min = 0.006028620769798677
----------------------------------
----------------------------------
Iteration = 22
Distance = 0.007547193480888836
v max = -1.0874316867766645
v min = -6.7153015351290595
d max = 0.07672413793103448
d min = 0.07672413793103448
dF max = 0.07672413793103448
dB max = 0.07672413793103448
hk max = 0.010331966455186503
hk min = 0.010331966455186503
hz max = 0.05194175014327925
hz min = 0.024358299006134995
lambdaF max = 0.64990980413264
lambdaF min = 0.006028620769798677
lambdaB max = 0.6601959291265508
lambdaB min = 0.006028620769798677
----------------------------------
----------------------------------
Iteration = 23
Distance = 0.00625854848352958
v max = -1.0934317777487144
v min = -6.721560083612589
d max = 0.07672413793103448
d min = 0.07672413793103448
dF max = 0.07672413793103448
dB max = 0.07672413793103448
hk max = 0.010331966455186503
hk min = 0.010331966455186503
hz max = 0.051945377355143985
hz min = 0.024358941071939585
lambdaF max = 0.6499581305521491
lambdaF min = 0.006028620769798677
lambdaB max = 0.6602451337996298
lambdaB min = 0.006028620769798677
----------------------------------
----------------------------------
Iteration = 24
Distance = 0.005194771468738146
v max = -1.098452376300099
v min = -6.726754855081327
d max = 0.07672413793103448
d min = 0.07672413793103448
dF max = 0.07672413793103448
dB max = 0.07672413793103448
hk max = 0.010331966455186503
hk min = 0.010331966455186503
hz max = 0.051947815240426604
hz min = 0.02435936475218124
lambdaF max = 0.6499921142655755
lambdaF min = 0.006028620769798677
lambdaB max = 0.6602796995952703
lambdaB min = 0.006028620769798677
----------------------------------
----------------------------------
Iteration = 25
Distance = 0.004315074039032751
v max = -1.1026497636026913
v min = -6.73106992912036
d max = 0.07672413793103448
d min = 0.07672413793103448
dF max = 0.07672413793103448
dB max = 0.07672413793103448
hk max = 0.010331966455186503
hk min = 0.010331966455186503
hz max = 0.051949453744057045
hz min = 0.02435963540332032
lambdaF max = 0.6500156156126151
lambdaF min = 0.006028620769798677
lambdaB max = 0.6603035093321343
lambdaB min = 0.006028620769798677
----------------------------------
----------------------------------
Iteration = 26
Distance = 0.0035865513806090377
v max = -1.1061568168506146
v min = -6.734656480500969
d max = 0.07672413793103448
d min = 0.07672413793103448
dF max = 0.07672413793103448
dB max = 0.07672413793103448
hk max = 0.010331966455186503
hk min = 0.010331966455186503
hz max = 0.05195055497482301
hz min = 0.02435981830602639
lambdaF max = 0.6500313532553055
lambdaF min = 0.006028620769798677
lambdaB max = 0.6603193771175886
lambdaB min = 0.006028620769798677
----------------------------------
----------------------------------
Iteration = 27
Distance = 0.00298251260061555
v max = -1.1090857983787286
v min = -6.7376389931015845
d max = 0.07672413793103448
d min = 0.07672413793103448
dF max = 0.07672413793103448
dB max = 0.07672413793103448
hk max = 0.010331966455186503
hk min = 0.010331966455186503
hz max = 0.05195129511416134
hz min = 0.024359942808727376
lambdaF max = 0.6500415647658105
lambdaF min = 0.006028620769798677
lambdaB max = 0.6603296394440669
lambdaB min = 0.006028620769798677
----------------------------------
----------------------------------
Iteration = 28
Distance = 0.0024812058094605405
v max = -1.1115311148174312
v min = -6.740120198911045
d max = 0.07672413793103448
d min = 0.07672413793103448
dF max = 0.07672413793103448
dB max = 0.07672413793103448
hk max = 0.010331966455186503
hk min = 0.010331966455186503
hz max = 0.05195179257654397
hz min = 0.02436003079124826
lambdaF max = 0.6500480971626533
lambdaF min = 0.006028620769798677
lambdaB max = 0.6603362062149816
lambdaB min = 0.006028620769798677
----------------------------------
----------------------------------
Iteration = 29
Distance = 0.002064834010297112
v max = -1.1135719591280684
v min = -6.742185032921342
d max = 0.07672413793103448
d min = 0.07672413793103448
dF max = 0.07672413793103448
dB max = 0.07672413793103448
hk max = 0.010331966455186503
hk min = 0.010331966455186503
hz max = 0.051952126941973674
hz min = 0.024360091709001972
lambdaF max = 0.6500523351974933
lambdaF min = 0.006028620769798677
lambdaB max = 0.6603404847092916
lambdaB min = 0.006028620769798677
----------------------------------
----------------------------------
Iteration = 30
Distance = 0.0017187877527264916
v max = -1.1152747113538717
v min = -6.743903820674069
d max = 0.07672413793103448
d min = 0.07672413793103448
dF max = 0.07672413793103448
dB max = 0.07672413793103448
hk max = 0.010331966455186503
hk min = 0.010331966455186503
hz max = 0.05195235168848835
hz min = 0.02436013322802679
lambdaF max = 0.650055189308081
lambdaF min = 0.006028620769798677
lambdaB max = 0.660343382901446
lambdaB min = 0.006028620769798677
----------------------------------
----------------------------------
Iteration = 31
Distance = 0.0014310411997735528
v max = -1.1166949976599065
v min = -6.745334861873842
d max = 0.07672413793103448
d min = 0.07672413793103448
dF max = 0.07672413793103448
dB max = 0.07672413793103448
hk max = 0.010331966455186503
hk min = 0.010331966455186503
hz max = 0.05195250275432004
hz min = 0.024360160474156522
lambdaF max = 0.6500571846079005
lambdaF min = 0.006028620769798677
lambdaB max = 0.6603454162523925
lambdaB min = 0.006028620769798677
----------------------------------
----------------------------------
Iteration = 32
Distance = 0.0011916727410445915
v max = -1.1178794234551204
v min = -6.746526534614887
d max = 0.07672413793103448
d min = 0.07672413793103448
dF max = 0.07672413793103448
dB max = 0.07672413793103448
hk max = 0.010331966455186503
hk min = 0.010331966455186503
hz max = 0.05195260429320392
hz min = 0.024360178022972377
lambdaF max = 0.6500585985718645
lambdaF min = 0.006028620769798677
lambdaB max = 0.6603468561490907
lambdaB min = 0.006028620769798677
----------------------------------
----------------------------------
Iteration = 33
Distance = 0.0009924815399822151
v max = -1.118867004614632
v min = -6.747519016154869
d max = 0.07672413793103448
d min = 0.07672413793103448
dF max = 0.07672413793103448
dB max = 0.07672413793103448
hk max = 0.010331966455186503
hk min = 0.010331966455186503
hz max = 0.05195267254076806
hz min = 0.0243601893395432
lambdaF max = 0.6500595844047081
lambdaF min = 0.006028620769798677
lambdaB max = 0.6603478558297772
lambdaB min = 0.006028620769798677
----------------------------------
----------------------------------
Iteration = 34
Distance = 0.0008266787394051178
v max = -1.1196903696291152
v min = -6.748345694894274
d max = 0.07672413793103448
d min = 0.07672413793103448
dF max = 0.07672413793103448
dB max = 0.07672413793103448
hk max = 0.010331966455186503
hk min = 0.010331966455186503
hz max = 0.0519527184112951
hz min = 0.02436019682907037
lambdaF max = 0.6500602477548103
lambdaF min = 0.006028620769798677
lambdaB max = 0.6603485248139077
lambdaB min = 0.006028620769798677
----------------------------------
----------------------------------
Iteration = 35
Distance = 0.0006886373389809464
v max = -1.1203767735189236
v min = -6.749034332233255
d max = 0.07672413793103448
d min = 0.07672413793103448
dF max = 0.07672413793103448
dB max = 0.07672413793103448
hk max = 0.010331966455186503
hk min = 0.010331966455186503
hz max = 0.05195274924180174
hz min = 0.02436020199461823
lambdaF max = 0.6500606778037067
lambdaF min = 0.006028620769798677
lambdaB max = 0.6603489567249082
lambdaB min = 0.006028620769798677
----------------------------------
----------------------------------
Iteration = 36
Distance = 0.0005736885976457273
v max = -1.1209489643842072
v min = -6.749608020830901
d max = 0.07672413793103448
d min = 0.07672413793103448
dF max = 0.07672413793103448
dB max = 0.07672413793103448
hk max = 0.010331966455186503
hk min = 0.010331966455186503
hz max = 0.05195276996407978
hz min = 0.024360205626337984
lambdaF max = 0.6500609510351683
lambdaF min = 0.006028620769798677
lambdaB max = 0.6603492310370859
lambdaB min = 0.006028620769798677
----------------------------------
----------------------------------
Iteration = 37
Distance = 0.00047795562427399574
v max = -1.1214259194605163
v min = -6.750085976455175
d max = 0.07672413793103448
d min = 0.07672413793103448
dF max = 0.07672413793103448
dB max = 0.07672413793103448
hk max = 0.010331966455186503
hk min = 0.010331966455186503
hz max = 0.05195278389271064
hz min = 0.024360208183183543
lambdaF max = 0.6500611265720567
lambdaF min = 0.006028620769798677
lambdaB max = 0.6603494080302804
lambdaB min = 0.006028620769798677
----------------------------------
----------------------------------
Iteration = 38
Distance = 0.0003982168969294264
v max = -1.1218234683081578
v min = -6.750484193352104
d max = 0.07672413793103448
d min = 0.07672413793103448
dF max = 0.07672413793103448
dB max = 0.07672413793103448
hk max = 0.010331966455186503
hk min = 0.010331966455186503
hz max = 0.05195279325518763
hz min = 0.02436020992468549
lambdaF max = 0.6500612439914378
lambdaF min = 0.006028620769798677
lambdaB max = 0.6603495272222661
lambdaB min = 0.006028620769798677
----------------------------------
----------------------------------
Iteration = 39
Distance = 0.00033179400759397737
v max = -1.122154814749756
v min = -6.750815987359698
d max = 0.07672413793103448
d min = 0.07672413793103448
dF max = 0.07672413793103448
dB max = 0.07672413793103448
hk max = 0.010331966455186503
hk min = 0.010331966455186503
hz max = 0.051952799548440065
hz min = 0.024360211075146698
lambdaF max = 0.6500613261402466
lambdaF min = 0.006028620769798677
lambdaB max = 0.660349610999145
lambdaB min = 0.006028620769798677
----------------------------------
----------------------------------
Iteration = 40
Distance = 0.00027645911104468013
v max = -1.1224309724010175
v min = -6.751092446470743
d max = 0.07672413793103448
d min = 0.07672413793103448
dF max = 0.07672413793103448
dB max = 0.07672413793103448
hk max = 0.010331966455186503
hk min = 0.010331966455186503
hz max = 0.05195280377854576
hz min = 0.024360211810156903
lambdaF max = 0.6500613847770403
lambdaF min = 0.006028620769798677
lambdaB max = 0.6603496707876403
lambdaB min = 0.006028620769798677
----------------------------------
----------------------------------
Iteration = 41
Distance = 0.00023035846721342068
v max = -1.1226611269302662
v min = -6.751322804937956
d max = 0.07672413793103448
d min = 0.07672413793103448
dF max = 0.07672413793103448
dB max = 0.07672413793103448
hk max = 0.010331966455186503
hk min = 0.010331966455186503
hz max = 0.051952806621787154
hz min = 0.024360212281357412
lambdaF max = 0.650061426034423
lambdaF min = 0.006028620769798677
lambdaB max = 0.6603497126720204
lambdaB min = 0.006028620769798677
----------------------------------
----------------------------------
Iteration = 42
Distance = 0.00019194917421661017
v max = -1.1228529380426675
v min = -6.751514754112173
d max = 0.07672413793103448
d min = 0.07672413793103448
dF max = 0.07672413793103448
dB max = 0.07672413793103448
hk max = 0.010331966455186503
hk min = 0.010331966455186503
hz max = 0.051952808532803464
hz min = 0.02436021259016775
lambdaF max = 0.6500614539780337
lambdaF min = 0.006028620769798677
lambdaB max = 0.6603497408665235
lambdaB min = 0.006028620769798677
----------------------------------
----------------------------------
Iteration = 43
Distance = 0.00015994674606822912
v max = -1.1230127916330233
v min = -6.751674700858241
d max = 0.07672413793103448
d min = 0.07672413793103448
dF max = 0.07672413793103448
dB max = 0.07672413793103448
hk max = 0.010331966455186503
hk min = 0.010331966455186503
hz max = 0.051952809817244774
hz min = 0.024360212802767095
lambdaF max = 0.650061472109929
lambdaF min = 0.006028620769798677
lambdaB max = 0.6603497590687312
lambdaB min = 0.006028620769798677
----------------------------------
----------------------------------
Iteration = 44
Distance = 0.00013328162873804672
v max = -1.1231460107572862
v min = -6.751807982486979
d max = 0.07672413793103448
d min = 0.07672413793103448
dF max = 0.07672413793103448
dB max = 0.07672413793103448
hk max = 0.010331966455186503
hk min = 0.010331966455186503
hz max = 0.05195281068057247
hz min = 0.024360212952970944
lambdaF max = 0.6500614835627417
lambdaF min = 0.006028620769798677
lambdaB max = 0.6603497705520861
lambdaB min = 0.006028620769798677
----------------------------------
----------------------------------
Iteration = 45
Distance = 0.00011106309913699874
v max = -1.123257032116943
v min = -6.751919045586116
d max = 0.07672413793103448
d min = 0.07672413793103448
dF max = 0.07672413793103448
dB max = 0.07672413793103448
hk max = 0.010331966455186503
hk min = 0.010331966455186503
hz max = 0.05195281126085918
hz min = 0.0243602130595123
lambdaF max = 0.6500614908453746
lambdaF min = 0.006028620769798677
lambdaB max = 0.6603497778846349
lambdaB min = 0.006028620769798677
----------------------------------
----------------------------------
Iteration = 46
Distance = 9.254927218727005e-5
v max = -1.1233495535496563
v min = -6.7520115948583035
d max = 0.07672413793103448
d min = 0.07672413793103448
dF max = 0.07672413793103448
dB max = 0.07672413793103448
hk max = 0.010331966455186503
hk min = 0.010331966455186503
hz max = 0.0519528116509157
hz min = 0.024360213132733576
lambdaF max = 0.6500614956760826
lambdaF min = 0.006028620769798677
lambdaB max = 0.660349782785376
lambdaB min = 0.006028620769798677
----------------------------------
----------------------------------
Iteration = 47
Distance = 7.712216837241215e-5
v max = -1.1234266570895026
v min = -6.752088717026676
d max = 0.07672413793103448
d min = 0.07672413793103448
dF max = 0.07672413793103448
dB max = 0.07672413793103448
hk max = 0.010331966455186503
hk min = 0.010331966455186503
hz max = 0.05195281191311111
hz min = 0.024360213181178637
lambdaF max = 0.6500614990534498
lambdaF min = 0.006028620769798677
lambdaB max = 0.6603497862318383
lambdaB min = 0.006028620769798677
----------------------------------
----------------------------------
Iteration = 48
Distance = 6.42669780974714e-5
v max = -1.123490911527882
v min = -6.752152984004773
d max = 0.07672413793103448
d min = 0.07672413793103448
dF max = 0.07672413793103448
dB max = 0.07672413793103448
hk max = 0.010331966455186503
hk min = 0.010331966455186503
hz max = 0.0519528120893524
hz min = 0.024360213212103125
lambdaF max = 0.6500615014808475
lambdaF min = 0.006028620769798677
lambdaB max = 0.6603497887102106
lambdaB min = 0.006028620769798677
----------------------------------
----------------------------------
Iteration = 49
Distance = 5.3554809936962045e-5
v max = -1.1235444578521718
v min = -6.75220653881471
d max = 0.07672413793103448
d min = 0.07672413793103448
dF max = 0.07672413793103448
dB max = 0.07672413793103448
hk max = 0.010331966455186503
hk min = 0.010331966455186503
hz max = 0.05195281220781027
hz min = 0.0243602132317156
lambdaF max = 0.6500615032055524
lambdaF min = 0.006028620769798677
lambdaB max = 0.6603497904633515
lambdaB min = 0.006028620769798677
----------------------------------
----------------------------------
Iteration = 50
Distance = 4.462833269691657e-5
v max = -1.1235890804339963
v min = -6.752251167147407
d max = 0.07672413793103448
d min = 0.07672413793103448
dF max = 0.07672413793103448
dB max = 0.07672413793103448
hk max = 0.010331966455186503
hk min = 0.010331966455186503
hz max = 0.051952812287428964
hz min = 0.024360213244480584
lambdaF max = 0.6500615043826181
lambdaF min = 0.006028620769798677
lambdaB max = 0.6603497916517169
lambdaB min = 0.006028620769798677
----------------------------------
----------------------------------
Iteration = 51
Distance = 3.7189823160588276e-5
v max = -1.1236262663721144
v min = -6.752288356970568
d max = 0.07672413793103448
d min = 0.07672413793103448
dF max = 0.07672413793103448
dB max = 0.07672413793103448
hk max = 0.010331966455186503
hk min = 0.010331966455186503
hz max = 0.05195281234094362
hz min = 0.024360213253213314
lambdaF max = 0.6500615051478599
lambdaF min = 0.006028620769798677
lambdaB max = 0.6603497924196653
lambdaB min = 0.006028620769798677
----------------------------------
----------------------------------
Iteration = 52
Distance = 3.099121405991667e-5
v max = -1.123657254977611
v min = -6.752319348184628
d max = 0.07672413793103448
d min = 0.07672413793103448
dF max = 0.07672413793103448
dB max = 0.07672413793103448
hk max = 0.010331966455186503
hk min = 0.010331966455186503
hz max = 0.05195281237691016
hz min = 0.024360213259419568
lambdaF max = 0.6500615056286349
lambdaF min = 0.006028620769798677
lambdaB max = 0.6603497929010954
lambdaB min = 0.006028620769798677
----------------------------------
----------------------------------
Iteration = 53
Distance = 2.582580653331945e-5
v max = -1.1236830790426313
v min = -6.752345173991161
d max = 0.07672413793103448
d min = 0.07672413793103448
dF max = 0.07672413793103448
dB max = 0.07672413793103448
hk max = 0.010331966455186503
hk min = 0.010331966455186503
hz max = 0.05195281240108992
hz min = 0.0243602132638508
lambdaF max = 0.6500615059310377
lambdaF min = 0.006028620769798677
lambdaB max = 0.6603497932050929
lambdaB min = 0.006028620769798677
----------------------------------
----------------------------------
Iteration = 54
Distance = 2.152136751920608e-5
v max = -1.123704599249834
v min = -6.75236669535868
d max = 0.07672413793103448
d min = 0.07672413793103448
dF max = 0.07672413793103448
dB max = 0.07672413793103448
hk max = 0.010331966455186503
hk min = 0.010331966455186503
hz max = 0.05195281241733835
hz min = 0.02436021326692838
lambdaF max = 0.6500615061296527
lambdaF min = 0.006028620769798677
lambdaB max = 0.6603497934064283
lambdaB min = 0.006028620769798677
----------------------------------
----------------------------------
Iteration = 55
Distance = 1.7934380224460256e-5
v max = -1.1237225328546636
v min = -6.752384629738905
d max = 0.07672413793103448
d min = 0.07672413793103448
dF max = 0.07672413793103448
dB max = 0.07672413793103448
hk max = 0.010331966455186503
hk min = 0.010331966455186503
hz max = 0.051952812428261726
hz min = 0.02436021326896977
lambdaF max = 0.6500615062682769
lambdaF min = 0.006028620769798677
lambdaB max = 0.6603497935479599
lambdaB min = 0.006028620769798677
----------------------------------
----------------------------------
Iteration = 56
Distance = 1.4945254539711073e-5
v max = -1.1237374775876579
v min = -6.7523995749934445
d max = 0.07672413793103448
d min = 0.07672413793103448
dF max = 0.07672413793103448
dB max = 0.07672413793103448
hk max = 0.010331966455186503
hk min = 0.010331966455186503
hz max = 0.051952812435605206
hz min = 0.02436021327027233
lambdaF max = 0.6500615063685966
lambdaF min = 0.006028620769798677
lambdaB max = 0.6603497936505278
lambdaB min = 0.006028620769798677
----------------------------------
----------------------------------
Iteration = 57
Distance = 1.2454336905776131e-5
v max = -1.1237499315715536
v min = -6.75241202933035
d max = 0.07672413793103448
d min = 0.07672413793103448
dF max = 0.07672413793103448
dB max = 0.07672413793103448
hk max = 0.010331966455186503
hk min = 0.010331966455186503
hz max = 0.05195281244054449
hz min = 0.024360213271089802
lambdaF max = 0.6500615064406234
lambdaF min = 0.006028620769798677
lambdaB max = 0.6603497937238377
lambdaB min = 0.006028620769798677
----------------------------------
----------------------------------
Iteration = 58
Distance = 1.037858594443719e-5
v max = -1.1237603099179894
v min = -6.752422407916295
d max = 0.07672413793103448
d min = 0.07672413793103448
dF max = 0.07672413793103448
dB max = 0.07672413793103448
hk max = 0.010331966455186503
hk min = 0.010331966455186503
hz max = 0.05195281244386031
hz min = 0.024360213271616797
lambdaF max = 0.6500615064901949
lambdaF min = 0.006028620769798677
lambdaB max = 0.6603497937739359
lambdaB min = 0.006028620769798677
----------------------------------
----------------------------------
Iteration = 59
Distance = 8.648802693578261e-6
v max = -1.123768958558669
v min = -6.752431056718988
d max = 0.07672413793103448
d min = 0.07672413793103448
dF max = 0.07672413793103448
dB max = 0.07672413793103448
hk max = 0.010331966455186503
hk min = 0.010331966455186503
hz max = 0.051952812446087696
hz min = 0.02436021327197559
lambdaF max = 0.6500615065225049
lambdaF min = 0.006028620769798677
lambdaB max = 0.6603497938063507
lambdaB min = 0.006028620769798677
----------------------------------
    Value Function Converged, Iteration = 59 with gamma=10.0 with rho=1.0 and v=-3.1447241173291647
    Reflective boundary condition
=============================================================
Convegence time (minutes): 0.11328311088333334
Current Time = 22:17:57
grid points for z:  401
grid size for z:  0.025
-0.2849909028158622
-0.46792531391665404
--- 8.690813541412354 seconds for the elasticity computation ---
-0.04506182110239998
-0.18921466936503387
--- 0.0669102668762207 seconds for the elasticity computation ---
-0.10351996047210107
-0.27871064455162015
--- 0.06587934494018555 seconds for the elasticity computation ---
-0.3647506163130031
-0.47536432976438836
--- 0.06380248069763184 seconds for the elasticity computation ---
Current Time = 22:18:08
grid points for z:  401
grid size for z:  0.025
rho = 1
0.05975971349714089
--- 8.60280466079712 seconds for the elasticity computation ---
0.0
--- 0.07153177261352539 seconds for the elasticity computation ---
0.05975971349714089
--- 0.0724954605102539 seconds for the elasticity computation ---
0.0
--- 0.07147979736328125 seconds for the elasticity computation ---
0.0
--- 0.07176518440246582 seconds for the elasticity computation ---
0.05975971349714089
0.007439015847734282
--- 0.07331538200378418 seconds for the elasticity computation ---
0.05975971349714089
0.007439015847734282
--- 0.07228374481201172 seconds for the elasticity computation ---
0.05975971349714089
0.007439015847734282
--- 0.06973075866699219 seconds for the elasticity computation ---
0.05975971349714089
0.007439015847734282
--- 0.07073378562927246 seconds for the elasticity computation ---
parsed_args = parse_commandline() = Dict{String, Any}("dataname" => "upper_triangular_four_ambiguous_parameters", "clowerlim" => 0.0001, "delta" => 0.02, "boundary" => 1, "Delta" => 10.0, "q" => 0.1, "zmax" => 5.0, "logadjustment" => 1, "zscale" => 2.0, "foc" => 1, "distorted" => 0, "rho" => 1.0, "gamma" => 10.0)
=============================================================
./output/upper_triangular_four_ambiguous_parameters/Delta_10.0_distorted_0/logadjustment_1_boundary_1/zmax_5.0_zscale_2.0/delta_0.02/q_0.1_gamma_10.0_rho_1.0/
=============================================================
solve for structured linear system 
structured_relative_entropy = 0.10126273019503991
=============================================================
solve for unstructured linear system 
q_update = 0.47053113843620964
=============================================================
parsed_args = parse_commandline() = Dict{String, Any}("dataname" => "upper_triangular_four_ambiguous_parameters", "clowerlim" => 0.0001, "delta" => 0.02, "boundary" => 1, "Delta" => 10.0, "q" => 0.1, "zmax" => 5.0, "logadjustment" => 1, "zscale" => 2.0, "foc" => 1, "distorted" => 0, "rho" => 1.0, "gamma" => 10.0)
=============================================================
./output/upper_triangular_four_ambiguous_parameters/Delta_10.0_distorted_0/logadjustment_1_boundary_1/zmax_5.0_zscale_2.0/delta_0.02/q_0.1_gamma_10.0_rho_1.0/
=============================================================
solve for structured linear system 
structured_relative_entropy = 0.10126273019503991
=============================================================
solve for unstructured linear system 
q_update = 0.47053113843620964
=============================================================
Program ends Fri Jan 19 22:18:50 CST 2024
Elapsed time: 0 days 00 hr 01 min 25 sec
