D_10.0_distorted_0_boundary_0_delta_0.01_gamma_9.0_q_0.1_rho_1.0_upper_triangular_two_ambiguous_parameters
Program starts Fri Jan 19 22:18:52 CST 2024
parsed_args = parse_commandline() = Dict{String, Any}("dataname" => "upper_triangular_two_ambiguous_parameters", "clowerlim" => 0.0001, "delta" => 0.01, "boundary" => 0, "Delta" => 10.0, "q" => 0.1, "zmax" => 5.0, "logadjustment" => 1, "zscale" => 2.0, "foc" => 1, "distorted" => 0, "rho" => 1.0, "gamma" => 9.0)
=============================================================
logadjustment: true
reflective_boundary: false
0.0922
U: [1.0331966455186503 0.4546065240282061; 0.0 0.06463435618925897]
L: [1.0331966455186503 0.0; 0.4546065240282061 0.06463435618925897]
[-2.220446049250313e-16 0.0; 0.0 0.0]
sigma_k: [0.010331966455186503, 0.004546065240282061]
sigma_z: [0.0, 0.06463435618925897]
Compute value function WITH ROBUSTNESS
computing undistorted version...
zmax = 5.0, zmin = -5.0, zlength = 401
natural boundary condition
----------------------------------
Iteration = 1
Distance = 1.2268798283902496
v max = -0.8172412741733764
v min = -3.2268798283902496
d max = 0.07611111111111112
d min = 0.07611111111111112
dF max = 0.07611111111111112
dB max = 0.07611111111111112
hk max = 0.010331966455186503
hk min = 0.010331966455186503
hz max = 0.004546065240282061
hz min = 0.004546065240282061
lambdaF max = Inf
lambdaF min = 0.004177590819662042
lambdaB max = Inf
lambdaB min = 0.004177590819662042
----------------------------------
----------------------------------
Iteration = 2
Distance = 1.0753284070209745
v max = -0.6285096943559384
v min = -4.302208235411224
d max = 0.07611111111111112
d min = 0.07611111111111112
dF max = 0.07611111111111112
dB max = 0.07611111111111112
hk max = 0.010331966455186503
hk min = 0.010331966455186503
hz max = 0.02012060890034925
hz min = 0.02012060890034179
lambdaF max = Inf
lambdaF min = 0.004177590819662042
lambdaB max = Inf
lambdaB min = 0.004177590819662042
----------------------------------
----------------------------------
Iteration = 3
Distance = 0.8069120814130892
v max = -0.5508789008406901
v min = -5.109120316824313
d max = 0.07611111111111112
d min = 0.07611111111111112
dF max = 0.07611111111111112
dB max = 0.07611111111111112
hk max = 0.010331966455186503
hk min = 0.010331966455186503
hz max = 0.0335804716684627
hz min = 0.02300108681900675
lambdaF max = Inf
lambdaF min = 0.004177590819662042
lambdaB max = Inf
lambdaB min = 0.004177590819662042
----------------------------------
----------------------------------
Iteration = 4
Distance = 0.6244984785748233
v max = -0.5443130193323402
v min = -5.733618795399137
d max = 0.07611111111111112
d min = 0.07611111111111112
dF max = 0.07611111111111112
dB max = 0.07611111111111112
hk max = 0.010331966455186503
hk min = 0.010331966455186503
hz max = 0.04327051185947477
hz min = 0.024473181620163154
lambdaF max = Inf
lambdaF min = 0.004177590819662042
lambdaB max = Inf
lambdaB min = 0.004177590819662042
----------------------------------
----------------------------------
Iteration = 5
Distance = 0.4992054241915449
v max = -0.5660357389607938
v min = -6.232824219590682
d max = 0.07611111111111112
d min = 0.07611111111111112
dF max = 0.07611111111111112
dB max = 0.07611111111111112
hk max = 0.010331966455186503
hk min = 0.010331966455186503
hz max = 0.05032028850892326
hz min = 0.025059684346466424
lambdaF max = Inf
lambdaF min = 0.004177590819662042
lambdaB max = Inf
lambdaB min = 0.004177590819662042
----------------------------------
----------------------------------
Iteration = 6
Distance = 0.4072614434213788
v max = -0.603899144597524
v min = -6.64008566301206
d max = 0.07611111111111112
d min = 0.07611111111111112
dF max = 0.07611111111111112
dB max = 0.07611111111111112
hk max = 0.010331966455186503
hk min = 0.010331966455186503
hz max = 0.05553826608193496
hz min = 0.02536100658218852
lambdaF max = Inf
lambdaF min = 0.004177590819662042
lambdaB max = Inf
lambdaB min = 0.004177590819662042
----------------------------------
----------------------------------
Iteration = 7
Distance = 0.33748967515400263
v max = -0.6549507679079898
v min = -6.977575338166063
d max = 0.07611111111111112
d min = 0.07611111111111112
dF max = 0.07611111111111112
dB max = 0.07611111111111112
hk max = 0.010331966455186503
hk min = 0.010331966455186503
hz max = 0.059555104759332254
hz min = 0.02559926100416084
lambdaF max = Inf
lambdaF min = 0.004177590819662042
lambdaB max = Inf
lambdaB min = 0.004177590819662042
----------------------------------
----------------------------------
Iteration = 8
Distance = 0.2833430472736538
v max = -0.7175721192692102
v min = -7.260918385439717
d max = 0.07611111111111112
d min = 0.07611111111111112
dF max = 0.07611111111111112
dB max = 0.07611111111111112
hk max = 0.010331966455186503
hk min = 0.010331966455186503
hz max = 0.0626143563462785
hz min = 0.02583421947883579
lambdaF max = Inf
lambdaF min = 0.004177590819662042
lambdaB max = Inf
lambdaB min = 0.004177590819662042
----------------------------------
----------------------------------
Iteration = 9
Distance = 0.24056157030751635
v max = -0.7895044529513651
v min = -7.501479955747233
d max = 0.07611111111111112
d min = 0.07611111111111112
dF max = 0.07611111111111112
dB max = 0.07611111111111112
hk max = 0.010331966455186503
hk min = 0.010331966455186503
hz max = 0.06480371209681388
hz min = 0.02605683858054551
lambdaF max = Inf
lambdaF min = 0.004177590819662042
lambdaB max = Inf
lambdaB min = 0.004177590819662042
----------------------------------
----------------------------------
Iteration = 10
Distance = 0.20623322879120032
v max = -0.8685226260101361
v min = -7.7077131845384335
d max = 0.07611111111111112
d min = 0.07611111111111112
dF max = 0.07611111111111112
dB max = 0.07611111111111112
hk max = 0.010331966455186503
hk min = 0.010331966455186503
hz max = 0.06624178504437442
hz min = 0.026259096920823472
lambdaF max = Inf
lambdaF min = 0.004177590819662042
lambdaB max = Inf
lambdaB min = 0.004177590819662042
----------------------------------
----------------------------------
Iteration = 11
Distance = 0.17830811958389514
v max = -0.9524015679379196
v min = -7.886021304122329
d max = 0.07611111111111112
d min = 0.07611111111111112
dF max = 0.07611111111111112
dB max = 0.07611111111111112
hk max = 0.010331966455186503
hk min = 0.010331966455186503
hz max = 0.06729037952311684
hz min = 0.02644306095975435
lambdaF max = Inf
lambdaF min = 0.004177590819662042
lambdaB max = Inf
lambdaB min = 0.004177590819662042
----------------------------------
----------------------------------
Iteration = 12
Distance = 0.15531122880287285
v max = -1.0384010298305963
v min = -8.041332532925201
d max = 0.07611111111111112
d min = 0.07611111111111112
dF max = 0.07611111111111112
dB max = 0.07611111111111112
hk max = 0.010331966455186503
hk min = 0.010331966455186503
hz max = 0.06819489161377804
hz min = 0.0266013623965183
lambdaF max = Inf
lambdaF min = 0.004177590819662042
lambdaB max = Inf
lambdaB min = 0.004177590819662042
----------------------------------
----------------------------------
Iteration = 13
Distance = 0.1361600941801946
v max = -1.1235695213457784
v min = -8.177492627105396
d max = 0.07611111111111112
d min = 0.07611111111111112
dF max = 0.07611111111111112
dB max = 0.07611111111111112
hk max = 0.010331966455186503
hk min = 0.010331966455186503
hz max = 0.0688772213366859
hz min = 0.026722411442646202
lambdaF max = Inf
lambdaF min = 0.004177590819662042
lambdaB max = Inf
lambdaB min = 0.004177590819662042
----------------------------------
----------------------------------
Iteration = 14
Distance = 0.12004557169051822
v max = -1.2054444660227774
v min = -8.297538198795914
d max = 0.07611111111111112
d min = 0.07611111111111112
dF max = 0.07611111111111112
dB max = 0.07611111111111112
hk max = 0.010331966455186503
hk min = 0.010331966455186503
hz max = 0.0694218548597004
hz min = 0.026804202330151138
lambdaF max = Inf
lambdaF min = 0.004177590819662042
lambdaB max = Inf
lambdaB min = 0.004177590819662042
----------------------------------
----------------------------------
Iteration = 15
Distance = 0.10635356771620508
v max = -1.28249098469525
v min = -8.40389176651212
d max = 0.07611111111111112
d min = 0.07611111111111112
dF max = 0.07611111111111112
dB max = 0.07611111111111112
hk max = 0.010331966455186503
hk min = 0.010331966455186503
hz max = 0.06986603745065649
hz min = 0.026853399840475557
lambdaF max = Inf
lambdaF min = 0.004177590819662042
lambdaB max = Inf
lambdaB min = 0.004177590819662042
----------------------------------
----------------------------------
Iteration = 16
Distance = 0.0946134722529326
v max = -1.3542497209975097
v min = -8.498505238765052
d max = 0.07611111111111112
d min = 0.07611111111111112
dF max = 0.07611111111111112
dB max = 0.07611111111111112
hk max = 0.010331966455186503
hk min = 0.010331966455186503
hz max = 0.07019738538054393
hz min = 0.026881965343409597
lambdaF max = Inf
lambdaF min = 0.004177590819662042
lambdaB max = Inf
lambdaB min = 0.004177590819662042
----------------------------------
----------------------------------
Iteration = 17
Distance = 0.08446308230355548
v max = -1.4210819501277479
v min = -8.582968321068607
d max = 0.07611111111111112
d min = 0.07611111111111112
dF max = 0.07611111111111112
dB max = 0.07611111111111112
hk max = 0.010331966455186503
hk min = 0.010331966455186503
hz max = 0.07038401760069003
hz min = 0.02690366086509617
lambdaF max = Inf
lambdaF min = 0.004177590819662042
lambdaB max = Inf
lambdaB min = 0.004177590819662042
----------------------------------
----------------------------------
Iteration = 18
Distance = 0.07562302448209834
v max = -1.4836005104493764
v min = -8.658591345550706
d max = 0.07611111111111112
d min = 0.07611111111111112
dF max = 0.07611111111111112
dB max = 0.07611111111111112
hk max = 0.010331966455186503
hk min = 0.010331966455186503
hz max = 0.07043439111105669
hz min = 0.026927016033781323
lambdaF max = Inf
lambdaF min = 0.004177590819662042
lambdaB max = Inf
lambdaB min = 0.004177590819662042
----------------------------------
----------------------------------
Iteration = 19
Distance = 0.06787660843978571
v max = -1.5421965298294982
v min = -8.726467953990491
d max = 0.07611111111111112
d min = 0.07611111111111112
dF max = 0.07611111111111112
dB max = 0.07611111111111112
hk max = 0.010331966455186503
hk min = 0.010331966455186503
hz max = 0.07053397113757558
hz min = 0.02695268114952598
lambdaF max = Inf
lambdaF min = 0.004177590819662042
lambdaB max = Inf
lambdaB min = 0.004177590819662042
----------------------------------
----------------------------------
Iteration = 20
Distance = 0.06105344134514468
v max = -1.596881378869607
v min = -8.787521395335636
d max = 0.07611111111111112
d min = 0.07611111111111112
dF max = 0.07611111111111112
dB max = 0.07611111111111112
hk max = 0.010331966455186503
hk min = 0.010331966455186503
hz max = 0.07062347034517878
hz min = 0.026976416617795894
lambdaF max = Inf
lambdaF min = 0.004177590819662042
lambdaB max = Inf
lambdaB min = 0.004177590819662042
----------------------------------
----------------------------------
Iteration = 21
Distance = 0.0550166298165653
v max = -1.647415989870856
v min = -8.842538025152201
d max = 0.07611111111111112
d min = 0.07611111111111112
dF max = 0.07611111111111112
dB max = 0.07611111111111112
hk max = 0.010331966455186503
hk min = 0.010331966455186503
hz max = 0.07069559674633598
hz min = 0.026993229056589487
lambdaF max = Inf
lambdaF min = 0.004177590819662042
lambdaB max = Inf
lambdaB min = 0.004177590819662042
----------------------------------
----------------------------------
Iteration = 22
Distance = 0.04965375098218061
v max = -1.6935895661889528
v min = -8.892191776134382
d max = 0.07611111111111112
d min = 0.07611111111111112
dF max = 0.07611111111111112
dB max = 0.07611111111111112
hk max = 0.010331966455186503
hk min = 0.010331966455186503
hz max = 0.07076597113141829
hz min = 0.027000878299153944
lambdaF max = Inf
lambdaF min = 0.004177590819662042
lambdaB max = Inf
lambdaB min = 0.004177590819662042
----------------------------------
----------------------------------
Iteration = 23
Distance = 0.04487125495577793
v max = -1.7354573774269273
v min = -8.93706303109016
d max = 0.07611111111111112
d min = 0.07611111111111112
dF max = 0.07611111111111112
dB max = 0.07611111111111112
hk max = 0.010331966455186503
hk min = 0.010331966455186503
hz max = 0.07083232685422303
hz min = 0.027001168470502258
lambdaF max = Inf
lambdaF min = 0.004177590819662042
lambdaB max = Inf
lambdaB min = 0.004177590819662042
----------------------------------
----------------------------------
Iteration = 24
Distance = 0.04059126768095034
v max = -1.7734010504575617
v min = -8.97765429877111
d max = 0.07611111111111112
d min = 0.07611111111111112
dF max = 0.07611111111111112
dB max = 0.07611111111111112
hk max = 0.010331966455186503
hk min = 0.010331966455186503
hz max = 0.070873227252007
hz min = 0.026998646973736523
lambdaF max = Inf
lambdaF min = 0.004177590819662042
lambdaB max = Inf
lambdaB min = 0.004177590819662042
----------------------------------
----------------------------------
Iteration = 25
Distance = 0.036749489813418634
v max = -1.807994787929411
v min = -9.014403788584529
d max = 0.07611111111111112
d min = 0.07611111111111112
dF max = 0.07611111111111112
dB max = 0.07611111111111112
hk max = 0.010331966455186503
hk min = 0.010331966455186503
hz max = 0.0708697808605524
hz min = 0.02699786624090253
lambdaF max = Inf
lambdaF min = 0.004177590819662042
lambdaB max = Inf
lambdaB min = 0.004177590819662042
----------------------------------
----------------------------------
Iteration = 26
Distance = 0.033293170177682185
v max = -1.839782772616164
v min = -9.047696958762211
d max = 0.07611111111111112
d min = 0.07611111111111112
dF max = 0.07611111111111112
dB max = 0.07611111111111112
hk max = 0.010331966455186503
hk min = 0.010331966455186503
hz max = 0.07084318180156775
hz min = 0.02700090676682259
lambdaF max = Inf
lambdaF min = 0.004177590819662042
lambdaB max = Inf
lambdaB min = 0.004177590819662042
----------------------------------
----------------------------------
Iteration = 27
Distance = 0.030178750750238237
v max = -1.8691137519519887
v min = -9.07787570951245
d max = 0.07611111111111112
d min = 0.07611111111111112
dF max = 0.07611111111111112
dB max = 0.07611111111111112
hk max = 0.010331966455186503
hk min = 0.010331966455186503
hz max = 0.07085499061303101
hz min = 0.027006803430082185
lambdaF max = Inf
lambdaF min = 0.004177590819662042
lambdaB max = Inf
lambdaB min = 0.004177590819662042
----------------------------------
----------------------------------
Iteration = 28
Distance = 0.02736939046288711
v max = -1.8961120900820583
v min = -9.105245099975336
d max = 0.07611111111111112
d min = 0.07611111111111112
dF max = 0.07611111111111112
dB max = 0.07611111111111112
hk max = 0.010331966455186503
hk min = 0.010331966455186503
hz max = 0.07086389667572814
hz min = 0.027012826898079455
lambdaF max = Inf
lambdaF min = 0.004177590819662042
lambdaB max = Inf
lambdaB min = 0.004177590819662042
----------------------------------
----------------------------------
Iteration = 29
Distance = 0.02483288058603428
v max = -1.9207715974214306
v min = -9.13007798056137
d max = 0.07611111111111112
d min = 0.07611111111111112
dF max = 0.07611111111111112
dB max = 0.07611111111111112
hk max = 0.010331966455186503
hk min = 0.010331966455186503
hz max = 0.07087314669419349
hz min = 0.027016409682980465
lambdaF max = Inf
lambdaF min = 0.004177590819662042
lambdaB max = Inf
lambdaB min = 0.004177590819662042
----------------------------------
----------------------------------
Iteration = 30
Distance = 0.022540357942652633
v max = -1.9430976122671526
v min = -9.152618338504023
d max = 0.07611111111111112
d min = 0.07611111111111112
dF max = 0.07611111111111112
dB max = 0.07611111111111112
hk max = 0.010331966455186503
hk min = 0.010331966455186503
hz max = 0.07088732828448695
hz min = 0.027016594341696912
lambdaF max = Inf
lambdaF min = 0.004177590819662042
lambdaB max = Inf
lambdaB min = 0.004177590819662042
----------------------------------
----------------------------------
Iteration = 31
Distance = 0.020465849212168763
v max = -1.963210574970562
v min = -9.173084187716192
d max = 0.07611111111111112
d min = 0.07611111111111112
dF max = 0.07611111111111112
dB max = 0.07611111111111112
hk max = 0.010331966455186503
hk min = 0.010331966455186503
hz max = 0.07090201443418928
hz min = 0.027014332034222814
lambdaF max = Inf
lambdaF min = 0.004177590819662042
lambdaB max = Inf
lambdaB min = 0.004177590819662042
----------------------------------
----------------------------------
Iteration = 32
Distance = 0.018589131123436964
v max = -1.9813594434829866
v min = -9.191670509718252
d max = 0.07611111111111112
d min = 0.07611111111111112
dF max = 0.07611111111111112
dB max = 0.07611111111111112
hk max = 0.010331966455186503
hk min = 0.010331966455186503
hz max = 0.07090567979813034
hz min = 0.02701166428037195
lambdaF max = Inf
lambdaF min = 0.004177590819662042
lambdaB max = Inf
lambdaB min = 0.004177590819662042
----------------------------------
----------------------------------
Iteration = 33
Distance = 0.01696599722991987
v max = -1.9978524534527051
v min = -9.208552297004054
d max = 0.07611111111111112
d min = 0.07611111111111112
dF max = 0.07611111111111112
dB max = 0.07611111111111112
hk max = 0.010331966455186503
hk min = 0.010331966455186503
hz max = 0.07089354544656544
hz min = 0.027010407612498292
lambdaF max = Inf
lambdaF min = 0.004177590819662042
lambdaB max = Inf
lambdaB min = 0.004177590819662042
----------------------------------
----------------------------------
Iteration = 34
Distance = 0.015445818209909756
v max = -2.0129599986504303
v min = -9.223887420582862
d max = 0.07611111111111112
d min = 0.07611111111111112
dF max = 0.07611111111111112
dB max = 0.07611111111111112
hk max = 0.010331966455186503
hk min = 0.010331966455186503
hz max = 0.07088567692122368
hz min = 0.027011183802115906
lambdaF max = Inf
lambdaF min = 0.004177590819662042
lambdaB max = Inf
lambdaB min = 0.004177590819662042
----------------------------------
----------------------------------
Iteration = 35
Distance = 0.01404633236446129
v max = -2.0268504795732483
v min = -9.237818980511337
d max = 0.07611111111111112
d min = 0.07611111111111112
dF max = 0.07611111111111112
dB max = 0.07611111111111112
hk max = 0.010331966455186503
hk min = 0.010331966455186503
hz max = 0.07088684578490333
hz min = 0.027013315997400856
lambdaF max = Inf
lambdaF min = 0.004177590819662042
lambdaB max = Inf
lambdaB min = 0.004177590819662042
----------------------------------
----------------------------------
Iteration = 36
Distance = 0.012766492659537665
v max = -2.0395886756139436
v min = -9.250476976406516
d max = 0.07611111111111112
d min = 0.07611111111111112
dF max = 0.07611111111111112
dB max = 0.07611111111111112
hk max = 0.010331966455186503
hk min = 0.010331966455186503
hz max = 0.07088774726178515
hz min = 0.02701547037998182
lambdaF max = Inf
lambdaF min = 0.004177590819662042
lambdaB max = Inf
lambdaB min = 0.004177590819662042
----------------------------------
----------------------------------
Iteration = 37
Distance = 0.011596954051166009
v max = -2.0511856296651096
v min = -9.261979403170299
d max = 0.07611111111111112
d min = 0.07611111111111112
dF max = 0.07611111111111112
dB max = 0.07611111111111112
hk max = 0.010331966455186503
hk min = 0.010331966455186503
hz max = 0.07088988181123392
hz min = 0.027016527791052562
lambdaF max = Inf
lambdaF min = 0.004177590819662042
lambdaB max = Inf
lambdaB min = 0.004177590819662042
----------------------------------
----------------------------------
Iteration = 38
Distance = 0.010477674589948194
v max = -2.061663304255058
v min = -9.272433061258944
d max = 0.07611111111111112
d min = 0.07611111111111112
dF max = 0.07611111111111112
dB max = 0.07611111111111112
hk max = 0.010331966455186503
hk min = 0.010331966455186503
hz max = 0.07089447032795429
hz min = 0.02701616670634268
lambdaF max = Inf
lambdaF min = 0.004177590819662042
lambdaB max = Inf
lambdaB min = 0.004177590819662042
----------------------------------
----------------------------------
Iteration = 39
Distance = 0.009520136849966221
v max = -2.071096030802518
v min = -9.281934377120212
d max = 0.07611111111111112
d min = 0.07611111111111112
dF max = 0.07611111111111112
dB max = 0.07611111111111112
hk max = 0.010331966455186503
hk min = 0.010331966455186503
hz max = 0.07089821872897939
hz min = 0.02701489938639673
lambdaF max = Inf
lambdaF min = 0.004177590819662042
lambdaB max = Inf
lambdaB min = 0.004177590819662042
----------------------------------
----------------------------------
Iteration = 40
Distance = 0.008694011421830794
v max = -2.079610179939704
v min = -9.290570384650954
d max = 0.07611111111111112
d min = 0.07611111111111112
dF max = 0.07611111111111112
dB max = 0.07611111111111112
hk max = 0.010331966455186503
hk min = 0.010331966455186503
hz max = 0.07089665852571651
hz min = 0.027013637594439022
lambdaF max = Inf
lambdaF min = 0.004177590819662042
lambdaB max = Inf
lambdaB min = 0.004177590819662042
----------------------------------
----------------------------------
Iteration = 41
Distance = 0.007927286321659288
v max = -2.0873502222716334
v min = -9.2984198300878
d max = 0.07611111111111112
d min = 0.07611111111111112
dF max = 0.07611111111111112
dB max = 0.07611111111111112
hk max = 0.010331966455186503
hk min = 0.010331966455186503
hz max = 0.07089010766730111
hz min = 0.027013109609907156
lambdaF max = Inf
lambdaF min = 0.004177590819662042
lambdaB max = Inf
lambdaB min = 0.004177590819662042
----------------------------------
----------------------------------
Iteration = 42
Distance = 0.007214003974819416
v max = -2.094437000139191
v min = -9.305554241255969
d max = 0.07611111111111112
d min = 0.07611111111111112
dF max = 0.07611111111111112
dB max = 0.07611111111111112
hk max = 0.010331966455186503
hk min = 0.010331966455186503
hz max = 0.07088990565535563
hz min = 0.027013488145214957
lambdaF max = Inf
lambdaF min = 0.004177590819662042
lambdaB max = Inf
lambdaB min = 0.004177590819662042
----------------------------------
----------------------------------
Iteration = 43
Distance = 0.006559175006595197
v max = -2.1009434718867896
v min = -9.312038800194609
d max = 0.07611111111111112
d min = 0.07611111111111112
dF max = 0.07611111111111112
dB max = 0.07611111111111112
hk max = 0.010331966455186503
hk min = 0.010331966455186503
hz max = 0.07089002296528321
hz min = 0.027014402314284175
lambdaF max = Inf
lambdaF min = 0.004177590819662042
lambdaB max = Inf
lambdaB min = 0.004177590819662042
----------------------------------
----------------------------------
Iteration = 44
Distance = 0.0059611836000166285
v max = -2.106898352022083
v min = -9.317932953166972
d max = 0.07611111111111112
d min = 0.07611111111111112
dF max = 0.07611111111111112
dB max = 0.07611111111111112
hk max = 0.010331966455186503
hk min = 0.010331966455186503
hz max = 0.07089013298444333
hz min = 0.027015250660360264
lambdaF max = Inf
lambdaF min = 0.004177590819662042
lambdaB max = Inf
lambdaB min = 0.004177590819662042
----------------------------------
----------------------------------
Iteration = 45
Distance = 0.005412164983961798
v max = -2.112310517006045
v min = -9.323290811845165
d max = 0.07611111111111112
d min = 0.07611111111111112
dF max = 0.07611111111111112
dB max = 0.07611111111111112
hk max = 0.010331966455186503
hk min = 0.010331966455186503
hz max = 0.07089105158207483
hz min = 0.02701558047026671
lambdaF max = Inf
lambdaF min = 0.004177590819662042
lambdaB max = Inf
lambdaB min = 0.004177590819662042
----------------------------------
----------------------------------
Iteration = 46
Distance = 0.004886456070327672
v max = -2.1171969730763727
v min = -9.328161471291486
d max = 0.07611111111111112
d min = 0.07611111111111112
dF max = 0.07611111111111112
dB max = 0.07611111111111112
hk max = 0.010331966455186503
hk min = 0.010331966455186503
hz max = 0.07089275595963894
hz min = 0.02701531173712346
lambdaF max = Inf
lambdaF min = 0.004177590819662042
lambdaB max = Inf
lambdaB min = 0.004177590819662042
----------------------------------
----------------------------------
Iteration = 47
Distance = 0.004445669024140564
v max = -2.12159841273518
v min = -9.332589362212408
d max = 0.07611111111111112
d min = 0.07611111111111112
dF max = 0.07611111111111112
dB max = 0.07611111111111112
hk max = 0.010331966455186503
hk min = 0.010331966455186503
hz max = 0.0708934890083071
hz min = 0.027014712352358597
lambdaF max = Inf
lambdaF min = 0.004177590819662042
lambdaB max = Inf
lambdaB min = 0.004177590819662042
----------------------------------
----------------------------------
Iteration = 48
Distance = 0.0040581119250724385
v max = -2.125576196042441
v min = -9.336614686129405
d max = 0.07611111111111112
d min = 0.07611111111111112
dF max = 0.07611111111111112
dB max = 0.07611111111111112
hk max = 0.010331966455186503
hk min = 0.010331966455186503
hz max = 0.07089201370179761
hz min = 0.027014183567910636
lambdaF max = Inf
lambdaF min = 0.004177590819662042
lambdaB max = Inf
lambdaB min = 0.004177590819662042
----------------------------------
----------------------------------
Iteration = 49
Distance = 0.0036977636001696013
v max = -2.1291961359613127
v min = -9.340273902237074
d max = 0.07611111111111112
d min = 0.07611111111111112
dF max = 0.07611111111111112
dB max = 0.07611111111111112
hk max = 0.010331966455186503
hk min = 0.010331966455186503
hz max = 0.07089032249048315
hz min = 0.027014010307564593
lambdaF max = Inf
lambdaF min = 0.004177590819662042
lambdaB max = Inf
lambdaB min = 0.004177590819662042
----------------------------------
----------------------------------
Iteration = 50
Distance = 0.0033641406265716434
v max = -2.132510882083663
v min = -9.343600190011978
d max = 0.07611111111111112
d min = 0.07611111111111112
dF max = 0.07611111111111112
dB max = 0.07611111111111112
hk max = 0.010331966455186503
hk min = 0.010331966455186503
hz max = 0.07089033330542209
hz min = 0.027014223775898124
lambdaF max = Inf
lambdaF min = 0.004177590819662042
lambdaB max = Inf
lambdaB min = 0.004177590819662042
----------------------------------
----------------------------------
Iteration = 51
Distance = 0.003058429911443117
v max = -2.13555121330841
v min = -9.346623819993669
d max = 0.07611111111111112
d min = 0.07611111111111112
dF max = 0.07611111111111112
dB max = 0.07611111111111112
hk max = 0.010331966455186503
hk min = 0.010331966455186503
hz max = 0.07089034635493378
hz min = 0.02701463261113903
lambdaF max = Inf
lambdaF min = 0.004177590819662042
lambdaB max = Inf
lambdaB min = 0.004177590819662042
----------------------------------
----------------------------------
Iteration = 52
Distance = 0.0027795239258177062
v max = -2.138329551974898
v min = -9.349372411683499
d max = 0.07611111111111112
d min = 0.07611111111111112
dF max = 0.07611111111111112
dB max = 0.07611111111111112
hk max = 0.010331966455186503
hk min = 0.010331966455186503
hz max = 0.07089038932361393
hz min = 0.027014972384930308
lambdaF max = Inf
lambdaF min = 0.004177590819662042
lambdaB max = Inf
lambdaB min = 0.004177590819662042
----------------------------------
----------------------------------
Iteration = 53
Distance = 0.002522003352124269
v max = -2.140851555327022
v min = -9.351871108804623
d max = 0.07611111111111112
d min = 0.07611111111111112
dF max = 0.07611111111111112
dB max = 0.07611111111111112
hk max = 0.010331966455186503
hk min = 0.010331966455186503
hz max = 0.07089082579622309
hz min = 0.02701506706301248
lambdaF max = Inf
lambdaF min = 0.004177590819662042
lambdaB max = Inf
lambdaB min = 0.004177590819662042
----------------------------------
----------------------------------
Iteration = 54
Distance = 0.002276376238457889
v max = -2.14312793156548
v min = -9.354142728408208
d max = 0.07611111111111112
d min = 0.07611111111111112
dF max = 0.07611111111111112
dB max = 0.07611111111111112
hk max = 0.010331966455186503
hk min = 0.010331966455186503
hz max = 0.07089139813360816
hz min = 0.027014910570156255
lambdaF max = Inf
lambdaF min = 0.004177590819662042
lambdaB max = Inf
lambdaB min = 0.004177590819662042
----------------------------------
----------------------------------
Iteration = 55
Distance = 0.002074917074810223
v max = -2.1451799653626984
v min = -9.356207931360618
d max = 0.07611111111111112
d min = 0.07611111111111112
dF max = 0.07611111111111112
dB max = 0.07611111111111112
hk max = 0.010331966455186503
hk min = 0.010331966455186503
hz max = 0.07089138140144767
hz min = 0.027014638252997186
lambdaF max = Inf
lambdaF min = 0.004177590819662042
lambdaB max = Inf
lambdaB min = 0.004177590819662042
----------------------------------
----------------------------------
Iteration = 56
Distance = 0.0018932187852964688
v max = -2.147036953653644
v min = -9.358085429157269
d max = 0.07611111111111112
d min = 0.07611111111111112
dF max = 0.07611111111111112
dB max = 0.07611111111111112
hk max = 0.010331966455186503
hk min = 0.010331966455186503
hz max = 0.07089061399546986
hz min = 0.027014424613908156
lambdaF max = Inf
lambdaF min = 0.004177590819662042
lambdaB max = Inf
lambdaB min = 0.004177590819662042
----------------------------------
----------------------------------
Iteration = 57
Distance = 0.001724219531666904
v max = -2.148728612372455
v min = -9.359792208358767
d max = 0.07611111111111112
d min = 0.07611111111111112
dF max = 0.07611111111111112
dB max = 0.07611111111111112
hk max = 0.010331966455186503
hk min = 0.010331966455186503
hz max = 0.07089037977918021
hz min = 0.027014378272912545
lambdaF max = Inf
lambdaF min = 0.004177590819662042
lambdaB max = Inf
lambdaB min = 0.004177590819662042
----------------------------------
----------------------------------
Iteration = 58
Distance = 0.0015683399095212103
v max = -2.150277751227451
v min = -9.361343738100569
d max = 0.07611111111111112
d min = 0.07611111111111112
dF max = 0.07611111111111112
dB max = 0.07611111111111112
hk max = 0.010331966455186503
hk min = 0.010331966455186503
hz max = 0.07089037974429521
hz min = 0.027014493671759517
lambdaF max = Inf
lambdaF min = 0.004177590819662042
lambdaB max = Inf
lambdaB min = 0.004177590819662042
----------------------------------
----------------------------------
Iteration = 59
Distance = 0.0014257094202076992
v max = -2.1516973474123997
v min = -9.362754133464382
d max = 0.07611111111111112
d min = 0.07611111111111112
dF max = 0.07611111111111112
dB max = 0.07611111111111112
hk max = 0.010331966455186503
hk min = 0.010331966455186503
hz max = 0.07089038196326249
hz min = 0.02701467586444114
lambdaF max = Inf
lambdaF min = 0.004177590819662042
lambdaB max = Inf
lambdaB min = 0.004177590819662042
----------------------------------
----------------------------------
Iteration = 60
Distance = 0.00129567999726099
v max = -2.152992893192775
v min = -9.364036269466778
d max = 0.07611111111111112
d min = 0.07611111111111112
dF max = 0.07611111111111112
dB max = 0.07611111111111112
hk max = 0.010331966455186503
hk min = 0.010331966455186503
hz max = 0.07089041174364187
hz min = 0.027014810527502445
lambdaF max = Inf
lambdaF min = 0.004177590819662042
lambdaB max = Inf
lambdaB min = 0.004177590819662042
----------------------------------
----------------------------------
Iteration = 61
Distance = 0.0011748837973999393
v max = -2.154167776990175
v min = -9.365201861904957
d max = 0.07611111111111112
d min = 0.07611111111111112
dF max = 0.07611111111111112
dB max = 0.07611111111111112
hk max = 0.010331966455186503
hk min = 0.010331966455186503
hz max = 0.07089059910932506
hz min = 0.0270148314716763
lambdaF max = Inf
lambdaF min = 0.004177590819662042
lambdaB max = Inf
lambdaB min = 0.004177590819662042
----------------------------------
----------------------------------
Iteration = 62
Distance = 0.0010614748246995376
v max = -2.155228184904739
v min = -9.366261540301984
d max = 0.07611111111111112
d min = 0.07611111111111112
dF max = 0.07611111111111112
dB max = 0.07611111111111112
hk max = 0.010331966455186503
hk min = 0.010331966455186503
hz max = 0.07089075159759033
hz min = 0.027014748522805894
lambdaF max = Inf
lambdaF min = 0.004177590819662042
lambdaB max = Inf
lambdaB min = 0.004177590819662042
----------------------------------
----------------------------------
Iteration = 63
Distance = 0.0009682515422273497
v max = -2.1561849327380753
v min = -9.36722493197614
d max = 0.07611111111111112
d min = 0.07611111111111112
dF max = 0.07611111111111112
dB max = 0.07611111111111112
hk max = 0.010331966455186503
hk min = 0.010331966455186503
hz max = 0.07089064171575196
hz min = 0.027014627705507523
lambdaF max = Inf
lambdaF min = 0.004177590819662042
lambdaB max = Inf
lambdaB min = 0.004177590819662042
----------------------------------
----------------------------------
Iteration = 64
Distance = 0.0008830659566312349
v max = -2.1570518349804293
v min = -9.368100761125897
d max = 0.07611111111111112
d min = 0.07611111111111112
dF max = 0.07611111111111112
dB max = 0.07611111111111112
hk max = 0.010331966455186503
hk min = 0.010331966455186503
hz max = 0.07089038784992982
hz min = 0.02701454373640964
lambdaF max = Inf
lambdaF min = 0.004177590819662042
lambdaB max = Inf
lambdaB min = 0.004177590819662042
----------------------------------
----------------------------------
Iteration = 65
Distance = 0.0008039070022105577
v max = -2.157842224561018
v min = -9.368896952867859
d max = 0.07611111111111112
d min = 0.07611111111111112
dF max = 0.07611111111111112
dB max = 0.07611111111111112
hk max = 0.010331966455186503
hk min = 0.010331966455186503
hz max = 0.07089038651968933
hz min = 0.02701453660296218
lambdaF max = Inf
lambdaF min = 0.004177590819662042
lambdaB max = Inf
lambdaB min = 0.004177590819662042
----------------------------------
----------------------------------
Iteration = 66
Distance = 0.0007311117770445463
v max = -2.1585659632876566
v min = -9.369620726913006
d max = 0.07611111111111112
d min = 0.07611111111111112
dF max = 0.07611111111111112
dB max = 0.07611111111111112
hk max = 0.010331966455186503
hk min = 0.010331966455186503
hz max = 0.07089038618530596
hz min = 0.02701459577788957
lambdaF max = Inf
lambdaF min = 0.004177590819662042
lambdaB max = Inf
lambdaB min = 0.004177590819662042
----------------------------------
----------------------------------
Iteration = 67
Distance = 0.0006645839262851005
v max = -2.159228560704753
v min = -9.370278670264462
d max = 0.07611111111111112
d min = 0.07611111111111112
dF max = 0.07611111111111112
dB max = 0.07611111111111112
hk max = 0.010331966455186503
hk min = 0.010331966455186503
hz max = 0.07089038693262362
hz min = 0.027014675669976614
lambdaF max = Inf
lambdaF min = 0.004177590819662042
lambdaB max = Inf
lambdaB min = 0.004177590819662042
----------------------------------
----------------------------------
Iteration = 68
Distance = 0.0006039696049602306
v max = -2.1598325301001164
v min = -9.370876788428214
d max = 0.07611111111111112
d min = 0.07611111111111112
dF max = 0.07611111111111112
dB max = 0.07611111111111112
hk max = 0.010331966455186503
hk min = 0.010331966455186503
hz max = 0.07089040496098695
hz min = 0.027014727734123063
lambdaF max = Inf
lambdaF min = 0.004177590819662042
lambdaB max = Inf
lambdaB min = 0.004177590819662042
----------------------------------
----------------------------------
Iteration = 69
Distance = 0.0005473036510430518
v max = -2.1603798337511595
v min = -9.371420543441857
d max = 0.07611111111111112
d min = 0.07611111111111112
dF max = 0.07611111111111112
dB max = 0.07611111111111112
hk max = 0.010331966455186503
hk min = 0.010331966455186503
hz max = 0.07089047248225122
hz min = 0.027014728147239906
lambdaF max = Inf
lambdaF min = 0.004177590819662042
lambdaB max = Inf
lambdaB min = 0.004177590819662042
----------------------------------
----------------------------------
Iteration = 70
Distance = 0.0004953512822298833
v max = -2.1608738756342083
v min = -9.371914889832176
d max = 0.07611111111111112
d min = 0.07611111111111112
dF max = 0.07611111111111112
dB max = 0.07611111111111112
hk max = 0.010331966455186503
hk min = 0.010331966455186503
hz max = 0.0708904976857256
hz min = 0.02701468644645068
lambdaF max = Inf
lambdaF min = 0.004177590819662042
lambdaB max = Inf
lambdaB min = 0.004177590819662042
----------------------------------
----------------------------------
Iteration = 71
Distance = 0.00045178725062111624
v max = -2.1613200406791577
v min = -9.3723643159504
d max = 0.07611111111111112
d min = 0.07611111111111112
dF max = 0.07611111111111112
dB max = 0.07611111111111112
hk max = 0.010331966455186503
hk min = 0.010331966455186503
hz max = 0.07089043088115357
hz min = 0.027014633900598845
lambdaF max = Inf
lambdaF min = 0.004177590819662042
lambdaB max = Inf
lambdaB min = 0.004177590819662042
----------------------------------
----------------------------------
Iteration = 72
Distance = 0.0004118526174163861
v max = -2.1617247781730424
v min = -9.37277289125
d max = 0.07611111111111112
d min = 0.07611111111111112
dF max = 0.07611111111111112
dB max = 0.07611111111111112
hk max = 0.010331966455186503
hk min = 0.010331966455186503
hz max = 0.07089038834068942
hz min = 0.02701460192869611
lambdaF max = Inf
lambdaF min = 0.004177590819662042
lambdaB max = Inf
lambdaB min = 0.004177590819662042
----------------------------------
----------------------------------
Iteration = 73
Distance = 0.0003748103382132939
v max = -2.162094039248978
v min = -9.373144314399658
d max = 0.07611111111111112
d min = 0.07611111111111112
dF max = 0.07611111111111112
dB max = 0.07611111111111112
hk max = 0.010331966455186503
hk min = 0.010331966455186503
hz max = 0.07089038774646891
hz min = 0.027014604509489507
lambdaF max = Inf
lambdaF min = 0.004177590819662042
lambdaB max = Inf
lambdaB min = 0.004177590819662042
----------------------------------
----------------------------------
Iteration = 74
Distance = 0.00034082820951830683
v max = -2.1624320844599647
v min = -9.373481955582717
d max = 0.07611111111111112
d min = 0.07611111111111112
dF max = 0.07611111111111112
dB max = 0.07611111111111112
hk max = 0.010331966455186503
hk min = 0.010331966455186503
hz max = 0.07089038763689073
hz min = 0.02701463366754659
lambdaF max = Inf
lambdaF min = 0.004177590819662042
lambdaB max = Inf
lambdaB min = 0.004177590819662042
----------------------------------
----------------------------------
Iteration = 75
Distance = 0.0003098011179831772
v max = -2.162741276294546
v min = -9.373788888984622
d max = 0.07611111111111112
d min = 0.07611111111111112
dF max = 0.07611111111111112
dB max = 0.07611111111111112
hk max = 0.010331966455186503
hk min = 0.010331966455186503
hz max = 0.07089038799020458
hz min = 0.027014668084679914
lambdaF max = Inf
lambdaF min = 0.004177590819662042
lambdaB max = Inf
lambdaB min = 0.004177590819662042
----------------------------------
----------------------------------
Iteration = 76
Distance = 0.00028152668725045515
v max = -2.1630228029817964
v min = -9.374067916023288
d max = 0.07611111111111112
d min = 0.07611111111111112
dF max = 0.07611111111111112
dB max = 0.07611111111111112
hk max = 0.010331966455186503
hk min = 0.010331966455186503
hz max = 0.07089039611109792
hz min = 0.027014687535581294
lambdaF max = Inf
lambdaF min = 0.004177590819662042
lambdaB max = Inf
lambdaB min = 0.004177590819662042
----------------------------------
----------------------------------
Iteration = 77
Distance = 0.0002549654023451531
v max = -2.1632777683841415
v min = -9.374321583412957
d max = 0.07611111111111112
d min = 0.07611111111111112
dF max = 0.07611111111111112
dB max = 0.07611111111111112
hk max = 0.010331966455186503
hk min = 0.010331966455186503
hz max = 0.07089041544613278
hz min = 0.02701468398149855
lambdaF max = Inf
lambdaF min = 0.004177590819662042
lambdaB max = Inf
lambdaB min = 0.004177590819662042
----------------------------------
----------------------------------
Iteration = 78
Distance = 0.0002311565187538278
v max = -2.16350798376752
v min = -9.374552200872442
d max = 0.07611111111111112
d min = 0.07611111111111112
dF max = 0.07611111111111112
dB max = 0.07611111111111112
hk max = 0.010331966455186503
hk min = 0.010331966455186503
hz max = 0.07089041330830893
hz min = 0.027014663758356906
lambdaF max = Inf
lambdaF min = 0.004177590819662042
lambdaB max = Inf
lambdaB min = 0.004177590819662042
----------------------------------
----------------------------------
Iteration = 79
Distance = 0.00021079146838953733
v max = -2.1637160879834996
v min = -9.374761861311411
d max = 0.07611111111111112
d min = 0.07611111111111112
dF max = 0.07611111111111112
dB max = 0.07611111111111112
hk max = 0.010331966455186503
hk min = 0.010331966455186503
hz max = 0.07089038874380484
hz min = 0.027014641319683227
lambdaF max = Inf
lambdaF min = 0.004177590819662042
lambdaB max = Inf
lambdaB min = 0.004177590819662042
----------------------------------
----------------------------------
Iteration = 80
Distance = 0.00019207040179480828
v max = -2.1639050673058944
v min = -9.374952463256106
d max = 0.07611111111111112
d min = 0.07611111111111112
dF max = 0.07611111111111112
dB max = 0.07611111111111112
hk max = 0.010331966455186503
hk min = 0.010331966455186503
hz max = 0.070890388386794
hz min = 0.02701462962443564
lambdaF max = Inf
lambdaF min = 0.004177590819662042
lambdaB max = Inf
lambdaB min = 0.004177590819662042
----------------------------------
----------------------------------
Iteration = 81
Distance = 0.0001747523905066828
v max = -2.1640775672549664
v min = -9.375125733023443
d max = 0.07611111111111112
d min = 0.07611111111111112
dF max = 0.07611111111111112
dB max = 0.07611111111111112
hk max = 0.010331966455186503
hk min = 0.010331966455186503
hz max = 0.0708903881486842
hz min = 0.027014633177065994
lambdaF max = Inf
lambdaF min = 0.004177590819662042
lambdaB max = Inf
lambdaB min = 0.004177590819662042
----------------------------------
----------------------------------
Iteration = 82
Distance = 0.0001588922373336743
v max = -2.164235429878385
v min = -9.375283243812381
d max = 0.07611111111111112
d min = 0.07611111111111112
dF max = 0.07611111111111112
dB max = 0.07611111111111112
hk max = 0.010331966455186503
hk min = 0.010331966455186503
hz max = 0.07089038813416257
hz min = 0.027014647109008076
lambdaF max = Inf
lambdaF min = 0.004177590819662042
lambdaB max = Inf
lambdaB min = 0.004177590819662042
----------------------------------
----------------------------------
Iteration = 83
Distance = 0.00014442327056407578
v max = -2.1643796810635694
v min = -9.375426430274686
d max = 0.07611111111111112
d min = 0.07611111111111112
dF max = 0.07611111111111112
dB max = 0.07611111111111112
hk max = 0.010331966455186503
hk min = 0.010331966455186503
hz max = 0.07089038830992395
hz min = 0.0270146616723657
lambdaF max = Inf
lambdaF min = 0.004177590819662042
lambdaB max = Inf
lambdaB min = 0.004177590819662042
----------------------------------
----------------------------------
Iteration = 84
Distance = 0.0001312166398093062
v max = -2.1645108977033787
v min = -9.37555659913894
d max = 0.07611111111111112
d min = 0.07611111111111112
dF max = 0.07611111111111112
dB max = 0.07611111111111112
hk max = 0.010331966455186503
hk min = 0.010331966455186503
hz max = 0.07089039055577138
hz min = 0.027014668609581655
lambdaF max = Inf
lambdaF min = 0.004177590819662042
lambdaB max = Inf
lambdaB min = 0.004177590819662042
----------------------------------
----------------------------------
Iteration = 85
Distance = 0.00011878717095514801
v max = -2.164629684874334
v min = -9.375674937844204
d max = 0.07611111111111112
d min = 0.07611111111111112
dF max = 0.07611111111111112
dB max = 0.07611111111111112
hk max = 0.010331966455186503
hk min = 0.010331966455186503
hz max = 0.07089039442555502
hz min = 0.02701466548597673
lambdaF max = Inf
lambdaF min = 0.004177590819662042
lambdaB max = Inf
lambdaB min = 0.004177590819662042
----------------------------------
----------------------------------
Iteration = 86
Distance = 0.0001078667136322764
v max = -2.164736982085648
v min = -9.375782523232093
d max = 0.07611111111111112
d min = 0.07611111111111112
dF max = 0.07611111111111112
dB max = 0.07611111111111112
hk max = 0.010331966455186503
hk min = 0.010331966455186503
hz max = 0.07089039124762025
hz min = 0.02701465594928375
lambdaF max = Inf
lambdaF min = 0.004177590819662042
lambdaB max = Inf
lambdaB min = 0.004177590819662042
----------------------------------
----------------------------------
Iteration = 87
Distance = 9.834259498120446e-5
v max = -2.1648340656730474
v min = -9.375880331335434
d max = 0.07611111111111112
d min = 0.07611111111111112
dF max = 0.07611111111111112
dB max = 0.07611111111111112
hk max = 0.010331966455186503
hk min = 0.010331966455186503
hz max = 0.07089038856738673
hz min = 0.027014646541570164
lambdaF max = Inf
lambdaF min = 0.004177590819662042
lambdaB max = Inf
lambdaB min = 0.004177590819662042
----------------------------------
----------------------------------
Iteration = 88
Distance = 8.956931657255751e-5
v max = -2.1649223088062586
v min = -9.37596924795563
d max = 0.07611111111111112
d min = 0.07611111111111112
dF max = 0.07611111111111112
dB max = 0.07611111111111112
hk max = 0.010331966455186503
hk min = 0.010331966455186503
hz max = 0.07089038841541016
hz min = 0.0270146424958162
lambdaF max = Inf
lambdaF min = 0.004177590819662042
lambdaB max = Inf
lambdaB min = 0.004177590819662042
----------------------------------
----------------------------------
Iteration = 89
Distance = 8.147829701865561e-5
v max = -2.16500288394526
v min = -9.37605007884997
d max = 0.07611111111111112
d min = 0.07611111111111112
dF max = 0.07611111111111112
dB max = 0.07611111111111112
hk max = 0.010331966455186503
hk min = 0.010331966455186503
hz max = 0.07089038832464306
hz min = 0.027014645059122325
lambdaF max = Inf
lambdaF min = 0.004177590819662042
lambdaB max = Inf
lambdaB min = 0.004177590819662042
----------------------------------
----------------------------------
Iteration = 90
Distance = 7.407762650268879e-5
v max = -2.1650765893487423
v min = -9.376123558347569
d max = 0.07611111111111112
d min = 0.07611111111111112
dF max = 0.07611111111111112
dB max = 0.07611111111111112
hk max = 0.010331966455186503
hk min = 0.010331966455186503
hz max = 0.0708903883343471
hz min = 0.027014651549347953
lambdaF max = Inf
lambdaF min = 0.004177590819662042
lambdaB max = Inf
lambdaB min = 0.004177590819662042
----------------------------------
----------------------------------
Iteration = 91
Distance = 6.733060010111203e-5
v max = -2.165143877159326
v min = -9.376190355910193
d max = 0.07611111111111112
d min = 0.07611111111111112
dF max = 0.07611111111111112
dB max = 0.07611111111111112
hk max = 0.010331966455186503
hk min = 0.010331966455186503
hz max = 0.07089038842018641
hz min = 0.027014657597157436
lambdaF max = Inf
lambdaF min = 0.004177590819662042
lambdaB max = Inf
lambdaB min = 0.004177590819662042
----------------------------------
----------------------------------
Iteration = 92
Distance = 6.115575893295144e-5
v max = -2.165205032918259
v min = -9.376251081027842
d max = 0.07611111111111112
d min = 0.07611111111111112
dF max = 0.07611111111111112
dB max = 0.07611111111111112
hk max = 0.010331966455186503
hk min = 0.010331966455186503
hz max = 0.07089038851985846
hz min = 0.027014659906520955
lambdaF max = Inf
lambdaF min = 0.004177590819662042
lambdaB max = Inf
lambdaB min = 0.004177590819662042
----------------------------------
----------------------------------
Iteration = 93
Distance = 5.534798092510229e-5
v max = -2.165260380899184
v min = -9.376306287362079
d max = 0.07611111111111112
d min = 0.07611111111111112
dF max = 0.07611111111111112
dB max = 0.07611111111111112
hk max = 0.010331966455186503
hk min = 0.010331966455186503
hz max = 0.07089038880562053
hz min = 0.027014657893788912
lambdaF max = Inf
lambdaF min = 0.004177590819662042
lambdaB max = Inf
lambdaB min = 0.004177590819662042
----------------------------------
----------------------------------
Iteration = 94
Distance = 5.033323299397097e-5
v max = -2.1653103986667253
v min = -9.376356476994946
d max = 0.07611111111111112
d min = 0.07611111111111112
dF max = 0.07611111111111112
dB max = 0.07611111111111112
hk max = 0.010331966455186503
hk min = 0.010331966455186503
hz max = 0.07089038856347388
hz min = 0.027014653500884306
lambdaF max = Inf
lambdaF min = 0.004177590819662042
lambdaB max = Inf
lambdaB min = 0.004177590819662042
----------------------------------
----------------------------------
Iteration = 95
Distance = 4.587769048125523e-5
v max = -2.165355696757905
v min = -9.376402105144615
d max = 0.07611111111111112
d min = 0.07611111111111112
dF max = 0.07611111111111112
dB max = 0.07611111111111112
hk max = 0.010331966455186503
hk min = 0.010331966455186503
hz max = 0.07089038850415194
hz min = 0.027014649632766626
lambdaF max = Inf
lambdaF min = 0.004177590819662042
lambdaB max = Inf
lambdaB min = 0.004177590819662042
----------------------------------
----------------------------------
Iteration = 96
Distance = 4.1768930977070795e-5
v max = -2.165396902845386
v min = -9.376443585128916
d max = 0.07611111111111112
d min = 0.07611111111111112
dF max = 0.07611111111111112
dB max = 0.07611111111111112
hk max = 0.010331966455186503
hk min = 0.010331966455186503
hz max = 0.07089038843931436
hz min = 0.027014648351800726
lambdaF max = Inf
lambdaF min = 0.004177590819662042
lambdaB max = Inf
lambdaB min = 0.004177590819662042
----------------------------------
----------------------------------
Iteration = 97
Distance = 3.7990084694516923e-5
v max = -2.1654345354554714
v min = -9.37648129303365
d max = 0.07611111111111112
d min = 0.07611111111111112
dF max = 0.07611111111111112
dB max = 0.07611111111111112
hk max = 0.010331966455186503
hk min = 0.010331966455186503
hz max = 0.07089038840625721
hz min = 0.02701464988467588
lambdaF max = Inf
lambdaF min = 0.004177590819662042
lambdaB max = Inf
lambdaB min = 0.004177590819662042
----------------------------------
----------------------------------
Iteration = 98
Distance = 3.453726674962354e-5
v max = -2.1654689418563593
v min = -9.376515571602697
d max = 0.07611111111111112
d min = 0.07611111111111112
dF max = 0.07611111111111112
dB max = 0.07611111111111112
hk max = 0.010331966455186503
hk min = 0.010331966455186503
hz max = 0.07089038841745843
hz min = 0.027014652842724068
lambdaF max = Inf
lambdaF min = 0.004177590819662042
lambdaB max = Inf
lambdaB min = 0.004177590819662042
----------------------------------
----------------------------------
Iteration = 99
Distance = 3.139119746853325e-5
v max = -2.1655003245743387
v min = -9.376546733205203
d max = 0.07611111111111112
d min = 0.07611111111111112
dF max = 0.07611111111111112
dB max = 0.07611111111111112
hk max = 0.010331966455186503
hk min = 0.010331966455186503
hz max = 0.07089038845829536
hz min = 0.027014655303457945
lambdaF max = Inf
lambdaF min = 0.004177590819662042
lambdaB max = Inf
lambdaB min = 0.004177590819662042
----------------------------------
----------------------------------
Iteration = 100
Distance = 2.8502097676685878e-5
v max = -2.1655288266720154
v min = -9.376575062107088
d max = 0.07611111111111112
d min = 0.07611111111111112
dF max = 0.07611111111111112
dB max = 0.07611111111111112
hk max = 0.010331966455186503
hk min = 0.010331966455186503
hz max = 0.07089038850034932
hz min = 0.027014655985791055
lambdaF max = Inf
lambdaF min = 0.004177590819662042
lambdaB max = Inf
lambdaB min = 0.004177590819662042
----------------------------------
----------------------------------
Iteration = 101
Distance = 2.5791907157568517e-5
v max = -2.165554618579173
v min = -9.376600816464412
d max = 0.07611111111111112
d min = 0.07611111111111112
dF max = 0.07611111111111112
dB max = 0.07611111111111112
hk max = 0.010331966455186503
hk min = 0.010331966455186503
hz max = 0.0708903885198906
hz min = 0.027014654844662478
lambdaF max = Inf
lambdaF min = 0.004177590819662042
lambdaB max = Inf
lambdaB min = 0.004177590819662042
----------------------------------
----------------------------------
Iteration = 102
Distance = 2.3485780618948127e-5
v max = -2.1655779390731444
v min = -9.376624230391126
d max = 0.07611111111111112
d min = 0.07611111111111112
dF max = 0.07611111111111112
dB max = 0.07611111111111112
hk max = 0.010331966455186503
hk min = 0.010331966455186503
hz max = 0.07089038851026463
hz min = 0.02701465286255239
lambdaF max = Inf
lambdaF min = 0.004177590819662042
lambdaB max = Inf
lambdaB min = 0.004177590819662042
----------------------------------
----------------------------------
Iteration = 103
Distance = 2.1401031643719648e-5
v max = -2.1655990774622436
v min = -9.376645516217152
d max = 0.07611111111111112
d min = 0.07611111111111112
dF max = 0.07611111111111112
dB max = 0.07611111111111112
hk max = 0.010331966455186503
hk min = 0.010331966455186503
hz max = 0.07089038848236491
hz min = 0.02701465130610943
lambdaF max = Inf
lambdaF min = 0.004177590819662042
lambdaB max = Inf
lambdaB min = 0.004177590819662042
----------------------------------
----------------------------------
Iteration = 104
Distance = 1.9478093403968444e-5
v max = -2.16561831921388
v min = -9.37666486680738
d max = 0.07611111111111112
d min = 0.07611111111111112
dF max = 0.07611111111111112
dB max = 0.07611111111111112
hk max = 0.010331966455186503
hk min = 0.010331966455186503
hz max = 0.07089038845524132
hz min = 0.02701465096465584
lambdaF max = Inf
lambdaF min = 0.004177590819662042
lambdaB max = Inf
lambdaB min = 0.004177590819662042
----------------------------------
----------------------------------
Iteration = 105
Distance = 1.7713666375041015e-5
v max = -2.165635893386431
v min = -9.376682457696546
d max = 0.07611111111111112
d min = 0.07611111111111112
dF max = 0.07611111111111112
dB max = 0.07611111111111112
hk max = 0.010331966455186503
hk min = 0.010331966455186503
hz max = 0.07089038844390232
hz min = 0.02701465179925256
lambdaF max = Inf
lambdaF min = 0.004177590819662042
lambdaB max = Inf
lambdaB min = 0.004177590819662042
----------------------------------
----------------------------------
Iteration = 106
Distance = 1.6102945459284257e-5
v max = -2.165651951866066
v min = -9.376698448847499
d max = 0.07611111111111112
d min = 0.07611111111111112
dF max = 0.07611111111111112
dB max = 0.07611111111111112
hk max = 0.010331966455186503
hk min = 0.010331966455186503
hz max = 0.07089038845170506
hz min = 0.027014653121164463
lambdaF max = Inf
lambdaF min = 0.004177590819662042
lambdaB max = Inf
lambdaB min = 0.004177590819662042
----------------------------------
----------------------------------
Iteration = 107
Distance = 1.463599623097167e-5
v max = -2.165666586875822
v min = -9.376712985999442
d max = 0.07611111111111112
d min = 0.07611111111111112
dF max = 0.07611111111111112
dB max = 0.07611111111111112
hk max = 0.010331966455186503
hk min = 0.010331966455186503
hz max = 0.07089038847066768
hz min = 0.027014654099506763
lambdaF max = Inf
lambdaF min = 0.004177590819662042
lambdaB max = Inf
lambdaB min = 0.004177590819662042
----------------------------------
----------------------------------
Iteration = 108
Distance = 1.3283658002016807e-5
v max = -2.165679870533824
v min = -9.376726201728427
d max = 0.07611111111111112
d min = 0.07611111111111112
dF max = 0.07611111111111112
dB max = 0.07611111111111112
hk max = 0.010331966455186503
hk min = 0.010331966455186503
hz max = 0.07089038848809182
hz min = 0.027014654252541917
lambdaF max = Inf
lambdaF min = 0.004177590819662042
lambdaB max = Inf
lambdaB min = 0.004177590819662042
----------------------------------
----------------------------------
Iteration = 109
Distance = 1.2027861218122382e-5
v max = -2.1656918909112703
v min = -9.376738216407393
d max = 0.07611111111111112
d min = 0.07611111111111112
dF max = 0.07611111111111112
dB max = 0.07611111111111112
hk max = 0.010331966455186503
hk min = 0.010331966455186503
hz max = 0.07089038849452597
hz min = 0.02701465365077701
lambdaF max = Inf
lambdaF min = 0.004177590819662042
lambdaB max = Inf
lambdaB min = 0.004177590819662042
----------------------------------
----------------------------------
Iteration = 110
Distance = 1.0958182354414703e-5
v max = -2.165702765761658
v min = -9.376749139207952
d max = 0.07611111111111112
d min = 0.07611111111111112
dF max = 0.07611111111111112
dB max = 0.07611111111111112
hk max = 0.010331966455186503
hk min = 0.010331966455186503
hz max = 0.07089038848845003
hz min = 0.02701465277322505
lambdaF max = Inf
lambdaF min = 0.004177590819662042
lambdaB max = Inf
lambdaB min = 0.004177590819662042
----------------------------------
----------------------------------
Iteration = 111
Distance = 9.982594412427659e-6
v max = -2.165712631070203
v min = -9.376759069175744
d max = 0.07611111111111112
d min = 0.07611111111111112
dF max = 0.07611111111111112
dB max = 0.07611111111111112
hk max = 0.010331966455186503
hk min = 0.010331966455186503
hz max = 0.07089038847563682
hz min = 0.027014652162417416
lambdaF max = Inf
lambdaF min = 0.004177590819662042
lambdaB max = Inf
lambdaB min = 0.004177590819662042
----------------------------------
    Value Function Converged, Iteration = 111 with gamma=9.0 with rho=1.0 and v=-4.2728731810087615
    Natural boundary condition
=============================================================
Convegence time (minutes): 0.11704406666666665
Current Time = 22:19:21
grid points for z:  401
grid size for z:  0.025
-0.47101716984951986
-0.5907733549676308
--- 8.403802394866943 seconds for the elasticity computation ---
-0.039546316612890334
-0.17573458370771616
--- 0.06836366653442383 seconds for the elasticity computation ---
-0.23790170719671883
-0.41503877125991473
--- 0.06359171867370605 seconds for the elasticity computation ---
-0.5403964379321887
-0.5982123708153653
--- 0.06315159797668457 seconds for the elasticity computation ---
Current Time = 22:19:33
grid points for z:  401
grid size for z:  0.025
rho = 1
0.05937926808266887
--- 8.510336875915527 seconds for the elasticity computation ---
0.0
--- 0.06679463386535645 seconds for the elasticity computation ---
0.05937926808266887
--- 0.0659322738647461 seconds for the elasticity computation ---
0.0
--- 0.06552290916442871 seconds for the elasticity computation ---
0.0
--- 0.06557416915893555 seconds for the elasticity computation ---
0.05937926808266887
0.007439015847734282
--- 0.06611132621765137 seconds for the elasticity computation ---
0.05937926808266887
0.007439015847734282
--- 0.06590771675109863 seconds for the elasticity computation ---
0.05937926808266887
0.007439015847734282
--- 0.06579327583312988 seconds for the elasticity computation ---
0.05937926808266887
0.007439015847734282
--- 0.06571078300476074 seconds for the elasticity computation ---
parsed_args = parse_commandline() = Dict{String, Any}("dataname" => "upper_triangular_two_ambiguous_parameters", "clowerlim" => 0.0001, "delta" => 0.01, "boundary" => 0, "Delta" => 10.0, "q" => 0.1, "zmax" => 5.0, "logadjustment" => 1, "zscale" => 2.0, "foc" => 1, "distorted" => 0, "rho" => 1.0, "gamma" => 9.0)
=============================================================
./output/upper_triangular_two_ambiguous_parameters/Delta_10.0_distorted_0/logadjustment_1_boundary_0/zmax_5.0_zscale_2.0/delta_0.01/q_0.1_gamma_9.0_rho_1.0/
=============================================================
solve for structured linear system 
structured_relative_entropy = 0.1024841038892811
=============================================================
solve for unstructured linear system 
q_update = 0.5731123390766704
=============================================================
parsed_args = parse_commandline() = Dict{String, Any}("dataname" => "upper_triangular_two_ambiguous_parameters", "clowerlim" => 0.0001, "delta" => 0.01, "boundary" => 0, "Delta" => 10.0, "q" => 0.1, "zmax" => 5.0, "logadjustment" => 1, "zscale" => 2.0, "foc" => 1, "distorted" => 0, "rho" => 1.0, "gamma" => 9.0)
=============================================================
./output/upper_triangular_two_ambiguous_parameters/Delta_10.0_distorted_0/logadjustment_1_boundary_0/zmax_5.0_zscale_2.0/delta_0.01/q_0.1_gamma_9.0_rho_1.0/
=============================================================
solve for structured linear system 
structured_relative_entropy = 0.10248410388928106
=============================================================
solve for unstructured linear system 
q_update = 0.5731123390766704
=============================================================
Program ends Fri Jan 19 22:20:14 CST 2024
Elapsed time: 0 days 00 hr 01 min 22 sec
