D_10.0_distorted_0_boundary_0_delta_0.01_gamma_9.0_q_0.1_rho_1.0_lower_triangular_two_ambiguous_parameters
Program starts Fri Jan 19 22:23:08 CST 2024
parsed_args = parse_commandline() = Dict{String, Any}("dataname" => "lower_triangular_two_ambiguous_parameters", "clowerlim" => 0.0001, "delta" => 0.01, "boundary" => 0, "Delta" => 10.0, "q" => 0.1, "zmax" => 5.0, "logadjustment" => 1, "zscale" => 2.0, "foc" => 1, "distorted" => 0, "rho" => 1.0, "gamma" => 9.0)
=============================================================
logadjustment: true
reflective_boundary: false
0.0922
sigma_k: [0.011287880226154068, 0.0]
sigma_z: [0.026030751045638307, 0.05916079783099616]
Compute value function WITH ROBUSTNESS
computing undistorted version...
zmax = 5.0, zmin = -5.0, zlength = 401
natural boundary condition
----------------------------------
Iteration = 1
Distance = 1.2268798283902496
v max = -0.8172412741733764
v min = -3.2268798283902496
d max = 0.07611111111111112
d min = 0.07611111111111112
dF max = 0.07611111111111112
dB max = 0.07611111111111112
hk max = 0.011287880226154068
hk min = 0.011287880226154068
hz max = 0.0
hz min = 0.0
lambdaF max = Inf
lambdaF min = 0.004177590819662044
lambdaB max = Inf
lambdaB min = 0.004177590819662044
----------------------------------
----------------------------------
Iteration = 2
Distance = 1.0753284070209745
v max = -0.6285096943559384
v min = -4.302208235411224
d max = 0.07611111111111112
d min = 0.07611111111111112
dF max = 0.07611111111111112
dB max = 0.07611111111111112
hk max = 0.017560350357635104
hk min = 0.0175603503576321
hz max = 0.014255613935184179
hz min = 0.014255613935177347
lambdaF max = Inf
lambdaF min = 0.004177590819662044
lambdaB max = Inf
lambdaB min = 0.004177590819662044
----------------------------------
----------------------------------
Iteration = 3
Distance = 0.8069120814130892
v max = -0.5508789008406902
v min = -5.109120316824313
d max = 0.07611111111111112
d min = 0.07611111111111112
dF max = 0.07611111111111112
dB max = 0.07611111111111112
hk max = 0.02298115683707587
hk min = 0.018720430043019085
hz max = 0.026575628661185922
hz min = 0.016892158674693226
lambdaF max = Inf
lambdaF min = 0.004177590819662044
lambdaB max = Inf
lambdaB min = 0.004177590819662044
----------------------------------
----------------------------------
Iteration = 4
Distance = 0.6244984785748233
v max = -0.5443130193323401
v min = -5.733618795399137
d max = 0.07611111111111112
d min = 0.07611111111111112
dF max = 0.07611111111111112
dB max = 0.07611111111111112
hk max = 0.026883710195785157
hk min = 0.019313299463304907
hz max = 0.035445068112797934
hz min = 0.018239589175342824
lambdaF max = Inf
lambdaF min = 0.004177590819662044
lambdaB max = Inf
lambdaB min = 0.004177590819662044
----------------------------------
----------------------------------
Iteration = 5
Distance = 0.499205424191544
v max = -0.5660357389607936
v min = -6.232824219590681
d max = 0.07611111111111112
d min = 0.07611111111111112
dF max = 0.07611111111111112
dB max = 0.07611111111111112
hk max = 0.029722927474468964
hk min = 0.01954950675855976
hz max = 0.04189783465526114
hz min = 0.01877642393728567
lambdaF max = Inf
lambdaF min = 0.004177590819662044
lambdaB max = Inf
lambdaB min = 0.004177590819662044
----------------------------------
----------------------------------
Iteration = 6
Distance = 0.40726144342137705
v max = -0.6038991445975235
v min = -6.640085663012058
d max = 0.07611111111111112
d min = 0.07611111111111112
dF max = 0.07611111111111112
dB max = 0.07611111111111112
hk max = 0.031824408531495776
hk min = 0.019670860858221784
hz max = 0.04667392796668571
hz min = 0.019052228709244813
lambdaF max = Inf
lambdaF min = 0.004177590819662044
lambdaB max = Inf
lambdaB min = 0.004177590819662044
----------------------------------
----------------------------------
Iteration = 7
Distance = 0.33748967515401596
v max = -0.6549507679079882
v min = -6.977575338166074
d max = 0.07611111111111112
d min = 0.07611111111111112
dF max = 0.07611111111111112
dB max = 0.07611111111111112
hk max = 0.0334421445741609
hk min = 0.019766815113969896
hz max = 0.05035060079092463
hz min = 0.0192703065632178
lambdaF max = Inf
lambdaF min = 0.004177590819662044
lambdaB max = Inf
lambdaB min = 0.004177590819662044
----------------------------------
----------------------------------
Iteration = 8
Distance = 0.28334304727364756
v max = -0.717572119269213
v min = -7.260918385439721
d max = 0.07611111111111112
d min = 0.07611111111111112
dF max = 0.07611111111111112
dB max = 0.07611111111111112
hk max = 0.034674223318978736
hk min = 0.019861441964470317
hz max = 0.05315077975641972
hz min = 0.019485367587082383
lambdaF max = Inf
lambdaF min = 0.004177590819662044
lambdaB max = Inf
lambdaB min = 0.004177590819662044
----------------------------------
----------------------------------
Iteration = 9
Distance = 0.2405615703075119
v max = -0.7895044529513648
v min = -7.501479955747233
d max = 0.07611111111111112
d min = 0.07611111111111112
dF max = 0.07611111111111112
dB max = 0.07611111111111112
hk max = 0.03555596142008469
hk min = 0.01995109927300203
hz max = 0.05515472998620597
hz min = 0.01968913419738174
lambdaF max = Inf
lambdaF min = 0.004177590819662044
lambdaB max = Inf
lambdaB min = 0.004177590819662044
----------------------------------
----------------------------------
Iteration = 10
Distance = 0.20623322879120032
v max = -0.8685226260101367
v min = -7.7077131845384335
d max = 0.07611111111111112
d min = 0.07611111111111112
dF max = 0.07611111111111112
dB max = 0.07611111111111112
hk max = 0.03613512892619821
hk min = 0.020032556516689785
hz max = 0.056471019772827605
hz min = 0.01987426429667209
lambdaF max = Inf
lambdaF min = 0.004177590819662044
lambdaB max = Inf
lambdaB min = 0.004177590819662044
----------------------------------
----------------------------------
Iteration = 11
Distance = 0.17830811958389692
v max = -0.9524015679379225
v min = -7.88602130412233
d max = 0.07611111111111112
d min = 0.07611111111111112
dF max = 0.07611111111111112
dB max = 0.07611111111111112
hk max = 0.03655743841349624
hk min = 0.020106645938802892
hz max = 0.05743081406214131
hz min = 0.02004264934692915
lambdaF max = Inf
lambdaF min = 0.004177590819662044
lambdaB max = Inf
lambdaB min = 0.004177590819662044
----------------------------------
----------------------------------
Iteration = 12
Distance = 0.15531122880287462
v max = -1.0384010298305981
v min = -8.041332532925205
d max = 0.07611111111111112
d min = 0.07611111111111112
dF max = 0.07611111111111112
dB max = 0.07611111111111112
hk max = 0.036921720359475996
hk min = 0.020170400040082335
hz max = 0.05825872757573165
hz min = 0.020187545031655155
lambdaF max = Inf
lambdaF min = 0.004177590819662044
lambdaB max = Inf
lambdaB min = 0.004177590819662044
----------------------------------
----------------------------------
Iteration = 13
Distance = 0.13616009418020703
v max = -1.1235695213457764
v min = -8.177492627105412
d max = 0.07611111111111112
d min = 0.07611111111111112
dF max = 0.07611111111111112
dB max = 0.07611111111111112
hk max = 0.037196520886551496
hk min = 0.020219151165177186
hz max = 0.05888327422817598
hz min = 0.02029834304323436
lambdaF max = Inf
lambdaF min = 0.004177590819662044
lambdaB max = Inf
lambdaB min = 0.004177590819662044
----------------------------------
----------------------------------
Iteration = 14
Distance = 0.12004557169050933
v max = -1.2054444660227757
v min = -8.297538198795921
d max = 0.07611111111111112
d min = 0.07611111111111112
dF max = 0.07611111111111112
dB max = 0.07611111111111112
hk max = 0.03741586583689363
hk min = 0.020252091513871435
hz max = 0.05938178547895357
hz min = 0.02037320747208493
lambdaF max = Inf
lambdaF min = 0.004177590819662044
lambdaB max = Inf
lambdaB min = 0.004177590819662044
----------------------------------
----------------------------------
Iteration = 15
Distance = 0.10635356771620863
v max = -1.282490984695249
v min = -8.40389176651213
d max = 0.07611111111111112
d min = 0.07611111111111112
dF max = 0.07611111111111112
dB max = 0.07611111111111112
hk max = 0.03759475531805546
hk min = 0.020271905251003905
hz max = 0.05978835248159407
hz min = 0.020418238692840544
lambdaF max = Inf
lambdaF min = 0.004177590819662044
lambdaB max = Inf
lambdaB min = 0.004177590819662044
----------------------------------
----------------------------------
Iteration = 16
Distance = 0.09461347225292371
v max = -1.3542497209975075
v min = -8.498505238765054
d max = 0.07611111111111112
d min = 0.07611111111111112
dF max = 0.07611111111111112
dB max = 0.07611111111111112
hk max = 0.03772820192417685
hk min = 0.020283409682072064
hz max = 0.060091640222779054
hz min = 0.02044438512708636
lambdaF max = Inf
lambdaF min = 0.004177590819662044
lambdaB max = Inf
lambdaB min = 0.004177590819662044
----------------------------------
----------------------------------
Iteration = 17
Distance = 0.08446308230355193
v max = -1.4210819501277425
v min = -8.582968321068606
d max = 0.07611111111111112
d min = 0.07611111111111112
dF max = 0.07611111111111112
dB max = 0.07611111111111112
hk max = 0.03780336592589588
hk min = 0.020292147306411434
hz max = 0.06026246749941322
hz min = 0.02046424336422129
lambdaF max = Inf
lambdaF min = 0.004177590819662044
lambdaB max = Inf
lambdaB min = 0.004177590819662044
----------------------------------
----------------------------------
Iteration = 18
Distance = 0.0756230244821019
v max = -1.4836005104493772
v min = -8.658591345550708
d max = 0.07611111111111112
d min = 0.07611111111111112
dF max = 0.07611111111111112
dB max = 0.07611111111111112
hk max = 0.037823653283657124
hk min = 0.0203015533346841
hz max = 0.060308575130688775
hz min = 0.020485620701204625
lambdaF max = Inf
lambdaF min = 0.004177590819662044
lambdaB max = Inf
lambdaB min = 0.004177590819662044
----------------------------------
----------------------------------
Iteration = 19
Distance = 0.06787660843978749
v max = -1.542196529829505
v min = -8.726467953990495
d max = 0.07611111111111112
d min = 0.07611111111111112
dF max = 0.07611111111111112
dB max = 0.07611111111111112
hk max = 0.03786375800554638
hk min = 0.020311889667834083
hz max = 0.06039972222589163
hz min = 0.020509112367454584
lambdaF max = Inf
lambdaF min = 0.004177590819662044
lambdaB max = Inf
lambdaB min = 0.004177590819662044
----------------------------------
----------------------------------
Iteration = 20
Distance = 0.0610534413451429
v max = -1.5968813788696157
v min = -8.787521395335638
d max = 0.07611111111111112
d min = 0.07611111111111112
dF max = 0.07611111111111112
dB max = 0.07611111111111112
hk max = 0.0378998027923944
hk min = 0.020321448857433602
hz max = 0.060481642196000766
hz min = 0.020530837798362577
lambdaF max = Inf
lambdaF min = 0.004177590819662044
lambdaB max = Inf
lambdaB min = 0.004177590819662044
----------------------------------
----------------------------------
Iteration = 21
Distance = 0.05501662981656352
v max = -1.6474159898708656
v min = -8.842538025152201
d max = 0.07611111111111112
d min = 0.07611111111111112
dF max = 0.07611111111111112
dB max = 0.07611111111111112
hk max = 0.03792885087924752
hk min = 0.020328219875736228
hz max = 0.060547660575212395
hz min = 0.020546226476323093
lambdaF max = Inf
lambdaF min = 0.004177590819662044
lambdaB max = Inf
lambdaB min = 0.004177590819662044
----------------------------------
----------------------------------
Iteration = 22
Distance = 0.04965375098218239
v max = -1.6935895661889506
v min = -8.892191776134384
d max = 0.07611111111111112
d min = 0.07611111111111112
dF max = 0.07611111111111112
dB max = 0.07611111111111112
hk max = 0.037957193361575395
hk min = 0.020331300521086358
hz max = 0.06061207530777575
hz min = 0.020553227943027934
lambdaF max = Inf
lambdaF min = 0.004177590819662044
lambdaB max = Inf
lambdaB min = 0.004177590819662044
----------------------------------
----------------------------------
Iteration = 23
Distance = 0.0448712549557726
v max = -1.7354573774269202
v min = -8.937063031090156
d max = 0.07611111111111112
d min = 0.07611111111111112
dF max = 0.07611111111111112
dB max = 0.07611111111111112
hk max = 0.03798391737342455
hk min = 0.02033141738429354
hz max = 0.060672811698341995
hz min = 0.020553493541226077
lambdaF max = Inf
lambdaF min = 0.004177590819662044
lambdaB max = Inf
lambdaB min = 0.004177590819662044
----------------------------------
----------------------------------
Iteration = 24
Distance = 0.040591267680952114
v max = -1.7734010504575735
v min = -8.977654298771109
d max = 0.07611111111111112
d min = 0.07611111111111112
dF max = 0.07611111111111112
dB max = 0.07611111111111112
hk max = 0.03800038954295006
hk min = 0.02033040188017954
hz max = 0.06071024844726363
hz min = 0.020551185577330617
lambdaF max = Inf
lambdaF min = 0.004177590819662044
lambdaB max = Inf
lambdaB min = 0.004177590819662044
----------------------------------
----------------------------------
Iteration = 25
Distance = 0.03674948981342396
v max = -1.8079947879294325
v min = -9.014403788584533
d max = 0.07611111111111112
d min = 0.07611111111111112
dF max = 0.07611111111111112
dB max = 0.07611111111111112
hk max = 0.03799900154803419
hk min = 0.020330087448921022
hz max = 0.06070709391336394
hz min = 0.020550470960833983
lambdaF max = Inf
lambdaF min = 0.004177590819662044
lambdaB max = Inf
lambdaB min = 0.004177590819662044
----------------------------------
----------------------------------
Iteration = 26
Distance = 0.033293170177682185
v max = -1.8397827726161848
v min = -9.047696958762215
d max = 0.07611111111111112
d min = 0.07611111111111112
dF max = 0.07611111111111112
dB max = 0.07611111111111112
hk max = 0.03798828907988071
hk min = 0.02033131198611532
hz max = 0.06068274739483328
hz min = 0.02055325399991193
lambdaF max = Inf
lambdaF min = 0.004177590819662044
lambdaB max = Inf
lambdaB min = 0.004177590819662044
----------------------------------
----------------------------------
Iteration = 27
Distance = 0.030178750750232908
v max = -1.8691137519519982
v min = -9.077875709512448
d max = 0.07611111111111112
d min = 0.07611111111111112
dF max = 0.07611111111111112
dB max = 0.07611111111111112
hk max = 0.037993044944247406
hk min = 0.020333686800106665
hz max = 0.06069355617748486
hz min = 0.02055865130443773
lambdaF max = Inf
lambdaF min = 0.004177590819662044
lambdaB max = Inf
lambdaB min = 0.004177590819662044
----------------------------------
----------------------------------
Iteration = 28
Distance = 0.02736939046290665
v max = -1.8961120900820456
v min = -9.105245099975354
d max = 0.07611111111111112
d min = 0.07611111111111112
dF max = 0.07611111111111112
dB max = 0.07611111111111112
hk max = 0.03799663175959476
hk min = 0.020336112683259112
hz max = 0.06070170803054704
hz min = 0.020564164675238743
lambdaF max = Inf
lambdaF min = 0.004177590819662044
lambdaB max = Inf
lambdaB min = 0.004177590819662044
----------------------------------
----------------------------------
Iteration = 29
Distance = 0.024832880586030726
v max = -1.9207715974213881
v min = -9.130077980561385
d max = 0.07611111111111112
d min = 0.07611111111111112
dF max = 0.07611111111111112
dB max = 0.07611111111111112
hk max = 0.038000357099209736
hk min = 0.02033755560908767
hz max = 0.06071017471149016
hz min = 0.02056744405212183
lambdaF max = Inf
lambdaF min = 0.004177590819662044
lambdaB max = Inf
lambdaB min = 0.004177590819662044
----------------------------------
----------------------------------
Iteration = 30
Distance = 0.02254035794264908
v max = -1.9430976122670929
v min = -9.152618338504034
d max = 0.07611111111111112
d min = 0.07611111111111112
dF max = 0.07611111111111112
dB max = 0.07611111111111112
hk max = 0.038006068573233534
hk min = 0.020337629978280473
hz max = 0.060723155334271514
hz min = 0.020567613073014555
lambdaF max = Inf
lambdaF min = 0.004177590819662044
lambdaB max = Inf
lambdaB min = 0.004177590819662044
----------------------------------
----------------------------------
Iteration = 31
Distance = 0.020465849212158105
v max = -1.9632105749705324
v min = -9.173084187716192
d max = 0.07611111111111112
d min = 0.07611111111111112
dF max = 0.07611111111111112
dB max = 0.07611111111111112
hk max = 0.038011983252813554
hk min = 0.020336718859706546
hz max = 0.06073659778786248
hz min = 0.020565542348982908
lambdaF max = Inf
lambdaF min = 0.004177590819662044
lambdaB max = Inf
lambdaB min = 0.004177590819662044
----------------------------------
----------------------------------
Iteration = 32
Distance = 0.018589131123416536
v max = -1.9813594434829738
v min = -9.191670509718248
d max = 0.07611111111111112
d min = 0.07611111111111112
dF max = 0.07611111111111112
dB max = 0.07611111111111112
hk max = 0.03801345943640795
hk min = 0.02033564445221421
hz max = 0.060739952750577024
hz min = 0.020563100513773053
lambdaF max = Inf
lambdaF min = 0.004177590819662044
lambdaB max = Inf
lambdaB min = 0.004177590819662044
----------------------------------
----------------------------------
Iteration = 33
Distance = 0.01696599722989145
v max = -1.9978524534527322
v min = -9.208552297004045
d max = 0.07611111111111112
d min = 0.07611111111111112
dF max = 0.07611111111111112
dB max = 0.07611111111111112
hk max = 0.03800857246447369
hk min = 0.02033513834353965
hz max = 0.060728845996180975
hz min = 0.020561950266785412
lambdaF max = Inf
lambdaF min = 0.004177590819662044
lambdaB max = Inf
lambdaB min = 0.004177590819662044
----------------------------------
----------------------------------
Iteration = 34
Distance = 0.015445818209883555
v max = -2.0129599986504667
v min = -9.223887420582862
d max = 0.07611111111111112
d min = 0.07611111111111112
dF max = 0.07611111111111112
dB max = 0.07611111111111112
hk max = 0.038005403505482156
hk min = 0.020335450945067418
hz max = 0.060721643816654756
hz min = 0.020562660724803068
lambdaF max = Inf
lambdaF min = 0.004177590819662044
lambdaB max = Inf
lambdaB min = 0.004177590819662044
----------------------------------
----------------------------------
Iteration = 35
Distance = 0.014046332364437308
v max = -2.0268504795732873
v min = -9.237818980511339
d max = 0.07611111111111112
d min = 0.07611111111111112
dF max = 0.07611111111111112
dB max = 0.07611111111111112
hk max = 0.03800587425202262
hk min = 0.020336309662444596
hz max = 0.060722713695155806
hz min = 0.02056461235520575
lambdaF max = Inf
lambdaF min = 0.004177590819662044
lambdaB max = Inf
lambdaB min = 0.004177590819662044
----------------------------------
----------------------------------
Iteration = 36
Distance = 0.012766492659511464
v max = -2.039588675613954
v min = -9.250476976406532
d max = 0.07611111111111112
d min = 0.07611111111111112
dF max = 0.07611111111111112
dB max = 0.07611111111111112
hk max = 0.038006237311572794
hk min = 0.020337177315496616
hz max = 0.06072353883049711
hz min = 0.020566584293960338
lambdaF max = Inf
lambdaF min = 0.004177590819662044
lambdaB max = Inf
lambdaB min = 0.004177590819662044
----------------------------------
----------------------------------
Iteration = 37
Distance = 0.011596954051153574
v max = -2.0511856296651074
v min = -9.261979403170312
d max = 0.07611111111111112
d min = 0.07611111111111112
dF max = 0.07611111111111112
dB max = 0.07611111111111112
hk max = 0.038007096977056176
hk min = 0.020337603175769655
hz max = 0.060725492615686605
hz min = 0.020567552158217248
lambdaF max = Inf
lambdaF min = 0.004177590819662044
lambdaB max = Inf
lambdaB min = 0.004177590819662044
----------------------------------
----------------------------------
Iteration = 38
Distance = 0.010477674589941977
v max = -2.0616633042550494
v min = -9.27243306125895
d max = 0.07611111111111112
d min = 0.07611111111111112
dF max = 0.07611111111111112
dB max = 0.07611111111111112
hk max = 0.038008944949922595
hk min = 0.020337457753009804
hz max = 0.060729692554019395
hz min = 0.020567221651944856
lambdaF max = Inf
lambdaF min = 0.004177590819662044
lambdaB max = Inf
lambdaB min = 0.004177590819662044
----------------------------------
----------------------------------
Iteration = 39
Distance = 0.009520136849953786
v max = -2.071096030802522
v min = -9.281934377120216
d max = 0.07611111111111112
d min = 0.07611111111111112
dF max = 0.07611111111111112
dB max = 0.07611111111111112
hk max = 0.03801045457575808
hk min = 0.020336947354335562
hz max = 0.06073312352182732
hz min = 0.020566061654957946
lambdaF max = Inf
lambdaF min = 0.004177590819662044
lambdaB max = Inf
lambdaB min = 0.004177590819662044
----------------------------------
----------------------------------
Iteration = 40
Distance = 0.008694011421805925
v max = -2.0796101799397055
v min = -9.29057038465095
d max = 0.07611111111111112
d min = 0.07611111111111112
dF max = 0.07611111111111112
dB max = 0.07611111111111112
hk max = 0.03800982622165895
hk min = 0.0203364391819864
hz max = 0.060731695444329284
hz min = 0.020564906717800757
lambdaF max = Inf
lambdaF min = 0.004177590819662044
lambdaB max = Inf
lambdaB min = 0.004177590819662044
----------------------------------
----------------------------------
Iteration = 41
Distance = 0.007927286321637972
v max = -2.087350222271649
v min = -9.298419830087793
d max = 0.07611111111111112
d min = 0.07611111111111112
dF max = 0.07611111111111112
dB max = 0.07611111111111112
hk max = 0.03800718793801847
hk min = 0.020336226542232307
hz max = 0.060725699345146385
hz min = 0.020564423445632366
lambdaF max = Inf
lambdaF min = 0.004177590819662044
lambdaB max = Inf
lambdaB min = 0.004177590819662044
----------------------------------
----------------------------------
Iteration = 42
Distance = 0.007214003974798988
v max = -2.0944370001391857
v min = -9.30555424125597
d max = 0.07611111111111112
d min = 0.07611111111111112
dF max = 0.07611111111111112
dB max = 0.07611111111111112
hk max = 0.03800710658000471
hk min = 0.020336378993012997
hz max = 0.06072551444056966
hz min = 0.02056476992467939
lambdaF max = Inf
lambdaF min = 0.004177590819662044
lambdaB max = Inf
lambdaB min = 0.004177590819662044
----------------------------------
----------------------------------
Iteration = 43
Distance = 0.006559175006568996
v max = -2.1009434718867723
v min = -9.312038800194605
d max = 0.07611111111111112
d min = 0.07611111111111112
dF max = 0.07611111111111112
dB max = 0.07611111111111112
hk max = 0.03800715382524238
hk min = 0.020336747164201762
hz max = 0.06072562181610982
hz min = 0.020565606677381127
lambdaF max = Inf
lambdaF min = 0.004177590819662044
lambdaB max = Inf
lambdaB min = 0.004177590819662044
----------------------------------
----------------------------------
Iteration = 44
Distance = 0.005961183600005082
v max = -2.106898352022047
v min = -9.317932953166972
d max = 0.07611111111111112
d min = 0.07611111111111112
dF max = 0.07611111111111112
dB max = 0.07611111111111112
hk max = 0.038007198134207394
hk min = 0.020337088825920238
hz max = 0.06072572251830303
hz min = 0.02056638318128676
lambdaF max = Inf
lambdaF min = 0.004177590819662044
lambdaB max = Inf
lambdaB min = 0.004177590819662044
----------------------------------
----------------------------------
Iteration = 45
Distance = 0.005412164983969792
v max = -2.1123105170060166
v min = -9.323290811845162
d max = 0.07611111111111112
d min = 0.07611111111111112
dF max = 0.07611111111111112
dB max = 0.07611111111111112
hk max = 0.0380075680889455
hk min = 0.020337221653109097
hz max = 0.060726563324525994
hz min = 0.02056668506126143
lambdaF max = Inf
lambdaF min = 0.004177590819662044
lambdaB max = Inf
lambdaB min = 0.004177590819662044
----------------------------------
----------------------------------
Iteration = 46
Distance = 0.004886456070333001
v max = -2.1171969730763496
v min = -9.328161471291478
d max = 0.07611111111111112
d min = 0.07611111111111112
dF max = 0.07611111111111112
dB max = 0.07611111111111112
hk max = 0.03800825450760385
hk min = 0.020337113423891676
hz max = 0.06072812336693135
hz min = 0.020566439085767295
lambdaF max = Inf
lambdaF min = 0.004177590819662044
lambdaB max = Inf
lambdaB min = 0.004177590819662044
----------------------------------
----------------------------------
Iteration = 47
Distance = 0.004445669024120136
v max = -2.121598412735203
v min = -9.332589362212401
d max = 0.07611111111111112
d min = 0.07611111111111112
dF max = 0.07611111111111112
dB max = 0.07611111111111112
hk max = 0.03800854973461143
hk min = 0.0203368720285053
hz max = 0.060728794337403115
hz min = 0.02056589045988917
lambdaF max = Inf
lambdaF min = 0.004177590819662044
lambdaB max = Inf
lambdaB min = 0.004177590819662044
----------------------------------
----------------------------------
Iteration = 48
Distance = 0.004058111925049346
v max = -2.12557619604247
v min = -9.336614686129405
d max = 0.07611111111111112
d min = 0.07611111111111112
dF max = 0.07611111111111112
dB max = 0.07611111111111112
hk max = 0.03800795557171219
hk min = 0.02033665906658717
hz max = 0.06072744396717755
hz min = 0.020565406455529782
lambdaF max = Inf
lambdaF min = 0.004177590819662044
lambdaB max = Inf
lambdaB min = 0.004177590819662044
----------------------------------
----------------------------------
Iteration = 49
Distance = 0.0036977636001607195
v max = -2.129196135961339
v min = -9.34027390223708
d max = 0.07611111111111112
d min = 0.07611111111111112
dF max = 0.07611111111111112
dB max = 0.07611111111111112
hk max = 0.0380072744556082
hk min = 0.020336589287957348
hz max = 0.06072589597603211
hz min = 0.020565247867734733
lambdaF max = Inf
lambdaF min = 0.004177590819662044
lambdaB max = Inf
lambdaB min = 0.004177590819662044
----------------------------------
----------------------------------
Iteration = 50
Distance = 0.0033641406265836338
v max = -2.132510882083642
v min = -9.343600190011976
d max = 0.07611111111111112
d min = 0.07611111111111112
dF max = 0.07611111111111112
dB max = 0.07611111111111112
hk max = 0.03800727881120172
hk min = 0.020336675259896797
hz max = 0.06072590587510831
hz min = 0.020565443258506205
lambdaF max = Inf
lambdaF min = 0.004177590819662044
lambdaB max = Inf
lambdaB min = 0.004177590819662044
----------------------------------
----------------------------------
Iteration = 51
Distance = 0.0030584299114404523
v max = -2.13555121330836
v min = -9.346623819993667
d max = 0.07611111111111112
d min = 0.07611111111111112
dF max = 0.07611111111111112
dB max = 0.07611111111111112
hk max = 0.038007284066743974
hk min = 0.020336839913635642
hz max = 0.060725917819522524
hz min = 0.02056581747154904
lambdaF max = Inf
lambdaF min = 0.004177590819662044
lambdaB max = Inf
lambdaB min = 0.004177590819662044
----------------------------------
----------------------------------
Iteration = 52
Distance = 0.0027795239258350257
v max = -2.1383295519748335
v min = -9.349372411683488
d max = 0.07611111111111112
d min = 0.07611111111111112
dF max = 0.07611111111111112
dB max = 0.07611111111111112
hk max = 0.03800730137189067
hk min = 0.020336976753661973
hz max = 0.06072595714940138
hz min = 0.020566128471608873
lambdaF max = Inf
lambdaF min = 0.004177590819662044
lambdaB max = Inf
lambdaB min = 0.004177590819662044
----------------------------------
----------------------------------
Iteration = 53
Distance = 0.002522003352159352
v max = -2.140851555326993
v min = -9.35187110880461
d max = 0.07611111111111112
d min = 0.07611111111111112
dF max = 0.07611111111111112
dB max = 0.07611111111111112
hk max = 0.03800747715626353
hk min = 0.020337014884179737
hz max = 0.06072635665933968
hz min = 0.020566215131876522
lambdaF max = Inf
lambdaF min = 0.004177590819662044
lambdaB max = Inf
lambdaB min = 0.004177590819662044
----------------------------------
----------------------------------
Iteration = 54
Distance = 0.002276376238497857
v max = -2.1431279315654908
v min = -9.3541427284082
d max = 0.07611111111111112
d min = 0.07611111111111112
dF max = 0.07611111111111112
dB max = 0.07611111111111112
hk max = 0.038007707658629805
hk min = 0.020336951858466915
hz max = 0.06072688052835396
hz min = 0.02056607189162011
lambdaF max = Inf
lambdaF min = 0.004177590819662044
lambdaB max = Inf
lambdaB min = 0.004177590819662044
----------------------------------
----------------------------------
Iteration = 55
Distance = 0.0020749170747622614
v max = -2.145179965362755
v min = -9.35620793136061
d max = 0.07611111111111112
d min = 0.07611111111111112
dF max = 0.07611111111111112
dB max = 0.07611111111111112
hk max = 0.0380077009199436
hk min = 0.02033684218582793
hz max = 0.06072686521315804
hz min = 0.02056582263562242
lambdaF max = Inf
lambdaF min = 0.004177590819662044
lambdaB max = Inf
lambdaB min = 0.004177590819662044
----------------------------------
----------------------------------
Iteration = 56
Distance = 0.0018932187852556126
v max = -2.1470369536537235
v min = -9.358085429157255
d max = 0.07611111111111112
d min = 0.07611111111111112
dF max = 0.07611111111111112
dB max = 0.07611111111111112
hk max = 0.03800739185592629
hk min = 0.02033675614512235
hz max = 0.06072616279493689
hz min = 0.020565627088564277
lambdaF max = Inf
lambdaF min = 0.004177590819662044
lambdaB max = Inf
lambdaB min = 0.004177590819662044
----------------------------------
----------------------------------
Iteration = 57
Distance = 0.0017242195316393705
v max = -2.1487286123725027
v min = -9.359792208358753
d max = 0.07611111111111112
d min = 0.07611111111111112
dF max = 0.07611111111111112
dB max = 0.07611111111111112
hk max = 0.038007297527978656
hk min = 0.020336737481807983
hz max = 0.060725948413237724
hz min = 0.020565584671940716
lambdaF max = Inf
lambdaF min = 0.004177590819662044
lambdaB max = Inf
lambdaB min = 0.004177590819662044
----------------------------------
----------------------------------
Iteration = 58
Distance = 0.001568339909500338
v max = -2.1502777512274402
v min = -9.36134373810056
d max = 0.07611111111111112
d min = 0.07611111111111112
dF max = 0.07611111111111112
dB max = 0.07611111111111112
hk max = 0.03800729751392913
hk min = 0.020336783957385248
hz max = 0.06072594838130697
hz min = 0.020565690298252684
lambdaF max = Inf
lambdaF min = 0.004177590819662044
lambdaB max = Inf
lambdaB min = 0.004177590819662044
----------------------------------
----------------------------------
Iteration = 59
Distance = 0.0014257094201877152
v max = -2.1516973474123184
v min = -9.362754133464376
d max = 0.07611111111111112
d min = 0.07611111111111112
dF max = 0.07611111111111112
dB max = 0.07611111111111112
hk max = 0.03800729840759478
hk min = 0.020336857333407364
hz max = 0.06072595041236527
hz min = 0.020565857061939308
lambdaF max = Inf
lambdaF min = 0.004177590819662044
lambdaB max = Inf
lambdaB min = 0.004177590819662044
----------------------------------
----------------------------------
Iteration = 60
Distance = 0.0012956799972592137
v max = -2.1529928931927
v min = -9.364036269466778
d max = 0.07611111111111112
d min = 0.07611111111111112
dF max = 0.07611111111111112
dB max = 0.07611111111111112
hk max = 0.038007310401301654
hk min = 0.020336911567427614
hz max = 0.06072597767078998
hz min = 0.020565980321076243
lambdaF max = Inf
lambdaF min = 0.004177590819662044
lambdaB max = Inf
lambdaB min = 0.004177590819662044
----------------------------------
----------------------------------
Iteration = 61
Distance = 0.001174883797408377
v max = -2.1541677769901084
v min = -9.365201861904955
d max = 0.07611111111111112
d min = 0.07611111111111112
dF max = 0.07611111111111112
dB max = 0.07611111111111112
hk max = 0.03800738586069727
hk min = 0.02033692000244962
hz max = 0.06072614916941636
hz min = 0.020565999491580802
lambdaF max = Inf
lambdaF min = 0.004177590819662044
lambdaB max = Inf
lambdaB min = 0.004177590819662044
----------------------------------
----------------------------------
Iteration = 62
Distance = 0.0010614748246728922
v max = -2.155228184904746
v min = -9.366261540301984
d max = 0.07611111111111112
d min = 0.07611111111111112
dF max = 0.07611111111111112
dB max = 0.07611111111111112
hk max = 0.03800744727360714
hk min = 0.02033688659574251
hz max = 0.06072628874421152
hz min = 0.02056592356724646
lambdaF max = Inf
lambdaF min = 0.004177590819662044
lambdaB max = Inf
lambdaB min = 0.004177590819662044
----------------------------------
----------------------------------
Iteration = 63
Distance = 0.0009682515421980398
v max = -2.156184932738115
v min = -9.367224931976136
d max = 0.07611111111111112
d min = 0.07611111111111112
dF max = 0.07611111111111112
dB max = 0.07611111111111112
hk max = 0.038007403019948746
hk min = 0.020336837937945634
hz max = 0.06072618816771519
hz min = 0.020565812981344474
lambdaF max = Inf
lambdaF min = 0.004177590819662044
lambdaB max = Inf
lambdaB min = 0.004177590819662044
----------------------------------
----------------------------------
Iteration = 64
Distance = 0.0008830659566072541
v max = -2.157051834980497
v min = -9.368100761125893
d max = 0.07611111111111112
d min = 0.07611111111111112
dF max = 0.07611111111111112
dB max = 0.07611111111111112
hk max = 0.03800730077838117
hk min = 0.020336804120353987
hz max = 0.060725955800516165
hz min = 0.020565736123181636
lambdaF max = Inf
lambdaF min = 0.004177590819662044
lambdaB max = Inf
lambdaB min = 0.004177590819662044
----------------------------------
----------------------------------
Iteration = 65
Distance = 0.0008039070021865768
v max = -2.15784222456104
v min = -9.368896952867857
d max = 0.07611111111111112
d min = 0.07611111111111112
dF max = 0.07611111111111112
dB max = 0.07611111111111112
hk max = 0.03800730024264011
hk min = 0.02033680124743184
hz max = 0.06072595458292284
hz min = 0.02056572959381313
lambdaF max = Inf
lambdaF min = 0.004177590819662044
lambdaB max = Inf
lambdaB min = 0.004177590819662044
----------------------------------
----------------------------------
Iteration = 66
Distance = 0.0007311117770276709
v max = -2.1585659632876877
v min = -9.369620726912999
d max = 0.07611111111111112
d min = 0.07611111111111112
dF max = 0.07611111111111112
dB max = 0.07611111111111112
hk max = 0.03800730010797102
hk min = 0.020336825079467498
hz max = 0.060725954276856724
hz min = 0.02056578375753053
lambdaF max = Inf
lambdaF min = 0.004177590819662044
lambdaB max = Inf
lambdaB min = 0.004177590819662044
----------------------------------
----------------------------------
Iteration = 67
Distance = 0.000664583926252682
v max = -2.1592285607047375
v min = -9.370278670264454
d max = 0.07611111111111112
d min = 0.07611111111111112
dF max = 0.07611111111111112
dB max = 0.07611111111111112
hk max = 0.03800730040894655
hk min = 0.020336857255088527
hz max = 0.06072595496089201
hz min = 0.020565856883941955
lambdaF max = Inf
lambdaF min = 0.004177590819662044
lambdaB max = Inf
lambdaB min = 0.004177590819662044
----------------------------------
----------------------------------
Iteration = 68
Distance = 0.0006039696049500165
v max = -2.1598325301001027
v min = -9.370876788428209
d max = 0.07611111111111112
d min = 0.07611111111111112
dF max = 0.07611111111111112
dB max = 0.07611111111111112
hk max = 0.038007307669664606
hk min = 0.020336878223338118
hz max = 0.06072597146252397
hz min = 0.02056590453905466
lambdaF max = Inf
lambdaF min = 0.004177590819662044
lambdaB max = Inf
lambdaB min = 0.004177590819662044
----------------------------------
----------------------------------
Iteration = 69
Distance = 0.0005473036510088569
v max = -2.1603798337511115
v min = -9.371420543441857
d max = 0.07611111111111112
d min = 0.07611111111111112
dF max = 0.07611111111111112
dB max = 0.07611111111111112
hk max = 0.03800733486308594
hk min = 0.020336878389708823
hz max = 0.06072603326575427
hz min = 0.020565904917169905
lambdaF max = Inf
lambdaF min = 0.004177590819662044
lambdaB max = Inf
lambdaB min = 0.004177590819662044
----------------------------------
----------------------------------
Iteration = 70
Distance = 0.000495351282258305
v max = -2.160873875634169
v min = -9.371914889832178
d max = 0.07611111111111112
d min = 0.07611111111111112
dF max = 0.07611111111111112
dB max = 0.07611111111111112
hk max = 0.03800734501349736
hk min = 0.020336861595197233
hz max = 0.06072605633487113
hz min = 0.020565866747825377
lambdaF max = Inf
lambdaF min = 0.004177590819662044
lambdaB max = Inf
lambdaB min = 0.004177590819662044
----------------------------------
----------------------------------
Iteration = 71
Distance = 0.0004517872506557552
v max = -2.1613200406790964
v min = -9.372364315950406
d max = 0.07611111111111112
d min = 0.07611111111111112
dF max = 0.07611111111111112
dB max = 0.07611111111111112
hk max = 0.038007318108716596
hk min = 0.02033684043294813
hz max = 0.06072599518764212
hz min = 0.02056581865180469
lambdaF max = Inf
lambdaF min = 0.004177590819662044
lambdaB max = Inf
lambdaB min = 0.004177590819662044
----------------------------------
----------------------------------
Iteration = 72
Distance = 0.000411852617445696
v max = -2.161724778172996
v min = -9.37277289124999
d max = 0.07611111111111112
d min = 0.07611111111111112
dF max = 0.07611111111111112
dB max = 0.07611111111111112
hk max = 0.03800730097603086
hk min = 0.020336827556633415
hz max = 0.06072595624972
hz min = 0.02056578938745306
lambdaF max = Inf
lambdaF min = 0.004177590819662044
lambdaB max = Inf
lambdaB min = 0.004177590819662044
----------------------------------
----------------------------------
Iteration = 73
Distance = 0.0003748103382372747
v max = -2.162094039248948
v min = -9.37314431439966
d max = 0.07611111111111112
d min = 0.07611111111111112
dF max = 0.07611111111111112
dB max = 0.07611111111111112
hk max = 0.03800730073671162
hk min = 0.020336828596013483
hz max = 0.060725955705812636
hz min = 0.02056579174968049
lambdaF max = Inf
lambdaF min = 0.004177590819662044
lambdaB max = Inf
lambdaB min = 0.004177590819662044
----------------------------------
----------------------------------
Iteration = 74
Distance = 0.0003408282095409554
v max = -2.1624320844599856
v min = -9.37348195558272
d max = 0.07611111111111112
d min = 0.07611111111111112
dF max = 0.07611111111111112
dB max = 0.07611111111111112
hk max = 0.038007300692580265
hk min = 0.02033684033909454
hz max = 0.06072595560551409
hz min = 0.02056581843850107
lambdaF max = Inf
lambdaF min = 0.004177590819662044
lambdaB max = Inf
lambdaB min = 0.004177590819662044
----------------------------------
----------------------------------
Iteration = 75
Distance = 0.0003098011179973881
v max = -2.1627412762945717
v min = -9.37378888898462
d max = 0.07611111111111112
d min = 0.07611111111111112
dF max = 0.07611111111111112
dB max = 0.07611111111111112
hk max = 0.03800730083487524
hk min = 0.020336854200198033
hz max = 0.06072595592891176
hz min = 0.02056584994100901
lambdaF max = Inf
lambdaF min = 0.004177590819662044
lambdaB max = Inf
lambdaB min = 0.004177590819662044
----------------------------------
----------------------------------
Iteration = 76
Distance = 0.00028152668729175545
v max = -2.1630228029818634
v min = -9.374067916023286
d max = 0.07611111111111112
d min = 0.07611111111111112
dF max = 0.07611111111111112
dB max = 0.07611111111111112
hk max = 0.0380073041054735
hk min = 0.020336862033831723
hz max = 0.06072596336208961
hz min = 0.02056586774472195
lambdaF max = Inf
lambdaF min = 0.004177590819662044
lambdaB max = Inf
lambdaB min = 0.004177590819662044
----------------------------------
----------------------------------
Iteration = 77
Distance = 0.0002549654023229486
v max = -2.1632777683841864
v min = -9.374321583412957
d max = 0.07611111111111112
d min = 0.07611111111111112
dF max = 0.07611111111111112
dB max = 0.07611111111111112
hk max = 0.03800731189243679
hk min = 0.020336860602461204
hz max = 0.060725981059733466
hz min = 0.020565864491607126
lambdaF max = Inf
lambdaF min = 0.004177590819662044
lambdaB max = Inf
lambdaB min = 0.004177590819662044
----------------------------------
----------------------------------
Iteration = 78
Distance = 0.00023115651876537413
v max = -2.1635079837675675
v min = -9.374552200872442
d max = 0.07611111111111112
d min = 0.07611111111111112
dF max = 0.07611111111111112
dB max = 0.07611111111111112
hk max = 0.03800731103145165
hk min = 0.02033685245782486
hz max = 0.06072597910294906
hz min = 0.02056584598106999
lambdaF max = Inf
lambdaF min = 0.004177590819662044
lambdaB max = Inf
lambdaB min = 0.004177590819662044
----------------------------------
----------------------------------
Iteration = 79
Distance = 0.00021079146840374818
v max = -2.1637160879835093
v min = -9.374761861311427
d max = 0.07611111111111112
d min = 0.07611111111111112
dF max = 0.07611111111111112
dB max = 0.07611111111111112
hk max = 0.03800730113837916
hk min = 0.02033684342090128
hz max = 0.06072595661869341
hz min = 0.0205658254426073
lambdaF max = Inf
lambdaF min = 0.004177590819662044
lambdaB max = Inf
lambdaB min = 0.004177590819662044
----------------------------------
----------------------------------
Iteration = 80
Distance = 0.00019207040181523638
v max = -2.1639050673058815
v min = -9.374952463256124
d max = 0.07611111111111112
d min = 0.07611111111111112
dF max = 0.07611111111111112
dB max = 0.07611111111111112
hk max = 0.03800730099459896
hk min = 0.020336838710776246
hz max = 0.06072595629192022
hz min = 0.020565814737777684
lambdaF max = Inf
lambdaF min = 0.004177590819662044
lambdaB max = Inf
lambdaB min = 0.004177590819662044
----------------------------------
----------------------------------
Iteration = 81
Distance = 0.0001747523905262227
v max = -2.1640775672549237
v min = -9.375125733023456
d max = 0.07611111111111112
d min = 0.07611111111111112
dF max = 0.07611111111111112
dB max = 0.07611111111111112
hk max = 0.03800730089869925
hk min = 0.020336840141554898
hz max = 0.06072595607396634
hz min = 0.020565817989547343
lambdaF max = Inf
lambdaF min = 0.004177590819662044
lambdaB max = Inf
lambdaB min = 0.004177590819662044
----------------------------------
----------------------------------
Iteration = 82
Distance = 0.00015889223736076374
v max = -2.1642354298783557
v min = -9.375283243812394
d max = 0.07611111111111112
d min = 0.07611111111111112
dF max = 0.07611111111111112
dB max = 0.07611111111111112
hk max = 0.03800730089285083
hk min = 0.02033684575248918
hz max = 0.06072595606067446
hz min = 0.02056583074167072
lambdaF max = Inf
lambdaF min = 0.004177590819662044
lambdaB max = Inf
lambdaB min = 0.004177590819662044
----------------------------------
----------------------------------
Iteration = 83
Distance = 0.00014442327058450388
v max = -2.1643796810635454
v min = -9.375426430274691
d max = 0.07611111111111112
d min = 0.07611111111111112
dF max = 0.07611111111111112
dB max = 0.07611111111111112
hk max = 0.03800730096363672
hk min = 0.020336851617711954
hz max = 0.0607259562215515
hz min = 0.020565844071722468
lambdaF max = Inf
lambdaF min = 0.004177590819662044
lambdaB max = Inf
lambdaB min = 0.004177590819662044
----------------------------------
----------------------------------
Iteration = 84
Distance = 0.00013121663985193877
v max = -2.1645108977033973
v min = -9.37555659913894
d max = 0.07611111111111112
d min = 0.07611111111111112
dF max = 0.07611111111111112
dB max = 0.07611111111111112
hk max = 0.03800730186812713
hk min = 0.020336854411601782
hz max = 0.06072595827721152
hz min = 0.020565850421472076
lambdaF max = Inf
lambdaF min = 0.004177590819662044
lambdaB max = Inf
lambdaB min = 0.004177590819662044
----------------------------------
----------------------------------
Iteration = 85
Distance = 0.00011878717094004898
v max = -2.1646296848743374
v min = -9.37567493784421
d max = 0.07611111111111112
d min = 0.07611111111111112
dF max = 0.07611111111111112
dB max = 0.07611111111111112
hk max = 0.038007303426639355
hk min = 0.02033685315359899
hz max = 0.060725961819284746
hz min = 0.020565847562374822
lambdaF max = Inf
lambdaF min = 0.004177590819662044
lambdaB max = Inf
lambdaB min = 0.004177590819662044
----------------------------------
----------------------------------
Iteration = 86
Distance = 0.00010786671360296651
v max = -2.16473698208567
v min = -9.375782523232093
d max = 0.07611111111111112
d min = 0.07611111111111112
dF max = 0.07611111111111112
dB max = 0.07611111111111112
hk max = 0.038007302146760465
hk min = 0.020336849312810948
hz max = 0.06072595891046909
hz min = 0.02056583883331109
lambdaF max = Inf
lambdaF min = 0.004177590819662044
lambdaB max = Inf
lambdaB min = 0.004177590819662044
----------------------------------
----------------------------------
Iteration = 87
Distance = 9.834259494923003e-5
v max = -2.164834065673066
v min = -9.375880331335436
d max = 0.07611111111111112
d min = 0.07611111111111112
dF max = 0.07611111111111112
dB max = 0.07611111111111112
hk max = 0.03800730106732693
hk min = 0.020336845523954938
hz max = 0.06072595645721106
hz min = 0.02056583022227471
lambdaF max = Inf
lambdaF min = 0.004177590819662044
lambdaB max = Inf
lambdaB min = 0.004177590819662044
----------------------------------
----------------------------------
Iteration = 88
Distance = 8.956931653791855e-5
v max = -2.1649223088062874
v min = -9.375969247955627
d max = 0.07611111111111112
d min = 0.07611111111111112
dF max = 0.07611111111111112
dB max = 0.07611111111111112
hk max = 0.038007301006121944
hk min = 0.020336843894580993
hz max = 0.060725956318108815
hz min = 0.020565826519152106
lambdaF max = Inf
lambdaF min = 0.004177590819662044
lambdaB max = Inf
lambdaB min = 0.004177590819662044
----------------------------------
----------------------------------
Iteration = 89
Distance = 8.147829699289844e-5
v max = -2.1650028839452613
v min = -9.376050078849975
d max = 0.07611111111111112
d min = 0.07611111111111112
dF max = 0.07611111111111112
dB max = 0.07611111111111112
hk max = 0.038007300969566525
hk min = 0.020336844926915024
hz max = 0.06072595623502832
hz min = 0.020565828865365815
lambdaF max = Inf
lambdaF min = 0.004177590819662044
lambdaB max = Inf
lambdaB min = 0.004177590819662044
----------------------------------
----------------------------------
Iteration = 90
Distance = 7.407762646760574e-5
v max = -2.165076589348765
v min = -9.37612355834757
d max = 0.07611111111111112
d min = 0.07611111111111112
dF max = 0.07611111111111112
dB max = 0.07611111111111112
hk max = 0.038007300973474725
hk min = 0.020336847540788287
hz max = 0.06072595624391059
hz min = 0.020565834805986866
lambdaF max = Inf
lambdaF min = 0.004177590819662044
lambdaB max = Inf
lambdaB min = 0.004177590819662044
----------------------------------
----------------------------------
Iteration = 91
Distance = 6.733060004648905e-5
v max = -2.165143877159296
v min = -9.3761903559102
d max = 0.07611111111111112
d min = 0.07611111111111112
dF max = 0.07611111111111112
dB max = 0.07611111111111112
hk max = 0.03800730100804552
hk min = 0.020336849976465447
hz max = 0.06072595632248059
hz min = 0.02056584034161678
lambdaF max = Inf
lambdaF min = 0.004177590819662044
lambdaB max = Inf
lambdaB min = 0.004177590819662044
----------------------------------
----------------------------------
Iteration = 92
Distance = 6.115575891874059e-5
v max = -2.1652050329182146
v min = -9.376251081027844
d max = 0.07611111111111112
d min = 0.07611111111111112
dF max = 0.07611111111111112
dB max = 0.07611111111111112
hk max = 0.038007301048189154
hk min = 0.0203368509065441
hz max = 0.06072595641371612
hz min = 0.020565842455431894
lambdaF max = Inf
lambdaF min = 0.004177590819662044
lambdaB max = Inf
lambdaB min = 0.004177590819662044
----------------------------------
----------------------------------
Iteration = 93
Distance = 5.534798090867099e-5
v max = -2.1652603808991233
v min = -9.376306287362066
d max = 0.07611111111111112
d min = 0.07611111111111112
dF max = 0.07611111111111112
dB max = 0.07611111111111112
hk max = 0.038007301163273804
hk min = 0.0203368500959304
hz max = 0.060725956675272134
hz min = 0.02056584061312803
lambdaF max = Inf
lambdaF min = 0.004177590819662044
lambdaB max = Inf
lambdaB min = 0.004177590819662044
----------------------------------
----------------------------------
Iteration = 94
Distance = 5.033323298508918e-5
v max = -2.1653103986666884
v min = -9.376356476994943
d max = 0.07611111111111112
d min = 0.07611111111111112
dF max = 0.07611111111111112
dB max = 0.07611111111111112
hk max = 0.038007301065752924
hk min = 0.020336848326747335
hz max = 0.06072595645363377
hz min = 0.020565836592257424
lambdaF max = Inf
lambdaF min = 0.004177590819662044
lambdaB max = Inf
lambdaB min = 0.004177590819662044
----------------------------------
----------------------------------
Iteration = 95
Distance = 4.5877690455498055e-5
v max = -2.165355696757862
v min = -9.37640210514461
d max = 0.07611111111111112
d min = 0.07611111111111112
dF max = 0.07611111111111112
dB max = 0.07611111111111112
hk max = 0.03800730104186169
hk min = 0.020336846768897732
hz max = 0.060725956399335514
hz min = 0.020565833051690147
lambdaF max = Inf
lambdaF min = 0.004177590819662044
lambdaB max = Inf
lambdaB min = 0.004177590819662044
----------------------------------
----------------------------------
Iteration = 96
Distance = 4.176893093355005e-5
v max = -2.1653969028454445
v min = -9.376443585128902
d max = 0.07611111111111112
d min = 0.07611111111111112
dF max = 0.07611111111111112
dB max = 0.07611111111111112
hk max = 0.03800730101574909
hk min = 0.020336846253012086
hz max = 0.0607259563399887
hz min = 0.02056583187922277
lambdaF max = Inf
lambdaF min = 0.004177590819662044
lambdaB max = Inf
lambdaB min = 0.004177590819662044
----------------------------------
----------------------------------
Iteration = 97
Distance = 3.7990084660322054e-5
v max = -2.1654345354555606
v min = -9.376481293033631
d max = 0.07611111111111112
d min = 0.07611111111111112
dF max = 0.07611111111111112
dB max = 0.07611111111111112
hk max = 0.038007301002437544
hk min = 0.020336846870353163
hz max = 0.06072595630973519
hz min = 0.020565833282270678
lambdaF max = Inf
lambdaF min = 0.004177590819662044
lambdaB max = Inf
lambdaB min = 0.004177590819662044
----------------------------------
----------------------------------
Iteration = 98
Distance = 3.4537266724754545e-5
v max = -2.1654689418564654
v min = -9.376515571602685
d max = 0.07611111111111112
d min = 0.07611111111111112
dF max = 0.07611111111111112
dB max = 0.07611111111111112
hk max = 0.03800730100694687
hk min = 0.020336848061679402
hz max = 0.060725956319983634
hz min = 0.020565835989830313
lambdaF max = Inf
lambdaF min = 0.004177590819662044
lambdaB max = Inf
lambdaB min = 0.004177590819662044
----------------------------------
----------------------------------
Iteration = 99
Distance = 3.139119744055563e-5
v max = -2.1655003245744
v min = -9.376546733205194
d max = 0.07611111111111112
d min = 0.07611111111111112
dF max = 0.07611111111111112
dB max = 0.07611111111111112
hk max = 0.038007301023393475
hk min = 0.020336849052706406
hz max = 0.06072595635736229
hz min = 0.02056583824216441
lambdaF max = Inf
lambdaF min = 0.004177590819662044
lambdaB max = Inf
lambdaB min = 0.004177590819662044
----------------------------------
----------------------------------
Iteration = 100
Distance = 2.850209765403733e-5
v max = -2.165528826672054
v min = -9.37657506210709
d max = 0.07611111111111112
d min = 0.07611111111111112
dF max = 0.07611111111111112
dB max = 0.07611111111111112
hk max = 0.03800730104033022
hk min = 0.02033684932751246
hz max = 0.06072595639585491
hz min = 0.020565838866723623
lambdaF max = Inf
lambdaF min = 0.004177590819662044
lambdaB max = Inf
lambdaB min = 0.004177590819662044
----------------------------------
----------------------------------
Iteration = 101
Distance = 2.5791907075856102e-5
v max = -2.16555461857913
v min = -9.376600816464416
d max = 0.07611111111111112
d min = 0.07611111111111112
dF max = 0.07611111111111112
dB max = 0.07611111111111112
hk max = 0.0380073010482021
hk min = 0.020336848867932217
hz max = 0.06072595641374555
hz min = 0.020565837822223074
lambdaF max = Inf
lambdaF min = 0.004177590819662044
lambdaB max = Inf
lambdaB min = 0.004177590819662044
----------------------------------
----------------------------------
Iteration = 102
Distance = 2.348578065003437e-5
v max = -2.16557793907307
v min = -9.37662423039113
d max = 0.07611111111111112
d min = 0.07611111111111112
dF max = 0.07611111111111112
dB max = 0.07611111111111112
hk max = 0.03800730104432535
hk min = 0.02033684806966226
hz max = 0.06072595640493474
hz min = 0.020565836007973168
lambdaF max = Inf
lambdaF min = 0.004177590819662044
lambdaB max = Inf
lambdaB min = 0.004177590819662044
----------------------------------
----------------------------------
Iteration = 103
Distance = 2.1401031674805893e-5
v max = -2.1655990774621694
v min = -9.376645516217154
d max = 0.07611111111111112
d min = 0.07611111111111112
dF max = 0.07611111111111112
dB max = 0.07611111111111112
hk max = 0.038007301033090905
hk min = 0.02033684744282073
hz max = 0.06072595637940191
hz min = 0.020565834583333328
lambdaF max = Inf
lambdaF min = 0.004177590819662044
lambdaB max = Inf
lambdaB min = 0.004177590819662044
----------------------------------
----------------------------------
Iteration = 104
Distance = 1.9478093431501975e-5
v max = -2.1656183192138734
v min = -9.376664866807383
d max = 0.07611111111111112
d min = 0.07611111111111112
dF max = 0.07611111111111112
dB max = 0.07611111111111112
hk max = 0.03800730102216719
hk min = 0.02033684730530696
hz max = 0.06072595635457528
hz min = 0.020565834270802028
lambdaF max = Inf
lambdaF min = 0.004177590819662044
lambdaB max = Inf
lambdaB min = 0.004177590819662044
----------------------------------
----------------------------------
Iteration = 105
Distance = 1.7713666403018635e-5
v max = -2.1656358933864372
v min = -9.376682457696546
d max = 0.07611111111111112
d min = 0.07611111111111112
dF max = 0.07611111111111112
dB max = 0.07611111111111112
hk max = 0.03800730101760054
hk min = 0.020336847641429436
hz max = 0.06072595634419653
hz min = 0.020565835034716748
lambdaF max = Inf
lambdaF min = 0.004177590819662044
lambdaB max = Inf
lambdaB min = 0.004177590819662044
----------------------------------
----------------------------------
Iteration = 106
Distance = 1.6102945477936004e-5
v max = -2.1656519518661086
v min = -9.376698448847492
d max = 0.07611111111111112
d min = 0.07611111111111112
dF max = 0.07611111111111112
dB max = 0.07611111111111112
hk max = 0.03800730102074115
hk min = 0.020336848173815328
hz max = 0.06072595635133429
hz min = 0.02056583624468469
lambdaF max = Inf
lambdaF min = 0.004177590819662044
lambdaB max = Inf
lambdaB min = 0.004177590819662044
----------------------------------
----------------------------------
Iteration = 107
Distance = 1.463599625406431e-5
v max = -2.16566658687587
v min = -9.376712985999433
d max = 0.07611111111111112
d min = 0.07611111111111112
dF max = 0.07611111111111112
dB max = 0.07611111111111112
hk max = 0.03800730102837813
hk min = 0.020336848567830162
hz max = 0.06072595636869107
hz min = 0.02056583714017295
lambdaF max = Inf
lambdaF min = 0.004177590819662044
lambdaB max = Inf
lambdaB min = 0.004177590819662044
----------------------------------
----------------------------------
Iteration = 108
Distance = 1.3283658014007216e-5
v max = -2.165679870533884
v min = -9.376726201728413
d max = 0.07611111111111112
d min = 0.07611111111111112
dF max = 0.07611111111111112
dB max = 0.07611111111111112
hk max = 0.038007301035393654
hk min = 0.020336848629465644
hz max = 0.060725956384635425
hz min = 0.02056583728025358
lambdaF max = Inf
lambdaF min = 0.004177590819662044
lambdaB max = Inf
lambdaB min = 0.004177590819662044
----------------------------------
----------------------------------
Iteration = 109
Distance = 1.20278611968061e-5
v max = -2.1656918909112943
v min = -9.376738216407375
d max = 0.07611111111111112
d min = 0.07611111111111112
dF max = 0.07611111111111112
dB max = 0.07611111111111112
hk max = 0.03800730103798308
hk min = 0.020336848387109363
hz max = 0.0607259563905205
hz min = 0.02056583672944386
lambdaF max = Inf
lambdaF min = 0.004177590819662044
lambdaB max = Inf
lambdaB min = 0.004177590819662044
----------------------------------
----------------------------------
Iteration = 110
Distance = 1.095818232776935e-5
v max = -2.165702765761672
v min = -9.376749139207934
d max = 0.07611111111111112
d min = 0.07611111111111112
dF max = 0.07611111111111112
dB max = 0.07611111111111112
hk max = 0.03800730103553607
hk min = 0.020336848033687155
hz max = 0.060725956384959104
hz min = 0.020565835926211563
lambdaF max = Inf
lambdaF min = 0.004177590819662044
lambdaB max = Inf
lambdaB min = 0.004177590819662044
----------------------------------
----------------------------------
Iteration = 111
Distance = 9.9825943777887e-6
v max = -2.1657126310702037
v min = -9.37675906917573
d max = 0.07611111111111112
d min = 0.07611111111111112
dF max = 0.07611111111111112
dB max = 0.07611111111111112
hk max = 0.03800730103037385
hk min = 0.020336847787689946
hz max = 0.06072595637322678
hz min = 0.020565835367127
lambdaF max = Inf
lambdaF min = 0.004177590819662044
lambdaB max = Inf
lambdaB min = 0.004177590819662044
----------------------------------
    Value Function Converged, Iteration = 111 with gamma=9.0 with rho=1.0 and v=-4.272873181008743
    Natural boundary condition
=============================================================
Convegence time (minutes): 0.11182019178333333
Current Time = 22:23:33
grid points for z:  401
grid size for z:  0.025
-0.47101716984952857
-0.6814165964675115
--- 8.20473599433899 seconds for the elasticity computation ---
-0.039546316612892804
-0.19833895408285818
--- 0.06399822235107422 seconds for the elasticity computation ---
-0.23790170719671894
-0.48307764238465334
--- 0.0641021728515625 seconds for the elasticity computation ---
-0.5403964379321975
-0.6870605365805885
--- 0.06369709968566895 seconds for the elasticity computation ---
Current Time = 22:23:44
grid points for z:  401
grid size for z:  0.025
rho = 1
0.05937926808266887
--- 8.192874431610107 seconds for the elasticity computation ---
0.0
--- 0.06678533554077148 seconds for the elasticity computation ---
0.05937926808266887
--- 0.06619048118591309 seconds for the elasticity computation ---
0.0
--- 0.0661475658416748 seconds for the elasticity computation ---
0.0
--- 0.06610655784606934 seconds for the elasticity computation ---
0.05937926808266887
0.005643940113077034
--- 0.06857895851135254 seconds for the elasticity computation ---
0.05937926808266887
0.005643940113077034
--- 0.06749129295349121 seconds for the elasticity computation ---
0.05937926808266887
0.005643940113077034
--- 0.06667184829711914 seconds for the elasticity computation ---
0.05937926808266887
0.005643940113077034
--- 0.0665593147277832 seconds for the elasticity computation ---
parsed_args = parse_commandline() = Dict{String, Any}("dataname" => "lower_triangular_two_ambiguous_parameters", "clowerlim" => 0.0001, "delta" => 0.01, "boundary" => 0, "Delta" => 10.0, "q" => 0.1, "zmax" => 5.0, "logadjustment" => 1, "zscale" => 2.0, "foc" => 1, "distorted" => 0, "rho" => 1.0, "gamma" => 9.0)
=============================================================
./output/lower_triangular_two_ambiguous_parameters/Delta_10.0_distorted_0/logadjustment_1_boundary_0/zmax_5.0_zscale_2.0/delta_0.01/q_0.1_gamma_9.0_rho_1.0/
=============================================================
solve for structured linear system 
structured_relative_entropy = 0.10248410388928111
=============================================================
solve for unstructured linear system 
q_update = 0.573112339076688
=============================================================
parsed_args = parse_commandline() = Dict{String, Any}("dataname" => "lower_triangular_two_ambiguous_parameters", "clowerlim" => 0.0001, "delta" => 0.01, "boundary" => 0, "Delta" => 10.0, "q" => 0.1, "zmax" => 5.0, "logadjustment" => 1, "zscale" => 2.0, "foc" => 1, "distorted" => 0, "rho" => 1.0, "gamma" => 9.0)
=============================================================
./output/lower_triangular_two_ambiguous_parameters/Delta_10.0_distorted_0/logadjustment_1_boundary_0/zmax_5.0_zscale_2.0/delta_0.01/q_0.1_gamma_9.0_rho_1.0/
=============================================================
solve for structured linear system 
structured_relative_entropy = 0.10248410388928111
=============================================================
solve for unstructured linear system 
q_update = 0.573112339076688
=============================================================
Program ends Fri Jan 19 22:24:23 CST 2024
Elapsed time: 0 days 00 hr 01 min 15 sec
