D_10.0_distorted_0_boundary_0_delta_0.01_gamma_8.0_q_0.05_rho_1.0_upper_triangular_four_ambiguous_parameters
Program starts Fri Jan 19 15:59:18 CST 2024
parsed_args = parse_commandline() = Dict{String, Any}("dataname" => "upper_triangular_four_ambiguous_parameters", "clowerlim" => 0.0001, "delta" => 0.01, "boundary" => 0, "Delta" => 10.0, "q" => 0.05, "zmax" => 5.0, "logadjustment" => 1, "zscale" => 2.0, "foc" => 1, "distorted" => 0, "rho" => 1.0, "gamma" => 8.0)
=============================================================
logadjustment: true
reflective_boundary: false
0.0922
U: [1.0331966455186503 0.4546065240282061; 0.0 0.06463435618925897]
L: [1.0331966455186503 0.0; 0.4546065240282061 0.06463435618925897]
[-2.220446049250313e-16 0.0; 0.0 0.0]
sigma_k: [0.010331966455186503, 0.004546065240282061]
sigma_z: [0.0, 0.06463435618925897]
Compute value function WITH ROBUSTNESS
computing undistorted version...
zmax = 5.0, zmin = -5.0, zlength = 401
natural boundary condition
----------------------------------
Iteration = 1
Distance = 1.2263006636629776
v max = -0.8166621094461026
v min = -3.2263006636629776
d max = 0.07611111111111112
d min = 0.07611111111111112
dF max = 0.07611111111111112
dB max = 0.07611111111111112
hk max = 0.010331966455186503
hk min = 0.010331966455186503
hz max = 0.004546065240282061
hz min = 0.004546065240282061
lambdaF max = 0.3192694661254032
lambdaF min = 0.01225494967187982
lambdaB max = 0.3192694661254032
lambdaB min = 0.01225494967187982
----------------------------------
----------------------------------
Iteration = 2
Distance = 0.8855587157562543
v max = -0.2740725226669734
v min = -4.111859379419232
d max = 0.07611111111111112
d min = 0.07611111111111112
dF max = 0.07611111111111112
dB max = 0.07611111111111112
hk max = 0.010331966455186503
hk min = 0.010331966455186503
hz max = 0.020120608900348103
hz min = 0.020120608900341213
lambdaF max = 0.6397427191312295
lambdaF min = 0.01225494967187982
lambdaB max = 0.6397427191312006
lambdaB min = 0.01225494967187982
----------------------------------
----------------------------------
Iteration = 3
Distance = 0.6043915958645281
v max = -0.0017650872760133394
v min = -4.71625097528376
d max = 0.07611111111111112
d min = 0.07611111111111112
dF max = 0.07611111111111112
dB max = 0.07611111111111112
hk max = 0.010331966455186503
hk min = 0.010331966455186503
hz max = 0.031149107663196864
hz min = 0.027553599352922356
lambdaF max = 0.8782713885513045
lambdaF min = 0.01225494967187982
lambdaB max = 0.8819576963389154
lambdaB min = 0.01225494967187982
----------------------------------
----------------------------------
Iteration = 4
Distance = 0.42503085240176386
v max = 0.1203891451959412
v min = -5.141281827685524
d max = 0.07611111111111112
d min = 0.07611111111111112
dF max = 0.07611111111111112
dB max = 0.07611111111111112
hk max = 0.010331966455186503
hk min = 0.010331966455186503
hz max = 0.038341237983941186
hz min = 0.031613923976792566
lambdaF max = 1.0359383260726893
lambdaF min = 0.01225494967187982
lambdaB max = 1.0425440414843794
lambdaB min = 0.01225494967187982
----------------------------------
----------------------------------
Iteration = 5
Distance = 0.3081061989249223
v max = 0.16172266930758233
v min = -5.449388026610446
d max = 0.07611111111111112
d min = 0.07611111111111112
dF max = 0.07611111111111112
dB max = 0.07611111111111112
hk max = 0.010331966455186503
hk min = 0.010331966455186503
hz max = 0.0430587381095831
hz min = 0.03381021234137214
lambdaF max = 1.1415972523758227
lambdaF min = 0.01225494967187982
lambdaB max = 1.1504148571936696
lambdaB min = 0.01225494967187982
----------------------------------
----------------------------------
Iteration = 6
Distance = 0.22959942285116242
v max = 0.15994885791302152
v min = -5.678987449461609
d max = 0.07611111111111112
d min = 0.07611111111111112
dF max = 0.07611111111111112
dB max = 0.07611111111111112
hk max = 0.010331966455186503
hk min = 0.010331966455186503
hz max = 0.04617188858360244
hz min = 0.035010297515579686
lambdaF max = 1.2139541149273627
lambdaF min = 0.01225494967187982
lambdaB max = 1.224194956822075
lambdaB min = 0.01225494967187982
----------------------------------
----------------------------------
Iteration = 7
Distance = 0.17578297096267992
v max = 0.13508802845377021
v min = -5.8547704204242885
d max = 0.07611111111111112
d min = 0.07611111111111112
dF max = 0.07611111111111112
dB max = 0.07611111111111112
hk max = 0.010331966455186503
hk min = 0.010331966455186503
hz max = 0.04823101111491343
hz min = 0.03568867997368141
lambdaF max = 1.2644007351267186
lambdaF min = 0.01225494967187982
lambdaB max = 1.275067141591979
lambdaB min = 0.01225494967187982
----------------------------------
----------------------------------
Iteration = 8
Distance = 0.1381762848557484
v max = 0.09788533763031525
v min = -5.992946705280037
d max = 0.07611111111111112
d min = 0.07611111111111112
dF max = 0.07611111111111112
dB max = 0.07611111111111112
hk max = 0.010331966455186503
hk min = 0.010331966455186503
hz max = 0.04959447768180947
hz min = 0.03609455038083434
lambdaF max = 1.299128907392985
lambdaF min = 0.01225494967187982
lambdaB max = 1.310217290446306
lambdaB min = 0.01225494967187982
----------------------------------
----------------------------------
Iteration = 9
Distance = 0.11136353030722379
v max = 0.054378320515058386
v min = -6.104310235587261
d max = 0.07611111111111112
d min = 0.07611111111111112
dF max = 0.07611111111111112
dB max = 0.07611111111111112
hk max = 0.010331966455186503
hk min = 0.010331966455186503
hz max = 0.05049790795501034
hz min = 0.03635359985757685
lambdaF max = 1.3228437562952435
lambdaF min = 0.01225494967187982
lambdaB max = 1.334246053720057
lambdaB min = 0.01225494967187982
----------------------------------
----------------------------------
Iteration = 10
Distance = 0.09182510374544162
v max = 0.008181567427989296
v min = -6.196135339332702
d max = 0.07611111111111112
d min = 0.07611111111111112
dF max = 0.07611111111111112
dB max = 0.07611111111111112
hk max = 0.010331966455186503
hk min = 0.010331966455186503
hz max = 0.051096796292996134
hz min = 0.036527581073081794
lambdaF max = 1.338867114750043
lambdaF min = 0.01225494967187982
lambdaB max = 1.350449215019481
lambdaB min = 0.01225494967187982
----------------------------------
----------------------------------
Iteration = 11
Distance = 0.07724784172443311
v max = -0.03843373208303371
v min = -6.273383181057135
d max = 0.07611111111111112
d min = 0.07611111111111112
dF max = 0.07611111111111112
dB max = 0.07611111111111112
hk max = 0.010331966455186503
hk min = 0.010331966455186503
hz max = 0.05149394423998453
hz min = 0.03664766851282421
lambdaF max = 1.3495902985752426
lambdaF min = 0.01225494967187982
lambdaB max = 1.3612773831457015
lambdaB min = 0.01225494967187982
----------------------------------
----------------------------------
Iteration = 12
Distance = 0.06609859792487782
v max = -0.08402093805935856
v min = -6.339481778982013
d max = 0.07611111111111112
d min = 0.07611111111111112
dF max = 0.07611111111111112
dB max = 0.07611111111111112
hk max = 0.010331966455186503
hk min = 0.010331966455186503
hz max = 0.05175738681219127
hz min = 0.036731247696342395
lambdaF max = 1.356720450143366
lambdaF min = 0.01225494967187982
lambdaB max = 1.3684719592783405
lambdaB min = 0.01225494967187982
----------------------------------
----------------------------------
Iteration = 13
Distance = 0.057353766210155754
v max = -0.12767907031404563
v min = -6.396835545192169
d max = 0.07611111111111112
d min = 0.07611111111111112
dF max = 0.07611111111111112
dB max = 0.07611111111111112
hk max = 0.010331966455186503
hk min = 0.010331966455186503
hz max = 0.05193218107672096
hz min = 0.03678926619715573
lambdaF max = 1.3614481711923183
lambdaF min = 0.01225494967187982
lambdaB max = 1.373241499067721
lambdaB min = 0.01225494967187982
----------------------------------
----------------------------------
Iteration = 14
Distance = 0.050324988310403995
v max = -0.16888145611228048
v min = -6.447160533502573
d max = 0.07611111111111112
d min = 0.07611111111111112
dF max = 0.07611111111111112
dB max = 0.07611111111111112
hk max = 0.010331966455186503
hk min = 0.010331966455186503
hz max = 0.05204818185851438
hz min = 0.03682920816669458
lambdaF max = 1.3645829424590912
lambdaF min = 0.01225494967187982
lambdaB max = 1.3764044461386902
lambdaB min = 0.01225494967187982
----------------------------------
----------------------------------
Iteration = 15
Distance = 0.04454568320922281
v max = -0.2073605934641916
v min = -6.491706216711796
d max = 0.07611111111111112
d min = 0.07611111111111112
dF max = 0.07611111111111112
dB max = 0.07611111111111112
hk max = 0.010331966455186503
hk min = 0.010331966455186503
hz max = 0.05212517903180254
hz min = 0.03685640663799263
lambdaF max = 1.3666644016374558
lambdaF min = 0.01225494967187982
lambdaB max = 1.3785050919472217
lambdaB min = 0.01225494967187982
----------------------------------
----------------------------------
Iteration = 16
Distance = 0.03969665847922155
v max = -0.24302626501992014
v min = -6.531402875191017
d max = 0.07611111111111112
d min = 0.07611111111111112
dF max = 0.07611111111111112
dB max = 0.07611111111111112
hk max = 0.010331966455186503
hk min = 0.010331966455186503
hz max = 0.052176295179739554
hz min = 0.036874728882043045
lambdaF max = 1.3680484931922379
lambdaF min = 0.01225494967187982
lambdaB max = 1.379902148252921
lambdaB min = 0.01225494967187982
----------------------------------
----------------------------------
Iteration = 17
Distance = 0.035557102660640716
v max = -0.2759054322376098
v min = -6.566959977851658
d max = 0.07611111111111112
d min = 0.07611111111111112
dF max = 0.07611111111111112
dB max = 0.07611111111111112
hk max = 0.010331966455186503
hk min = 0.010331966455186503
hz max = 0.05221023437166311
hz min = 0.03688697010784445
lambdaF max = 1.3689695509494126
lambdaF min = 0.01225494967187982
lambdaB max = 1.3808318465286888
lambdaB min = 0.01225494967187982
----------------------------------
----------------------------------
Iteration = 18
Distance = 0.03197217967539867
v max = -0.3060983224190234
v min = -6.598932157527057
d max = 0.07611111111111112
d min = 0.07611111111111112
dF max = 0.07611111111111112
dB max = 0.07611111111111112
hk max = 0.010331966455186503
hk min = 0.010331966455186503
hz max = 0.05223277139014734
hz min = 0.03689510995900379
lambdaF max = 1.369582429662922
lambdaF min = 0.01225494967187982
lambdaB max = 1.3814504213899756
lambdaB min = 0.01225494967187982
----------------------------------
----------------------------------
Iteration = 19
Distance = 0.028831536647250466
v max = -0.33374742567795784
v min = -6.627763694174307
d max = 0.07611111111111112
d min = 0.07611111111111112
dF max = 0.07611111111111112
dB max = 0.07611111111111112
hk max = 0.010331966455186503
hk min = 0.010331966455186503
hz max = 0.05224773841266246
hz min = 0.03690051380116582
lambdaF max = 1.3699900051956033
lambdaF min = 0.01225494967187982
lambdaB max = 1.3818617366110928
lambdaB min = 0.01225494967187982
----------------------------------
----------------------------------
Iteration = 20
Distance = 0.026055010825244196
v max = -0.35901656523405984
v min = -6.653818704999551
d max = 0.07611111111111112
d min = 0.07611111111111112
dF max = 0.07611111111111112
dB max = 0.07611111111111112
hk max = 0.010331966455186503
hk min = 0.010331966455186503
hz max = 0.052257678989659245
hz min = 0.03690410238203006
lambdaF max = 1.3702608718215592
lambdaF min = 0.01225494967187982
lambdaB max = 1.3821350638471384
lambdaB min = 0.01225494967187982
----------------------------------
----------------------------------
Iteration = 21
Distance = 0.023583097748766768
v max = -0.38207736650645774
v min = -6.677401802748318
d max = 0.07611111111111112
d min = 0.07611111111111112
dF max = 0.07611111111111112
dB max = 0.07611111111111112
hk max = 0.010331966455186503
hk min = 0.010331966455186503
hz max = 0.05226428165191323
hz min = 0.036906487874165624
lambdaF max = 1.370440807223343
lambdaF min = 0.01225494967187982
lambdaB max = 1.382316627006445
lambdaB min = 0.01225494967187982
----------------------------------
----------------------------------
Iteration = 22
Distance = 0.021370574797461295
v max = -0.4031008537472569
v min = -6.6987723775457795
d max = 0.07611111111111112
d min = 0.07611111111111112
dF max = 0.07611111111111112
dB max = 0.07611111111111112
hk max = 0.010331966455186503
hk min = 0.010331966455186503
hz max = 0.05226866749176766
hz min = 0.036908074872622036
lambdaF max = 1.3705603244149465
lambdaF min = 0.01225494967187982
lambdaB max = 1.382437226472148
lambdaB min = 0.01225494967187982
----------------------------------
----------------------------------
Iteration = 23
Distance = 0.019382219616020713
v max = -0.42225244526754563
v min = -6.7181545971618
d max = 0.07611111111111112
d min = 0.07611111111111112
dF max = 0.07611111111111112
dB max = 0.07611111111111112
hk max = 0.010331966455186503
hk min = 0.010331966455186503
hz max = 0.052271580946707454
hz min = 0.036909130851370583
lambdaF max = 1.3706397205510203
lambdaF min = 0.01225494967187982
lambdaB max = 1.3825173440980791
lambdaB min = 0.01225494967187982
----------------------------------
----------------------------------
Iteration = 24
Distance = 0.017589921727957147
v max = -0.439689133661947
v min = -6.735744518889757
d max = 0.07611111111111112
d min = 0.07611111111111112
dF max = 0.07611111111111112
dB max = 0.07611111111111112
hk max = 0.010331966455186503
hk min = 0.010331966455186503
hz max = 0.052273516396992493
hz min = 0.03690983324991874
lambdaF max = 1.370692474948053
lambdaF min = 0.01225494967187982
lambdaB max = 1.382570579469195
lambdaB min = 0.01225494967187982
----------------------------------
----------------------------------
Iteration = 25
Distance = 0.015970722385103997
v max = -0.45555804724338816
v min = -6.751715241274861
d max = 0.07611111111111112
d min = 0.07611111111111112
dF max = 0.07611111111111112
dB max = 0.07611111111111112
hk max = 0.010331966455186503
hk min = 0.010331966455186503
hz max = 0.052274802189308085
hz min = 0.03691030019732927
lambdaF max = 1.3707275328879152
lambdaF min = 0.01225494967187982
lambdaB max = 1.3826059575361278
lambdaB min = 0.01225494967187982
----------------------------------
----------------------------------
Iteration = 26
Distance = 0.01450547418188819
v max = -0.4699958779683477
v min = -6.7662207154567495
d max = 0.07611111111111112
d min = 0.07611111111111112
dF max = 0.07611111111111112
dB max = 0.07611111111111112
hk max = 0.010331966455186503
hk min = 0.010331966455186503
hz max = 0.052275656414022584
hz min = 0.0369106104715163
lambdaF max = 1.3707508318021289
lambdaF min = 0.01225494967187982
lambdaB max = 1.382629469130175
lambdaB min = 0.01225494967187982
----------------------------------
----------------------------------
Iteration = 27
Distance = 0.013177915550366848
v max = -0.4831288485658075
v min = -6.779398631007116
d max = 0.07611111111111112
d min = 0.07611111111111112
dF max = 0.07611111111111112
dB max = 0.07611111111111112
hk max = 0.010331966455186503
hk min = 0.010331966455186503
hz max = 0.052276223937410105
hz min = 0.03691081659189296
lambdaF max = 1.3707663151767926
lambdaF min = 0.01225494967187982
lambdaB max = 1.3826450936382246
lambdaB min = 0.01225494967187982
----------------------------------
----------------------------------
Iteration = 28
Distance = 0.01197402390039315
v max = -0.4950730084932457
v min = -6.7913726549075095
d max = 0.07611111111111112
d min = 0.07611111111111112
dF max = 0.07611111111111112
dB max = 0.07611111111111112
hk max = 0.010331966455186503
hk min = 0.010331966455186503
hz max = 0.052276600991693754
hz min = 0.036910953521103206
lambdaF max = 1.3707766038109535
lambdaF min = 0.01225494967187982
lambdaB max = 1.3826554759094314
lambdaB min = 0.01225494967187982
----------------------------------
----------------------------------
Iteration = 29
Distance = 0.010881556704077866
v max = -0.5059347216972161
v min = -6.802254211611587
d max = 0.07611111111111112
d min = 0.07611111111111112
dF max = 0.07611111111111112
dB max = 0.07611111111111112
hk max = 0.010331966455186503
hk min = 0.010331966455186503
hz max = 0.05227685150510109
hz min = 0.03691104449753563
lambdaF max = 1.3707834400318968
lambdaF min = 0.01225494967187982
lambdaB max = 1.3826623742865956
lambdaB min = 0.01225494967187982
----------------------------------
----------------------------------
Iteration = 30
Distance = 0.009889720052157713
v max = -0.5158112565618056
v min = -6.812143931663745
d max = 0.07611111111111112
d min = 0.07611111111111112
dF max = 0.07611111111111112
dB max = 0.07611111111111112
hk max = 0.010331966455186503
hk min = 0.010331966455186503
hz max = 0.05227701794743074
hz min = 0.0369111049515045
lambdaF max = 1.3707879821392872
lambdaF min = 0.01225494967187982
lambdaB max = 1.3826669576830162
lambdaB min = 0.01225494967187982
----------------------------------
----------------------------------
Iteration = 31
Distance = 0.008988924290997069
v max = -0.5247914199561687
v min = -6.821132855954742
d max = 0.07611111111111112
d min = 0.07611111111111112
dF max = 0.07611111111111112
dB max = 0.07611111111111112
hk max = 0.010331966455186503
hk min = 0.010331966455186503
hz max = 0.05227712853371532
hz min = 0.0369111451264555
lambdaF max = 1.3707909999980818
lambdaF min = 0.01225494967187982
lambdaB max = 1.382670002984162
lambdaB min = 0.01225494967187982
----------------------------------
----------------------------------
Iteration = 32
Distance = 0.008170599698800629
v max = -0.5329561985482884
v min = -6.829303455653543
d max = 0.07611111111111112
d min = 0.07611111111111112
dF max = 0.07611111111111112
dB max = 0.07611111111111112
hk max = 0.010331966455186503
hk min = 0.010331966455186503
hz max = 0.05227720200921938
hz min = 0.03691117182481375
lambdaF max = 1.3707930051659916
lambdaF min = 0.01225494967187982
lambdaB max = 1.3826720263949137
lambdaB min = 0.01225494967187982
----------------------------------
----------------------------------
Iteration = 33
Distance = 0.0074270540428607035
v max = -0.5403793848272441
v min = -6.8367305096964035
d max = 0.07611111111111112
d min = 0.07611111111111112
dF max = 0.07611111111111112
dB max = 0.07611111111111112
hk max = 0.010331966455186503
hk min = 0.010331966455186503
hz max = 0.052277250828012475
hz min = 0.03691118956624104
lambdaF max = 1.3707943375031664
lambdaF min = 0.01225494967187982
lambdaB max = 1.3826733708580834
lambdaB min = 0.01225494967187982
----------------------------------
----------------------------------
Iteration = 34
Distance = 0.006751359775435617
v max = -0.5471281747126819
v min = -6.843481869471839
d max = 0.07611111111111112
d min = 0.07611111111111112
dF max = 0.07611111111111112
dB max = 0.07611111111111112
hk max = 0.010331966455186503
hk min = 0.010331966455186503
hz max = 0.052277283264516805
hz min = 0.036911201354838746
lambdaF max = 1.3707952227906643
lambdaF min = 0.01225494967187982
lambdaB max = 1.382674264203706
lambdaB min = 0.01225494967187982
----------------------------------
----------------------------------
Iteration = 35
Distance = 0.006137262571497715
v max = -0.5532637297439514
v min = -6.849619132043337
d max = 0.07611111111111112
d min = 0.07611111111111112
dF max = 0.07611111111111112
dB max = 0.07611111111111112
hk max = 0.010331966455186503
hk min = 0.010331966455186503
hz max = 0.05227730481629384
hz min = 0.03691120918759251
lambdaF max = 1.3707958110312242
lambdaF min = 0.01225494967187982
lambdaB max = 1.3826748577980192
lambdaB min = 0.01225494967187982
----------------------------------
----------------------------------
Iteration = 36
Distance = 0.00557910554647556
v max = -0.5588417007254175
v min = -6.855198237589812
d max = 0.07611111111111112
d min = 0.07611111111111112
dF max = 0.07611111111111112
dB max = 0.07611111111111112
hk max = 0.010331966455186503
hk min = 0.010331966455186503
hz max = 0.05227731913599387
hz min = 0.03691121439186301
lambdaF max = 1.3707962018916022
lambdaF min = 0.01225494967187982
lambdaB max = 1.382675252214976
lambdaB min = 0.01225494967187982
----------------------------------
----------------------------------
Iteration = 37
Distance = 0.005071765256689176
v max = -0.5639127121249033
v min = -6.860270002846502
d max = 0.07611111111111112
d min = 0.07611111111111112
dF max = 0.07611111111111112
dB max = 0.07611111111111112
hk max = 0.010331966455186503
hk min = 0.010331966455186503
hz max = 0.052277328650500256
hz min = 0.0369112178497405
lambdaF max = 1.3707964615982708
lambdaF min = 0.01225494967187982
lambdaB max = 1.382675514284331
lambdaB min = 0.01225494967187982
----------------------------------
----------------------------------
Iteration = 38
Distance = 0.004610596768622521
v max = -0.5685228079958792
v min = -6.864880599615124
d max = 0.07611111111111112
d min = 0.07611111111111112
dF max = 0.07611111111111112
dB max = 0.07611111111111112
hk max = 0.010331966455186503
hk min = 0.010331966455186503
hz max = 0.05227733497228159
hz min = 0.03691122014730807
lambdaF max = 1.370796634158479
lambdaF min = 0.01225494967187982
lambdaB max = 1.3826756884143
lambdaB min = 0.01225494967187982
----------------------------------
----------------------------------
Iteration = 39
Distance = 0.004191385881946452
v max = -0.5727138610586525
v min = -6.8690719854970705
d max = 0.07611111111111112
d min = 0.07611111111111112
dF max = 0.07611111111111112
dB max = 0.07611111111111112
hk max = 0.010331966455186503
hk min = 0.010331966455186503
hz max = 0.05227733917271025
hz min = 0.036911221673940224
lambdaF max = 1.370796748814542
lambdaF min = 0.01225494967187982
lambdaB max = 1.3826758041133158
lambdaB min = 0.01225494967187982
----------------------------------
----------------------------------
Iteration = 40
Distance = 0.003810307130836854
v max = -0.576523947049688
v min = -6.872882292627907
d max = 0.07611111111111112
d min = 0.07611111111111112
dF max = 0.07611111111111112
dB max = 0.07611111111111112
hk max = 0.010331966455186503
hk min = 0.010331966455186503
hz max = 0.052277341963640235
hz min = 0.03691122268832627
lambdaF max = 1.3707968249967413
lambdaF min = 0.01225494967187982
lambdaB max = 1.382675880988553
lambdaB min = 0.01225494967187982
----------------------------------
----------------------------------
Iteration = 41
Distance = 0.0034638865567249155
v max = -0.5799876866715297
v min = -6.876346179184632
d max = 0.07611111111111112
d min = 0.07611111111111112
dF max = 0.07611111111111112
dB max = 0.07611111111111112
hk max = 0.010331966455186503
hk min = 0.010331966455186503
hz max = 0.052277343818041916
hz min = 0.03691122336234286
lambdaF max = 1.370796875615519
lambdaF min = 0.01225494967187982
lambdaB max = 1.382675932067903
lambdaB min = 0.01225494967187982
----------------------------------
----------------------------------
Iteration = 42
Distance = 0.003148968498891236
v max = -0.5831365575405528
v min = -6.8794951476835235
d max = 0.07611111111111112
d min = 0.07611111111111112
dF max = 0.07611111111111112
dB max = 0.07611111111111112
hk max = 0.010331966455186503
hk min = 0.010331966455186503
hz max = 0.052277345050185595
hz min = 0.03691122381019371
lambdaF max = 1.370796909249006
lambdaF min = 0.01225494967187982
lambdaB max = 1.3826759660073014
lambdaB min = 0.01225494967187982
----------------------------------
----------------------------------
Iteration = 43
Distance = 0.0028626858249518605
v max = -0.5859991784959908
v min = -6.882357833508475
d max = 0.07611111111111112
d min = 0.07611111111111112
dF max = 0.07611111111111112
dB max = 0.07611111111111112
hk max = 0.010331966455186503
hk min = 0.010331966455186503
hz max = 0.05227734586887373
hz min = 0.03691122410776695
lambdaF max = 1.3707969315966202
lambdaF min = 0.01225494967187982
lambdaB max = 1.382675988558323
lambdaB min = 0.01225494967187982
----------------------------------
----------------------------------
Iteration = 44
Distance = 0.002602433147267824
v max = -0.5886015685411181
v min = -6.884960266655743
d max = 0.07611111111111112
d min = 0.07611111111111112
dF max = 0.07611111111111112
dB max = 0.07611111111111112
hk max = 0.010331966455186503
hk min = 0.010331966455186503
hz max = 0.052277346412840285
hz min = 0.036911224305486434
lambdaF max = 1.370796946445436
lambdaF min = 0.01225494967187982
lambdaB max = 1.382676003542272
lambdaB min = 0.01225494967187982
----------------------------------
----------------------------------
Iteration = 45
Distance = 0.00236584266011608
v max = -0.5909673825622656
v min = -6.887326109315859
d max = 0.07611111111111112
d min = 0.07611111111111112
dF max = 0.07611111111111112
dB max = 0.07611111111111112
hk max = 0.010331966455186503
hk min = 0.010331966455186503
hz max = 0.05227734677427605
hz min = 0.03691122443685998
lambdaF max = 1.3707969563117028
lambdaF min = 0.01225494967187982
lambdaB max = 1.3826760134982268
lambdaB min = 0.01225494967187982
----------------------------------
----------------------------------
Iteration = 46
Distance = 0.002150762296825981
v max = -0.5931181258300985
v min = -6.889476871612685
d max = 0.07611111111111112
d min = 0.07611111111111112
dF max = 0.07611111111111112
dB max = 0.07611111111111112
hk max = 0.010331966455186503
hk min = 0.010331966455186503
hz max = 0.05227734701442953
hz min = 0.03691122452414995
lambdaF max = 1.3707969628672343
lambdaF min = 0.01225494967187982
lambdaB max = 1.3826760201134047
lambdaB min = 0.01225494967187982
----------------------------------
----------------------------------
Iteration = 47
Distance = 0.001955235954816281
v max = -0.5950733491411997
v min = -6.891432107567502
d max = 0.07611111111111112
d min = 0.07611111111111112
dF max = 0.07611111111111112
dB max = 0.07611111111111112
hk max = 0.010331966455186503
hk min = 0.010331966455186503
hz max = 0.05227734717399987
hz min = 0.03691122458215009
lambdaF max = 1.3707969672229947
lambdaF min = 0.01225494967187982
lambdaB max = 1.38267602450885
lambdaB min = 0.01225494967187982
----------------------------------
----------------------------------
Iteration = 48
Distance = 0.0017774855726182537
v max = -0.5968508263127856
v min = -6.89320959314012
d max = 0.07611111111111112
d min = 0.07611111111111112
dF max = 0.07611111111111112
dB max = 0.07611111111111112
hk max = 0.010331966455186503
hk min = 0.010331966455186503
hz max = 0.05227734728002342
hz min = 0.03691122462068673
lambdaF max = 1.3707969701171616
lambdaF min = 0.01225494967187982
lambdaB max = 1.382676027429302
lambdaB min = 0.01225494967187982
----------------------------------
----------------------------------
Iteration = 49
Distance = 0.0016158948728053346
v max = -0.5984667156035579
v min = -6.894825488012925
d max = 0.07611111111111112
d min = 0.07611111111111112
dF max = 0.07611111111111112
dB max = 0.07611111111111112
hk max = 0.010331966455186503
hk min = 0.010331966455186503
hz max = 0.0522773473504685
hz min = 0.03691122464629334
lambdaF max = 1.3707969720402065
lambdaF min = 0.01225494967187982
lambdaB max = 1.3826760293698674
lambdaB min = 0.01225494967187982
----------------------------------
----------------------------------
Iteration = 50
Distance = 0.001468994606466545
v max = -0.5999357065010884
v min = -6.896294482619392
d max = 0.07611111111111112
d min = 0.07611111111111112
dF max = 0.07611111111111112
dB max = 0.07611111111111112
hk max = 0.010331966455186503
hk min = 0.010331966455186503
hz max = 0.05227734739727574
hz min = 0.036911224663307006
lambdaF max = 1.3707969733180188
lambdaF min = 0.01225494967187982
lambdaB max = 1.3826760306592432
lambdaB min = 0.01225494967187982
----------------------------------
----------------------------------
Iteration = 51
Distance = 0.0013354491555839232
v max = -0.6012711531922913
v min = -6.897629931774976
d max = 0.07611111111111112
d min = 0.07611111111111112
dF max = 0.07611111111111112
dB max = 0.07611111111111112
hk max = 0.010331966455186503
hk min = 0.010331966455186503
hz max = 0.052277347428376475
hz min = 0.036911224674611845
lambdaF max = 1.3707969741669874
lambdaF min = 0.01225494967187982
lambdaB max = 1.3826760315159825
lambdaB min = 0.01225494967187982
----------------------------------
----------------------------------
Iteration = 52
Distance = 0.0012140443635386688
v max = -0.6024851959183823
v min = -6.898843976138514
d max = 0.07611111111111112
d min = 0.07611111111111112
dF max = 0.07611111111111112
dB max = 0.07611111111111112
hk max = 0.010331966455186503
hk min = 0.010331966455186503
hz max = 0.05227734744904294
hz min = 0.03691122468212353
lambdaF max = 1.3707969747310782
lambdaF min = 0.01225494967187982
lambdaB max = 1.3826760320852425
lambdaB min = 0.01225494967187982
----------------------------------
----------------------------------
Iteration = 53
Distance = 0.0011036764792695664
v max = -0.6035888713096635
v min = -6.899947652617784
d max = 0.07611111111111112
d min = 0.07611111111111112
dF max = 0.07611111111111112
dB max = 0.07611111111111112
hk max = 0.010331966455186503
hk min = 0.010331966455186503
hz max = 0.05227734746277236
hz min = 0.03691122468711419
lambdaF max = 1.3707969751058797
lambdaF min = 0.01225494967187982
lambdaB max = 1.3826760324634368
lambdaB min = 0.01225494967187982
----------------------------------
----------------------------------
Iteration = 54
Distance = 0.0010033421111268481
v max = -0.6045922126978829
v min = -6.900950994728911
d max = 0.07611111111111112
d min = 0.07611111111111112
dF max = 0.07611111111111112
dB max = 0.07611111111111112
hk max = 0.010331966455186503
hk min = 0.010331966455186503
hz max = 0.05227734747189545
hz min = 0.0369112246904303
lambdaF max = 1.370796975354908
lambdaF min = 0.01225494967187982
lambdaB max = 1.382676032714769
lambdaB min = 0.01225494967187982
----------------------------------
----------------------------------
Iteration = 55
Distance = 0.0009121290970730556
v max = -0.6055043413146306
v min = -6.901863123825984
d max = 0.07611111111111112
d min = 0.07611111111111112
dF max = 0.07611111111111112
dB max = 0.07611111111111112
hk max = 0.010331966455186503
hk min = 0.010331966455186503
hz max = 0.05227734747795761
hz min = 0.03691122469263386
lambdaF max = 1.3707969755204024
lambdaF min = 0.01225494967187982
lambdaB max = 1.3826760328817151
lambdaB min = 0.01225494967187982
----------------------------------
----------------------------------
Iteration = 56
Distance = 0.0008292082070475715
v max = -0.6063335492025236
v min = -6.902692332033031
d max = 0.07611111111111112
d min = 0.07611111111111112
dF max = 0.07611111111111112
dB max = 0.07611111111111112
hk max = 0.010331966455186503
hk min = 0.010331966455186503
hz max = 0.05227734748198758
hz min = 0.03691122469409802
lambdaF max = 1.3707969756303438
lambdaF min = 0.01225494967187982
lambdaB max = 1.3826760329926764
lambdaB min = 0.01225494967187982
----------------------------------
----------------------------------
Iteration = 57
Distance = 0.0007538256008885469
v max = -0.6070873745913564
v min = -6.90344615763392
d max = 0.07611111111111112
d min = 0.07611111111111112
dF max = 0.07611111111111112
dB max = 0.07611111111111112
hk max = 0.010331966455186503
hk min = 0.010331966455186503
hz max = 0.052277347484662735
hz min = 0.036911224695070785
lambdaF max = 1.3707969757033962
lambdaF min = 0.01225494967187982
lambdaB max = 1.3826760330664196
lambdaB min = 0.01225494967187982
----------------------------------
----------------------------------
Iteration = 58
Distance = 0.000685295972984612
v max = -0.6077726704234417
v min = -6.9041314536069045
d max = 0.07611111111111112
d min = 0.07611111111111112
dF max = 0.07611111111111112
dB max = 0.07611111111111112
hk max = 0.010331966455186503
hk min = 0.010331966455186503
hz max = 0.05227734748644005
hz min = 0.03691122469571689
lambdaF max = 1.3707969757519618
lambdaF min = 0.01225494967187982
lambdaB max = 1.382676033115351
lambdaB min = 0.01225494967187982
----------------------------------
----------------------------------
Iteration = 59
Distance = 0.0006229963205859335
v max = -0.6083956666504099
v min = -6.90475444992749
d max = 0.07611111111111112
d min = 0.07611111111111112
dF max = 0.07611111111111112
dB max = 0.07611111111111112
hk max = 0.010331966455186503
hk min = 0.010331966455186503
hz max = 0.05227734748762263
hz min = 0.036911224696146584
lambdaF max = 1.370796975784192
lambdaF min = 0.01225494967187982
lambdaB max = 1.382676033147909
lambdaB min = 0.01225494967187982
----------------------------------
----------------------------------
Iteration = 60
Distance = 0.0005663602791612377
v max = -0.6089620268673633
v min = -6.905320810206652
d max = 0.07611111111111112
d min = 0.07611111111111112
dF max = 0.07611111111111112
dB max = 0.07611111111111112
hk max = 0.010331966455186503
hk min = 0.010331966455186503
hz max = 0.052277347488407955
hz min = 0.0369112246964319
lambdaF max = 1.3707969758056262
lambdaF min = 0.01225494967187982
lambdaB max = 1.382676033169541
lambdaB min = 0.01225494967187982
----------------------------------
----------------------------------
Iteration = 61
Distance = 0.0005148729728947643
v max = -0.6094768997989238
v min = -6.905835683179546
d max = 0.07611111111111112
d min = 0.07611111111111112
dF max = 0.07611111111111112
dB max = 0.07611111111111112
hk max = 0.010331966455186503
hk min = 0.010331966455186503
hz max = 0.05227734748893151
hz min = 0.03691122469662105
lambdaF max = 1.3707969758198844
lambdaF min = 0.01225494967187982
lambdaB max = 1.3826760331839305
lambdaB min = 0.01225494967187982
----------------------------------
----------------------------------
Iteration = 62
Distance = 0.0004680663335712154
v max = -0.6099449661050296
v min = -6.906303749513118
d max = 0.07611111111111112
d min = 0.07611111111111112
dF max = 0.07611111111111112
dB max = 0.07611111111111112
hk max = 0.010331966455186503
hk min = 0.010331966455186503
hz max = 0.05227734748927595
hz min = 0.03691122469674735
lambdaF max = 1.37079697582939
lambdaF min = 0.01225494967187982
lambdaB max = 1.382676033193471
lambdaB min = 0.01225494967187982
----------------------------------
----------------------------------
Iteration = 63
Distance = 0.0004255148450944546
v max = -0.6103704809318798
v min = -6.906729264358212
d max = 0.07611111111111112
d min = 0.07611111111111112
dF max = 0.07611111111111112
dB max = 0.07611111111111112
hk max = 0.010331966455186503
hk min = 0.010331966455186503
hz max = 0.05227734748950787
hz min = 0.03691122469683088
lambdaF max = 1.3707969758356533
lambdaF min = 0.01225494967187982
lambdaB max = 1.3826760331998
lambdaB min = 0.01225494967187982
----------------------------------
----------------------------------
Iteration = 64
Distance = 0.00038683167496333937
v max = -0.6107573125947221
v min = -6.9071160960331754
d max = 0.07611111111111112
d min = 0.07611111111111112
dF max = 0.07611111111111112
dB max = 0.07611111111111112
hk max = 0.010331966455186503
hk min = 0.010331966455186503
hz max = 0.052277347489659426
hz min = 0.036911224696886846
lambdaF max = 1.370796975839808
lambdaF min = 0.01225494967187982
lambdaB max = 1.3826760332039878
lambdaB min = 0.01225494967187982
----------------------------------
----------------------------------
Iteration = 65
Distance = 0.0003516651574795304
v max = -0.611108977744136
v min = -6.907467761190655
d max = 0.07611111111111112
d min = 0.07611111111111112
dF max = 0.07611111111111112
dB max = 0.07611111111111112
hk max = 0.010331966455186503
hk min = 0.010331966455186503
hz max = 0.05227734748976275
hz min = 0.03691122469692359
lambdaF max = 1.3707969758425465
lambdaF min = 0.01225494967187982
lambdaB max = 1.3826760332067904
lambdaB min = 0.01225494967187982
----------------------------------
----------------------------------
Iteration = 66
Distance = 0.00031969559664535296
v max = -0.6114286733354233
v min = -6.9077874567873
d max = 0.07611111111111112
d min = 0.07611111111111112
dF max = 0.07611111111111112
dB max = 0.07611111111111112
hk max = 0.010331966455186503
hk min = 0.010331966455186503
hz max = 0.05227734748982705
hz min = 0.036911224696947985
lambdaF max = 1.3707969758444662
lambdaF min = 0.01225494967187982
lambdaB max = 1.3826760332086796
lambdaB min = 0.01225494967187982
----------------------------------
----------------------------------
Iteration = 67
Distance = 0.0002906323598761418
v max = -0.6117193056917465
v min = -6.9080780891471765
d max = 0.07611111111111112
d min = 0.07611111111111112
dF max = 0.07611111111111112
dB max = 0.07611111111111112
hk max = 0.010331966455186503
hk min = 0.010331966455186503
hz max = 0.05227734748987298
hz min = 0.03691122469696463
lambdaF max = 1.3707969758456937
lambdaF min = 0.01225494967187982
lambdaB max = 1.3826760332099075
lambdaB min = 0.01225494967187982
----------------------------------
----------------------------------
Iteration = 68
Distance = 0.000264211235785794
v max = -0.6119835169251698
v min = -6.908342300382962
d max = 0.07611111111111112
d min = 0.07611111111111112
dF max = 0.07611111111111112
dB max = 0.07611111111111112
hk max = 0.010331966455186503
hk min = 0.010331966455186503
hz max = 0.052277347489905125
hz min = 0.036911224696975255
lambdaF max = 1.3707969758464809
lambdaF min = 0.01225494967187982
lambdaB max = 1.3826760332107577
lambdaB min = 0.01225494967187982
----------------------------------
----------------------------------
Iteration = 69
Distance = 0.0002401920322201434
v max = -0.6122237089558242
v min = -6.908582492415182
d max = 0.07611111111111112
d min = 0.07611111111111112
dF max = 0.07611111111111112
dB max = 0.07611111111111112
hk max = 0.010331966455186503
hk min = 0.010331966455186503
hz max = 0.05227734748992349
hz min = 0.03691122469698243
lambdaF max = 1.3707969758470158
lambdaF min = 0.01225494967187982
lambdaB max = 1.382676033211293
lambdaB min = 0.01225494967187982
----------------------------------
----------------------------------
Iteration = 70
Distance = 0.00021835639273515284
v max = -0.6124420653475068
v min = -6.908800848807918
d max = 0.07611111111111112
d min = 0.07611111111111112
dF max = 0.07611111111111112
dB max = 0.07611111111111112
hk max = 0.010331966455186503
hk min = 0.010331966455186503
hz max = 0.05227734748993727
hz min = 0.03691122469698731
lambdaF max = 1.3707969758473304
lambdaF min = 0.01225494967187982
lambdaB max = 1.3826760332116395
lambdaB min = 0.01225494967187982
----------------------------------
----------------------------------
Iteration = 71
Distance = 0.00019850581143288082
v max = -0.6126405711582474
v min = -6.90899935461935
d max = 0.07611111111111112
d min = 0.07611111111111112
dF max = 0.07611111111111112
dB max = 0.07611111111111112
hk max = 0.010331966455186503
hk min = 0.010331966455186503
hz max = 0.05227734748994646
hz min = 0.03691122469699018
lambdaF max = 1.3707969758475822
lambdaF min = 0.01225494967187982
lambdaB max = 1.3826760332118913
lambdaB min = 0.01225494967187982
----------------------------------
----------------------------------
Iteration = 72
Distance = 0.0001804598284760317
v max = -0.612821030986274
v min = -6.9091798144478265
d max = 0.07611111111111112
d min = 0.07611111111111112
dF max = 0.07611111111111112
dB max = 0.07611111111111112
hk max = 0.010331966455186503
hk min = 0.010331966455186503
hz max = 0.052277347489953344
hz min = 0.03691122469699276
lambdaF max = 1.3707969758477712
lambdaF min = 0.01225494967187982
lambdaB max = 1.3826760332120802
lambdaB min = 0.01225494967187982
----------------------------------
----------------------------------
Iteration = 73
Distance = 0.00016405438947053597
v max = -0.6129850853754397
v min = -6.909343868837297
d max = 0.07611111111111112
d min = 0.07611111111111112
dF max = 0.07611111111111112
dB max = 0.07611111111111112
hk max = 0.010331966455186503
hk min = 0.010331966455186503
hz max = 0.052277347489953344
hz min = 0.0369112246969942
lambdaF max = 1.3707969758478968
lambdaF min = 0.01225494967187982
lambdaB max = 1.382676033212143
lambdaB min = 0.01225494967187982
----------------------------------
----------------------------------
Iteration = 74
Distance = 0.00014914035402480152
v max = -0.6131342257292608
v min = -6.909493009191322
d max = 0.07611111111111112
d min = 0.07611111111111112
dF max = 0.07611111111111112
dB max = 0.07611111111111112
hk max = 0.010331966455186503
hk min = 0.010331966455186503
hz max = 0.05227734748995794
hz min = 0.03691122469699506
lambdaF max = 1.3707969758479284
lambdaF min = 0.01225494967187982
lambdaB max = 1.3826760332122376
lambdaB min = 0.01225494967187982
----------------------------------
----------------------------------
Iteration = 75
Distance = 0.00013558213999509405
v max = -0.6132698078691197
v min = -6.909628591331317
d max = 0.07611111111111112
d min = 0.07611111111111112
dF max = 0.07611111111111112
dB max = 0.07611111111111112
hk max = 0.010331966455186503
hk min = 0.010331966455186503
hz max = 0.05227734748995794
hz min = 0.03691122469699535
lambdaF max = 1.3707969758479914
lambdaF min = 0.01225494967187982
lambdaB max = 1.3826760332123007
lambdaB min = 0.01225494967187982
----------------------------------
----------------------------------
Iteration = 76
Distance = 0.00012325649088751334
v max = -0.6133930643599188
v min = -6.909751847822203
d max = 0.07611111111111112
d min = 0.07611111111111112
dF max = 0.07611111111111112
dB max = 0.07611111111111112
hk max = 0.010331966455186503
hk min = 0.010331966455186503
hz max = 0.052277347489960234
hz min = 0.03691122469699592
lambdaF max = 1.3707969758479914
lambdaF min = 0.01225494967187982
lambdaB max = 1.382676033212332
lambdaB min = 0.01225494967187982
----------------------------------
----------------------------------
Iteration = 77
Distance = 0.00011205135534630983
v max = -0.6135051157151991
v min = -6.909863899177549
d max = 0.07611111111111112
d min = 0.07611111111111112
dF max = 0.07611111111111112
dB max = 0.07611111111111112
hk max = 0.010331966455186503
hk min = 0.010331966455186503
hz max = 0.05227734748996253
hz min = 0.03691122469699621
lambdaF max = 1.370796975848023
lambdaF min = 0.01225494967187982
lambdaB max = 1.3826760332123007
lambdaB min = 0.01225494967187982
----------------------------------
----------------------------------
Iteration = 78
Distance = 0.00010186486848162701
v max = -0.6136069805836402
v min = -6.909965764046029
d max = 0.07611111111111112
d min = 0.07611111111111112
dF max = 0.07611111111111112
dB max = 0.07611111111111112
hk max = 0.010331966455186503
hk min = 0.010331966455186503
hz max = 0.05227734748996253
hz min = 0.036911224696996495
lambdaF max = 1.370796975848086
lambdaF min = 0.01225494967187982
lambdaB max = 1.3826760332123007
lambdaB min = 0.01225494967187982
----------------------------------
----------------------------------
Iteration = 79
Distance = 9.260442588931994e-5
v max = -0.6136995850095057
v min = -6.910058368471916
d max = 0.07611111111111112
d min = 0.07611111111111112
dF max = 0.07611111111111112
dB max = 0.07611111111111112
hk max = 0.010331966455186503
hk min = 0.010331966455186503
hz max = 0.052277347489960234
hz min = 0.03691122469699621
lambdaF max = 1.370796975848086
lambdaF min = 0.01225494967187982
lambdaB max = 1.382676033212332
lambdaB min = 0.01225494967187982
----------------------------------
----------------------------------
Iteration = 80
Distance = 8.4185841715545e-5
v max = -0.6137837708512003
v min = -6.910142554313629
d max = 0.07611111111111112
d min = 0.07611111111111112
dF max = 0.07611111111111112
dB max = 0.07611111111111112
hk max = 0.010331966455186503
hk min = 0.010331966455186503
hz max = 0.05227734748996253
hz min = 0.036911224696996495
lambdaF max = 1.370796975848086
lambdaF min = 0.01225494967187982
lambdaB max = 1.3826760332123007
lambdaB min = 0.01225494967187982
----------------------------------
----------------------------------
Iteration = 81
Distance = 7.653258337292357e-5
v max = -0.6138603034345625
v min = -6.910219086897002
d max = 0.07611111111111112
d min = 0.07611111111111112
dF max = 0.07611111111111112
dB max = 0.07611111111111112
hk max = 0.010331966455186503
hk min = 0.010331966455186503
hz max = 0.05227734748996253
hz min = 0.036911224696996495
lambdaF max = 1.370796975848086
lambdaF min = 0.01225494967187982
lambdaB max = 1.382676033212332
lambdaB min = 0.01225494967187982
----------------------------------
----------------------------------
Iteration = 82
Distance = 6.957507579574695e-5
v max = -0.6139298785103483
v min = -6.910288661972793
d max = 0.07611111111111112
d min = 0.07611111111111112
dF max = 0.07611111111111112
dB max = 0.07611111111111112
hk max = 0.010331966455186503
hk min = 0.010331966455186503
hz max = 0.05227734748996253
hz min = 0.03691122469699678
lambdaF max = 1.3707969758480545
lambdaF min = 0.01225494967187982
lambdaB max = 1.3826760332123638
lambdaB min = 0.01225494967187982
----------------------------------
----------------------------------
Iteration = 83
Distance = 6.325006890417484e-5
v max = -0.6139931285792422
v min = -6.910351912041696
d max = 0.07611111111111112
d min = 0.07611111111111112
dF max = 0.07611111111111112
dB max = 0.07611111111111112
hk max = 0.010331966455186503
hk min = 0.010331966455186503
hz max = 0.05227734748996253
hz min = 0.03691122469699678
lambdaF max = 1.3707969758480545
lambdaF min = 0.01225494967187982
lambdaB max = 1.3826760332123638
lambdaB min = 0.01225494967187982
----------------------------------
----------------------------------
Iteration = 84
Distance = 5.750006263838259e-5
v max = -0.6140506286418741
v min = -6.910409412104331
d max = 0.07611111111111112
d min = 0.07611111111111112
dF max = 0.07611111111111112
dB max = 0.07611111111111112
hk max = 0.010331966455186503
hk min = 0.010331966455186503
hz max = 0.052277347489960234
hz min = 0.03691122469699678
lambdaF max = 1.370796975848086
lambdaF min = 0.01225494967187982
lambdaB max = 1.3826760332123638
lambdaB min = 0.01225494967187982
----------------------------------
----------------------------------
Iteration = 85
Distance = 5.227278421671144e-5
v max = -0.6141029014260856
v min = -6.910461684888546
d max = 0.07611111111111112
d min = 0.07611111111111112
dF max = 0.07611111111111112
dB max = 0.07611111111111112
hk max = 0.010331966455186503
hk min = 0.010331966455186503
hz max = 0.052277347489960234
hz min = 0.03691122469699678
lambdaF max = 1.370796975848086
lambdaF min = 0.01225494967187982
lambdaB max = 1.3826760332123638
lambdaB min = 0.01225494967187982
----------------------------------
----------------------------------
Iteration = 86
Distance = 4.752071292735138e-5
v max = -0.6141504221390066
v min = -6.910509205601469
d max = 0.07611111111111112
d min = 0.07611111111111112
dF max = 0.07611111111111112
dB max = 0.07611111111111112
hk max = 0.010331966455186503
hk min = 0.010331966455186503
hz max = 0.05227734748996253
hz min = 0.03691122469699678
lambdaF max = 1.370796975848086
lambdaF min = 0.01225494967187982
lambdaB max = 1.382676033212395
lambdaB min = 0.01225494967187982
----------------------------------
----------------------------------
Iteration = 87
Distance = 4.320064811480506e-5
v max = -0.614193622787118
v min = -6.910552406249581
d max = 0.07611111111111112
d min = 0.07611111111111112
dF max = 0.07611111111111112
dB max = 0.07611111111111112
hk max = 0.010331966455186503
hk min = 0.010331966455186503
hz max = 0.05227734748996253
hz min = 0.03691122469699707
lambdaF max = 1.370796975848086
lambdaF min = 0.01225494967187982
lambdaB max = 1.382676033212395
lambdaB min = 0.01225494967187982
----------------------------------
----------------------------------
Iteration = 88
Distance = 3.927331646824683e-5
v max = -0.6142328961035827
v min = -6.910591679566049
d max = 0.07611111111111112
d min = 0.07611111111111112
dF max = 0.07611111111111112
dB max = 0.07611111111111112
hk max = 0.010331966455186503
hk min = 0.010331966455186503
hz max = 0.05227734748996253
hz min = 0.036911224696996495
lambdaF max = 1.370796975848086
lambdaF min = 0.01225494967187982
lambdaB max = 1.3826760332123638
lambdaB min = 0.01225494967187982
----------------------------------
----------------------------------
Iteration = 89
Distance = 3.570301497290984e-5
v max = -0.6142685991185519
v min = -6.910627382581014
d max = 0.07611111111111112
d min = 0.07611111111111112
dF max = 0.07611111111111112
dB max = 0.07611111111111112
hk max = 0.010331966455186503
hk min = 0.010331966455186503
hz max = 0.05227734748996483
hz min = 0.03691122469699707
lambdaF max = 1.3707969758480545
lambdaF min = 0.01225494967187982
lambdaB max = 1.3826760332123638
lambdaB min = 0.01225494967187982
----------------------------------
----------------------------------
Iteration = 90
Distance = 3.2457286340381586e-5
v max = -0.6143010564048846
v min = -6.910659839867349
d max = 0.07611111111111112
d min = 0.07611111111111112
dF max = 0.07611111111111112
dB max = 0.07611111111111112
hk max = 0.010331966455186503
hk min = 0.010331966455186503
hz max = 0.05227734748996483
hz min = 0.036911224696996495
lambdaF max = 1.370796975848086
lambdaF min = 0.01225494967187982
lambdaB max = 1.3826760332123638
lambdaB min = 0.01225494967187982
----------------------------------
----------------------------------
Iteration = 91
Distance = 2.9506623953068356e-5
v max = -0.6143305630288254
v min = -6.9106893464912975
d max = 0.07611111111111112
d min = 0.07611111111111112
dF max = 0.07611111111111112
dB max = 0.07611111111111112
hk max = 0.010331966455186503
hk min = 0.010331966455186503
hz max = 0.05227734748996483
hz min = 0.03691122469699678
lambdaF max = 1.370796975848086
lambdaF min = 0.01225494967187982
lambdaB max = 1.3826760332123638
lambdaB min = 0.01225494967187982
----------------------------------
----------------------------------
Iteration = 92
Distance = 2.682420358501858e-5
v max = -0.6143573872324076
v min = -6.910716170694878
d max = 0.07611111111111112
d min = 0.07611111111111112
dF max = 0.07611111111111112
dB max = 0.07611111111111112
hk max = 0.010331966455186503
hk min = 0.010331966455186503
hz max = 0.05227734748996483
hz min = 0.036911224696996495
lambdaF max = 1.3707969758481173
lambdaF min = 0.01225494967187982
lambdaB max = 1.382676033212332
lambdaB min = 0.01225494967187982
----------------------------------
----------------------------------
Iteration = 93
Distance = 2.438563962403606e-5
v max = -0.6143817728720256
v min = -6.910740556334492
d max = 0.07611111111111112
d min = 0.07611111111111112
dF max = 0.07611111111111112
dB max = 0.07611111111111112
hk max = 0.010331966455186503
hk min = 0.010331966455186503
hz max = 0.05227734748996253
hz min = 0.03691122469699678
lambdaF max = 1.370796975848086
lambdaF min = 0.01225494967187982
lambdaB max = 1.3826760332123638
lambdaB min = 0.01225494967187982
----------------------------------
----------------------------------
Iteration = 94
Distance = 2.216876329441675e-5
v max = -0.6144039416353145
v min = -6.9107627250977774
d max = 0.07611111111111112
d min = 0.07611111111111112
dF max = 0.07611111111111112
dB max = 0.07611111111111112
hk max = 0.010331966455186503
hk min = 0.010331966455186503
hz max = 0.05227734748996253
hz min = 0.03691122469699678
lambdaF max = 1.3707969758480545
lambdaF min = 0.01225494967187982
lambdaB max = 1.3826760332123638
lambdaB min = 0.01225494967187982
----------------------------------
----------------------------------
Iteration = 95
Distance = 2.015342117722696e-5
v max = -0.6144240950564878
v min = -6.910782878518955
d max = 0.07611111111111112
d min = 0.07611111111111112
dF max = 0.07611111111111112
dB max = 0.07611111111111112
hk max = 0.010331966455186503
hk min = 0.010331966455186503
hz max = 0.05227734748996253
hz min = 0.03691122469699707
lambdaF max = 1.3707969758480545
lambdaF min = 0.01225494967187982
lambdaB max = 1.3826760332123638
lambdaB min = 0.01225494967187982
----------------------------------
----------------------------------
Iteration = 96
Distance = 1.8321291980427645e-5
v max = -0.6144424163484651
v min = -6.910801199810926
d max = 0.07611111111111112
d min = 0.07611111111111112
dF max = 0.07611111111111112
dB max = 0.07611111111111112
hk max = 0.010331966455186503
hk min = 0.010331966455186503
hz max = 0.05227734748996483
hz min = 0.03691122469699678
lambdaF max = 1.370796975848086
lambdaF min = 0.01225494967187982
lambdaB max = 1.3826760332123638
lambdaB min = 0.01225494967187982
----------------------------------
----------------------------------
Iteration = 97
Distance = 1.6655719981883976e-5
v max = -0.6144590720684429
v min = -6.910817855530907
d max = 0.07611111111111112
d min = 0.07611111111111112
dF max = 0.07611111111111112
dB max = 0.07611111111111112
hk max = 0.010331966455186503
hk min = 0.010331966455186503
hz max = 0.05227734748996483
hz min = 0.03691122469699678
lambdaF max = 1.3707969758480545
lambdaF min = 0.01225494967187982
lambdaB max = 1.3826760332123638
lambdaB min = 0.01225494967187982
----------------------------------
----------------------------------
Iteration = 98
Distance = 1.514156361981378e-5
v max = -0.6144742136320587
v min = -6.910832997094522
d max = 0.07611111111111112
d min = 0.07611111111111112
dF max = 0.07611111111111112
dB max = 0.07611111111111112
hk max = 0.010331966455186503
hk min = 0.010331966455186503
hz max = 0.05227734748996253
hz min = 0.03691122469699678
lambdaF max = 1.3707969758480545
lambdaF min = 0.01225494967187982
lambdaB max = 1.3826760332123638
lambdaB min = 0.01225494967187982
----------------------------------
----------------------------------
Iteration = 99
Distance = 1.3765057837566985e-5
v max = -0.6144879786898915
v min = -6.910846762152356
d max = 0.07611111111111112
d min = 0.07611111111111112
dF max = 0.07611111111111112
dB max = 0.07611111111111112
hk max = 0.010331966455186503
hk min = 0.010331966455186503
hz max = 0.05227734748996253
hz min = 0.03691122469699707
lambdaF max = 1.370796975848086
lambdaF min = 0.01225494967187982
lambdaB max = 1.3826760332123638
lambdaB min = 0.01225494967187982
----------------------------------
----------------------------------
Iteration = 100
Distance = 1.2513688949944424e-5
v max = -0.6145004923788312
v min = -6.910859275841298
d max = 0.07611111111111112
d min = 0.07611111111111112
dF max = 0.07611111111111112
dB max = 0.07611111111111112
hk max = 0.010331966455186503
hk min = 0.010331966455186503
hz max = 0.05227734748996253
hz min = 0.03691122469699678
lambdaF max = 1.3707969758480545
lambdaF min = 0.01225494967187982
lambdaB max = 1.3826760332123638
lambdaB min = 0.01225494967187982
----------------------------------
----------------------------------
Iteration = 101
Distance = 1.1376080859548665e-5
v max = -0.6145118684596867
v min = -6.910870651922151
d max = 0.07611111111111112
d min = 0.07611111111111112
dF max = 0.07611111111111112
dB max = 0.07611111111111112
hk max = 0.010331966455186503
hk min = 0.010331966455186503
hz max = 0.05227734748995794
hz min = 0.03691122469699678
lambdaF max = 1.3707969758480545
lambdaF min = 0.01225494967187982
lambdaB max = 1.3826760332123638
lambdaB min = 0.01225494967187982
----------------------------------
----------------------------------
Iteration = 102
Distance = 1.0341891694132244e-5
v max = -0.6145222103513728
v min = -6.910880993813845
d max = 0.07611111111111112
d min = 0.07611111111111112
dF max = 0.07611111111111112
dB max = 0.07611111111111112
hk max = 0.010331966455186503
hk min = 0.010331966455186503
hz max = 0.052277347489960234
hz min = 0.03691122469699707
lambdaF max = 1.370796975848086
lambdaF min = 0.01225494967187982
lambdaB max = 1.3826760332123638
lambdaB min = 0.01225494967187982
----------------------------------
----------------------------------
Iteration = 103
Distance = 9.401719716972678e-6
v max = -0.6145316120710852
v min = -6.910890395533554
d max = 0.07611111111111112
d min = 0.07611111111111112
dF max = 0.07611111111111112
dB max = 0.07611111111111112
hk max = 0.010331966455186503
hk min = 0.010331966455186503
hz max = 0.052277347489960234
hz min = 0.03691122469699678
lambdaF max = 1.370796975848086
lambdaF min = 0.01225494967187982
lambdaB max = 1.3826760332123638
lambdaB min = 0.01225494967187982
----------------------------------
    Value Function Converged, Iteration = 103 with gamma=8.0 with rho=1.0 and v=-3.261958297386226
    Natural boundary condition
=============================================================
Convegence time (minutes): 0.11358643041666668
Current Time = 15:59:46
grid points for z:  401
grid size for z:  0.025
-0.12108388754333492
-0.2985269374455654
--- 8.507376432418823 seconds for the elasticity computation ---
-0.04087634939460521
-0.1744749078099473
--- 0.22550702095031738 seconds for the elasticity computation ---
-0.021262288090220405
-0.12405202963561812
--- 0.22319459915161133 seconds for the elasticity computation ---
-0.1904631556260038
-0.3059659532932997
--- 0.22692036628723145 seconds for the elasticity computation ---
Current Time = 15:59:57
grid points for z:  401
grid size for z:  0.025
rho = 1
0.05937926808266887
--- 8.418094158172607 seconds for the elasticity computation ---
0.0
--- 0.0707392692565918 seconds for the elasticity computation ---
0.05937926808266887
--- 0.07036733627319336 seconds for the elasticity computation ---
0.0
--- 0.06792998313903809 seconds for the elasticity computation ---
0.0
--- 0.06805706024169922 seconds for the elasticity computation ---
0.05937926808266887
0.007439015847734282
--- 0.06833481788635254 seconds for the elasticity computation ---
0.05937926808266887
0.007439015847734282
--- 0.06891155242919922 seconds for the elasticity computation ---
0.05937926808266887
0.007439015847734282
--- 0.06884169578552246 seconds for the elasticity computation ---
0.05937926808266887
0.007439015847734282
--- 0.0693669319152832 seconds for the elasticity computation ---
parsed_args = parse_commandline() = Dict{String, Any}("dataname" => "upper_triangular_four_ambiguous_parameters", "clowerlim" => 0.0001, "delta" => 0.01, "boundary" => 0, "Delta" => 10.0, "q" => 0.05, "zmax" => 5.0, "logadjustment" => 1, "zscale" => 2.0, "foc" => 1, "distorted" => 0, "rho" => 1.0, "gamma" => 8.0)
=============================================================
./output/upper_triangular_four_ambiguous_parameters/Delta_10.0_distorted_0/logadjustment_1_boundary_0/zmax_5.0_zscale_2.0/delta_0.01/q_0.05_gamma_8.0_rho_1.0/
=============================================================
solve for structured linear system 
structured_relative_entropy = 0.05064736617419522
=============================================================
solve for unstructured linear system 
q_update = 0.36547627186974424
=============================================================
parsed_args = parse_commandline() = Dict{String, Any}("dataname" => "upper_triangular_four_ambiguous_parameters", "clowerlim" => 0.0001, "delta" => 0.01, "boundary" => 0, "Delta" => 10.0, "q" => 0.05, "zmax" => 5.0, "logadjustment" => 1, "zscale" => 2.0, "foc" => 1, "distorted" => 0, "rho" => 1.0, "gamma" => 8.0)
=============================================================
./output/upper_triangular_four_ambiguous_parameters/Delta_10.0_distorted_0/logadjustment_1_boundary_0/zmax_5.0_zscale_2.0/delta_0.01/q_0.05_gamma_8.0_rho_1.0/
=============================================================
solve for structured linear system 
structured_relative_entropy = 0.05064736617419521
=============================================================
solve for unstructured linear system 
q_update = 0.3654762718697442
=============================================================
Program ends Fri Jan 19 16:00:38 CST 2024
Elapsed time: 0 days 00 hr 01 min 20 sec
