D_10.0_distorted_0_boundary_1_delta_0.015_gamma_3.0_q_0.1_rho_1.0_lower_triangular_four_ambiguous_parameters
Program starts Fri Jan 19 22:21:08 CST 2024
parsed_args = parse_commandline() = Dict{String, Any}("dataname" => "lower_triangular_four_ambiguous_parameters", "clowerlim" => 0.0001, "delta" => 0.015, "boundary" => 1, "Delta" => 10.0, "q" => 0.1, "zmax" => 5.0, "logadjustment" => 1, "zscale" => 2.0, "foc" => 1, "distorted" => 0, "rho" => 1.0, "gamma" => 3.0)
=============================================================
logadjustment: true
reflective_boundary: true
0.1002
sigma_k: [0.011287880226154068, 0.0]
sigma_z: [0.026030751045638307, 0.05916079783099616]
Compute value function WITH ROBUSTNESS
computing undistorted version...
zmax = 5.0, zmin = -5.0, zlength = 401
reflective boundary condition
----------------------------------
Iteration = 1
Distance = 1.2255894467664885
v max = -0.8898574091696372
v min = -3.2255894467664885
d max = 0.07607142857142857
d min = 0.07607142857142857
dF max = 0.07607142857142857
dB max = 0.07607142857142857
hk max = 0.011287880226154068
hk min = 0.011287880226154068
hz max = 0.0
hz min = 0.0
lambdaF max = 0.15963473306270162
lambdaF min = 0.006028620769798678
lambdaB max = 0.15963473306270162
lambdaB min = 0.006028620769798678
----------------------------------
----------------------------------
Iteration = 2
Distance = 0.9614239170487893
v max = -0.5739238787662617
v min = -4.187013363815278
d max = 0.07607142857142857
d min = 0.07607142857142857
dF max = 0.07607142857142857
dB max = 0.07607142857142857
hk max = 0.017376944798234303
hk min = 0.015991748740911478
hz max = 0.013838783118364171
hz min = 0.010690610260812302
lambdaF max = 0.31415605317035283
lambdaF min = 0.006028620769798678
lambdaB max = 0.3141560531703672
lambdaB min = 0.006028620769798678
----------------------------------
----------------------------------
Iteration = 3
Distance = 0.6623509560247545
v max = -0.44598657289569976
v min = -4.849364319840032
d max = 0.07607142857142857
d min = 0.07607142857142857
dF max = 0.07607142857142857
dB max = 0.07607142857142857
hk max = 0.022108254520195804
hk min = 0.018038217707752
hz max = 0.024591759759185764
hz min = 0.015341676094540761
lambdaF max = 0.4193626145923433
lambdaF min = 0.006028620769798678
lambdaB max = 0.4229855222940405
lambdaB min = 0.006028620769798678
----------------------------------
----------------------------------
Iteration = 4
Distance = 0.46426148345801543
v max = -0.41198403386163523
v min = -5.313625803298048
d max = 0.07607142857142857
d min = 0.07607142857142857
dF max = 0.07607142857142857
dB max = 0.07607142857142857
hk max = 0.02528484153422598
hk min = 0.018646629129719254
hz max = 0.03181127570016344
hz min = 0.016724429326284516
lambdaF max = 0.488114333661667
lambdaF min = 0.006028620769798678
lambdaB max = 0.49404312566321684
lambdaB min = 0.006028620769798678
----------------------------------
----------------------------------
Iteration = 5
Distance = 0.3323814209256719
v max = -0.4199832016012274
v min = -5.64600722422372
d max = 0.07607142857142857
d min = 0.07607142857142857
dF max = 0.07607142857142857
dB max = 0.07607142857142857
hk max = 0.027433550196411517
hk min = 0.019131805158286254
hz max = 0.036694704477857845
hz min = 0.01782710211848224
lambdaF max = 0.5317029913216763
lambdaF min = 0.006028620769798678
lambdaB max = 0.539299586980668
lambdaB min = 0.006028620769798678
----------------------------------
----------------------------------
Iteration = 6
Distance = 0.24152120035724955
v max = -0.44554217818322944
v min = -5.887528424580969
d max = 0.07607142857142857
d min = 0.07607142857142857
dF max = 0.07607142857142857
dB max = 0.07607142857142857
hk max = 0.028903779252350967
hk min = 0.019262764895151767
hz max = 0.0400361341504475
hz min = 0.01812473788408568
lambdaF max = 0.5599104986146299
lambdaF min = 0.006028620769798678
lambdaB max = 0.5686697782458023
lambdaB min = 0.006028620769798678
----------------------------------
----------------------------------
Iteration = 7
Distance = 0.17788205131379708
v max = -0.47829152495579386
v min = -6.065410475894766
d max = 0.07607142857142857
d min = 0.07607142857142857
dF max = 0.07607142857142857
dB max = 0.07607142857142857
hk max = 0.029913491380146845
hk min = 0.019380104865729678
hz max = 0.042330934440892684
hz min = 0.01839141963539912
lambdaF max = 0.578450323871443
lambdaF min = 0.006028620769798678
lambdaB max = 0.588013008746543
lambdaB min = 0.006028620769798678
----------------------------------
----------------------------------
Iteration = 8
Distance = 0.13280190377854062
v max = -0.5128457231709348
v min = -6.198212379673307
d max = 0.07607142857142857
d min = 0.07607142857142857
dF max = 0.07607142857142857
dB max = 0.07607142857142857
hk max = 0.03060767785452474
hk min = 0.019422278508651115
hz max = 0.043908630973569715
hz min = 0.018487268823856925
lambdaF max = 0.5907697048206129
lambdaF min = 0.006028620769798678
lambdaB max = 0.6008832234160519
lambdaB min = 0.006028620769798678
----------------------------------
----------------------------------
Iteration = 9
Distance = 0.10054266932458678
v max = -0.5467517631266248
v min = -6.298755048997894
d max = 0.07607142857142857
d min = 0.07607142857142857
dF max = 0.07607142857142857
dB max = 0.07607142857142857
hk max = 0.03108495066517433
hk min = 0.019458945227511473
hz max = 0.04499334190686424
hz min = 0.018570602275812295
lambdaF max = 0.599015630147411
lambdaF min = 0.006028620769798678
lambdaB max = 0.6095049786612676
lambdaB min = 0.006028620769798678
----------------------------------
----------------------------------
Iteration = 10
Distance = 0.07721745691161175
v max = -0.5786411026576932
v min = -6.375972505909505
d max = 0.07607142857142857
d min = 0.07607142857142857
dF max = 0.07607142857142857
dB max = 0.07607142857142857
hk max = 0.03141293402109517
hk min = 0.01947682185899069
hz max = 0.045738758624866156
hz min = 0.0186112309837196
lambdaF max = 0.6045613478772438
lambdaF min = 0.006028620769798678
lambdaB max = 0.6153064116284297
lambdaB min = 0.006028620769798678
----------------------------------
----------------------------------
Iteration = 11
Distance = 0.06016291249588779
v max = -0.6079708749051673
v min = -6.436135418405393
d max = 0.07607142857142857
d min = 0.07607142857142857
dF max = 0.07607142857142857
dB max = 0.07607142857142857
hk max = 0.03163816026066944
hk min = 0.01949044962650978
hz max = 0.046250636442080405
hz min = 0.01864220318262663
lambdaF max = 0.6083025555260512
lambdaF min = 0.006028620769798678
lambdaB max = 0.6192213465641889
lambdaB min = 0.006028620769798678
----------------------------------
----------------------------------
Iteration = 12
Distance = 0.04754099856802618
v max = -0.6345151506395615
v min = -6.483676416973419
d max = 0.07607142857142857
d min = 0.07607142857142857
dF max = 0.07607142857142857
dB max = 0.07607142857142857
hk max = 0.0317926895897285
hk min = 0.019498534063085354
hz max = 0.04660183946266919
hz min = 0.018660576902116567
lambdaF max = 0.6108314217549508
lambdaF min = 0.006028620769798678
lambdaB max = 0.6218681466558136
lambdaB min = 0.006028620769798678
----------------------------------
----------------------------------
Iteration = 13
Distance = 0.03807649333383267
v max = -0.6583012821336031
v min = -6.521752910307252
d max = 0.07607142857142857
d min = 0.07607142857142857
dF max = 0.07607142857142857
dB max = 0.07607142857142857
hk max = 0.03189861563518824
hk min = 0.019504190120024807
hz max = 0.04684258047507767
hz min = 0.018673431576978962
lambdaF max = 0.6125429902914626
lambdaF min = 0.006028620769798678
lambdaB max = 0.623659742732106
lambdaB min = 0.006028620769798678
----------------------------------
----------------------------------
Iteration = 14
Distance = 0.030880483686414273
v max = -0.6794521313728448
v min = -6.552633393993666
d max = 0.07607142857142857
d min = 0.07607142857142857
dF max = 0.07607142857142857
dB max = 0.07607142857142857
hk max = 0.03197115773470301
hk min = 0.019507899383673158
hz max = 0.04700744888306578
hz min = 0.0186818617216343
lambdaF max = 0.6137023589418406
lambdaF min = 0.006028620769798678
lambdaB max = 0.6248734067798847
lambdaB min = 0.006028620769798678
----------------------------------
----------------------------------
Iteration = 15
Distance = 0.025330360062137736
v max = -0.6981621508060464
v min = -6.577963754055804
d max = 0.07607142857142857
d min = 0.07607142857142857
dF max = 0.07607142857142857
dB max = 0.07607142857142857
hk max = 0.03202079203825105
hk min = 0.01951038984205953
hz max = 0.047120254118402226
hz min = 0.018687521854330594
lambdaF max = 0.6144881056931399
lambdaF min = 0.006028620769798678
lambdaB max = 0.6256959882615502
lambdaB min = 0.006028620769798678
----------------------------------
----------------------------------
Iteration = 16
Distance = 0.020987695063543477
v max = -0.7146449232304596
v min = -6.5989514491193475
d max = 0.07607142857142857
d min = 0.07607142857142857
dF max = 0.07607142857142857
dB max = 0.07607142857142857
hk max = 0.032054722970045725
hk min = 0.0195120936544114
hz max = 0.04719736987248105
hz min = 0.01869139415513031
lambdaF max = 0.6150208237335754
lambdaF min = 0.006028620769798678
lambdaB max = 0.6262536952107873
lambdaB min = 0.006028620769798678
----------------------------------
----------------------------------
Iteration = 17
Distance = 0.017541822193169132
v max = -0.7291228953082126
v min = -6.616493271312517
d max = 0.07607142857142857
d min = 0.07607142857142857
dF max = 0.07607142857142857
dB max = 0.07607142857142857
hk max = 0.032077899836794856
hk min = 0.019513221707503314
hz max = 0.04725004456963816
hz min = 0.01869395791215738
lambdaF max = 0.6153820793916969
lambdaF min = 0.006028620769798678
lambdaB max = 0.6266319037661291
lambdaB min = 0.006028620769798678
----------------------------------
----------------------------------
Iteration = 18
Distance = 0.014770970398682692
v max = -0.7418102704231764
v min = -6.631264241711199
d max = 0.07607142857142857
d min = 0.07607142857142857
dF max = 0.07607142857142857
dB max = 0.07607142857142857
hk max = 0.03209371905202242
hk min = 0.019514003325833196
hz max = 0.047285997331519
hz min = 0.018695734317452566
lambdaF max = 0.6156270992649486
lambdaF min = 0.006028620769798678
lambdaB max = 0.6268884250766347
lambdaB min = 0.006028620769798678
----------------------------------
----------------------------------
Iteration = 19
Distance = 0.01251544027504714
v max = -0.7529093080585482
v min = -6.6437796819862465
d max = 0.07607142857142857
d min = 0.07607142857142857
dF max = 0.07607142857142857
dB max = 0.07607142857142857
hk max = 0.03210450886914387
hk min = 0.01951452054348299
hz max = 0.047310519643158654
hz min = 0.018696909812111192
lambdaF max = 0.6157933011612705
lambdaF min = 0.006028620769798678
lambdaB max = 0.6270624301788297
lambdaB min = 0.006028620769798678
----------------------------------
----------------------------------
Iteration = 20
Distance = 0.010659059761957579
v max = -0.7626056354762115
v min = -6.654438741748204
d max = 0.07607142857142857
d min = 0.07607142857142857
dF max = 0.07607142857142857
dB max = 0.07607142857142857
hk max = 0.032111863656151554
hk min = 0.01951487889487749
hz max = 0.0473272350681761
hz min = 0.018697724247098695
lambdaF max = 0.6159060480836365
lambdaF min = 0.006028620769798678
lambdaB max = 0.6271804713740151
lambdaB min = 0.006028620769798678
----------------------------------
----------------------------------
Iteration = 21
Distance = 0.009116340878039253
v max = -0.7710677924527934
v min = -6.663555082626243
d max = 0.07607142857142857
d min = 0.07607142857142857
dF max = 0.07607142857142857
dB max = 0.07607142857142857
hk max = 0.03211687414747265
hk min = 0.019515117142032468
hz max = 0.04733862254845133
hz min = 0.018698265717905452
lambdaF max = 0.6159825369585766
lambdaF min = 0.006028620769798678
lambdaB max = 0.627260552367482
lambdaB min = 0.006028620769798678
----------------------------------
----------------------------------
Iteration = 22
Distance = 0.007823565785083808
v max = -0.7784468943296632
v min = -6.671378648411327
d max = 0.07607142857142857
d min = 0.07607142857142857
dF max = 0.07607142857142857
dB max = 0.07607142857142857
hk max = 0.03212028584767357
hk min = 0.019515281475794885
hz max = 0.047346376412544314
hz min = 0.018698639203729134
lambdaF max = 0.6160344301698627
lambdaF min = 0.006028620769798678
lambdaB max = 0.627314882854388
lambdaB min = 0.006028620769798678
----------------------------------
----------------------------------
Iteration = 23
Distance = 0.006732583180274254
v max = -0.7848775615625248
v min = -6.678111231591601
d max = 0.07607142857142857
d min = 0.07607142857142857
dF max = 0.07607142857142857
dB max = 0.07607142857142857
hk max = 0.03212260786947326
hk min = 0.019515391368627476
hz max = 0.047351653734816354
hz min = 0.01869888896016684
lambdaF max = 0.6160696378419177
lambdaF min = 0.006028620769798678
lambdaB max = 0.6273517442650667
lambdaB min = 0.006028620769798678
----------------------------------
----------------------------------
Iteration = 24
Distance = 0.005806475775891329
v max = -0.7904789766129874
v min = -6.683917707367493
d max = 0.07607142857142857
d min = 0.07607142857142857
dF max = 0.07607142857142857
dB max = 0.07607142857142857
hk max = 0.032124187623034574
hk min = 0.019515466781110158
hz max = 0.047355244083819345
hz min = 0.01869906035217294
lambdaF max = 0.616093525612683
lambdaF min = 0.006028620769798678
lambdaB max = 0.6273767541473333
lambdaB min = 0.006028620769798678
----------------------------------
----------------------------------
Iteration = 25
Distance = 0.005016520936850455
v max = -0.7953562398474502
v min = -6.688934228304343
d max = 0.07607142857142857
d min = 0.07607142857142857
dF max = 0.07607142857142857
dB max = 0.07607142857142857
hk max = 0.03212526201022644
hk min = 0.019515517471951863
hz max = 0.04735768587289176
hz min = 0.018699175558631355
lambdaF max = 0.6161097333863678
lambdaF min = 0.006028620769798678
lambdaB max = 0.6273937233176838
lambdaB min = 0.006028620769798678
----------------------------------
----------------------------------
Iteration = 26
Distance = 0.004340046446975165
v max = -0.7996017256527437
v min = -6.693274274751318
d max = 0.07607142857142857
d min = 0.07607142857142857
dF max = 0.07607142857142857
dB max = 0.07607142857142857
hk max = 0.032125992475511414
hk min = 0.019515552107023028
hz max = 0.047359346021266714
hz min = 0.018699254274702183
lambdaF max = 0.6161207305061608
lambdaF min = 0.006028620769798678
lambdaB max = 0.6274052370807538
lambdaB min = 0.006028620769798678
----------------------------------
----------------------------------
Iteration = 27
Distance = 0.003758907227503272
v max = -0.8032964290255107
v min = -6.697033181978822
d max = 0.07607142857142857
d min = 0.07607142857142857
dF max = 0.07607142857142857
dB max = 0.07607142857142857
hk max = 0.0321264889792979
hk min = 0.01951557548025342
hz max = 0.04736047443896327
hz min = 0.01869930739568035
lambdaF max = 0.6161281922646693
lambdaF min = 0.006028620769798678
lambdaB max = 0.6274130494091185
lambdaB min = 0.006028620769798678
----------------------------------
----------------------------------
Iteration = 28
Distance = 0.003258394073438531
v max = -0.8065112343391716
v min = -6.70029157605226
d max = 0.07607142857142857
d min = 0.07607142857142857
dF max = 0.07607142857142857
dB max = 0.07607142857142857
hk max = 0.032126826379146975
hk min = 0.01951559139945799
hz max = 0.04736124125680207
hz min = 0.018699343575690735
lambdaF max = 0.6161332552782814
lambdaF min = 0.006028620769798678
lambdaB max = 0.6274183503048569
lambdaB min = 0.006028620769798678
----------------------------------
----------------------------------
Iteration = 29
Distance = 0.0028264441195871015
v max = -0.8093080873998739
v min = -6.703118020171847
d max = 0.07607142857142857
d min = 0.07607142857142857
dF max = 0.07607142857142857
dB max = 0.07607142857142857
hk max = 0.032127055613625305
hk min = 0.019515602171767198
hz max = 0.047361762244252814
hz min = 0.018699368058211666
lambdaF max = 0.6161366907145986
lambdaF min = 0.006028620769798678
lambdaB max = 0.6274219471590784
lambdaB min = 0.006028620769798678
----------------------------------
----------------------------------
Iteration = 30
Distance = 0.002453063085164686
v max = -0.8117410633954977
v min = -6.705571083257012
d max = 0.07607142857142857
d min = 0.07607142857142857
dF max = 0.07607142857142857
dB max = 0.07607142857142857
hk max = 0.032127211331882594
hk min = 0.019515609493240334
hz max = 0.047362116149383016
hz min = 0.01869938469792333
lambdaF max = 0.6161390218041012
lambdaF min = 0.006028620769798678
lambdaB max = 0.6274243877813469
lambdaB min = 0.006028620769798678
----------------------------------
----------------------------------
Iteration = 31
Distance = 0.002129897084075516
v max = -0.8138573254892846
v min = -6.707700980341087
d max = 0.07607142857142857
d min = 0.07607142857142857
dF max = 0.07607142857142857
dB max = 0.07607142857142857
hk max = 0.03212731709494798
hk min = 0.019515614456097063
hz max = 0.047362356519986167
hz min = 0.01869939597714318
lambdaF max = 0.6161406035607992
lambdaF min = 0.006028620769798678
lambdaB max = 0.6274260438636374
lambdaB min = 0.006028620769798678
----------------------------------
----------------------------------
Iteration = 32
Distance = 0.0018499108668859066
v max = -0.8156979814936325
v min = -6.709550891207973
d max = 0.07607142857142857
d min = 0.07607142857142857
dF max = 0.07607142857142857
dB max = 0.07607142857142857
hk max = 0.032127388919424835
hk min = 0.01951561782492471
hz max = 0.04736251975743358
hz min = 0.018699403633569645
lambdaF max = 0.6161416768669852
lambdaF min = 0.006028620769798678
lambdaB max = 0.6274271676051024
lambdaB min = 0.006028620769798678
----------------------------------
----------------------------------
Iteration = 33
Distance = 0.0016071424878258966
v max = -0.8172988423541435
v min = -6.711158033695799
d max = 0.07607142857142857
d min = 0.07607142857142857
dF max = 0.07607142857142857
dB max = 0.07607142857142857
hk max = 0.0321274376905497
hk min = 0.019515620110705865
hz max = 0.04736263060089918
hz min = 0.01869940882852681
lambdaF max = 0.6161424051670937
lambdaF min = 0.006028620769798678
lambdaB max = 0.6274279301292759
lambdaB min = 0.006028620769798678
----------------------------------
----------------------------------
Iteration = 34
Distance = 0.001396513432216473
v max = -0.8186910923740981
v min = -6.712554547128016
d max = 0.07607142857142857
d min = 0.07607142857142857
dF max = 0.07607142857142857
dB max = 0.07607142857142857
hk max = 0.03212747080455222
hk min = 0.019515621661308054
hz max = 0.0473627058599958
hz min = 0.0186994123526227
lambdaF max = 0.6161428993634832
lambdaF min = 0.006028620769798678
lambdaB max = 0.6274284475492792
lambdaB min = 0.006028620769798678
----------------------------------
----------------------------------
Iteration = 35
Distance = 0.0012136794757884317
v max = -0.8199018782843756
v min = -6.713768226603804
d max = 0.07607142857142857
d min = 0.07607142857142857
dF max = 0.07607142857142857
dB max = 0.07607142857142857
hk max = 0.03212749328604794
hk min = 0.019515622713901982
hz max = 0.04736275695430426
hz min = 0.018699414744881633
lambdaF max = 0.6161432347077642
lambdaF min = 0.006028620769798678
lambdaB max = 0.6274287986526019
lambdaB min = 0.006028620769798678
----------------------------------
----------------------------------
Iteration = 36
Distance = 0.001054911858706653
v max = -0.8209548263452016
v min = -6.714823138462511
d max = 0.07607142857142857
d min = 0.07607142857142857
dF max = 0.07607142857142857
dB max = 0.07607142857142857
hk max = 0.032127508547938416
hk min = 0.019515623427763428
hz max = 0.04736279164041899
hz min = 0.018699416367294004
lambdaF max = 0.616143462261543
lambdaF min = 0.006028620769798678
lambdaB max = 0.6274290369001426
lambdaB min = 0.006028620769798678
----------------------------------
----------------------------------
Iteration = 37
Distance = 0.0009170013446402336
v max = -0.8218704949248438
v min = -6.715740139807151
d max = 0.07607142857142857
d min = 0.07607142857142857
dF max = 0.07607142857142857
dB max = 0.07607142857142857
hk max = 0.032127518908078315
hk min = 0.01951562391243171
hz max = 0.04736281518619148
hz min = 0.01869941746881282
lambdaF max = 0.6161436166727637
lambdaF min = 0.006028620769798678
lambdaB max = 0.6274291985679052
lambdaB min = 0.006028620769798678
----------------------------------
----------------------------------
Iteration = 38
Distance = 0.0007971798154962073
v max = -0.8226667702554085
v min = -6.716537319622647
d max = 0.07607142857142857
d min = 0.07607142857142857
dF max = 0.07607142857142857
dB max = 0.07607142857142857
hk max = 0.0321275259404286
hk min = 0.01951562424111869
hz max = 0.047362831168805755
hz min = 0.018699418215828694
lambdaF max = 0.6161437214519713
lambdaF min = 0.006028620769798678
lambdaB max = 0.6274293082712882
lambdaB min = 0.006028620769798678
----------------------------------
----------------------------------
Iteration = 39
Distance = 0.0006930555055530974
v max = -0.8233592119366286
v min = -6.7172303751282
d max = 0.07607142857142857
d min = 0.07607142857142857
dF max = 0.07607142857142857
dB max = 0.07607142857142857
hk max = 0.032127530713707164
hk min = 0.019515624464275006
hz max = 0.04736284201716613
hz min = 0.018699418723002133
lambdaF max = 0.6161437925524306
lambdaF min = 0.006028620769798678
lambdaB max = 0.6274293827131958
lambdaB min = 0.006028620769798678
----------------------------------
----------------------------------
Iteration = 40
Distance = 0.0006025590025560135
v max = -0.823961354376398
v min = -6.717832934130756
d max = 0.07607142857142857
d min = 0.07607142857142857
dF max = 0.07607142857142857
dB max = 0.07607142857142857
hk max = 0.03212753395349577
hk min = 0.019515624615624796
hz max = 0.04736284938032206
hz min = 0.01869941906697893
lambdaF max = 0.6161438407995226
lambdaF min = 0.006028620769798678
lambdaB max = 0.6274294332277177
lambdaB min = 0.006028620769798678
----------------------------------
----------------------------------
Iteration = 41
Distance = 0.0005238978674118044
v max = -0.8244849695521383
v min = -6.718356831998168
d max = 0.07607142857142857
d min = 0.07607142857142857
dF max = 0.07607142857142857
dB max = 0.07607142857142857
hk max = 0.032127536152380703
hk min = 0.019515624718371823
hz max = 0.04736285437778781
hz min = 0.018699419300494905
lambdaF max = 0.6161438735388902
lambdaF min = 0.006028620769798678
lambdaB max = 0.6274294675057625
lambdaB min = 0.006028620769798678
----------------------------------
----------------------------------
Iteration = 42
Distance = 0.00045551824347001
v max = -0.8249402959547668
v min = -6.718812350241638
d max = 0.07607142857142857
d min = 0.07607142857142857
dF max = 0.07607142857142857
dB max = 0.07607142857142857
hk max = 0.03212753764475136
hk min = 0.01951562478806576
hz max = 0.047362857769539315
hz min = 0.018699419458890216
lambdaF max = 0.6161438957551506
lambdaF min = 0.006028620769798678
lambdaB max = 0.6274294907661053
lambdaB min = 0.006028620769798678
----------------------------------
----------------------------------
Iteration = 43
Distance = 0.0003960721998694794
v max = -0.8253362379680556
v min = -6.719208422441508
d max = 0.07607142857142857
d min = 0.07607142857142857
dF max = 0.07607142857142857
dB max = 0.07607142857142857
hk max = 0.03212753865759296
hk min = 0.01951562483537369
hz max = 0.047362860071452045
hz min = 0.018699419566408238
lambdaF max = 0.6161439108306168
lambdaF min = 0.006028620769798678
lambdaB max = 0.6274295065500924
lambdaB min = 0.006028620769798678
----------------------------------
----------------------------------
Iteration = 44
Distance = 0.0003443898281130231
v max = -0.8256805394498946
v min = -6.719552812269621
d max = 0.07607142857142857
d min = 0.07607142857142857
dF max = 0.07607142857142857
dB max = 0.07607142857142857
hk max = 0.03212753934497224
hk min = 0.019515624867467073
hz max = 0.04736286163367767
hz min = 0.018699419639347743
lambdaF max = 0.6161439210605397
lambdaF min = 0.006028620769798678
lambdaB max = 0.6274295172608195
lambdaB min = 0.006028620769798678
----------------------------------
----------------------------------
Iteration = 45
Distance = 0.00029945531337993714
v max = -0.8259799348106818
v min = -6.719852267583001
d max = 0.07607142857142857
d min = 0.07607142857142857
dF max = 0.07607142857142857
dB max = 0.07607142857142857
hk max = 0.032127539811466266
hk min = 0.01951562488924942
hz max = 0.04736286269389138
hz min = 0.018699419688853077
lambdaF max = 0.6161439280023838
lambdaF min = 0.006028620769798678
lambdaB max = 0.6274295245289181
lambdaB min = 0.006028620769798678
----------------------------------
----------------------------------
Iteration = 46
Distance = 0.000260386354399067
v max = -0.8262402804809035
v min = -6.7201126539374
d max = 0.07607142857142857
d min = 0.07607142857142857
dF max = 0.07607142857142857
dB max = 0.07607142857142857
hk max = 0.032127540128049616
hk min = 0.019515624904028153
hz max = 0.04736286341339898
hz min = 0.01869941972244111
lambdaF max = 0.6161439327129985
lambdaF min = 0.006028620769798678
lambdaB max = 0.6274295294609227
lambdaB min = 0.006028620769798678
----------------------------------
----------------------------------
Iteration = 47
Distance = 0.0002264164222545162
v max = -0.8264666692947529
v min = -6.720339070359654
d max = 0.07607142857142857
d min = 0.07607142857142857
dF max = 0.07607142857142857
dB max = 0.07607142857142857
hk max = 0.03212754034289315
hk min = 0.019515624914057707
hz max = 0.047362863901679736
hz min = 0.018699419745235542
lambdaF max = 0.6161439359095503
lambdaF min = 0.006028620769798678
lambdaB max = 0.6274295328076842
lambdaB min = 0.006028620769798678
----------------------------------
----------------------------------
Iteration = 48
Distance = 0.00019687943808044395
v max = -0.8266635299977484
v min = -6.720535949797735
d max = 0.07607142857142857
d min = 0.07607142857142857
dF max = 0.07607142857142857
dB max = 0.07607142857142857
hk max = 0.03212754048869219
hk min = 0.019515624920862947
hz max = 0.04736286423304119
hz min = 0.018699419760702003
lambdaF max = 0.6161439380786663
lambdaF min = 0.006028620769798678
lambdaB max = 0.6274295350787498
lambdaB min = 0.006028620769798678
----------------------------------
----------------------------------
Iteration = 49
Distance = 0.00017119652048513956
v max = -0.8268347138046309
v min = -6.72070714631822
d max = 0.07607142857142857
d min = 0.07607142857142857
dF max = 0.07607142857142857
dB max = 0.07607142857142857
hk max = 0.03212754058763541
hk min = 0.019515624925481274
hz max = 0.047362864457912136
hz min = 0.018699419771198197
lambdaF max = 0.61614393955058
lambdaF min = 0.006028620769798678
lambdaB max = 0.6274295366198572
lambdaB min = 0.006028620769798678
----------------------------------
----------------------------------
Iteration = 50
Distance = 0.0001488645099074759
v max = -0.8269835696871208
v min = -6.720856010828127
d max = 0.07607142857142857
d min = 0.07607142857142857
dF max = 0.07607142857142857
dB max = 0.07607142857142857
hk max = 0.032127540654780365
hk min = 0.01951562492861495
hz max = 0.047362864610514324
hz min = 0.018699419778320195
lambdaF max = 0.6161439405493997
lambdaF min = 0.006028620769798678
lambdaB max = 0.6274295376656077
lambdaB min = 0.006028620769798678
----------------------------------
----------------------------------
Iteration = 51
Distance = 0.00012944602258890825
v max = -0.8271130098551827
v min = -6.720985456850716
d max = 0.07607142857142857
d min = 0.07607142857142857
dF max = 0.07607142857142857
dB max = 0.07607142857142857
hk max = 0.03212754070034517
hk min = 0.019515624930741524
hz max = 0.04736286471407069
hz min = 0.018699419783153315
lambdaF max = 0.6161439412272015
lambdaF min = 0.006028620769798678
lambdaB max = 0.6274295383752676
lambdaB min = 0.006028620769798678
----------------------------------
----------------------------------
Iteration = 52
Distance = 0.00011256082410771029
v max = -0.8272255667064488
v min = -6.721098017674824
d max = 0.07607142857142857
d min = 0.07607142857142857
dF max = 0.07607142857142857
dB max = 0.07607142857142857
hk max = 0.032127540731265794
hk min = 0.019515624932184554
hz max = 0.04736286478434483
hz min = 0.01869941978643293
lambdaF max = 0.6161439416871529
lambdaF min = 0.006028620769798678
lambdaB max = 0.627429538856811
lambdaB min = 0.006028620769798678
----------------------------------
----------------------------------
Iteration = 53
Distance = 9.787834322239064e-5
v max = -0.8273234423537291
v min = -6.721195896018046
d max = 0.07607142857142857
d min = 0.07607142857142857
dF max = 0.07607142857142857
dB max = 0.07607142857142857
hk max = 0.03212754075224945
hk min = 0.019515624933163802
hz max = 0.04736286483203499
hz min = 0.01869941978865849
lambdaF max = 0.6161439419992528
lambdaF min = 0.006028620769798678
lambdaB max = 0.6274295391835981
lambdaB min = 0.006028620769798678
----------------------------------
----------------------------------
Iteration = 54
Distance = 8.511117239518029e-5
v max = -0.8274085516966754
v min = -6.721281007190441
d max = 0.07607142857142857
d min = 0.07607142857142857
dF max = 0.07607142857142857
dB max = 0.07607142857142857
hk max = 0.03212754076648858
hk min = 0.019515624933828156
hz max = 0.047362864864396614
hz min = 0.01869941979016838
lambdaF max = 0.6161439422110327
lambdaF min = 0.006028620769798678
lambdaB max = 0.6274295394053404
lambdaB min = 0.006028620769798678
----------------------------------
----------------------------------
Iteration = 55
Distance = 7.400942304691682e-5
v max = -0.8274825598782805
v min = -6.721355016613488
d max = 0.07607142857142857
d min = 0.07607142857142857
dF max = 0.07607142857142857
dB max = 0.07607142857142857
hk max = 0.03212754077615179
hk min = 0.019515624934279226
hz max = 0.04736286488635846
hz min = 0.01869941979119354
lambdaF max = 0.6161439423547539
lambdaF min = 0.006028620769798678
lambdaB max = 0.6274295395558207
lambdaB min = 0.006028620769798678
----------------------------------
----------------------------------
Iteration = 56
Distance = 6.435582184227684e-5
v max = -0.827546914857691
v min = -6.721419372435331
d max = 0.07607142857142857
d min = 0.07607142857142857
dF max = 0.07607142857142857
dB max = 0.07607142857142857
hk max = 0.032127540782707686
hk min = 0.019515624934585217
hz max = 0.047362864901258225
hz min = 0.018699419791888976
lambdaF max = 0.616143942452289
lambdaF min = 0.006028620769798678
lambdaB max = 0.6274295396579211
lambdaB min = 0.006028620769798678
----------------------------------
----------------------------------
Iteration = 57
Distance = 5.596144972042083e-5
v max = -0.8276028757357395
v min = -6.721475333885051
d max = 0.07607142857142857
d min = 0.07607142857142857
dF max = 0.07607142857142857
dB max = 0.07607142857142857
hk max = 0.03212754078715966
hk min = 0.019515624934792603
hz max = 0.047362864911376354
hz min = 0.01869941979236031
lambdaF max = 0.6161439425184545
lambdaF min = 0.006028620769798678
lambdaB max = 0.6274295397272255
lambdaB min = 0.006028620769798678
----------------------------------
----------------------------------
Iteration = 58
Distance = 4.866203891396026e-5
v max = -0.8276515373867295
v min = -6.721523995923965
d max = 0.07607142857142857
d min = 0.07607142857142857
dF max = 0.07607142857142857
dB max = 0.07607142857142857
hk max = 0.03212754079017728
hk min = 0.019515624934933633
hz max = 0.04736286491823457
hz min = 0.018699419792680836
lambdaF max = 0.6161439425633732
lambdaF min = 0.006028620769798678
lambdaB max = 0.627429539774227
lambdaB min = 0.006028620769798678
----------------------------------
----------------------------------
Iteration = 59
Distance = 4.2314754505667906e-5
v max = -0.8276938518779985
v min = -6.721566310678471
d max = 0.07607142857142857
d min = 0.07607142857142857
dF max = 0.07607142857142857
dB max = 0.07607142857142857
hk max = 0.03212754079222756
hk min = 0.019515624935029237
hz max = 0.04736286492289429
hz min = 0.01869941979289811
lambdaF max = 0.6161439425938353
lambdaF min = 0.006028620769798678
lambdaB max = 0.6274295398061461
lambdaB min = 0.006028620769798678
----------------------------------
----------------------------------
Iteration = 60
Distance = 3.679539668244303e-5
v max = -0.8277306470960458
v min = -6.721603106075153
d max = 0.07607142857142857
d min = 0.07607142857142857
dF max = 0.07607142857142857
dB max = 0.07607142857142857
hk max = 0.032127540793615676
hk min = 0.01951562493509397
hz max = 0.04736286492604912
hz min = 0.01869941979304524
lambdaF max = 0.6161439426145033
lambdaF min = 0.006028620769798678
lambdaB max = 0.6274295398278222
lambdaB min = 0.006028620769798678
----------------------------------
----------------------------------
Iteration = 61
Distance = 3.199596859371212e-5
v max = -0.8277626429434205
v min = -6.721635102043747
d max = 0.07607142857142857
d min = 0.07607142857142857
dF max = 0.07607142857142857
dB max = 0.07607142857142857
hk max = 0.03212754079455989
hk min = 0.019515624935138247
hz max = 0.04736286492819507
hz min = 0.018699419793145863
lambdaF max = 0.6161439426285689
lambdaF min = 0.006028620769798678
lambdaB max = 0.6274295398424977
lambdaB min = 0.006028620769798678
----------------------------------
----------------------------------
Iteration = 62
Distance = 2.7822562039148124e-5
v max = -0.8277904654231935
v min = -6.721662924605786
d max = 0.07607142857142857
d min = 0.07607142857142857
dF max = 0.07607142857142857
dB max = 0.07607142857142857
hk max = 0.03212754079519893
hk min = 0.019515624935167956
hz max = 0.04736286492964742
hz min = 0.018699419793213382
lambdaF max = 0.6161439426380657
lambdaF min = 0.006028620769798678
lambdaB max = 0.6274295398524586
lambdaB min = 0.006028620769798678
----------------------------------
----------------------------------
Iteration = 63
Distance = 2.419351907434475e-5
v max = -0.8278146588864421
v min = -6.72168711812486
d max = 0.07607142857142857
d min = 0.07607142857142857
dF max = 0.07607142857142857
dB max = 0.07607142857142857
hk max = 0.03212754079563451
hk min = 0.0195156249351883
hz max = 0.04736286493063738
hz min = 0.018699419793259623
lambdaF max = 0.6161439426445431
lambdaF min = 0.006028620769798678
lambdaB max = 0.6274295398592402
lambdaB min = 0.006028620769798678
----------------------------------
----------------------------------
Iteration = 64
Distance = 2.1037833760395586e-5
v max = -0.8278356966823232
v min = -6.721708155958621
d max = 0.07607142857142857
d min = 0.07607142857142857
dF max = 0.07607142857142857
dB max = 0.07607142857142857
hk max = 0.03212754079592952
hk min = 0.01951562493520194
hz max = 0.047362864931307855
hz min = 0.018699419793290626
lambdaF max = 0.6161439426489395
lambdaF min = 0.006028620769798678
lambdaB max = 0.627429539863798
lambdaB min = 0.006028620769798678
----------------------------------
----------------------------------
Iteration = 65
Distance = 1.8293762438226224e-5
v max = -0.827853990419056
v min = -6.721726449721059
d max = 0.07607142857142857
d min = 0.07607142857142857
dF max = 0.07607142857142857
dB max = 0.07607142857142857
hk max = 0.03212754079613113
hk min = 0.019515624935211535
hz max = 0.04736286493176605
hz min = 0.01869941979331243
lambdaF max = 0.6161439426518965
lambdaF min = 0.006028620769798678
lambdaB max = 0.6274295398669303
lambdaB min = 0.006028620769798678
----------------------------------
----------------------------------
Iteration = 66
Distance = 1.590761540892771e-5
v max = -0.8278698980170198
v min = -6.721742357336468
d max = 0.07607142857142857
d min = 0.07607142857142857
dF max = 0.07607142857142857
dB max = 0.07607142857142857
hk max = 0.032127540796266146
hk min = 0.01951562493521778
hz max = 0.047362864932072916
hz min = 0.018699419793326618
lambdaF max = 0.6161439426539147
lambdaF min = 0.006028620769798678
lambdaB max = 0.6274295398690446
lambdaB min = 0.006028620769798678
----------------------------------
----------------------------------
Iteration = 67
Distance = 1.3832706262206784e-5
v max = -0.8278837307114484
v min = -6.72175619004273
d max = 0.07607142857142857
d min = 0.07607142857142857
dF max = 0.07607142857142857
dB max = 0.07607142857142857
hk max = 0.0321275407963577
hk min = 0.019515624935222055
hz max = 0.04736286493228099
hz min = 0.01869941979333634
lambdaF max = 0.6161439426552916
lambdaF min = 0.006028620769798678
lambdaB max = 0.6274295398704699
lambdaB min = 0.006028620769798678
----------------------------------
----------------------------------
Iteration = 68
Distance = 1.2028438338695935e-5
v max = -0.8278957591417568
v min = -6.721768218481069
d max = 0.07607142857142857
d min = 0.07607142857142857
dF max = 0.07607142857142857
dB max = 0.07607142857142857
hk max = 0.03212754079642151
hk min = 0.01951562493522495
hz max = 0.047362864932426016
hz min = 0.018699419793342907
lambdaF max = 0.6161439426562303
lambdaF min = 0.006028620769798678
lambdaB max = 0.6274295398714566
lambdaB min = 0.006028620769798678
----------------------------------
----------------------------------
Iteration = 69
Distance = 1.0459510317417653e-5
v max = -0.8279062186466247
v min = -6.721778677991386
d max = 0.07607142857142857
d min = 0.07607142857142857
dF max = 0.07607142857142857
dB max = 0.07607142857142857
hk max = 0.03212754079646406
hk min = 0.019515624935227027
hz max = 0.0473628649325227
hz min = 0.018699419793347636
lambdaF max = 0.616143942656856
lambdaF min = 0.006028620769798678
lambdaB max = 0.6274295398720988
lambdaB min = 0.006028620769798678
----------------------------------
----------------------------------
Iteration = 70
Distance = 9.095225491861925e-6
v max = -0.8279153138684207
v min = -6.721787773216878
d max = 0.07607142857142857
d min = 0.07607142857142857
dF max = 0.07607142857142857
dB max = 0.07607142857142857
hk max = 0.03212754079649087
hk min = 0.019515624935228182
hz max = 0.047362864932583654
hz min = 0.018699419793350262
lambdaF max = 0.6161439426572787
lambdaF min = 0.006028620769798678
lambdaB max = 0.6274295398725687
lambdaB min = 0.006028620769798678
----------------------------------
    Value Function Converged, Iteration = 70 with gamma=3.0 with rho=1.0 and v=-2.8491026085585562
    Reflective boundary condition
=============================================================
Convegence time (minutes): 0.11156207518333333
Current Time = 22:21:35
grid points for z:  401
grid size for z:  0.025
-0.13538108179882763
-0.36621239673383293
--- 8.557160139083862 seconds for the elasticity computation ---
-0.0021472797788497215
-0.046280616825846554
--- 0.06605935096740723 seconds for the elasticity computation ---
-0.10346593395190619
-0.3199317799079864
--- 0.06295275688171387 seconds for the elasticity computation ---
-0.2097356828858565
-0.37185633684691
--- 0.06243586540222168 seconds for the elasticity computation ---
Current Time = 22:21:46
grid points for z:  401
grid size for z:  0.025
rho = 1
0.05935460108702888
--- 8.619561672210693 seconds for the elasticity computation ---
0.0
--- 0.06732535362243652 seconds for the elasticity computation ---
0.05935460108702888
--- 0.06659865379333496 seconds for the elasticity computation ---
0.0
--- 0.06640863418579102 seconds for the elasticity computation ---
0.0
--- 0.0658411979675293 seconds for the elasticity computation ---
0.05935460108702888
0.005643940113077034
--- 0.0661156177520752 seconds for the elasticity computation ---
0.05935460108702888
0.005643940113077034
--- 0.0660090446472168 seconds for the elasticity computation ---
0.05935460108702888
0.005643940113077034
--- 0.06589436531066895 seconds for the elasticity computation ---
0.05935460108702888
0.005643940113077034
--- 0.06592154502868652 seconds for the elasticity computation ---
parsed_args = parse_commandline() = Dict{String, Any}("dataname" => "lower_triangular_four_ambiguous_parameters", "clowerlim" => 0.0001, "delta" => 0.015, "boundary" => 1, "Delta" => 10.0, "q" => 0.1, "zmax" => 5.0, "logadjustment" => 1, "zscale" => 2.0, "foc" => 1, "distorted" => 0, "rho" => 1.0, "gamma" => 3.0)
=============================================================
./output/lower_triangular_four_ambiguous_parameters/Delta_10.0_distorted_0/logadjustment_1_boundary_1/zmax_5.0_zscale_2.0/delta_0.015/q_0.1_gamma_3.0_rho_1.0/
=============================================================
solve for structured linear system 
structured_relative_entropy = 0.10126106991379373
=============================================================
solve for unstructured linear system 
q_update = 0.0977626406853681
=============================================================
parsed_args = parse_commandline() = Dict{String, Any}("dataname" => "lower_triangular_four_ambiguous_parameters", "clowerlim" => 0.0001, "delta" => 0.015, "boundary" => 1, "Delta" => 10.0, "q" => 0.1, "zmax" => 5.0, "logadjustment" => 1, "zscale" => 2.0, "foc" => 1, "distorted" => 0, "rho" => 1.0, "gamma" => 3.0)
=============================================================
./output/lower_triangular_four_ambiguous_parameters/Delta_10.0_distorted_0/logadjustment_1_boundary_1/zmax_5.0_zscale_2.0/delta_0.015/q_0.1_gamma_3.0_rho_1.0/
=============================================================
solve for structured linear system 
structured_relative_entropy = 0.10126106991379374
=============================================================
solve for unstructured linear system 
q_update = 0.09776264068536812
=============================================================
Program ends Fri Jan 19 22:22:27 CST 2024
Elapsed time: 0 days 00 hr 01 min 18 sec
