D_10.0_distorted_0_boundary_0_delta_0.01_gamma_10.0_q_0.05_rho_1.0_lower_triangular_two_ambiguous_parameters
Program starts Fri Jan 19 22:23:08 CST 2024
parsed_args = parse_commandline() = Dict{String, Any}("dataname" => "lower_triangular_two_ambiguous_parameters", "clowerlim" => 0.0001, "delta" => 0.01, "boundary" => 0, "Delta" => 10.0, "q" => 0.05, "zmax" => 5.0, "logadjustment" => 1, "zscale" => 2.0, "foc" => 1, "distorted" => 0, "rho" => 1.0, "gamma" => 10.0)
=============================================================
logadjustment: true
reflective_boundary: false
0.0922
sigma_k: [0.011287880226154068, 0.0]
sigma_z: [0.026030751045638307, 0.05916079783099616]
Compute value function WITH ROBUSTNESS
computing undistorted version...
zmax = 5.0, zmin = -5.0, zlength = 401
natural boundary condition
----------------------------------
Iteration = 1
Distance = 1.2274589931175206
v max = -0.8178204389006495
v min = -3.2274589931175206
d max = 0.07611111111111112
d min = 0.07611111111111112
dF max = 0.07611111111111112
dB max = 0.07611111111111112
hk max = 0.011287880226154068
hk min = 0.011287880226154068
hz max = 0.0
hz min = 0.0
lambdaF max = Inf
lambdaF min = 0.008624482946382158
lambdaB max = Inf
lambdaB min = 0.008624482946382158
----------------------------------
----------------------------------
Iteration = 2
Distance = 0.9368981616143341
v max = -0.35001148593630665
v min = -4.164357154731855
d max = 0.07611111111111112
d min = 0.07611111111111112
dF max = 0.07611111111111112
dB max = 0.07611111111111112
hk max = 0.01756035035763418
hk min = 0.0175603503576321
hz max = 0.014255613935182078
hz min = 0.014255613935177347
lambdaF max = Inf
lambdaF min = 0.008624482946382158
lambdaB max = Inf
lambdaB min = 0.008624482946382158
----------------------------------
----------------------------------
Iteration = 3
Distance = 0.6616166472202201
v max = -0.13275829955827204
v min = -4.825973801952075
d max = 0.07611111111111112
d min = 0.07611111111111112
dF max = 0.07611111111111112
dB max = 0.07611111111111112
hk max = 0.02224882965112067
hk min = 0.02018498730247243
hz max = 0.024911248693105917
hz min = 0.020220697900723554
lambdaF max = Inf
lambdaF min = 0.008624482946382158
lambdaB max = Inf
lambdaB min = 0.008624482946382158
----------------------------------
----------------------------------
Iteration = 4
Distance = 0.48326422726889007
v max = -0.04967628236502528
v min = -5.309238029220965
d max = 0.07611111111111112
d min = 0.07611111111111112
dF max = 0.07611111111111112
dB max = 0.07611111111111112
hk max = 0.025392533409714063
hk min = 0.021554516969566864
hz max = 0.03205602996263636
hz min = 0.023333265325938175
lambdaF max = Inf
lambdaF min = 0.008624482946382158
lambdaB max = Inf
lambdaB min = 0.008624482946382158
----------------------------------
----------------------------------
Iteration = 5
Distance = 0.3646774791562901
v max = -0.034402093974189314
v min = -5.673915508377255
d max = 0.07611111111111112
d min = 0.07611111111111112
dF max = 0.07611111111111112
dB max = 0.07611111111111112
hk max = 0.027516474211804472
hk min = 0.022251819999837923
hz max = 0.036883168149205475
hz min = 0.024918044940190585
lambdaF max = Inf
lambdaF min = 0.008624482946382158
lambdaB max = Inf
lambdaB min = 0.008624482946382158
----------------------------------
----------------------------------
Iteration = 6
Distance = 0.28256796162538045
v max = -0.0537059138325944
v min = -5.9564834700026354
d max = 0.07611111111111112
d min = 0.07611111111111112
dF max = 0.07611111111111112
dB max = 0.07611111111111112
hk max = 0.028963993774260375
hk min = 0.022613486912146333
hz max = 0.040172985336605245
hz min = 0.02574001519543697
lambdaF max = Inf
lambdaF min = 0.008624482946382158
lambdaB max = Inf
lambdaB min = 0.008624482946382158
----------------------------------
----------------------------------
Iteration = 7
Distance = 0.2242113284099716
v max = -0.09203086394189171
v min = -6.180694798412607
d max = 0.07611111111111112
d min = 0.07611111111111112
dF max = 0.07611111111111112
dB max = 0.07611111111111112
hk max = 0.029968097542994565
hk min = 0.02281721279852522
hz max = 0.042455039356455684
hz min = 0.02620302857357081
lambdaF max = Inf
lambdaF min = 0.008624482946382158
lambdaB max = Inf
lambdaB min = 0.008624482946382158
----------------------------------
----------------------------------
Iteration = 8
Distance = 0.18181727223424993
v max = -0.1421180704241332
v min = -6.362512070646857
d max = 0.07611111111111112
d min = 0.07611111111111112
dF max = 0.07611111111111112
dB max = 0.07611111111111112
hk max = 0.030653331586939326
hk min = 0.022951604224743925
hz max = 0.04401238945633014
hz min = 0.02650846363315877
lambdaF max = Inf
lambdaF min = 0.008624482946382158
lambdaB max = Inf
lambdaB min = 0.008624482946382158
----------------------------------
----------------------------------
Iteration = 9
Distance = 0.1503677138882651
v max = -0.19989866757808122
v min = -6.512879784535122
d max = 0.07611111111111112
d min = 0.07611111111111112
dF max = 0.07611111111111112
dB max = 0.07611111111111112
hk max = 0.03110454591215815
hk min = 0.023054913498357185
hz max = 0.045037876559100194
hz min = 0.02674325743682527
lambdaF max = Inf
lambdaF min = 0.008624482946382158
lambdaB max = Inf
lambdaB min = 0.008624482946382158
----------------------------------
----------------------------------
Iteration = 10
Distance = 0.12654267096957472
v max = -0.2622585164484938
v min = -6.639422455504697
d max = 0.07611111111111112
d min = 0.07611111111111112
dF max = 0.07611111111111112
dB max = 0.07611111111111112
hk max = 0.03141445782675378
hk min = 0.02313909585544132
hz max = 0.045742221819544814
hz min = 0.026934580975652857
lambdaF max = Inf
lambdaF min = 0.008624482946382158
lambdaB max = Inf
lambdaB min = 0.008624482946382158
----------------------------------
----------------------------------
Iteration = 11
Distance = 0.10810795651651084
v max = -0.3264629429517618
v min = -6.747530412021208
d max = 0.07611111111111112
d min = 0.07611111111111112
dF max = 0.07611111111111112
dB max = 0.07611111111111112
hk max = 0.03163286325385149
hk min = 0.023205992417344678
hz max = 0.046238597790221436
hz min = 0.0270866186163423
lambdaF max = Inf
lambdaF min = 0.008624482946382158
lambdaB max = Inf
lambdaB min = 0.008624482946382158
----------------------------------
----------------------------------
Iteration = 12
Distance = 0.0935411128222583
v max = -0.3902184569922407
v min = -6.841071524843466
d max = 0.07611111111111112
d min = 0.07611111111111112
dF max = 0.07611111111111112
dB max = 0.07611111111111112
hk max = 0.03178269234013806
hk min = 0.023256103124816425
hz max = 0.0465791184408727
hz min = 0.027200506587869
lambdaF max = Inf
lambdaF min = 0.008624482946382158
lambdaB max = Inf
lambdaB min = 0.008624482946382158
----------------------------------
----------------------------------
Iteration = 13
Distance = 0.0817935970358592
v max = -0.45180254978394563
v min = -6.922865121879325
d max = 0.07611111111111112
d min = 0.07611111111111112
dF max = 0.07611111111111112
dB max = 0.07611111111111112
hk max = 0.03188557972054389
hk min = 0.023291244776377812
hz max = 0.04681295339634051
hz min = 0.027280373977781238
lambdaF max = Inf
lambdaF min = 0.008624482946382158
lambdaB max = Inf
lambdaB min = 0.008624482946382158
----------------------------------
----------------------------------
Iteration = 14
Distance = 0.07213597495557345
v max = -0.5101043045741174
v min = -6.995001096834899
d max = 0.07611111111111112
d min = 0.07611111111111112
dF max = 0.07611111111111112
dB max = 0.07611111111111112
hk max = 0.03195736777082758
hk min = 0.023314373736101526
hz max = 0.04697610805607618
hz min = 0.02733293979533514
lambdaF max = Inf
lambdaF min = 0.008624482946382158
lambdaB max = Inf
lambdaB min = 0.008624482946382158
----------------------------------
----------------------------------
Iteration = 15
Distance = 0.06405568635397874
v max = -0.564569260955243
v min = -7.059056783188877
d max = 0.07611111111111112
d min = 0.07611111111111112
dF max = 0.07611111111111112
dB max = 0.07611111111111112
hk max = 0.032006075339319595
hk min = 0.02332892779601963
hz max = 0.047086807075376214
hz min = 0.02736601720423992
lambdaF max = Inf
lambdaF min = 0.008624482946382158
lambdaB max = Inf
lambdaB min = 0.008624482946382158
----------------------------------
----------------------------------
Iteration = 16
Distance = 0.057188823233508046
v max = -0.6150601405945155
v min = -7.116245606422385
d max = 0.07611111111111112
d min = 0.07611111111111112
dF max = 0.07611111111111112
dB max = 0.07611111111111112
hk max = 0.03203798667710175
hk min = 0.023338163592761037
hz max = 0.04715933284306291
hz min = 0.027387007651379483
lambdaF max = Inf
lambdaF min = 0.008624482946382158
lambdaB max = Inf
lambdaB min = 0.008624482946382158
----------------------------------
----------------------------------
Iteration = 17
Distance = 0.051274159086654336
v max = -0.6616775018490744
v min = -7.16751976550904
d max = 0.07611111111111112
d min = 0.07611111111111112
dF max = 0.07611111111111112
dB max = 0.07611111111111112
hk max = 0.032060437753907885
hk min = 0.0233445164982143
hz max = 0.04721035801762232
hz min = 0.027401446072864162
lambdaF max = Inf
lambdaF min = 0.008624482946382158
lambdaB max = Inf
lambdaB min = 0.008624482946382158
----------------------------------
----------------------------------
Iteration = 18
Distance = 0.04612185615379527
v max = -0.7046097754158771
v min = -7.213641621662835
d max = 0.07611111111111112
d min = 0.07611111111111112
dF max = 0.07611111111111112
dB max = 0.07611111111111112
hk max = 0.03207607068656146
hk min = 0.023349321843838165
hz max = 0.0472458874100168
hz min = 0.02741236731291841
lambdaF max = Inf
lambdaF min = 0.008624482946382158
lambdaB max = Inf
lambdaB min = 0.008624482946382158
----------------------------------
----------------------------------
Iteration = 19
Distance = 0.04159196685910249
v max = -0.7440538939598125
v min = -7.2552335885219374
d max = 0.07611111111111112
d min = 0.07611111111111112
dF max = 0.07611111111111112
dB max = 0.07611111111111112
hk max = 0.03208679832074178
hk min = 0.023353054090886786
hz max = 0.04727026839679027
hz min = 0.027420849692574363
lambdaF max = Inf
lambdaF min = 0.008624482946382158
lambdaB max = Inf
lambdaB min = 0.008624482946382158
----------------------------------
----------------------------------
Iteration = 20
Distance = 0.037579577774200956
v max = -0.7801979911938401
v min = -7.292813166296138
d max = 0.07611111111111112
d min = 0.07611111111111112
dF max = 0.07611111111111112
dB max = 0.07611111111111112
hk max = 0.032094161253423424
hk min = 0.02335580125231307
hz max = 0.04728700233470309
hz min = 0.027427093241270458
lambdaF max = Inf
lambdaF min = 0.008624482946382158
lambdaB max = Inf
lambdaB min = 0.008624482946382158
----------------------------------
----------------------------------
Iteration = 21
Distance = 0.034004532986007696
v max = -0.8132331675688408
v min = -7.326817699282146
d max = 0.07611111111111112
d min = 0.07611111111111112
dF max = 0.07611111111111112
dB max = 0.07611111111111112
hk max = 0.03209921530891325
hk min = 0.023357628592761415
hz max = 0.04729848882445269
hz min = 0.027431246287743974
lambdaF max = Inf
lambdaF min = 0.008624482946382158
lambdaB max = Inf
lambdaB min = 0.008624482946382158
----------------------------------
----------------------------------
Iteration = 22
Distance = 0.03080434150404887
v max = -0.8433659231625198
v min = -7.357622040786195
d max = 0.07611111111111112
d min = 0.07611111111111112
dF max = 0.07611111111111112
dB max = 0.07611111111111112
hk max = 0.0321026842033894
hk min = 0.02335871485654766
hz max = 0.047306372675534863
hz min = 0.027433715069076346
lambdaF max = Inf
lambdaF min = 0.008624482946382158
lambdaB max = Inf
lambdaB min = 0.008624482946382158
----------------------------------
----------------------------------
Iteration = 23
Distance = 0.027929290053832823
v max = -0.8708183694253596
v min = -7.385551330840028
d max = 0.07611111111111112
d min = 0.07611111111111112
dF max = 0.07611111111111112
dB max = 0.07611111111111112
hk max = 0.03210506450444204
hk min = 0.023359319811857755
hz max = 0.04731178245065449
hz min = 0.027435089967508385
lambdaF max = Inf
lambdaF min = 0.008624482946382158
lambdaB max = Inf
lambdaB min = 0.008624482946382158
----------------------------------
----------------------------------
Iteration = 24
Distance = 0.025339063244965487
v max = -0.8958172715738126
v min = -7.410890394084993
d max = 0.07611111111111112
d min = 0.07611111111111112
dF max = 0.07611111111111112
dB max = 0.07611111111111112
hk max = 0.03210669737515748
hk min = 0.02335968771644516
hz max = 0.04731549352046231
hz min = 0.027435926114297942
lambdaF max = Inf
lambdaF min = 0.008624482946382158
lambdaB max = Inf
lambdaB min = 0.008624482946382158
----------------------------------
----------------------------------
Iteration = 25
Distance = 0.02300038006516214
v max = -0.9185801071616888
v min = -7.433890774150155
d max = 0.07611111111111112
d min = 0.07611111111111112
dF max = 0.07611111111111112
dB max = 0.07611111111111112
hk max = 0.03210781739116209
hk min = 0.023359973824572625
hz max = 0.04731803901138188
hz min = 0.02743657636004218
lambdaF max = Inf
lambdaF min = 0.008624482946382158
lambdaB max = Inf
lambdaB min = 0.008624482946382158
----------------------------------
----------------------------------
Iteration = 26
Distance = 0.020885313857247567
v max = -0.9393057080135334
v min = -7.454776088007403
d max = 0.07611111111111112
d min = 0.07611111111111112
dF max = 0.07611111111111112
dB max = 0.07611111111111112
hk max = 0.0321085857683546
hk min = 0.023360232922578585
hz max = 0.04731978532318303
hz min = 0.027437165219146638
lambdaF max = Inf
lambdaF min = 0.008624482946382158
lambdaB max = Inf
lambdaB min = 0.008624482946382158
----------------------------------
----------------------------------
Iteration = 27
Distance = 0.018970079234820858
v max = -0.9581720587509155
v min = -7.473746167242224
d max = 0.07611111111111112
d min = 0.07611111111111112
dF max = 0.07611111111111112
dB max = 0.07611111111111112
hk max = 0.03210911312272996
hk min = 0.02336045647292729
hz max = 0.04732098385585431
hz min = 0.027437673288120957
lambdaF max = Inf
lambdaF min = 0.008624482946382158
lambdaB max = Inf
lambdaB min = 0.008624482946382158
----------------------------------
----------------------------------
Iteration = 28
Distance = 0.01723414743892615
v max = -0.9753392461480347
v min = -7.49098031468115
d max = 0.07611111111111112
d min = 0.07611111111111112
dF max = 0.07611111111111112
dB max = 0.07611111111111112
hk max = 0.03210947520362092
hk min = 0.023360620947277158
hz max = 0.04732180676697012
hz min = 0.02743804709346158
lambdaF max = Inf
lambdaF min = 0.008624482946382158
lambdaB max = Inf
lambdaB min = 0.008624482946382158
----------------------------------
----------------------------------
Iteration = 29
Distance = 0.015659598660942464
v max = -0.9909538815912776
v min = -7.5066399133420925
d max = 0.07611111111111112
d min = 0.07611111111111112
dF max = 0.07611111111111112
dB max = 0.07611111111111112
hk max = 0.03210972383474148
hk min = 0.023360718608456732
hz max = 0.047322371837698655
hz min = 0.027438269050687872
lambdaF max = Inf
lambdaF min = 0.008624482946382158
lambdaB max = Inf
lambdaB min = 0.008624482946382158
----------------------------------
----------------------------------
Iteration = 30
Distance = 0.014230646268432068
v max = -1.005152238539343
v min = -7.5208705596105245
d max = 0.07611111111111112
d min = 0.07611111111111112
dF max = 0.07611111111111112
dB max = 0.07611111111111112
hk max = 0.032109894506179626
hk min = 0.02336076322961102
hz max = 0.04732275972733083
hz min = 0.027438370462402172
lambdaF max = Inf
lambdaF min = 0.008624482946382158
lambdaB max = Inf
lambdaB min = 0.008624482946382158
----------------------------------
----------------------------------
Iteration = 31
Distance = 0.012933283679410934
v max = -1.0180612872396415
v min = -7.5338038432899355
d max = 0.07611111111111112
d min = 0.07611111111111112
dF max = 0.07611111111111112
dB max = 0.07611111111111112
hk max = 0.032110011587695796
hk min = 0.023360779305189348
hz max = 0.04732302582168576
hz min = 0.027438406997807457
lambdaF max = Inf
lambdaF min = 0.008624482946382158
lambdaB max = Inf
lambdaB min = 0.008624482946382158
----------------------------------
----------------------------------
Iteration = 32
Distance = 0.011755016468604218
v max = -1.0297983363649017
v min = -7.54555885975854
d max = 0.07611111111111112
d min = 0.07611111111111112
dF max = 0.07611111111111112
dB max = 0.07611111111111112
hk max = 0.03211009186092792
hk min = 0.023360788204368883
hz max = 0.04732320826084966
hz min = 0.027438427223215493
lambdaF max = Inf
lambdaF min = 0.008624482946382158
lambdaB max = Inf
lambdaB min = 0.008624482946382158
----------------------------------
----------------------------------
Iteration = 33
Distance = 0.010684652796528304
v max = -1.0404704716695776
v min = -7.556243512555068
d max = 0.07611111111111112
d min = 0.07611111111111112
dF max = 0.07611111111111112
dB max = 0.07611111111111112
hk max = 0.03211014689386872
hk min = 0.023360800564775297
hz max = 0.047323333335715125
hz min = 0.02743845531504825
lambdaF max = Inf
lambdaF min = 0.008624482946382158
lambdaB max = Inf
lambdaB min = 0.008624482946382158
----------------------------------
----------------------------------
Iteration = 34
Distance = 0.009712134386780313
v max = -1.050174597711239
v min = -7.565955646941848
d max = 0.07611111111111112
d min = 0.07611111111111112
dF max = 0.07611111111111112
dB max = 0.07611111111111112
hk max = 0.03211018464509259
hk min = 0.023360816824449123
hz max = 0.04732341913395119
hz min = 0.027438492268852404
lambdaF max = Inf
lambdaF min = 0.008624482946382158
lambdaB max = Inf
lambdaB min = 0.008624482946382158
----------------------------------
----------------------------------
Iteration = 35
Distance = 0.008828397172822022
v max = -1.0589982159847342
v min = -7.57478404411467
d max = 0.07611111111111112
d min = 0.07611111111111112
dF max = 0.07611111111111112
dB max = 0.07611111111111112
hk max = 0.03211021056695451
hk min = 0.023360832467856717
hz max = 0.04732347804727375
hz min = 0.027438527822051483
lambdaF max = Inf
lambdaF min = 0.008624482946382158
lambdaB max = Inf
lambdaB min = 0.008624482946382158
----------------------------------
----------------------------------
Iteration = 36
Distance = 0.008025255016118393
v max = -1.067020601924897
v min = -7.582809299130789
d max = 0.07611111111111112
d min = 0.07611111111111112
dF max = 0.07611111111111112
dB max = 0.07611111111111112
hk max = 0.032110228379795
hk min = 0.023360843363001534
hz max = 0.04732351853100212
hz min = 0.02743855258374425
lambdaF max = Inf
lambdaF min = 0.008624482946382158
lambdaB max = Inf
lambdaB min = 0.008624482946382158
----------------------------------
----------------------------------
Iteration = 37
Distance = 0.0072953020068027286
v max = -1.0743139470573222
v min = -7.5901046011375914
d max = 0.07611111111111112
d min = 0.07611111111111112
dF max = 0.07611111111111112
dB max = 0.07611111111111112
hk max = 0.032110240619706236
hk min = 0.02336084839837365
hz max = 0.047323546348982205
hz min = 0.02743856402777178
lambdaF max = Inf
lambdaF min = 0.008624482946382158
lambdaB max = Inf
lambdaB min = 0.008624482946382158
----------------------------------
----------------------------------
Iteration = 38
Distance = 0.006631829712626214
v max = -1.080944208097557
v min = -7.596736430850218
d max = 0.07611111111111112
d min = 0.07611111111111112
dF max = 0.07611111111111112
dB max = 0.07611111111111112
hk max = 0.03211024902170278
hk min = 0.023360849212404708
hz max = 0.047323565444428894
hz min = 0.02743856587784237
lambdaF max = Inf
lambdaF min = 0.008624482946382158
lambdaB max = Inf
lambdaB min = 0.008624482946382158
----------------------------------
----------------------------------
Iteration = 39
Distance = 0.006028756199999208
v max = -1.0869716453572815
v min = -7.602765187050217
d max = 0.07611111111111112
d min = 0.07611111111111112
dF max = 0.07611111111111112
dB max = 0.07611111111111112
hk max = 0.0321102547806607
hk min = 0.02336084843313172
hz max = 0.04732357853296963
hz min = 0.0274385641067674
lambdaF max = Inf
lambdaF min = 0.008624482946382158
lambdaB max = Inf
lambdaB min = 0.008624482946382158
----------------------------------
----------------------------------
Iteration = 40
Distance = 0.005480564183296899
v max = -1.0924511826913028
v min = -7.608245751233514
d max = 0.07611111111111112
d min = 0.07611111111111112
dF max = 0.07611111111111112
dB max = 0.07611111111111112
hk max = 0.03211025872405509
hk min = 0.023360848037013666
hz max = 0.0473235874952296
hz min = 0.027438563206499088
lambdaF max = Inf
lambdaF min = 0.008624482946382158
lambdaB max = Inf
lambdaB min = 0.008624482946382158
----------------------------------
----------------------------------
Iteration = 41
Distance = 0.004982246332301266
v max = -1.0974327381880489
v min = -7.613227997565815
d max = 0.07611111111111112
d min = 0.07611111111111112
dF max = 0.07611111111111112
dB max = 0.07611111111111112
hk max = 0.03211026142507947
hk min = 0.02336084868681261
hz max = 0.04732359363392137
hz min = 0.02743856468331488
lambdaF max = Inf
lambdaF min = 0.008624482946382158
lambdaB max = Inf
lambdaB min = 0.008624482946382158
----------------------------------
----------------------------------
Iteration = 42
Distance = 0.004529256430900297
v max = -1.1019616056372505
v min = -7.617757253996715
d max = 0.07611111111111112
d min = 0.07611111111111112
dF max = 0.07611111111111112
dB max = 0.07611111111111112
hk max = 0.032110263278304484
hk min = 0.02336085001332352
hz max = 0.04732359784579641
hz min = 0.027438567698112395
lambdaF max = Inf
lambdaF min = 0.008624482946382158
lambdaB max = Inf
lambdaB min = 0.008624482946382158
----------------------------------
----------------------------------
Iteration = 43
Distance = 0.004117465572873513
v max = -1.106078884960481
v min = -7.621874719569589
d max = 0.07611111111111112
d min = 0.07611111111111112
dF max = 0.07611111111111112
dB max = 0.07611111111111112
hk max = 0.03211026455265031
hk min = 0.02336085130666215
hz max = 0.04732360074203691
hz min = 0.027438570637518374
lambdaF max = Inf
lambdaF min = 0.008624482946382158
lambdaB max = Inf
lambdaB min = 0.008624482946382158
----------------------------------
----------------------------------
Iteration = 44
Distance = 0.0037431228430495622
v max = -1.109821914695494
v min = -7.625617842412638
d max = 0.07611111111111112
d min = 0.07611111111111112
dF max = 0.07611111111111112
dB max = 0.07611111111111112
hk max = 0.03211026543002471
hk min = 0.023360852082235484
hz max = 0.047323602736069656
hz min = 0.02743857240018504
lambdaF max = Inf
lambdaF min = 0.008624482946382158
lambdaB max = Inf
lambdaB min = 0.008624482946382158
----------------------------------
----------------------------------
Iteration = 45
Distance = 0.0034028200205886705
v max = -1.1132246601522766
v min = -7.629020662433227
d max = 0.07611111111111112
d min = 0.07611111111111112
dF max = 0.07611111111111112
dB max = 0.07611111111111112
hk max = 0.03211026603358954
hk min = 0.02336085227532661
hz max = 0.0473236041078079
hz min = 0.027438572839028515
lambdaF max = Inf
lambdaF min = 0.008624482946382158
lambdaB max = Inf
lambdaB min = 0.008624482946382158
----------------------------------
----------------------------------
Iteration = 46
Distance = 0.003093459849622171
v max = -1.116318037564102
v min = -7.632114122282849
d max = 0.07611111111111112
d min = 0.07611111111111112
dF max = 0.07611111111111112
dB max = 0.07611111111111112
hk max = 0.03211026644764198
hk min = 0.023360852119306705
hz max = 0.047323605048836155
hz min = 0.02743857248443782
lambdaF max = Inf
lambdaF min = 0.008624482946382158
lambdaB max = Inf
lambdaB min = 0.008624482946382158
----------------------------------
----------------------------------
Iteration = 47
Distance = 0.0028122274352524457
v max = -1.119130182031541
v min = -7.634926349718102
d max = 0.07611111111111112
d min = 0.07611111111111112
dF max = 0.07611111111111112
dB max = 0.07611111111111112
hk max = 0.03211026673077537
hk min = 0.02336085190839865
hz max = 0.04732360569232115
hz min = 0.02743857200510133
lambdaF max = Inf
lambdaF min = 0.008624482946382158
lambdaB max = Inf
lambdaB min = 0.008624482946382158
----------------------------------
----------------------------------
Iteration = 48
Distance = 0.0025565643696774387
v max = -1.121686680111457
v min = -7.637482914087779
d max = 0.07611111111111112
d min = 0.07611111111111112
dF max = 0.07611111111111112
dB max = 0.07611111111111112
hk max = 0.032110266924100704
hk min = 0.023360851822967193
hz max = 0.04732360613169691
hz min = 0.027438571810938926
lambdaF max = Inf
lambdaF min = 0.008624482946382158
lambdaB max = Inf
lambdaB min = 0.008624482946382158
----------------------------------
----------------------------------
Iteration = 49
Distance = 0.002324145265376387
v max = -1.1240107854656958
v min = -7.6398070593531555
d max = 0.07611111111111112
d min = 0.07611111111111112
dF max = 0.07611111111111112
dB max = 0.07611111111111112
hk max = 0.032110267056335726
hk min = 0.02336085188645481
hz max = 0.047323606432231054
hz min = 0.027438571955228967
lambdaF max = Inf
lambdaF min = 0.008624482946382158
lambdaB max = Inf
lambdaB min = 0.008624482946382158
----------------------------------
----------------------------------
Iteration = 50
Distance = 0.0021128564447643328
v max = -1.126123625770514
v min = -7.64191991579792
d max = 0.07611111111111112
d min = 0.07611111111111112
dF max = 0.07611111111111112
dB max = 0.07611111111111112
hk max = 0.032110267147194366
hk min = 0.023360852022875238
hz max = 0.04732360663872795
hz min = 0.027438572265275397
lambdaF max = Inf
lambdaF min = 0.008624482946382158
lambdaB max = Inf
lambdaB min = 0.008624482946382158
----------------------------------
----------------------------------
Iteration = 51
Distance = 0.0019207770488978149
v max = -1.128044399766803
v min = -7.643840692385051
d max = 0.07611111111111112
d min = 0.07611111111111112
dF max = 0.07611111111111112
dB max = 0.07611111111111112
hk max = 0.03211026720991232
hk min = 0.023360852142358453
hz max = 0.047323606781268755
hz min = 0.027438572536828156
lambdaF max = Inf
lambdaF min = 0.008624482946382158
lambdaB max = Inf
lambdaB min = 0.008624482946382158
----------------------------------
----------------------------------
Iteration = 52
Distance = 0.001746159695582561
v max = -1.1297905594623856
v min = -7.645586851547063
d max = 0.07611111111111112
d min = 0.07611111111111112
dF max = 0.07611111111111112
dB max = 0.07611111111111112
hk max = 0.03211026725326685
hk min = 0.023360852197389488
hz max = 0.047323606879801784
hz min = 0.027438572661898687
lambdaF max = Inf
lambdaF min = 0.008624482946382158
lambdaB max = Inf
lambdaB min = 0.008624482946382158
----------------------------------
----------------------------------
Iteration = 53
Distance = 0.001587416488926685
v max = -1.1313779737987553
v min = -7.6471742680359895
d max = 0.07611111111111112
d min = 0.07611111111111112
dF max = 0.07611111111111112
dB max = 0.07611111111111112
hk max = 0.032110267283135055
hk min = 0.023360852192023347
hz max = 0.04732360694768407
hz min = 0.02743857264970291
lambdaF max = Inf
lambdaF min = 0.008624482946382158
lambdaB max = Inf
lambdaB min = 0.008624482946382158
----------------------------------
----------------------------------
Iteration = 54
Distance = 0.0014431052707681857
v max = -1.1328210736241966
v min = -7.648617373306758
d max = 0.07611111111111112
d min = 0.07611111111111112
dF max = 0.07611111111111112
dB max = 0.07611111111111112
hk max = 0.03211026730356939
hk min = 0.023360852159040657
hz max = 0.047323606994125744
hz min = 0.027438572574742248
lambdaF max = Inf
lambdaF min = 0.008624482946382158
lambdaB max = Inf
lambdaB min = 0.008624482946382158
----------------------------------
----------------------------------
Iteration = 55
Distance = 0.0013119138402539754
v max = -1.1341329806704363
v min = -7.649929286763322
d max = 0.07611111111111112
d min = 0.07611111111111112
dF max = 0.07611111111111112
dB max = 0.07611111111111112
hk max = 0.03211026731745801
hk min = 0.02336085213091593
hz max = 0.04732360702569078
hz min = 0.027438572510822413
lambdaF max = Inf
lambdaF min = 0.008624482946382158
lambdaB max = Inf
lambdaB min = 0.008624482946382158
----------------------------------
----------------------------------
Iteration = 56
Distance = 0.0011926491836335984
v max = -1.1353256240931477
v min = -7.651121935067107
d max = 0.07611111111111112
d min = 0.07611111111111112
dF max = 0.07611111111111112
dB max = 0.07611111111111112
hk max = 0.03211026732688632
hk min = 0.02336085212290995
hz max = 0.04732360704711877
hz min = 0.027438572492627013
lambdaF max = Inf
lambdaF min = 0.008624482946382158
lambdaB max = Inf
lambdaB min = 0.008624482946382158
----------------------------------
----------------------------------
Iteration = 57
Distance = 0.0010842265234978221
v max = -1.1364098473197868
v min = -7.65220616059285
d max = 0.07611111111111112
d min = 0.07611111111111112
dF max = 0.07611111111111112
dB max = 0.07611111111111112
hk max = 0.03211026733332569
hk min = 0.023360852132378956
hz max = 0.0473236070617537
hz min = 0.027438572514147483
lambdaF max = Inf
lambdaF min = 0.008624482946382158
lambdaB max = Inf
lambdaB min = 0.008624482946382158
----------------------------------
----------------------------------
Iteration = 58
Distance = 0.0009856603509779127
v max = -1.1373955065418628
v min = -7.6531918200175095
d max = 0.07611111111111112
d min = 0.07611111111111112
dF max = 0.07611111111111112
dB max = 0.07611111111111112
hk max = 0.03211026733777397
hk min = 0.023360852147915567
hz max = 0.04732360707186343
hz min = 0.027438572549457956
lambdaF max = Inf
lambdaF min = 0.008624482946382158
lambdaB max = Inf
lambdaB min = 0.008624482946382158
----------------------------------
----------------------------------
Iteration = 59
Distance = 0.000896054704087268
v max = -1.138291561148248
v min = -7.6540878739395195
d max = 0.07611111111111112
d min = 0.07611111111111112
dF max = 0.07611111111111112
dB max = 0.07611111111111112
hk max = 0.03211026734087482
hk min = 0.023360852159307922
hz max = 0.047323607078910805
hz min = 0.027438572575349676
lambdaF max = Inf
lambdaF min = 0.008624482946382158
lambdaB max = Inf
lambdaB min = 0.008624482946382158
----------------------------------
----------------------------------
Iteration = 60
Distance = 0.0008145949354354531
v max = -1.1391061560836835
v min = -7.654902468345708
d max = 0.07611111111111112
d min = 0.07611111111111112
dF max = 0.07611111111111112
dB max = 0.07611111111111112
hk max = 0.032110267343033294
hk min = 0.02336085216263789
hz max = 0.047323607083816444
hz min = 0.02743857258291778
lambdaF max = Inf
lambdaF min = 0.008624482946382158
lambdaB max = Inf
lambdaB min = 0.008624482946382158
----------------------------------
----------------------------------
Iteration = 61
Distance = 0.0007405403237532582
v max = -1.139846696354472
v min = -7.655643008669461
d max = 0.07611111111111112
d min = 0.07611111111111112
dF max = 0.07611111111111112
dB max = 0.07611111111111112
hk max = 0.0321102673445213
hk min = 0.023360852159818642
hz max = 0.04732360708719826
hz min = 0.0274385725765104
lambdaF max = Inf
lambdaF min = 0.008624482946382158
lambdaB max = Inf
lambdaB min = 0.008624482946382158
----------------------------------
----------------------------------
Iteration = 62
Distance = 0.0006732185589175543
v max = -1.1405199142957303
v min = -7.656316227115521
d max = 0.07611111111111112
d min = 0.07611111111111112
dF max = 0.07611111111111112
dB max = 0.07611111111111112
hk max = 0.032110267345530255
hk min = 0.023360852155171072
hz max = 0.047323607089491335
hz min = 0.027438572565947734
lambdaF max = Inf
lambdaF min = 0.008624482946382158
lambdaB max = Inf
lambdaB min = 0.008624482946382158
----------------------------------
----------------------------------
Iteration = 63
Distance = 0.0006120169370213979
v max = -1.1411319304515661
v min = -7.6569282438644235
d max = 0.07611111111111112
d min = 0.07611111111111112
dF max = 0.07611111111111112
dB max = 0.07611111111111112
hk max = 0.03211026734620813
hk min = 0.023360852152117154
hz max = 0.04732360709103196
hz min = 0.027438572559007023
lambdaF max = Inf
lambdaF min = 0.008624482946382158
lambdaB max = Inf
lambdaB min = 0.008624482946382158
----------------------------------
----------------------------------
Iteration = 64
Distance = 0.0005563790498048782
v max = -1.141688308908054
v min = -7.657484622712901
d max = 0.07611111111111112
d min = 0.07611111111111112
dF max = 0.07611111111111112
dB max = 0.07611111111111112
hk max = 0.03211026734666128
hk min = 0.023360852151740066
hz max = 0.047323607092061855
hz min = 0.027438572558150007
lambdaF max = Inf
lambdaF min = 0.008624482946382158
lambdaB max = Inf
lambdaB min = 0.008624482946382158
----------------------------------
----------------------------------
Iteration = 65
Distance = 0.0005057991281005592
v max = -1.1421941077408906
v min = -7.657990421655832
d max = 0.07611111111111112
d min = 0.07611111111111112
dF max = 0.07611111111111112
dB max = 0.07611111111111112
hk max = 0.03211026734697109
hk min = 0.02336085215319223
hz max = 0.047323607092765965
hz min = 0.02743857256145038
lambdaF max = Inf
lambdaF min = 0.008624482946382158
lambdaB max = Inf
lambdaB min = 0.008624482946382158
----------------------------------
----------------------------------
Iteration = 66
Distance = 0.0004598173707863751
v max = -1.1426539250357541
v min = -7.6584502388692925
d max = 0.07611111111111112
d min = 0.07611111111111112
dF max = 0.07611111111111112
dB max = 0.07611111111111112
hk max = 0.032110267347189345
hk min = 0.02336085215497663
hz max = 0.04732360709326199
hz min = 0.027438572565505828
lambdaF max = Inf
lambdaF min = 0.008624482946382158
lambdaB max = Inf
lambdaB min = 0.008624482946382158
----------------------------------
----------------------------------
Iteration = 67
Distance = 0.00041801577117106525
v max = -1.1430719408063745
v min = -7.658868254512732
d max = 0.07611111111111112
d min = 0.07611111111111112
dF max = 0.07611111111111112
dB max = 0.07611111111111112
hk max = 0.03211026734734378
hk min = 0.023360852156026048
hz max = 0.047323607093612996
hz min = 0.02743857256789086
lambdaF max = Inf
lambdaF min = 0.008624482946382158
lambdaB max = Inf
lambdaB min = 0.008624482946382158
----------------------------------
----------------------------------
Iteration = 68
Distance = 0.0003800142883454427
v max = -1.14345195509472
v min = -7.6592482687306145
d max = 0.07611111111111112
d min = 0.07611111111111112
dF max = 0.07611111111111112
dB max = 0.07611111111111112
hk max = 0.032110267347453834
hk min = 0.02336085215610835
hz max = 0.04732360709386311
hz min = 0.027438572568077923
lambdaF max = Inf
lambdaF min = 0.008624482946382158
lambdaB max = Inf
lambdaB min = 0.008624482946382158
----------------------------------
----------------------------------
Iteration = 69
Distance = 0.0003454674799860946
v max = -1.1437974225527485
v min = -7.659593736199255
d max = 0.07611111111111112
d min = 0.07611111111111112
dF max = 0.07611111111111112
dB max = 0.07611111111111112
hk max = 0.03211026734752967
hk min = 0.023360852155599944
hz max = 0.04732360709403546
hz min = 0.02743857256692245
lambdaF max = Inf
lambdaF min = 0.008624482946382158
lambdaB max = Inf
lambdaB min = 0.008624482946382158
----------------------------------
----------------------------------
Iteration = 70
Distance = 0.0003140613600098874
v max = -1.1441114838275215
v min = -7.659907797533005
d max = 0.07611111111111112
d min = 0.07611111111111112
dF max = 0.07611111111111112
dB max = 0.07611111111111112
hk max = 0.0321102673475796
hk min = 0.023360852155033272
hz max = 0.047323607094148956
hz min = 0.027438572565634565
lambdaF max = Inf
lambdaF min = 0.008624482946382158
lambdaB max = Inf
lambdaB min = 0.008624482946382158
----------------------------------
----------------------------------
Iteration = 71
Distance = 0.0002855103326258046
v max = -1.1443969940698884
v min = -7.660193307835485
d max = 0.07611111111111112
d min = 0.07611111111111112
dF max = 0.07611111111111112
dB max = 0.07611111111111112
hk max = 0.03211026734761105
hk min = 0.023360852154745662
hz max = 0.04732360709422042
hz min = 0.0274385725649809
lambdaF max = Inf
lambdaF min = 0.008624482946382158
lambdaB max = Inf
lambdaB min = 0.008624482946382158
----------------------------------
----------------------------------
Iteration = 72
Distance = 0.00025955484858641853
v max = -1.14465654885794
v min = -7.6604528626552435
d max = 0.07611111111111112
d min = 0.07611111111111112
dF max = 0.07611111111111112
dB max = 0.07611111111111112
hk max = 0.032110267347632324
hk min = 0.02336085215478011
hz max = 0.04732360709426876
hz min = 0.027438572565059195
lambdaF max = Inf
lambdaF min = 0.008624482946382158
lambdaB max = Inf
lambdaB min = 0.008624482946382158
----------------------------------
----------------------------------
Iteration = 73
Distance = 0.00023595895165051672
v max = -1.1448925077840664
v min = -7.66068882158177
d max = 0.07611111111111112
d min = 0.07611111111111112
dF max = 0.07611111111111112
dB max = 0.07611111111111112
hk max = 0.03211026734764619
hk min = 0.023360852154986574
hz max = 0.047323607094300287
hz min = 0.027438572565528424
lambdaF max = Inf
lambdaF min = 0.008624482946382158
lambdaB max = Inf
lambdaB min = 0.008624482946382158
----------------------------------
----------------------------------
Iteration = 74
Distance = 0.00021450813539303226
v max = -1.1451070159151413
v min = -7.660903329696389
d max = 0.07611111111111112
d min = 0.07611111111111112
dF max = 0.07611111111111112
dB max = 0.07611111111111112
hk max = 0.03211026734765821
hk min = 0.02336085215518425
hz max = 0.04732360709432761
hz min = 0.027438572565977686
lambdaF max = Inf
lambdaF min = 0.008624482946382158
lambdaB max = Inf
lambdaB min = 0.008624482946382158
----------------------------------
----------------------------------
Iteration = 75
Distance = 0.00019500739297018121
v max = -1.1453020233081115
v min = -7.661098337073037
d max = 0.07611111111111112
d min = 0.07611111111111112
dF max = 0.07611111111111112
dB max = 0.07611111111111112
hk max = 0.03211026734766653
hk min = 0.023360852155272335
hz max = 0.04732360709434653
hz min = 0.027438572566177884
lambdaF max = Inf
lambdaF min = 0.008624482946382158
lambdaB max = Inf
lambdaB min = 0.008624482946382158
----------------------------------
----------------------------------
Iteration = 76
Distance = 0.0001772794398733346
v max = -1.1454793027479848
v min = -7.661275616506185
d max = 0.07611111111111112
d min = 0.07611111111111112
dF max = 0.07611111111111112
dB max = 0.07611111111111112
hk max = 0.03211026734767208
hk min = 0.023360852155249908
hz max = 0.047323607094359135
hz min = 0.027438572566126914
lambdaF max = Inf
lambdaF min = 0.008624482946382158
lambdaB max = Inf
lambdaB min = 0.008624482946382158
----------------------------------
----------------------------------
Iteration = 77
Distance = 0.00016116312363045893
v max = -1.145640465865968
v min = -7.661436779627135
d max = 0.07611111111111112
d min = 0.07611111111111112
dF max = 0.07611111111111112
dB max = 0.07611111111111112
hk max = 0.03211026734767579
hk min = 0.02336085215517708
hz max = 0.047323607094367545
hz min = 0.027438572565961397
lambdaF max = Inf
lambdaF min = 0.008624482946382158
lambdaB max = Inf
lambdaB min = 0.008624482946382158
----------------------------------
----------------------------------
Iteration = 78
Distance = 0.00014651193198078616
v max = -1.1457869777867036
v min = -7.661583291555214
d max = 0.07611111111111112
d min = 0.07611111111111112
dF max = 0.07611111111111112
dB max = 0.07611111111111112
hk max = 0.032110267347677635
hk min = 0.023360852155113732
hz max = 0.04732360709437175
hz min = 0.027438572565817422
lambdaF max = Inf
lambdaF min = 0.008624482946382158
lambdaB max = Inf
lambdaB min = 0.008624482946382158
----------------------------------
----------------------------------
Iteration = 79
Distance = 0.00013319266587030754
v max = -1.1459201704423896
v min = -7.661716484217065
d max = 0.07611111111111112
d min = 0.07611111111111112
dF max = 0.07611111111111112
dB max = 0.07611111111111112
hk max = 0.032110267347677635
hk min = 0.023360852155091073
hz max = 0.04732360709437175
hz min = 0.02743857256576593
lambdaF max = Inf
lambdaF min = 0.008624482946382158
lambdaB max = Inf
lambdaB min = 0.008624482946382158
----------------------------------
----------------------------------
Iteration = 80
Distance = 0.00012108424167234233
v max = -1.1460412546780776
v min = -7.661837568455078
d max = 0.07611111111111112
d min = 0.07611111111111112
dF max = 0.07611111111111112
dB max = 0.07611111111111112
hk max = 0.03211026734767948
hk min = 0.02336085215510425
hz max = 0.047323607094375955
hz min = 0.02743857256579588
lambdaF max = Inf
lambdaF min = 0.008624482946382158
lambdaB max = Inf
lambdaB min = 0.008624482946382158
----------------------------------
----------------------------------
Iteration = 81
Distance = 0.0001100765830850392
v max = -1.146151331259103
v min = -7.661947645035071
d max = 0.07611111111111112
d min = 0.07611111111111112
dF max = 0.07611111111111112
dB max = 0.07611111111111112
hk max = 0.03211026734768041
hk min = 0.023360852155131073
hz max = 0.04732360709437806
hz min = 0.02743857256585683
lambdaF max = Inf
lambdaF min = 0.008624482946382158
lambdaB max = Inf
lambdaB min = 0.008624482946382158
----------------------------------
----------------------------------
Iteration = 82
Distance = 0.00010006962066966274
v max = -1.146251400879603
v min = -7.662047714653205
d max = 0.07611111111111112
d min = 0.07611111111111112
dF max = 0.07611111111111112
dB max = 0.07611111111111112
hk max = 0.03211026734768041
hk min = 0.02336085215515211
hz max = 0.04732360709437806
hz min = 0.027438572565904647
lambdaF max = Inf
lambdaF min = 0.008624482946382158
lambdaB max = Inf
lambdaB min = 0.008624482946382158
----------------------------------
----------------------------------
Iteration = 83
Distance = 9.097238191579926e-5
v max = -1.1463423732615188
v min = -7.662138687033318
d max = 0.07611111111111112
d min = 0.07611111111111112
dF max = 0.07611111111111112
dB max = 0.07611111111111112
hk max = 0.03211026734768133
hk min = 0.02336085215515789
hz max = 0.04732360709438015
hz min = 0.027438572565917786
lambdaF max = Inf
lambdaF min = 0.008624482946382158
lambdaB max = Inf
lambdaB min = 0.008624482946382158
----------------------------------
----------------------------------
Iteration = 84
Distance = 8.270216420380727e-5
v max = -1.1464250754257226
v min = -7.662221389197056
d max = 0.07611111111111112
d min = 0.07611111111111112
dF max = 0.07611111111111112
dB max = 0.07611111111111112
hk max = 0.03211026734768133
hk min = 0.023360852155152573
hz max = 0.04732360709438015
hz min = 0.0274385725659057
lambdaF max = Inf
lambdaF min = 0.008624482946382158
lambdaB max = Inf
lambdaB min = 0.008624482946382158
----------------------------------
----------------------------------
Iteration = 85
Distance = 7.51837856465265e-5
v max = -1.1465002592103501
v min = -7.662296572982259
d max = 0.07611111111111112
d min = 0.07611111111111112
dF max = 0.07611111111111112
dB max = 0.07611111111111112
hk max = 0.032110267347683186
hk min = 0.0233608521551424
hz max = 0.04732360709438436
hz min = 0.027438572565882578
lambdaF max = Inf
lambdaF min = 0.008624482946382158
lambdaB max = Inf
lambdaB min = 0.008624482946382158
----------------------------------
----------------------------------
Iteration = 86
Distance = 6.834889616991191e-5
v max = -1.1465686081050948
v min = -7.662364921877896
d max = 0.07611111111111112
d min = 0.07611111111111112
dF max = 0.07611111111111112
dB max = 0.07611111111111112
hk max = 0.032110267347682256
hk min = 0.02336085215513662
hz max = 0.047323607094382256
hz min = 0.027438572565869443
lambdaF max = Inf
lambdaF min = 0.008624482946382158
lambdaB max = Inf
lambdaB min = 0.008624482946382158
----------------------------------
----------------------------------
Iteration = 87
Distance = 6.213536018906396e-5
v max = -1.146630743464159
v min = -7.662427057237576
d max = 0.07611111111111112
d min = 0.07611111111111112
dF max = 0.07611111111111112
dB max = 0.07611111111111112
hk max = 0.032110267347683186
hk min = 0.023360852155135003
hz max = 0.04732360709438436
hz min = 0.027438572565865765
lambdaF max = Inf
lambdaF min = 0.008624482946382158
lambdaB max = Inf
lambdaB min = 0.008624482946382158
----------------------------------
----------------------------------
Iteration = 88
Distance = 5.6486691065948946e-5
v max = -1.1466872301546482
v min = -7.66248354392818
d max = 0.07611111111111112
d min = 0.07611111111111112
dF max = 0.07611111111111112
dB max = 0.07611111111111112
hk max = 0.032110267347683186
hk min = 0.023360852155137543
hz max = 0.04732360709438436
hz min = 0.027438572565871545
lambdaF max = Inf
lambdaF min = 0.008624482946382158
lambdaB max = Inf
lambdaB min = 0.008624482946382158
----------------------------------
----------------------------------
Iteration = 89
Distance = 5.135153729751707e-5
v max = -1.1467385816917928
v min = -7.6625348954651
d max = 0.07611111111111112
d min = 0.07611111111111112
dF max = 0.07611111111111112
dB max = 0.07611111111111112
hk max = 0.032110267347683186
hk min = 0.023360852155141013
hz max = 0.04732360709438436
hz min = 0.027438572565879428
lambdaF max = Inf
lambdaF min = 0.008624482946382158
lambdaB max = Inf
lambdaB min = 0.008624482946382158
----------------------------------
----------------------------------
Iteration = 90
Distance = 4.668321568557232e-5
v max = -1.1467852649074748
v min = -7.6625815786804745
d max = 0.07611111111111112
d min = 0.07611111111111112
dF max = 0.07611111111111112
dB max = 0.07611111111111112
hk max = 0.032110267347683186
hk min = 0.02336085215514263
hz max = 0.04732360709438436
hz min = 0.027438572565883106
lambdaF max = Inf
lambdaF min = 0.008624482946382158
lambdaB max = Inf
lambdaB min = 0.008624482946382158
----------------------------------
----------------------------------
Iteration = 91
Distance = 4.243928688762999e-5
v max = -1.1468277041943624
v min = -7.66262401796718
d max = 0.07611111111111112
d min = 0.07611111111111112
dF max = 0.07611111111111112
dB max = 0.07611111111111112
hk max = 0.032110267347683186
hk min = 0.023360852155143094
hz max = 0.04732360709438436
hz min = 0.027438572565884157
lambdaF max = Inf
lambdaF min = 0.008624482946382158
lambdaB max = Inf
lambdaB min = 0.008624482946382158
----------------------------------
----------------------------------
Iteration = 92
Distance = 3.858116977051296e-5
v max = -1.1468662853641072
v min = -7.662662599136913
d max = 0.07611111111111112
d min = 0.07611111111111112
dF max = 0.07611111111111112
dB max = 0.07611111111111112
hk max = 0.03211026734768411
hk min = 0.02336085215514217
hz max = 0.04732360709438646
hz min = 0.027438572565882054
lambdaF max = Inf
lambdaF min = 0.008624482946382158
lambdaB max = Inf
lambdaB min = 0.008624482946382158
----------------------------------
----------------------------------
Iteration = 93
Distance = 3.507379073530714e-5
v max = -1.146901359154674
v min = -7.662697672927569
d max = 0.07611111111111112
d min = 0.07611111111111112
dF max = 0.07611111111111112
dB max = 0.07611111111111112
hk max = 0.03211026734768411
hk min = 0.023360852155140784
hz max = 0.04732360709438646
hz min = 0.0274385725658789
lambdaF max = Inf
lambdaF min = 0.008624482946382158
lambdaB max = Inf
lambdaB min = 0.008624482946382158
----------------------------------
----------------------------------
Iteration = 94
Distance = 3.18852643190759e-5
v max = -1.1469332444188032
v min = -7.6627295581918125
d max = 0.07611111111111112
d min = 0.07611111111111112
dF max = 0.07611111111111112
dB max = 0.07611111111111112
hk max = 0.03211026734768411
hk min = 0.02336085215514032
hz max = 0.04732360709438646
hz min = 0.02743857256587785
lambdaF max = Inf
lambdaF min = 0.008624482946382158
lambdaB max = Inf
lambdaB min = 0.008624482946382158
----------------------------------
----------------------------------
Iteration = 95
Distance = 2.8986603930025723e-5
v max = -1.1469622310225964
v min = -7.6627585447956665
d max = 0.07611111111111112
d min = 0.07611111111111112
dF max = 0.07611111111111112
dB max = 0.07611111111111112
hk max = 0.03211026734768411
hk min = 0.02336085215514032
hz max = 0.04732360709438646
hz min = 0.02743857256587785
lambdaF max = Inf
lambdaF min = 0.008624482946382158
lambdaB max = Inf
lambdaB min = 0.008624482946382158
----------------------------------
----------------------------------
Iteration = 96
Distance = 2.6351458113360593e-5
v max = -1.1469885824806472
v min = -7.662784896253716
d max = 0.07611111111111112
d min = 0.07611111111111112
dF max = 0.07611111111111112
dB max = 0.07611111111111112
hk max = 0.032110267347683186
hk min = 0.023360852155140784
hz max = 0.04732360709438436
hz min = 0.0274385725658789
lambdaF max = Inf
lambdaF min = 0.008624482946382158
lambdaB max = Inf
lambdaB min = 0.008624482946382158
----------------------------------
----------------------------------
Iteration = 97
Distance = 2.395587100423313e-5
v max = -1.1470125383516423
v min = -7.662808852124677
d max = 0.07611111111111112
d min = 0.07611111111111112
dF max = 0.07611111111111112
dB max = 0.07611111111111112
hk max = 0.03211026734768411
hk min = 0.023360852155141245
hz max = 0.04732360709438646
hz min = 0.027438572565879952
lambdaF max = Inf
lambdaF min = 0.008624482946382158
lambdaB max = Inf
lambdaB min = 0.008624482946382158
----------------------------------
----------------------------------
Iteration = 98
Distance = 2.177806454062292e-5
v max = -1.1470343164161825
v min = -7.662830630189177
d max = 0.07611111111111112
d min = 0.07611111111111112
dF max = 0.07611111111111112
dB max = 0.07611111111111112
hk max = 0.032110267347683186
hk min = 0.023360852155141013
hz max = 0.04732360709438436
hz min = 0.027438572565879428
lambdaF max = Inf
lambdaF min = 0.008624482946382158
lambdaB max = Inf
lambdaB min = 0.008624482946382158
----------------------------------
----------------------------------
Iteration = 99
Distance = 1.9798240472823636e-5
v max = -1.1470541146566553
v min = -7.662850428429632
d max = 0.07611111111111112
d min = 0.07611111111111112
dF max = 0.07611111111111112
dB max = 0.07611111111111112
hk max = 0.032110267347682256
hk min = 0.023360852155141477
hz max = 0.047323607094382256
hz min = 0.027438572565880476
lambdaF max = Inf
lambdaF min = 0.008624482946382158
lambdaB max = Inf
lambdaB min = 0.008624482946382158
----------------------------------
----------------------------------
Iteration = 100
Distance = 1.7998400425600636e-5
v max = -1.147072113057067
v min = -7.662868426830051
d max = 0.07611111111111112
d min = 0.07611111111111112
dF max = 0.07611111111111112
dB max = 0.07611111111111112
hk max = 0.032110267347683186
hk min = 0.023360852155141013
hz max = 0.04732360709438436
hz min = 0.027438572565879428
lambdaF max = Inf
lambdaF min = 0.008624482946382158
lambdaB max = Inf
lambdaB min = 0.008624482946382158
----------------------------------
----------------------------------
Iteration = 101
Distance = 1.6362182205575948e-5
v max = -1.1470884752392514
v min = -7.662884789012249
d max = 0.07611111111111112
d min = 0.07611111111111112
dF max = 0.07611111111111112
dB max = 0.07611111111111112
hk max = 0.032110267347682256
hk min = 0.023360852155141245
hz max = 0.047323607094382256
hz min = 0.027438572565879952
lambdaF max = Inf
lambdaF min = 0.008624482946382158
lambdaB max = Inf
lambdaB min = 0.008624482946382158
----------------------------------
----------------------------------
Iteration = 102
Distance = 1.487471109840044e-5
v max = -1.1471033499503294
v min = -7.662899663723338
d max = 0.07611111111111112
d min = 0.07611111111111112
dF max = 0.07611111111111112
dB max = 0.07611111111111112
hk max = 0.032110267347683186
hk min = 0.023360852155141013
hz max = 0.04732360709438436
hz min = 0.027438572565879428
lambdaF max = Inf
lambdaF min = 0.008624482946382158
lambdaB max = Inf
lambdaB min = 0.008624482946382158
----------------------------------
----------------------------------
Iteration = 103
Distance = 1.35224646360399e-5
v max = -1.1471168724149494
v min = -7.662913186187962
d max = 0.07611111111111112
d min = 0.07611111111111112
dF max = 0.07611111111111112
dB max = 0.07611111111111112
hk max = 0.032110267347683186
hk min = 0.023360852155141013
hz max = 0.04732360709438436
hz min = 0.027438572565879428
lambdaF max = Inf
lambdaF min = 0.008624482946382158
lambdaB max = Inf
lambdaB min = 0.008624482946382158
----------------------------------
----------------------------------
Iteration = 104
Distance = 1.2293149667996772e-5
v max = -1.147129165564614
v min = -7.662925479337627
d max = 0.07611111111111112
d min = 0.07611111111111112
dF max = 0.07611111111111112
dB max = 0.07611111111111112
hk max = 0.032110267347682256
hk min = 0.023360852155140784
hz max = 0.047323607094382256
hz min = 0.0274385725658789
lambdaF max = Inf
lambdaF min = 0.008624482946382158
lambdaB max = Inf
lambdaB min = 0.008624482946382158
----------------------------------
----------------------------------
Iteration = 105
Distance = 1.1175590607148678e-5
v max = -1.1471403411552168
v min = -7.662936654928224
d max = 0.07611111111111112
d min = 0.07611111111111112
dF max = 0.07611111111111112
dB max = 0.07611111111111112
hk max = 0.032110267347682256
hk min = 0.023360852155141013
hz max = 0.047323607094382256
hz min = 0.027438572565879428
lambdaF max = Inf
lambdaF min = 0.008624482946382158
lambdaB max = Inf
lambdaB min = 0.008624482946382158
----------------------------------
----------------------------------
Iteration = 106
Distance = 1.0159627822581285e-5
v max = -1.1471505007830378
v min = -7.662946814556042
d max = 0.07611111111111112
d min = 0.07611111111111112
dF max = 0.07611111111111112
dB max = 0.07611111111111112
hk max = 0.032110267347682256
hk min = 0.023360852155141013
hz max = 0.047323607094382256
hz min = 0.027438572565879428
lambdaF max = Inf
lambdaF min = 0.008624482946382158
lambdaB max = Inf
lambdaB min = 0.008624482946382158
----------------------------------
----------------------------------
Iteration = 107
Distance = 9.236025293457573e-6
v max = -1.147159736808328
v min = -7.6629560505813314
d max = 0.07611111111111112
d min = 0.07611111111111112
dF max = 0.07611111111111112
dB max = 0.07611111111111112
hk max = 0.032110267347682256
hk min = 0.023360852155141245
hz max = 0.047323607094382256
hz min = 0.027438572565879952
lambdaF max = Inf
lambdaF min = 0.008624482946382158
lambdaB max = Inf
lambdaB min = 0.008624482946382158
----------------------------------
    Value Function Converged, Iteration = 107 with gamma=10.0 with rho=1.0 and v=-3.6850404929612868
    Natural boundary condition
=============================================================
Convegence time (minutes): 0.11670608471666667
Current Time = 22:23:34
grid points for z:  401
grid size for z:  0.025
-0.21673232615956026
-0.46195743481584356
--- 8.619036436080933 seconds for the elasticity computation ---
-0.06450517567068696
-0.25247087948645974
--- 0.06802558898925781 seconds for the elasticity computation ---
-0.044787737049653525
-0.2094865553293838
--- 0.0651407241821289 seconds for the elasticity computation ---
-0.2861115942422291
-0.4676013749289206
--- 0.06362652778625488 seconds for the elasticity computation ---
Current Time = 22:23:45
grid points for z:  401
grid size for z:  0.025
rho = 1
0.05937926808266887
--- 8.578046798706055 seconds for the elasticity computation ---
0.0
--- 0.06946778297424316 seconds for the elasticity computation ---
0.05937926808266887
--- 0.06928706169128418 seconds for the elasticity computation ---
0.0
--- 0.06804847717285156 seconds for the elasticity computation ---
0.0
--- 0.06852555274963379 seconds for the elasticity computation ---
0.05937926808266887
0.005643940113077034
--- 0.06960940361022949 seconds for the elasticity computation ---
0.05937926808266887
0.005643940113077034
--- 0.06925415992736816 seconds for the elasticity computation ---
0.05937926808266887
0.005643940113077034
--- 0.06922650337219238 seconds for the elasticity computation ---
0.05937926808266887
0.005643940113077034
--- 0.06988143920898438 seconds for the elasticity computation ---
parsed_args = parse_commandline() = Dict{String, Any}("dataname" => "lower_triangular_two_ambiguous_parameters", "clowerlim" => 0.0001, "delta" => 0.01, "boundary" => 0, "Delta" => 10.0, "q" => 0.05, "zmax" => 5.0, "logadjustment" => 1, "zscale" => 2.0, "foc" => 1, "distorted" => 0, "rho" => 1.0, "gamma" => 10.0)
=============================================================
./output/lower_triangular_two_ambiguous_parameters/Delta_10.0_distorted_0/logadjustment_1_boundary_0/zmax_5.0_zscale_2.0/delta_0.01/q_0.05_gamma_10.0_rho_1.0/
=============================================================
solve for structured linear system 
structured_relative_entropy = 0.05128105812375432
=============================================================
solve for unstructured linear system 
q_update = 0.5146365925005821
=============================================================
parsed_args = parse_commandline() = Dict{String, Any}("dataname" => "lower_triangular_two_ambiguous_parameters", "clowerlim" => 0.0001, "delta" => 0.01, "boundary" => 0, "Delta" => 10.0, "q" => 0.05, "zmax" => 5.0, "logadjustment" => 1, "zscale" => 2.0, "foc" => 1, "distorted" => 0, "rho" => 1.0, "gamma" => 10.0)
=============================================================
./output/lower_triangular_two_ambiguous_parameters/Delta_10.0_distorted_0/logadjustment_1_boundary_0/zmax_5.0_zscale_2.0/delta_0.01/q_0.05_gamma_10.0_rho_1.0/
=============================================================
solve for structured linear system 
structured_relative_entropy = 0.051281058123754296
=============================================================
solve for unstructured linear system 
q_update = 0.5146365925005821
=============================================================
Program ends Fri Jan 19 22:24:27 CST 2024
Elapsed time: 0 days 00 hr 01 min 19 sec
