D_10.0_distorted_0_boundary_1_delta_0.02_gamma_7.0_q_0.05_rho_1.0_lower_triangular_two_ambiguous_parameters
Program starts Fri Jan 19 22:23:22 CST 2024
parsed_args = parse_commandline() = Dict{String, Any}("dataname" => "lower_triangular_two_ambiguous_parameters", "clowerlim" => 0.0001, "delta" => 0.02, "boundary" => 1, "Delta" => 10.0, "q" => 0.05, "zmax" => 5.0, "logadjustment" => 1, "zscale" => 2.0, "foc" => 1, "distorted" => 0, "rho" => 1.0, "gamma" => 7.0)
=============================================================
logadjustment: true
reflective_boundary: true
0.109
sigma_k: [0.011287880226154068, 0.0]
sigma_z: [0.026030751045638307, 0.05916079783099616]
Compute value function WITH ROBUSTNESS
computing undistorted version...
zmax = 5.0, zmin = -5.0, zlength = 401
reflective boundary condition
----------------------------------
Iteration = 1
Distance = 1.2121160290774937
v max = -0.9427381021338403
v min = -3.2121160290774937
d max = 0.07672413793103448
d min = 0.07672413793103448
dF max = 0.07672413793103448
dB max = 0.07672413793103448
hk max = 0.011287880226154068
hk min = 0.011287880226154068
hz max = 0.0
hz min = 0.0
lambdaF max = Inf
lambdaF min = 0.008624482946382158
lambdaB max = Inf
lambdaB min = 0.008624482946382158
----------------------------------
----------------------------------
Iteration = 2
Distance = 0.8762802045869695
v max = -0.5717015828909892
v min = -4.088396233664463
d max = 0.07672413793103448
d min = 0.07672413793103448
dF max = 0.07672413793103448
dB max = 0.07672413793103448
hk max = 0.017203960009254775
hk min = 0.015858707778865788
hz max = 0.013445635870683429
hz min = 0.01038824443798118
lambdaF max = Inf
lambdaF min = 0.008624482946382158
lambdaB max = Inf
lambdaB min = 0.008624482946382158
----------------------------------
----------------------------------
Iteration = 3
Distance = 0.5805015848357149
v max = -0.41974597758429977
v min = -4.668897818500178
d max = 0.07672413793103448
d min = 0.07672413793103448
dF max = 0.07672413793103448
dB max = 0.07672413793103448
hk max = 0.021393274504374275
hk min = 0.018021310045829488
hz max = 0.022966805177773206
hz min = 0.01530324959017141
lambdaF max = Inf
lambdaF min = 0.008624482946382158
lambdaB max = Inf
lambdaB min = 0.008624482946382158
----------------------------------
----------------------------------
Iteration = 4
Distance = 0.39409284735620886
v max = -0.37448896058944986
v min = -5.062990665856387
d max = 0.07672413793103448
d min = 0.07672413793103448
dF max = 0.07672413793103448
dB max = 0.07672413793103448
hk max = 0.024037503874615576
hk min = 0.018910568727464005
hz max = 0.028976417382867072
hz min = 0.017324292048431677
lambdaF max = Inf
lambdaF min = 0.008624482946382158
lambdaB max = Inf
lambdaB min = 0.008624482946382158
----------------------------------
----------------------------------
Iteration = 5
Distance = 0.2745136036494955
v max = -0.37718328606477536
v min = -5.3375042695058825
d max = 0.07672413793103448
d min = 0.07672413793103448
dF max = 0.07672413793103448
dB max = 0.07672413793103448
hk max = 0.025717017351772432
hk min = 0.019422341259233856
hz max = 0.032793493467314465
hz min = 0.018487411438817703
lambdaF max = Inf
lambdaF min = 0.008624482946382158
lambdaB max = Inf
lambdaB min = 0.008624482946382158
----------------------------------
----------------------------------
Iteration = 6
Distance = 0.1951585002915408
v max = -0.39959249048312545
v min = -5.532662769797423
d max = 0.07672413793103448
d min = 0.07672413793103448
dF max = 0.07672413793103448
dB max = 0.07672413793103448
hk max = 0.026793693546386173
hk min = 0.019641877014408893
hz max = 0.03524048481870933
hz min = 0.018986356336942782
lambdaF max = Inf
lambdaF min = 0.008624482946382158
lambdaB max = Inf
lambdaB min = 0.008624482946382158
----------------------------------
----------------------------------
Iteration = 7
Distance = 0.1413477494367088
v max = -0.4291351047282357
v min = -5.674010519234132
d max = 0.07672413793103448
d min = 0.07672413793103448
dF max = 0.07672413793103448
dB max = 0.07672413793103448
hk max = 0.027486410546682195
hk min = 0.01976266098309358
hz max = 0.03681484163756393
hz min = 0.01926086535668071
lambdaF max = Inf
lambdaF min = 0.008624482946382158
lambdaB max = Inf
lambdaB min = 0.008624482946382158
----------------------------------
----------------------------------
Iteration = 8
Distance = 0.10420014485917317
v max = -0.4602132325919876
v min = -5.778210664093305
d max = 0.07672413793103448
d min = 0.07672413793103448
dF max = 0.07672413793103448
dB max = 0.07672413793103448
hk max = 0.027932854655283067
hk min = 0.01982517472287832
hz max = 0.03782948733892955
hz min = 0.019402942038009664
lambdaF max = Inf
lambdaF min = 0.008624482946382158
lambdaB max = Inf
lambdaB min = 0.008624482946382158
----------------------------------
----------------------------------
Iteration = 9
Distance = 0.078117177877016
v max = -0.49035403976804703
v min = -5.856327841970321
d max = 0.07672413793103448
d min = 0.07672413793103448
dF max = 0.07672413793103448
dB max = 0.07672413793103448
hk max = 0.028220853425684325
hk min = 0.019864798682068682
hz max = 0.03848402999893241
hz min = 0.019492996490715044
lambdaF max = Inf
lambdaF min = 0.008624482946382158
lambdaB max = Inf
lambdaB min = 0.008624482946382158
----------------------------------
----------------------------------
Iteration = 10
Distance = 0.059491625203338394
v max = -0.5183852694673815
v min = -5.91581946717366
d max = 0.07672413793103448
d min = 0.07672413793103448
dF max = 0.07672413793103448
dB max = 0.07672413793103448
hk max = 0.02840674940613948
hk min = 0.01989081171178763
hz max = 0.038906520863603224
hz min = 0.019552117012803558
lambdaF max = Inf
lambdaF min = 0.008624482946382158
lambdaB max = Inf
lambdaB min = 0.008624482946382158
----------------------------------
----------------------------------
Iteration = 11
Distance = 0.04596444553602197
v max = -0.5437706469354731
v min = -5.961783912709682
d max = 0.07672413793103448
d min = 0.07672413793103448
dF max = 0.07672413793103448
dB max = 0.07672413793103448
hk max = 0.028526787979539024
hk min = 0.019908952137655568
hz max = 0.039179335803147634
hz min = 0.019593345253412508
lambdaF max = Inf
lambdaF min = 0.008624482946382158
lambdaB max = Inf
lambdaB min = 0.008624482946382158
----------------------------------
----------------------------------
Iteration = 12
Distance = 0.03597395880666365
v max = -0.5663221510680717
v min = -5.997757871516345
d max = 0.07672413793103448
d min = 0.07672413793103448
dF max = 0.07672413793103448
dB max = 0.07672413793103448
hk max = 0.02860432218200483
hk min = 0.019921507393184483
hz max = 0.03935554989966083
hz min = 0.01962187992506913
lambdaF max = Inf
lambdaF min = 0.008624482946382158
lambdaB max = Inf
lambdaB min = 0.008624482946382158
----------------------------------
----------------------------------
Iteration = 13
Distance = 0.02847445628123424
v max = -0.5860676185467979
v min = -6.02623232779758
d max = 0.07672413793103448
d min = 0.07672413793103448
dF max = 0.07672413793103448
dB max = 0.07672413793103448
hk max = 0.028654412744771155
hk min = 0.019930153876948888
hz max = 0.03946939208776611
hz min = 0.01964153102453369
lambdaF max = Inf
lambdaF min = 0.008624482946382158
lambdaB max = Inf
lambdaB min = 0.008624482946382158
----------------------------------
----------------------------------
Iteration = 14
Distance = 0.022757507947999578
v max = -0.6031625897839407
v min = -6.048989835745579
d max = 0.07672413793103448
d min = 0.07672413793103448
dF max = 0.07672413793103448
dB max = 0.07672413793103448
hk max = 0.0286867790349538
hk min = 0.01993602716089371
hz max = 0.03954295183818121
hz min = 0.019654879397135557
lambdaF max = Inf
lambdaF min = 0.008624482946382158
lambdaB max = Inf
lambdaB min = 0.008624482946382158
----------------------------------
----------------------------------
Iteration = 15
Distance = 0.018337160041673073
v max = -0.617833351871275
v min = -6.067326995787252
d max = 0.07672413793103448
d min = 0.07672413793103448
dF max = 0.07672413793103448
dB max = 0.07672413793103448
hk max = 0.02870769524953995
hk min = 0.019939962302288866
hz max = 0.03959048868951337
hz min = 0.01966382290030637
lambdaF max = Inf
lambdaF min = 0.008624482946382158
lambdaB max = Inf
lambdaB min = 0.008624482946382158
----------------------------------
----------------------------------
Iteration = 16
Distance = 0.014875534025589054
v max = -0.630337757488494
v min = -6.082202529812841
d max = 0.07672413793103448
d min = 0.07672413793103448
dF max = 0.07672413793103448
dB max = 0.07672413793103448
hk max = 0.028721213235797096
hk min = 0.01994256515966963
hz max = 0.03962121138555234
hz min = 0.019669738485262645
lambdaF max = Inf
lambdaF min = 0.008624482946382158
lambdaB max = Inf
lambdaB min = 0.008624482946382158
----------------------------------
----------------------------------
Iteration = 17
Distance = 0.012134254204468675
v max = -0.6409394981105212
v min = -6.09433678401731
d max = 0.07672413793103448
d min = 0.07672413793103448
dF max = 0.07672413793103448
dB max = 0.07672413793103448
hk max = 0.028729950489128984
hk min = 0.019944268087621175
hz max = 0.039641068779488454
hz min = 0.01967360877606161
lambdaF max = Inf
lambdaF min = 0.008624482946382158
lambdaB max = Inf
lambdaB min = 0.008624482946382158
----------------------------------
----------------------------------
Iteration = 18
Distance = 0.009942517873267498
v max = -0.6498917139713949
v min = -6.104279301890577
d max = 0.07672413793103448
d min = 0.07672413793103448
dF max = 0.07672413793103448
dB max = 0.07672413793103448
hk max = 0.028735598106821955
hk min = 0.0199453744314583
hz max = 0.03965390427424521
hz min = 0.019676123193873265
lambdaF max = Inf
lambdaF min = 0.008624482946382158
lambdaB max = Inf
lambdaB min = 0.008624482946382158
----------------------------------
----------------------------------
Iteration = 19
Distance = 0.008175955735926443
v max = -0.6574277154525836
v min = -6.112455257626504
d max = 0.07672413793103448
d min = 0.07672413793103448
dF max = 0.07672413793103448
dB max = 0.07672413793103448
hk max = 0.02873924882136268
hk min = 0.01994608985645002
hz max = 0.039662201352746854
hz min = 0.01967774915976353
lambdaF max = Inf
lambdaF min = 0.008624482946382158
lambdaB max = Inf
lambdaB min = 0.008624482946382158
----------------------------------
----------------------------------
Iteration = 20
Distance = 0.006742526477689026
v max = -0.6637566287814003
v min = -6.119197784104193
d max = 0.07672413793103448
d min = 0.07672413793103448
dF max = 0.07672413793103448
dB max = 0.07672413793103448
hk max = 0.02874160880234558
hk min = 0.01994655160712689
hz max = 0.03966756494588981
hz min = 0.019678798593120057
lambdaF max = Inf
lambdaF min = 0.008624482946382158
lambdaB max = Inf
lambdaB min = 0.008624482946382158
----------------------------------
----------------------------------
Iteration = 21
Distance = 0.0055730213294813424
v max = -0.6690622825282495
v min = -6.124770805433674
d max = 0.07672413793103448
d min = 0.07672413793103448
dF max = 0.07672413793103448
dB max = 0.07672413793103448
hk max = 0.02874313444840318
hk min = 0.01994684944839545
hz max = 0.03967103232329344
hz min = 0.019679475505094055
lambdaF max = Inf
lambdaF min = 0.008624482946382158
lambdaB max = Inf
lambdaB min = 0.008624482946382158
----------------------------------
----------------------------------
Iteration = 22
Distance = 0.004614606993949444
v max = -0.6735040363975762
v min = -6.129385412427624
d max = 0.07672413793103448
d min = 0.07672413793103448
dF max = 0.07672413793103448
dB max = 0.07672413793103448
hk max = 0.02874412075282716
hk min = 0.019947041653112035
hz max = 0.039673273924257034
hz min = 0.019679912333995388
lambdaF max = Inf
lambdaF min = 0.008624482946382158
lambdaB max = Inf
lambdaB min = 0.008624482946382158
----------------------------------
----------------------------------
Iteration = 23
Distance = 0.0038263838234957603
v max = -0.6772186622026093
v min = -6.1332117962511195
d max = 0.07672413793103448
d min = 0.07672413793103448
dF max = 0.07672413793103448
dB max = 0.07672413793103448
hk max = 0.028744758396160218
hk min = 0.01994716576738008
hz max = 0.03967472311365035
hz min = 0.019680194411877298
lambdaF max = Inf
lambdaF min = 0.008624482946382158
lambdaB max = Inf
lambdaB min = 0.008624482946382158
----------------------------------
----------------------------------
Iteration = 24
Distance = 0.003176290473034804
v max = -0.6803226932057364
v min = -6.136388086724154
d max = 0.07672413793103448
d min = 0.07672413793103448
dF max = 0.07672413793103448
dB max = 0.07672413793103448
hk max = 0.028745170638390737
hk min = 0.01994724596827449
hz max = 0.039675660027810616
hz min = 0.01968037668663733
lambdaF max = Inf
lambdaF min = 0.008624482946382158
lambdaB max = Inf
lambdaB min = 0.008624482946382158
----------------------------------
----------------------------------
Iteration = 25
Distance = 0.0026389159085242753
v max = -0.6829148880042781
v min = -6.1390270026326785
d max = 0.07672413793103448
d min = 0.07672413793103448
dF max = 0.07672413793103448
dB max = 0.07672413793103448
hk max = 0.02874543716062391
hk min = 0.019947297816128032
hz max = 0.03967626576015874
hz min = 0.019680494522668103
lambdaF max = Inf
lambdaF min = 0.008624482946382158
lambdaB max = Inf
lambdaB min = 0.008624482946382158
----------------------------------
----------------------------------
Iteration = 26
Distance = 0.0021939289699206554
v max = -0.6850786085762965
v min = -6.141220931602599
d max = 0.07672413793103448
d min = 0.07672413793103448
dF max = 0.07672413793103448
dB max = 0.07672413793103448
hk max = 0.0287456094741973
hk min = 0.01994733134317287
hz max = 0.03967665738191645
hz min = 0.01968057072049728
lambdaF max = Inf
lambdaF min = 0.008624482946382158
lambdaB max = Inf
lambdaB min = 0.008624482946382158
----------------------------------
----------------------------------
Iteration = 27
Distance = 0.0018249330784545492
v max = -0.6868840100992012
v min = -6.143045864681054
d max = 0.07672413793103448
d min = 0.07672413793103448
dF max = 0.07672413793103448
dB max = 0.07672413793103448
hk max = 0.02874572088046364
hk min = 0.019947353024741626
hz max = 0.0396769105779763
hz min = 0.01968061999678991
lambdaF max = Inf
lambdaF min = 0.008624482946382158
lambdaB max = Inf
lambdaB min = 0.008624482946382158
----------------------------------
----------------------------------
Iteration = 28
Distance = 0.001518617427797686
v max = -0.6883899993234663
v min = -6.144564482108851
d max = 0.07672413793103448
d min = 0.07672413793103448
dF max = 0.07672413793103448
dB max = 0.07672413793103448
hk max = 0.028745792908743795
hk min = 0.019947367045666638
hz max = 0.03967707427861302
hz min = 0.019680651862528577
lambdaF max = Inf
lambdaF min = 0.008624482946382158
lambdaB max = Inf
lambdaB min = 0.008624482946382158
----------------------------------
----------------------------------
Iteration = 29
Distance = 0.0012641178968655353
v max = -0.6896459524521587
v min = -6.145828600005717
d max = 0.07672413793103448
d min = 0.07672413793103448
dF max = 0.07672413793103448
dB max = 0.07672413793103448
hk max = 0.02874583947797536
hk min = 0.019947376112023307
hz max = 0.03967718011777567
hz min = 0.019680672467884637
lambdaF max = Inf
lambdaF min = 0.008624482946382158
lambdaB max = Inf
lambdaB min = 0.008624482946382158
----------------------------------
----------------------------------
Iteration = 30
Distance = 0.0010525285955003127
v max = -0.6906932021225987
v min = -6.146881128601217
d max = 0.07672413793103448
d min = 0.07672413793103448
dF max = 0.07672413793103448
dB max = 0.07672413793103448
hk max = 0.02874586958703896
hk min = 0.019947381974209963
hz max = 0.03967724854746567
hz min = 0.019680685791036132
lambdaF max = Inf
lambdaF min = 0.008624482946382158
lambdaB max = Inf
lambdaB min = 0.008624482946382158
----------------------------------
----------------------------------
Iteration = 31
Distance = 0.0008765233383787319
v max = -0.6915663123711686
v min = -6.147757651939596
d max = 0.07672413793103448
d min = 0.07672413793103448
dF max = 0.07672413793103448
dB max = 0.07672413793103448
hk max = 0.028745889053950122
hk min = 0.01994738576443548
hz max = 0.03967729279044558
hz min = 0.019680694405185037
lambdaF max = Inf
lambdaF min = 0.008624482946382158
lambdaB max = Inf
lambdaB min = 0.008624482946382158
----------------------------------
----------------------------------
Iteration = 32
Distance = 0.0007300586430600831
v max = -0.6922941642746904
v min = -6.148487710582656
d max = 0.07672413793103448
d min = 0.07672413793103448
dF max = 0.07672413793103448
dB max = 0.07672413793103448
hk max = 0.028745901640253715
hk min = 0.0199473882149612
hz max = 0.039677321395681024
hz min = 0.01968069997456167
lambdaF max = Inf
lambdaF min = 0.008624482946382158
lambdaB max = Inf
lambdaB min = 0.008624482946382158
----------------------------------
----------------------------------
Iteration = 33
Distance = 0.0006081381470810499
v max = -0.692900875646303
v min = -6.149095848729737
d max = 0.07672413793103448
d min = 0.07672413793103448
dF max = 0.07672413793103448
dB max = 0.07672413793103448
hk max = 0.0287459097779328
hk min = 0.019947389799310083
hz max = 0.03967733989040622
hz min = 0.01968070357535458
lambdaF max = Inf
lambdaF min = 0.008624482946382158
lambdaB max = Inf
lambdaB min = 0.008624482946382158
----------------------------------
----------------------------------
Iteration = 34
Distance = 0.0005066239944451212
v max = -0.6934065771518158
v min = -6.149602472724182
d max = 0.07672413793103448
d min = 0.07672413793103448
dF max = 0.07672413793103448
dB max = 0.07672413793103448
hk max = 0.028745915039361396
hk min = 0.019947390823650855
hz max = 0.03967735184819848
hz min = 0.01968070590340179
lambdaF max = Inf
lambdaF min = 0.008624482946382158
lambdaB max = Inf
lambdaB min = 0.008624482946382158
----------------------------------
----------------------------------
Iteration = 35
Distance = 0.0004220846392239963
v max = -0.6938280653502518
v min = -6.150024557363406
d max = 0.07672413793103448
d min = 0.07672413793103448
dF max = 0.07672413793103448
dB max = 0.07672413793103448
hk max = 0.028745918441149654
hk min = 0.01994739148593238
hz max = 0.03967735957953543
hz min = 0.019680707408587076
lambdaF max = Inf
lambdaF min = 0.008624482946382158
lambdaB max = Inf
lambdaB min = 0.008624482946382158
----------------------------------
----------------------------------
Iteration = 36
Distance = 0.0003516712360518426
v max = -0.694179350953611
v min = -6.150376228599458
d max = 0.07672413793103448
d min = 0.07672413793103448
dF max = 0.07672413793103448
dB max = 0.07672413793103448
hk max = 0.028745920640589465
hk min = 0.019947391914130988
hz max = 0.03967736457826227
hz min = 0.01968070838176573
lambdaF max = Inf
lambdaF min = 0.008624482946382158
lambdaB max = Inf
lambdaB min = 0.008624482946382158
----------------------------------
----------------------------------
Iteration = 37
Distance = 0.00029301671450276956
v max = -0.6944721183346816
v min = -6.150669245313961
d max = 0.07672413793103448
d min = 0.07672413793103448
dF max = 0.07672413793103448
dB max = 0.07672413793103448
hk max = 0.02874592206264588
hk min = 0.01994739219098489
hz max = 0.039677367810208676
hz min = 0.019680709010979146
lambdaF max = Inf
lambdaF min = 0.008624482946382158
lambdaB max = Inf
lambdaB min = 0.008624482946382158
----------------------------------
----------------------------------
Iteration = 38
Distance = 0.00024415302055658117
v max = -0.6947161101470297
v min = -6.1509133983345174
d max = 0.07672413793103448
d min = 0.07672413793103448
dF max = 0.07672413793103448
dB max = 0.07672413793103448
hk max = 0.02874592298208288
hk min = 0.019947392369986952
hz max = 0.039677369899838215
hz min = 0.019680709417802013
lambdaF max = Inf
lambdaF min = 0.008624482946382158
lambdaB max = Inf
lambdaB min = 0.008624482946382158
----------------------------------
----------------------------------
Iteration = 39
Distance = 0.00020344302179164941
v max = -0.6949194489385717
v min = -6.151116841356309
d max = 0.07672413793103448
d min = 0.07672413793103448
dF max = 0.07672413793103448
dB max = 0.07672413793103448
hk max = 0.028745923576549544
hk min = 0.019947392485722422
hz max = 0.03967737125089881
hz min = 0.019680709680837172
lambdaF max = Inf
lambdaF min = 0.008624482946382158
lambdaB max = Inf
lambdaB min = 0.008624482946382158
----------------------------------
----------------------------------
Iteration = 40
Distance = 0.00016952432425920705
v max = -0.6950889058720693
v min = -6.151286365680568
d max = 0.07672413793103448
d min = 0.07672413793103448
dF max = 0.07672413793103448
dB max = 0.07672413793103448
hk max = 0.028745923960904862
hk min = 0.019947392560552224
hz max = 0.039677372124433626
hz min = 0.01968070985090491
lambdaF max = Inf
lambdaF min = 0.008624482946382158
lambdaB max = Inf
lambdaB min = 0.008624482946382158
----------------------------------
----------------------------------
Iteration = 41
Distance = 0.00014126281721349443
v max = -0.6952301251173396
v min = -6.151427628497782
d max = 0.07672413793103448
d min = 0.07672413793103448
dF max = 0.07672413793103448
dB max = 0.07672413793103448
hk max = 0.02874592420941012
hk min = 0.019947392608934078
hz max = 0.03967737268921831
hz min = 0.01968070996086366
lambdaF max = Inf
lambdaF min = 0.008624482946382158
lambdaB max = Inf
lambdaB min = 0.008624482946382158
----------------------------------
----------------------------------
Iteration = 42
Distance = 0.00011771419556172447
v max = -0.6953478111411717
v min = -6.1515453426933435
d max = 0.07672413793103448
d min = 0.07672413793103448
dF max = 0.07672413793103448
dB max = 0.07672413793103448
hk max = 0.028745924370084535
hk min = 0.019947392640215833
hz max = 0.03967737305438743
hz min = 0.01968071003195856
lambdaF max = Inf
lambdaF min = 0.008624482946382158
lambdaB max = Inf
lambdaB min = 0.008624482946382158
----------------------------------
----------------------------------
Iteration = 43
Distance = 9.809204736122012e-5
v max = -0.6954458849739047
v min = -6.151643434740705
d max = 0.07672413793103448
d min = 0.07672413793103448
dF max = 0.07672413793103448
dB max = 0.07672413793103448
hk max = 0.028745924473969873
hk min = 0.01994739266044117
hz max = 0.039677373290490474
hz min = 0.01968071007792523
lambdaF max = Inf
lambdaF min = 0.008624482946382158
lambdaB max = Inf
lambdaB min = 0.008624482946382158
----------------------------------
----------------------------------
Iteration = 44
Distance = 8.174135836824803e-5
v max = -0.6955276145554938
v min = -6.151725176099073
d max = 0.07672413793103448
d min = 0.07672413793103448
dF max = 0.07672413793103448
dB max = 0.07672413793103448
hk max = 0.02874592454113703
hk min = 0.01994739267351804
hz max = 0.03967737344314311
hz min = 0.0196807101076454
lambdaF max = Inf
lambdaF min = 0.008624482946382158
lambdaB max = Inf
lambdaB min = 0.008624482946382158
----------------------------------
----------------------------------
Iteration = 45
Distance = 6.811649621063509e-5
v max = -0.6955957234373434
v min = -6.151793292595284
d max = 0.07672413793103448
d min = 0.07672413793103448
dF max = 0.07672413793103448
dB max = 0.07672413793103448
hk max = 0.028745924584562772
hk min = 0.019947392681972893
hz max = 0.03967737354183797
hz min = 0.01968071012686097
lambdaF max = Inf
lambdaF min = 0.008624482946382158
lambdaB max = Inf
lambdaB min = 0.008624482946382158
----------------------------------
----------------------------------
Iteration = 46
Distance = 5.6762904740992326e-5
v max = -0.6956524814189705
v min = -6.151850055500025
d max = 0.07672413793103448
d min = 0.07672413793103448
dF max = 0.07672413793103448
dB max = 0.07672413793103448
hk max = 0.028745924612641492
hk min = 0.01994739268743949
hz max = 0.039677373605653245
hz min = 0.019680710139285053
lambdaF max = Inf
lambdaF min = 0.008624482946382158
lambdaB max = Inf
lambdaB min = 0.008624482946382158
----------------------------------
----------------------------------
Iteration = 47
Distance = 4.7301876154648426e-5
v max = -0.6956997801120515
v min = -6.151897357376179
d max = 0.07672413793103448
d min = 0.07672413793103448
dF max = 0.07672413793103448
dB max = 0.07672413793103448
hk max = 0.02874592463079528
hk min = 0.019947392690974067
hz max = 0.039677373646911845
hz min = 0.019680710147318186
lambdaF max = Inf
lambdaF min = 0.008624482946382158
lambdaB max = Inf
lambdaB min = 0.008624482946382158
----------------------------------
----------------------------------
Iteration = 48
Distance = 3.9417878102021575e-5
v max = -0.6957391959321155
v min = -6.151936775254281
d max = 0.07672413793103448
d min = 0.07672413793103448
dF max = 0.07672413793103448
dB max = 0.07672413793103448
hk max = 0.02874592464253374
hk min = 0.019947392693259243
hz max = 0.03967737367359017
hz min = 0.019680710152511768
lambdaF max = Inf
lambdaF min = 0.008624482946382158
lambdaB max = Inf
lambdaB min = 0.008624482946382158
----------------------------------
----------------------------------
Iteration = 49
Distance = 3.28480041504875e-5
v max = -0.6957720426056239
v min = -6.151969623258432
d max = 0.07672413793103448
d min = 0.07672413793103448
dF max = 0.07672413793103448
dB max = 0.07672413793103448
hk max = 0.028745924650122632
hk min = 0.019947392694736724
hz max = 0.03967737369083765
hz min = 0.01968071015586968
lambdaF max = Inf
lambdaF min = 0.008624482946382158
lambdaB max = Inf
lambdaB min = 0.008624482946382158
----------------------------------
----------------------------------
Iteration = 50
Distance = 2.7373189627866168e-5
v max = -0.6957994149349197
v min = -6.15199699644806
d max = 0.07672413793103448
d min = 0.07672413793103448
dF max = 0.07672413793103448
dB max = 0.07672413793103448
hk max = 0.028745924655030536
hk min = 0.01994739269569204
hz max = 0.03967737370199198
hz min = 0.019680710158040852
lambdaF max = Inf
lambdaF min = 0.008624482946382158
lambdaB max = Inf
lambdaB min = 0.008624482946382158
----------------------------------
----------------------------------
Iteration = 51
Distance = 2.281089620925769e-5
v max = -0.6958222252748759
v min = -6.152019807344269
d max = 0.07672413793103448
d min = 0.07672413793103448
dF max = 0.07672413793103448
dB max = 0.07672413793103448
hk max = 0.028745924658202592
hk min = 0.019947392696309692
hz max = 0.0396773737092012
hz min = 0.0196807101594446
lambdaF max = Inf
lambdaF min = 0.008624482946382158
lambdaB max = Inf
lambdaB min = 0.008624482946382158
----------------------------------
----------------------------------
Iteration = 52
Distance = 1.9009018658699972e-5
v max = -0.6958412339338834
v min = -6.152038816362928
d max = 0.07672413793103448
d min = 0.07672413793103448
dF max = 0.07672413793103448
dB max = 0.07672413793103448
hk max = 0.02874592466025287
hk min = 0.019947392696709088
hz max = 0.039677373713860924
hz min = 0.019680710160352322
lambdaF max = Inf
lambdaF min = 0.008624482946382158
lambdaB max = Inf
lambdaB min = 0.008624482946382158
----------------------------------
----------------------------------
Iteration = 53
Distance = 1.584080909999841e-5
v max = -0.6958570745104542
v min = -6.152054657172028
d max = 0.07672413793103448
d min = 0.07672413793103448
dF max = 0.07672413793103448
dB max = 0.07672413793103448
hk max = 0.028745924661579957
hk min = 0.019947392696967107
hz max = 0.039677373716877025
hz min = 0.019680710160938728
lambdaF max = Inf
lambdaF min = 0.008624482946382158
lambdaB max = Inf
lambdaB min = 0.008624482946382158
----------------------------------
----------------------------------
Iteration = 54
Distance = 1.3200648536937365e-5
v max = -0.6958702750086428
v min = -6.1520678578205645
d max = 0.07672413793103448
d min = 0.07672413793103448
dF max = 0.07672413793103448
dB max = 0.07672413793103448
hk max = 0.028745924662437243
hk min = 0.01994739269713426
hz max = 0.039677373718825404
hz min = 0.01968071016131863
lambdaF max = Inf
lambdaF min = 0.008624482946382158
lambdaB max = Inf
lambdaB min = 0.008624482946382158
----------------------------------
----------------------------------
Iteration = 55
Distance = 1.1000523819859609e-5
v max = -0.6958812754352549
v min = -6.152078858344384
d max = 0.07672413793103448
d min = 0.07672413793103448
dF max = 0.07672413793103448
dB max = 0.07672413793103448
hk max = 0.028745924662991196
hk min = 0.01994739269724212
hz max = 0.03967737372008439
hz min = 0.019680710161563753
lambdaF max = Inf
lambdaF min = 0.008624482946382158
lambdaB max = Inf
lambdaB min = 0.008624482946382158
----------------------------------
----------------------------------
Iteration = 56
Distance = 9.167092430928392e-6
v max = -0.6958904424648396
v min = -6.152088025436815
d max = 0.07672413793103448
d min = 0.07672413793103448
dF max = 0.07672413793103448
dB max = 0.07672413793103448
hk max = 0.02874592466335002
hk min = 0.01994739269731194
hz max = 0.0396773737208999
hz min = 0.01968071016172244
lambdaF max = Inf
lambdaF min = 0.008624482946382158
lambdaB max = Inf
lambdaB min = 0.008624482946382158
----------------------------------
    Value Function Converged, Iteration = 56 with gamma=7.0 with rho=1.0 and v=-2.829903206657796
    Reflective boundary condition
=============================================================
Convegence time (minutes): 0.11067325585
Current Time = 22:23:49
grid points for z:  401
grid size for z:  0.025
-0.12648212141344328
-0.3543352996958616
--- 8.295216798782349 seconds for the elasticity computation ---
-0.02084904800145199
-0.14411059892451517
--- 0.0651698112487793 seconds for the elasticity computation ---
-0.04465508681879575
-0.21022470077134642
--- 0.06444931030273438 seconds for the elasticity computation ---
-0.20624183491058418
-0.35997923980893864
--- 0.0673818588256836 seconds for the elasticity computation ---
Current Time = 22:24:00
grid points for z:  401
grid size for z:  0.025
rho = 1
0.05975971349714089
--- 8.419359922409058 seconds for the elasticity computation ---
0.0
--- 0.07265281677246094 seconds for the elasticity computation ---
0.05975971349714089
--- 0.06842660903930664 seconds for the elasticity computation ---
0.0
--- 0.06731748580932617 seconds for the elasticity computation ---
0.0
--- 0.06622505187988281 seconds for the elasticity computation ---
0.05975971349714089
0.005643940113077034
--- 0.06630373001098633 seconds for the elasticity computation ---
0.05975971349714089
0.005643940113077034
--- 0.06604313850402832 seconds for the elasticity computation ---
0.05975971349714089
0.005643940113077034
--- 0.06711030006408691 seconds for the elasticity computation ---
0.05975971349714089
0.005643940113077034
--- 0.0685126781463623 seconds for the elasticity computation ---
parsed_args = parse_commandline() = Dict{String, Any}("dataname" => "lower_triangular_two_ambiguous_parameters", "clowerlim" => 0.0001, "delta" => 0.02, "boundary" => 1, "Delta" => 10.0, "q" => 0.05, "zmax" => 5.0, "logadjustment" => 1, "zscale" => 2.0, "foc" => 1, "distorted" => 0, "rho" => 1.0, "gamma" => 7.0)
=============================================================
./output/lower_triangular_two_ambiguous_parameters/Delta_10.0_distorted_0/logadjustment_1_boundary_1/zmax_5.0_zscale_2.0/delta_0.02/q_0.05_gamma_7.0_rho_1.0/
=============================================================
solve for structured linear system 
structured_relative_entropy = 0.0512809513986809
=============================================================
solve for unstructured linear system 
q_update = 0.2905744091549316
=============================================================
parsed_args = parse_commandline() = Dict{String, Any}("dataname" => "lower_triangular_two_ambiguous_parameters", "clowerlim" => 0.0001, "delta" => 0.02, "boundary" => 1, "Delta" => 10.0, "q" => 0.05, "zmax" => 5.0, "logadjustment" => 1, "zscale" => 2.0, "foc" => 1, "distorted" => 0, "rho" => 1.0, "gamma" => 7.0)
=============================================================
./output/lower_triangular_two_ambiguous_parameters/Delta_10.0_distorted_0/logadjustment_1_boundary_1/zmax_5.0_zscale_2.0/delta_0.02/q_0.05_gamma_7.0_rho_1.0/
=============================================================
solve for structured linear system 
structured_relative_entropy = 0.0512809513986809
=============================================================
solve for unstructured linear system 
q_update = 0.2905744091549316
=============================================================
Program ends Fri Jan 19 22:24:42 CST 2024
Elapsed time: 0 days 00 hr 01 min 20 sec
