D_10.0_distorted_0_boundary_0_delta_0.02_gamma_5.0_q_0.05_rho_1.0_upper_triangular_two_ambiguous_parameters
Program starts Fri Jan 19 22:19:03 CST 2024
parsed_args = parse_commandline() = Dict{String, Any}("dataname" => "upper_triangular_two_ambiguous_parameters", "clowerlim" => 0.0001, "delta" => 0.02, "boundary" => 0, "Delta" => 10.0, "q" => 0.05, "zmax" => 5.0, "logadjustment" => 1, "zscale" => 2.0, "foc" => 1, "distorted" => 0, "rho" => 1.0, "gamma" => 5.0)
=============================================================
logadjustment: true
reflective_boundary: false
0.109
U: [1.0331966455186503 0.4546065240282061; 0.0 0.06463435618925897]
L: [1.0331966455186503 0.0; 0.4546065240282061 0.06463435618925897]
[-2.220446049250313e-16 0.0; 0.0 0.0]
sigma_k: [0.010331966455186503, 0.004546065240282061]
sigma_z: [0.0, 0.06463435618925897]
Compute value function WITH ROBUSTNESS
computing undistorted version...
zmax = 5.0, zmin = -5.0, zlength = 401
natural boundary condition
----------------------------------
Iteration = 1
Distance = 1.2127288999693033
v max = -0.9400016272420315
v min = -3.2127288999693033
d max = 0.07672413793103448
d min = 0.07672413793103448
dF max = 0.07672413793103448
dB max = 0.07672413793103448
hk max = 0.010331966455186503
hk min = 0.010331966455186503
hz max = 0.004546065240282061
hz min = 0.004546065240282061
lambdaF max = Inf
lambdaF min = 0.008624482946382156
lambdaB max = Inf
lambdaB min = 0.008624482946382156
----------------------------------
----------------------------------
Iteration = 2
Distance = 0.8741678792679788
v max = -0.5651210344939717
v min = -4.086896779237282
d max = 0.07672413793103448
d min = 0.07672413793103448
dF max = 0.07672413793103448
dB max = 0.07672413793103448
hk max = 0.010331966455186503
hk min = 0.010331966455186503
hz max = 0.019235691646935688
hz min = 0.019235691646927653
lambdaF max = Inf
lambdaF min = 0.008624482946382156
lambdaB max = Inf
lambdaB min = 0.008624482946382156
----------------------------------
----------------------------------
Iteration = 3
Distance = 0.574323210419827
v max = -0.4075144366803896
v min = -4.661219989657109
d max = 0.07672413793103448
d min = 0.07672413793103448
dF max = 0.07672413793103448
dB max = 0.07672413793103448
hk max = 0.010331966455186503
hk min = 0.010331966455186503
hz max = 0.029637794198052084
hz min = 0.0249798778633995
lambdaF max = Inf
lambdaF min = 0.008624482946382156
lambdaB max = Inf
lambdaB min = 0.008624482946382156
----------------------------------
----------------------------------
Iteration = 4
Distance = 0.38520504421510093
v max = -0.35658116648010313
v min = -5.04642503387221
d max = 0.07672413793103448
d min = 0.07672413793103448
dF max = 0.07672413793103448
dB max = 0.07672413793103448
hk max = 0.010331966455186503
hk min = 0.010331966455186503
hz max = 0.0362033828155904
hz min = 0.027822292088117657
lambdaF max = Inf
lambdaF min = 0.008624482946382156
lambdaB max = Inf
lambdaB min = 0.008624482946382156
----------------------------------
----------------------------------
Iteration = 5
Distance = 0.2643446402220331
v max = -0.3537027947946436
v min = -5.310769674094243
d max = 0.07672413793103448
d min = 0.07672413793103448
dF max = 0.07672413793103448
dB max = 0.07672413793103448
hk max = 0.010331966455186503
hk min = 0.010331966455186503
hz max = 0.040373344755249285
hz min = 0.029190540902800374
lambdaF max = Inf
lambdaF min = 0.008624482946382156
lambdaB max = Inf
lambdaB min = 0.008624482946382156
----------------------------------
----------------------------------
Iteration = 6
Distance = 0.18475642786227642
v max = -0.37092757253581926
v min = -5.49552610195652
d max = 0.07672413793103448
d min = 0.07672413793103448
dF max = 0.07672413793103448
dB max = 0.07672413793103448
hk max = 0.010331966455186503
hk min = 0.010331966455186503
hz max = 0.04304614053540128
hz min = 0.029850854188133883
lambdaF max = Inf
lambdaF min = 0.008624482946382156
lambdaB max = Inf
lambdaB min = 0.008624482946382156
----------------------------------
----------------------------------
Iteration = 7
Distance = 0.1313798031595823
v max = -0.39548338853940196
v min = -5.626905905116102
d max = 0.07672413793103448
d min = 0.07672413793103448
dF max = 0.07672413793103448
dB max = 0.07672413793103448
hk max = 0.010331966455186503
hk min = 0.010331966455186503
hz max = 0.04476528937809726
hz min = 0.03017915372915293
lambdaF max = Inf
lambdaF min = 0.008624482946382156
lambdaB max = Inf
lambdaB min = 0.008624482946382156
----------------------------------
----------------------------------
Iteration = 8
Distance = 0.09503558022255554
v max = -0.42167326006109845
v min = -5.721941485338657
d max = 0.07672413793103448
d min = 0.07672413793103448
dF max = 0.07672413793103448
dB max = 0.07672413793103448
hk max = 0.010331966455186503
hk min = 0.010331966455186503
hz max = 0.045872786848876065
hz min = 0.03035309430583818
lambdaF max = Inf
lambdaF min = 0.008624482946382156
lambdaB max = Inf
lambdaB min = 0.008624482946382156
----------------------------------
----------------------------------
Iteration = 9
Distance = 0.06992070662351324
v max = -0.44697246226497306
v min = -5.791862191962171
d max = 0.07672413793103448
d min = 0.07672413793103448
dF max = 0.07672413793103448
dB max = 0.07672413793103448
hk max = 0.010331966455186503
hk min = 0.010331966455186503
hz max = 0.04658683986879122
hz min = 0.030453324024427474
lambdaF max = Inf
lambdaF min = 0.008624482946382156
lambdaB max = Inf
lambdaB min = 0.008624482946382156
----------------------------------
----------------------------------
Iteration = 10
Distance = 0.05229928416757357
v max = -0.47027795873778655
v min = -5.844161476129744
d max = 0.07672413793103448
d min = 0.07672413793103448
dF max = 0.07672413793103448
dB max = 0.07672413793103448
hk max = 0.010331966455186503
hk min = 0.010331966455186503
hz max = 0.04704744908498952
hz min = 0.030515441827179992
lambdaF max = Inf
lambdaF min = 0.008624482946382156
lambdaB max = Inf
lambdaB min = 0.008624482946382156
----------------------------------
----------------------------------
Iteration = 11
Distance = 0.03973755520012645
v max = -0.4911594972859881
v min = -5.883899031329871
d max = 0.07672413793103448
d min = 0.07672413793103448
dF max = 0.07672413793103448
dB max = 0.07672413793103448
hk max = 0.010331966455186503
hk min = 0.010331966455186503
hz max = 0.04734467215331283
hz min = 0.030555650426712728
lambdaF max = Inf
lambdaF min = 0.008624482946382156
lambdaB max = Inf
lambdaB min = 0.008624482946382156
----------------------------------
----------------------------------
Iteration = 12
Distance = 0.030634784595933162
v max = -0.5095301964499036
v min = -5.914533815925804
d max = 0.07672413793103448
d min = 0.07672413793103448
dF max = 0.07672413793103448
dB max = 0.07672413793103448
hk max = 0.010331966455186503
hk min = 0.010331966455186503
hz max = 0.04753651737055339
hz min = 0.030582193283001543
lambdaF max = Inf
lambdaF min = 0.008624482946382156
lambdaB max = Inf
lambdaB min = 0.008624482946382156
----------------------------------
----------------------------------
Iteration = 13
Distance = 0.02392854711078307
v max = -0.5254844618586484
v min = -5.938462363036587
d max = 0.07672413793103448
d min = 0.07672413793103448
dF max = 0.07672413793103448
dB max = 0.07672413793103448
hk max = 0.010331966455186503
hk min = 0.010331966455186503
hz max = 0.047660376497632544
hz min = 0.030599842121883335
lambdaF max = Inf
lambdaF min = 0.008624482946382156
lambdaB max = Inf
lambdaB min = 0.008624482946382156
----------------------------------
----------------------------------
Iteration = 14
Distance = 0.018906990717145966
v max = -0.5392088438335098
v min = -5.957369353753733
d max = 0.07672413793103448
d min = 0.07672413793103448
dF max = 0.07672413793103448
dB max = 0.07672413793103448
hk max = 0.010331966455186503
hk min = 0.010331966455186503
hz max = 0.047740362351768005
hz min = 0.030611592198215885
lambdaF max = Inf
lambdaF min = 0.008624482946382156
lambdaB max = Inf
lambdaB min = 0.008624482946382156
----------------------------------
----------------------------------
Iteration = 15
Distance = 0.015088168109199884
v max = -0.5509303762265865
v min = -5.972457521862933
d max = 0.07672413793103448
d min = 0.07672413793103448
dF max = 0.07672413793103448
dB max = 0.07672413793103448
hk max = 0.010331966455186503
hk min = 0.010331966455186503
hz max = 0.04779202899384935
hz min = 0.03061940027864629
lambdaF max = Inf
lambdaF min = 0.008624482946382156
lambdaB max = Inf
lambdaB min = 0.008624482946382156
----------------------------------
----------------------------------
Iteration = 16
Distance = 0.012141966666608717
v max = -0.560886307901827
v min = -5.9845994885295415
d max = 0.07672413793103448
d min = 0.07672413793103448
dF max = 0.07672413793103448
dB max = 0.07672413793103448
hk max = 0.010331966455186503
hk min = 0.010331966455186503
hz max = 0.04782541188955596
hz min = 0.030624571597936644
lambdaF max = Inf
lambdaF min = 0.008624482946382156
lambdaB max = Inf
lambdaB min = 0.008624482946382156
----------------------------------
----------------------------------
Iteration = 17
Distance = 0.009839320877925495
v max = -0.5693066820578557
v min = -5.994438809407467
d max = 0.07672413793103448
d min = 0.07672413793103448
dF max = 0.07672413793103448
dB max = 0.07672413793103448
hk max = 0.010331966455186503
hk min = 0.010331966455186503
hz max = 0.04784698728114366
hz min = 0.030627984170304583
lambdaF max = Inf
lambdaF min = 0.008624482946382156
lambdaB max = Inf
lambdaB min = 0.008624482946382156
----------------------------------
----------------------------------
Iteration = 18
Distance = 0.008018999683385708
v max = -0.5764048940736773
v min = -6.002457809090853
d max = 0.07672413793103448
d min = 0.07672413793103448
dF max = 0.07672413793103448
dB max = 0.07672413793103448
hk max = 0.010331966455186503
hk min = 0.010331966455186503
hz max = 0.047860935441113694
hz min = 0.030630228560000167
lambdaF max = Inf
lambdaF min = 0.008624482946382156
lambdaB max = Inf
lambdaB min = 0.008624482946382156
----------------------------------
----------------------------------
Iteration = 19
Distance = 0.006565766635060477
v max = -0.5823732538715194
v min = -6.009023575725913
d max = 0.07672413793103448
d min = 0.07672413793103448
dF max = 0.07672413793103448
dB max = 0.07672413793103448
hk max = 0.010331966455186503
hk min = 0.010331966455186503
hz max = 0.04786995529318813
hz min = 0.030631700386713652
lambdaF max = Inf
lambdaF min = 0.008624482946382156
lambdaB max = Inf
lambdaB min = 0.008624482946382156
----------------------------------
----------------------------------
Iteration = 20
Distance = 0.005395929029748281
v max = -0.5873816350746159
v min = -6.0144195047556614
d max = 0.07672413793103448
d min = 0.07672413793103448
dF max = 0.07672413793103448
dB max = 0.07672413793103448
hk max = 0.010331966455186503
hk min = 0.010331966455186503
hz max = 0.047875789810316795
hz min = 0.030632663296703302
lambdaF max = Inf
lambdaF min = 0.008624482946382156
lambdaB max = Inf
lambdaB min = 0.008624482946382156
----------------------------------
----------------------------------
Iteration = 21
Distance = 0.0044477069613311215
v max = -0.5915779532220545
v min = -6.018867211716993
d max = 0.07672413793103448
d min = 0.07672413793103448
dF max = 0.07672413793103448
dB max = 0.07672413793103448
hk max = 0.010331966455186503
hk min = 0.010331966455186503
hz max = 0.04787956492695837
hz min = 0.030633292075963072
lambdaF max = Inf
lambdaF min = 0.008624482946382156
lambdaB max = Inf
lambdaB min = 0.008624482946382156
----------------------------------
----------------------------------
Iteration = 22
Distance = 0.00367476025046809
v max = -0.5950896533420788
v min = -6.022541971967461
d max = 0.07672413793103448
d min = 0.07672413793103448
dF max = 0.07672413793103448
dB max = 0.07672413793103448
hk max = 0.010331966455186503
hk min = 0.010331966455186503
hz max = 0.04788200819547099
hz min = 0.03063370206826324
lambdaF max = Inf
lambdaF min = 0.008624482946382156
lambdaB max = Inf
lambdaB min = 0.008624482946382156
----------------------------------
----------------------------------
Iteration = 23
Distance = 0.003041794776358131
v max = -0.5980256831194548
v min = -6.025583766743819
d max = 0.07672413793103448
d min = 0.07672413793103448
dF max = 0.07672413793103448
dB max = 0.07672413793103448
hk max = 0.010331966455186503
hk min = 0.010331966455186503
hz max = 0.04788358988632316
hz min = 0.03063396910159253
lambdaF max = Inf
lambdaF min = 0.008624482946382156
lambdaB max = Inf
lambdaB min = 0.008624482946382156
----------------------------------
----------------------------------
Iteration = 24
Distance = 0.002521546224803828
v max = -0.6004786274489297
v min = -6.028105312968623
d max = 0.07672413793103448
d min = 0.07672413793103448
dF max = 0.07672413793103448
dB max = 0.07672413793103448
hk max = 0.010331966455186503
hk min = 0.010331966455186503
hz max = 0.04788461406309293
hz min = 0.03063414287495767
lambdaF max = Inf
lambdaF min = 0.008624482946382156
lambdaB max = Inf
lambdaB min = 0.008624482946382156
----------------------------------
----------------------------------
Iteration = 25
Distance = 0.002092682730015838
v max = -0.6025268127246194
v min = -6.0301979956986385
d max = 0.07672413793103448
d min = 0.07672413793103448
dF max = 0.07672413793103448
dB max = 0.07672413793103448
hk max = 0.010331966455186503
hk min = 0.010331966455186503
hz max = 0.04788527738436341
hz min = 0.030634255885202744
lambdaF max = Inf
lambdaF min = 0.008624482946382156
lambdaB max = Inf
lambdaB min = 0.008624482946382156
----------------------------------
----------------------------------
Iteration = 26
Distance = 0.0017383256847081086
v max = -0.6042362753658547
v min = -6.031936321383347
d max = 0.07672413793103448
d min = 0.07672413793103448
dF max = 0.07672413793103448
dB max = 0.07672413793103448
hk max = 0.010331966455186503
hk min = 0.010331966455186503
hz max = 0.0478857070801387
hz min = 0.03063432934280046
lambdaF max = Inf
lambdaF min = 0.008624482946382156
lambdaB max = Inf
lambdaB min = 0.008624482946382156
----------------------------------
----------------------------------
Iteration = 27
Distance = 0.001444990518315592
v max = -0.605662543609652
v min = -6.033381311901662
d max = 0.07672413793103448
d min = 0.07672413793103448
dF max = 0.07672413793103448
dB max = 0.07672413793103448
hk max = 0.010331966455186503
hk min = 0.010331966455186503
hz max = 0.0478859854862714
hz min = 0.03063437707271381
lambdaF max = Inf
lambdaF min = 0.008624482946382156
lambdaB max = Inf
lambdaB min = 0.008624482946382156
----------------------------------
----------------------------------
Iteration = 28
Distance = 0.001201816043163717
v max = -0.6068522149946564
v min = -6.034583127944826
d max = 0.07672413793103448
d min = 0.07672413793103448
dF max = 0.07672413793103448
dB max = 0.07672413793103448
hk max = 0.010331966455186503
hk min = 0.010331966455186503
hz max = 0.0478861658999977
hz min = 0.030634408076710525
lambdaF max = Inf
lambdaF min = 0.008624482946382156
lambdaB max = Inf
lambdaB min = 0.008624482946382156
----------------------------------
----------------------------------
Iteration = 29
Distance = 0.0009999946377377
v max = -0.6078443315190623
v min = -6.035583122582564
d max = 0.07672413793103448
d min = 0.07672413793103448
dF max = 0.07672413793103448
dB max = 0.07672413793103448
hk max = 0.010331966455186503
hk min = 0.010331966455186503
hz max = 0.0478862828300734
hz min = 0.030634428211467446
lambdaF max = Inf
lambdaF min = 0.008624482946382156
lambdaB max = Inf
lambdaB min = 0.008624482946382156
----------------------------------
----------------------------------
Iteration = 30
Distance = 0.0008323441985353952
v max = -0.6086715651512237
v min = -6.036415466781099
d max = 0.07672413793103448
d min = 0.07672413793103448
dF max = 0.07672413793103448
dB max = 0.07672413793103448
hk max = 0.010331966455186503
hk min = 0.010331966455186503
hz max = 0.04788635862530521
hz min = 0.03063444128516148
lambdaF max = Inf
lambdaF min = 0.008624482946382156
lambdaB max = Inf
lambdaB min = 0.008624482946382156
----------------------------------
----------------------------------
Iteration = 31
Distance = 0.0006929816972869318
v max = -0.6093612315310641
v min = -6.037108448478386
d max = 0.07672413793103448
d min = 0.07672413793103448
dF max = 0.07672413793103448
dB max = 0.07672413793103448
hk max = 0.010331966455186503
hk min = 0.010331966455186503
hz max = 0.04788640776246975
hz min = 0.03063444977285697
lambdaF max = Inf
lambdaF min = 0.008624482946382156
lambdaB max = Inf
lambdaB min = 0.008624482946382156
----------------------------------
----------------------------------
Iteration = 32
Distance = 0.0005770707227856775
v max = -0.6099361515047781
v min = -6.037685519201172
d max = 0.07672413793103448
d min = 0.07672413793103448
dF max = 0.07672413793103448
dB max = 0.07672413793103448
hk max = 0.010331966455186503
hk min = 0.010331966455186503
hz max = 0.04788643962094691
hz min = 0.030634455282624574
lambdaF max = Inf
lambdaF min = 0.008624482946382156
lambdaB max = Inf
lambdaB min = 0.008624482946382156
----------------------------------
----------------------------------
Iteration = 33
Distance = 0.0004806237677845715
v max = -0.6104153799901418
v min = -6.038166142968956
d max = 0.07672413793103448
d min = 0.07672413793103448
dF max = 0.07672413793103448
dB max = 0.07672413793103448
hk max = 0.010331966455186503
hk min = 0.010331966455186503
hz max = 0.04788646027859862
hz min = 0.03063445885895993
lambdaF max = Inf
lambdaF min = 0.008624482946382156
lambdaB max = Inf
lambdaB min = 0.008624482946382156
----------------------------------
----------------------------------
Iteration = 34
Distance = 0.00040034566817048756
v max = -0.6108148204647479
v min = -6.038566488637127
d max = 0.07672413793103448
d min = 0.07672413793103448
dF max = 0.07672413793103448
dB max = 0.07672413793103448
hk max = 0.010331966455186503
hk min = 0.010331966455186503
hz max = 0.04788647367454452
hz min = 0.030634461180158445
lambdaF max = Inf
lambdaF min = 0.008624482946382156
lambdaB max = Inf
lambdaB min = 0.008624482946382156
----------------------------------
----------------------------------
Iteration = 35
Distance = 0.00033350844510593447
v max = -0.6111477416545031
v min = -6.038899997082233
d max = 0.07672413793103448
d min = 0.07672413793103448
dF max = 0.07672413793103448
dB max = 0.07672413793103448
hk max = 0.010331966455186503
hk min = 0.010331966455186503
hz max = 0.04788648236209619
hz min = 0.03063446268663162
lambdaF max = Inf
lambdaF min = 0.008624482946382156
lambdaB max = Inf
lambdaB min = 0.008624482946382156
----------------------------------
----------------------------------
Iteration = 36
Distance = 0.0002778504451885766
v max = -0.611425211105827
v min = -6.039177847527421
d max = 0.07672413793103448
d min = 0.07672413793103448
dF max = 0.07672413793103448
dB max = 0.07672413793103448
hk max = 0.010331966455186503
hk min = 0.010331966455186503
hz max = 0.04788648799651327
hz min = 0.030634463664295657
lambdaF max = Inf
lambdaF min = 0.008624482946382156
lambdaB max = Inf
lambdaB min = 0.008624482946382156
----------------------------------
----------------------------------
Iteration = 37
Distance = 0.00023149451789272746
v max = -0.6116564584434572
v min = -6.039409342045314
d max = 0.07672413793103448
d min = 0.07672413793103448
dF max = 0.07672413793103448
dB max = 0.07672413793103448
hk max = 0.010331966455186503
hk min = 0.010331966455186503
hz max = 0.0478864916509891
hz min = 0.030634464298750892
lambdaF max = Inf
lambdaF min = 0.008624482946382156
lambdaB max = Inf
lambdaB min = 0.008624482946382156
----------------------------------
----------------------------------
Iteration = 38
Distance = 0.00019288127323413562
v max = -0.6118491793501377
v min = -6.039602223318548
d max = 0.07672413793103448
d min = 0.07672413793103448
dF max = 0.07672413793103448
dB max = 0.07672413793103448
hk max = 0.010331966455186503
hk min = 0.010331966455186503
hz max = 0.04788649402138872
hz min = 0.030634464710468157
lambdaF max = Inf
lambdaF min = 0.008624482946382156
lambdaB max = Inf
lambdaB min = 0.008624482946382156
----------------------------------
----------------------------------
Iteration = 39
Distance = 0.00016071439822429312
v max = -0.6120097897042646
v min = -6.039762937716772
d max = 0.07672413793103448
d min = 0.07672413793103448
dF max = 0.07672413793103448
dB max = 0.07672413793103448
hk max = 0.010331966455186503
hk min = 0.010331966455186503
hz max = 0.047886495558966645
hz min = 0.03063446497763586
lambdaF max = Inf
lambdaF min = 0.008624482946382156
lambdaB max = Inf
lambdaB min = 0.008624482946382156
----------------------------------
----------------------------------
Iteration = 40
Distance = 0.00013391569337528608
v max = -0.6121436378944396
v min = -6.039896853410148
d max = 0.07672413793103448
d min = 0.07672413793103448
dF max = 0.07672413793103448
dB max = 0.07672413793103448
hk max = 0.010331966455186503
hk min = 0.010331966455186503
hz max = 0.047886496556364566
hz min = 0.03063446515100136
lambdaF max = Inf
lambdaF min = 0.008624482946382156
lambdaB max = Inf
lambdaB min = 0.008624482946382156
----------------------------------
----------------------------------
Iteration = 41
Distance = 0.00011158799590571533
v max = -0.6122551820944011
v min = -6.040008441406053
d max = 0.07672413793103448
d min = 0.07672413793103448
dF max = 0.07672413793103448
dB max = 0.07672413793103448
hk max = 0.010331966455186503
hk min = 0.010331966455186503
hz max = 0.0478864972033764
hz min = 0.03063446526349552
lambdaF max = Inf
lambdaF min = 0.008624482946382156
lambdaB max = Inf
lambdaB min = 0.008624482946382156
----------------------------------
----------------------------------
Iteration = 42
Distance = 9.298453723971534e-5
v max = -0.6123481382167661
v min = -6.040101425943293
d max = 0.07672413793103448
d min = 0.07672413793103448
dF max = 0.07672413793103448
dB max = 0.07672413793103448
hk max = 0.010331966455186503
hk min = 0.010331966455186503
hz max = 0.04788649762310307
hz min = 0.030634465336490613
lambdaF max = Inf
lambdaF min = 0.008624482946382156
lambdaB max = Inf
lambdaB min = 0.008624482946382156
----------------------------------
----------------------------------
Iteration = 43
Distance = 7.748357258741123e-5
v max = -0.6124256033536503
v min = -6.04017890951588
d max = 0.07672413793103448
d min = 0.07672413793103448
dF max = 0.07672413793103448
dB max = 0.07672413793103448
hk max = 0.010331966455186503
hk min = 0.010331966455186503
hz max = 0.04788649789539519
hz min = 0.030634465383854413
lambdaF max = Inf
lambdaF min = 0.008624482946382156
lambdaB max = Inf
lambdaB min = 0.008624482946382156
----------------------------------
----------------------------------
Iteration = 44
Distance = 6.456734604931569e-5
v max = -0.6124901587384696
v min = -6.04024347686193
d max = 0.07672413793103448
d min = 0.07672413793103448
dF max = 0.07672413793103448
dB max = 0.07672413793103448
hk max = 0.010331966455186503
hk min = 0.010331966455186503
hz max = 0.04788649807204063
hz min = 0.03063446541458688
lambdaF max = Inf
lambdaF min = 0.008624482946382156
lambdaB max = Inf
lambdaB min = 0.008624482946382156
----------------------------------
----------------------------------
Iteration = 45
Distance = 5.380463095505661e-5
v max = -0.6125439556088699
v min = -6.040297281492885
d max = 0.07672413793103448
d min = 0.07672413793103448
dF max = 0.07672413793103448
dB max = 0.07672413793103448
hk max = 0.010331966455186503
hk min = 0.010331966455186503
hz max = 0.04788649818664535
hz min = 0.03063446543452772
lambdaF max = Inf
lambdaF min = 0.008624482946382156
lambdaB max = Inf
lambdaB min = 0.008624482946382156
----------------------------------
----------------------------------
Iteration = 46
Distance = 4.4836225301381205e-5
v max = -0.6125887867990257
v min = -6.040342117718186
d max = 0.07672413793103448
d min = 0.07672413793103448
dF max = 0.07672413793103448
dB max = 0.07672413793103448
hk max = 0.010331966455186503
hk min = 0.010331966455186503
hz max = 0.047886498260991804
hz min = 0.03063446544746722
lambdaF max = Inf
lambdaF min = 0.008624482946382156
lambdaB max = Inf
lambdaB min = 0.008624482946382156
----------------------------------
----------------------------------
Iteration = 47
Distance = 3.736289359856926e-5
v max = -0.612626146425754
v min = -6.040379480611785
d max = 0.07672413793103448
d min = 0.07672413793103448
dF max = 0.07672413793103448
dB max = 0.07672413793103448
hk max = 0.010331966455186503
hk min = 0.010331966455186503
hz max = 0.04788649830923192
hz min = 0.030634465455861824
lambdaF max = Inf
lambdaF min = 0.008624482946382156
lambdaB max = Inf
lambdaB min = 0.008624482946382156
----------------------------------
----------------------------------
Iteration = 48
Distance = 3.113533755172426e-5
v max = -0.6126572796437135
v min = -6.0404106159493365
d max = 0.07672413793103448
d min = 0.07672413793103448
dF max = 0.07672413793103448
dB max = 0.07672413793103448
hk max = 0.010331966455186503
hk min = 0.010331966455186503
hz max = 0.04788649834053013
hz min = 0.030634465461309157
lambdaF max = Inf
lambdaF min = 0.008624482946382156
lambdaB max = Inf
lambdaB min = 0.008624482946382156
----------------------------------
----------------------------------
Iteration = 49
Distance = 2.594585049653375e-5
v max = -0.6126832241189866
v min = -6.040436561799833
d max = 0.07672413793103448
d min = 0.07672413793103448
dF max = 0.07672413793103448
dB max = 0.07672413793103448
hk max = 0.010331966455186503
hk min = 0.010331966455186503
hz max = 0.04788649836083378
hz min = 0.030634465464843698
lambdaF max = Inf
lambdaF min = 0.008624482946382156
lambdaB max = Inf
lambdaB min = 0.008624482946382156
----------------------------------
----------------------------------
Iteration = 50
Distance = 2.162137070715886e-5
v max = -0.6127048445974299
v min = -6.04045818317054
d max = 0.07672413793103448
d min = 0.07672413793103448
dF max = 0.07672413793103448
dB max = 0.07672413793103448
hk max = 0.010331966455186503
hk min = 0.010331966455186503
hz max = 0.0478864983740075
hz min = 0.03063446546713624
lambdaF max = Inf
lambdaF min = 0.008624482946382156
lambdaB max = Inf
lambdaB min = 0.008624482946382156
----------------------------------
----------------------------------
Iteration = 51
Distance = 1.8017697745342787e-5
v max = -0.6127228617162512
v min = -6.0404762008682855
d max = 0.07672413793103448
d min = 0.07672413793103448
dF max = 0.07672413793103448
dB max = 0.07672413793103448
hk max = 0.010331966455186503
hk min = 0.010331966455186503
hz max = 0.04788649838255423
hz min = 0.0306344654686248
lambdaF max = Inf
lambdaF min = 0.008624482946382156
lambdaB max = Inf
lambdaB min = 0.008624482946382156
----------------------------------
----------------------------------
Iteration = 52
Distance = 1.50146759780867e-5
v max = -0.612737876016617
v min = -6.040491215544264
d max = 0.07672413793103448
d min = 0.07672413793103448
dF max = 0.07672413793103448
dB max = 0.07672413793103448
hk max = 0.010331966455186503
hk min = 0.010331966455186503
hz max = 0.047886498388097436
hz min = 0.030634465469590096
lambdaF max = Inf
lambdaF min = 0.008624482946382156
lambdaB max = Inf
lambdaB min = 0.008624482946382156
----------------------------------
----------------------------------
Iteration = 53
Distance = 1.2512183176660585e-5
v max = -0.6127503879560899
v min = -6.04050372772744
d max = 0.07672413793103448
d min = 0.07672413793103448
dF max = 0.07672413793103448
dB max = 0.07672413793103448
hk max = 0.010331966455186503
hk min = 0.010331966455186503
hz max = 0.047886498391695696
hz min = 0.030634465470216404
lambdaF max = Inf
lambdaF min = 0.008624482946382156
lambdaB max = Inf
lambdaB min = 0.008624482946382156
----------------------------------
----------------------------------
Iteration = 54
Distance = 1.0426788948691978e-5
v max = -0.6127608145869212
v min = -6.040514154516389
d max = 0.07672413793103448
d min = 0.07672413793103448
dF max = 0.07672413793103448
dB max = 0.07672413793103448
hk max = 0.010331966455186503
hk min = 0.010331966455186503
hz max = 0.04788649839402871
hz min = 0.030634465470622554
lambdaF max = Inf
lambdaF min = 0.008624482946382156
lambdaB max = Inf
lambdaB min = 0.008624482946382156
----------------------------------
----------------------------------
Iteration = 55
Distance = 8.688971092851716e-6
v max = -0.61276950345542
v min = -6.040522843487482
d max = 0.07672413793103448
d min = 0.07672413793103448
dF max = 0.07672413793103448
dB max = 0.07672413793103448
hk max = 0.010331966455186503
hk min = 0.010331966455186503
hz max = 0.04788649839554425
hz min = 0.03063446547088634
lambdaF max = Inf
lambdaF min = 0.008624482946382156
lambdaB max = Inf
lambdaB min = 0.008624482946382156
----------------------------------
    Value Function Converged, Iteration = 55 with gamma=5.0 with rho=1.0 and v=-2.719889661352972
    Natural boundary condition
=============================================================
Convegence time (minutes): 0.11461233544999999
Current Time = 22:19:34
grid points for z:  401
grid size for z:  0.025
-0.09364941506040932
-0.2686234247731226
--- 8.310566425323486 seconds for the elasticity computation ---
-0.0089856663663699
-0.08442783382507986
--- 0.06365132331848145 seconds for the elasticity computation ---
-0.04463978571823521
-0.18419559094804278
--- 0.06300950050354004 seconds for the elasticity computation ---
-0.1734091285575502
-0.27606244062085694
--- 0.06250739097595215 seconds for the elasticity computation ---
Current Time = 22:19:45
grid points for z:  401
grid size for z:  0.025
rho = 1
0.05975971349714089
--- 8.420268058776855 seconds for the elasticity computation ---
0.0
--- 0.0661623477935791 seconds for the elasticity computation ---
0.05975971349714089
--- 0.06832146644592285 seconds for the elasticity computation ---
0.0
--- 0.06692790985107422 seconds for the elasticity computation ---
0.0
--- 0.06574130058288574 seconds for the elasticity computation ---
0.05975971349714089
0.007439015847734282
--- 0.06577777862548828 seconds for the elasticity computation ---
0.05975971349714089
0.007439015847734282
--- 0.0661463737487793 seconds for the elasticity computation ---
0.05975971349714089
0.007439015847734282
--- 0.06598114967346191 seconds for the elasticity computation ---
0.05975971349714089
0.007439015847734282
--- 0.0660395622253418 seconds for the elasticity computation ---
parsed_args = parse_commandline() = Dict{String, Any}("dataname" => "upper_triangular_two_ambiguous_parameters", "clowerlim" => 0.0001, "delta" => 0.02, "boundary" => 0, "Delta" => 10.0, "q" => 0.05, "zmax" => 5.0, "logadjustment" => 1, "zscale" => 2.0, "foc" => 1, "distorted" => 0, "rho" => 1.0, "gamma" => 5.0)
=============================================================
./output/upper_triangular_two_ambiguous_parameters/Delta_10.0_distorted_0/logadjustment_1_boundary_0/zmax_5.0_zscale_2.0/delta_0.02/q_0.05_gamma_5.0_rho_1.0/
=============================================================
solve for structured linear system 
structured_relative_entropy = 0.051280787346474344
=============================================================
solve for unstructured linear system 
q_update = 0.18776126470482649
=============================================================
parsed_args = parse_commandline() = Dict{String, Any}("dataname" => "upper_triangular_two_ambiguous_parameters", "clowerlim" => 0.0001, "delta" => 0.02, "boundary" => 0, "Delta" => 10.0, "q" => 0.05, "zmax" => 5.0, "logadjustment" => 1, "zscale" => 2.0, "foc" => 1, "distorted" => 0, "rho" => 1.0, "gamma" => 5.0)
=============================================================
./output/upper_triangular_two_ambiguous_parameters/Delta_10.0_distorted_0/logadjustment_1_boundary_0/zmax_5.0_zscale_2.0/delta_0.02/q_0.05_gamma_5.0_rho_1.0/
=============================================================
solve for structured linear system 
structured_relative_entropy = 0.051280787346474344
=============================================================
solve for unstructured linear system 
q_update = 0.18776126470482649
=============================================================
Program ends Fri Jan 19 22:20:26 CST 2024
Elapsed time: 0 days 00 hr 01 min 23 sec
