D_10.0_distorted_0_boundary_0_delta_0.015_gamma_4.0_q_0.1_rho_1.0_lower_triangular_two_ambiguous_parameters
Program starts Fri Jan 19 22:23:13 CST 2024
parsed_args = parse_commandline() = Dict{String, Any}("dataname" => "lower_triangular_two_ambiguous_parameters", "clowerlim" => 0.0001, "delta" => 0.015, "boundary" => 0, "Delta" => 10.0, "q" => 0.1, "zmax" => 5.0, "logadjustment" => 1, "zscale" => 2.0, "foc" => 1, "distorted" => 0, "rho" => 1.0, "gamma" => 4.0)
=============================================================
logadjustment: true
reflective_boundary: false
0.1002
sigma_k: [0.011287880226154068, 0.0]
sigma_z: [0.026030751045638307, 0.05916079783099616]
Compute value function WITH ROBUSTNESS
computing undistorted version...
zmax = 5.0, zmin = -5.0, zlength = 401
natural boundary condition
----------------------------------
Iteration = 1
Distance = 1.2278680548950955
v max = -0.8886867683453807
v min = -3.2278680548950955
d max = 0.07607142857142857
d min = 0.07607142857142857
dF max = 0.07607142857142857
dB max = 0.07607142857142857
hk max = 0.011287880226154068
hk min = 0.011287880226154068
hz max = 0.0
hz min = 0.0
lambdaF max = Inf
lambdaF min = 0.004177590819662044
lambdaB max = Inf
lambdaB min = 0.004177590819662044
----------------------------------
----------------------------------
Iteration = 2
Distance = 1.0403267184740228
v max = -0.7389970907659982
v min = -4.268194773369118
d max = 0.07607142857142857
d min = 0.07607142857142857
dF max = 0.07607142857142857
dB max = 0.07607142857142857
hk max = 0.017376944798234765
hk min = 0.01737694479823199
hz max = 0.01383878311836522
hz min = 0.013838783118358917
lambdaF max = Inf
lambdaF min = 0.004177590819662044
lambdaB max = Inf
lambdaB min = 0.004177590819662044
----------------------------------
----------------------------------
Iteration = 3
Distance = 0.7441989303395617
v max = -0.6853788478133999
v min = -5.01239370370868
d max = 0.07607142857142857
d min = 0.07607142857142857
dF max = 0.07607142857142857
dB max = 0.07607142857142857
hk max = 0.022504078315655825
hk min = 0.018445215389990523
hz max = 0.025491359294322183
hz min = 0.016266670826901038
lambdaF max = Inf
lambdaF min = 0.004177590819662044
lambdaB max = Inf
lambdaB min = 0.004177590819662044
----------------------------------
----------------------------------
Iteration = 4
Distance = 0.5421564409507669
v max = -0.6920115585417712
v min = -5.554550144659447
d max = 0.07607142857142857
d min = 0.07607142857142857
dF max = 0.07607142857142857
dB max = 0.07607142857142857
hk max = 0.026081667187280288
hk min = 0.018985701588710897
hz max = 0.03362224309346869
hz min = 0.017495048551265522
lambdaF max = Inf
lambdaF min = 0.004177590819662044
lambdaB max = Inf
lambdaB min = 0.004177590819662044
----------------------------------
----------------------------------
Iteration = 5
Distance = 0.40462566809994716
v max = -0.7188879459418394
v min = -5.959175812759394
d max = 0.07607142857142857
d min = 0.07607142857142857
dF max = 0.07607142857142857
dB max = 0.07607142857142857
hk max = 0.02860095176791205
hk min = 0.01919241351563397
hz max = 0.03934788986763178
hz min = 0.0179648483851816
lambdaF max = Inf
lambdaF min = 0.004177590819662044
lambdaB max = Inf
lambdaB min = 0.004177590819662044
----------------------------------
----------------------------------
Iteration = 6
Distance = 0.3062051206643117
v max = -0.7533193629621102
v min = -6.265380933423706
d max = 0.07607142857142857
d min = 0.07607142857142857
dF max = 0.07607142857142857
dB max = 0.07607142857142857
hk max = 0.030405346591308325
hk min = 0.019285737508531194
hz max = 0.04344878719353241
hz min = 0.018176948369038923
lambdaF max = Inf
lambdaF min = 0.004177590819662044
lambdaB max = Inf
lambdaB min = 0.004177590819662044
----------------------------------
----------------------------------
Iteration = 7
Distance = 0.23420915643333906
v max = -0.7905705466879155
v min = -6.499590089857045
d max = 0.07607142857142857
d min = 0.07607142857142857
dF max = 0.07607142857142857
dB max = 0.07607142857142857
hk max = 0.0317058484186276
hk min = 0.01934054097642323
hz max = 0.04640447316471257
hz min = 0.018301501705157194
lambdaF max = Inf
lambdaF min = 0.004177590819662044
lambdaB max = Inf
lambdaB min = 0.004177590819662044
----------------------------------
----------------------------------
Iteration = 8
Distance = 0.180860716458076
v max = -0.8282155582299107
v min = -6.680450806315121
d max = 0.07607142857142857
d min = 0.07607142857142857
dF max = 0.07607142857142857
dB max = 0.07607142857142857
hk max = 0.03264581291994299
hk min = 0.01937924423988404
hz max = 0.048540756122247564
hz min = 0.01838946366756812
lambdaF max = Inf
lambdaF min = 0.004177590819662044
lambdaB max = Inf
lambdaB min = 0.004177590819662044
----------------------------------
----------------------------------
Iteration = 9
Distance = 0.1409405756438007
v max = -0.8647073065017797
v min = -6.821391381958922
d max = 0.07607142857142857
d min = 0.07607142857142857
dF max = 0.07607142857142857
dB max = 0.07607142857142857
hk max = 0.033326226278820065
hk min = 0.019406702141459467
hz max = 0.050087150119695466
hz min = 0.01845186798933045
lambdaF max = Inf
lambdaF min = 0.004177590819662044
lambdaB max = Inf
lambdaB min = 0.004177590819662044
----------------------------------
----------------------------------
Iteration = 10
Distance = 0.11081034586031802
v max = -0.8992258286761133
v min = -6.93220172781924
d max = 0.07607142857142857
d min = 0.07607142857142857
dF max = 0.07607142857142857
dB max = 0.07607142857142857
hk max = 0.03381921556933189
hk min = 0.019426474637715675
hz max = 0.05120758032540415
hz min = 0.01849680548082184
lambdaF max = Inf
lambdaF min = 0.004177590819662044
lambdaB max = Inf
lambdaB min = 0.004177590819662044
----------------------------------
----------------------------------
Iteration = 11
Distance = 0.0878824479059892
v max = -0.9313677612702803
v min = -7.020084175725229
d max = 0.07607142857142857
d min = 0.07607142857142857
dF max = 0.07607142857142857
dB max = 0.07607142857142857
hk max = 0.03417662951103133
hk min = 0.019441540887868307
hz max = 0.05201988473835741
hz min = 0.018531046958441457
lambdaF max = Inf
lambdaF min = 0.004177590819662044
lambdaB max = Inf
lambdaB min = 0.004177590819662044
----------------------------------
----------------------------------
Iteration = 12
Distance = 0.07029358291716914
v max = -0.9609200200175188
v min = -7.090377758642398
d max = 0.07607142857142857
d min = 0.07607142857142857
dF max = 0.07607142857142857
dB max = 0.07607142857142857
hk max = 0.03443586842782489
hk min = 0.01945296361701297
hz max = 0.05260906409470641
hz min = 0.018557007706497507
lambdaF max = Inf
lambdaF min = 0.004177590819662044
lambdaB max = Inf
lambdaB min = 0.004177590819662044
----------------------------------
----------------------------------
Iteration = 13
Distance = 0.05669013146123092
v max = -0.9878301809155603
v min = -7.147067890103629
d max = 0.07607142857142857
d min = 0.07607142857142857
dF max = 0.07607142857142857
dB max = 0.07607142857142857
hk max = 0.03462396480660937
hk min = 0.019461530422521484
hz max = 0.05303655586467115
hz min = 0.018576477719016857
lambdaF max = Inf
lambdaF min = 0.004177590819662044
lambdaB max = Inf
lambdaB min = 0.004177590819662044
----------------------------------
----------------------------------
Iteration = 14
Distance = 0.04608189325918577
v max = -1.012152168635275
v min = -7.193149783362815
d max = 0.07607142857142857
d min = 0.07607142857142857
dF max = 0.07607142857142857
dB max = 0.07607142857142857
hk max = 0.0347604818546115
hk min = 0.019468074639754418
hz max = 0.0533468218828578
hz min = 0.0185913509400008
lambdaF max = Inf
lambdaF min = 0.004177590819662044
lambdaB max = Inf
lambdaB min = 0.004177590819662044
----------------------------------
----------------------------------
Iteration = 15
Distance = 0.03774017045900724
v max = -1.0339945474249834
v min = -7.230889953821822
d max = 0.07607142857142857
d min = 0.07607142857142857
dF max = 0.07607142857142857
dB max = 0.07607142857142857
hk max = 0.03485958896656792
hk min = 0.019473014945418605
hz max = 0.05357206531912241
hz min = 0.018602578907419405
lambdaF max = Inf
lambdaF min = 0.004177590819662044
lambdaB max = Inf
lambdaB min = 0.004177590819662044
----------------------------------
----------------------------------
Iteration = 16
Distance = 0.031125718236213018
v max = -1.0535084484459891
v min = -7.262015672058035
d max = 0.07607142857142857
d min = 0.07607142857142857
dF max = 0.07607142857142857
dB max = 0.07607142857142857
hk max = 0.03493155471755354
hk min = 0.01947671620739861
hz max = 0.053735623844089725
hz min = 0.018610990866464873
lambdaF max = Inf
lambdaF min = 0.004177590819662044
lambdaB max = Inf
lambdaB min = 0.004177590819662044
----------------------------------
----------------------------------
Iteration = 17
Distance = 0.025837301856401318
v max = -1.0708672538108504
v min = -7.287852973914436
d max = 0.07607142857142857
d min = 0.07607142857142857
dF max = 0.07607142857142857
dB max = 0.07607142857142857
hk max = 0.03498382387108156
hk min = 0.019479507194951104
hz max = 0.05385441737483521
hz min = 0.01861733401999327
lambdaF max = Inf
lambdaF min = 0.004177590819662044
lambdaB max = Inf
lambdaB min = 0.004177590819662044
----------------------------------
----------------------------------
Iteration = 18
Distance = 0.021574701740028956
v max = -1.086252125305159
v min = -7.309427675654465
d max = 0.07607142857142857
d min = 0.07607142857142857
dF max = 0.07607142857142857
dB max = 0.07607142857142857
hk max = 0.03502179568248457
hk min = 0.01948158527619973
hz max = 0.05394071694620569
hz min = 0.01862205693192196
lambdaF max = Inf
lambdaF min = 0.004177590819662044
lambdaB max = Inf
lambdaB min = 0.004177590819662044
----------------------------------
----------------------------------
Iteration = 19
Distance = 0.018111962368930534
v max = -1.099846277034557
v min = -7.327539638023396
d max = 0.07607142857142857
d min = 0.07607142857142857
dF max = 0.07607142857142857
dB max = 0.07607142857142857
hk max = 0.03504938698997071
hk min = 0.019483131984347795
hz max = 0.05400342446321965
hz min = 0.018625572177713018
lambdaF max = Inf
lambdaF min = 0.004177590819662044
lambdaB max = Inf
lambdaB min = 0.004177590819662044
----------------------------------
----------------------------------
Iteration = 20
Distance = 0.015277962489616215
v max = -1.111827309876614
v min = -7.342817600513012
d max = 0.07607142857142857
d min = 0.07607142857142857
dF max = 0.07607142857142857
dB max = 0.07607142857142857
hk max = 0.035069439916943765
hk min = 0.019484282850099253
hz max = 0.05404899929724932
hz min = 0.018628187781693603
lambdaF max = Inf
lambdaF min = 0.004177590819662044
lambdaB max = Inf
lambdaB min = 0.004177590819662044
----------------------------------
----------------------------------
Iteration = 21
Distance = 0.01294224886812767
v max = -1.1223637936245607
v min = -7.35575984938114
d max = 0.07607142857142857
d min = 0.07607142857142857
dF max = 0.07607142857142857
dB max = 0.07607142857142857
hk max = 0.035084017224066566
hk min = 0.019485131805231655
hz max = 0.054082129540710226
hz min = 0.018630117225176338
lambdaF max = Inf
lambdaF min = 0.004177590819662044
lambdaB max = Inf
lambdaB min = 0.004177590819662044
----------------------------------
----------------------------------
Iteration = 22
Distance = 0.011004671425705936
v max = -1.131613242606369
v min = -7.3667645208068455
d max = 0.07607142857142857
d min = 0.07607142857142857
dF max = 0.07607142857142857
dB max = 0.07607142857142857
hk max = 0.03509461635449263
hk min = 0.01948576026302955
hz max = 0.054106218473496746
hz min = 0.018631545538353375
lambdaF max = Inf
lambdaF min = 0.004177590819662044
lambdaB max = Inf
lambdaB min = 0.004177590819662044
----------------------------------
----------------------------------
Iteration = 23
Distance = 0.009387773816149192
v max = -1.1397204498372773
v min = -7.376152294622995
d max = 0.07607142857142857
d min = 0.07607142857142857
dF max = 0.07607142857142857
dB max = 0.07607142857142857
hk max = 0.03510232460150613
hk min = 0.019486223078584216
hz max = 0.054123737216709225
hz min = 0.018632597391886704
lambdaF max = Inf
lambdaF min = 0.004177590819662044
lambdaB max = Inf
lambdaB min = 0.004177590819662044
----------------------------------
----------------------------------
Iteration = 24
Distance = 0.008031187509737414
v max = -1.1468174289288675
v min = -7.384183482132732
d max = 0.07607142857142857
d min = 0.07607142857142857
dF max = 0.07607142857142857
dB max = 0.07607142857142857
hk max = 0.03510793162187778
hk min = 0.01948656333161585
hz max = 0.05413648044482662
hz min = 0.01863337069423133
lambdaF max = Inf
lambdaF min = 0.004177590819662044
lambdaB max = Inf
lambdaB min = 0.004177590819662044
----------------------------------
----------------------------------
Iteration = 25
Distance = 0.006887486735087656
v max = -1.1530234052861592
v min = -7.39107096886782
d max = 0.07607142857142857
d min = 0.07607142857142857
dF max = 0.07607142857142857
dB max = 0.07607142857142857
hk max = 0.035112011038197374
hk min = 0.01948681384589806
hz max = 0.054145751845552974
hz min = 0.01863394004487271
lambdaF max = Inf
lambdaF min = 0.004177590819662044
lambdaB max = Inf
lambdaB min = 0.004177590819662044
----------------------------------
----------------------------------
Iteration = 26
Distance = 0.005919111466718974
v max = -1.158445342965675
v min = -7.396990080334539
d max = 0.07607142857142857
d min = 0.07607142857142857
dF max = 0.07607142857142857
dB max = 0.07607142857142857
hk max = 0.0351149796346894
hk min = 0.019486997334230115
hz max = 0.054152498655762125
hz min = 0.0186343570638092
lambdaF max = Inf
lambdaF min = 0.004177590819662044
lambdaB max = Inf
lambdaB min = 0.004177590819662044
----------------------------------
----------------------------------
Iteration = 27
Distance = 0.005096073379534438
v max = -1.16317873077948
v min = -7.402086153714073
d max = 0.07607142857142857
d min = 0.07607142857142857
dF max = 0.07607142857142857
dB max = 0.07607142857142857
hk max = 0.03511714030772278
hk min = 0.019487132114839843
hz max = 0.05415740927629254
hz min = 0.018634663383376764
lambdaF max = Inf
lambdaF min = 0.004177590819662044
lambdaB max = Inf
lambdaB min = 0.004177590819662044
----------------------------------
----------------------------------
Iteration = 28
Distance = 0.0043942374077152735
v max = -1.1673083799710722
v min = -7.4064803911217885
d max = 0.07607142857142857
d min = 0.07607142857142857
dF max = 0.07607142857142857
dB max = 0.07607142857142857
hk max = 0.03511871323574085
hk min = 0.019487230816285322
hz max = 0.05416098411269726
hz min = 0.01863488770484376
lambdaF max = Inf
lambdaF min = 0.004177590819662044
lambdaB max = Inf
lambdaB min = 0.004177590819662044
----------------------------------
----------------------------------
Iteration = 29
Distance = 0.0037940277540657874
v max = -1.1709093840704814
v min = -7.410274418875854
d max = 0.07607142857142857
d min = 0.07607142857142857
dF max = 0.07607142857142857
dB max = 0.07607142857142857
hk max = 0.035119858504637155
hk min = 0.019487303073310577
hz max = 0.05416358699655248
hz min = 0.018635051925355705
lambdaF max = Inf
lambdaF min = 0.004177590819662044
lambdaB max = Inf
lambdaB min = 0.004177590819662044
----------------------------------
----------------------------------
Iteration = 30
Distance = 0.0032794479358795314
v max = -1.174048012876844
v min = -7.413553866811734
d max = 0.07607142857142857
d min = 0.07607142857142857
dF max = 0.07607142857142857
dB max = 0.07607142857142857
hk max = 0.0351206925344947
hk min = 0.019487356024992672
hz max = 0.05416548251895599
hz min = 0.018635172270087735
lambdaF max = Inf
lambdaF min = 0.004177590819662044
lambdaB max = Inf
lambdaB min = 0.004177590819662044
----------------------------------
----------------------------------
Iteration = 31
Distance = 0.002837334036846606
v max = -1.1767826094560745
v min = -7.41639120084858
d max = 0.07607142857142857
d min = 0.07607142857142857
dF max = 0.07607142857142857
dB max = 0.07607142857142857
hk max = 0.03512130000861067
hk min = 0.019487394707764692
hz max = 0.05416686314194683
hz min = 0.018635260185478692
lambdaF max = Inf
lambdaF min = 0.004177590819662044
lambdaB max = Inf
lambdaB min = 0.004177590819662044
----------------------------------
----------------------------------
Iteration = 32
Distance = 0.0024567818538940855
v max = -1.179164436577309
v min = -7.4188479827024745
d max = 0.07607142857142857
d min = 0.07607142857142857
dF max = 0.07607142857142857
dB max = 0.07607142857142857
hk max = 0.03512174253832238
hk min = 0.019487423042323936
hz max = 0.05416786889129162
hz min = 0.01863532458220425
lambdaF max = Inf
lambdaF min = 0.004177590819662044
lambdaB max = Inf
lambdaB min = 0.004177590819662044
----------------------------------
----------------------------------
Iteration = 33
Distance = 0.0021287043066315903
v max = -1.1812384529075597
v min = -7.420976687009106
d max = 0.07607142857142857
d min = 0.07607142857142857
dF max = 0.07607142857142857
dB max = 0.07607142857142857
hk max = 0.03512206495829814
hk min = 0.01948744373892774
hz max = 0.0541686016639638
hz min = 0.018635371619940166
lambdaF max = Inf
lambdaF min = 0.004177590819662044
lambdaB max = Inf
lambdaB min = 0.004177590819662044
----------------------------------
----------------------------------
Iteration = 34
Distance = 0.0018454869204145297
v max = -1.1830440384090846
v min = -7.422822173929521
d max = 0.07607142857142857
d min = 0.07607142857142857
dF max = 0.07607142857142857
dB max = 0.07607142857142857
hk max = 0.035122299901374505
hk min = 0.019487458874106786
hz max = 0.054169135625501005
hz min = 0.01863540601807436
lambdaF max = Inf
lambdaF min = 0.004177590819662044
lambdaB max = Inf
lambdaB min = 0.004177590819662044
----------------------------------
----------------------------------
Iteration = 35
Distance = 0.0016007175610157631
v max = -1.1846156419192058
v min = -7.424422891490536
d max = 0.07607142857142857
d min = 0.07607142857142857
dF max = 0.07607142857142857
dB max = 0.07607142857142857
hk max = 0.03512247112391647
hk min = 0.01948746993932867
hz max = 0.054169524767641836
hz min = 0.018635431166305914
lambdaF max = Inf
lambdaF min = 0.004177590819662044
lambdaB max = Inf
lambdaB min = 0.004177590819662044
----------------------------------
----------------------------------
Iteration = 36
Distance = 0.001388972727741411
v max = -1.1859833710692465
v min = -7.425811864218278
d max = 0.07607142857142857
d min = 0.07607142857142857
dF max = 0.07607142857142857
dB max = 0.07607142857142857
hk max = 0.035122595923529926
hk min = 0.019487478018042632
hz max = 0.05416980840312695
hz min = 0.018635449527019465
lambdaF max = Inf
lambdaF min = 0.004177590819662044
lambdaB max = Inf
lambdaB min = 0.004177590819662044
----------------------------------
----------------------------------
Iteration = 37
Distance = 0.0012056472117443207
v max = -1.1871735172190578
v min = -7.427017511430022
d max = 0.07607142857142857
d min = 0.07607142857142857
dF max = 0.07607142857142857
dB max = 0.07607142857142857
hk max = 0.03512268689727385
hk min = 0.01948748392767536
hz max = 0.054170015161635894
hz min = 0.018635462958002936
lambdaF max = Inf
lambdaF min = 0.004177590819662044
lambdaB max = Inf
lambdaB min = 0.004177590819662044
----------------------------------
----------------------------------
Iteration = 38
Distance = 0.0010468172381568053
v max = -1.1882090231667215
v min = -7.428064328668179
d max = 0.07607142857142857
d min = 0.07607142857142857
dF max = 0.07607142857142857
dB max = 0.07607142857142857
hk max = 0.035122753220561756
hk min = 0.01948748823955761
hz max = 0.054170165896381114
hz min = 0.018635472757735326
lambdaF max = Inf
lambdaF min = 0.004177590819662044
lambdaB max = Inf
lambdaB min = 0.004177590819662044
----------------------------------
----------------------------------
Iteration = 39
Distance = 0.0009091296534524673
v max = -1.1891098987943316
v min = -7.428973458321631
d max = 0.07607142857142857
d min = 0.07607142857142857
dF max = 0.07607142857142857
dB max = 0.07607142857142857
hk max = 0.03512280157762401
hk min = 0.019487491392441325
hz max = 0.05417027579879534
hz min = 0.018635479923380133
lambdaF max = Inf
lambdaF min = 0.004177590819662044
lambdaB max = Inf
lambdaB min = 0.004177590819662044
----------------------------------
----------------------------------
Iteration = 40
Distance = 0.0007897115290145251
v max = -1.1898935869917466
v min = -7.429763169850646
d max = 0.07607142857142857
d min = 0.07607142857142857
dF max = 0.07607142857142857
dB max = 0.07607142857142857
hk max = 0.035122836838615494
hk min = 0.019487493693906247
hz max = 0.05417035593741234
hz min = 0.018635485153982223
lambdaF max = Inf
lambdaF min = 0.004177590819662044
lambdaB max = Inf
lambdaB min = 0.004177590819662044
----------------------------------
----------------------------------
Iteration = 41
Distance = 0.0006860958944230333
v max = -1.1905752873589297
v min = -7.430449265745069
d max = 0.07607142857142857
d min = 0.07607142857142857
dF max = 0.07607142857142857
dB max = 0.07607142857142857
hk max = 0.03512286255245242
hk min = 0.019487495374916057
hz max = 0.05417041437795082
hz min = 0.018635488974459075
lambdaF max = Inf
lambdaF min = 0.004177590819662044
lambdaB max = Inf
lambdaB min = 0.004177590819662044
----------------------------------
----------------------------------
Iteration = 42
Distance = 0.0005961603162267792
v max = -1.1911682399495394
v min = -7.431045426061296
d max = 0.07607142857142857
d min = 0.07607142857142857
dF max = 0.07607142857142857
dB max = 0.07607142857142857
hk max = 0.03512288130560352
hk min = 0.01948749660304556
hz max = 0.05417045699874877
hz min = 0.01863549176566249
lambdaF max = Inf
lambdaF min = 0.004177590819662044
lambdaB max = Inf
lambdaB min = 0.004177590819662044
----------------------------------
----------------------------------
Iteration = 43
Distance = 0.0005180757877036868
v max = -1.1916839747935575
v min = -7.431563501848999
d max = 0.07607142857142857
d min = 0.07607142857142857
dF max = 0.07607142857142857
dB max = 0.07607142857142857
hk max = 0.03512289498332696
hk min = 0.01948749749915222
hz max = 0.05417048808448386
hz min = 0.018635493802268525
lambdaF max = Inf
lambdaF min = 0.004177590819662044
lambdaB max = Inf
lambdaB min = 0.004177590819662044
----------------------------------
----------------------------------
Iteration = 44
Distance = 0.0004502639597854241
v max = -1.192132530352823
v min = -7.432013765808785
d max = 0.07607142857142857
d min = 0.07607142857142857
dF max = 0.07607142857142857
dB max = 0.07607142857142857
hk max = 0.03512290495994108
hk min = 0.019487498154191995
hz max = 0.054170510758606856
hz min = 0.018635495290995292
lambdaF max = Inf
lambdaF min = 0.004177590819662044
lambdaB max = Inf
lambdaB min = 0.004177590819662044
----------------------------------
----------------------------------
Iteration = 45
Distance = 0.00039136117013782723
v max = -1.1925226447138633
v min = -7.432405126978923
d max = 0.07607142857142857
d min = 0.07607142857142857
dF max = 0.07607142857142857
dB max = 0.07607142857142857
hk max = 0.03512291223740076
hk min = 0.0194874986319577
hz max = 0.05417052729828795
hz min = 0.018635496376826436
lambdaF max = Inf
lambdaF min = 0.004177590819662044
lambdaB max = Inf
lambdaB min = 0.004177590819662044
----------------------------------
----------------------------------
Iteration = 46
Distance = 0.0003401880525952805
v max = -1.192861922831328
v min = -7.432745315031518
d max = 0.07607142857142857
d min = 0.07607142857142857
dF max = 0.07607142857142857
dB max = 0.07607142857142857
hk max = 0.03512291754626502
hk min = 0.01948749898113578
hz max = 0.05417053936388854
hz min = 0.018635497170412983
lambdaF max = Inf
lambdaF min = 0.004177590819662044
lambdaB max = Inf
lambdaB min = 0.004177590819662044
----------------------------------
----------------------------------
Iteration = 47
Distance = 0.0002957237579561678
v max = -1.1931569824899222
v min = -7.433041038789474
d max = 0.07607142857142857
d min = 0.07607142857142857
dF max = 0.07607142857142857
dB max = 0.07607142857142857
hk max = 0.03512292141925731
hk min = 0.0194874992359077
hz max = 0.05417054816614374
hz min = 0.01863549774944008
lambdaF max = Inf
lambdaF min = 0.004177590819662044
lambdaB max = Inf
lambdaB min = 0.004177590819662044
----------------------------------
----------------------------------
Iteration = 48
Distance = 0.0002570840089308746
v max = -1.1934135818185496
v min = -7.433298122798405
d max = 0.07607142857142857
d min = 0.07607142857142857
dF max = 0.07607142857142857
dB max = 0.07607142857142857
hk max = 0.035122924244870485
hk min = 0.019487499421969208
hz max = 0.05417055458799186
hz min = 0.01863549817230714
lambdaF max = Inf
lambdaF min = 0.004177590819662044
lambdaB max = Inf
lambdaB min = 0.004177590819662044
----------------------------------
----------------------------------
Iteration = 49
Distance = 0.00022350236122026246
v max = -1.1936367304378304
v min = -7.433521625159625
d max = 0.07607142857142857
d min = 0.07607142857142857
dF max = 0.07607142857142857
dB max = 0.07607142857142857
hk max = 0.03512292630643955
hk min = 0.01948749955782898
hz max = 0.05417055927337611
hz min = 0.018635498481079347
lambdaF max = Inf
lambdaF min = 0.004177590819662044
lambdaB max = Inf
lambdaB min = 0.004177590819662044
----------------------------------
----------------------------------
Iteration = 50
Distance = 0.00019431415949355824
v max = -1.1938307864186601
v min = -7.433715939319119
d max = 0.07607142857142857
d min = 0.07607142857142857
dF max = 0.07607142857142857
dB max = 0.07607142857142857
hk max = 0.03512292781062358
hk min = 0.01948749965696317
hz max = 0.05417056269197618
hz min = 0.018635498706384323
lambdaF max = Inf
lambdaF min = 0.004177590819662044
lambdaB max = Inf
lambdaB min = 0.004177590819662044
----------------------------------
----------------------------------
Iteration = 51
Distance = 0.00016894276857737367
v max = -1.1939995407539206
v min = -7.433884882087696
d max = 0.07607142857142857
d min = 0.07607142857142857
dF max = 0.07607142857142857
dB max = 0.07607142857142857
hk max = 0.035122928908163736
hk min = 0.019487499729395202
hz max = 0.054170565186385626
hz min = 0.01863549887100258
lambdaF max = Inf
lambdaF min = 0.004177590819662044
lambdaB max = Inf
lambdaB min = 0.004177590819662044
----------------------------------
----------------------------------
Iteration = 52
Distance = 0.00014688773388193965
v max = -1.194146290956537
v min = -7.434031769821578
d max = 0.07607142857142857
d min = 0.07607142857142857
dF max = 0.07607142857142857
dB max = 0.07607142857142857
hk max = 0.03512292970901851
hk min = 0.019487499782221748
hz max = 0.0541705670065101
hz min = 0.018635498991062913
lambdaF max = Inf
lambdaF min = 0.004177590819662044
lambdaB max = Inf
lambdaB min = 0.004177590819662044
----------------------------------
----------------------------------
Iteration = 53
Distance = 0.00012771458311000572
v max = -1.1942739051603743
v min = -7.434159484404688
d max = 0.07607142857142857
d min = 0.07607142857142857
dF max = 0.07607142857142857
dB max = 0.07607142857142857
hk max = 0.035122930293406726
hk min = 0.019487499820824206
hz max = 0.05417056833466513
hz min = 0.018635499078795772
lambdaF max = Inf
lambdaF min = 0.004177590819662044
lambdaB max = Inf
lambdaB min = 0.004177590819662044
----------------------------------
----------------------------------
Iteration = 54
Distance = 0.00011104602907963113
v max = -1.1943848779246575
v min = -7.434270530433768
d max = 0.07607142857142857
d min = 0.07607142857142857
dF max = 0.07607142857142857
dB max = 0.07607142857142857
hk max = 0.03512293071985052
hk min = 0.01948749984898107
hz max = 0.054170569303855595
hz min = 0.018635499142788642
lambdaF max = Inf
lambdaF min = 0.004177590819662044
lambdaB max = Inf
lambdaB min = 0.004177590819662044
----------------------------------
----------------------------------
Iteration = 55
Distance = 9.655437150879465e-5
v max = -1.1944813788220516
v min = -7.4343670848052765
d max = 0.07607142857142857
d min = 0.07607142857142857
dF max = 0.07607142857142857
dB max = 0.07607142857142857
hk max = 0.035122931031045065
hk min = 0.019487499869547422
hz max = 0.05417057001111592
hz min = 0.018635499189530353
lambdaF max = Inf
lambdaF min = 0.004177590819662044
lambdaB max = Inf
lambdaB min = 0.004177590819662044
----------------------------------
----------------------------------
Iteration = 56
Distance = 8.395492766233303e-5
v max = -1.1945652947196175
v min = -7.434451039732939
d max = 0.07607142857142857
d min = 0.07607142857142857
dF max = 0.07607142857142857
dB max = 0.07607142857142857
hk max = 0.0351229312581431
hk min = 0.019487499884557356
hz max = 0.054170570527247816
hz min = 0.018635499223643843
lambdaF max = Inf
lambdaF min = 0.004177590819662044
lambdaB max = Inf
lambdaB min = 0.004177590819662044
----------------------------------
----------------------------------
Iteration = 57
Distance = 7.3000347283525e-5
v max = -1.1946382665794204
v min = -7.434524040080222
d max = 0.07607142857142857
d min = 0.07607142857142857
dF max = 0.07607142857142857
dB max = 0.07607142857142857
hk max = 0.035122931423874314
hk min = 0.019487499895512746
hz max = 0.05417057090390966
hz min = 0.018635499248542454
lambdaF max = Inf
lambdaF min = 0.004177590819662044
lambdaB max = Inf
lambdaB min = 0.004177590819662044
----------------------------------
----------------------------------
Iteration = 58
Distance = 6.347568905429313e-5
v max = -1.1947017214756885
v min = -7.434587515769277
d max = 0.07607142857142857
d min = 0.07607142857142857
dF max = 0.07607142857142857
dB max = 0.07607142857142857
hk max = 0.03512293154482403
hk min = 0.01948749990351433
hz max = 0.05417057117879537
hz min = 0.018635499266727872
lambdaF max = Inf
lambdaF min = 0.004177590819662044
lambdaB max = Inf
lambdaB min = 0.004177590819662044
----------------------------------
----------------------------------
Iteration = 59
Distance = 5.5194153956605874e-5
v max = -1.1947569004530845
v min = -7.434642709923233
d max = 0.07607142857142857
d min = 0.07607142857142857
dF max = 0.07607142857142857
dB max = 0.07607142857142857
hk max = 0.03512293163309415
hk min = 0.019487499909350038
hz max = 0.05417057137940929
hz min = 0.018635499279990843
lambdaF max = Inf
lambdaF min = 0.004177590819662044
lambdaB max = Inf
lambdaB min = 0.004177590819662044
----------------------------------
----------------------------------
Iteration = 60
Distance = 4.79933856940562e-5
v max = -1.1948048827614968
v min = -7.434690703308927
d max = 0.07607142857142857
d min = 0.07607142857142857
dF max = 0.07607142857142857
dB max = 0.07607142857142857
hk max = 0.03512293169751465
hk min = 0.019487499913615203
hz max = 0.054170571525819534
hz min = 0.018635499289684405
lambdaF max = Inf
lambdaF min = 0.004177590819662044
lambdaB max = Inf
lambdaB min = 0.004177590819662044
----------------------------------
----------------------------------
Iteration = 61
Distance = 4.173226162329513e-5
v max = -1.194846606937769
v min = -7.434732435570551
d max = 0.07607142857142857
d min = 0.07607142857142857
dF max = 0.07607142857142857
dB max = 0.07607142857142857
hk max = 0.035122931744529545
hk min = 0.019487499916723914
hz max = 0.05417057163267154
hz min = 0.018635499296749652
lambdaF max = Inf
lambdaF min = 0.004177590819662044
lambdaB max = Inf
lambdaB min = 0.004177590819662044
----------------------------------
----------------------------------
Iteration = 62
Distance = 3.6288107730264585e-5
v max = -1.1948828891440118
v min = -7.434768723678281
d max = 0.07607142857142857
d min = 0.07607142857142857
dF max = 0.07607142857142857
dB max = 0.07607142857142857
hk max = 0.03512293177884325
hk min = 0.019487499918996606
hz max = 0.054170571710657235
hz min = 0.01863549930191486
lambdaF max = Inf
lambdaF min = 0.004177590819662044
lambdaB max = Inf
lambdaB min = 0.004177590819662044
----------------------------------
----------------------------------
Iteration = 63
Distance = 3.155428111867309e-5
v max = -1.1949144391175888
v min = -7.4348002779594
d max = 0.07607142857142857
d min = 0.07607142857142857
dF max = 0.07607142857142857
dB max = 0.07607142857142857
hk max = 0.03512293180388678
hk min = 0.019487499920653843
hz max = 0.05417057176757435
hz min = 0.01863549930568131
lambdaF max = Inf
lambdaF min = 0.004177590819662044
lambdaB max = Inf
lambdaB min = 0.004177590819662044
----------------------------------
----------------------------------
Iteration = 64
Distance = 2.743807093352757e-5
v max = -1.1949418740444473
v min = -7.434827716030333
d max = 0.07607142857142857
d min = 0.07607142857142857
dF max = 0.07607142857142857
dB max = 0.07607142857142857
hk max = 0.035122931822164485
hk min = 0.01948749992186371
hz max = 0.0541705718091146
hz min = 0.01863549930843101
lambdaF max = Inf
lambdaF min = 0.004177590819662044
lambdaB max = Inf
lambdaB min = 0.004177590819662044
----------------------------------
----------------------------------
Iteration = 65
Distance = 2.385887506761719e-5
v max = -1.1949657306246118
v min = -7.434851574905401
d max = 0.07607142857142857
d min = 0.07607142857142857
dF max = 0.07607142857142857
dB max = 0.07607142857142857
hk max = 0.0351229318355047
hk min = 0.019487499922747585
hz max = 0.05417057183943327
hz min = 0.018635499310439816
lambdaF max = Inf
lambdaF min = 0.004177590819662044
lambdaB max = Inf
lambdaB min = 0.004177590819662044
----------------------------------
----------------------------------
Iteration = 66
Distance = 2.0746616478994895e-5
v max = -1.1949864755660184
v min = -7.43487232152188
d max = 0.07607142857142857
d min = 0.07607142857142857
dF max = 0.07607142857142857
dB max = 0.07607142857142857
hk max = 0.03512293184524097
hk min = 0.01948749992339171
hz max = 0.05417057186156116
hz min = 0.018635499311903732
lambdaF max = Inf
lambdaF min = 0.004177590819662044
lambdaB max = Inf
lambdaB min = 0.004177590819662044
----------------------------------
----------------------------------
Iteration = 67
Distance = 1.8040367171678895e-5
v max = -1.1950045147105433
v min = -7.434890361889051
d max = 0.07607142857142857
d min = 0.07607142857142857
dF max = 0.07607142857142857
dB max = 0.07607142857142857
hk max = 0.03512293185234805
hk min = 0.019487499923863356
hz max = 0.0541705718777136
hz min = 0.018635499312975656
lambdaF max = Inf
lambdaF min = 0.004177590819662044
lambdaB max = Inf
lambdaB min = 0.004177590819662044
----------------------------------
----------------------------------
Iteration = 68
Distance = 1.568715251298869e-5
v max = -1.195020200970625
v min = -7.434906049041564
d max = 0.07607142857142857
d min = 0.07607142857142857
dF max = 0.07607142857142857
dB max = 0.07607142857142857
hk max = 0.03512293185753432
hk min = 0.01948749992420553
hz max = 0.05417057188950057
hz min = 0.018635499313753325
lambdaF max = Inf
lambdaF min = 0.004177590819662044
lambdaB max = Inf
lambdaB min = 0.004177590819662044
----------------------------------
----------------------------------
Iteration = 69
Distance = 1.3640912203349842e-5
v max = -1.195033841231443
v min = -7.434919689953768
d max = 0.07607142857142857
d min = 0.07607142857142857
dF max = 0.07607142857142857
dB max = 0.07607142857142857
hk max = 0.03512293186132044
hk min = 0.019487499924457537
hz max = 0.054170571898105396
hz min = 0.018635499314326072
lambdaF max = Inf
lambdaF min = 0.004177590819662044
lambdaB max = Inf
lambdaB min = 0.004177590819662044
----------------------------------
----------------------------------
Iteration = 70
Distance = 1.1861597114304345e-5
v max = -1.1950457023530912
v min = -7.434931551550882
d max = 0.07607142857142857
d min = 0.07607142857142857
dF max = 0.07607142857142857
dB max = 0.07607142857142857
hk max = 0.03512293186408373
hk min = 0.019487499924639492
hz max = 0.054170571904385616
hz min = 0.018635499314739602
lambdaF max = Inf
lambdaF min = 0.004177590819662044
lambdaB max = Inf
lambdaB min = 0.004177590819662044
----------------------------------
----------------------------------
Iteration = 71
Distance = 1.0314384335075033e-5
v max = -1.1950560163903805
v min = -7.434941865935217
d max = 0.07607142857142857
d min = 0.07607142857142857
dF max = 0.07607142857142857
dB max = 0.07607142857142857
hk max = 0.035122931866100715
hk min = 0.019487499924774283
hz max = 0.05417057190896967
hz min = 0.01863549931504594
lambdaF max = Inf
lambdaF min = 0.004177590819662044
lambdaB max = Inf
lambdaB min = 0.004177590819662044
----------------------------------
----------------------------------
Iteration = 72
Distance = 8.968994865021784e-6
v max = -1.1950649851319308
v min = -7.434950834930082
d max = 0.07607142857142857
d min = 0.07607142857142857
dF max = 0.07607142857142857
dB max = 0.07607142857142857
hk max = 0.03512293186757207
hk min = 0.019487499924870692
hz max = 0.054170571912313656
hz min = 0.018635499315265057
lambdaF max = Inf
lambdaF min = 0.004177590819662044
lambdaB max = Inf
lambdaB min = 0.004177590819662044
----------------------------------
    Value Function Converged, Iteration = 72 with gamma=4.0 with rho=1.0 and v=-2.92314462801691
    Natural boundary condition
=============================================================
Convegence time (minutes): 0.11609223991666666
Current Time = 22:23:41
grid points for z:  401
grid size for z:  0.025
-0.29950550975767887
-0.5456081030126877
--- 8.552778244018555 seconds for the elasticity computation ---
-0.0037864709710025216
-0.0615329209362977
--- 0.0638427734375 seconds for the elasticity computation ---
-0.23611104346486514
-0.48407518207639
--- 0.06278610229492188 seconds for the elasticity computation ---
-0.3738601108447077
-0.5512520431257648
--- 0.06267285346984863 seconds for the elasticity computation ---
Current Time = 22:23:52
grid points for z:  401
grid size for z:  0.025
rho = 1
0.05935460108702888
--- 8.625662803649902 seconds for the elasticity computation ---
0.0
--- 0.06973838806152344 seconds for the elasticity computation ---
0.05935460108702888
--- 0.06901168823242188 seconds for the elasticity computation ---
0.0
--- 0.06701993942260742 seconds for the elasticity computation ---
0.0
--- 0.06796646118164062 seconds for the elasticity computation ---
0.05935460108702888
0.005643940113077034
--- 0.06919288635253906 seconds for the elasticity computation ---
0.05935460108702888
0.005643940113077034
--- 0.0687870979309082 seconds for the elasticity computation ---
0.05935460108702888
0.005643940113077034
--- 0.06885933876037598 seconds for the elasticity computation ---
0.05935460108702888
0.005643940113077034
--- 0.0690317153930664 seconds for the elasticity computation ---
parsed_args = parse_commandline() = Dict{String, Any}("dataname" => "lower_triangular_two_ambiguous_parameters", "clowerlim" => 0.0001, "delta" => 0.015, "boundary" => 0, "Delta" => 10.0, "q" => 0.1, "zmax" => 5.0, "logadjustment" => 1, "zscale" => 2.0, "foc" => 1, "distorted" => 0, "rho" => 1.0, "gamma" => 4.0)
=============================================================
./output/lower_triangular_two_ambiguous_parameters/Delta_10.0_distorted_0/logadjustment_1_boundary_0/zmax_5.0_zscale_2.0/delta_0.015/q_0.1_gamma_4.0_rho_1.0/
=============================================================
solve for structured linear system 
structured_relative_entropy = 0.10248097215819112
=============================================================
solve for unstructured linear system 
q_update = 0.18111960426970103
=============================================================
parsed_args = parse_commandline() = Dict{String, Any}("dataname" => "lower_triangular_two_ambiguous_parameters", "clowerlim" => 0.0001, "delta" => 0.015, "boundary" => 0, "Delta" => 10.0, "q" => 0.1, "zmax" => 5.0, "logadjustment" => 1, "zscale" => 2.0, "foc" => 1, "distorted" => 0, "rho" => 1.0, "gamma" => 4.0)
=============================================================
./output/lower_triangular_two_ambiguous_parameters/Delta_10.0_distorted_0/logadjustment_1_boundary_0/zmax_5.0_zscale_2.0/delta_0.015/q_0.1_gamma_4.0_rho_1.0/
=============================================================
solve for structured linear system 
structured_relative_entropy = 0.10248097215819114
=============================================================
solve for unstructured linear system 
q_update = 0.18111960426970097
=============================================================
Program ends Fri Jan 19 22:24:34 CST 2024
Elapsed time: 0 days 00 hr 01 min 21 sec
