D_10.0_distorted_0_boundary_0_delta_0.02_gamma_3.0_q_0.1_rho_1.0_lower_triangular_two_ambiguous_parameters
Program starts Fri Jan 19 22:23:18 CST 2024
parsed_args = parse_commandline() = Dict{String, Any}("dataname" => "lower_triangular_two_ambiguous_parameters", "clowerlim" => 0.0001, "delta" => 0.02, "boundary" => 0, "Delta" => 10.0, "q" => 0.1, "zmax" => 5.0, "logadjustment" => 1, "zscale" => 2.0, "foc" => 1, "distorted" => 0, "rho" => 1.0, "gamma" => 3.0)
=============================================================
logadjustment: true
reflective_boundary: false
0.109
sigma_k: [0.011287880226154068, 0.0]
sigma_z: [0.026030751045638307, 0.05916079783099616]
Compute value function WITH ROBUSTNESS
computing undistorted version...
zmax = 5.0, zmin = -5.0, zlength = 401
natural boundary condition
----------------------------------
Iteration = 1
Distance = 1.2116670979693027
v max = -0.938939825242029
v min = -3.2116670979693027
d max = 0.07672413793103448
d min = 0.07672413793103448
dF max = 0.07672413793103448
dB max = 0.07672413793103448
hk max = 0.011287880226154068
hk min = 0.011287880226154068
hz max = 0.0
hz min = 0.0
lambdaF max = Inf
lambdaF min = 0.004177590819662044
lambdaB max = Inf
lambdaB min = 0.004177590819662044
----------------------------------
----------------------------------
Iteration = 2
Distance = 0.9987598007590566
v max = -0.8154726800856815
v min = -4.210426898728359
d max = 0.07672413793103448
d min = 0.07672413793103448
dF max = 0.07672413793103448
dB max = 0.07672413793103448
hk max = 0.01720396000925524
hk min = 0.017203960009252464
hz max = 0.01344563587068448
hz min = 0.013445635870678175
lambdaF max = Inf
lambdaF min = 0.004177590819662044
lambdaB max = Inf
lambdaB min = 0.004177590819662044
----------------------------------
----------------------------------
Iteration = 3
Distance = 0.6915530420435756
v max = -0.7764850078522338
v min = -4.901979940771935
d max = 0.07672413793103448
d min = 0.07672413793103448
dF max = 0.07672413793103448
dB max = 0.07672413793103448
hk max = 0.02206158789373701
hk min = 0.01818881417393682
hz max = 0.024485699244506692
hz min = 0.015683940790415348
lambdaF max = Inf
lambdaF min = 0.004177590819662044
lambdaB max = Inf
lambdaB min = 0.004177590819662044
----------------------------------
----------------------------------
Iteration = 4
Distance = 0.4858164677284309
v max = -0.7896427709568554
v min = -5.387796408500366
d max = 0.07672413793103448
d min = 0.07672413793103448
dF max = 0.07672413793103448
dB max = 0.07672413793103448
hk max = 0.02534996596140505
hk min = 0.01868302150776095
hz max = 0.03195928576193406
hz min = 0.016807139276379276
lambdaF max = Inf
lambdaF min = 0.004177590819662044
lambdaB max = Inf
lambdaB min = 0.004177590819662044
----------------------------------
----------------------------------
Iteration = 5
Distance = 0.3490232904560422
v max = -0.8179008274140009
v min = -5.736819698956408
d max = 0.07672413793103448
d min = 0.07672413793103448
dF max = 0.07672413793103448
dB max = 0.07672413793103448
hk max = 0.027593496194075418
hk min = 0.018866597861991782
hz max = 0.03705821810891216
hz min = 0.01722435826326754
lambdaF max = Inf
lambdaF min = 0.004177590819662044
lambdaB max = Inf
lambdaB min = 0.004177590819662044
----------------------------------
----------------------------------
Iteration = 6
Distance = 0.25380888080715014
v max = -0.8499182840130657
v min = -5.990628579763558
d max = 0.07672413793103448
d min = 0.07672413793103448
dF max = 0.07672413793103448
dB max = 0.07672413793103448
hk max = 0.02915126829518508
hk min = 0.01894559967070368
hz max = 0.040598609247797755
hz min = 0.017403907828521848
lambdaF max = Inf
lambdaF min = 0.004177590819662044
lambdaB max = Inf
lambdaB min = 0.004177590819662044
----------------------------------
----------------------------------
Iteration = 7
Distance = 0.18621827693265658
v max = -0.8816794295878675
v min = -6.176846856696215
d max = 0.07672413793103448
d min = 0.07672413793103448
dF max = 0.07672413793103448
dB max = 0.07672413793103448
hk max = 0.03023998274084493
hk min = 0.018988045803579257
hz max = 0.043072960260661056
hz min = 0.01750037631232998
lambdaF max = Inf
lambdaF min = 0.004177590819662044
lambdaB max = Inf
lambdaB min = 0.004177590819662044
----------------------------------
----------------------------------
Iteration = 8
Distance = 0.13770446590725083
v max = -0.9114595423657421
v min = -6.3145513226034655
d max = 0.07672413793103448
d min = 0.07672413793103448
dF max = 0.07672413793103448
dB max = 0.07672413793103448
hk max = 0.031003030740018613
hk min = 0.019015151103348282
hz max = 0.04480716025878306
hz min = 0.017561979266350496
lambdaF max = Inf
lambdaF min = 0.004177590819662044
lambdaB max = Inf
lambdaB min = 0.004177590819662044
----------------------------------
----------------------------------
Iteration = 9
Distance = 0.10259777399031389
v max = -0.9384311341144237
v min = -6.417149096593779
d max = 0.07672413793103448
d min = 0.07672413793103448
dF max = 0.07672413793103448
dB max = 0.07672413793103448
hk max = 0.031538586410288935
hk min = 0.019032600262617234
hz max = 0.04602433223667016
hz min = 0.017601636446507196
lambdaF max = Inf
lambdaF min = 0.004177590819662044
lambdaB max = Inf
lambdaB min = 0.004177590819662044
----------------------------------
----------------------------------
Iteration = 10
Distance = 0.07701234031558357
v max = -0.962371139825199
v min = -6.494161436909363
d max = 0.07672413793103448
d min = 0.07672413793103448
dF max = 0.07672413793103448
dB max = 0.07672413793103448
hk max = 0.03191475554541015
hk min = 0.019044055374676405
hz max = 0.04687926208921839
hz min = 0.017627670792096223
lambdaF max = Inf
lambdaF min = 0.004177590819662044
lambdaB max = Inf
lambdaB min = 0.004177590819662044
----------------------------------
----------------------------------
Iteration = 11
Distance = 0.058239953572321035
v max = -0.98334982410747
v min = -6.552401390481684
d max = 0.07672413793103448
d min = 0.07672413793103448
dF max = 0.07672413793103448
dB max = 0.07672413793103448
hk max = 0.032179077065662885
hk min = 0.019052092314718008
hz max = 0.0474799928170655
hz min = 0.017645936564918047
lambdaF max = Inf
lambdaF min = 0.004177590819662044
lambdaB max = Inf
lambdaB min = 0.004177590819662044
----------------------------------
----------------------------------
Iteration = 12
Distance = 0.044373722013401284
v max = -1.0015459361746244
v min = -6.596775112495085
d max = 0.07672413793103448
d min = 0.07672413793103448
dF max = 0.07672413793103448
dB max = 0.07672413793103448
hk max = 0.03236484188600437
hk min = 0.019057691511157097
hz max = 0.047902185590568885
hz min = 0.017658662011370528
lambdaF max = Inf
lambdaF min = 0.004177590819662044
lambdaB max = Inf
lambdaB min = 0.004177590819662044
----------------------------------
----------------------------------
Iteration = 13
Distance = 0.034061228420417144
v max = -1.0172108982081385
v min = -6.6308363409155024
d max = 0.07672413793103448
d min = 0.07672413793103448
dF max = 0.07672413793103448
dB max = 0.07672413793103448
hk max = 0.032495405678789537
hk min = 0.019061564359412086
hz max = 0.048198921483262436
hz min = 0.017667463939222767
lambdaF max = Inf
lambdaF min = 0.004177590819662044
lambdaB max = Inf
lambdaB min = 0.004177590819662044
----------------------------------
----------------------------------
Iteration = 14
Distance = 0.02633775409801853
v max = -1.0306215813230768
v min = -6.657174095013521
d max = 0.07672413793103448
d min = 0.07672413793103448
dF max = 0.07672413793103448
dB max = 0.07672413793103448
hk max = 0.03258717097812969
hk min = 0.01906433213582169
hz max = 0.04840747898176277
hz min = 0.017673754340153693
lambdaF max = Inf
lambdaF min = 0.004177590819662044
lambdaB max = Inf
lambdaB min = 0.004177590819662044
----------------------------------
----------------------------------
Iteration = 15
Distance = 0.020511623725409933
v max = -1.0420475257134392
v min = -6.677685718738931
d max = 0.07672413793103448
d min = 0.07672413793103448
dF max = 0.07672413793103448
dB max = 0.07672413793103448
hk max = 0.03265166391384425
hk min = 0.01906627972709445
hz max = 0.04855405383565951
hz min = 0.01767818068395541
lambdaF max = Inf
lambdaF min = 0.004177590819662044
lambdaB max = Inf
lambdaB min = 0.004177590819662044
----------------------------------
----------------------------------
Iteration = 16
Distance = 0.016084510096893823
v max = -1.05174641556591
v min = -6.693770228835825
d max = 0.07672413793103448
d min = 0.07672413793103448
dF max = 0.07672413793103448
dB max = 0.07672413793103448
hk max = 0.03269698642147826
hk min = 0.01906764736329558
hz max = 0.04865705953482772
hz min = 0.0176812889480489
lambdaF max = Inf
lambdaF min = 0.004177590819662044
lambdaB max = Inf
lambdaB min = 0.004177590819662044
----------------------------------
----------------------------------
Iteration = 17
Distance = 0.012695624135956152
v max = -1.059954437974759
v min = -6.706465852971781
d max = 0.07672413793103448
d min = 0.07672413793103448
dF max = 0.07672413793103448
dB max = 0.07672413793103448
hk max = 0.03272883424782608
hk min = 0.019068624188859497
hz max = 0.048729440958345485
hz min = 0.017683509006148707
lambdaF max = Inf
lambdaF min = 0.004177590819662044
lambdaB max = Inf
lambdaB min = 0.004177590819662044
----------------------------------
----------------------------------
Iteration = 18
Distance = 0.010082418841001584
v max = -1.0668828092200953
v min = -6.7165482718127825
d max = 0.07672413793103448
d min = 0.07672413793103448
dF max = 0.07672413793103448
dB max = 0.07672413793103448
hk max = 0.032751211643389753
hk min = 0.019069309023463404
hz max = 0.048780298675535655
hz min = 0.017685065448430314
lambdaF max = Inf
lambdaF min = 0.004177590819662044
lambdaB max = Inf
lambdaB min = 0.004177590819662044
----------------------------------
----------------------------------
Iteration = 19
Distance = 0.008052802590259311
v max = -1.072719070504126
v min = -6.724601074403042
d max = 0.07672413793103448
d min = 0.07672413793103448
dF max = 0.07672413793103448
dB max = 0.07672413793103448
hk max = 0.032766933559401745
hk min = 0.01906979362220271
hz max = 0.04881603030283564
hz min = 0.017686166809201466
lambdaF max = Inf
lambdaF min = 0.004177590819662044
lambdaB max = Inf
lambdaB min = 0.004177590819662044
----------------------------------
----------------------------------
Iteration = 20
Distance = 0.006465419458311139
v max = -1.0776267626302862
v min = -6.731066493861353
d max = 0.07672413793103448
d min = 0.07672413793103448
dF max = 0.07672413793103448
dB max = 0.07672413793103448
hk max = 0.032777978706493356
hk min = 0.019070137182348942
hz max = 0.04884113290986203
hz min = 0.01768694762771563
lambdaF max = Inf
lambdaF min = 0.004177590819662044
lambdaB max = Inf
lambdaB min = 0.004177590819662044
----------------------------------
----------------------------------
Iteration = 21
Distance = 0.005215607751936524
v max = -1.0817476119797083
v min = -6.736282101613289
d max = 0.07672413793103448
d min = 0.07672413793103448
dF max = 0.07672413793103448
dB max = 0.07672413793103448
hk max = 0.03278573782665792
hk min = 0.01907037785609991
hz max = 0.0488587672738724
hz min = 0.01768749461351328
lambdaF max = Inf
lambdaF min = 0.004177590819662044
lambdaB max = Inf
lambdaB min = 0.004177590819662044
----------------------------------
----------------------------------
Iteration = 22
Distance = 0.004225368848795874
v max = -1.0852036479267722
v min = -6.740507470462085
d max = 0.07672413793103448
d min = 0.07672413793103448
dF max = 0.07672413793103448
dB max = 0.07672413793103448
hk max = 0.032791188293443824
hk min = 0.01907054880021454
hz max = 0.04887115469838581
hz min = 0.017687883122864716
lambdaF max = Inf
lambdaF min = 0.004177590819662044
lambdaB max = Inf
lambdaB min = 0.004177590819662044
----------------------------------
----------------------------------
Iteration = 23
Distance = 0.003436176578063055
v max = -1.0880991381024212
v min = -6.743943647040148
d max = 0.07672413793103448
d min = 0.07672413793103448
dF max = 0.07672413793103448
dB max = 0.07672413793103448
hk max = 0.032795016898670044
hk min = 0.019070668874388307
hz max = 0.048879856073899955
hz min = 0.01768815601871418
lambdaF max = Inf
lambdaF min = 0.004177590819662044
lambdaB max = Inf
lambdaB min = 0.004177590819662044
----------------------------------
----------------------------------
Iteration = 24
Distance = 0.0028038040009148446
v max = -1.0905229633202054
v min = -6.746747451041063
d max = 0.07672413793103448
d min = 0.07672413793103448
dF max = 0.07672413793103448
dB max = 0.07672413793103448
hk max = 0.03279770619372445
hk min = 0.019070753468953185
hz max = 0.04888596810811452
hz min = 0.017688348279088908
lambdaF max = Inf
lambdaF min = 0.004177590819662044
lambdaB max = Inf
lambdaB min = 0.004177590819662044
----------------------------------
----------------------------------
Iteration = 25
Distance = 0.00229458680322292
v max = -1.0925505045551798
v min = -6.749042037844286
d max = 0.07672413793103448
d min = 0.07672413793103448
dF max = 0.07672413793103448
dB max = 0.07672413793103448
hk max = 0.03279959519526297
hk min = 0.019070813319386922
hz max = 0.04889026129342935
hz min = 0.01768848430280194
lambdaF max = Inf
lambdaF min = 0.004177590819662044
lambdaB max = Inf
lambdaB min = 0.004177590819662044
----------------------------------
----------------------------------
Iteration = 26
Distance = 0.0018827125638196662
v max = -1.0942455312344233
v min = -6.750924750408106
d max = 0.07672413793103448
d min = 0.07672413793103448
dF max = 0.07672413793103448
dB max = 0.07672413793103448
hk max = 0.032800922060401444
hk min = 0.019070855227275165
hz max = 0.048893276896016774
hz min = 0.017688579548002493
lambdaF max = Inf
lambdaF min = 0.004177590819662044
lambdaB max = Inf
lambdaB min = 0.004177590819662044
----------------------------------
----------------------------------
Iteration = 27
Distance = 0.0015482447989185744
v max = -1.0956618697614295
v min = -6.752472995207024
d max = 0.07672413793103448
d min = 0.07672413793103448
dF max = 0.07672413793103448
dB max = 0.07672413793103448
hk max = 0.032801854082102996
hk min = 0.01907088491245411
hz max = 0.04889539512715666
hz min = 0.017688647014318278
lambdaF max = Inf
lambdaF min = 0.004177590819662044
lambdaB max = Inf
lambdaB min = 0.004177590819662044
----------------------------------
----------------------------------
Iteration = 28
Distance = 0.001275675031647161
v max = -1.0968448327764668
v min = -6.7537486702386715
d max = 0.07672413793103448
d min = 0.07672413793103448
dF max = 0.07672413793103448
dB max = 0.07672413793103448
hk max = 0.03280250876906374
hk min = 0.019070905736215102
hz max = 0.04889688305206743
hz min = 0.017688694341047806
lambdaF max = Inf
lambdaF min = 0.004177590819662044
lambdaB max = Inf
lambdaB min = 0.004177590819662044
----------------------------------
----------------------------------
Iteration = 29
Distance = 0.001052855713423284
v max = -1.0978325259550146
v min = -6.754801525952095
d max = 0.07672413793103448
d min = 0.07672413793103448
dF max = 0.07672413793103448
dB max = 0.07672413793103448
hk max = 0.03280296865796364
hk min = 0.019070920406783695
hz max = 0.04889792825411267
hz min = 0.01768872768324916
lambdaF max = Inf
lambdaF min = 0.004177590819662044
lambdaB max = Inf
lambdaB min = 0.004177590819662044
----------------------------------
----------------------------------
Iteration = 30
Distance = 0.0008702089757575138
v max = -1.098656933106433
v min = -6.755671734927852
d max = 0.07672413793103448
d min = 0.07672413793103448
dF max = 0.07672413793103448
dB max = 0.07672413793103448
hk max = 0.03280329172033187
hk min = 0.019070930757911435
hz max = 0.04889866248676773
hz min = 0.017688751208539473
lambdaF max = Inf
lambdaF min = 0.004177590819662044
lambdaB max = Inf
lambdaB min = 0.004177590819662044
----------------------------------
----------------------------------
Iteration = 31
Distance = 0.0007201360662723033
v max = -1.0993448746135688
v min = -6.756391870994125
d max = 0.07672413793103448
d min = 0.07672413793103448
dF max = 0.07672413793103448
dB max = 0.07672413793103448
hk max = 0.03280351867346934
hk min = 0.01907093800933181
hz max = 0.048899178289352904
hz min = 0.017688767689040322
lambdaF max = Inf
lambdaF min = 0.004177590819662044
lambdaB max = Inf
lambdaB min = 0.004177590819662044
----------------------------------
----------------------------------
Iteration = 32
Distance = 0.0005965735329400701
v max = -1.0999188182790254
v min = -6.756988444527065
d max = 0.07672413793103448
d min = 0.07672413793103448
dF max = 0.07672413793103448
dB max = 0.07672413793103448
hk max = 0.03280367811596607
hk min = 0.019070943141270873
hz max = 0.04889954065866366
hz min = 0.017688779352538195
lambdaF max = Inf
lambdaF min = 0.004177590819662044
lambdaB max = Inf
lambdaB min = 0.004177590819662044
----------------------------------
----------------------------------
Iteration = 33
Distance = 0.0004946573103534746
v max = -1.1003975676263296
v min = -6.757483101837418
d max = 0.07672413793103448
d min = 0.07672413793103448
dF max = 0.07672413793103448
dB max = 0.07672413793103448
hk max = 0.0328037901348769
hk min = 0.01907094673410368
hz max = 0.048899795247097366
hz min = 0.017688787518067302
lambdaF max = Inf
lambdaF min = 0.004177590819662044
lambdaB max = Inf
lambdaB min = 0.004177590819662044
----------------------------------
----------------------------------
Iteration = 34
Distance = 0.0004104666200239748
v max = -1.1007968517743638
v min = -6.757893568457442
d max = 0.07672413793103448
d min = 0.07672413793103448
dF max = 0.07672413793103448
dB max = 0.07672413793103448
hk max = 0.03280386883925386
hk min = 0.01907094927059909
hz max = 0.04889997412068135
hz min = 0.017688793282829594
lambdaF max = Inf
lambdaF min = 0.004177590819662044
lambdaB max = Inf
lambdaB min = 0.004177590819662044
----------------------------------
----------------------------------
Iteration = 35
Distance = 0.0003408272868767881
v max = -1.1011298178062203
v min = -6.758234395744319
d max = 0.07672413793103448
d min = 0.07672413793103448
dF max = 0.07672413793103448
dB max = 0.07672413793103448
hk max = 0.03280392413952604
hk min = 0.019070951053806948
hz max = 0.04890009980311812
hz min = 0.01768879733557473
lambdaF max = Inf
lambdaF min = 0.004177590819662044
lambdaB max = Inf
lambdaB min = 0.004177590819662044
----------------------------------
----------------------------------
Iteration = 36
Distance = 0.00028315958655689144
v max = -1.1014074509334795
v min = -6.758517555330876
d max = 0.07672413793103448
d min = 0.07672413793103448
dF max = 0.07672413793103448
dB max = 0.07672413793103448
hk max = 0.03280396299720234
hk min = 0.01907095230597218
hz max = 0.04890018811601881
hz min = 0.01768880018140481
lambdaF max = Inf
lambdaF min = 0.004177590819662044
lambdaB max = Inf
lambdaB min = 0.004177590819662044
----------------------------------
----------------------------------
Iteration = 37
Distance = 0.00023535970295185393
v max = -1.1016389254247905
v min = -6.758752915033828
d max = 0.07672413793103448
d min = 0.07672413793103448
dF max = 0.07672413793103448
dB max = 0.07672413793103448
hk max = 0.032803990302536265
hk min = 0.019070953190576202
hz max = 0.0489002501735959
hz min = 0.017688802191868486
lambdaF max = Inf
lambdaF min = 0.004177590819662044
lambdaB max = Inf
lambdaB min = 0.004177590819662044
----------------------------------
----------------------------------
Iteration = 38
Distance = 0.00019570673730839871
v max = -1.1018319006571786
v min = -6.758948621771136
d max = 0.07672413793103448
d min = 0.07672413793103448
dF max = 0.07672413793103448
dB max = 0.07672413793103448
hk max = 0.03280400949095374
hk min = 0.019070953809421694
hz max = 0.04890029378363562
hz min = 0.01768880359833552
lambdaF max = Inf
lambdaF min = 0.004177590819662044
lambdaB max = Inf
lambdaB min = 0.004177590819662044
----------------------------------
----------------------------------
Iteration = 39
Distance = 0.0001627892852056334
v max = -1.101992769579752
v min = -6.759111411056342
d max = 0.07672413793103448
d min = 0.07672413793103448
dF max = 0.07672413793103448
dB max = 0.07672413793103448
hk max = 0.03280402297596775
hk min = 0.019070954247276117
hz max = 0.04890032443139476
hz min = 0.017688804593459208
lambdaF max = Inf
lambdaF min = 0.004177590819662044
lambdaB max = Inf
lambdaB min = 0.004177590819662044
----------------------------------
----------------------------------
Iteration = 40
Distance = 0.00013544710848734098
v max = -1.1021268664971144
v min = -6.759246858164829
d max = 0.07672413793103448
d min = 0.07672413793103448
dF max = 0.07672413793103448
dB max = 0.07672413793103448
hk max = 0.03280403245324827
hk min = 0.019070954553793033
hz max = 0.04890034597066864
hz min = 0.017688805290088566
lambdaF max = Inf
lambdaF min = 0.004177590819662044
lambdaB max = Inf
lambdaB min = 0.004177590819662044
----------------------------------
----------------------------------
Iteration = 41
Distance = 0.0001127245357679385
v max = -1.1022386417506684
v min = -6.759359582700597
d max = 0.07672413793103448
d min = 0.07672413793103448
dF max = 0.07672413793103448
dB max = 0.07672413793103448
hk max = 0.032804039114188555
hk min = 0.019070954770027005
hz max = 0.04890036110916929
hz min = 0.017688805781529402
lambdaF max = Inf
lambdaF min = 0.004177590819662044
lambdaB max = Inf
lambdaB min = 0.004177590819662044
----------------------------------
----------------------------------
Iteration = 42
Distance = 9.38330392008524e-5
v max = -1.1023318073354258
v min = -6.759453415739798
d max = 0.07672413793103448
d min = 0.07672413793103448
dF max = 0.07672413793103448
dB max = 0.07672413793103448
hk max = 0.032804043795913965
hk min = 0.01907095492206866
hz max = 0.04890037174945431
hz min = 0.01768880612707862
lambdaF max = Inf
lambdaF min = 0.004177590819662044
lambdaB max = Inf
lambdaB min = 0.004177590819662044
----------------------------------
----------------------------------
Iteration = 43
Distance = 7.812103869930809e-5
v max = -1.1024094590795053
v min = -6.759531536778497
d max = 0.07672413793103448
d min = 0.07672413793103448
dF max = 0.07672413793103448
dB max = 0.07672413793103448
hk max = 0.032804047086656164
hk min = 0.019070955028765386
hz max = 0.048900379228413865
hz min = 0.017688806369571177
lambdaF max = Inf
lambdaF min = 0.004177590819662044
lambdaB max = Inf
lambdaB min = 0.004177590819662044
----------------------------------
----------------------------------
Iteration = 44
Distance = 6.504943428442544e-5
v max = -1.1024741785405774
v min = -6.759596586212782
d max = 0.07672413793103448
d min = 0.07672413793103448
dF max = 0.07672413793103448
dB max = 0.07672413793103448
hk max = 0.03280404939978325
hk min = 0.019070955104160934
hz max = 0.04890038448552088
hz min = 0.017688806540924695
lambdaF max = Inf
lambdaF min = 0.004177590819662044
lambdaB max = Inf
lambdaB min = 0.004177590819662044
----------------------------------
----------------------------------
Iteration = 45
Distance = 5.417170499644186e-5
v max = -1.1025281182249145
v min = -6.759650757917778
d max = 0.07672413793103448
d min = 0.07672413793103448
dF max = 0.07672413793103448
dB max = 0.07672413793103448
hk max = 0.03280405102578538
hk min = 0.01907095515686101
hz max = 0.04890038818098027
hz min = 0.017688806660697606
lambdaF max = Inf
lambdaF min = 0.004177590819662044
lambdaB max = Inf
lambdaB min = 0.004177590819662044
----------------------------------
----------------------------------
Iteration = 46
Distance = 4.511766795634031e-5
v max = -1.1025730727510734
v min = -6.759695875585734
d max = 0.07672413793103448
d min = 0.07672413793103448
dF max = 0.07672413793103448
dB max = 0.07672413793103448
hk max = 0.03280405216881635
hk min = 0.019070955194180776
hz max = 0.04890039077877793
hz min = 0.017688806745515248
lambdaF max = Inf
lambdaF min = 0.004177590819662044
lambdaB max = Inf
lambdaB min = 0.004177590819662044
----------------------------------
----------------------------------
Iteration = 47
Distance = 3.758018532540319e-5
v max = -1.102610538218399
v min = -6.75973345577106
d max = 0.07672413793103448
d min = 0.07672413793103448
dF max = 0.07672413793103448
dB max = 0.07672413793103448
hk max = 0.03280405297235951
hk min = 0.019070955220265168
hz max = 0.04890039260501238
hz min = 0.017688806804797955
lambdaF max = Inf
lambdaF min = 0.004177590819662044
lambdaB max = Inf
lambdaB min = 0.004177590819662044
----------------------------------
----------------------------------
Iteration = 48
Distance = 3.130425630359923e-5
v max = -1.1026417618107451
v min = -6.759764760027363
d max = 0.07672413793103448
d min = 0.07672413793103448
dF max = 0.07672413793103448
dB max = 0.07672413793103448
hk max = 0.032804053537262234
hk min = 0.019070955238696854
hz max = 0.04890039388888219
hz min = 0.017688806846688155
lambdaF max = Inf
lambdaF min = 0.004177590819662044
lambdaB max = Inf
lambdaB min = 0.004177590819662044
----------------------------------
----------------------------------
Iteration = 49
Distance = 2.6078046092337104e-5
v max = -1.1026677831343585
v min = -6.759790838073456
d max = 0.07672413793103448
d min = 0.07672413793103448
dF max = 0.07672413793103448
dB max = 0.07672413793103448
hk max = 0.032804053934409355
hk min = 0.01907095525163108
hz max = 0.0489003947914893
hz min = 0.017688806876084123
lambdaF max = Inf
lambdaF min = 0.004177590819662044
lambdaB max = Inf
lambdaB min = 0.004177590819662044
----------------------------------
----------------------------------
Iteration = 50
Distance = 2.1725493750679448e-5
v max = -1.1026894687423339
v min = -6.759812563567206
d max = 0.07672413793103448
d min = 0.07672413793103448
dF max = 0.07672413793103448
dB max = 0.07672413793103448
hk max = 0.03280405421362438
hk min = 0.01907095526072231
hz max = 0.04890039542606891
hz min = 0.017688806896746
lambdaF max = Inf
lambdaF min = 0.004177590819662044
lambdaB max = Inf
lambdaB min = 0.004177590819662044
----------------------------------
----------------------------------
Iteration = 51
Distance = 1.8100210831484276e-5
v max = -1.1027075409056104
v min = -6.759830663778038
d max = 0.07672413793103448
d min = 0.07672413793103448
dF max = 0.07672413793103448
dB max = 0.07672413793103448
hk max = 0.032804054409934044
hk min = 0.019070955267138787
hz max = 0.04890039587222722
hz min = 0.017688806911328913
lambdaF max = Inf
lambdaF min = 0.004177590819662044
lambdaB max = Inf
lambdaB min = 0.004177590819662044
----------------------------------
----------------------------------
Iteration = 52
Distance = 1.5080438254599926e-5
v max = -1.1027226016207266
v min = -6.7598457442162925
d max = 0.07672413793103448
d min = 0.07672413793103448
dF max = 0.07672413793103448
dB max = 0.07672413793103448
hk max = 0.03280405454795737
hk min = 0.01907095527162475
hz max = 0.048900396185916614
hz min = 0.017688806921524285
lambdaF max = Inf
lambdaF min = 0.004177590819662044
lambdaB max = Inf
lambdaB min = 0.004177590819662044
----------------------------------
----------------------------------
Iteration = 53
Distance = 1.2564872682752082e-5
v max = -1.102735152624236
v min = -6.759858309088975
d max = 0.07672413793103448
d min = 0.07672413793103448
dF max = 0.07672413793103448
dB max = 0.07672413793103448
hk max = 0.03280405464500198
hk min = 0.019070955274803285
hz max = 0.04890039640647254
hz min = 0.01768880692874822
lambdaF max = Inf
lambdaF min = 0.004177590819662044
lambdaB max = Inf
lambdaB min = 0.004177590819662044
----------------------------------
----------------------------------
Iteration = 54
Distance = 1.0469208991281675e-5
v max = -1.1027456120800154
v min = -6.7598687782979665
d max = 0.07672413793103448
d min = 0.07672413793103448
dF max = 0.07672413793103448
dB max = 0.07672413793103448
hk max = 0.032804054713235435
hk min = 0.01907095527702187
hz max = 0.04890039656154857
hz min = 0.01768880693379047
lambdaF max = Inf
lambdaF min = 0.004177590819662044
lambdaB max = Inf
lambdaB min = 0.004177590819662044
----------------------------------
----------------------------------
Iteration = 55
Distance = 8.7232732486342e-6
v max = -1.1027543284948829
v min = -6.759877501571215
d max = 0.07672413793103448
d min = 0.07672413793103448
dF max = 0.07672413793103448
dB max = 0.07672413793103448
hk max = 0.03280405476121026
hk min = 0.019070955278591487
hz max = 0.048900396670582255
hz min = 0.017688806937357773
lambdaF max = Inf
lambdaF min = 0.004177590819662044
lambdaB max = Inf
lambdaB min = 0.004177590819662044
----------------------------------
    Value Function Converged, Iteration = 55 with gamma=3.0 with rho=1.0 and v=-2.7056251647364333
    Natural boundary condition
=============================================================
Convegence time (minutes): 0.11604420528333333
Current Time = 22:23:47
grid points for z:  401
grid size for z:  0.025
-0.2742263010213528
-0.5226561554502409
--- 8.457851648330688 seconds for the elasticity computation ---
-0.0014925075533057486
-0.038627418114580994
--- 0.06332111358642578 seconds for the elasticity computation ---
-0.23538373432146648
-0.4840287373356599
--- 0.06641221046447754 seconds for the elasticity computation ---
-0.3539860145184937
-0.5283000955633179
--- 0.06478047370910645 seconds for the elasticity computation ---
Current Time = 22:23:58
grid points for z:  401
grid size for z:  0.025
rho = 1
0.05975971349714089
--- 8.50245451927185 seconds for the elasticity computation ---
0.0
--- 0.06710457801818848 seconds for the elasticity computation ---
0.05975971349714089
--- 0.0661323070526123 seconds for the elasticity computation ---
0.0
--- 0.06599974632263184 seconds for the elasticity computation ---
0.0
--- 0.06588053703308105 seconds for the elasticity computation ---
0.05975971349714089
0.005643940113077034
--- 0.06628966331481934 seconds for the elasticity computation ---
0.05975971349714089
0.005643940113077034
--- 0.06617450714111328 seconds for the elasticity computation ---
0.05975971349714089
0.005643940113077034
--- 0.06627655029296875 seconds for the elasticity computation ---
0.05975971349714089
0.005643940113077034
--- 0.06608247756958008 seconds for the elasticity computation ---
parsed_args = parse_commandline() = Dict{String, Any}("dataname" => "lower_triangular_two_ambiguous_parameters", "clowerlim" => 0.0001, "delta" => 0.02, "boundary" => 0, "Delta" => 10.0, "q" => 0.1, "zmax" => 5.0, "logadjustment" => 1, "zscale" => 2.0, "foc" => 1, "distorted" => 0, "rho" => 1.0, "gamma" => 3.0)
=============================================================
./output/lower_triangular_two_ambiguous_parameters/Delta_10.0_distorted_0/logadjustment_1_boundary_0/zmax_5.0_zscale_2.0/delta_0.02/q_0.1_gamma_3.0_rho_1.0/
=============================================================
solve for structured linear system 
structured_relative_entropy = 0.10248130358614391
=============================================================
solve for unstructured linear system 
q_update = 0.10238003777618734
=============================================================
parsed_args = parse_commandline() = Dict{String, Any}("dataname" => "lower_triangular_two_ambiguous_parameters", "clowerlim" => 0.0001, "delta" => 0.02, "boundary" => 0, "Delta" => 10.0, "q" => 0.1, "zmax" => 5.0, "logadjustment" => 1, "zscale" => 2.0, "foc" => 1, "distorted" => 0, "rho" => 1.0, "gamma" => 3.0)
=============================================================
./output/lower_triangular_two_ambiguous_parameters/Delta_10.0_distorted_0/logadjustment_1_boundary_0/zmax_5.0_zscale_2.0/delta_0.02/q_0.1_gamma_3.0_rho_1.0/
=============================================================
solve for structured linear system 
structured_relative_entropy = 0.10248130358614388
=============================================================
solve for unstructured linear system 
q_update = 0.10238003777618736
=============================================================
Program ends Fri Jan 19 22:24:40 CST 2024
Elapsed time: 0 days 00 hr 01 min 22 sec
