D_10.0_distorted_0_boundary_0_delta_0.02_gamma_7.0_q_0.1_rho_1.0_lower_triangular_two_ambiguous_parameters
Program starts Fri Jan 19 22:23:22 CST 2024
parsed_args = parse_commandline() = Dict{String, Any}("dataname" => "lower_triangular_two_ambiguous_parameters", "clowerlim" => 0.0001, "delta" => 0.02, "boundary" => 0, "Delta" => 10.0, "q" => 0.1, "zmax" => 5.0, "logadjustment" => 1, "zscale" => 2.0, "foc" => 1, "distorted" => 0, "rho" => 1.0, "gamma" => 7.0)
=============================================================
logadjustment: true
reflective_boundary: false
0.109
sigma_k: [0.011287880226154068, 0.0]
sigma_z: [0.026030751045638307, 0.05916079783099616]
Compute value function WITH ROBUSTNESS
computing undistorted version...
zmax = 5.0, zmin = -5.0, zlength = 401
natural boundary condition
----------------------------------
Iteration = 1
Distance = 1.2137907019693044
v max = -0.9410634292420295
v min = -3.2137907019693044
d max = 0.07672413793103448
d min = 0.07672413793103448
dF max = 0.07672413793103448
dB max = 0.07672413793103448
hk max = 0.011287880226154068
hk min = 0.011287880226154068
hz max = 0.0
hz min = 0.0
lambdaF max = Inf
lambdaF min = 0.004177590819662044
lambdaB max = Inf
lambdaB min = 0.004177590819662044
----------------------------------
----------------------------------
Iteration = 2
Distance = 1.0063518894918362
v max = -0.8251883728184654
v min = -4.220142591461141
d max = 0.07672413793103448
d min = 0.07672413793103448
dF max = 0.07672413793103448
dB max = 0.07672413793103448
hk max = 0.017203960009254775
hk min = 0.017203960009252464
hz max = 0.013445635870683429
hz min = 0.013445635870678175
lambdaF max = Inf
lambdaF min = 0.004177590819662044
lambdaB max = Inf
lambdaB min = 0.004177590819662044
----------------------------------
----------------------------------
Iteration = 3
Distance = 0.7080217777548388
v max = -0.7942074866167217
v min = -4.928164369215979
d max = 0.07672413793103448
d min = 0.07672413793103448
dF max = 0.07672413793103448
dB max = 0.07672413793103448
hk max = 0.02206158789373701
hk min = 0.018188814173936935
hz max = 0.024485699244506692
hz min = 0.01568394079041561
lambdaF max = Inf
lambdaF min = 0.004177590819662044
lambdaB max = Inf
lambdaB min = 0.004177590819662044
----------------------------------
----------------------------------
Iteration = 4
Distance = 0.5091297753795523
v max = -0.8150719264300745
v min = -5.437294144595532
d max = 0.07672413793103448
d min = 0.07672413793103448
dF max = 0.07672413793103448
dB max = 0.07672413793103448
hk max = 0.025350147722139206
hk min = 0.01868315941615283
hz max = 0.03195969885451168
hz min = 0.01680745270454264
lambdaF max = Inf
lambdaF min = 0.004177590819662044
lambdaB max = Inf
lambdaB min = 0.004177590819662044
----------------------------------
----------------------------------
Iteration = 5
Distance = 0.3762355927728054
v max = -0.8506370247925323
v min = -5.813529737368337
d max = 0.07672413793103448
d min = 0.07672413793103448
dF max = 0.07672413793103448
dB max = 0.07672413793103448
hk max = 0.027594213793993436
hk min = 0.01886797842722621
hz max = 0.037059849017816754
hz min = 0.0172274959115276
lambdaF max = Inf
lambdaF min = 0.004177590819662044
lambdaB max = Inf
lambdaB min = 0.004177590819662044
----------------------------------
----------------------------------
Iteration = 6
Distance = 0.2824695875166121
v max = -0.8902542496720595
v min = -6.095999324884949
d max = 0.07672413793103448
d min = 0.07672413793103448
dF max = 0.07672413793103448
dB max = 0.07672413793103448
hk max = 0.029152928757414123
hk min = 0.018951859161425534
hz max = 0.04060238302559104
hz min = 0.017418133943798788
lambdaF max = Inf
lambdaF min = 0.004177590819662044
lambdaB max = Inf
lambdaB min = 0.004177590819662044
----------------------------------
----------------------------------
Iteration = 7
Distance = 0.21455566454526398
v max = -0.9306970399406618
v min = -6.310554989430213
d max = 0.07672413793103448
d min = 0.07672413793103448
dF max = 0.07672413793103448
dB max = 0.07672413793103448
hk max = 0.03024292150570722
hk min = 0.019005328146669793
hz max = 0.043079639271711725
hz min = 0.017539654364808466
lambdaF max = Inf
lambdaF min = 0.004177590819662044
lambdaB max = Inf
lambdaB min = 0.004177590819662044
----------------------------------
----------------------------------
Iteration = 8
Distance = 0.16456583132244607
v max = -0.9704697700133526
v min = -6.475120820752659
d max = 0.07672413793103448
d min = 0.07672413793103448
dF max = 0.07672413793103448
dB max = 0.07672413793103448
hk max = 0.031007456129940093
hk min = 0.019048588584669734
hz max = 0.044817217963150066
hz min = 0.01763797354208106
lambdaF max = Inf
lambdaF min = 0.004177590819662044
lambdaB max = Inf
lambdaB min = 0.004177590819662044
----------------------------------
----------------------------------
Iteration = 9
Distance = 0.12731716718989539
v max = -1.0083920346532365
v min = -6.6024379879425545
d max = 0.07672413793103448
d min = 0.07672413793103448
dF max = 0.07672413793103448
dB max = 0.07672413793103448
hk max = 0.03154457780590791
hk min = 0.01908314719791215
hz max = 0.046037949044895096
hz min = 0.01771651584490473
lambdaF max = Inf
lambdaF min = 0.004177590819662044
lambdaB max = Inf
lambdaB min = 0.004177590819662044
----------------------------------
----------------------------------
Iteration = 10
Distance = 0.09927510049189259
v max = -1.0437715309140518
v min = -6.701713088434447
d max = 0.07672413793103448
d min = 0.07672413793103448
dF max = 0.07672413793103448
dB max = 0.07672413793103448
hk max = 0.031922288388716163
hk min = 0.019109977557428062
hz max = 0.04689638218764114
hz min = 0.017777493934713628
lambdaF max = Inf
lambdaF min = 0.004177590819662044
lambdaB max = Inf
lambdaB min = 0.004177590819662044
----------------------------------
----------------------------------
Iteration = 11
Distance = 0.07796908821608906
v max = -1.0762934503318884
v min = -6.779682176650536
d max = 0.07672413793103448
d min = 0.07672413793103448
dF max = 0.07672413793103448
dB max = 0.07672413793103448
hk max = 0.03218805493952384
hk min = 0.019131618107320843
hz max = 0.0475003970758404
hz min = 0.017826677002651763
lambdaF max = Inf
lambdaF min = 0.004177590819662044
lambdaB max = Inf
lambdaB min = 0.004177590819662044
----------------------------------
----------------------------------
Iteration = 12
Distance = 0.061643219144492
v max = -1.1057608485936008
v min = -6.841325395795028
d max = 0.07672413793103448
d min = 0.07672413793103448
dF max = 0.07672413793103448
dB max = 0.07672413793103448
hk max = 0.03237512571150688
hk min = 0.01914890055649947
hz max = 0.0479255579212564
hz min = 0.017865955296239557
lambdaF max = Inf
lambdaF min = 0.004177590819662044
lambdaB max = Inf
lambdaB min = 0.004177590819662044
----------------------------------
----------------------------------
Iteration = 13
Distance = 0.049033662514107235
v max = -1.132096831123014
v min = -6.890359058309135
d max = 0.07672413793103448
d min = 0.07672413793103448
dF max = 0.07672413793103448
dB max = 0.07672413793103448
hk max = 0.03250683651928752
hk min = 0.019162030935211093
hz max = 0.0482249006662124
hz min = 0.017895797066038697
lambdaF max = Inf
lambdaF min = 0.004177590819662044
lambdaB max = Inf
lambdaB min = 0.004177590819662044
----------------------------------
----------------------------------
Iteration = 14
Distance = 0.03922130871646612
v max = -1.1553610330126047
v min = -6.9295803670256015
d max = 0.07672413793103448
d min = 0.07672413793103448
dF max = 0.07672413793103448
dB max = 0.07672413793103448
hk max = 0.03259958620506025
hk min = 0.01917186777422737
hz max = 0.04843569540660497
hz min = 0.017918153518348412
lambdaF max = Inf
lambdaF min = 0.004177590819662044
lambdaB max = Inf
lambdaB min = 0.004177590819662044
----------------------------------
----------------------------------
Iteration = 15
Distance = 0.031531659685991364
v max = -1.1756930176223166
v min = -6.961112026711593
d max = 0.07672413793103448
d min = 0.07672413793103448
dF max = 0.07672413793103448
dB max = 0.07672413793103448
hk max = 0.032664907775244
hk min = 0.019179072430209235
hz max = 0.04858415352065894
hz min = 0.017934527736489025
lambdaF max = Inf
lambdaF min = 0.004177590819662044
lambdaB max = Inf
lambdaB min = 0.004177590819662044
----------------------------------
----------------------------------
Iteration = 16
Distance = 0.025465582135837828
v max = -1.1932974041913764
v min = -6.986577608847431
d max = 0.07672413793103448
d min = 0.07672413793103448
dF max = 0.07672413793103448
dB max = 0.07672413793103448
hk max = 0.03271091632720031
hk min = 0.019184142913360146
hz max = 0.04868871841146873
hz min = 0.017946051561831995
lambdaF max = Inf
lambdaF min = 0.004177590819662044
lambdaB max = Inf
lambdaB min = 0.004177590819662044
----------------------------------
----------------------------------
Iteration = 17
Distance = 0.020650767037443174
v max = -1.2084269293802983
v min = -7.007228375884874
d max = 0.07672413793103448
d min = 0.07672413793103448
dF max = 0.07672413793103448
dB max = 0.07672413793103448
hk max = 0.03274332395728104
hk min = 0.019187685215871452
hz max = 0.04876237211619766
hz min = 0.017954102249357697
lambdaF max = Inf
lambdaF min = 0.004177590819662044
lambdaB max = Inf
lambdaB min = 0.004177590819662044
----------------------------------
----------------------------------
Iteration = 18
Distance = 0.01680734937005557
v max = -1.221350358848114
v min = -7.0240357252549295
d max = 0.07672413793103448
d min = 0.07672413793103448
dF max = 0.07672413793103448
dB max = 0.07672413793103448
hk max = 0.03276615230882614
hk min = 0.01919013311520355
hz max = 0.048814254733345615
hz min = 0.01795966565693064
lambdaF max = Inf
lambdaF min = 0.004177590819662044
lambdaB max = Inf
lambdaB min = 0.004177590819662044
----------------------------------
----------------------------------
Iteration = 19
Distance = 0.013723348752474607
v max = -1.2323372452695296
v min = -7.037759074007404
d max = 0.07672413793103448
d min = 0.07672413793103448
dF max = 0.07672413793103448
dB max = 0.07672413793103448
hk max = 0.03278223335345187
hk min = 0.01919180677972244
hz max = 0.048850802562040475
hz min = 0.017963469439928124
lambdaF max = Inf
lambdaF min = 0.004177590819662044
lambdaB max = Inf
lambdaB min = 0.004177590819662044
----------------------------------
----------------------------------
Iteration = 20
Distance = 0.011236994917833698
v max = -1.2416445344176625
v min = -7.048996068925238
d max = 0.07672413793103448
d min = 0.07672413793103448
dF max = 0.07672413793103448
dB max = 0.07672413793103448
hk max = 0.0327935615785225
hk min = 0.01919297130044869
hz max = 0.04887654852811008
hz min = 0.01796611607794233
lambdaF max = Inf
lambdaF min = 0.004177590819662044
lambdaB max = Inf
lambdaB min = 0.004177590819662044
----------------------------------
----------------------------------
Iteration = 21
Distance = 0.009223921255116174
v max = -1.249506758812272
v min = -7.058219990180354
d max = 0.07672413793103448
d min = 0.07672413793103448
dF max = 0.07672413793103448
dB max = 0.07672413793103448
hk max = 0.032801541786808
hk min = 0.019193782888617988
hz max = 0.04889468536512258
hz min = 0.01796796059650891
lambdaF max = Inf
lambdaF min = 0.004177590819662044
lambdaB max = Inf
lambdaB min = 0.004177590819662044
----------------------------------
----------------------------------
Iteration = 22
Distance = 0.0075878251702983235
v max = -1.2561338968522784
v min = -7.065807815350652
d max = 0.07672413793103448
d min = 0.07672413793103448
dF max = 0.07672413793103448
dB max = 0.07672413793103448
hk max = 0.03280716350785181
hk min = 0.019194354229407986
hz max = 0.04890746200385851
hz min = 0.017969259098304362
lambdaF max = Inf
lambdaF min = 0.004177590819662044
lambdaB max = Inf
lambdaB min = 0.004177590819662044
----------------------------------
----------------------------------
Iteration = 23
Distance = 0.0062536130003971735
v max = -1.2617101159982909
v min = -7.0720614283510495
d max = 0.07672413793103448
d min = 0.07672413793103448
dF max = 0.07672413793103448
dB max = 0.07672413793103448
hk max = 0.03281112378788066
hk min = 0.019194762056484516
hz max = 0.04891646264028772
hz min = 0.017970185978023752
lambdaF max = Inf
lambdaF min = 0.004177590819662044
lambdaB max = Inf
lambdaB min = 0.004177590819662044
----------------------------------
----------------------------------
Iteration = 24
Distance = 0.005162335937909823
v max = -1.266395075091029
v min = -7.077223764288959
d max = 0.07672413793103448
d min = 0.07672413793103448
dF max = 0.07672413793103448
dB max = 0.07672413793103448
hk max = 0.03281391365471502
hk min = 0.019195051089260395
hz max = 0.048922803246729436
hz min = 0.017970842870696196
lambdaF max = Inf
lambdaF min = 0.004177590819662044
lambdaB max = Inf
lambdaB min = 0.004177590819662044
----------------------------------
----------------------------------
Iteration = 25
Distance = 0.004267424291923838
v max = -1.2703263368181021
v min = -7.081491188580883
d max = 0.07672413793103448
d min = 0.07672413793103448
dF max = 0.07672413793103448
dB max = 0.07672413793103448
hk max = 0.03281587901334322
hk min = 0.019195257469697812
hz max = 0.04892726997088445
hz min = 0.017971311917144878
lambdaF max = Inf
lambdaF min = 0.004177590819662044
lambdaB max = Inf
lambdaB min = 0.004177590819662044
----------------------------------
----------------------------------
Iteration = 26
Distance = 0.003531868217748091
v max = -1.2736215463529599
v min = -7.085023056798631
d max = 0.07672413793103448
d min = 0.07672413793103448
dF max = 0.07672413793103448
dB max = 0.07672413793103448
hk max = 0.032817263538429745
hk min = 0.01919540376074593
hz max = 0.048930416618808356
hz min = 0.017971644396799696
lambdaF max = Inf
lambdaF min = 0.004177590819662044
lambdaB max = Inf
lambdaB min = 0.004177590819662044
----------------------------------
----------------------------------
Iteration = 27
Distance = 0.002926092356936749
v max = -1.2763810553902137
v min = -7.087949149155568
d max = 0.07672413793103448
d min = 0.07672413793103448
dF max = 0.07672413793103448
dB max = 0.07672413793103448
hk max = 0.03281823888836184
hk min = 0.0191955067580053
hz max = 0.048932633323199484
hz min = 0.01797187848148007
lambdaF max = Inf
lambdaF min = 0.004177590819662044
lambdaB max = Inf
lambdaB min = 0.004177590819662044
----------------------------------
----------------------------------
Iteration = 28
Distance = 0.0024263422419359415
v max = -1.2786901293194075
v min = -7.090375491397504
d max = 0.07672413793103448
d min = 0.07672413793103448
dF max = 0.07672413793103448
dB max = 0.07672413793103448
hk max = 0.032818925989322324
hk min = 0.019195579488345896
hz max = 0.0489341949162915
hz min = 0.017972043777708703
lambdaF max = Inf
lambdaF min = 0.004177590819662044
lambdaB max = Inf
lambdaB min = 0.004177590819662044
----------------------------------
----------------------------------
Iteration = 29
Distance = 0.0020134504704296674
v max = -1.2806209949772338
v min = -7.092388941867934
d max = 0.07672413793103448
d min = 0.07672413793103448
dF max = 0.07672413793103448
dB max = 0.07672413793103448
hk max = 0.03281941002894144
hk min = 0.019195630260357123
hz max = 0.04893529500633496
hz min = 0.017972159168643313
lambdaF max = Inf
lambdaF min = 0.004177590819662044
lambdaB max = Inf
lambdaB min = 0.004177590819662044
----------------------------------
----------------------------------
Iteration = 30
Distance = 0.0016718865240461511
v max = -1.2822347112773438
v min = -7.09406082839198
d max = 0.07672413793103448
d min = 0.07672413793103448
dF max = 0.07672413793103448
dB max = 0.07672413793103448
hk max = 0.03281975101865403
hk min = 0.019195665956234426
hz max = 0.048936069982954467
hz min = 0.01797224029563718
lambdaF max = Inf
lambdaF min = 0.004177590819662044
lambdaB max = Inf
lambdaB min = 0.004177590819662044
----------------------------------
----------------------------------
Iteration = 31
Distance = 0.0013890198642521057
v max = -1.2835827426286297
v min = -7.095449848256232
d max = 0.07672413793103448
d min = 0.07672413793103448
dF max = 0.07672413793103448
dB max = 0.07672413793103448
hk max = 0.03281999123437032
hk min = 0.019195690972746107
hz max = 0.04893661592776422
hz min = 0.017972297151345552
lambdaF max = Inf
lambdaF min = 0.004177590819662044
lambdaB max = Inf
lambdaB min = 0.004177590819662044
----------------------------------
----------------------------------
Iteration = 32
Distance = 0.0011545445093341655
v max = -1.2847084030296816
v min = -7.096604392765566
d max = 0.07672413793103448
d min = 0.07672413793103448
dF max = 0.07672413793103448
dB max = 0.07672413793103448
hk max = 0.03282016045805932
hk min = 0.0191957085213889
hz max = 0.048937000527057406
hz min = 0.01797233703462462
lambdaF max = Inf
lambdaF min = 0.004177590819662044
lambdaB max = Inf
lambdaB min = 0.004177590819662044
----------------------------------
----------------------------------
Iteration = 33
Distance = 0.0009600267414286989
v max = -1.285648075375764
v min = -7.097564419506995
d max = 0.07672413793103448
d min = 0.07672413793103448
dF max = 0.07672413793103448
dB max = 0.07672413793103448
hk max = 0.03282027967017703
hk min = 0.019195720926652407
hz max = 0.048937271463688564
hz min = 0.017972365228405323
lambdaF max = Inf
lambdaF min = 0.004177590819662044
lambdaB max = Inf
lambdaB min = 0.004177590819662044
----------------------------------
----------------------------------
Iteration = 34
Distance = 0.0007985473701586088
v max = -1.2864322793673835
v min = -7.098362966877153
d max = 0.07672413793103448
d min = 0.07672413793103448
dF max = 0.07672413793103448
dB max = 0.07672413793103448
hk max = 0.032820363650812645
hk min = 0.019195729635487234
hz max = 0.0489374623287695
hz min = 0.017972385021211748
lambdaF max = Inf
lambdaF min = 0.004177590819662044
lambdaB max = Inf
lambdaB min = 0.004177590819662044
----------------------------------
----------------------------------
Iteration = 35
Distance = 0.0006644171241694252
v max = -1.2870865915185528
v min = -7.099027384001323
d max = 0.07672413793103448
d min = 0.07672413793103448
dF max = 0.07672413793103448
dB max = 0.07672413793103448
hk max = 0.03282042281207693
hk min = 0.01919573581123777
hz max = 0.04893759678618833
hz min = 0.017972399057008415
lambdaF max = Inf
lambdaF min = 0.004177590819662044
lambdaB max = Inf
lambdaB min = 0.004177590819662044
----------------------------------
----------------------------------
Iteration = 36
Distance = 0.0005529489904736451
v max = -1.2876324216242159
v min = -7.099580332991796
d max = 0.07672413793103448
d min = 0.07672413793103448
dF max = 0.07672413793103448
dB max = 0.07672413793103448
hk max = 0.03282046448897235
hk min = 0.019195740159766994
hz max = 0.048937691506405194
hz min = 0.01797240894002938
lambdaF max = Inf
lambdaF min = 0.004177590819662044
lambdaB max = Inf
lambdaB min = 0.004177590819662044
----------------------------------
----------------------------------
Iteration = 37
Distance = 0.0004602751982965003
v max = -1.288087682655687
v min = -7.100040608190093
d max = 0.07672413793103448
d min = 0.07672413793103448
dF max = 0.07672413793103448
dB max = 0.07672413793103448
hk max = 0.03282049384876734
hk min = 0.01919574322984822
hz max = 0.048937758233211996
hz min = 0.017972415917486717
lambdaF max = Inf
lambdaF min = 0.004177590819662044
lambdaB max = Inf
lambdaB min = 0.004177590819662044
----------------------------------
----------------------------------
Iteration = 38
Distance = 0.00038319942637077276
v max = -1.2884673503416666
v min = -7.100423807616464
d max = 0.07672413793103448
d min = 0.07672413793103448
dF max = 0.07672413793103448
dB max = 0.07672413793103448
hk max = 0.032820514531620555
hk min = 0.019195745398868883
hz max = 0.04893780523969657
hz min = 0.017972420847079125
lambdaF max = Inf
lambdaF min = 0.004177590819662044
lambdaB max = Inf
lambdaB min = 0.004177590819662044
----------------------------------
----------------------------------
Iteration = 39
Distance = 0.0003190769679353167
v max = -1.2887839396897511
v min = -7.100742884584399
d max = 0.07672413793103448
d min = 0.07672413793103448
dF max = 0.07672413793103448
dB max = 0.07672413793103448
hk max = 0.03282052910189619
hk min = 0.01919574692045692
hz max = 0.04893783835395937
hz min = 0.01797242430523376
lambdaF max = Inf
lambdaF min = 0.004177590819662044
lambdaB max = Inf
lambdaB min = 0.004177590819662044
----------------------------------
----------------------------------
Iteration = 40
Distance = 0.0002657172108033734
v max = -1.2890479047508272
v min = -7.101008601795202
d max = 0.07672413793103448
d min = 0.07672413793103448
dF max = 0.07672413793103448
dB max = 0.07672413793103448
hk max = 0.032820539366091986
hk min = 0.01919574799720785
hz max = 0.04893786168167709
hz min = 0.01797242675239496
lambdaF max = Inf
lambdaF min = 0.004177590819662044
lambdaB max = Inf
lambdaB min = 0.004177590819662044
----------------------------------
----------------------------------
Iteration = 41
Distance = 0.00022130402132702898
v max = -1.2892679744322098
v min = -7.101229905816529
d max = 0.07672413793103448
d min = 0.07672413793103448
dF max = 0.07672413793103448
dB max = 0.07672413793103448
hk max = 0.032820546596816075
hk min = 0.019195748750972824
hz max = 0.04893787811514092
hz min = 0.017972428465497178
lambdaF max = Inf
lambdaF min = 0.004177590819662044
lambdaB max = Inf
lambdaB min = 0.004177590819662044
----------------------------------
----------------------------------
Iteration = 42
Distance = 0.00018433056009303783
v max = -1.2894514354982072
v min = -7.101414236376622
d max = 0.07672413793103448
d min = 0.07672413793103448
dF max = 0.07672413793103448
dB max = 0.07672413793103448
hk max = 0.03282055169057878
hk min = 0.019195749283568646
hz max = 0.04893788969187435
hz min = 0.01797242967594223
lambdaF max = Inf
lambdaF min = 0.004177590819662044
lambdaB max = Inf
lambdaB min = 0.004177590819662044
----------------------------------
----------------------------------
Iteration = 43
Distance = 0.0001535457807859686
v max = -1.289604368686928
v min = -7.101567782157408
d max = 0.07672413793103448
d min = 0.07672413793103448
dF max = 0.07672413793103448
dB max = 0.07672413793103448
hk max = 0.03282055527893302
hk min = 0.019195749657803438
hz max = 0.048937897847224895
hz min = 0.017972430526475847
lambdaF max = Inf
lambdaF min = 0.004177590819662044
lambdaB max = Inf
lambdaB min = 0.004177590819662044
----------------------------------
----------------------------------
Iteration = 44
Distance = 0.00012791042281801168
v max = -1.289731847548721
v min = -7.101695692580226
d max = 0.07672413793103448
d min = 0.07672413793103448
dF max = 0.07672413793103448
dB max = 0.07672413793103448
hk max = 0.032820557806786194
hk min = 0.01919574992114107
hz max = 0.04893790359234574
hz min = 0.017972431124970465
lambdaF max = Inf
lambdaF min = 0.004177590819662044
lambdaB max = Inf
lambdaB min = 0.004177590819662044
----------------------------------
----------------------------------
Iteration = 45
Distance = 0.00010656074491421919
v max = -1.2898381042565727
v min = -7.101802253325141
d max = 0.07672413793103448
d min = 0.07672413793103448
dF max = 0.07672413793103448
dB max = 0.07672413793103448
hk max = 0.032820559587556974
hk min = 0.019195750107322107
hz max = 0.048937907639552074
hz min = 0.017972431548109187
lambdaF max = Inf
lambdaF min = 0.004177590819662044
lambdaB max = Inf
lambdaB min = 0.004177590819662044
----------------------------------
----------------------------------
Iteration = 46
Distance = 8.877858946032546e-5
v max = -1.2899266686500033
v min = -7.101891031914601
d max = 0.07672413793103448
d min = 0.07672413793103448
dF max = 0.07672413793103448
dB max = 0.07672413793103448
hk max = 0.032820560842037216
hk min = 0.01919575023779331
hz max = 0.04893791049064351
hz min = 0.01797243184463465
lambdaF max = Inf
lambdaF min = 0.004177590819662044
lambdaB max = Inf
lambdaB min = 0.004177590819662044
----------------------------------
----------------------------------
Iteration = 47
Distance = 7.396663773118206e-5
v max = -1.2900004844027866
v min = -7.101964998552332
d max = 0.07672413793103448
d min = 0.07672413793103448
dF max = 0.07672413793103448
dB max = 0.07672413793103448
hk max = 0.03282056172576868
hk min = 0.019195750330368373
hz max = 0.04893791249912413
hz min = 0.017972432055032513
lambdaF max = Inf
lambdaF min = 0.004177590819662044
lambdaB max = Inf
lambdaB min = 0.004177590819662044
----------------------------------
----------------------------------
Iteration = 48
Distance = 6.162793148423162e-5
v max = -1.2900620060354546
v min = -7.102026626483816
d max = 0.07672413793103448
d min = 0.07672413793103448
dF max = 0.07672413793103448
dB max = 0.07672413793103448
hk max = 0.03282056234832146
hk min = 0.019195750395182613
hz max = 0.04893791391401681
hz min = 0.017972432202337605
lambdaF max = Inf
lambdaF min = 0.004177590819662044
lambdaB max = Inf
lambdaB min = 0.004177590819662044
----------------------------------
----------------------------------
Iteration = 49
Distance = 5.134890752156451e-5
v max = -1.2901132800683859
v min = -7.102077975391338
d max = 0.07672413793103448
d min = 0.07672413793103448
dF max = 0.07672413793103448
dB max = 0.07672413793103448
hk max = 0.03282056278688382
hk min = 0.019195750441089125
hz max = 0.04893791491074944
hz min = 0.017972432306670588
lambdaF max = Inf
lambdaF min = 0.004177590819662044
lambdaB max = Inf
lambdaB min = 0.004177590819662044
----------------------------------
----------------------------------
Iteration = 50
Distance = 4.2785330484740314e-5
v max = -1.2901560126507052
v min = -7.102120760721823
d max = 0.07672413793103448
d min = 0.07672413793103448
dF max = 0.07672413793103448
dB max = 0.07672413793103448
hk max = 0.03282056309583295
hk min = 0.019195750473347005
hz max = 0.048937915612906564
hz min = 0.017972432379983954
lambdaF max = Inf
lambdaF min = 0.004177590819662044
lambdaB max = Inf
lambdaB min = 0.004177590819662044
----------------------------------
----------------------------------
Iteration = 51
Distance = 3.565061984556195e-5
v max = -1.2901916261146291
v min = -7.102156411341668
d max = 0.07672413793103448
d min = 0.07672413793103448
dF max = 0.07672413793103448
dB max = 0.07672413793103448
hk max = 0.032820563313474924
hk min = 0.019195750496053342
hz max = 0.04893791610754741
hz min = 0.01797243243158926
lambdaF max = Inf
lambdaF min = 0.004177590819662044
lambdaB max = Inf
lambdaB min = 0.004177590819662044
----------------------------------
----------------------------------
Iteration = 52
Distance = 2.97061572638313e-5
v max = -1.2902213060970535
v min = -7.102186117498932
d max = 0.07672413793103448
d min = 0.07672413793103448
dF max = 0.07672413793103448
dB max = 0.07672413793103448
hk max = 0.032820563466792574
hk min = 0.019195750512113616
hz max = 0.048937916455996607
hz min = 0.017972432468089886
lambdaF max = Inf
lambdaF min = 0.004177590819662044
lambdaB max = Inf
lambdaB min = 0.004177590819662044
----------------------------------
----------------------------------
Iteration = 53
Distance = 2.4753234233898525e-5
v max = -1.2902460408918803
v min = -7.102210870733166
d max = 0.07672413793103448
d min = 0.07672413793103448
dF max = 0.07672413793103448
dB max = 0.07672413793103448
hk max = 0.03282056357479973
hk min = 0.019195750523341125
hz max = 0.04893791670146744
hz min = 0.017972432493606954
lambdaF max = Inf
lambdaF min = 0.004177590819662044
lambdaB max = Inf
lambdaB min = 0.004177590819662044
----------------------------------
----------------------------------
Iteration = 54
Distance = 2.0626358962161362e-5
v max = -1.290266654261747
v min = -7.102231497092128
d max = 0.07672413793103448
d min = 0.07672413793103448
dF max = 0.07672413793103448
dB max = 0.07672413793103448
hk max = 0.03282056365088657
hk min = 0.019195750531326758
hz max = 0.048937916874392064
hz min = 0.017972432511756117
lambdaF max = Inf
lambdaF min = 0.004177590819662044
lambdaB max = Inf
lambdaB min = 0.004177590819662044
----------------------------------
----------------------------------
Iteration = 55
Distance = 1.7187691141451467e-5
v max = -1.2902838328016604
v min = -7.1022486847832695
d max = 0.07672413793103448
d min = 0.07672413793103448
dF max = 0.07672413793103448
dB max = 0.07672413793103448
hk max = 0.03282056370448787
hk min = 0.019195750536891265
hz max = 0.048937916996213186
hz min = 0.01797243252440273
lambdaF max = Inf
lambdaF min = 0.004177590819662044
lambdaB max = Inf
lambdaB min = 0.004177590819662044
----------------------------------
----------------------------------
Iteration = 56
Distance = 1.4322412831724307e-5
v max = -1.2902981487684833
v min = -7.102263007196101
d max = 0.07672413793103448
d min = 0.07672413793103448
dF max = 0.07672413793103448
dB max = 0.07672413793103448
hk max = 0.03282056374224644
hk min = 0.019195750540851944
hz max = 0.04893791708202814
hz min = 0.017972432533404272
lambdaF max = Inf
lambdaF min = 0.004177590819662044
lambdaB max = Inf
lambdaB min = 0.004177590819662044
----------------------------------
----------------------------------
Iteration = 57
Distance = 1.1934876888552992e-5
v max = -1.2903100791038495
v min = -7.10227494207299
d max = 0.07672413793103448
d min = 0.07672413793103448
dF max = 0.07672413793103448
dB max = 0.07672413793103448
hk max = 0.032820563768845484
hk min = 0.019195750543618943
hz max = 0.04893791714248051
hz min = 0.017972432539692898
lambdaF max = Inf
lambdaF min = 0.004177590819662044
lambdaB max = Inf
lambdaB min = 0.004177590819662044
----------------------------------
----------------------------------
Iteration = 58
Distance = 9.945401655997443e-6
v max = -1.290320021306524
v min = -7.102284887474646
d max = 0.07672413793103448
d min = 0.07672413793103448
dF max = 0.07672413793103448
dB max = 0.07672413793103448
hk max = 0.032820563787583745
hk min = 0.01919575054557813
hz max = 0.04893791718506746
hz min = 0.017972432544145593
lambdaF max = Inf
lambdaF min = 0.004177590819662044
lambdaB max = Inf
lambdaB min = 0.004177590819662044
----------------------------------
    Value Function Converged, Iteration = 58 with gamma=7.0 with rho=1.0 and v=-2.9970388232900786
    Natural boundary condition
=============================================================
Convegence time (minutes): 0.11536488353333334
Current Time = 22:23:51
grid points for z:  401
grid size for z:  0.025
-0.3703467029558062
-0.6070475870742151
--- 8.316677808761597 seconds for the elasticity computation ---
-0.015122660862345618
-0.12297169416552073
--- 0.06359672546386719 seconds for the elasticity computation ---
-0.2361022938614843
-0.48407589290869446
--- 0.06307458877563477 seconds for the elasticity computation ---
-0.4501064164529471
-0.6126915271872923
--- 0.06673622131347656 seconds for the elasticity computation ---
Current Time = 22:24:02
grid points for z:  401
grid size for z:  0.025
rho = 1
0.05975971349714089
--- 8.421674728393555 seconds for the elasticity computation ---
0.0
--- 0.0707864761352539 seconds for the elasticity computation ---
0.05975971349714089
--- 0.06874847412109375 seconds for the elasticity computation ---
0.0
--- 0.06691908836364746 seconds for the elasticity computation ---
0.0
--- 0.06688928604125977 seconds for the elasticity computation ---
0.05975971349714089
0.005643940113077034
--- 0.06708693504333496 seconds for the elasticity computation ---
0.05975971349714089
0.005643940113077034
--- 0.06676697731018066 seconds for the elasticity computation ---
0.05975971349714089
0.005643940113077034
--- 0.06656122207641602 seconds for the elasticity computation ---
0.05975971349714089
0.005643940113077034
--- 0.06636166572570801 seconds for the elasticity computation ---
parsed_args = parse_commandline() = Dict{String, Any}("dataname" => "lower_triangular_two_ambiguous_parameters", "clowerlim" => 0.0001, "delta" => 0.02, "boundary" => 0, "Delta" => 10.0, "q" => 0.1, "zmax" => 5.0, "logadjustment" => 1, "zscale" => 2.0, "foc" => 1, "distorted" => 0, "rho" => 1.0, "gamma" => 7.0)
=============================================================
./output/lower_triangular_two_ambiguous_parameters/Delta_10.0_distorted_0/logadjustment_1_boundary_0/zmax_5.0_zscale_2.0/delta_0.02/q_0.1_gamma_7.0_rho_1.0/
=============================================================
solve for structured linear system 
structured_relative_entropy = 0.1024839800438918
=============================================================
solve for unstructured linear system 
q_update = 0.3524200621378231
=============================================================
parsed_args = parse_commandline() = Dict{String, Any}("dataname" => "lower_triangular_two_ambiguous_parameters", "clowerlim" => 0.0001, "delta" => 0.02, "boundary" => 0, "Delta" => 10.0, "q" => 0.1, "zmax" => 5.0, "logadjustment" => 1, "zscale" => 2.0, "foc" => 1, "distorted" => 0, "rho" => 1.0, "gamma" => 7.0)
=============================================================
./output/lower_triangular_two_ambiguous_parameters/Delta_10.0_distorted_0/logadjustment_1_boundary_0/zmax_5.0_zscale_2.0/delta_0.02/q_0.1_gamma_7.0_rho_1.0/
=============================================================
solve for structured linear system 
structured_relative_entropy = 0.10248398004389185
=============================================================
solve for unstructured linear system 
q_update = 0.3524200621378231
=============================================================
Program ends Fri Jan 19 22:24:44 CST 2024
Elapsed time: 0 days 00 hr 01 min 22 sec
