D_10.0_distorted_0_boundary_0_delta_0.02_gamma_6.0_q_0.1_rho_1.0_lower_triangular_two_ambiguous_parameters
Program starts Fri Jan 19 22:23:21 CST 2024
parsed_args = parse_commandline() = Dict{String, Any}("dataname" => "lower_triangular_two_ambiguous_parameters", "clowerlim" => 0.0001, "delta" => 0.02, "boundary" => 0, "Delta" => 10.0, "q" => 0.1, "zmax" => 5.0, "logadjustment" => 1, "zscale" => 2.0, "foc" => 1, "distorted" => 0, "rho" => 1.0, "gamma" => 6.0)
=============================================================
logadjustment: true
reflective_boundary: false
0.109
sigma_k: [0.011287880226154068, 0.0]
sigma_z: [0.026030751045638307, 0.05916079783099616]
Compute value function WITH ROBUSTNESS
computing undistorted version...
zmax = 5.0, zmin = -5.0, zlength = 401
natural boundary condition
----------------------------------
Iteration = 1
Distance = 1.2132598009693045
v max = -0.9405325282420315
v min = -3.2132598009693045
d max = 0.07672413793103448
d min = 0.07672413793103448
dF max = 0.07672413793103448
dB max = 0.07672413793103448
hk max = 0.011287880226154068
hk min = 0.011287880226154068
hz max = 0.0
hz min = 0.0
lambdaF max = Inf
lambdaF min = 0.004177590819662044
lambdaB max = Inf
lambdaB min = 0.004177590819662044
----------------------------------
----------------------------------
Iteration = 2
Distance = 1.0044538673086394
v max = -0.8227594496352719
v min = -4.217713668277944
d max = 0.07672413793103448
d min = 0.07672413793103448
dF max = 0.07672413793103448
dB max = 0.07672413793103448
hk max = 0.01720396000925524
hk min = 0.017203960009252464
hz max = 0.01344563587068448
hz min = 0.013445635870678175
lambdaF max = Inf
lambdaF min = 0.004177590819662044
lambdaB max = Inf
lambdaB min = 0.004177590819662044
----------------------------------
----------------------------------
Iteration = 3
Distance = 0.7039045938270201
v max = -0.7897768669256037
v min = -4.921618262104964
d max = 0.07672413793103448
d min = 0.07672413793103448
dF max = 0.07672413793103448
dB max = 0.07672413793103448
hk max = 0.022061587893737935
hk min = 0.01818881417393705
hz max = 0.024485699244508795
hz min = 0.015683940790415872
lambdaF max = Inf
lambdaF min = 0.004177590819662044
lambdaB max = Inf
lambdaB min = 0.004177590819662044
----------------------------------
----------------------------------
Iteration = 4
Distance = 0.5032993655107596
v max = -0.8087135228978592
v min = -5.424917627615724
d max = 0.07672413793103448
d min = 0.07672413793103448
dF max = 0.07672413793103448
dB max = 0.07672413793103448
hk max = 0.02535010228195659
hk min = 0.018683124939054628
hz max = 0.03195959558136938
hz min = 0.016807374347501274
lambdaF max = Inf
lambdaF min = 0.004177590819662044
lambdaB max = Inf
lambdaB min = 0.004177590819662044
----------------------------------
----------------------------------
Iteration = 5
Distance = 0.3694245346736178
v max = -0.8424407325116512
v min = -5.794342162289341
d max = 0.07672413793103448
d min = 0.07672413793103448
dF max = 0.07672413793103448
dB max = 0.07672413793103448
hk max = 0.027594056292294545
hk min = 0.01886762145088469
hz max = 0.037059491059410185
hz min = 0.0172266846016605
lambdaF max = Inf
lambdaF min = 0.004177590819662044
lambdaB max = Inf
lambdaB min = 0.004177590819662044
----------------------------------
----------------------------------
Iteration = 6
Distance = 0.2752867102321126
v max = -0.8801078457840377
v min = -6.069628872521454
d max = 0.07672413793103448
d min = 0.07672413793103448
dF max = 0.07672413793103448
dB max = 0.07672413793103448
hk max = 0.029152611698318818
hk min = 0.018950184160837602
hz max = 0.04060166243673807
hz min = 0.01741432712428076
lambdaF max = Inf
lambdaF min = 0.004177590819662044
lambdaB max = Inf
lambdaB min = 0.004177590819662044
----------------------------------
----------------------------------
Iteration = 7
Distance = 0.20744157304965682
v max = -0.9182431437856937
v min = -6.277070445571111
d max = 0.07672413793103448
d min = 0.07672413793103448
dF max = 0.07672413793103448
dB max = 0.07672413793103448
hk max = 0.03024243751950629
hk min = 0.019000545085702078
hz max = 0.04307853930307324
hz min = 0.017528783771700022
lambdaF max = Inf
lambdaF min = 0.004177590819662044
lambdaB max = Inf
lambdaB min = 0.004177590819662044
----------------------------------
----------------------------------
Iteration = 8
Distance = 0.15780833749058587
v max = -0.9552569464435237
v min = -6.434878783061697
d max = 0.07672413793103448
d min = 0.07672413793103448
dF max = 0.07672413793103448
dB max = 0.07672413793103448
hk max = 0.031006831705899757
hk min = 0.019039043858051934
hz max = 0.04481579881760384
hz min = 0.017616280981586064
lambdaF max = Inf
lambdaF min = 0.004177590819662044
lambdaB max = Inf
lambdaB min = 0.004177590819662044
----------------------------------
----------------------------------
Iteration = 9
Distance = 0.12108407995082171
v max = -0.9900571735490415
v min = -6.555962863012518
d max = 0.07672413793103448
d min = 0.07672413793103448
dF max = 0.07672413793103448
dB max = 0.07672413793103448
hk max = 0.03154385647952908
hk min = 0.019068349076776132
hz max = 0.046036309666761394
hz min = 0.017682883751413785
lambdaF max = Inf
lambdaF min = 0.004177590819662044
lambdaB max = Inf
lambdaB min = 0.004177590819662044
----------------------------------
----------------------------------
Iteration = 10
Distance = 0.09364749179593179
v max = -1.02209378761087
v min = -6.64961035480845
d max = 0.07672413793103448
d min = 0.07672413793103448
dF max = 0.07672413793103448
dB max = 0.07672413793103448
hk max = 0.03192151536948781
hk min = 0.01909032407444619
hz max = 0.04689462532575851
hz min = 0.017732826927936648
lambdaF max = Inf
lambdaF min = 0.004177590819662044
lambdaB max = Inf
lambdaB min = 0.004177590819662044
----------------------------------
----------------------------------
Iteration = 11
Distance = 0.07296908267529112
v max = -1.051179751698442
v min = -6.722579437483741
d max = 0.07672413793103448
d min = 0.07672413793103448
dF max = 0.07672413793103448
dB max = 0.07672413793103448
hk max = 0.032187267792815936
hk min = 0.01910760651101913
hz max = 0.04749860810604971
hz min = 0.01777210519287514
lambdaF max = Inf
lambdaF min = 0.004177590819662044
lambdaB max = Inf
lambdaB min = 0.004177590819662044
----------------------------------
----------------------------------
Iteration = 12
Distance = 0.05725518411401431
v max = -1.0772525951400238
v min = -6.779834621597756
d max = 0.07672413793103448
d min = 0.07672413793103448
dF max = 0.07672413793103448
dB max = 0.07672413793103448
hk max = 0.032374350890537015
hk min = 0.019121123274746195
hz max = 0.047923796964506715
hz min = 0.01780282511043665
lambdaF max = Inf
lambdaF min = 0.004177590819662044
lambdaB max = Inf
lambdaB min = 0.004177590819662044
----------------------------------
----------------------------------
Iteration = 13
Distance = 0.04521949786043322
v max = -1.1003628561109406
v min = -6.825054119458189
d max = 0.07672413793103448
d min = 0.07672413793103448
dF max = 0.07672413793103448
dB max = 0.07672413793103448
hk max = 0.03250608977050245
hk min = 0.019131322151698174
hz max = 0.04822320350988269
hz min = 0.017826004376236607
lambdaF max = Inf
lambdaF min = 0.004177590819662044
lambdaB max = Inf
lambdaB min = 0.004177590819662044
----------------------------------
----------------------------------
Iteration = 14
Distance = 0.035931036905459734
v max = -1.1206591973026139
v min = -6.860985156363649
d max = 0.07672413793103448
d min = 0.07672413793103448
dF max = 0.07672413793103448
dB max = 0.07672413793103448
hk max = 0.03259887482017264
hk min = 0.01913903492784979
hz max = 0.04843407862276949
hz min = 0.017843533412944822
lambdaF max = Inf
lambdaF min = 0.004177590819662044
lambdaB max = Inf
lambdaB min = 0.004177590819662044
----------------------------------
----------------------------------
Iteration = 15
Distance = 0.028710492860733794
v max = -1.138333862072394
v min = -6.889695649224382
d max = 0.07672413793103448
d min = 0.07672413793103448
dF max = 0.07672413793103448
dB max = 0.07672413793103448
hk max = 0.032664233259430187
hk min = 0.019144775858324078
hz max = 0.048582620530172996
hz min = 0.01785658098220457
lambdaF max = Inf
lambdaF min = 0.004177590819662044
lambdaB max = Inf
lambdaB min = 0.004177590819662044
----------------------------------
----------------------------------
Iteration = 16
Distance = 0.02305844805220225
v max = -1.1536122783771212
v min = -6.912754097276585
d max = 0.07672413793103448
d min = 0.07672413793103448
dF max = 0.07672413793103448
dB max = 0.07672413793103448
hk max = 0.03271027672201453
hk min = 0.019148929870066583
hz max = 0.04868726476331924
hz min = 0.01786602191798299
lambdaF max = Inf
lambdaF min = 0.004177590819662044
lambdaB max = Inf
lambdaB min = 0.004177590819662044
----------------------------------
----------------------------------
Iteration = 17
Distance = 0.018605054506401153
v max = -1.1667387080314437
v min = -6.931359151782986
d max = 0.07672413793103448
d min = 0.07672413793103448
dF max = 0.07672413793103448
dB max = 0.07672413793103448
hk max = 0.0327427155520229
hk min = 0.019151934004062628
hz max = 0.04876098937697462
hz min = 0.017872849495246725
lambdaF max = Inf
lambdaF min = 0.004177590819662044
lambdaB max = Inf
lambdaB min = 0.004177590819662044
----------------------------------
----------------------------------
Iteration = 18
Distance = 0.015074438030948656
v max = -1.177956279206673
v min = -6.946433589813934
d max = 0.07672413793103448
d min = 0.07672413793103448
dF max = 0.07672413793103448
dB max = 0.07672413793103448
hk max = 0.0327655707550545
hk min = 0.019154073218016095
hz max = 0.048812933020228266
hz min = 0.017877711345140976
lambdaF max = Inf
lambdaF min = 0.004177590819662044
lambdaB max = Inf
lambdaB min = 0.004177590819662044
----------------------------------
----------------------------------
Iteration = 19
Distance = 0.012259331027033582
v max = -1.1875006915037158
v min = -6.958692920840968
d max = 0.07672413793103448
d min = 0.07672413793103448
dF max = 0.07672413793103448
dB max = 0.07672413793103448
hk max = 0.032781674314090445
hk min = 0.019155577653512446
hz max = 0.04884953201803723
hz min = 0.01788113051672359
lambdaF max = Inf
lambdaF min = 0.004177590819662044
lambdaB max = Inf
lambdaB min = 0.004177590819662044
----------------------------------
----------------------------------
Iteration = 20
Distance = 0.0100028782851167
v max = -1.1955924792283805
v min = -6.968695799126085
d max = 0.07672413793103448
d min = 0.07672413793103448
dF max = 0.07672413793103448
dB max = 0.07672413793103448
hk max = 0.032793021061059024
hk min = 0.019156640994493268
hz max = 0.048875320079329446
hz min = 0.017883547200770913
lambdaF max = Inf
lambdaF min = 0.004177590819662044
lambdaB max = Inf
lambdaB min = 0.004177590819662044
----------------------------------
----------------------------------
Iteration = 21
Distance = 0.008185510423800224
v max = -1.2024322003673895
v min = -6.976881309549885
d max = 0.07672413793103448
d min = 0.07672413793103448
dF max = 0.07672413793103448
dB max = 0.07672413793103448
hk max = 0.03280101628352784
hk min = 0.019157383859048832
hz max = 0.04889349103948586
hz min = 0.01788523552930629
lambdaF max = Inf
lambdaF min = 0.004177590819662044
lambdaB max = Inf
lambdaB min = 0.004177590819662044
----------------------------------
----------------------------------
Iteration = 22
Distance = 0.006715419625365371
v max = -1.208199776075452
v min = -6.98359672917525
d max = 0.07672413793103448
d min = 0.07672413793103448
dF max = 0.07672413793103448
dB max = 0.07672413793103448
hk max = 0.032806650028448216
hk min = 0.019157904568066063
hz max = 0.048906295005213984
hz min = 0.0178864189588909
lambdaF max = Inf
lambdaF min = 0.004177590819662044
lambdaB max = Inf
lambdaB min = 0.004177590819662044
----------------------------------
----------------------------------
Iteration = 23
Distance = 0.00552160983183736
v max = -1.2130536410197068
v min = -6.989118339007088
d max = 0.07672413793103448
d min = 0.07672413793103448
dF max = 0.07672413793103448
dB max = 0.07672413793103448
hk max = 0.03281061983713566
hk min = 0.01915827073448778
hz max = 0.04891531729768544
hz min = 0.017887251155303898
lambdaF max = Inf
lambdaF min = 0.004177590819662044
lambdaB max = Inf
lambdaB min = 0.004177590819662044
----------------------------------
----------------------------------
Iteration = 24
Distance = 0.004548796007105338
v max = -1.2171319089250903
v min = -6.993667135014193
d max = 0.07672413793103448
d min = 0.07672413793103448
dF max = 0.07672413793103448
dB max = 0.07672413793103448
hk max = 0.032813417185023064
hk min = 0.01915852663221459
hz max = 0.04892167490652045
hz min = 0.01788783274104664
lambdaF max = Inf
lambdaF min = 0.004177590819662044
lambdaB max = Inf
lambdaB min = 0.004177590819662044
----------------------------------
----------------------------------
Iteration = 25
Distance = 0.0037536378985150165
v max = -1.2205539878156317
v min = -6.997420772912708
d max = 0.07672413793103448
d min = 0.07672413793103448
dF max = 0.07672413793103448
dB max = 0.07672413793103448
hk max = 0.032815388367886986
hk min = 0.019158707283945017
hz max = 0.04892615486757482
hz min = 0.017888243313161255
lambdaF max = Inf
lambdaF min = 0.004177590819662044
lambdaB max = Inf
lambdaB min = 0.004177590819662044
----------------------------------
----------------------------------
Iteration = 26
Distance = 0.003101941644020556
v max = -1.2234222555819
v min = -7.000522714556729
d max = 0.07672413793103448
d min = 0.07672413793103448
dF max = 0.07672413793103448
dB max = 0.07672413793103448
hk max = 0.03281677739311112
hk min = 0.019158834153742033
hz max = 0.04892931174308421
hz min = 0.017888531653609013
lambdaF max = Inf
lambdaF min = 0.004177590819662044
lambdaB max = Inf
lambdaB min = 0.004177590819662044
----------------------------------
----------------------------------
Iteration = 27
Distance = 0.002566566872305387
v max = -1.2258241462155257
v min = -7.003089281429034
d max = 0.07672413793103448
d min = 0.07672413793103448
dF max = 0.07672413793103448
dB max = 0.07672413793103448
hk max = 0.03281775619668859
hk min = 0.019158923494232958
hz max = 0.04893153629666939
hz min = 0.017888734700179296
lambdaF max = Inf
lambdaF min = 0.004177590819662044
lambdaB max = Inf
lambdaB min = 0.004177590819662044
----------------------------------
----------------------------------
Iteration = 28
Distance = 0.00212585080730765
v max = -1.227833944794332
v min = -7.005215132236342
d max = 0.07672413793103448
d min = 0.07672413793103448
dF max = 0.07672413793103448
dB max = 0.07672413793103448
hk max = 0.03281844593238764
hk min = 0.019158986645344465
hz max = 0.04893310387780357
hz min = 0.017888878225432725
lambdaF max = Inf
lambdaF min = 0.004177590819662044
lambdaB max = Inf
lambdaB min = 0.004177590819662044
----------------------------------
----------------------------------
Iteration = 29
Distance = 0.0017624133918650031
v max = -1.2295145711767328
v min = -7.006977545628207
d max = 0.07672413793103448
d min = 0.07672413793103448
dF max = 0.07672413793103448
dB max = 0.07672413793103448
hk max = 0.03281893197152927
hk min = 0.019159030988905708
hz max = 0.04893420851221639
hz min = 0.017888979006253733
lambdaF max = Inf
lambdaF min = 0.004177590819662044
lambdaB max = Inf
lambdaB min = 0.004177590819662044
----------------------------------
----------------------------------
Iteration = 30
Distance = 0.0014622448956540524
v max = -1.2309191838590257
v min = -7.008439790523861
d max = 0.07672413793103448
d min = 0.07672413793103448
dF max = 0.07672413793103448
dB max = 0.07672413793103448
hk max = 0.03281927447177001
hk min = 0.01915906238090489
hz max = 0.04893498692185441
hz min = 0.017889050351706407
lambdaF max = Inf
lambdaF min = 0.004177590819662044
lambdaB max = Inf
lambdaB min = 0.004177590819662044
----------------------------------
----------------------------------
Iteration = 31
Distance = 0.0012140042783075344
v max = -1.2320925737012718
v min = -7.009653794802168
d max = 0.07672413793103448
d min = 0.07672413793103448
dF max = 0.07672413793103448
dB max = 0.07672413793103448
hk max = 0.03281951582404369
hk min = 0.01915908445358299
hz max = 0.048935535449749136
hz min = 0.017889100516883923
lambdaF max = Inf
lambdaF min = 0.004177590819662044
lambdaB max = Inf
lambdaB min = 0.004177590819662044
----------------------------------
----------------------------------
Iteration = 32
Distance = 0.0010084758304529373
v max = -1.2330724306769287
v min = -7.010662270632621
d max = 0.07672413793103448
d min = 0.07672413793103448
dF max = 0.07672413793103448
dB max = 0.07672413793103448
hk max = 0.03281968589987398
hk min = 0.019159100021583712
hz max = 0.048935921985727084
hz min = 0.017889135898703737
lambdaF max = Inf
lambdaF min = 0.004177590819662044
lambdaB max = Inf
lambdaB min = 0.004177590819662044
----------------------------------
----------------------------------
Iteration = 33
Distance = 0.0008381454959218715
v max = -1.2338904092459848
v min = -7.011500416128543
d max = 0.07672413793103448
d min = 0.07672413793103448
dF max = 0.07672413793103448
dB max = 0.07672413793103448
hk max = 0.03281980574885757
hk min = 0.019159111012181325
hz max = 0.048936194369780694
hz min = 0.017889160877334685
lambdaF max = Inf
lambdaF min = 0.004177590819662044
lambdaB max = Inf
lambdaB min = 0.004177590819662044
----------------------------------
----------------------------------
Iteration = 34
Distance = 0.0006968683233550266
v max = -1.2345730664150885
v min = -7.012197284451898
d max = 0.07672413793103448
d min = 0.07672413793103448
dF max = 0.07672413793103448
dB max = 0.07672413793103448
hk max = 0.032819890204088445
hk min = 0.019159118730656392
hz max = 0.04893638631348723
hz min = 0.017889178419323467
lambdaF max = Inf
lambdaF min = 0.004177590819662044
lambdaB max = Inf
lambdaB min = 0.004177590819662044
----------------------------------
----------------------------------
Iteration = 35
Distance = 0.0005796057976512614
v max = -1.2351426584697176
v min = -7.012776890249549
d max = 0.07672413793103448
d min = 0.07672413793103448
dF max = 0.07672413793103448
dB max = 0.07672413793103448
hk max = 0.032819949718080874
hk min = 0.019159124192614264
hz max = 0.04893652157256094
hz min = 0.01788919083286409
lambdaF max = Inf
lambdaF min = 0.004177590819662044
lambdaB max = Inf
lambdaB min = 0.004177590819662044
----------------------------------
----------------------------------
Iteration = 36
Distance = 0.0004822171346114956
v max = -1.2356178188796292
v min = -7.013259107384161
d max = 0.07672413793103448
d min = 0.07672413793103448
dF max = 0.07672413793103448
dB max = 0.07672413793103448
hk max = 0.03281999165648422
hk min = 0.019159128025821738
hz max = 0.04893661688711399
hz min = 0.017889199544699252
lambdaF max = Inf
lambdaF min = 0.004177590819662044
lambdaB max = Inf
lambdaB min = 0.004177590819662044
----------------------------------
----------------------------------
Iteration = 37
Distance = 0.00040129253647425145
v max = -1.2360141389701054
v min = -7.013660399920635
d max = 0.07672413793103448
d min = 0.07672413793103448
dF max = 0.07672413793103448
dB max = 0.07672413793103448
hk max = 0.03282002120971089
hk min = 0.01915913073396013
hz max = 0.04893668405353826
hz min = 0.017889205699559232
lambdaF max = Inf
lambdaF min = 0.004177590819662044
lambdaB max = Inf
lambdaB min = 0.004177590819662044
----------------------------------
----------------------------------
Iteration = 38
Distance = 0.00033401929510823436
v max = -1.236344654173861
v min = -7.013994419215743
d max = 0.07672413793103448
d min = 0.07672413793103448
dF max = 0.07672413793103448
dB max = 0.07672413793103448
hk max = 0.032820042035337206
hk min = 0.019159132640761238
hz max = 0.048936731384507146
hz min = 0.017889210033198114
lambdaF max = Inf
lambdaF min = 0.004177590819662044
lambdaB max = Inf
lambdaB min = 0.004177590819662044
----------------------------------
----------------------------------
Iteration = 39
Distance = 0.00027807377472743866
v max = -1.2366202587258732
v min = -7.014272492990471
d max = 0.07672413793103448
d min = 0.07672413793103448
dF max = 0.07672413793103448
dB max = 0.07672413793103448
hk max = 0.03282005671078457
hk min = 0.019159133982339878
hz max = 0.048936764737796616
hz min = 0.01788921308224048
lambdaF max = Inf
lambdaF min = 0.004177590819662044
lambdaB max = Inf
lambdaB min = 0.004177590819662044
----------------------------------
----------------------------------
Iteration = 40
Distance = 0.00023153390845909172
v max = -1.2368500526353214
v min = -7.01450402689893
d max = 0.07672413793103448
d min = 0.07672413793103448
dF max = 0.07672413793103448
dB max = 0.07672413793103448
hk max = 0.03282006705231291
hk min = 0.019159134930887903
hz max = 0.0489367882412701
hz min = 0.017889215238031442
lambdaF max = Inf
lambdaF min = 0.004177590819662044
lambdaB max = Inf
lambdaB min = 0.004177590819662044
----------------------------------
----------------------------------
Iteration = 41
Distance = 0.0001928080482178629
v max = -1.2370416344995552
v min = -7.014696834947148
d max = 0.07672413793103448
d min = 0.07672413793103448
dF max = 0.07672413793103448
dB max = 0.07672413793103448
hk max = 0.03282007433980572
hk min = 0.019159135596205884
hz max = 0.04893680480375377
hz min = 0.01788921675011777
lambdaF max = Inf
lambdaF min = 0.004177590819662044
lambdaB max = Inf
lambdaB min = 0.004177590819662044
----------------------------------
----------------------------------
Iteration = 42
Distance = 0.000160576919751243
v max = -1.2372013473898833
v min = -7.014857411866899
d max = 0.07672413793103448
d min = 0.07672413793103448
dF max = 0.07672413793103448
dB max = 0.07672413793103448
hk max = 0.03282007947517325
hk min = 0.019159136067330843
hz max = 0.048936816475043596
hz min = 0.01788921782085631
lambdaF max = Inf
lambdaF min = 0.004177590819662044
lambdaB max = Inf
lambdaB min = 0.004177590819662044
----------------------------------
----------------------------------
Iteration = 43
Distance = 0.00013374613051642115
v max = -1.2373344846214416
v min = -7.014991157997415
d max = 0.07672413793103448
d min = 0.07672413793103448
dF max = 0.07672413793103448
dB max = 0.07672413793103448
hk max = 0.032820083093975536
hk min = 0.01915913639795979
hz max = 0.04893682469959426
hz min = 0.01788921857228573
lambdaF max = Inf
lambdaF min = 0.004177590819662044
lambdaB max = Inf
lambdaB min = 0.004177590819662044
----------------------------------
----------------------------------
Iteration = 44
Distance = 0.00011140721202362869
v max = -1.2374454627747222
v min = -7.015102565209439
d max = 0.07672413793103448
d min = 0.07672413793103448
dF max = 0.07672413793103448
dB max = 0.07672413793103448
hk max = 0.032820085644084895
hk min = 0.019159136631522623
hz max = 0.04893683049529735
hz min = 0.017889219103110355
lambdaF max = Inf
lambdaF min = 0.004177590819662044
lambdaB max = Inf
lambdaB min = 0.004177590819662044
----------------------------------
----------------------------------
Iteration = 45
Distance = 9.280559135671496e-5
v max = -1.2375379660053727
v min = -7.015195370800796
d max = 0.07672413793103448
d min = 0.07672413793103448
dF max = 0.07672413793103448
dB max = 0.07672413793103448
hk max = 0.03282008744110254
hk min = 0.019159136796076334
hz max = 0.048936834579428344
hz min = 0.01788921947709606
lambdaF max = Inf
lambdaF min = 0.004177590819662044
lambdaB max = Inf
lambdaB min = 0.004177590819662044
----------------------------------
----------------------------------
Iteration = 46
Distance = 7.73142083678735e-5
v max = -1.2376150671489174
v min = -7.015272685009164
d max = 0.07672413793103448
d min = 0.07672413793103448
dF max = 0.07672413793103448
dB max = 0.07672413793103448
hk max = 0.032820088707428516
hk min = 0.019159136911778972
hz max = 0.04893683745744192
hz min = 0.017889219740056608
lambdaF max = Inf
lambdaF min = 0.004177590819662044
lambdaB max = Inf
lambdaB min = 0.004177590819662044
----------------------------------
----------------------------------
Iteration = 47
Distance = 6.441174650806403e-5
v max = -1.237679328754178
v min = -7.015337096755672
d max = 0.07672413793103448
d min = 0.07672413793103448
dF max = 0.07672413793103448
dB max = 0.07672413793103448
hk max = 0.032820089599786495
hk min = 0.019159136993668686
hz max = 0.04893683948552826
hz min = 0.017889219926169587
lambdaF max = Inf
lambdaF min = 0.004177590819662044
lambdaB max = Inf
lambdaB min = 0.004177590819662044
----------------------------------
----------------------------------
Iteration = 48
Distance = 5.366464461697973e-5
v max = -1.2377328875934694
v min = -7.015390761400289
d max = 0.07672413793103448
d min = 0.07672413793103448
dF max = 0.07672413793103448
dB max = 0.07672413793103448
hk max = 0.032820090228614957
hk min = 0.019159137051038763
hz max = 0.048936840914683845
hz min = 0.01788922005655613
lambdaF max = Inf
lambdaF min = 0.004177590819662044
lambdaB max = Inf
lambdaB min = 0.004177590819662044
----------------------------------
----------------------------------
Iteration = 49
Distance = 4.471221432389427e-5
v max = -1.2377775252527845
v min = -7.0154354736146125
d max = 0.07672413793103448
d min = 0.07672413793103448
dF max = 0.07672413793103448
dB max = 0.07672413793103448
hk max = 0.032820090671737495
hk min = 0.01915913709172479
hz max = 0.04893684192178052
hz min = 0.017889220149024374
lambdaF max = Inf
lambdaF min = 0.004177590819662044
lambdaB max = Inf
lambdaB min = 0.004177590819662044
----------------------------------
----------------------------------
Iteration = 50
Distance = 3.725431363221787e-5
v max = -1.2378147270255175
v min = -7.015472727928245
d max = 0.07672413793103448
d min = 0.07672413793103448
dF max = 0.07672413793103448
dB max = 0.07672413793103448
hk max = 0.03282009098399925
hk min = 0.019159137120229146
hz max = 0.04893684263146634
hz min = 0.017889220213807004
lambdaF max = Inf
lambdaF min = 0.004177590819662044
lambdaB max = Inf
lambdaB min = 0.004177590819662044
----------------------------------
----------------------------------
Iteration = 51
Distance = 3.104112842056139e-5
v max = -1.237845731131775
v min = -7.015503769056665
d max = 0.07672413793103448
d min = 0.07672413793103448
dF max = 0.07672413793103448
dB max = 0.07672413793103448
hk max = 0.03282009120404478
hk min = 0.01915913714039992
hz max = 0.048936843131569804
hz min = 0.017889220259649664
lambdaF max = Inf
lambdaF min = 0.004177590819662044
lambdaB max = Inf
lambdaB min = 0.004177590819662044
----------------------------------
----------------------------------
Iteration = 52
Distance = 2.586469460474916e-5
v max = -1.2378715697361258
v min = -7.01552963375127
d max = 0.07672413793103448
d min = 0.07672413793103448
dF max = 0.07672413793103448
dB max = 0.07672413793103448
hk max = 0.03282009135910845
hk min = 0.01915913715458979
hz max = 0.04893684348398722
hz min = 0.017889220291899367
lambdaF max = Inf
lambdaF min = 0.004177590819662044
lambdaB max = Inf
lambdaB min = 0.004177590819662044
----------------------------------
----------------------------------
Iteration = 53
Distance = 2.155185985142083e-5
v max = -1.2378931032113096
v min = -7.0155511856111215
d max = 0.07672413793103448
d min = 0.07672413793103448
dF max = 0.07672413793103448
dB max = 0.07672413793103448
hk max = 0.03282009146837796
hk min = 0.01915913716457622
hz max = 0.048936843732327026
hz min = 0.017889220314595805
lambdaF max = Inf
lambdaF min = 0.004177590819662044
lambdaB max = Inf
lambdaB min = 0.004177590819662044
----------------------------------
----------------------------------
Iteration = 54
Distance = 1.7958436974829795e-5
v max = -1.2379110486928468
v min = -7.015569144048096
d max = 0.07672413793103448
d min = 0.07672413793103448
dF max = 0.07672413793103448
dB max = 0.07672413793103448
hk max = 0.03282009154537942
hk min = 0.019159137171643758
hz max = 0.048936843907330344
hz min = 0.01788922033065839
lambdaF max = Inf
lambdaF min = 0.004177590819662044
lambdaB max = Inf
lambdaB min = 0.004177590819662044
----------------------------------
----------------------------------
Iteration = 55
Distance = 1.4964345013801506e-5
v max = -1.2379260039082034
v min = -7.01558410839311
d max = 0.07672413793103448
d min = 0.07672413793103448
dF max = 0.07672413793103448
dB max = 0.07672413793103448
hk max = 0.0328200915996401
hk min = 0.01915913717659004
hz max = 0.048936844030650066
hz min = 0.01788922034189994
lambdaF max = Inf
lambdaF min = 0.004177590819662044
lambdaB max = Inf
lambdaB min = 0.004177590819662044
----------------------------------
----------------------------------
Iteration = 56
Distance = 1.2469569340645137e-5
v max = -1.2379384670443745
v min = -7.015596577962451
d max = 0.07672413793103448
d min = 0.07672413793103448
dF max = 0.07672413793103448
dB max = 0.07672413793103448
hk max = 0.03282009163787587
hk min = 0.01915913718010543
hz max = 0.048936844117549554
hz min = 0.017889220349889462
lambdaF max = Inf
lambdaF min = 0.004177590819662044
lambdaB max = Inf
lambdaB min = 0.004177590819662044
----------------------------------
----------------------------------
Iteration = 57
Distance = 1.0390801704396324e-5
v max = -1.2379488533124081
v min = -7.015606968764155
d max = 0.07672413793103448
d min = 0.07672413793103448
dF max = 0.07672413793103448
dB max = 0.07672413793103448
hk max = 0.03282009166481986
hk min = 0.019159137182560536
hz max = 0.048936844178785896
hz min = 0.017889220355469252
lambdaF max = Inf
lambdaF min = 0.004177590819662044
lambdaB max = Inf
lambdaB min = 0.004177590819662044
----------------------------------
----------------------------------
Iteration = 58
Distance = 8.658644797598924e-6
v max = -1.2379575087626935
v min = -7.015615627408953
d max = 0.07672413793103448
d min = 0.07672413793103448
dF max = 0.07672413793103448
dB max = 0.07672413793103448
hk max = 0.03282009168380689
hk min = 0.019159137184304245
hz max = 0.04893684422193824
hz min = 0.01788922035943222
lambdaF max = Inf
lambdaF min = 0.004177590819662044
lambdaB max = Inf
lambdaB min = 0.004177590819662044
----------------------------------
    Value Function Converged, Iteration = 58 with gamma=6.0 with rho=1.0 and v=-2.916314660398683
    Natural boundary condition
=============================================================
Convegence time (minutes): 0.11590342973333333
Current Time = 22:23:51
grid points for z:  401
grid size for z:  0.025
-0.3436557699234297
-0.5848778608729621
--- 8.360761880874634 seconds for the elasticity computation ---
-0.010159447359907658
-0.10079408388607651
--- 0.06494426727294922 seconds for the elasticity computation ---
-0.23591046970879012
-0.48408377698688565
--- 0.06731796264648438 seconds for the elasticity computation ---
-0.4234154834205706
-0.5905218009860391
--- 0.0632016658782959 seconds for the elasticity computation ---
Current Time = 22:24:03
grid points for z:  401
grid size for z:  0.025
rho = 1
0.05975971349714089
--- 8.50126838684082 seconds for the elasticity computation ---
0.0
--- 0.0693509578704834 seconds for the elasticity computation ---
0.05975971349714089
--- 0.0688483715057373 seconds for the elasticity computation ---
0.0
--- 0.06873631477355957 seconds for the elasticity computation ---
0.0
--- 0.06723928451538086 seconds for the elasticity computation ---
0.05975971349714089
0.005643940113077034
--- 0.06684708595275879 seconds for the elasticity computation ---
0.05975971349714089
0.005643940113077034
--- 0.0668482780456543 seconds for the elasticity computation ---
0.05975971349714089
0.005643940113077034
--- 0.06684041023254395 seconds for the elasticity computation ---
0.05975971349714089
0.005643940113077034
--- 0.06674337387084961 seconds for the elasticity computation ---
parsed_args = parse_commandline() = Dict{String, Any}("dataname" => "lower_triangular_two_ambiguous_parameters", "clowerlim" => 0.0001, "delta" => 0.02, "boundary" => 0, "Delta" => 10.0, "q" => 0.1, "zmax" => 5.0, "logadjustment" => 1, "zscale" => 2.0, "foc" => 1, "distorted" => 0, "rho" => 1.0, "gamma" => 6.0)
=============================================================
./output/lower_triangular_two_ambiguous_parameters/Delta_10.0_distorted_0/logadjustment_1_boundary_0/zmax_5.0_zscale_2.0/delta_0.02/q_0.1_gamma_6.0_rho_1.0/
=============================================================
solve for structured linear system 
structured_relative_entropy = 0.1024832310967185
=============================================================
solve for unstructured linear system 
q_update = 0.29124614162631085
=============================================================
parsed_args = parse_commandline() = Dict{String, Any}("dataname" => "lower_triangular_two_ambiguous_parameters", "clowerlim" => 0.0001, "delta" => 0.02, "boundary" => 0, "Delta" => 10.0, "q" => 0.1, "zmax" => 5.0, "logadjustment" => 1, "zscale" => 2.0, "foc" => 1, "distorted" => 0, "rho" => 1.0, "gamma" => 6.0)
=============================================================
./output/lower_triangular_two_ambiguous_parameters/Delta_10.0_distorted_0/logadjustment_1_boundary_0/zmax_5.0_zscale_2.0/delta_0.02/q_0.1_gamma_6.0_rho_1.0/
=============================================================
solve for structured linear system 
structured_relative_entropy = 0.10248323109671849
=============================================================
solve for unstructured linear system 
q_update = 0.29124614162631085
=============================================================
Program ends Fri Jan 19 22:24:44 CST 2024
Elapsed time: 0 days 00 hr 01 min 23 sec
