D_10.0_distorted_0_boundary_0_delta_0.015_gamma_5.0_q_0.1_rho_1.0_lower_triangular_two_ambiguous_parameters
Program starts Fri Jan 19 22:23:14 CST 2024
parsed_args = parse_commandline() = Dict{String, Any}("dataname" => "lower_triangular_two_ambiguous_parameters", "clowerlim" => 0.0001, "delta" => 0.015, "boundary" => 0, "Delta" => 10.0, "q" => 0.1, "zmax" => 5.0, "logadjustment" => 1, "zscale" => 2.0, "foc" => 1, "distorted" => 0, "rho" => 1.0, "gamma" => 5.0)
=============================================================
logadjustment: true
reflective_boundary: false
0.1002
sigma_k: [0.011287880226154068, 0.0]
sigma_z: [0.026030751045638307, 0.05916079783099616]
Compute value function WITH ROBUSTNESS
computing undistorted version...
zmax = 5.0, zmin = -5.0, zlength = 401
natural boundary condition
----------------------------------
Iteration = 1
Distance = 1.2284220385472682
v max = -0.8892407519975554
v min = -3.228422038547268
d max = 0.07607142857142857
d min = 0.07607142857142857
dF max = 0.07607142857142857
dB max = 0.07607142857142857
hk max = 0.011287880226154068
hk min = 0.011287880226154068
hz max = 0.0
hz min = 0.0
lambdaF max = Inf
lambdaF min = 0.004177590819662044
lambdaB max = Inf
lambdaB min = 0.004177590819662044
----------------------------------
----------------------------------
Iteration = 2
Distance = 1.042399982035557
v max = -0.7416243379797051
v min = -4.270822020582825
d max = 0.07607142857142857
d min = 0.07607142857142857
dF max = 0.07607142857142857
dB max = 0.07607142857142857
hk max = 0.017376944798234765
hk min = 0.01737694479823199
hz max = 0.01383878311836522
hz min = 0.013838783118358917
lambdaF max = Inf
lambdaF min = 0.004177590819662044
lambdaB max = Inf
lambdaB min = 0.004177590819662044
----------------------------------
----------------------------------
Iteration = 3
Distance = 0.7488776238090695
v max = -0.6902974761653843
v min = -5.019699644391895
d max = 0.07607142857142857
d min = 0.07607142857142857
dF max = 0.07607142857142857
dB max = 0.07607142857142857
hk max = 0.022504078315654902
hk min = 0.018445215389990523
hz max = 0.02549135929432008
hz min = 0.016266670826901038
lambdaF max = Inf
lambdaF min = 0.004177590819662044
lambdaB max = Inf
lambdaB min = 0.004177590819662044
----------------------------------
----------------------------------
Iteration = 4
Distance = 0.5490545381151248
v max = -0.6992332817098624
v min = -5.5687541825070195
d max = 0.07607142857142857
d min = 0.07607142857142857
dF max = 0.07607142857142857
dB max = 0.07607142857142857
hk max = 0.026081728551027895
hk min = 0.01898574807425367
hz max = 0.03362238255653143
hz min = 0.01749515420022637
lambdaF max = Inf
lambdaF min = 0.004177590819662044
lambdaB max = Inf
lambdaB min = 0.004177590819662044
----------------------------------
----------------------------------
Iteration = 5
Distance = 0.4130131439093141
v max = -0.7284001958021373
v min = -5.981767326416334
d max = 0.07607142857142857
d min = 0.07607142857142857
dF max = 0.07607142857142857
dB max = 0.07607142857142857
hk max = 0.028601212063129433
hk min = 0.019192871476094574
hz max = 0.03934848144767129
hz min = 0.017965889204410244
lambdaF max = Inf
lambdaF min = 0.004177590819662044
lambdaB max = Inf
lambdaB min = 0.004177590819662044
----------------------------------
----------------------------------
Iteration = 6
Distance = 0.3154039000166948
v max = -0.7653255534969234
v min = -6.297171226433028
d max = 0.07607142857142857
d min = 0.07607142857142857
dF max = 0.07607142857142857
dB max = 0.07607142857142857
hk max = 0.03040598491308988
hk min = 0.01928778154519186
hz max = 0.043450237924854127
hz min = 0.018181593906904082
lambdaF max = Inf
lambdaF min = 0.004177590819662044
lambdaB max = Inf
lambdaB min = 0.004177590819662044
----------------------------------
----------------------------------
Iteration = 7
Distance = 0.2436765313736915
v max = -0.8055217951971725
v min = -6.54084775780672
d max = 0.07607142857142857
d min = 0.07607142857142857
dF max = 0.07607142857142857
dB max = 0.07607142857142857
hk max = 0.031707032945942015
hk min = 0.0193461081922782
hz max = 0.04640716527224533
hz min = 0.01831415446846394
lambdaF max = Inf
lambdaF min = 0.004177590819662044
lambdaB max = Inf
lambdaB min = 0.004177590819662044
----------------------------------
----------------------------------
Iteration = 8
Distance = 0.1902004883839874
v max = -0.8466400318296103
v min = -6.731048246190707
d max = 0.07607142857142857
d min = 0.07607142857142857
dF max = 0.07607142857142857
dB max = 0.07607142857142857
hk max = 0.032647665601148665
hk min = 0.0193899216015761
hz max = 0.048544966761351366
hz min = 0.018413730398686445
lambdaF max = Inf
lambdaF min = 0.004177590819662044
lambdaB max = Inf
lambdaB min = 0.004177590819662044
----------------------------------
----------------------------------
Iteration = 9
Distance = 0.14988515882648024
v max = -0.8870365157077124
v min = -6.8809334050171875
d max = 0.07607142857142857
d min = 0.07607142857142857
dF max = 0.07607142857142857
dB max = 0.07607142857142857
hk max = 0.033328809814838434
hk min = 0.019422824918764212
hz max = 0.05009302179246448
hz min = 0.01848851066502306
lambdaF max = Inf
lambdaF min = 0.004177590819662044
lambdaB max = Inf
lambdaB min = 0.004177590819662044
----------------------------------
----------------------------------
Iteration = 10
Distance = 0.11919421797073682
v max = -0.9257573729224169
v min = -7.000127622987924
d max = 0.07607142857142857
d min = 0.07607142857142857
dF max = 0.07607142857142857
dB max = 0.07607142857142857
hk max = 0.03382253680871701
hk min = 0.019447634917718552
hz max = 0.05121512859673397
hz min = 0.01854489702628293
lambdaF max = Inf
lambdaF min = 0.004177590819662044
lambdaB max = Inf
lambdaB min = 0.004177590819662044
----------------------------------
----------------------------------
Iteration = 11
Distance = 0.09561614646654171
v max = -0.962279584061452
v min = -7.095743769454466
d max = 0.07607142857142857
d min = 0.07607142857142857
dF max = 0.07607142857142857
dB max = 0.07607142857142857
hk max = 0.03418065140135894
hk min = 0.0194673190701372
hz max = 0.05202902539819291
hz min = 0.0185896337363253
lambdaF max = Inf
lambdaF min = 0.004177590819662044
lambdaB max = Inf
lambdaB min = 0.004177590819662044
----------------------------------
----------------------------------
Iteration = 12
Distance = 0.0773416739300039
v max = -0.9962645177218962
v min = -7.17308544338447
d max = 0.07607142857142857
d min = 0.07607142857142857
dF max = 0.07607142857142857
dB max = 0.07607142857142857
hk max = 0.03444052452095844
hk min = 0.019482848738759537
hz max = 0.0526196461245554
hz min = 0.0186249284377397
lambdaF max = Inf
lambdaF min = 0.004177590819662044
lambdaB max = Inf
lambdaB min = 0.004177590819662044
----------------------------------
----------------------------------
Iteration = 13
Distance = 0.06305389124586025
v max = -1.0275437168161508
v min = -7.23613933463033
d max = 0.07607142857142857
d min = 0.07607142857142857
dF max = 0.07607142857142857
dB max = 0.07607142857142857
hk max = 0.03462917273792386
hk min = 0.01949485294201731
hz max = 0.05304839207220409
hz min = 0.018652210717871008
lambdaF max = Inf
lambdaF min = 0.004177590819662044
lambdaB max = Inf
lambdaB min = 0.004177590819662044
----------------------------------
----------------------------------
Iteration = 14
Distance = 0.051786323844281945
v max = -1.0560812952926175
v min = -7.287925658474612
d max = 0.07607142857142857
d min = 0.07607142857142857
dF max = 0.07607142857142857
dB max = 0.07607142857142857
hk max = 0.034766154136778596
hk min = 0.019504215428872325
hz max = 0.053359713433237574
hz min = 0.01867348909708695
lambdaF max = Inf
lambdaF min = 0.004177590819662044
lambdaB max = Inf
lambdaB min = 0.004177590819662044
----------------------------------
----------------------------------
Iteration = 15
Distance = 0.042824596189616315
v max = -1.081916601881675
v min = -7.3307502546642285
d max = 0.07607142857142857
d min = 0.07607142857142857
dF max = 0.07607142857142857
dB max = 0.07607142857142857
hk max = 0.0348656406773513
hk min = 0.019511415529643007
hz max = 0.053585819207266454
hz min = 0.01868985296247487
lambdaF max = Inf
lambdaF min = 0.004177590819662044
lambdaB max = Inf
lambdaB min = 0.004177590819662044
----------------------------------
----------------------------------
Iteration = 16
Distance = 0.03563717289546808
v max = -1.1051532402421185
v min = -7.3663874275596966
d max = 0.07607142857142857
d min = 0.07607142857142857
dF max = 0.07607142857142857
dB max = 0.07607142857142857
hk max = 0.03493790833769941
hk min = 0.019516862830901354
hz max = 0.05375006388987578
hz min = 0.01870223319260747
lambdaF max = Inf
lambdaF min = 0.004177590819662044
lambdaB max = Inf
lambdaB min = 0.004177590819662044
----------------------------------
----------------------------------
Iteration = 17
Distance = 0.029826009565301348
v max = -1.1259385044543997
v min = -7.396213437124998
d max = 0.07607142857142857
d min = 0.07607142857142857
dF max = 0.07607142857142857
dB max = 0.07607142857142857
hk max = 0.03499041182288743
hk min = 0.01952098565471455
hz max = 0.05386938999257584
hz min = 0.01871160324672837
lambdaF max = Inf
lambdaF min = 0.004177590819662044
lambdaB max = Inf
lambdaB min = 0.004177590819662044
----------------------------------
----------------------------------
Iteration = 18
Distance = 0.02509108659089243
v max = -1.1444430865621877
v min = -7.42130452371589
d max = 0.07607142857142857
d min = 0.07607142857142857
dF max = 0.07607142857142857
dB max = 0.07607142857142857
hk max = 0.03502856118466043
hk min = 0.01952406121580173
hz max = 0.05395609308751447
hz min = 0.018718593158290144
lambdaF max = Inf
lambdaF min = 0.004177590819662044
lambdaB max = Inf
lambdaB min = 0.004177590819662044
----------------------------------
----------------------------------
Iteration = 19
Distance = 0.021204750023102292
v max = -1.1608525574426563
v min = -7.442509273738993
d max = 0.07607142857142857
d min = 0.07607142857142857
dF max = 0.07607142857142857
dB max = 0.07607142857142857
hk max = 0.03505628378875118
hk min = 0.019526339606427384
hz max = 0.05401909900590255
hz min = 0.018723771318802995
lambdaF max = Inf
lambdaF min = 0.004177590819662044
lambdaB max = Inf
lambdaB min = 0.004177590819662044
----------------------------------
----------------------------------
Iteration = 20
Distance = 0.017993046570634164
v max = -1.175356102649821
v min = -7.460502320309627
d max = 0.07607142857142857
d min = 0.07607142857142857
dF max = 0.07607142857142857
dB max = 0.07607142857142857
hk max = 0.03507643134720077
hk min = 0.019528025198654937
hz max = 0.05406488891146978
hz min = 0.018727602210229254
lambdaF max = Inf
lambdaF min = 0.004177590819662044
lambdaB max = Inf
lambdaB min = 0.004177590819662044
----------------------------------
----------------------------------
Iteration = 21
Distance = 0.015322082548245852
v max = -1.1881395044356085
v min = -7.475824402857873
d max = 0.07607142857142857
d min = 0.07607142857142857
dF max = 0.07607142857142857
dB max = 0.07607142857142857
hk max = 0.03509107493809947
hk min = 0.01952925942383342
hz max = 0.05409816979987592
hz min = 0.018730407267453078
lambdaF max = Inf
lambdaF min = 0.004177590819662044
lambdaB max = Inf
lambdaB min = 0.004177590819662044
----------------------------------
----------------------------------
Iteration = 22
Distance = 0.013088011794779142
v max = -1.199381064160383
v min = -7.488912414652652
d max = 0.07607142857142857
d min = 0.07607142857142857
dF max = 0.07607142857142857
dB max = 0.07607142857142857
hk max = 0.03510171895113538
hk min = 0.019530163887400566
hz max = 0.0541223607385939
hz min = 0.018732462866469315
lambdaF max = Inf
lambdaF min = 0.004177590819662044
lambdaB max = Inf
lambdaB min = 0.004177590819662044
----------------------------------
----------------------------------
Iteration = 23
Distance = 0.011209656809988644
v max = -1.209247840371936
v min = -7.50012207146264
d max = 0.07607142857142857
d min = 0.07607142857142857
dF max = 0.07607142857142857
dB max = 0.07607142857142857
hk max = 0.035109456302757865
hk min = 0.019530824372593784
hz max = 0.054139945628645
hz min = 0.018733963969181176
lambdaF max = Inf
lambdaF min = 0.004177590819662044
lambdaB max = Inf
lambdaB min = 0.004177590819662044
----------------------------------
----------------------------------
Iteration = 24
Distance = 0.009623047943536633
v max = -1.2178942996531636
v min = -7.509745119406177
d max = 0.07607142857142857
d min = 0.07607142857142857
dF max = 0.07607142857142857
dB max = 0.07607142857142857
hk max = 0.035115081080108496
hk min = 0.019531304950091283
hz max = 0.054152729213532806
hz min = 0.018735056190766403
lambdaF max = Inf
lambdaF min = 0.004177590819662044
lambdaB max = Inf
lambdaB min = 0.004177590819662044
----------------------------------
----------------------------------
Iteration = 25
Distance = 0.00827736452800476
v max = -1.2254614880293901
v min = -7.518022483934182
d max = 0.07607142857142857
d min = 0.07607142857142857
dF max = 0.07607142857142857
dB max = 0.07607142857142857
hk max = 0.03511917031178888
hk min = 0.019531655558334797
hz max = 0.0541620229218973
hz min = 0.018735853027683477
lambdaF max = Inf
lambdaF min = 0.004177590819662044
lambdaB max = Inf
lambdaB min = 0.004177590819662044
----------------------------------
----------------------------------
Iteration = 26
Distance = 0.007131904070927675
v max = -1.232076925477138
v min = -7.5251543880051095
d max = 0.07607142857142857
d min = 0.07607142857142857
dF max = 0.07607142857142857
dB max = 0.07607142857142857
hk max = 0.035122143340419965
hk min = 0.019531910192925488
hz max = 0.05416877980514977
hz min = 0.018736431742662325
lambdaF max = Inf
lambdaF min = 0.004177590819662044
lambdaB max = Inf
lambdaB min = 0.004177590819662044
----------------------------------
----------------------------------
Iteration = 27
Distance = 0.006153807781790199
v max = -1.2378551494663368
v min = -7.5313081957869
d max = 0.07607142857142857
d min = 0.07607142857142857
dF max = 0.07607142857142857
dB max = 0.07607142857142857
hk max = 0.035124304940431145
hk min = 0.019532095543864633
hz max = 0.05417369253244792
hz min = 0.018736852994796747
lambdaF max = Inf
lambdaF min = 0.004177590819662044
lambdaB max = Inf
lambdaB min = 0.004177590819662044
----------------------------------
----------------------------------
Iteration = 28
Distance = 0.005316344402370277
v max = -1.2428983491905812
v min = -7.53662454018927
d max = 0.07607142857142857
d min = 0.07607142857142857
dF max = 0.07607142857142857
dB max = 0.07607142857142857
hk max = 0.03512587663639534
hk min = 0.019532230356567166
hz max = 0.05417726456873018
hz min = 0.0187371593873025
lambdaF max = Inf
lambdaF min = 0.004177590819662044
lambdaB max = Inf
lambdaB min = 0.004177590819662044
----------------------------------
----------------------------------
Iteration = 29
Distance = 0.0045976076385843
v max = -1.2472973082869883
v min = -7.541222147827854
d max = 0.07607142857142857
d min = 0.07607142857142857
dF max = 0.07607142857142857
dB max = 0.07607142857142857
hk max = 0.03512701945417266
hk min = 0.019532328276054046
hz max = 0.05417986188186044
hz min = 0.01873738193159086
lambdaF max = Inf
lambdaF min = 0.004177590819662044
lambdaB max = Inf
lambdaB min = 0.004177590819662044
----------------------------------
----------------------------------
Iteration = 30
Distance = 0.003979521193789637
v max = -1.2511323585963257
v min = -7.545201669021644
d max = 0.07607142857142857
d min = 0.07607142857142857
dF max = 0.07607142857142857
dB max = 0.07607142857142857
hk max = 0.03512785045056867
hk min = 0.019532399589736966
hz max = 0.05418175051003319
hz min = 0.018737544008142953
lambdaF max = Inf
lambdaF min = 0.004177590819662044
lambdaB max = Inf
lambdaB min = 0.004177590819662044
----------------------------------
----------------------------------
Iteration = 31
Distance = 0.003447073550701063
v max = -1.254474358239308
v min = -7.548648742572345
d max = 0.07607142857142857
d min = 0.07607142857142857
dF max = 0.07607142857142857
dB max = 0.07607142857142857
hk max = 0.035128454724144456
hk min = 0.01953245137002846
hz max = 0.054183123859069086
hz min = 0.018737661690623623
lambdaF max = Inf
lambdaF min = 0.004177590819662044
lambdaB max = Inf
lambdaB min = 0.004177590819662044
----------------------------------
----------------------------------
Iteration = 32
Distance = 0.0029877251678485095
v max = -1.2573856643951693
v min = -7.5516364677401935
d max = 0.07607142857142857
d min = 0.07607142857142857
dF max = 0.07607142857142857
dB max = 0.07607142857142857
hk max = 0.03512889414343663
hk min = 0.019532489065696008
hz max = 0.054184122539278574
hz min = 0.01873774736259532
lambdaF max = Inf
lambdaF min = 0.004177590819662044
lambdaB max = Inf
lambdaB min = 0.004177590819662044
----------------------------------
----------------------------------
Iteration = 33
Distance = 0.0025909457395769664
v max = -1.259921029332091
v min = -7.5542274134797704
d max = 0.07607142857142857
d min = 0.07607142857142857
dF max = 0.07607142857142857
dB max = 0.07607142857142857
hk max = 0.03512921369030067
hk min = 0.019532516471164753
hz max = 0.05418484878215137
hz min = 0.018737809647751555
lambdaF max = Inf
lambdaF min = 0.004177590819662044
lambdaB max = Inf
lambdaB min = 0.004177590819662044
----------------------------------
----------------------------------
Iteration = 34
Distance = 0.002247850134689422
v max = -1.2621284549370952
v min = -7.55647526361446
d max = 0.07607142857142857
d min = 0.07607142857142857
dF max = 0.07607142857142857
dB max = 0.07607142857142857
hk max = 0.03512944607038154
hk min = 0.01953253639526347
hz max = 0.05418537691869881
hz min = 0.0187378549297941
lambdaF max = Inf
lambdaF min = 0.004177590819662044
lambdaB max = Inf
lambdaB min = 0.004177590819662044
----------------------------------
----------------------------------
Iteration = 35
Distance = 0.0019509096694463324
v max = -1.2640499631364328
v min = -7.558426173283906
d max = 0.07607142857142857
d min = 0.07607142857142857
dF max = 0.07607142857142857
dB max = 0.07607142857142857
hk max = 0.035129615064357175
hk min = 0.019532550900720008
hz max = 0.05418576099591617
hz min = 0.018737887896740777
lambdaF max = Inf
lambdaF min = 0.004177590819662044
lambdaB max = Inf
lambdaB min = 0.004177590819662044
----------------------------------
----------------------------------
Iteration = 36
Distance = 0.001693721280679128
v max = -1.2657222998547561
v min = -7.560119894564585
d max = 0.07607142857142857
d min = 0.07607142857142857
dF max = 0.07607142857142857
dB max = 0.07607142857142857
hk max = 0.035129737964022044
hk min = 0.019532561437540723
hz max = 0.05418604031333632
hz min = 0.01873791184406058
lambdaF max = Inf
lambdaF min = 0.004177590819662044
lambdaB max = Inf
lambdaB min = 0.004177590819662044
----------------------------------
----------------------------------
Iteration = 37
Distance = 0.0014708215188106166
v max = -1.267177568003277
v min = -7.561590716083396
d max = 0.07607142857142857
d min = 0.07607142857142857
dF max = 0.07607142857142857
dB max = 0.07607142857142857
hk max = 0.0351298273432449
hk min = 0.019532569111306658
hz max = 0.05418624344793371
hz min = 0.018737929284437703
lambdaF max = Inf
lambdaF min = 0.004177590819662044
lambdaB max = Inf
lambdaB min = 0.004177590819662044
----------------------------------
----------------------------------
Iteration = 38
Distance = 0.0012775354974579045
v max = -1.2684437909383555
v min = -7.562868251580854
d max = 0.07607142857142857
d min = 0.07607142857142857
dF max = 0.07607142857142857
dB max = 0.07607142857142857
hk max = 0.03512989234546525
hk min = 0.019532574687428306
hz max = 0.0541863911802527
hz min = 0.018737941957441454
lambdaF max = Inf
lambdaF min = 0.004177590819662044
lambdaB max = Inf
lambdaB min = 0.004177590819662044
----------------------------------
----------------------------------
Iteration = 39
Distance = 0.0011098533202931193
v max = -1.2695454163672422
v min = -7.563978104901147
d max = 0.07607142857142857
d min = 0.07607142857142857
dF max = 0.07607142857142857
dB max = 0.07607142857142857
hk max = 0.03512993961974806
hk min = 0.019532578745241946
hz max = 0.054186498621804524
hz min = 0.018737951179745176
lambdaF max = Inf
lambdaF min = 0.004177590819662044
lambdaB max = Inf
lambdaB min = 0.004177590819662044
----------------------------------
----------------------------------
Iteration = 40
Distance = 0.0009643282790889884
v max = -1.2705037601927884
v min = -7.564942433180236
d max = 0.07607142857142857
d min = 0.07607142857142857
dF max = 0.07607142857142857
dB max = 0.07607142857142857
hk max = 0.03512997400136479
hk min = 0.01953258169702786
hz max = 0.054186576761842555
hz min = 0.018737957888349532
lambdaF max = Inf
lambdaF min = 0.004177590819662044
lambdaB max = Inf
lambdaB min = 0.004177590819662044
----------------------------------
----------------------------------
Iteration = 41
Distance = 0.000837992440069435
v max = -1.2713373999398123
v min = -7.565780425620305
d max = 0.07607142857142857
d min = 0.07607142857142857
dF max = 0.07607142857142857
dB max = 0.07607142857142857
hk max = 0.035129999006647344
hk min = 0.019532583842706848
hz max = 0.05418663359203018
hz min = 0.018737962764892688
lambdaF max = Inf
lambdaF min = 0.004177590819662044
lambdaB max = Inf
lambdaB min = 0.004177590819662044
----------------------------------
----------------------------------
Iteration = 42
Distance = 0.0007282862294548664
v max = -1.2720625203136426
v min = -7.56650871184976
d max = 0.07607142857142857
d min = 0.07607142857142857
dF max = 0.07607142857142857
dB max = 0.07607142857142857
hk max = 0.03513001719280383
hk min = 0.019532585404977217
hz max = 0.054186674924204016
hz min = 0.01873796631550716
lambdaF max = Inf
lambdaF min = 0.004177590819662044
lambdaB max = Inf
lambdaB min = 0.004177590819662044
----------------------------------
----------------------------------
Iteration = 43
Distance = 0.000632999376289689
v max = -1.272693217028742
v min = -7.56714171122605
d max = 0.07607142857142857
d min = 0.07607142857142857
dF max = 0.07607142857142857
dB max = 0.07607142857142857
hk max = 0.03513003041955875
hk min = 0.01953258653996337
hz max = 0.054186704985010645
hz min = 0.018737968895021148
lambdaF max = Inf
lambdaF min = 0.004177590819662044
lambdaB max = Inf
lambdaB min = 0.004177590819662044
----------------------------------
----------------------------------
Iteration = 44
Distance = 0.000550221138675866
v max = -1.2732417633730377
v min = -7.567691932364726
d max = 0.07607142857142857
d min = 0.07607142857142857
dF max = 0.07607142857142857
dB max = 0.07607142857142857
hk max = 0.03513004003941815
hk min = 0.019532587366445912
hz max = 0.05418672684832746
hz min = 0.01873797077339056
lambdaF max = Inf
lambdaF min = 0.004177590819662044
lambdaB max = Inf
lambdaB min = 0.004177590819662044
----------------------------------
----------------------------------
Iteration = 45
Distance = 0.00047829817118305584
v max = -1.273718843388772
v min = -7.568170230535909
d max = 0.07607142857142857
d min = 0.07607142857142857
dF max = 0.07607142857142857
dB max = 0.07607142857142857
hk max = 0.035130047036013884
hk min = 0.01953258796707335
hz max = 0.05418674274968141
hz min = 0.01873797213845291
lambdaF max = Inf
lambdaF min = 0.004177590819662044
lambdaB max = Inf
lambdaB min = 0.004177590819662044
----------------------------------
----------------------------------
Iteration = 46
Distance = 0.00041579872348673774
v max = -1.2741337561084551
v min = -7.568586029259396
d max = 0.07607142857142857
d min = 0.07607142857142857
dF max = 0.07607142857142857
dB max = 0.07607142857142857
hk max = 0.035130052124717946
hk min = 0.01953258840414262
hz max = 0.054186754314917915
hz min = 0.018737973131792162
lambdaF max = Inf
lambdaF min = 0.004177590819662044
lambdaB max = Inf
lambdaB min = 0.004177590819662044
----------------------------------
----------------------------------
Iteration = 47
Distance = 0.0003614821163022697
v max = -1.274494593794928
v min = -7.568947511375698
d max = 0.07607142857142857
d min = 0.07607142857142857
dF max = 0.07607142857142857
dB max = 0.07607142857142857
hk max = 0.03513005582580599
hk min = 0.0195325887220616
hz max = 0.05418676272648166
hz min = 0.018737973854335305
lambdaF max = Inf
lambdaF min = 0.004177590819662044
lambdaB max = Inf
lambdaB min = 0.004177590819662044
----------------------------------
----------------------------------
Iteration = 48
Distance = 0.00031427264076899775
v max = -1.274808397716951
v min = -7.569261784016467
d max = 0.07607142857142857
d min = 0.07607142857142857
dF max = 0.07607142857142857
dB max = 0.07607142857142857
hk max = 0.0351300585176758
hk min = 0.019532588953179962
hz max = 0.05418676884436758
hz min = 0.01873797437960431
lambdaF max = Inf
lambdaF min = 0.004177590819662044
lambdaB max = Inf
lambdaB min = 0.004177590819662044
----------------------------------
----------------------------------
Iteration = 49
Distance = 0.0002732371834843761
v max = -1.2750812939828524
v min = -7.569535021199951
d max = 0.07607142857142857
d min = 0.07607142857142857
dF max = 0.07607142857142857
dB max = 0.07607142857142857
hk max = 0.035130060475527844
hk min = 0.019532589121442113
hz max = 0.054186773294031314
hz min = 0.01873797476201829
lambdaF max = Inf
lambdaF min = 0.004177590819662044
lambdaB max = Inf
lambdaB min = 0.004177590819662044
----------------------------------
----------------------------------
Iteration = 50
Distance = 0.00023756600384761128
v max = -1.2753186120217979
v min = -7.569772587203799
d max = 0.07607142857142857
d min = 0.07607142857142857
dF max = 0.07607142857142857
dB max = 0.07607142857142857
hk max = 0.03513006189951801
hk min = 0.019532589243681918
hz max = 0.054186776530372606
hz min = 0.01873797503983603
lambdaF max = Inf
lambdaF min = 0.004177590819662044
lambdaB max = Inf
lambdaB min = 0.004177590819662044
----------------------------------
----------------------------------
Iteration = 51
Distance = 0.00020655618864484637
v max = -1.2755249878568315
v min = -7.569979143392444
d max = 0.07607142857142857
d min = 0.07607142857142857
dF max = 0.07607142857142857
dB max = 0.07607142857142857
hk max = 0.035130062935223395
hk min = 0.019532589332707604
hz max = 0.05418677888424848
hz min = 0.01873797524216713
lambdaF max = Inf
lambdaF min = 0.004177590819662044
lambdaB max = Inf
lambdaB min = 0.004177590819662044
----------------------------------
----------------------------------
Iteration = 52
Distance = 0.0001795973883300661
v max = -1.2757044540650329
v min = -7.570158740780774
d max = 0.07607142857142857
d min = 0.07607142857142857
dF max = 0.07607142857142857
dB max = 0.07607142857142857
hk max = 0.03513006368852135
hk min = 0.01953258939738428
hz max = 0.054186780596289286
hz min = 0.01873797538915958
lambdaF max = Inf
lambdaF min = 0.004177590819662044
lambdaB max = Inf
lambdaB min = 0.004177590819662044
----------------------------------
----------------------------------
Iteration = 53
Distance = 0.00015615950371472564
v max = -1.2758605181568832
v min = -7.5703149002844885
d max = 0.07607142857142857
d min = 0.07607142857142857
dF max = 0.07607142857142857
dB max = 0.07607142857142857
hk max = 0.035130064236416104
hk min = 0.019532589444470144
hz max = 0.05418678184150464
hz min = 0.018737975496172902
lambdaF max = Inf
lambdaF min = 0.004177590819662044
lambdaB max = Inf
lambdaB min = 0.004177590819662044
----------------------------------
----------------------------------
Iteration = 54
Distance = 0.00013578204418607243
v max = -1.2759962308033395
v min = -7.570450682328675
d max = 0.07607142857142857
d min = 0.07607142857142857
dF max = 0.07607142857142857
dB max = 0.07607142857142857
hk max = 0.035130064634918065
hk min = 0.01953258947869946
hz max = 0.0541867827471909
hz min = 0.01873797557396681
lambdaF max = Inf
lambdaF min = 0.004177590819662044
lambdaB max = Inf
lambdaB min = 0.004177590819662044
----------------------------------
----------------------------------
Iteration = 55
Distance = 0.00011806492139321279
v max = -1.2761142452491012
v min = -7.570568747250068
d max = 0.07607142857142857
d min = 0.07607142857142857
dF max = 0.07607142857142857
dB max = 0.07607142857142857
hk max = 0.03513006492476087
hk min = 0.01953258950359965
hz max = 0.05418678340592455
hz min = 0.018737975630558144
lambdaF max = Inf
lambdaF min = 0.004177590819662044
lambdaB max = Inf
lambdaB min = 0.004177590819662044
----------------------------------
----------------------------------
Iteration = 56
Distance = 0.00010266047852702798
v max = -1.2762168690144309
v min = -7.570671407728595
d max = 0.07607142857142857
d min = 0.07607142857142857
dF max = 0.07607142857142857
dB max = 0.07607142857142857
hk max = 0.03513006513557321
hk min = 0.019532589521715056
hz max = 0.054186783885043506
hz min = 0.018737975671729523
lambdaF max = Inf
lambdaF min = 0.004177590819662044
lambdaB max = Inf
lambdaB min = 0.004177590819662044
----------------------------------
----------------------------------
Iteration = 57
Distance = 8.926658430041812e-5
v max = -1.2763061088955983
v min = -7.570760674312895
d max = 0.07607142857142857
d min = 0.07607142857142857
dF max = 0.07607142857142857
dB max = 0.07607142857142857
hk max = 0.03513006528890472
hk min = 0.01953258953488441
hz max = 0.05418678423352423
hz min = 0.018737975701659876
lambdaF max = Inf
lambdaF min = 0.004177590819662044
lambdaB max = Inf
lambdaB min = 0.004177590819662044
----------------------------------
----------------------------------
Iteration = 58
Distance = 7.762064597738316e-5
v max = -1.2763837101193285
v min = -7.570838294958873
d max = 0.07607142857142857
d min = 0.07607142857142857
dF max = 0.07607142857142857
dB max = 0.07607142857142857
hk max = 0.03513006540042797
hk min = 0.019532589544469712
hz max = 0.054186784486986155
hz min = 0.01873797572344465
lambdaF max = Inf
lambdaF min = 0.004177590819662044
lambdaB max = Inf
lambdaB min = 0.004177590819662044
----------------------------------
----------------------------------
Iteration = 59
Distance = 6.749441679243517e-5
v max = -1.2764511904093578
v min = -7.570905789375665
d max = 0.07607142857142857
d min = 0.07607142857142857
dF max = 0.07607142857142857
dB max = 0.07607142857142857
hk max = 0.03513006548154293
hk min = 0.01953258955143691
hz max = 0.05418678467133834
hz min = 0.01873797573927919
lambdaF max = Inf
lambdaF min = 0.004177590819662044
lambdaB max = Inf
lambdaB min = 0.004177590819662044
----------------------------------
----------------------------------
Iteration = 60
Distance = 5.868949009979474e-5
v max = -1.2765098696245467
v min = -7.570964478865765
d max = 0.07607142857142857
d min = 0.07607142857142857
dF max = 0.07607142857142857
dB max = 0.07607142857142857
hk max = 0.03513006554054135
hk min = 0.019532589556506653
hz max = 0.05418678480542565
hz min = 0.01873797575080133
lambdaF max = Inf
lambdaF min = 0.004177590819662044
lambdaB max = Inf
lambdaB min = 0.004177590819662044
----------------------------------
----------------------------------
Iteration = 61
Distance = 5.103338849821171e-5
v max = -1.2765608955395868
v min = -7.571015512254263
d max = 0.07607142857142857
d min = 0.07607142857142857
dF max = 0.07607142857142857
dB max = 0.07607142857142857
hk max = 0.035130065583452906
hk min = 0.019532589560194515
hz max = 0.05418678490295191
hz min = 0.01873797575918284
lambdaF max = Inf
lambdaF min = 0.004177590819662044
lambdaB max = Inf
lambdaB min = 0.004177590819662044
----------------------------------
----------------------------------
Iteration = 62
Distance = 4.437616807972944e-5
v max = -1.2766052662719332
v min = -7.571059888422343
d max = 0.07607142857142857
d min = 0.07607142857142857
dF max = 0.07607142857142857
dB max = 0.07607142857142857
hk max = 0.03513006561466392
hk min = 0.019532589562874583
hz max = 0.05418678497388602
hz min = 0.018737975765273897
lambdaF max = Inf
lambdaF min = 0.004177590819662044
lambdaB max = Inf
lambdaB min = 0.004177590819662044
----------------------------------
----------------------------------
Iteration = 63
Distance = 3.858746929985557e-5
v max = -1.2766438497875494
v min = -7.571098475891643
d max = 0.07607142857142857
d min = 0.07607142857142857
dF max = 0.07607142857142857
dB max = 0.07607142857142857
hk max = 0.03513006563736401
hk min = 0.019532589564827292
hz max = 0.05418678502547714
hz min = 0.018737975769711875
lambdaF max = Inf
lambdaF min = 0.004177590819662044
lambdaB max = Inf
lambdaB min = 0.004177590819662044
----------------------------------
----------------------------------
Iteration = 64
Distance = 3.355395530579841e-5
v max = -1.2766774008671846
v min = -7.571132029846948
d max = 0.07607142857142857
d min = 0.07607142857142857
dF max = 0.07607142857142857
dB max = 0.07607142857142857
hk max = 0.035130065653876275
hk min = 0.01953258956624316
hz max = 0.05418678506300503
hz min = 0.018737975772929752
lambdaF max = Inf
lambdaF min = 0.004177590819662044
lambdaB max = Inf
lambdaB min = 0.004177590819662044
----------------------------------
----------------------------------
Iteration = 65
Distance = 2.917708636740457e-5
v max = -1.2767065758619498
v min = -7.571161206933316
d max = 0.07607142857142857
d min = 0.07607142857142857
dF max = 0.07607142857142857
dB max = 0.07607142857142857
hk max = 0.035130065665886626
hk min = 0.019532589567278238
hz max = 0.05418678509030128
hz min = 0.018737975775282207
lambdaF max = Inf
lambdaF min = 0.004177590819662044
lambdaB max = Inf
lambdaB min = 0.004177590819662044
----------------------------------
----------------------------------
Iteration = 66
Distance = 2.537118591305898e-5
v max = -1.2767319455265453
v min = -7.571186578119229
d max = 0.07607142857142857
d min = 0.07607142857142857
dF max = 0.07607142857142857
dB max = 0.07607142857142857
hk max = 0.03513006567462042
hk min = 0.019532589568025477
hz max = 0.05418678511015081
hz min = 0.018737975776980473
lambdaF max = Inf
lambdaF min = 0.004177590819662044
lambdaB max = Inf
lambdaB min = 0.004177590819662044
----------------------------------
----------------------------------
Iteration = 67
Distance = 2.206176003571869e-5
v max = -1.276754006180076
v min = -7.571208639879265
d max = 0.07607142857142857
d min = 0.07607142857142857
dF max = 0.07607142857142857
dB max = 0.07607142857142857
hk max = 0.035130065680973786
hk min = 0.019532589568574805
hz max = 0.05418678512459028
hz min = 0.01873797577822895
lambdaF max = Inf
lambdaF min = 0.004177590819662044
lambdaB max = Inf
lambdaB min = 0.004177590819662044
----------------------------------
----------------------------------
Iteration = 68
Distance = 1.9184036789354764e-5
v max = -1.2767731894120329
v min = -7.571227823916054
d max = 0.07607142857142857
d min = 0.07607142857142857
dF max = 0.07607142857142857
dB max = 0.07607142857142857
hk max = 0.03513006568559408
hk min = 0.01953258956896877
hz max = 0.05418678513509093
hz min = 0.018737975779124325
lambdaF max = Inf
lambdaF min = 0.004177590819662044
lambdaB max = Inf
lambdaB min = 0.004177590819662044
----------------------------------
----------------------------------
Iteration = 69
Distance = 1.6681696655140854e-5
v max = -1.2767898705233127
v min = -7.571244505612709
d max = 0.07607142857142857
d min = 0.07607142857142857
dF max = 0.07607142857142857
dB max = 0.07607142857142857
hk max = 0.035130065688955714
hk min = 0.019532589569260544
hz max = 0.05418678514273103
hz min = 0.018737975779787447
lambdaF max = Inf
lambdaF min = 0.004177590819662044
lambdaB max = Inf
lambdaB min = 0.004177590819662044
----------------------------------
----------------------------------
Iteration = 70
Distance = 1.4505769019734771e-5
v max = -1.2768043758665355
v min = -7.571259011381729
d max = 0.07607142857142857
d min = 0.07607142857142857
dF max = 0.07607142857142857
dB max = 0.07607142857142857
hk max = 0.03513006569140088
hk min = 0.019532589569467466
hz max = 0.05418678514828822
hz min = 0.018737975780257727
lambdaF max = Inf
lambdaF min = 0.004177590819662044
lambdaB max = Inf
lambdaB min = 0.004177590819662044
----------------------------------
----------------------------------
Iteration = 71
Distance = 1.2613672789818509e-5
v max = -1.2768169892296528
v min = -7.571271625054519
d max = 0.07607142857142857
d min = 0.07607142857142857
dF max = 0.07607142857142857
dB max = 0.07607142857142857
hk max = 0.03513006569317834
hk min = 0.019532589569623296
hz max = 0.05418678515232791
hz min = 0.01873797578061188
lambdaF max = Inf
lambdaF min = 0.004177590819662044
lambdaB max = Inf
lambdaB min = 0.004177590819662044
----------------------------------
----------------------------------
Iteration = 72
Distance = 1.0968382476939098e-5
v max = -1.2768279573868704
v min = -7.571282593436996
d max = 0.07607142857142857
d min = 0.07607142857142857
dF max = 0.07607142857142857
dB max = 0.07607142857142857
hk max = 0.035130065694472135
hk min = 0.019532589569731727
hz max = 0.05418678515526835
hz min = 0.01873797578085832
lambdaF max = Inf
lambdaF min = 0.004177590819662044
lambdaB max = Inf
lambdaB min = 0.004177590819662044
----------------------------------
----------------------------------
Iteration = 73
Distance = 9.537703043349666e-6
v max = -1.2768374949260848
v min = -7.571292131140039
d max = 0.07607142857142857
d min = 0.07607142857142857
dF max = 0.07607142857142857
dB max = 0.07607142857142857
hk max = 0.03513006569541266
hk min = 0.01953258956981519
hz max = 0.054186785157405895
hz min = 0.018737975781048008
lambdaF max = Inf
lambdaF min = 0.004177590819662044
lambdaB max = Inf
lambdaB min = 0.004177590819662044
----------------------------------
    Value Function Converged, Iteration = 73 with gamma=5.0 with rho=1.0 and v=-3.040481903935018
    Natural boundary condition
=============================================================
Convegence time (minutes): 0.1153468968
Current Time = 22:23:40
grid points for z:  401
grid size for z:  0.025
-0.3244133082013985
-0.5676964045389001
--- 8.862324237823486 seconds for the elasticity computation ---
-0.00699876194732584
-0.08365034503769064
--- 0.06410741806030273 seconds for the elasticity computation ---
-0.23632746541462554
-0.48404605950120955
--- 0.06760692596435547 seconds for the elasticity computation ---
-0.3987679092884274
-0.5733403446519773
--- 0.06358551979064941 seconds for the elasticity computation ---
Current Time = 22:23:52
grid points for z:  401
grid size for z:  0.025
rho = 1
0.05935460108702888
--- 8.412348985671997 seconds for the elasticity computation ---
0.0
--- 0.07231712341308594 seconds for the elasticity computation ---
0.05935460108702888
--- 0.06857037544250488 seconds for the elasticity computation ---
0.0
--- 0.06748175621032715 seconds for the elasticity computation ---
0.0
--- 0.06756472587585449 seconds for the elasticity computation ---
0.05935460108702888
0.005643940113077034
--- 0.06725549697875977 seconds for the elasticity computation ---
0.05935460108702888
0.005643940113077034
--- 0.06687307357788086 seconds for the elasticity computation ---
0.05935460108702888
0.005643940113077034
--- 0.06711125373840332 seconds for the elasticity computation ---
0.05935460108702888
0.005643940113077034
--- 0.06693887710571289 seconds for the elasticity computation ---
parsed_args = parse_commandline() = Dict{String, Any}("dataname" => "lower_triangular_two_ambiguous_parameters", "clowerlim" => 0.0001, "delta" => 0.015, "boundary" => 0, "Delta" => 10.0, "q" => 0.1, "zmax" => 5.0, "logadjustment" => 1, "zscale" => 2.0, "foc" => 1, "distorted" => 0, "rho" => 1.0, "gamma" => 5.0)
=============================================================
./output/lower_triangular_two_ambiguous_parameters/Delta_10.0_distorted_0/logadjustment_1_boundary_0/zmax_5.0_zscale_2.0/delta_0.015/q_0.1_gamma_5.0_rho_1.0/
=============================================================
solve for structured linear system 
structured_relative_entropy = 0.10248174869233347
=============================================================
solve for unstructured linear system 
q_update = 0.25199894062573835
=============================================================
parsed_args = parse_commandline() = Dict{String, Any}("dataname" => "lower_triangular_two_ambiguous_parameters", "clowerlim" => 0.0001, "delta" => 0.015, "boundary" => 0, "Delta" => 10.0, "q" => 0.1, "zmax" => 5.0, "logadjustment" => 1, "zscale" => 2.0, "foc" => 1, "distorted" => 0, "rho" => 1.0, "gamma" => 5.0)
=============================================================
./output/lower_triangular_two_ambiguous_parameters/Delta_10.0_distorted_0/logadjustment_1_boundary_0/zmax_5.0_zscale_2.0/delta_0.015/q_0.1_gamma_5.0_rho_1.0/
=============================================================
solve for structured linear system 
structured_relative_entropy = 0.1024817486923335
=============================================================
solve for unstructured linear system 
q_update = 0.25199894062573824
=============================================================
Program ends Fri Jan 19 22:24:33 CST 2024
Elapsed time: 0 days 00 hr 01 min 19 sec
