D_10.0_distorted_0_boundary_0_delta_0.02_gamma_7.0_q_0.2_rho_1.0_lower_triangular_four_ambiguous_parameters
Program starts Fri Jan 19 22:21:20 CST 2024
parsed_args = parse_commandline() = Dict{String, Any}("dataname" => "lower_triangular_four_ambiguous_parameters", "clowerlim" => 0.0001, "delta" => 0.02, "boundary" => 0, "Delta" => 10.0, "q" => 0.2, "zmax" => 5.0, "logadjustment" => 1, "zscale" => 2.0, "foc" => 1, "distorted" => 0, "rho" => 1.0, "gamma" => 7.0)
=============================================================
logadjustment: true
reflective_boundary: false
0.109
sigma_k: [0.011287880226154068, 0.0]
sigma_z: [0.026030751045638307, 0.05916079783099616]
Compute value function WITH ROBUSTNESS
computing undistorted version...
zmax = 5.0, zmin = -5.0, zlength = 401
natural boundary condition
----------------------------------
Iteration = 1
Distance = 1.2137907019693044
v max = -0.9410634292420295
v min = -3.2137907019693044
d max = 0.07672413793103448
d min = 0.07672413793103448
dF max = 0.07672413793103448
dB max = 0.07672413793103448
hk max = 0.011287880226154068
hk min = 0.011287880226154068
hz max = 0.0
hz min = 0.0
lambdaF max = 0.07981736653135081
lambdaF min = 0.0028381093903120866
lambdaB max = 0.07981736653135081
lambdaB min = 0.0028381093903120866
----------------------------------
----------------------------------
Iteration = 2
Distance = 1.0979861104671915
v max = -1.0859179619280055
v min = -4.311776812436496
d max = 0.07672413793103448
d min = 0.07672413793103448
dF max = 0.07672413793103448
dB max = 0.07672413793103448
hk max = 0.017203960009254775
hk min = 0.017203960009252464
hz max = 0.013445635870683429
hz min = 0.013445635870678175
lambdaF max = 0.15439581664782212
lambdaF min = 0.0028381093903120866
lambdaB max = 0.15439581664782212
lambdaB min = 0.0028381093903120866
----------------------------------
----------------------------------
Iteration = 3
Distance = 0.7994705307695069
v max = -1.1056266708528872
v min = -5.111247343206003
d max = 0.07672413793103448
d min = 0.07672413793103448
dF max = 0.07672413793103448
dB max = 0.07672413793103448
hk max = 0.022528418506198376
hk min = 0.016841647675301948
hz max = 0.025546677909191618
hz min = 0.012622198748063362
lambdaF max = 0.19387108744705325
lambdaF min = 0.0028381093903120866
lambdaB max = 0.1975837111837723
lambdaB min = 0.0028381093903120866
----------------------------------
----------------------------------
Iteration = 4
Distance = 0.5942653592156804
v max = -1.1600528796006706
v min = -5.705512702421683
d max = 0.07672413793103448
d min = 0.07672413793103448
dF max = 0.07672413793103448
dB max = 0.07672413793103448
hk max = 0.0262696655991598
hk min = 0.017081585079843163
hz max = 0.03404951221137666
hz min = 0.01316751103111158
lambdaF max = 0.22862778999754751
lambdaF min = 0.0028381093903120866
lambdaB max = 0.23441076693695181
lambdaB min = 0.0028381093903120866
----------------------------------
----------------------------------
Iteration = 5
Distance = 0.45595173335170447
v max = -1.2151135862374771
v min = -6.161464435773388
d max = 0.07672413793103448
d min = 0.07672413793103448
dF max = 0.07672413793103448
dB max = 0.07672413793103448
hk max = 0.028918787324990352
hk min = 0.017135348977491416
hz max = 0.04007024340644611
hz min = 0.01328970170758488
lambdaF max = 0.253829454120964
lambdaF min = 0.0028381093903120866
lambdaB max = 0.2610987568493699
lambdaB min = 0.0028381093903120866
----------------------------------
----------------------------------
Iteration = 6
Distance = 0.3552829668662447
v max = -1.2741685991274496
v min = -6.516747402639632
d max = 0.07672413793103448
d min = 0.07672413793103448
dF max = 0.07672413793103448
dB max = 0.07672413793103448
hk max = 0.030842215820558374
hk min = 0.017206245170288827
hz max = 0.044441671805464336
hz min = 0.013450829418488094
lambdaF max = 0.27447054794559417
lambdaF min = 0.0028381093903120866
lambdaB max = 0.2825289840303959
lambdaB min = 0.0028381093903120866
----------------------------------
----------------------------------
Iteration = 7
Distance = 0.2795051482857467
v max = -1.3328809086061175
v min = -6.796252550925379
d max = 0.07672413793103448
d min = 0.07672413793103448
dF max = 0.07672413793103448
dB max = 0.07672413793103448
hk max = 0.032251859720088594
hk min = 0.017266304021410137
hz max = 0.047645407940760304
hz min = 0.013587326807400161
lambdaF max = 0.29109978612661075
lambdaF min = 0.0028381093903120866
lambdaB max = 0.30000732394541196
lambdaB min = 0.0028381093903120866
----------------------------------
----------------------------------
Iteration = 8
Distance = 0.22143674585613837
v max = -1.3877718448675653
v min = -7.017689296781517
d max = 0.07672413793103448
d min = 0.07672413793103448
dF max = 0.07672413793103448
dB max = 0.07672413793103448
hk max = 0.03328921548305887
hk min = 0.017302153398858183
hz max = 0.05000303467478364
hz min = 0.013668802665236632
lambdaF max = 0.30447254400685964
lambdaF min = 0.0028381093903120866
lambdaB max = 0.3140127579684903
lambdaB min = 0.0028381093903120866
----------------------------------
----------------------------------
Iteration = 9
Distance = 0.17641219097007976
v max = -1.439184227617602
v min = -7.194101487751597
d max = 0.07672413793103448
d min = 0.07672413793103448
dF max = 0.07672413793103448
dB max = 0.07672413793103448
hk max = 0.034054278283246586
hk min = 0.0173291644647846
hz max = 0.05174181376611937
hz min = 0.013730191451433034
lambdaF max = 0.3151639033428692
lambdaF min = 0.0028381093903120866
lambdaB max = 0.3251615790092248
lambdaB min = 0.0028381093903120866
----------------------------------
----------------------------------
Iteration = 10
Distance = 0.14119632419350747
v max = -1.487395669538393
v min = -7.335297811945105
d max = 0.07672413793103448
d min = 0.07672413793103448
dF max = 0.07672413793103448
dB max = 0.07672413793103448
hk max = 0.03461925473805823
hk min = 0.017361300010470565
hz max = 0.05302585116341856
hz min = 0.013803226782537497
lambdaF max = 0.32358851959635093
lambdaF min = 0.0028381093903120866
lambdaB max = 0.33390623425716076
lambdaB min = 0.0028381093903120866
----------------------------------
----------------------------------
Iteration = 11
Distance = 0.11346215343804822
v max = -1.5309281540985975
v min = -7.448759965383153
d max = 0.07672413793103448
d min = 0.07672413793103448
dF max = 0.07672413793103448
dB max = 0.07672413793103448
hk max = 0.03503681775477514
hk min = 0.017382048149049034
hz max = 0.05397485801959337
hz min = 0.01385038164294311
lambdaF max = 0.3300905891823088
lambdaF min = 0.0028381093903120866
lambdaB max = 0.34062715702036894
lambdaB min = 0.0028381093903120866
----------------------------------
----------------------------------
Iteration = 12
Distance = 0.09149563176760989
v max = -1.570363347908022
v min = -7.540255597150763
d max = 0.07672413793103448
d min = 0.07672413793103448
dF max = 0.07672413793103448
dB max = 0.07672413793103448
hk max = 0.03534560153335997
hk min = 0.017396172611685738
hz max = 0.05467663933455888
hz min = 0.013882482694390161
lambdaF max = 0.3350129466794521
lambdaF min = 0.0028381093903120866
lambdaB max = 0.3456955512672898
lambdaB min = 0.0028381093903120866
----------------------------------
----------------------------------
Iteration = 13
Distance = 0.07401265710181182
v max = -1.6061229013665954
v min = -7.614268254252575
d max = 0.07672413793103448
d min = 0.07672413793103448
dF max = 0.07672413793103448
dB max = 0.07672413793103448
hk max = 0.03557403295317761
hk min = 0.017415366190197342
hz max = 0.05519580165232625
hz min = 0.013926104463734717
lambdaF max = 0.33867000015411297
lambdaF min = 0.0028381093903120866
lambdaB max = 0.34944947888379463
lambdaB min = 0.0028381093903120866
----------------------------------
----------------------------------
Iteration = 14
Distance = 0.06003893174174202
v max = -1.637398177944617
v min = -7.674307185994317
d max = 0.07672413793103448
d min = 0.07672413793103448
dF max = 0.07672413793103448
dB max = 0.07672413793103448
hk max = 0.035743069189730074
hk min = 0.0174240195569116
hz max = 0.05557997491721821
hz min = 0.013945771206267115
lambdaF max = 0.3413477124942579
lambdaF min = 0.0028381093903120866
lambdaB max = 0.35219257819394484
lambdaB min = 0.0028381093903120866
----------------------------------
----------------------------------
Iteration = 15
Distance = 0.048827805552925874
v max = -1.6651997979145898
v min = -7.7231349915472425
d max = 0.07672413793103448
d min = 0.07672413793103448
dF max = 0.07672413793103448
dB max = 0.07672413793103448
hk max = 0.035868179845891926
hk min = 0.01743149942456891
hz max = 0.055864317317586044
hz min = 0.013962770905488286
lambdaF max = 0.34329398605505784
lambdaF min = 0.0028381093903120866
lambdaB max = 0.35418451240509885
lambdaB min = 0.0028381093903120866
----------------------------------
----------------------------------
Iteration = 16
Distance = 0.039802419612821716
v max = -1.6895460260779258
v min = -7.762937411160064
d max = 0.07672413793103448
d min = 0.07672413793103448
dF max = 0.07672413793103448
dB max = 0.07672413793103448
hk max = 0.035960793550904264
hk min = 0.017442098438984845
hz max = 0.05607480301079591
hz min = 0.013986859574615406
lambdaF max = 0.3447068863673877
lambdaF min = 0.0028381093903120866
lambdaB max = 0.35563096064088845
lambdaB min = 0.0028381093903120866
----------------------------------
----------------------------------
Iteration = 17
Distance = 0.03251407115229643
v max = -1.7103002970274899
v min = -7.795451482312361
d max = 0.07672413793103448
d min = 0.07672413793103448
dF max = 0.07672413793103448
dB max = 0.07672413793103448
hk max = 0.03602935880946362
hk min = 0.017442118577134087
hz max = 0.05623063314388534
hz min = 0.013986905343136407
lambdaF max = 0.34573910340543174
lambdaF min = 0.0028381093903120866
lambdaB max = 0.3566887495462807
lambdaB min = 0.0028381093903120866
----------------------------------
----------------------------------
Iteration = 18
Distance = 0.02661170426559334
v max = -1.7286194728575868
v min = -7.822063186577954
d max = 0.07672413793103448
d min = 0.07672413793103448
dF max = 0.07672413793103448
dB max = 0.07672413793103448
hk max = 0.036080124010438
hk min = 0.0174486842212598
hz max = 0.056346008600645314
hz min = 0.014001827261603945
lambdaF max = 0.34650031450379504
lambdaF min = 0.0028381093903120866
lambdaB max = 0.3574698537995276
lambdaB min = 0.0028381093903120866
----------------------------------
----------------------------------
Iteration = 19
Distance = 0.021819258888722715
v max = -1.7439906239571012
v min = -7.843882445466677
d max = 0.07672413793103448
d min = 0.07672413793103448
dF max = 0.07672413793103448
dB max = 0.07672413793103448
hk max = 0.03611771209242642
hk min = 0.017451384076835184
hz max = 0.05643143605970989
hz min = 0.014007963297002539
lambdaF max = 0.34706709671465463
lambdaF min = 0.0028381093903120866
lambdaB max = 0.35805210542377225
lambdaB min = 0.0028381093903120866
----------------------------------
----------------------------------
Iteration = 20
Distance = 0.017918657424754514
v max = -1.757190453962935
v min = -7.861801102891431
d max = 0.07672413793103448
d min = 0.07672413793103448
dF max = 0.07672413793103448
dB max = 0.07672413793103448
hk max = 0.03614554435793188
hk min = 0.01744981277371272
hz max = 0.05649469120858594
hz min = 0.014004392153542395
lambdaF max = 0.3474922129903072
lambdaF min = 0.0028381093903120866
lambdaB max = 0.3584890251587822
lambdaB min = 0.0028381093903120866
----------------------------------
----------------------------------
Iteration = 21
Distance = 0.014736906925659987
v max = -1.7686300758822033
v min = -7.876538009817091
d max = 0.07672413793103448
d min = 0.07672413793103448
dF max = 0.07672413793103448
dB max = 0.07672413793103448
hk max = 0.03616615333489272
hk min = 0.017456630044550052
hz max = 0.05654152979258786
hz min = 0.014019885950899962
lambdaF max = 0.34781150969887886
lambdaF min = 0.0028381093903120866
lambdaB max = 0.35881716400196484
lambdaB min = 0.0028381093903120866
----------------------------------
----------------------------------
Iteration = 22
Distance = 0.012136251873230641
v max = -1.7779179320756264
v min = -7.888674261690322
d max = 0.07672413793103448
d min = 0.07672413793103448
dF max = 0.07672413793103448
dB max = 0.07672413793103448
hk max = 0.03618141393440793
hk min = 0.01745225474016729
hz max = 0.05657621297330424
hz min = 0.014009942077302781
lambdaF max = 0.348050974121691
lambdaF min = 0.0028381093903120866
lambdaB max = 0.3590630831138048
lambdaB min = 0.0028381093903120866
----------------------------------
----------------------------------
Iteration = 23
Distance = 0.01000660056474878
v max = -1.7862745991843532
v min = -7.898680862255071
d max = 0.07672413793103448
d min = 0.07672413793103448
dF max = 0.07672413793103448
dB max = 0.07672413793103448
hk max = 0.03619271431716527
hk min = 0.01745622311232823
hz max = 0.0566018956613891
hz min = 0.01401896110494128
lambdaF max = 0.34822950190801427
lambdaF min = 0.0028381093903120866
lambdaB max = 0.35924626056883224
lambdaB min = 0.0028381093903120866
----------------------------------
----------------------------------
Iteration = 24
Distance = 0.008259673813445723
v max = -1.7929499703358647
v min = -7.906940536068516
d max = 0.07672413793103448
d min = 0.07672413793103448
dF max = 0.07672413793103448
dB max = 0.07672413793103448
hk max = 0.03620108230917633
hk min = 0.017457282428583534
hz max = 0.05662091382505061
hz min = 0.01402136864188515
lambdaF max = 0.34836177752616987
lambdaF min = 0.0028381093903120866
lambdaB max = 0.35938186127695887
lambdaB min = 0.0028381093903120866
----------------------------------
----------------------------------
Iteration = 25
Distance = 0.006824458407526102
v max = -1.798733927131922
v min = -7.913764994476042
d max = 0.07672413793103448
d min = 0.07672413793103448
dF max = 0.07672413793103448
dB max = 0.07672413793103448
hk max = 0.03620727894452623
hk min = 0.017453127569462212
hz max = 0.05663499708720947
hz min = 0.014011925780245786
lambdaF max = 0.3484592768234746
lambdaF min = 0.0028381093903120866
lambdaB max = 0.35948174113565184
lambdaB min = 0.0028381093903120866
----------------------------------
----------------------------------
Iteration = 26
Distance = 0.005643659797781808
v max = -1.803771313525602
v min = -7.919408654273824
d max = 0.07672413793103448
d min = 0.07672413793103448
dF max = 0.07672413793103448
dB max = 0.07672413793103448
hk max = 0.03621186771946859
hk min = 0.01746131356013534
hz max = 0.05664542612116938
hz min = 0.01403053030450289
lambdaF max = 0.348530830290765
lambdaF min = 0.0028381093903120866
lambdaB max = 0.35955503097313646
lambdaB min = 0.0028381093903120866
----------------------------------
----------------------------------
Iteration = 27
Distance = 0.004670923554149553
v max = -1.8075515106742255
v min = -7.924079577827974
d max = 0.07672413793103448
d min = 0.07672413793103448
dF max = 0.07672413793103448
dB max = 0.07672413793103448
hk max = 0.036215265872629285
hk min = 0.01745226026147801
hz max = 0.05665314919653459
hz min = 0.014009954625736233
lambdaF max = 0.3485833982973743
lambdaF min = 0.0028381093903120866
lambdaB max = 0.3596088747878506
lambdaB min = 0.0028381093903120866
----------------------------------
----------------------------------
Iteration = 28
Distance = 0.003868648155153309
v max = -1.8113872371597886
v min = -7.927948225983127
d max = 0.07672413793103448
d min = 0.07672413793103448
dF max = 0.07672413793103448
dB max = 0.07672413793103448
hk max = 0.0362177823483817
hk min = 0.017460739475062603
hz max = 0.056658868459608276
hz min = 0.014029225565701223
lambdaF max = 0.34862202571204176
lambdaF min = 0.0028381093903120866
lambdaB max = 0.35964846382652643
lambdaB min = 0.0028381093903120866
----------------------------------
----------------------------------
Iteration = 29
Distance = 0.0032062590893495724
v max = -1.8139098783421193
v min = -7.931154485072477
d max = 0.07672413793103448
d min = 0.07672413793103448
dF max = 0.07672413793103448
dB max = 0.07672413793103448
hk max = 0.036219645914847956
hk min = 0.017455931746015205
hz max = 0.056663103837940654
hz min = 0.014018298908775316
lambdaF max = 0.3486505701928647
lambdaF min = 0.0028381093903120866
lambdaB max = 0.35967773227028027
lambdaB min = 0.0028381093903120866
----------------------------------
----------------------------------
Iteration = 30
Distance = 0.0027442887171025276
v max = -1.8165831109332573
v min = -7.933813324521293
d max = 0.07672413793103448
d min = 0.07672413793103448
dF max = 0.07672413793103448
dB max = 0.07672413793103448
hk max = 0.03622102597339107
hk min = 0.017455876755830588
hz max = 0.056666240334629574
hz min = 0.014018173931083004
lambdaF max = 0.34867172327930523
lambdaF min = 0.0028381093903120866
lambdaB max = 0.3596994345292939
lambdaB min = 0.0028381093903120866
----------------------------------
----------------------------------
Iteration = 31
Distance = 0.002206041212068577
v max = -1.818570507452376
v min = -7.936019365733362
d max = 0.07672413793103448
d min = 0.07672413793103448
dF max = 0.07672413793103448
dB max = 0.07672413793103448
hk max = 0.03622204797083242
hk min = 0.017461763713591344
hz max = 0.05666856305608717
hz min = 0.01403155338053927
lambdaF max = 0.3486874522761842
lambdaF min = 0.0028381093903120866
lambdaB max = 0.35971557819022437
lambdaB min = 0.0028381093903120866
----------------------------------
----------------------------------
Iteration = 32
Distance = 0.0019381487584615442
v max = -1.8200799587198426
v min = -7.937850581420961
d max = 0.07672413793103448
d min = 0.07672413793103448
dF max = 0.07672413793103448
dB max = 0.07672413793103448
hk max = 0.03622280480600791
hk min = 0.01745115747211376
hz max = 0.05667028313603148
hz min = 0.014007448286272026
lambdaF max = 0.348699184806758
lambdaF min = 0.0028381093903120866
lambdaB max = 0.35972761811496873
lambdaB min = 0.0028381093903120866
----------------------------------
----------------------------------
Iteration = 33
Distance = 0.0018468582160540148
v max = -1.8219268169358966
v min = -7.939371298289325
d max = 0.07672413793103448
d min = 0.07672413793103448
dF max = 0.07672413793103448
dB max = 0.07672413793103448
hk max = 0.036223365275253244
hk min = 0.017464482241786875
hz max = 0.056671556929770876
hz min = 0.014037731853710928
lambdaF max = 0.3487079018483713
lambdaF min = 0.0028381093903120866
lambdaB max = 0.35973656562875334
lambdaB min = 0.0028381093903120866
----------------------------------
----------------------------------
Iteration = 34
Distance = 0.0013581541485927495
v max = -1.8225395643527704
v min = -7.940634640389177
d max = 0.07672413793103448
d min = 0.07672413793103448
dF max = 0.07672413793103448
dB max = 0.07672413793103448
hk max = 0.03622378032725145
hk min = 0.01745188119945699
hz max = 0.05667250022976679
hz min = 0.01400909312114301
lambdaF max = 0.34871440568364154
lambdaF min = 0.0028381093903120866
lambdaB max = 0.3597432354356936
lambdaB min = 0.0028381093903120866
----------------------------------
----------------------------------
Iteration = 35
Distance = 0.0016233589998324582
v max = -1.8241629233526029
v min = -7.94168452105498
d max = 0.07672413793103448
d min = 0.07672413793103448
dF max = 0.07672413793103448
dB max = 0.07672413793103448
hk max = 0.03622408769123377
hk min = 0.01746007526206901
hz max = 0.05667319878427205
hz min = 0.014027715990715778
lambdaF max = 0.34871920844140264
lambdaF min = 0.0028381093903120866
lambdaB max = 0.3597481623404271
lambdaB min = 0.0028381093903120866
----------------------------------
----------------------------------
Iteration = 36
Distance = 0.0009444713378288228
v max = -1.8244709999150697
v min = -7.942557270764105
d max = 0.07672413793103448
d min = 0.07672413793103448
dF max = 0.07672413793103448
dB max = 0.07672413793103448
hk max = 0.03622431530858987
hk min = 0.017459953755920368
hz max = 0.05667371609644502
hz min = 0.014027439840377959
lambdaF max = 0.3487227774723001
lambdaF min = 0.0028381093903120866
lambdaB max = 0.3597518199753956
lambdaB min = 0.0028381093903120866
----------------------------------
----------------------------------
Iteration = 37
Distance = 0.001260130968246953
v max = -1.8254440339124134
v min = -7.943282969344193
d max = 0.07672413793103448
d min = 0.07672413793103448
dF max = 0.07672413793103448
dB max = 0.07672413793103448
hk max = 0.036224483870080926
hk min = 0.01744950547337177
hz max = 0.056674099190742865
hz min = 0.014003693743676599
lambdaF max = 0.3487254036883421
lambdaF min = 0.0028381093903120866
lambdaB max = 0.3597545123330568
lambdaB min = 0.0028381093903120866
----------------------------------
----------------------------------
Iteration = 38
Distance = 0.000687470678762514
v max = -1.826131504591176
v min = -7.9438865385667095
d max = 0.07672413793103448
d min = 0.07672413793103448
dF max = 0.07672413793103448
dB max = 0.07672413793103448
hk max = 0.036224608698523106
hk min = 0.017471374046772077
hz max = 0.056674382891747824
hz min = 0.014053395046859114
lambdaF max = 0.34872734390195115
lambdaF min = 0.0028381093903120866
lambdaB max = 0.35975650114607044
lambdaB min = 0.0028381093903120866
----------------------------------
----------------------------------
Iteration = 39
Distance = 0.0009305175754645845
v max = -1.8260485379093185
v min = -7.944388639369395
d max = 0.07672413793103448
d min = 0.07672413793103448
dF max = 0.07672413793103448
dB max = 0.07672413793103448
hk max = 0.036224701140631796
hk min = 0.017439650306909978
hz max = 0.056674592987449396
hz min = 0.013981295638081618
lambdaF max = 0.34872878035259086
lambdaF min = 0.0028381093903120866
lambdaB max = 0.35975797290261335
lambdaB min = 0.0028381093903120866
----------------------------------
----------------------------------
Iteration = 40
Distance = 0.0014548512267957836
v max = -1.8275033891361143
v min = -7.944806409773573
d max = 0.07672413793103448
d min = 0.07672413793103448
dF max = 0.07672413793103448
dB max = 0.07672413793103448
hk max = 0.03622476959896119
hk min = 0.017477075705294522
hz max = 0.05667474857456166
hz min = 0.014066353361682856
lambdaF max = 0.348729832133833
lambdaF min = 0.0028381093903120866
lambdaB max = 0.35975905248109974
lambdaB min = 0.0028381093903120866
----------------------------------
Delta = 5.0
----------------------------------
Iteration = 41
Distance = 0.001116400847761101
v max = -1.8263869882883532
v min = -7.944996708434734
d max = 0.07672413793103448
d min = 0.07672413793103448
dF max = 0.07672413793103448
dB max = 0.07672413793103448
hk max = 0.036224820296285036
hk min = 0.017440787856897483
hz max = 0.05667486379575221
hz min = 0.013983880978962304
lambdaF max = 0.34873062404338406
lambdaF min = 0.0028381093903120866
lambdaB max = 0.35975986317602804
lambdaB min = 0.0028381093903120866
----------------------------------
Delta = 2.5
----------------------------------
Iteration = 42
Distance = 0.0008873680749077462
v max = -1.8271938282260296
v min = -7.945087411255775
d max = 0.07672413793103448
d min = 0.07672413793103448
dF max = 0.07672413793103448
dB max = 0.07672413793103448
hk max = 0.03622484425280591
hk min = 0.017456487255097165
hz max = 0.05667491824239056
hz min = 0.014019561429416134
lambdaF max = 0.3487309981206628
lambdaF min = 0.0028381093903120866
lambdaB max = 0.3597602484296924
lambdaB min = 0.0028381093903120866
----------------------------------
----------------------------------
Iteration = 43
Distance = 0.00027453810623456754
v max = -1.8274683663322642
v min = -7.9451737115827905
d max = 0.07672413793103448
d min = 0.07672413793103448
dF max = 0.07672413793103448
dB max = 0.07672413793103448
hk max = 0.03622485580653918
hk min = 0.01747616763564684
hz max = 0.05667494450087528
hz min = 0.014064289567029029
lambdaF max = 0.34873118616541354
lambdaF min = 0.0028381093903120866
lambdaB max = 0.3597604407186306
lambdaB min = 0.0028381093903120866
----------------------------------
----------------------------------
Iteration = 44
Distance = 0.0003560460806344423
v max = -1.8271123202516297
v min = -7.945255831735858
d max = 0.07672413793103448
d min = 0.07672413793103448
dF max = 0.07672413793103448
dB max = 0.07672413793103448
hk max = 0.03622486623112178
hk min = 0.01742868172332899
hz max = 0.05667496819310845
hz min = 0.013956367039033909
lambdaF max = 0.3487313537669364
lambdaF min = 0.0028381093903120866
lambdaB max = 0.35976061172232254
lambdaB min = 0.0028381093903120866
----------------------------------
----------------------------------
Iteration = 45
Distance = 0.00036975682339734917
v max = -1.827482077075027
v min = -7.945333977526259
d max = 0.07672413793103448
d min = 0.07672413793103448
dF max = 0.07672413793103448
dB max = 0.07672413793103448
hk max = 0.03622487566045614
hk min = 0.017472669551166307
hz max = 0.0566749896234138
hz min = 0.014056339375027815
lambdaF max = 0.34873150284874044
lambdaF min = 0.0028381093903120866
lambdaB max = 0.3597607639189561
lambdaB min = 0.0028381093903120866
----------------------------------
Delta = 1.25
----------------------------------
Iteration = 46
Distance = 0.00020832236540635485
v max = -1.8272737547096207
v min = -7.945372114023012
d max = 0.07672413793103448
d min = 0.07672413793103448
dF max = 0.07672413793103448
dB max = 0.07672413793103448
hk max = 0.036224884189620735
hk min = 0.017430628130929826
hz max = 0.0566750090078788
hz min = 0.01396079069267218
lambdaF max = 0.3487316357794111
lambdaF min = 0.0028381093903120866
lambdaB max = 0.3597608998206063
lambdaB min = 0.0028381093903120866
----------------------------------
----------------------------------
Iteration = 47
Distance = 0.00038360232712886244
v max = -1.8276573570367496
v min = -7.9454093024603925
d max = 0.07672413793103448
d min = 0.07672413793103448
dF max = 0.07672413793103448
dB max = 0.07672413793103448
hk max = 0.036224888383007456
hk min = 0.01747736051983875
hz max = 0.05667501853830317
hz min = 0.014067000667465185
lambdaF max = 0.3487317013101793
lambdaF min = 0.0028381093903120866
lambdaB max = 0.35976096695820764
lambdaB min = 0.0028381093903120866
----------------------------------
Delta = 0.625
----------------------------------
Iteration = 48
Distance = 0.0002573633043629897
v max = -1.8274468727638467
v min = -7.945427670952573
d max = 0.07672413793103448
d min = 0.07672413793103448
dF max = 0.07672413793103448
dB max = 0.07672413793103448
hk max = 0.03622489235384985
hk min = 0.017436880885671663
hz max = 0.056675027562944964
hz min = 0.013975001498903631
lambdaF max = 0.34873176308488585
lambdaF min = 0.0028381093903120866
lambdaB max = 0.35976103022649214
lambdaB min = 0.0028381093903120866
----------------------------------
Delta = 0.3125
----------------------------------
Iteration = 49
Distance = 0.00011215959181032353
v max = -1.8273720654176937
v min = -7.945436798971394
d max = 0.07672413793103448
d min = 0.07672413793103448
dF max = 0.07672413793103448
dB max = 0.07672413793103448
hk max = 0.036224894322076276
hk min = 0.0174268041872587
hz max = 0.056675032036186845
hz min = 0.013952099911601441
lambdaF max = 0.34873179384283715
lambdaF min = 0.0028381093903120866
lambdaB max = 0.3597610617348533
lambdaB min = 0.0028381093903120866
----------------------------------
----------------------------------
Iteration = 50
Distance = 0.00012742615711691663
v max = -1.8274994915748106
v min = -7.94544586910443
d max = 0.07672413793103448
d min = 0.07672413793103448
dF max = 0.07672413793103448
dB max = 0.07672413793103448
hk max = 0.03622489530118124
hk min = 0.017472010533647945
hz max = 0.05667503426142541
hz min = 0.014054841607940629
lambdaF max = 0.3487318092022654
lambdaF min = 0.0028381093903120866
lambdaB max = 0.3597610774584125
lambdaB min = 0.0028381093903120866
----------------------------------
----------------------------------
Iteration = 51
Distance = 4.1683610345844e-5
v max = -1.8275195455147164
v min = -7.94545488179104
d max = 0.07672413793103448
d min = 0.07672413793103448
dF max = 0.07672413793103448
dB max = 0.07672413793103448
hk max = 0.036224896266395745
hk min = 0.017458720341187273
hz max = 0.05667503645509473
hz min = 0.014024636625075467
lambdaF max = 0.34873182429672706
lambdaF min = 0.0028381093903120866
lambdaB max = 0.3597610929204986
lambdaB min = 0.0028381093903120866
----------------------------------
----------------------------------
Iteration = 52
Distance = 4.7727231951677496e-5
v max = -1.8274718182827647
v min = -7.945463837403432
d max = 0.07672413793103448
d min = 0.07672413793103448
dF max = 0.07672413793103448
dB max = 0.07672413793103448
hk max = 0.03622489721824507
hk min = 0.017444566447983097
hz max = 0.05667503861838864
hz min = 0.013992468685975066
lambdaF max = 0.34873183914003175
lambdaF min = 0.0028381093903120866
lambdaB max = 0.3597611081311219
lambdaB min = 0.0028381093903120866
----------------------------------
----------------------------------
Iteration = 53
Distance = 3.9782846169567065e-5
v max = -1.8275081771148223
v min = -7.945472736311263
d max = 0.07672413793103448
d min = 0.07672413793103448
dF max = 0.07672413793103448
dB max = 0.07672413793103448
hk max = 0.03622489815691417
hk min = 0.017459221303278823
hz max = 0.05667504075172751
hz min = 0.014025775175283537
lambdaF max = 0.3487318537428049
lambdaF min = 0.0028381093903120866
lambdaB max = 0.3597611230986065
lambdaB min = 0.0028381093903120866
----------------------------------
----------------------------------
Iteration = 54
Distance = 1.4561294242598777e-5
v max = -1.8275227384090649
v min = -7.945481578881686
d max = 0.07672413793103448
d min = 0.07672413793103448
dF max = 0.07672413793103448
dB max = 0.07672413793103448
hk max = 0.03622489908258615
hk min = 0.01746186472768186
hz max = 0.05667504285552748
hz min = 0.014031782958017712
lambdaF max = 0.3487318681133064
lambdaF min = 0.0028381093903120866
lambdaB max = 0.3597611378301727
lambdaB min = 0.0028381093903120866
----------------------------------
----------------------------------
Iteration = 55
Distance = 1.5778827402002094e-5
v max = -1.8275142974705287
v min = -7.945490365479363
d max = 0.07672413793103448
d min = 0.07672413793103448
dF max = 0.07672413793103448
dB max = 0.07672413793103448
hk max = 0.03622489999543951
hk min = 0.017452518911004543
hz max = 0.05667504493019421
hz min = 0.01401054246556926
lambdaF max = 0.34873188225838
lambdaF min = 0.0028381093903120866
lambdaB max = 0.35976115233223604
lambdaB min = 0.0028381093903120866
----------------------------------
----------------------------------
Iteration = 56
Distance = 2.2786413059305843e-5
v max = -1.827537083883588
v min = -7.945499096466494
d max = 0.07672413793103448
d min = 0.07672413793103448
dF max = 0.07672413793103448
dB max = 0.07672413793103448
hk max = 0.03622490089565181
hk min = 0.017459888986467987
hz max = 0.056675046976131245
hz min = 0.014027292637077091
lambdaF max = 0.3487318961839198
lambdaF min = 0.0028381093903120866
lambdaB max = 0.3597611666105683
lambdaB min = 0.0028381093903120866
----------------------------------
Delta = 0.15625
----------------------------------
Iteration = 57
Distance = 5.354844166749473e-6
v max = -1.8275406634861264
v min = -7.945503448573015
d max = 0.07672413793103448
d min = 0.07672413793103448
dF max = 0.07672413793103448
dB max = 0.07672413793103448
hk max = 0.03622490178339968
hk min = 0.01745853365149798
hz max = 0.05667504899374004
hz min = 0.014024212330327076
lambdaF max = 0.3487319098951852
lambdaF min = 0.0028381093903120866
lambdaB max = 0.3597611806704275
lambdaB min = 0.0028381093903120866
----------------------------------
    Value Function Converged, Iteration = 57 with gamma=7.0 with rho=1.0 and v=-3.2655724474726795
    Natural boundary condition
=============================================================
Convegence time (minutes): 0.1162938773
Current Time = 22:21:47
grid points for z:  401
grid size for z:  0.025
-0.7877191456467465
-0.8857582695840513
--- 8.548635482788086 seconds for the elasticity computation ---
-0.012385186366756045
-0.11122457821096632
--- 0.06398129463195801 seconds for the elasticity computation ---
-0.6034924214559889
-0.7745336913730851
--- 0.06288003921508789 seconds for the elasticity computation ---
-0.8674788591438873
-0.8914022096971285
--- 0.06259274482727051 seconds for the elasticity computation ---
Current Time = 22:21:58
grid points for z:  401
grid size for z:  0.025
rho = 1
0.05975971349714089
--- 8.621941804885864 seconds for the elasticity computation ---
0.0
--- 0.0661318302154541 seconds for the elasticity computation ---
0.05975971349714089
--- 0.06543374061584473 seconds for the elasticity computation ---
0.0
--- 0.06535768508911133 seconds for the elasticity computation ---
0.0
--- 0.06837821006774902 seconds for the elasticity computation ---
0.05975971349714089
0.005643940113077034
--- 0.0688779354095459 seconds for the elasticity computation ---
0.05975971349714089
0.005643940113077034
--- 0.06732964515686035 seconds for the elasticity computation ---
0.05975971349714089
0.005643940113077034
--- 0.06647777557373047 seconds for the elasticity computation ---
0.05975971349714089
0.005643940113077034
--- 0.06620931625366211 seconds for the elasticity computation ---
parsed_args = parse_commandline() = Dict{String, Any}("dataname" => "lower_triangular_four_ambiguous_parameters", "clowerlim" => 0.0001, "delta" => 0.02, "boundary" => 0, "Delta" => 10.0, "q" => 0.2, "zmax" => 5.0, "logadjustment" => 1, "zscale" => 2.0, "foc" => 1, "distorted" => 0, "rho" => 1.0, "gamma" => 7.0)
=============================================================
./output/lower_triangular_four_ambiguous_parameters/Delta_10.0_distorted_0/logadjustment_1_boundary_0/zmax_5.0_zscale_2.0/delta_0.02/q_0.2_gamma_7.0_rho_1.0/
=============================================================
solve for structured linear system 
structured_relative_entropy = 0.20231535522096863
=============================================================
solve for unstructured linear system 
q_update = 0.3958062615700359
=============================================================
parsed_args = parse_commandline() = Dict{String, Any}("dataname" => "lower_triangular_four_ambiguous_parameters", "clowerlim" => 0.0001, "delta" => 0.02, "boundary" => 0, "Delta" => 10.0, "q" => 0.2, "zmax" => 5.0, "logadjustment" => 1, "zscale" => 2.0, "foc" => 1, "distorted" => 0, "rho" => 1.0, "gamma" => 7.0)
=============================================================
./output/lower_triangular_four_ambiguous_parameters/Delta_10.0_distorted_0/logadjustment_1_boundary_0/zmax_5.0_zscale_2.0/delta_0.02/q_0.2_gamma_7.0_rho_1.0/
=============================================================
solve for structured linear system 
structured_relative_entropy = 0.20231535522096863
=============================================================
solve for unstructured linear system 
q_update = 0.395806261570036
=============================================================
Program ends Fri Jan 19 22:22:40 CST 2024
Elapsed time: 0 days 00 hr 01 min 20 sec
