D_10.0_distorted_0_boundary_1_delta_0.01_gamma_5.0_q_0.05_rho_1.0_upper_triangular_four_ambiguous_parameters
Program starts Fri Jan 19 22:17:08 CST 2024
parsed_args = parse_commandline() = Dict{String, Any}("dataname" => "upper_triangular_four_ambiguous_parameters", "clowerlim" => 0.0001, "delta" => 0.01, "boundary" => 1, "Delta" => 10.0, "q" => 0.05, "zmax" => 5.0, "logadjustment" => 1, "zscale" => 2.0, "foc" => 1, "distorted" => 0, "rho" => 1.0, "gamma" => 5.0)
=============================================================
logadjustment: true
reflective_boundary: true
0.0922
U: [1.0331966455186503 0.4546065240282061; 0.0 0.06463435618925897]
L: [1.0331966455186503 0.0; 0.4546065240282061 0.06463435618925897]
[-2.220446049250313e-16 0.0; 0.0 0.0]
sigma_k: [0.010331966455186503, 0.004546065240282061]
sigma_z: [0.0, 0.06463435618925897]
Compute value function WITH ROBUSTNESS
computing undistorted version...
zmax = 5.0, zmin = -5.0, zlength = 401
reflective boundary condition
----------------------------------
Iteration = 1
Distance = 1.2227855828628442
v max = -0.8167022018826012
v min = -3.2227855828628442
d max = 0.07611111111111112
d min = 0.07611111111111112
dF max = 0.07611111111111112
dB max = 0.07611111111111112
hk max = 0.010331966455186503
hk min = 0.010331966455186503
hz max = 0.004546065240282061
hz min = 0.004546065240282061
lambdaF max = 0.3192694661254032
lambdaF min = 0.01225494967187982
lambdaB max = 0.3192694661254032
lambdaB min = 0.01225494967187982
----------------------------------
----------------------------------
Iteration = 2
Distance = 0.8770866251307075
v max = -0.267710017478598
v min = -4.099872207993552
d max = 0.07611111111111112
d min = 0.07611111111111112
dF max = 0.07611111111111112
dB max = 0.07611111111111112
hk max = 0.010331966455186503
hk min = 0.010331966455186503
hz max = 0.020120608900346955
hz min = 0.016576009988621895
lambdaF max = 0.6397427191312006
lambdaF min = 0.01225494967187982
lambdaB max = 0.6397427191311716
lambdaB min = 0.01225494967187982
----------------------------------
----------------------------------
Iteration = 3
Distance = 0.5893413726416963
v max = 0.015245544497817133
v min = -4.689213580635248
d max = 0.07611111111111112
d min = 0.07611111111111112
dF max = 0.07611111111111112
dB max = 0.07611111111111112
hk max = 0.010331966455186503
hk min = 0.010331966455186503
hz max = 0.031148657952322325
hz min = 0.022981444409404566
lambdaF max = 0.8782713885513045
lambdaF min = 0.01225494967187982
lambdaB max = 0.8819576963389459
lambdaB min = 0.01225494967187982
----------------------------------
----------------------------------
Iteration = 4
Distance = 0.40483835487056474
v max = 0.15070265079203424
v min = -5.094051935505813
d max = 0.07611111111111112
d min = 0.07611111111111112
dF max = 0.07611111111111112
dB max = 0.07611111111111112
hk max = 0.010331966455186503
hk min = 0.010331966455186503
hz max = 0.03833947882692842
hz min = 0.026248014457237685
lambdaF max = 1.0321242709910963
lambdaF min = 0.01225494967187982
lambdaB max = 1.0386034137204847
lambdaB min = 0.01225494967187982
----------------------------------
----------------------------------
Iteration = 5
Distance = 0.2848122809708027
v max = 0.20646162579645447
v min = -5.378864216476615
d max = 0.07611111111111112
d min = 0.07611111111111112
dF max = 0.07611111111111112
dB max = 0.07611111111111112
hk max = 0.010331966455186503
hk min = 0.010331966455186503
hz max = 0.043054224634239385
hz min = 0.028116735096868895
lambdaF max = 1.131384657132861
lambdaF min = 0.01225494967187982
lambdaB max = 1.1399130472599404
lambdaB min = 0.01225494967187982
----------------------------------
----------------------------------
Iteration = 6
Distance = 0.20492705321731997
v max = 0.2196891126033175
v min = -5.583791269693935
d max = 0.07611111111111112
d min = 0.07611111111111112
dF max = 0.07611111111111112
dB max = 0.07611111111111112
hk max = 0.010331966455186503
hk min = 0.010331966455186503
hz max = 0.04616296447682859
hz min = 0.02911048630585533
lambdaF max = 1.1962845831347897
lambdaF min = 0.01225494967187982
lambdaB max = 1.206278335292499
lambdaB min = 0.01225494967187982
----------------------------------
----------------------------------
Iteration = 7
Distance = 0.15097586069870772
v max = 0.21025827543604786
v min = -5.734767130392643
d max = 0.07611111111111112
d min = 0.07611111111111112
dF max = 0.07611111111111112
dB max = 0.07611111111111112
hk max = 0.010331966455186503
hk min = 0.010331966455186503
hz max = 0.048216341202228404
hz min = 0.029667989514608032
lambdaF max = 1.2397328912532302
lambdaF min = 0.01225494967187982
lambdaB max = 1.2501912013119745
lambdaB min = 0.01225494967187982
----------------------------------
----------------------------------
Iteration = 8
Distance = 0.11405109125820267
v max = 0.18890548126169435
v min = -5.848818221650846
d max = 0.07611111111111112
d min = 0.07611111111111112
dF max = 0.07611111111111112
dB max = 0.07611111111111112
hk max = 0.010331966455186503
hk min = 0.010331966455186503
hz max = 0.049573332139659095
hz min = 0.02998706892357886
lambdaF max = 1.2687192853188773
lambdaF min = 0.01225494967187982
lambdaB max = 1.2797913092186335
lambdaB min = 0.01225494967187982
----------------------------------
----------------------------------
Iteration = 9
Distance = 0.08841107135897275
v max = 0.16156916187422554
v min = -5.9372292930098185
d max = 0.07611111111111112
d min = 0.07611111111111112
dF max = 0.07611111111111112
dB max = 0.07611111111111112
hk max = 0.010331966455186503
hk min = 0.010331966455186503
hz max = 0.05047018919935065
hz min = 0.03017888519296322
lambdaF max = 1.2880678449093532
lambdaF min = 0.01225494967187982
lambdaB max = 1.2995506310972773
lambdaB min = 0.01225494967187982
----------------------------------
----------------------------------
Iteration = 10
Distance = 0.07030727895565825
v max = 0.1316461187552669
v min = -6.007536571965477
d max = 0.07611111111111112
d min = 0.07611111111111112
dF max = 0.07611111111111112
dB max = 0.07611111111111112
hk max = 0.010331966455186503
hk min = 0.010331966455186503
hz max = 0.05106290598475837
hz min = 0.030298577298779432
lambdaF max = 1.3009921983783037
lambdaF min = 0.01225494967187982
lambdaB max = 1.3127450982514337
lambdaB min = 0.01225494967187982
----------------------------------
----------------------------------
Iteration = 11
Distance = 0.057274595641532144
v max = 0.1011275890816085
v min = -6.064811167607009
d max = 0.07611111111111112
d min = 0.07611111111111112
dF max = 0.07611111111111112
dB max = 0.07611111111111112
hk max = 0.010331966455186503
hk min = 0.010331966455186503
hz max = 0.05145459583581223
hz min = 0.030375598744849717
lambdaF max = 1.3096217026628594
lambdaF min = 0.01225494967187982
lambdaB max = 1.3215517362336386
lambdaB min = 0.01225494967187982
----------------------------------
----------------------------------
Iteration = 12
Distance = 0.04768375493644239
v max = 0.071188408696819
v min = -6.112494922543451
d max = 0.07611111111111112
d min = 0.07611111111111112
dF max = 0.07611111111111112
dB max = 0.07611111111111112
hk max = 0.010331966455186503
hk min = 0.010331966455186503
hz max = 0.05171343228213609
hz min = 0.030426110665541583
lambdaF max = 1.3153782991626914
lambdaF min = 0.01225494967187982
lambdaB max = 1.3274244702105105
lambdaB min = 0.01225494967187982
----------------------------------
----------------------------------
Iteration = 13
Distance = 0.04045337775120661
v max = 0.042507992314388836
v min = -6.152948300294658
d max = 0.07611111111111112
d min = 0.07611111111111112
dF max = 0.07611111111111112
dB max = 0.07611111111111112
hk max = 0.010331966455186503
hk min = 0.010331966455186503
hz max = 0.05188448196054107
hz min = 0.030459611430124704
lambdaF max = 1.3192144431374588
lambdaF min = 0.01225494967187982
lambdaB max = 1.3313368472822222
lambdaB min = 0.01225494967187982
----------------------------------
----------------------------------
Iteration = 14
Distance = 0.034862666544150045
v max = 0.015456891654283706
v min = -6.187810966838808
d max = 0.07611111111111112
d min = 0.07611111111111112
dF max = 0.07611111111111112
dB max = 0.07611111111111112
hk max = 0.010331966455186503
hk min = 0.010331966455186503
hz max = 0.05199752908468864
hz min = 0.03048195918925635
lambdaF max = 1.321768320537277
lambdaF min = 0.01225494967187982
lambdaB max = 1.3339408480433306
lambdaB min = 0.01225494967187982
----------------------------------
----------------------------------
Iteration = 15
Distance = 0.03042881472014436
v max = -0.009789293321208831
v min = -6.218239781558952
d max = 0.07611111111111112
d min = 0.07611111111111112
dF max = 0.07611111111111112
dB max = 0.07611111111111112
hk max = 0.010331966455186503
hk min = 0.010331966455186503
hz max = 0.05207225320299383
hz min = 0.0304969034442172
lambdaF max = 1.3234671142233696
lambdaF min = 0.01225494967187982
lambdaB max = 1.3356726543181106
lambdaB min = 0.01225494967187982
----------------------------------
----------------------------------
Iteration = 16
Distance = 0.026826473194383915
v max = -0.03317785359010217
v min = -6.245066254753336
d max = 0.07611111111111112
d min = 0.07611111111111112
dF max = 0.07611111111111112
dB max = 0.07611111111111112
hk max = 0.010331966455186503
hk min = 0.010331966455186503
hz max = 0.05212165522135447
hz min = 0.030506900960252256
lambdaF max = 1.3245963453784169
lambdaF min = 0.01225494967187982
lambdaB max = 1.3368236614866038
lambdaB min = 0.01225494967187982
----------------------------------
----------------------------------
Iteration = 17
Distance = 0.02383471982344698
v max = -0.05473238643698073
v min = -6.268900974576783
d max = 0.07611111111111112
d min = 0.07611111111111112
dF max = 0.07611111111111112
dB max = 0.07611111111111112
hk max = 0.010331966455186503
hk min = 0.010331966455186503
hz max = 0.05215432334512351
hz min = 0.030513584550657398
lambdaF max = 1.325346563694892
lambdaF min = 0.01225494967187982
lambdaB max = 1.3375882617925106
lambdaB min = 0.01225494967187982
----------------------------------
----------------------------------
Iteration = 18
Distance = 0.021302080070250362
v max = -0.07452234314476298
v min = -6.2902030546470336
d max = 0.07611111111111112
d min = 0.07611111111111112
dF max = 0.07611111111111112
dB max = 0.07611111111111112
hk max = 0.010331966455186503
hk min = 0.010331966455186503
hz max = 0.05217593096412375
hz min = 0.030518047532785208
lambdaF max = 1.3258447669520794
lambdaF min = 0.01225494967187982
lambdaB max = 1.3380959729509292
lambdaB min = 0.01225494967187982
----------------------------------
----------------------------------
Iteration = 19
Distance = 0.019123421685944386
v max = -0.0926430918862975
v min = -6.309326476332978
d max = 0.07611111111111112
d min = 0.07611111111111112
dF max = 0.07611111111111112
dB max = 0.07611111111111112
hk max = 0.010331966455186503
hk min = 0.010331966455186503
hz max = 0.052190226345801456
hz min = 0.03052102396027869
lambdaF max = 1.3261755026296596
lambdaF min = 0.01225494967187982
lambdaB max = 1.338432998977975
lambdaB min = 0.01225494967187982
----------------------------------
----------------------------------
Iteration = 20
Distance = 0.01722467118982518
v max = -0.10920294865886977
v min = -6.326551147522803
d max = 0.07611111111111112
d min = 0.07611111111111112
dF max = 0.07611111111111112
dB max = 0.07611111111111112
hk max = 0.010331966455186503
hk min = 0.010331966455186503
hz max = 0.0521996863158906
hz min = 0.030523006678779843
lambdaF max = 1.32639500727079
lambdaF min = 0.01225494967187982
lambdaB max = 1.3386566675975589
lambdaB min = 0.01225494967187982
----------------------------------
----------------------------------
Iteration = 21
Distance = 0.015552688125033853
v max = -0.12431485652310377
v min = -6.342103835647837
d max = 0.07611111111111112
d min = 0.07611111111111112
dF max = 0.07611111111111112
dB max = 0.07611111111111112
hk max = 0.010331966455186503
hk min = 0.010331966455186503
hz max = 0.052205947911834846
hz min = 0.03052432613834778
lambdaF max = 1.3265406603915422
lambdaF min = 0.01225494967187982
lambdaB max = 1.3388050782694307
lambdaB min = 0.01225494967187982
----------------------------------
----------------------------------
Iteration = 22
Distance = 0.014068543393280564
v max = -0.13809116424385817
v min = -6.3561723790411175
d max = 0.07611111111111112
d min = 0.07611111111111112
dF max = 0.07611111111111112
dB max = 0.07611111111111112
hk max = 0.010331966455186503
hk min = 0.010331966455186503
hz max = 0.052210093399205425
hz min = 0.030525203504037538
lambdaF max = 1.3266372941211255
lambdaF min = 0.01225494967187982
lambdaB max = 1.3389035387246928
lambdaB min = 0.01225494967187982
----------------------------------
----------------------------------
Iteration = 23
Distance = 0.012743046231054045
v max = -0.15064046124269065
v min = -6.368915425272172
d max = 0.07611111111111112
d min = 0.07611111111111112
dF max = 0.07611111111111112
dB max = 0.07611111111111112
hk max = 0.010331966455186503
hk min = 0.010331966455186503
hz max = 0.05221283847352183
hz min = 0.030525786530300913
lambdaF max = 1.3267013981723632
lambdaF min = 0.01225494967187982
lambdaB max = 1.3389688531596589
lambdaB min = 0.01225494967187982
----------------------------------
----------------------------------
Iteration = 24
Distance = 0.011553758053493901
v max = -0.16206576558790092
v min = -6.3804691833256655
d max = 0.07611111111111112
d min = 0.07611111111111112
dF max = 0.07611111111111112
dB max = 0.07611111111111112
hk max = 0.010331966455186503
hk min = 0.010331966455186503
hz max = 0.05221465655153546
hz min = 0.030526173770373533
lambdaF max = 1.3267439189770778
lambdaF min = 0.01225494967187982
lambdaB max = 1.3390121760991063
lambdaB min = 0.01225494967187982
----------------------------------
----------------------------------
Iteration = 25
Distance = 0.010482990632111111
v max = -0.17246359226059882
v min = -6.390952173957777
d max = 0.07611111111111112
d min = 0.07611111111111112
dF max = 0.07611111111111112
dB max = 0.07611111111111112
hk max = 0.010331966455186503
hk min = 0.010331966455186503
hz max = 0.05221586087328716
hz min = 0.030526430873129024
lambdaF max = 1.3267721213451618
lambdaF min = 0.01225494967187982
lambdaB max = 1.3390409101188023
lambdaB min = 0.01225494967187982
----------------------------------
----------------------------------
Iteration = 26
Distance = 0.009516456882579405
v max = -0.18192358547422707
v min = -6.400468630840356
d max = 0.07611111111111112
d min = 0.07611111111111112
dF max = 0.07611111111111112
dB max = 0.07611111111111112
hk max = 0.010331966455186503
hk min = 0.010331966455186503
hz max = 0.052216658750347374
hz min = 0.030526601523058663
lambdaF max = 1.3267908257809329
lambdaF min = 0.01225494967187982
lambdaB max = 1.3390599669649876
lambdaB min = 0.01225494967187982
----------------------------------
----------------------------------
Iteration = 27
Distance = 0.008642355137697955
v max = -0.19052850481160574
v min = -6.409110985978054
d max = 0.07611111111111112
d min = 0.07611111111111112
dF max = 0.07611111111111112
dB max = 0.07611111111111112
hk max = 0.010331966455186503
hk min = 0.010331966455186503
hz max = 0.052217187420826684
hz min = 0.030526714765218475
lambdaF max = 1.3268032304127584
lambdaF min = 0.01225494967187982
lambdaB max = 1.3390726052124737
lambdaB min = 0.01225494967187982
----------------------------------
----------------------------------
Iteration = 28
Distance = 0.00785074204133096
v max = -0.1983544263755347
v min = -6.416961728019385
d max = 0.07611111111111112
d min = 0.07611111111111112
dF max = 0.07611111111111112
dB max = 0.07611111111111112
hk max = 0.010331966455186503
hk min = 0.010331966455186503
hz max = 0.05221753775500465
hz min = 0.030526789899035005
lambdaF max = 1.3268114567688825
lambdaF min = 0.01225494967187982
lambdaB max = 1.3390809864427775
lambdaB min = 0.01225494967187982
----------------------------------
----------------------------------
Iteration = 29
Distance = 0.007133098200396759
v max = -0.2054710680561175
v min = -6.424094826219782
d max = 0.07611111111111112
d min = 0.07611111111111112
dF max = 0.07611111111111112
dB max = 0.07611111111111112
hk max = 0.010331966455186503
hk min = 0.010331966455186503
hz max = 0.05221776993334229
hz min = 0.030526839742155577
lambdaF max = 1.3268169120698368
lambdaF min = 0.01225494967187982
lambdaB max = 1.3390865444210385
lambdaB min = 0.01225494967187982
----------------------------------
----------------------------------
Iteration = 30
Distance = 0.006482023083865585
v max = -0.2119421799929987
v min = -6.430576849303647
d max = 0.07611111111111112
d min = 0.07611111111111112
dF max = 0.07611111111111112
dB max = 0.07611111111111112
hk max = 0.010331966455186503
hk min = 0.010331966455186503
hz max = 0.05221792381846983
hz min = 0.0305268728042625
lambdaF max = 1.3268205296656557
lambdaF min = 0.01225494967187982
lambdaB max = 1.3390902300912424
lambdaB min = 0.01225494967187982
----------------------------------
----------------------------------
Iteration = 31
Distance = 0.00589101703151762
v max = -0.21782596255080436
v min = -6.436467866335165
d max = 0.07611111111111112
d min = 0.07611111111111112
dF max = 0.07611111111111112
dB max = 0.07611111111111112
hk max = 0.010331966455186503
hk min = 0.010331966455186503
hz max = 0.05221802581891848
hz min = 0.03052689473338747
lambdaF max = 1.3268229285730608
lambdaF min = 0.01225494967187982
lambdaB max = 1.3390926741327103
lambdaB min = 0.01225494967187982
----------------------------------
----------------------------------
Iteration = 32
Distance = 0.00535432236571598
v max = -0.22317548816577698
v min = -6.441822188700881
d max = 0.07611111111111112
d min = 0.07611111111111112
dF max = 0.07611111111111112
dB max = 0.07611111111111112
hk max = 0.010331966455186503
hk min = 0.010331966455186503
hz max = 0.05221809343241489
hz min = 0.030526909277430708
lambdaF max = 1.3268245193180939
lambdaF min = 0.01225494967187982
lambdaB max = 1.3390942948026423
lambdaB min = 0.01225494967187982
----------------------------------
----------------------------------
Iteration = 33
Distance = 0.004866804949374526
v max = -0.22803911265046736
v min = -6.446688993650255
d max = 0.07611111111111112
d min = 0.07611111111111112
dF max = 0.07611111111111112
dB max = 0.07611111111111112
hk max = 0.010331966455186503
hk min = 0.010331966455186503
hz max = 0.05221813825392836
hz min = 0.03052691892300136
lambdaF max = 1.3268255741485102
lambdaF min = 0.01225494967187982
lambdaB max = 1.3390953694742849
lambdaB min = 0.01225494967187982
----------------------------------
----------------------------------
Iteration = 34
Distance = 0.00442386372543524
v max = -0.23246086756913872
v min = -6.451112857375691
d max = 0.07611111111111112
d min = 0.07611111111111112
dF max = 0.07611111111111112
dB max = 0.07611111111111112
hk max = 0.010331966455186503
hk min = 0.010331966455186503
hz max = 0.052218167967706626
hz min = 0.030526925319674148
lambdaF max = 1.3268262736049306
lambdaF min = 0.01225494967187982
lambdaB max = 1.3390960820862032
lambdaB min = 0.01225494967187982
----------------------------------
----------------------------------
Iteration = 35
Distance = 0.004021359879143205
v max = -0.2364808291965009
v min = -6.455134217254834
d max = 0.07611111111111112
d min = 0.07611111111111112
dF max = 0.07611111111111112
dB max = 0.07611111111111112
hk max = 0.010331966455186503
hk min = 0.010331966455186503
hz max = 0.052218187666733
hz min = 0.0305269295616406
lambdaF max = 1.326826737409762
lambdaF min = 0.01225494967187982
lambdaB max = 1.3390965546137994
lambdaB min = 0.01225494967187982
----------------------------------
----------------------------------
Iteration = 36
Distance = 0.0036555599898306923
v max = -0.2401354620662086
v min = -6.4587897772446645
d max = 0.07611111111111112
d min = 0.07611111111111112
dF max = 0.07611111111111112
dB max = 0.07611111111111112
hk max = 0.010331966455186503
hk min = 0.010331966455186503
hz max = 0.05221820072677081
hz min = 0.030526932374642223
lambdaF max = 1.326827044953835
lambdaF min = 0.01225494967187982
lambdaB max = 1.339096867941512
lambdaB min = 0.01225494967187982
----------------------------------
----------------------------------
Iteration = 37
Distance = 0.0033230893521158933
v max = -0.24345793668273857
v min = -6.46211286659678
d max = 0.07611111111111112
d min = 0.07611111111111112
dF max = 0.07611111111111112
dB max = 0.07611111111111112
hk max = 0.010331966455186503
hk min = 0.010331966455186503
hz max = 0.052218209385508835
hz min = 0.030526934240009834
lambdaF max = 1.3268272488820414
lambdaF min = 0.01225494967187982
lambdaB max = 1.3390970757046021
lambdaB min = 0.01225494967187982
----------------------------------
----------------------------------
Iteration = 38
Distance = 0.0030208928541055613
v max = -0.2464784219293771
v min = -6.465133759450886
d max = 0.07611111111111112
d min = 0.07611111111111112
dF max = 0.07611111111111112
dB max = 0.07611111111111112
hk max = 0.010331966455186503
hk min = 0.010331966455186503
hz max = 0.05221821512633064
hz min = 0.03052693547696069
lambdaF max = 1.3268273841034408
lambdaF min = 0.01225494967187982
lambdaB max = 1.3390972134687489
lambdaB min = 0.01225494967187982
----------------------------------
----------------------------------
Iteration = 39
Distance = 0.002746201607902954
v max = -0.24922435326772935
v min = -6.467879961058789
d max = 0.07611111111111112
d min = 0.07611111111111112
dF max = 0.07611111111111112
dB max = 0.07611111111111112
hk max = 0.010331966455186503
hk min = 0.010331966455186503
hz max = 0.052218218932606225
hz min = 0.03052693629718941
lambdaF max = 1.3268274737662455
lambdaF min = 0.01225494967187982
lambdaB max = 1.3390973048175472
lambdaB min = 0.01225494967187982
----------------------------------
----------------------------------
Iteration = 40
Distance = 0.0024965040686071305
v max = -0.2517206781301066
v min = -6.470376465127396
d max = 0.07611111111111112
d min = 0.07611111111111112
dF max = 0.07611111111111112
dB max = 0.07611111111111112
hk max = 0.010331966455186503
hk min = 0.010331966455186503
hz max = 0.052218221456277525
hz min = 0.030526936841082552
lambdaF max = 1.3268275332198025
lambdaF min = 0.01225494967187982
lambdaB max = 1.339097365389021
lambdaB min = 0.01225494967187982
----------------------------------
----------------------------------
Iteration = 41
Distance = 0.00226952074333564
v max = -0.25399008004786716
v min = -6.472645985870732
d max = 0.07611111111111112
d min = 0.07611111111111112
dF max = 0.07611111111111112
dB max = 0.07611111111111112
hk max = 0.010331966455186503
hk min = 0.010331966455186503
hz max = 0.05221822312956292
hz min = 0.03052693720173457
lambdaF max = 1.326827572642141
lambdaF min = 0.01225494967187982
lambdaB max = 1.3390974055526315
lambdaB min = 0.01225494967187982
----------------------------------
----------------------------------
Iteration = 42
Distance = 0.0020631818385465905
v max = -0.25605318309707487
v min = -6.474709167709278
d max = 0.07611111111111112
d min = 0.07611111111111112
dF max = 0.07611111111111112
dB max = 0.07611111111111112
hk max = 0.010331966455186503
hk min = 0.010331966455186503
hz max = 0.05221822423902588
hz min = 0.030526937440879552
lambdaF max = 1.3268275987821823
lambdaF min = 0.01225494967187982
lambdaB max = 1.3390974321841902
lambdaB min = 0.01225494967187982
----------------------------------
----------------------------------
Iteration = 43
Distance = 0.001875607363135856
v max = -0.257928738217515
v min = -6.476584775072414
d max = 0.07611111111111112
d min = 0.07611111111111112
dF max = 0.07611111111111112
dB max = 0.07611111111111112
hk max = 0.010331966455186503
hk min = 0.010331966455186503
hz max = 0.05221822497465321
hz min = 0.030526937599453033
lambdaF max = 1.326827616115083
lambdaF min = 0.01225494967187982
lambdaB max = 1.3390974498429866
lambdaB min = 0.01225494967187982
----------------------------------
----------------------------------
Iteration = 44
Distance = 0.0017050893211960627
v max = -0.25963379289821664
v min = -6.47828986439361
d max = 0.07611111111111112
d min = 0.07611111111111112
dF max = 0.07611111111111112
dB max = 0.07611111111111112
hk max = 0.010331966455186503
hk min = 0.010331966455186503
hz max = 0.05221822546241387
hz min = 0.030526937704600552
lambdaF max = 1.3268276276080655
lambdaF min = 0.01225494967187982
lambdaB max = 1.3390974615520834
lambdaB min = 0.01225494967187982
----------------------------------
----------------------------------
Iteration = 45
Distance = 0.0015500757098632079
v max = -0.26118384563902525
v min = -6.479839940103473
d max = 0.07611111111111112
d min = 0.07611111111111112
dF max = 0.07611111111111112
dB max = 0.07611111111111112
hk max = 0.010331966455186503
hk min = 0.010331966455186503
hz max = 0.052218225785823344
hz min = 0.030526937774322162
lambdaF max = 1.326827635228751
lambdaF min = 0.01225494967187982
lambdaB max = 1.3390974693160607
lambdaB min = 0.01225494967187982
----------------------------------
----------------------------------
Iteration = 46
Distance = 0.0014091560952094184
v max = -0.26259298650415125
v min = -6.481249096198683
d max = 0.07611111111111112
d min = 0.07611111111111112
dF max = 0.07611111111111112
dB max = 0.07611111111111112
hk max = 0.010331966455186503
hk min = 0.010331966455186503
hz max = 0.05221822600026316
hz min = 0.030526937820552897
lambdaF max = 1.3268276402818784
lambdaF min = 0.01225494967187982
lambdaB max = 1.3390974744641484
lambdaB min = 0.01225494967187982
----------------------------------
----------------------------------
Iteration = 47
Distance = 0.0012810485814140904
v max = -0.263874024986946
v min = -6.482530144780097
d max = 0.07611111111111112
d min = 0.07611111111111112
dF max = 0.07611111111111112
dB max = 0.07611111111111112
hk max = 0.010331966455186503
hk min = 0.010331966455186503
hz max = 0.05221822614245071
hz min = 0.03052693785120772
lambdaF max = 1.3268276436324244
lambdaF min = 0.01225494967187982
lambdaB max = 1.339097477877752
lambdaB min = 0.01225494967187982
----------------------------------
----------------------------------
Iteration = 48
Distance = 0.0011645880186810231
v max = -0.2650386063095198
v min = -6.483694732798778
d max = 0.07611111111111112
d min = 0.07611111111111112
dF max = 0.07611111111111112
dB max = 0.07611111111111112
hk max = 0.010331966455186503
hk min = 0.010331966455186503
hz max = 0.05221822623673111
hz min = 0.030526937871534047
lambdaF max = 1.3268276458541173
lambdaF min = 0.01225494967187982
lambdaB max = 1.3390974801411737
lambdaB min = 0.01225494967187982
----------------------------------
----------------------------------
Iteration = 49
Distance = 0.0010587153191634613
v max = -0.2660973171887104
v min = -6.484753448117941
d max = 0.07611111111111112
d min = 0.07611111111111112
dF max = 0.07611111111111112
dB max = 0.07611111111111112
hk max = 0.010331966455186503
hk min = 0.010331966455186503
hz max = 0.052218226299244865
hz min = 0.030526937885012168
lambdaF max = 1.3268276473272327
lambdaF min = 0.01225494967187982
lambdaB max = 1.3390974816419685
lambdaB min = 0.01225494967187982
----------------------------------
----------------------------------
Iteration = 50
Distance = 0.0009624677681783211
v max = -0.26705978201286074
v min = -6.48571591588612
d max = 0.07611111111111112
d min = 0.07611111111111112
dF max = 0.07611111111111112
dB max = 0.07611111111111112
hk max = 0.010331966455186503
hk min = 0.010331966455186503
hz max = 0.0522182263406949
hz min = 0.030526937893948978
lambdaF max = 1.3268276483040509
lambdaF min = 0.01225494967187982
lambdaB max = 1.3390974826371536
lambdaB min = 0.01225494967187982
----------------------------------
----------------------------------
Iteration = 51
Distance = 0.0008749702316785957
v max = -0.2679347502924331
v min = -6.486590886117798
d max = 0.07611111111111112
d min = 0.07611111111111112
dF max = 0.07611111111111112
dB max = 0.07611111111111112
hk max = 0.010331966455186503
hk min = 0.010331966455186503
hz max = 0.052218226368183594
hz min = 0.030526937899874942
lambdaF max = 1.3268276489517856
lambdaF min = 0.01225494967187982
lambdaB max = 1.3390974832970366
lambdaB min = 0.01225494967187982
----------------------------------
----------------------------------
Iteration = 52
Distance = 0.0007954271738981333
v max = -0.26873017617195466
v min = -6.4873863132916965
d max = 0.07611111111111112
d min = 0.07611111111111112
dF max = 0.07611111111111112
dB max = 0.07611111111111112
hk max = 0.010331966455186503
hk min = 0.010331966455186503
hz max = 0.052218226386404526
hz min = 0.030526937903804008
lambdaF max = 1.326827649381241
lambdaF min = 0.01225494967187982
lambdaB max = 1.3390974837345797
lambdaB min = 0.01225494967187982
----------------------------------
----------------------------------
Iteration = 53
Distance = 0.0007231154074762713
v max = -0.2694532907211498
v min = -6.488109428699173
d max = 0.07611111111111112
d min = 0.07611111111111112
dF max = 0.07611111111111112
dB max = 0.07611111111111112
hk max = 0.010331966455186503
hk min = 0.010331966455186503
hz max = 0.05221822639848752
hz min = 0.030526937906409563
lambdaF max = 1.3268276496659528
lambdaF min = 0.01225494967187982
lambdaB max = 1.3390974840247032
lambdaB min = 0.01225494967187982
----------------------------------
----------------------------------
Iteration = 54
Distance = 0.0006573775070934929
v max = -0.2701106676591585
v min = -6.488766806206266
d max = 0.07611111111111112
d min = 0.07611111111111112
dF max = 0.07611111111111112
dB max = 0.07611111111111112
hk max = 0.010331966455186503
hk min = 0.010331966455186503
hz max = 0.052218226406499216
hz min = 0.030526937908137076
lambdaF max = 1.3268276498548175
lambdaF min = 0.01225494967187982
lambdaB max = 1.3390974842170813
lambdaB min = 0.01225494967187982
----------------------------------
----------------------------------
Iteration = 55
Distance = 0.000597615825343567
v max = -0.2707082831071487
v min = -6.48936442203161
d max = 0.07611111111111112
d min = 0.07611111111111112
dF max = 0.07611111111111112
dB max = 0.07611111111111112
hk max = 0.010331966455186503
hk min = 0.010331966455186503
hz max = 0.05221822641181279
hz min = 0.030526937909282487
lambdaF max = 1.3268276499800469
lambdaF min = 0.01225494967187982
lambdaB max = 1.3390974843446626
lambdaB min = 0.01225494967187982
----------------------------------
----------------------------------
Iteration = 56
Distance = 0.0005432870541257628
v max = -0.27125156991106875
v min = -6.4899077090857356
d max = 0.07611111111111112
d min = 0.07611111111111112
dF max = 0.07611111111111112
dB max = 0.07611111111111112
hk max = 0.010331966455186503
hk min = 0.010331966455186503
hz max = 0.05221822641533298
hz min = 0.030526937910042268
lambdaF max = 1.3268276500630405
lambdaF min = 0.01225494967187982
lambdaB max = 1.3390974844291719
lambdaB min = 0.01225494967187982
----------------------------------
----------------------------------
Iteration = 57
Distance = 0.0004938972822721155
v max = -0.271745467027437
v min = -6.490401606368008
d max = 0.07611111111111112
d min = 0.07611111111111112
dF max = 0.07611111111111112
dB max = 0.07611111111111112
hk max = 0.010331966455186503
hk min = 0.010331966455186503
hz max = 0.052218226417670585
hz min = 0.030526937910545726
lambdaF max = 1.326827650118066
lambdaF min = 0.01225494967187982
lambdaB max = 1.3390974844852914
lambdaB min = 0.01225494967187982
----------------------------------
----------------------------------
Iteration = 58
Distance = 0.00044899750304328023
v max = -0.27219446442047246
v min = -6.490850603871051
d max = 0.07611111111111112
d min = 0.07611111111111112
dF max = 0.07611111111111112
dB max = 0.07611111111111112
hk max = 0.010331966455186503
hk min = 0.010331966455186503
hz max = 0.05221822641921828
hz min = 0.030526937910879688
lambdaF max = 1.326827650154582
lambdaF min = 0.01225494967187982
lambdaB max = 1.3390974845224841
lambdaB min = 0.01225494967187982
----------------------------------
----------------------------------
Iteration = 59
Distance = 0.0004081795307833147
v max = -0.2726026438783135
v min = -6.491258783401834
d max = 0.07611111111111112
d min = 0.07611111111111112
dF max = 0.07611111111111112
dB max = 0.07611111111111112
hk max = 0.010331966455186503
hk min = 0.010331966455186503
hz max = 0.0522182264202493
hz min = 0.030526937911101136
lambdaF max = 1.3268276501787477
lambdaF min = 0.01225494967187982
lambdaB max = 1.3390974845471326
lambdaB min = 0.01225494967187982
----------------------------------
----------------------------------
Iteration = 60
Distance = 0.00037107228915900237
v max = -0.2729737161190965
v min = -6.491629855690993
d max = 0.07611111111111112
d min = 0.07611111111111112
dF max = 0.07611111111111112
dB max = 0.07611111111111112
hk max = 0.010331966455186503
hk min = 0.010331966455186503
hz max = 0.0522182264209267
hz min = 0.030526937911247953
lambdaF max = 1.326827650194806
lambdaF min = 0.01225494967187982
lambdaB max = 1.3390974845634813
lambdaB min = 0.01225494967187982
----------------------------------
----------------------------------
Iteration = 61
Distance = 0.0003373384370100041
v max = -0.2733110545240397
v min = -6.491967194128003
d max = 0.07611111111111112
d min = 0.07611111111111112
dF max = 0.07611111111111112
dB max = 0.07611111111111112
hk max = 0.010331966455186503
hk min = 0.010331966455186503
hz max = 0.05221822642137677
hz min = 0.030526937911345257
lambdaF max = 1.3268276502054277
lambdaF min = 0.01225494967187982
lambdaB max = 1.3390974845742023
lambdaB min = 0.01225494967187982
----------------------------------
----------------------------------
Iteration = 62
Distance = 0.0003066713012938038
v max = -0.27361772580406835
v min = -6.492273865429297
d max = 0.07611111111111112
d min = 0.07611111111111112
dF max = 0.07611111111111112
dB max = 0.07611111111111112
hk max = 0.010331966455186503
hk min = 0.010331966455186503
hz max = 0.05221822642167988
hz min = 0.03052693791140984
lambdaF max = 1.3268276502124985
lambdaF min = 0.01225494967187982
lambdaB max = 1.3390974845815276
lambdaB min = 0.01225494967187982
----------------------------------
----------------------------------
Iteration = 63
Distance = 0.0002787920887161732
v max = -0.2738965178786821
v min = -6.492552657518013
d max = 0.07611111111111112
d min = 0.07611111111111112
dF max = 0.07611111111111112
dB max = 0.07611111111111112
hk max = 0.010331966455186503
hk min = 0.010331966455186503
hz max = 0.05221822642187736
hz min = 0.030526937911452754
lambdaF max = 1.326827650217212
lambdaF min = 0.01225494967187982
lambdaB max = 1.3390974845862122
lambdaB min = 0.01225494967187982
----------------------------------
----------------------------------
Iteration = 64
Distance = 0.00025344735114529726
v max = -0.2741499652204734
v min = -6.4928061048691585
d max = 0.07611111111111112
d min = 0.07611111111111112
dF max = 0.07611111111111112
dB max = 0.07611111111111112
hk max = 0.010331966455186503
hk min = 0.010331966455186503
hz max = 0.05221822642200595
hz min = 0.030526937911481027
lambdaF max = 1.3268276502203233
lambdaF min = 0.01225494967187982
lambdaB max = 1.3390974845894503
lambdaB min = 0.01225494967187982
----------------------------------
----------------------------------
Iteration = 65
Distance = 0.00023040668137142006
v max = -0.2743803718956485
v min = -6.49303651155053
d max = 0.07611111111111112
d min = 0.07611111111111112
dF max = 0.07611111111111112
dB max = 0.07611111111111112
hk max = 0.010331966455186503
hk min = 0.010331966455186503
hz max = 0.05221822642209321
hz min = 0.030526937911499828
lambdaF max = 1.3268276502223662
lambdaF min = 0.01225494967187982
lambdaB max = 1.3390974845915253
lambdaB min = 0.01225494967187982
----------------------------------
----------------------------------
Iteration = 66
Distance = 0.000209460618457058
v max = -0.2745898325099854
v min = -6.493245972168987
d max = 0.07611111111111112
d min = 0.07611111111111112
dF max = 0.07611111111111112
dB max = 0.07611111111111112
hk max = 0.010331966455186503
hk min = 0.010331966455186503
hz max = 0.0522182264221575
hz min = 0.03052693791151231
lambdaF max = 1.3268276502236855
lambdaF min = 0.01225494967187982
lambdaB max = 1.3390974845929087
lambdaB min = 0.01225494967187982
----------------------------------
----------------------------------
Iteration = 67
Distance = 0.0001904187433954263
v max = -0.27478025125064975
v min = -6.4934363909123824
d max = 0.07611111111111112
d min = 0.07611111111111112
dF max = 0.07611111111111112
dB max = 0.07611111111111112
hk max = 0.010331966455186503
hk min = 0.010331966455186503
hz max = 0.052218226422194244
hz min = 0.03052693791152049
lambdaF max = 1.3268276502246283
lambdaF min = 0.01225494967187982
lambdaB max = 1.3390974845938206
lambdaB min = 0.01225494967187982
----------------------------------
----------------------------------
Iteration = 68
Distance = 0.00017310794809421992
v max = -0.2749533591969483
v min = -6.493609498860477
d max = 0.07611111111111112
d min = 0.07611111111111112
dF max = 0.07611111111111112
dB max = 0.07611111111111112
hk max = 0.010331966455186503
hk min = 0.010331966455186503
hz max = 0.052218226422214915
hz min = 0.030526937911525946
lambdaF max = 1.3268276502252256
lambdaF min = 0.01225494967187982
lambdaB max = 1.3390974845943864
lambdaB min = 0.01225494967187982
----------------------------------
----------------------------------
Iteration = 69
Distance = 0.00015737086162115332
v max = -0.27511073005737796
v min = -6.493766869722098
d max = 0.07611111111111112
d min = 0.07611111111111112
dF max = 0.07611111111111112
dB max = 0.07611111111111112
hk max = 0.010331966455186503
hk min = 0.010331966455186503
hz max = 0.05221822642223558
hz min = 0.03052693791152982
lambdaF max = 1.3268276502256027
lambdaF min = 0.01225494967187982
lambdaB max = 1.339097484594795
lambdaB min = 0.01225494967187982
----------------------------------
----------------------------------
Iteration = 70
Distance = 0.0001430644194728714
v max = -0.2752537944760557
v min = -6.493909934141571
d max = 0.07611111111111112
d min = 0.07611111111111112
dF max = 0.07611111111111112
dB max = 0.07611111111111112
hk max = 0.010331966455186503
hk min = 0.010331966455186503
hz max = 0.05221822642224706
hz min = 0.030526937911532118
lambdaF max = 1.326827650225854
lambdaF min = 0.01225494967187982
lambdaB max = 1.3390974845951094
lambdaB min = 0.01225494967187982
----------------------------------
----------------------------------
Iteration = 71
Distance = 0.00013005856302683583
v max = -0.27538385303856067
v min = -6.4940399927045975
d max = 0.07611111111111112
d min = 0.07611111111111112
dF max = 0.07611111111111112
dB max = 0.07611111111111112
hk max = 0.010331966455186503
hk min = 0.010331966455186503
hz max = 0.05221822642225395
hz min = 0.030526937911533696
lambdaF max = 1.3268276502260425
lambdaF min = 0.01225494967187982
lambdaB max = 1.3390974845953296
lambdaB min = 0.01225494967187982
----------------------------------
----------------------------------
Iteration = 72
Distance = 0.00011823505722130534
v max = -0.2755020880954296
v min = -6.494158227761819
d max = 0.07611111111111112
d min = 0.07611111111111112
dF max = 0.07611111111111112
dB max = 0.07611111111111112
hk max = 0.010331966455186503
hk min = 0.010331966455186503
hz max = 0.05221822642226084
hz min = 0.030526937911534845
lambdaF max = 1.3268276502261684
lambdaF min = 0.01225494967187982
lambdaB max = 1.339097484595455
lambdaB min = 0.01225494967187982
----------------------------------
----------------------------------
Iteration = 73
Distance = 0.00010748641559477079
v max = -0.275609574510795
v min = -6.494265714177413
d max = 0.07611111111111112
d min = 0.07611111111111112
dF max = 0.07611111111111112
dB max = 0.07611111111111112
hk max = 0.010331966455186503
hk min = 0.010331966455186503
hz max = 0.052218226422263134
hz min = 0.030526937911535563
lambdaF max = 1.3268276502262626
lambdaF min = 0.01225494967187982
lambdaB max = 1.3390974845954868
lambdaB min = 0.01225494967187982
----------------------------------
----------------------------------
Iteration = 74
Distance = 9.771492324173181e-5
v max = -0.2757072894338745
v min = -6.4943634291006545
d max = 0.07611111111111112
d min = 0.07611111111111112
dF max = 0.07611111111111112
dB max = 0.07611111111111112
hk max = 0.010331966455186503
hk min = 0.010331966455186503
hz max = 0.05221822642226543
hz min = 0.030526937911535993
lambdaF max = 1.3268276502262941
lambdaF min = 0.01225494967187982
lambdaB max = 1.3390974845955497
lambdaB min = 0.01225494967187982
----------------------------------
----------------------------------
Iteration = 75
Distance = 8.883174836515906e-5
v max = -0.27579612118214336
v min = -6.49445226084902
d max = 0.07611111111111112
d min = 0.07611111111111112
dF max = 0.07611111111111112
dB max = 0.07611111111111112
hk max = 0.010331966455186503
hk min = 0.010331966455186503
hz max = 0.05221822642226543
hz min = 0.03052693791153628
lambdaF max = 1.3268276502263256
lambdaF min = 0.01225494967187982
lambdaB max = 1.3390974845955812
lambdaB min = 0.01225494967187982
----------------------------------
----------------------------------
Iteration = 76
Distance = 8.075613486546729e-5
v max = -0.2758768773169422
v min = -6.494533016983884
d max = 0.07611111111111112
d min = 0.07611111111111112
dF max = 0.07611111111111112
dB max = 0.07611111111111112
hk max = 0.010331966455186503
hk min = 0.010331966455186503
hz max = 0.052218226422270024
hz min = 0.030526937911536565
lambdaF max = 1.3268276502263256
lambdaF min = 0.01225494967187982
lambdaB max = 1.3390974845955812
lambdaB min = 0.01225494967187982
----------------------------------
----------------------------------
Iteration = 77
Distance = 7.341466805055319e-5
v max = -0.2759502919849472
v min = -6.494606431651933
d max = 0.07611111111111112
d min = 0.07611111111111112
dF max = 0.07611111111111112
dB max = 0.07611111111111112
hk max = 0.010331966455186503
hk min = 0.010331966455186503
hz max = 0.052218226422270024
hz min = 0.03052693791153671
lambdaF max = 1.3268276502263567
lambdaF min = 0.01225494967187982
lambdaB max = 1.3390974845956438
lambdaB min = 0.01225494967187982
----------------------------------
----------------------------------
Iteration = 78
Distance = 6.674060731093334e-5
v max = -0.2760170325922268
v min = -6.494673172259244
d max = 0.07611111111111112
d min = 0.07611111111111112
dF max = 0.07611111111111112
dB max = 0.07611111111111112
hk max = 0.010331966455186503
hk min = 0.010331966455186503
hz max = 0.052218226422270024
hz min = 0.03052693791153671
lambdaF max = 1.3268276502263883
lambdaF min = 0.01225494967187982
lambdaB max = 1.3390974845956125
lambdaB min = 0.01225494967187982
----------------------------------
----------------------------------
Iteration = 79
Distance = 6.06732793650977e-5
v max = -0.27607770587157543
v min = -6.494733845538609
d max = 0.07611111111111112
d min = 0.07611111111111112
dF max = 0.07611111111111112
dB max = 0.07611111111111112
hk max = 0.010331966455186503
hk min = 0.010331966455186503
hz max = 0.052218226422270024
hz min = 0.030526937911536853
lambdaF max = 1.3268276502263567
lambdaF min = 0.01225494967187982
lambdaB max = 1.3390974845956125
lambdaB min = 0.01225494967187982
----------------------------------
----------------------------------
Iteration = 80
Distance = 5.515752669715823e-5
v max = -0.2761328633982577
v min = -6.494789003065303
d max = 0.07611111111111112
d min = 0.07611111111111112
dF max = 0.07611111111111112
dB max = 0.07611111111111112
hk max = 0.010331966455186503
hk min = 0.010331966455186503
hz max = 0.05221822642226773
hz min = 0.03052693791153671
lambdaF max = 1.3268276502263567
lambdaF min = 0.01225494967187982
lambdaB max = 1.3390974845956438
lambdaB min = 0.01225494967187982
----------------------------------
----------------------------------
Iteration = 81
Distance = 5.014320608864864e-5
v max = -0.27618300660433354
v min = -6.494839146271389
d max = 0.07611111111111112
d min = 0.07611111111111112
dF max = 0.07611111111111112
dB max = 0.07611111111111112
hk max = 0.010331966455186503
hk min = 0.010331966455186503
hz max = 0.052218226422270024
hz min = 0.030526937911536996
lambdaF max = 1.3268276502263883
lambdaF min = 0.01225494967187982
lambdaB max = 1.3390974845956125
lambdaB min = 0.01225494967187982
----------------------------------
----------------------------------
Iteration = 82
Distance = 4.558473280447117e-5
v max = -0.27622859133713185
v min = -6.494884731004192
d max = 0.07611111111111112
d min = 0.07611111111111112
dF max = 0.07611111111111112
dB max = 0.07611111111111112
hk max = 0.010331966455186503
hk min = 0.010331966455186503
hz max = 0.052218226422270024
hz min = 0.030526937911536853
lambdaF max = 1.3268276502263883
lambdaF min = 0.01225494967187982
lambdaB max = 1.3390974845956753
lambdaB min = 0.01225494967187982
----------------------------------
----------------------------------
Iteration = 83
Distance = 4.144066618483322e-5
v max = -0.27627003200331174
v min = -6.494926171670371
d max = 0.07611111111111112
d min = 0.07611111111111112
dF max = 0.07611111111111112
dB max = 0.07611111111111112
hk max = 0.010331966455186503
hk min = 0.010331966455186503
hz max = 0.052218226422270024
hz min = 0.030526937911536996
lambdaF max = 1.3268276502263567
lambdaF min = 0.01225494967187982
lambdaB max = 1.3390974845956753
lambdaB min = 0.01225494967187982
----------------------------------
----------------------------------
Iteration = 84
Distance = 3.7673332895948874e-5
v max = -0.27630770533620175
v min = -6.494963845003265
d max = 0.07611111111111112
d min = 0.07611111111111112
dF max = 0.07611111111111112
dB max = 0.07611111111111112
hk max = 0.010331966455186503
hk min = 0.010331966455186503
hz max = 0.05221822642226773
hz min = 0.030526937911536996
lambdaF max = 1.3268276502263883
lambdaF min = 0.01225494967187982
lambdaB max = 1.3390974845956438
lambdaB min = 0.01225494967187982
----------------------------------
----------------------------------
Iteration = 85
Distance = 3.4248484460874806e-5
v max = -0.2763419538206479
v min = -6.494998093487724
d max = 0.07611111111111112
d min = 0.07611111111111112
dF max = 0.07611111111111112
dB max = 0.07611111111111112
hk max = 0.010331966455186503
hk min = 0.010331966455186503
hz max = 0.052218226422270024
hz min = 0.030526937911536996
lambdaF max = 1.3268276502263883
lambdaF min = 0.01225494967187982
lambdaB max = 1.3390974845956438
lambdaB min = 0.01225494967187982
----------------------------------
----------------------------------
Iteration = 86
Distance = 3.1134985865044484e-5
v max = -0.2763730888065098
v min = -6.495029228473588
d max = 0.07611111111111112
d min = 0.07611111111111112
dF max = 0.07611111111111112
dB max = 0.07611111111111112
hk max = 0.010331966455186503
hk min = 0.010331966455186503
hz max = 0.05221822642226543
hz min = 0.030526937911536853
lambdaF max = 1.3268276502263883
lambdaF min = 0.01225494967187982
lambdaB max = 1.3390974845955812
lambdaB min = 0.01225494967187982
----------------------------------
----------------------------------
Iteration = 87
Distance = 2.8304532604828125e-5
v max = -0.2764013933391102
v min = -6.495057533006186
d max = 0.07611111111111112
d min = 0.07611111111111112
dF max = 0.07611111111111112
dB max = 0.07611111111111112
hk max = 0.010331966455186503
hk min = 0.010331966455186503
hz max = 0.052218226422270024
hz min = 0.030526937911536996
lambdaF max = 1.3268276502263883
lambdaF min = 0.01225494967187982
lambdaB max = 1.3390974845956438
lambdaB min = 0.01225494967187982
----------------------------------
----------------------------------
Iteration = 88
Distance = 2.573139327921581e-5
v max = -0.2764271247323816
v min = -6.495083264399461
d max = 0.07611111111111112
d min = 0.07611111111111112
dF max = 0.07611111111111112
dB max = 0.07611111111111112
hk max = 0.010331966455186503
hk min = 0.010331966455186503
hz max = 0.05221822642226773
hz min = 0.030526937911536853
lambdaF max = 1.3268276502263567
lambdaF min = 0.01225494967187982
lambdaB max = 1.3390974845956438
lambdaB min = 0.01225494967187982
----------------------------------
----------------------------------
Iteration = 89
Distance = 2.3392175712011465e-5
v max = -0.2764505169080826
v min = -6.495106656575169
d max = 0.07611111111111112
d min = 0.07611111111111112
dF max = 0.07611111111111112
dB max = 0.07611111111111112
hk max = 0.010331966455186503
hk min = 0.010331966455186503
hz max = 0.052218226422270024
hz min = 0.030526937911536996
lambdaF max = 1.3268276502264196
lambdaF min = 0.01225494967187982
lambdaB max = 1.3390974845956438
lambdaB min = 0.01225494967187982
----------------------------------
----------------------------------
Iteration = 90
Distance = 2.126561428283935e-5
v max = -0.27647178252235705
v min = -6.495127922189435
d max = 0.07611111111111112
d min = 0.07611111111111112
dF max = 0.07611111111111112
dB max = 0.07611111111111112
hk max = 0.010331966455186503
hk min = 0.010331966455186503
hz max = 0.05221822642226543
hz min = 0.03052693791153671
lambdaF max = 1.3268276502264196
lambdaF min = 0.01225494967187982
lambdaB max = 1.3390974845956753
lambdaB min = 0.01225494967187982
----------------------------------
----------------------------------
Iteration = 91
Distance = 1.9332376617331448e-5
v max = -0.2764911148989692
v min = -6.495147254566046
d max = 0.07611111111111112
d min = 0.07611111111111112
dF max = 0.07611111111111112
dB max = 0.07611111111111112
hk max = 0.010331966455186503
hk min = 0.010331966455186503
hz max = 0.05221822642226773
hz min = 0.030526937911536996
lambdaF max = 1.3268276502264196
lambdaF min = 0.01225494967187982
lambdaB max = 1.3390974845956438
lambdaB min = 0.01225494967187982
----------------------------------
----------------------------------
Iteration = 92
Distance = 1.757488783438177e-5
v max = -0.2765086897867979
v min = -6.495164829453874
d max = 0.07611111111111112
d min = 0.07611111111111112
dF max = 0.07611111111111112
dB max = 0.07611111111111112
hk max = 0.010331966455186503
hk min = 0.010331966455186503
hz max = 0.052218226422270024
hz min = 0.030526937911536996
lambdaF max = 1.3268276502263883
lambdaF min = 0.01225494967187982
lambdaB max = 1.3390974845956438
lambdaB min = 0.01225494967187982
----------------------------------
----------------------------------
Iteration = 93
Distance = 1.59771707570755e-5
v max = -0.2765246669575519
v min = -6.4951808066246315
d max = 0.07611111111111112
d min = 0.07611111111111112
dF max = 0.07611111111111112
dB max = 0.07611111111111112
hk max = 0.010331966455186503
hk min = 0.010331966455186503
hz max = 0.05221822642226773
hz min = 0.030526937911536853
lambdaF max = 1.3268276502263883
lambdaF min = 0.01225494967187982
lambdaB max = 1.3390974845956438
lambdaB min = 0.01225494967187982
----------------------------------
----------------------------------
Iteration = 94
Distance = 1.4524700689300118e-5
v max = -0.2765391916582383
v min = -6.495195331325312
d max = 0.07611111111111112
d min = 0.07611111111111112
dF max = 0.07611111111111112
dB max = 0.07611111111111112
hk max = 0.010331966455186503
hk min = 0.010331966455186503
hz max = 0.052218226422270024
hz min = 0.030526937911536853
lambdaF max = 1.3268276502263567
lambdaF min = 0.01225494967187982
lambdaB max = 1.3390974845956438
lambdaB min = 0.01225494967187982
----------------------------------
----------------------------------
Iteration = 95
Distance = 1.320427335649299e-5
v max = -0.27655239593159003
v min = -6.495208535598664
d max = 0.07611111111111112
d min = 0.07611111111111112
dF max = 0.07611111111111112
dB max = 0.07611111111111112
hk max = 0.010331966455186503
hk min = 0.010331966455186503
hz max = 0.052218226422270024
hz min = 0.030526937911536853
lambdaF max = 1.3268276502263883
lambdaF min = 0.01225494967187982
lambdaB max = 1.3390974845956438
lambdaB min = 0.01225494967187982
----------------------------------
----------------------------------
Iteration = 96
Distance = 1.200388486832793e-5
v max = -0.27656439981645625
v min = -6.4952205394835305
d max = 0.07611111111111112
d min = 0.07611111111111112
dF max = 0.07611111111111112
dB max = 0.07611111111111112
hk max = 0.010331966455186503
hk min = 0.010331966455186503
hz max = 0.052218226422270024
hz min = 0.030526937911536996
lambdaF max = 1.3268276502263883
lambdaF min = 0.01225494967187982
lambdaB max = 1.3390974845956753
lambdaB min = 0.01225494967187982
----------------------------------
----------------------------------
Iteration = 97
Distance = 1.0912622607328615e-5
v max = -0.27657531243906264
v min = -6.495231452106136
d max = 0.07611111111111112
d min = 0.07611111111111112
dF max = 0.07611111111111112
dB max = 0.07611111111111112
hk max = 0.010331966455186503
hk min = 0.010331966455186503
hz max = 0.05221822642226773
hz min = 0.030526937911536996
lambdaF max = 1.3268276502263883
lambdaF min = 0.01225494967187982
lambdaB max = 1.3390974845956438
lambdaB min = 0.01225494967187982
----------------------------------
----------------------------------
Iteration = 98
Distance = 9.920566014010035e-6
v max = -0.27658523300506765
v min = -6.495241372672148
d max = 0.07611111111111112
d min = 0.07611111111111112
dF max = 0.07611111111111112
dB max = 0.07611111111111112
hk max = 0.010331966455186503
hk min = 0.010331966455186503
hz max = 0.052218226422270024
hz min = 0.030526937911536853
lambdaF max = 1.3268276502263883
lambdaF min = 0.01225494967187982
lambdaB max = 1.3390974845956438
lambdaB min = 0.01225494967187982
----------------------------------
    Value Function Converged, Iteration = 98 with gamma=5.0 with rho=1.0 and v=-2.8733968777050776
    Reflective boundary condition
=============================================================
Convegence time (minutes): 0.11546915336666667
Current Time = 22:17:47
grid points for z:  401
grid size for z:  0.025
-0.06696071775090301
-0.22228508674631936
--- 8.997408390045166 seconds for the elasticity computation ---
-0.012766559441251482
-0.09784088281966487
--- 0.0649111270904541 seconds for the elasticity computation ---
-0.021256830657711473
-0.12444420392665449
--- 0.0641183853149414 seconds for the elasticity computation ---
-0.13633998583357188
-0.22972410259405365
--- 0.06424713134765625 seconds for the elasticity computation ---
Current Time = 22:17:59
grid points for z:  401
grid size for z:  0.025
rho = 1
0.05937926808266887
--- 8.791374683380127 seconds for the elasticity computation ---
0.0
--- 0.06613707542419434 seconds for the elasticity computation ---
0.05937926808266887
--- 0.06574058532714844 seconds for the elasticity computation ---
0.0
--- 0.06555461883544922 seconds for the elasticity computation ---
0.0
--- 0.06579303741455078 seconds for the elasticity computation ---
0.05937926808266887
0.007439015847734282
--- 0.06601977348327637 seconds for the elasticity computation ---
0.05937926808266887
0.007439015847734282
--- 0.06568360328674316 seconds for the elasticity computation ---
0.05937926808266887
0.007439015847734282
--- 0.0661613941192627 seconds for the elasticity computation ---
0.05937926808266887
0.007439015847734282
--- 0.06601667404174805 seconds for the elasticity computation ---
parsed_args = parse_commandline() = Dict{String, Any}("dataname" => "upper_triangular_four_ambiguous_parameters", "clowerlim" => 0.0001, "delta" => 0.01, "boundary" => 1, "Delta" => 10.0, "q" => 0.05, "zmax" => 5.0, "logadjustment" => 1, "zscale" => 2.0, "foc" => 1, "distorted" => 0, "rho" => 1.0, "gamma" => 5.0)
=============================================================
./output/upper_triangular_four_ambiguous_parameters/Delta_10.0_distorted_0/logadjustment_1_boundary_1/zmax_5.0_zscale_2.0/delta_0.01/q_0.05_gamma_5.0_rho_1.0/
=============================================================
solve for structured linear system 
structured_relative_entropy = 0.050647292336227404
=============================================================
solve for unstructured linear system 
q_update = 0.20088043093888497
=============================================================
parsed_args = parse_commandline() = Dict{String, Any}("dataname" => "upper_triangular_four_ambiguous_parameters", "clowerlim" => 0.0001, "delta" => 0.01, "boundary" => 1, "Delta" => 10.0, "q" => 0.05, "zmax" => 5.0, "logadjustment" => 1, "zscale" => 2.0, "foc" => 1, "distorted" => 0, "rho" => 1.0, "gamma" => 5.0)
=============================================================
./output/upper_triangular_four_ambiguous_parameters/Delta_10.0_distorted_0/logadjustment_1_boundary_1/zmax_5.0_zscale_2.0/delta_0.01/q_0.05_gamma_5.0_rho_1.0/
=============================================================
solve for structured linear system 
structured_relative_entropy = 0.050647292336227424
=============================================================
solve for unstructured linear system 
q_update = 0.20088043093888497
=============================================================
Program ends Fri Jan 19 22:18:41 CST 2024
Elapsed time: 0 days 00 hr 01 min 33 sec
