D_10.0_distorted_0_boundary_0_delta_0.02_gamma_5.0_q_0.1_rho_1.0_upper_triangular_two_ambiguous_parameters
Program starts Fri Jan 19 22:19:03 CST 2024
parsed_args = parse_commandline() = Dict{String, Any}("dataname" => "upper_triangular_two_ambiguous_parameters", "clowerlim" => 0.0001, "delta" => 0.02, "boundary" => 0, "Delta" => 10.0, "q" => 0.1, "zmax" => 5.0, "logadjustment" => 1, "zscale" => 2.0, "foc" => 1, "distorted" => 0, "rho" => 1.0, "gamma" => 5.0)
=============================================================
logadjustment: true
reflective_boundary: false
0.109
U: [1.0331966455186503 0.4546065240282061; 0.0 0.06463435618925897]
L: [1.0331966455186503 0.0; 0.4546065240282061 0.06463435618925897]
[-2.220446049250313e-16 0.0; 0.0 0.0]
sigma_k: [0.010331966455186503, 0.004546065240282061]
sigma_z: [0.0, 0.06463435618925897]
Compute value function WITH ROBUSTNESS
computing undistorted version...
zmax = 5.0, zmin = -5.0, zlength = 401
natural boundary condition
----------------------------------
Iteration = 1
Distance = 1.2127288999693033
v max = -0.9400016272420315
v min = -3.2127288999693033
d max = 0.07672413793103448
d min = 0.07672413793103448
dF max = 0.07672413793103448
dB max = 0.07672413793103448
hk max = 0.010331966455186503
hk min = 0.010331966455186503
hz max = 0.004546065240282061
hz min = 0.004546065240282061
lambdaF max = Inf
lambdaF min = 0.004177590819662042
lambdaB max = Inf
lambdaB min = 0.004177590819662042
----------------------------------
----------------------------------
Iteration = 2
Distance = 1.0025558451254448
v max = -0.8203305264520766
v min = -4.215284745094748
d max = 0.07672413793103448
d min = 0.07672413793103448
dF max = 0.07672413793103448
dB max = 0.07672413793103448
hk max = 0.010331966455186503
hk min = 0.010331966455186503
hz max = 0.019235691646935688
hz min = 0.019235691646927653
lambdaF max = Inf
lambdaF min = 0.004177590819662042
lambdaB max = Inf
lambdaB min = 0.004177590819662042
----------------------------------
----------------------------------
Iteration = 3
Distance = 0.6997874098992076
v max = -0.7853462472344817
v min = -4.915072154993956
d max = 0.07672413793103448
d min = 0.07672413793103448
dF max = 0.07672413793103448
dB max = 0.07672413793103448
hk max = 0.010331966455186503
hk min = 0.010331966455186503
hz max = 0.031297181934713605
hz min = 0.021681084588649445
lambdaF max = Inf
lambdaF min = 0.004177590819662042
lambdaB max = Inf
lambdaB min = 0.004177590819662042
----------------------------------
----------------------------------
Iteration = 4
Distance = 0.4974703463270318
v max = -0.8023558641036287
v min = -5.412542501320988
d max = 0.07672413793103448
d min = 0.07672413793103448
dF max = 0.07672413793103448
dB max = 0.07672413793103448
hk max = 0.010331966455186503
hk min = 0.010331966455186503
hz max = 0.03946245050233621
hz min = 0.022908372637302655
lambdaF max = Inf
lambdaF min = 0.004177590819662042
lambdaB max = Inf
lambdaB min = 0.004177590819662042
----------------------------------
----------------------------------
Iteration = 5
Distance = 0.3626185581864272
v max = -0.8342527287144439
v min = -5.775161059507415
d max = 0.07672413793103448
d min = 0.07672413793103448
dF max = 0.07672413793103448
dB max = 0.07672413793103448
hk max = 0.010331966455186503
hk min = 0.010331966455186503
hz max = 0.045033873871612846
hz min = 0.023365696355881472
lambdaF max = Inf
lambdaF min = 0.004177590819662042
lambdaB max = Inf
lambdaB min = 0.004177590819662042
----------------------------------
----------------------------------
Iteration = 6
Distance = 0.2681145433582275
v max = -0.8700042360491812
v min = -6.043275602865642
d max = 0.07672413793103448
d min = 0.07672413793103448
dF max = 0.07672413793103448
dB max = 0.07672413793103448
hk max = 0.010331966455186503
hk min = 0.010331966455186503
hz max = 0.048903250668066126
hz min = 0.023567592780913502
lambdaF max = Inf
lambdaF min = 0.004177590819662042
lambdaB max = Inf
lambdaB min = 0.004177590819662042
----------------------------------
----------------------------------
Iteration = 7
Distance = 0.20034452615345089
v max = -0.9059276198939297
v min = -6.243620129019093
d max = 0.07672413793103448
d min = 0.07672413793103448
dF max = 0.07672413793103448
dB max = 0.07672413793103448
hk max = 0.010331966455186503
hk min = 0.010331966455186503
hz max = 0.05160864566846261
hz min = 0.023685526829107163
lambdaF max = Inf
lambdaF min = 0.004177590819662042
lambdaB max = Inf
lambdaB min = 0.004177590819662042
----------------------------------
----------------------------------
Iteration = 8
Distance = 0.1510736254834617
v max = -0.9403663737247736
v min = -6.394693754502555
d max = 0.07672413793103448
d min = 0.07672413793103448
dF max = 0.07672413793103448
dB max = 0.07672413793103448
hk max = 0.010331966455186503
hk min = 0.010331966455186503
hz max = 0.05350596279397874
hz min = 0.023770559339432402
lambdaF max = Inf
lambdaF min = 0.004177590819662042
lambdaB max = Inf
lambdaB min = 0.004177590819662042
----------------------------------
----------------------------------
Iteration = 9
Distance = 0.11487801162394629
v max = -0.9723173753518711
v min = -6.509571766126501
d max = 0.07672413793103448
d min = 0.07672413793103448
dF max = 0.07672413793103448
dB max = 0.07672413793103448
hk max = 0.010331966455186503
hk min = 0.010331966455186503
hz max = 0.054838768565774534
hz min = 0.023832008312557326
lambdaF max = Inf
lambdaF min = 0.004177590819662042
lambdaB max = Inf
lambdaB min = 0.004177590819662042
----------------------------------
----------------------------------
Iteration = 10
Distance = 0.08804925692824295
v max = -1.001353894268902
v min = -6.597621023054744
d max = 0.07672413793103448
d min = 0.07672413793103448
dF max = 0.07672413793103448
dB max = 0.07672413793103448
hk max = 0.010331966455186503
hk min = 0.010331966455186503
hz max = 0.05577596365180498
hz min = 0.023876309103959707
lambdaF max = Inf
lambdaF min = 0.004177590819662042
lambdaB max = Inf
lambdaB min = 0.004177590819662042
----------------------------------
----------------------------------
Iteration = 11
Distance = 0.06799897347321338
v max = -1.027391351634997
v min = -6.6656199965279574
d max = 0.07672413793103448
d min = 0.07672413793103448
dF max = 0.07672413793103448
dB max = 0.07672413793103448
hk max = 0.010331966455186503
hk min = 0.010331966455186503
hz max = 0.056435409361776254
hz min = 0.02391006639108403
lambdaF max = Inf
lambdaF min = 0.004177590819662042
lambdaB max = Inf
lambdaB min = 0.004177590819662042
----------------------------------
----------------------------------
Iteration = 12
Distance = 0.0528960535107732
v max = -1.0504687905889136
v min = -6.718516050038731
d max = 0.07672413793103448
d min = 0.07672413793103448
dF max = 0.07672413793103448
dB max = 0.07672413793103448
hk max = 0.010331966455186503
hk min = 0.010331966455186503
hz max = 0.05689963247724124
hz min = 0.02393569073587241
lambdaF max = Inf
lambdaF min = 0.004177590819662042
lambdaB max = Inf
lambdaB min = 0.004177590819662042
----------------------------------
----------------------------------
Iteration = 13
Distance = 0.04143216168966468
v max = -1.0707273603107825
v min = -6.759948211728395
d max = 0.07672413793103448
d min = 0.07672413793103448
dF max = 0.07672413793103448
dB max = 0.07672413793103448
hk max = 0.010331966455186503
hk min = 0.010331966455186503
hz max = 0.05722653596653351
hz min = 0.023954663246442236
lambdaF max = Inf
lambdaF min = 0.004177590819662042
lambdaB max = Inf
lambdaB min = 0.004177590819662042
----------------------------------
----------------------------------
Iteration = 14
Distance = 0.032664863001977906
v max = -1.088377274966414
v min = -6.792613074730373
d max = 0.07672413793103448
d min = 0.07672413793103448
dF max = 0.07672413793103448
dB max = 0.07672413793103448
hk max = 0.010331966455186503
hk min = 0.010331966455186503
hz max = 0.05745679841993903
hz min = 0.023968917121911782
lambdaF max = Inf
lambdaF min = 0.004177590819662042
lambdaB max = Inf
lambdaB min = 0.004177590819662042
----------------------------------
----------------------------------
Iteration = 15
Distance = 0.025910402304102575
v max = -1.103649479017564
v min = -6.818523477034476
d max = 0.07672413793103448
d min = 0.07672413793103448
dF max = 0.07672413793103448
dB max = 0.07672413793103448
hk max = 0.010331966455186503
hk min = 0.010331966455186503
hz max = 0.05761902230503924
hz min = 0.02397949160101211
lambdaF max = Inf
lambdaF min = 0.004177590819662042
lambdaB max = Inf
lambdaB min = 0.004177590819662042
----------------------------------
----------------------------------
Iteration = 16
Distance = 0.020669350042016532
v max = -1.116787850611711
v min = -6.839192827076492
d max = 0.07672413793103448
d min = 0.07672413793103448
dF max = 0.07672413793103448
dB max = 0.07672413793103448
hk max = 0.010331966455186503
hk min = 0.010331966455186503
hz max = 0.057733330967043466
hz min = 0.02398719217295679
lambdaF max = Inf
lambdaF min = 0.004177590819662042
lambdaB max = Inf
lambdaB min = 0.004177590819662042
----------------------------------
----------------------------------
Iteration = 17
Distance = 0.016574501469946767
v max = -1.128036038659614
v min = -6.855767328546439
d max = 0.07672413793103448
d min = 0.07672413793103448
dF max = 0.07672413793103448
dB max = 0.07672413793103448
hk max = 0.010331966455186503
hk min = 0.010331966455186503
hz max = 0.0578138883526753
hz min = 0.023992837284059255
lambdaF max = Inf
lambdaF min = 0.004177590819662042
lambdaB max = Inf
lambdaB min = 0.004177590819662042
----------------------------------
----------------------------------
Iteration = 18
Distance = 0.013354079315653244
v max = -1.1376248518636034
v min = -6.869121407862092
d max = 0.07672413793103448
d min = 0.07672413793103448
dF max = 0.07672413793103448
dB max = 0.07672413793103448
hk max = 0.010331966455186503
hk min = 0.010331966455186503
hz max = 0.05787066708297514
hz min = 0.023996912486273614
lambdaF max = Inf
lambdaF min = 0.004177590819662042
lambdaB max = Inf
lambdaB min = 0.004177590819662042
----------------------------------
----------------------------------
Iteration = 19
Distance = 0.010805577561878721
v max = -1.1457701257628514
v min = -6.879926985423971
d max = 0.07672413793103448
d min = 0.07672413793103448
dF max = 0.07672413793103448
dB max = 0.07672413793103448
hk max = 0.010331966455186503
hk min = 0.010331966455186503
hz max = 0.057910690509229375
hz min = 0.023999834969436206
lambdaF max = Inf
lambdaF min = 0.004177590819662042
lambdaB max = Inf
lambdaB min = 0.004177590819662042
----------------------------------
----------------------------------
Iteration = 20
Distance = 0.008777065560092723
v max = -1.152668372156935
v min = -6.888704050984064
d max = 0.07672413793103448
d min = 0.07672413793103448
dF max = 0.07672413793103448
dB max = 0.07672413793103448
hk max = 0.010331966455186503
hk min = 0.010331966455186503
hz max = 0.05793890593531219
hz min = 0.024001937692802504
lambdaF max = Inf
lambdaF min = 0.004177590819662042
lambdaB max = Inf
lambdaB min = 0.004177590819662042
----------------------------------
----------------------------------
Iteration = 21
Distance = 0.00715375613927538
v max = -1.158495431357353
v min = -6.895857807123339
d max = 0.07672413793103448
d min = 0.07672413793103448
dF max = 0.07672413793103448
dB max = 0.07672413793103448
hk max = 0.010331966455186503
hk min = 0.010331966455186503
hz max = 0.057958798880098986
hz min = 0.024003430127061298
lambdaF max = Inf
lambdaF min = 0.004177590819662042
lambdaB max = Inf
lambdaB min = 0.004177590819662042
----------------------------------
----------------------------------
Iteration = 22
Distance = 0.0058483076710729165
v max = -1.1634071919229172
v min = -6.901706114794412
d max = 0.07672413793103448
d min = 0.07672413793103448
dF max = 0.07672413793103448
dB max = 0.07672413793103448
hk max = 0.010331966455186503
hk min = 0.010331966455186503
hz max = 0.05797282535678837
hz min = 0.024004493603348425
lambdaF max = Inf
lambdaF min = 0.004177590819662042
lambdaB max = Inf
lambdaB min = 0.004177590819662042
----------------------------------
----------------------------------
Iteration = 23
Distance = 0.004793787060907384
v max = -1.1675398890552153
v min = -6.9064999018553195
d max = 0.07672413793103448
d min = 0.07672413793103448
dF max = 0.07672413793103448
dB max = 0.07672413793103448
hk max = 0.010331966455186503
hk min = 0.010331966455186503
hz max = 0.05798271618138461
hz min = 0.02400524894934486
lambdaF max = Inf
lambdaF min = 0.004177590819662042
lambdaB max = Inf
lambdaB min = 0.004177590819662042
----------------------------------
----------------------------------
Iteration = 24
Distance = 0.003938537152358812
v max = -1.171011812052468
v min = -6.910438439007678
d max = 0.07672413793103448
d min = 0.07672413793103448
dF max = 0.07672413793103448
dB max = 0.07672413793103448
hk max = 0.010331966455186503
hk min = 0.010331966455186503
hz max = 0.057989691248794835
hz min = 0.024005782226813807
lambdaF max = Inf
lambdaF min = 0.004177590819662042
lambdaB max = Inf
lambdaB min = 0.004177590819662042
----------------------------------
----------------------------------
Iteration = 25
Distance = 0.003242412840658737
v max = -1.1739249121929722
v min = -6.913680851848337
d max = 0.07672413793103448
d min = 0.07672413793103448
dF max = 0.07672413793103448
dB max = 0.07672413793103448
hk max = 0.010331966455186503
hk min = 0.010331966455186503
hz max = 0.057994610444915995
hz min = 0.024006161179357395
lambdaF max = Inf
lambdaF min = 0.004177590819662042
lambdaB max = Inf
lambdaB min = 0.004177590819662042
----------------------------------
----------------------------------
Iteration = 26
Distance = 0.0026740050844367147
v max = -1.1763664908921945
v min = -6.916354856932774
d max = 0.07672413793103448
d min = 0.07672413793103448
dF max = 0.07672413793103448
dB max = 0.07672413793103448
hk max = 0.010331966455186503
hk min = 0.010331966455186503
hz max = 0.057998079951023594
hz min = 0.024006428215103803
lambdaF max = Inf
lambdaF min = 0.004177590819662042
lambdaB max = Inf
lambdaB min = 0.004177590819662042
----------------------------------
----------------------------------
Iteration = 27
Distance = 0.002208581137308485
v max = -1.1784110426529208
v min = -6.918563438070082
d max = 0.07672413793103448
d min = 0.07672413793103448
dF max = 0.07672413793103448
dB max = 0.07672413793103448
hk max = 0.010331966455186503
hk min = 0.010331966455186503
hz max = 0.0580005271374727
hz min = 0.02400661719195761
lambdaF max = Inf
lambdaF min = 0.004177590819662042
lambdaB max = Inf
lambdaB min = 0.004177590819662042
----------------------------------
----------------------------------
Iteration = 28
Distance = 0.0018265464937563536
v max = -1.1801218239274143
v min = -6.920389984563839
d max = 0.07672413793103448
d min = 0.07672413793103448
dF max = 0.07672413793103448
dB max = 0.07672413793103448
hk max = 0.010331966455186503
hk min = 0.010331966455186503
hz max = 0.05800225333522987
hz min = 0.02400675081123397
lambdaF max = Inf
lambdaF min = 0.004177590819662042
lambdaB max = Inf
lambdaB min = 0.004177590819662042
----------------------------------
----------------------------------
Iteration = 29
Distance = 0.0015122887916572125
v max = -1.1815524105063304
v min = -6.921902273355496
d max = 0.07672413793103448
d min = 0.07672413793103448
dF max = 0.07672413793103448
dB max = 0.07672413793103448
hk max = 0.010331966455186503
hk min = 0.010331966455186503
hz max = 0.058003471024336554
hz min = 0.02400684491527931
lambdaF max = Inf
lambdaF min = 0.004177590819662042
lambdaB max = Inf
lambdaB min = 0.004177590819662042
----------------------------------
----------------------------------
Iteration = 30
Distance = 0.0012533028700154603
v max = -1.1827480533059667
v min = -6.923155576225511
d max = 0.07672413793103448
d min = 0.07672413793103448
dF max = 0.07672413793103448
dB max = 0.07672413793103448
hk max = 0.010331966455186503
hk min = 0.010331966455186503
hz max = 0.05800433004392065
hz min = 0.0240069116160856
lambdaF max = Inf
lambdaF min = 0.004177590819662042
lambdaB max = Inf
lambdaB min = 0.004177590819662042
----------------------------------
----------------------------------
Iteration = 31
Distance = 0.0010395239823850488
v max = -1.1837468815617835
v min = -6.924195100207896
d max = 0.07672413793103448
d min = 0.07672413793103448
dF max = 0.07672413793103448
dB max = 0.07672413793103448
hk max = 0.010331966455186503
hk min = 0.010331966455186503
hz max = 0.05800493606670965
hz min = 0.024006958546123617
lambdaF max = Inf
lambdaF min = 0.004177590819662042
lambdaB max = Inf
lambdaB min = 0.004177590819662042
----------------------------------
----------------------------------
Iteration = 32
Distance = 0.0008628160666530604
v max = -1.1845809770539162
v min = -6.925057916274549
d max = 0.07672413793103448
d min = 0.07672413793103448
dF max = 0.07672413793103448
dB max = 0.07672413793103448
hk max = 0.010331966455186503
hk min = 0.010331966455186503
hz max = 0.058005363622357926
hz min = 0.02400699175587168
lambdaF max = Inf
lambdaF min = 0.004177590819662042
lambdaB max = Inf
lambdaB min = 0.004177590819662042
----------------------------------
----------------------------------
Iteration = 33
Distance = 0.0007165762638381423
v max = -1.1852772826759534
v min = -6.9257744925383875
d max = 0.07672413793103448
d min = 0.07672413793103448
dF max = 0.07672413793103448
dB max = 0.07672413793103448
hk max = 0.010331966455186503
hk min = 0.010331966455186503
hz max = 0.05800566527892918
hz min = 0.02400701519159253
lambdaF max = Inf
lambdaF min = 0.004177590819662042
lambdaB max = Inf
lambdaB min = 0.004177590819662042
----------------------------------
----------------------------------
Iteration = 34
Distance = 0.0005954271759645025
v max = -1.1858584034423616
v min = -6.926369919714352
d max = 0.07672413793103448
d min = 0.07672413793103448
dF max = 0.07672413793103448
dB max = 0.07672413793103448
hk max = 0.010331966455186503
hk min = 0.010331966455186503
hz max = 0.05800587811640631
hz min = 0.024007031711813863
lambdaF max = Inf
lambdaF min = 0.004177590819662042
lambdaB max = Inf
lambdaB min = 0.004177590819662042
----------------------------------
----------------------------------
Iteration = 35
Distance = 0.0004949758024004325
v max = -1.1863432821801696
v min = -6.926864895516752
d max = 0.07672413793103448
d min = 0.07672413793103448
dF max = 0.07672413793103448
dB max = 0.07672413793103448
hk max = 0.010331966455186503
hk min = 0.010331966455186503
hz max = 0.058006028291315986
hz min = 0.024007043409823865
lambdaF max = Inf
lambdaF min = 0.004177590819662042
lambdaB max = Inf
lambdaB min = 0.004177590819662042
----------------------------------
----------------------------------
Iteration = 36
Distance = 0.00041162350403567416
v max = -1.1867477791473582
v min = -6.927276519020788
d max = 0.07672413793103448
d min = 0.07672413793103448
dF max = 0.07672413793103448
dB max = 0.07672413793103448
hk max = 0.010331966455186503
hk min = 0.010331966455186503
hz max = 0.05800613425560134
hz min = 0.024007051636679894
lambdaF max = Inf
lambdaF min = 0.004177590819662042
lambdaB max = Inf
lambdaB min = 0.004177590819662042
----------------------------------
----------------------------------
Iteration = 37
Distance = 0.0003424152918682921
v max = -1.1870851647951237
v min = -6.927618934312656
d max = 0.07672413793103448
d min = 0.07672413793103448
dF max = 0.07672413793103448
dB max = 0.07672413793103448
hk max = 0.010331966455186503
hk min = 0.010331966455186503
hz max = 0.058006209026640006
hz min = 0.02400705746553854
lambdaF max = Inf
lambdaF min = 0.004177590819662042
lambdaB max = Inf
lambdaB min = 0.004177590819662042
----------------------------------
----------------------------------
Iteration = 38
Distance = 0.0002849196305430013
v max = -1.187366534418761
v min = -6.927903853943199
d max = 0.07672413793103448
d min = 0.07672413793103448
dF max = 0.07672413793103448
dB max = 0.07672413793103448
hk max = 0.010331966455186503
hk min = 0.010331966455186503
hz max = 0.05800626178827267
hz min = 0.02400706156946572
lambdaF max = Inf
lambdaF min = 0.004177590819662042
lambdaB max = Inf
lambdaB min = 0.004177590819662042
----------------------------------
----------------------------------
Iteration = 39
Distance = 0.00023713208078390835
v max = -1.1876011609976371
v min = -6.928140986023983
d max = 0.07672413793103448
d min = 0.07672413793103448
dF max = 0.07672413793103448
dB max = 0.07672413793103448
hk max = 0.010331966455186503
hk min = 0.010331966455186503
hz max = 0.05800629901997727
hz min = 0.024007064469418762
lambdaF max = Inf
lambdaF min = 0.004177590819662042
lambdaB max = Inf
lambdaB min = 0.004177590819662042
----------------------------------
----------------------------------
Iteration = 40
Distance = 0.00019739768615067987
v max = -1.1877967902811057
v min = -6.928338383710134
d max = 0.07672413793103448
d min = 0.07672413793103448
dF max = 0.07672413793103448
dB max = 0.07672413793103448
hk max = 0.010331966455186503
hk min = 0.010331966455186503
hz max = 0.05800632529340032
hz min = 0.024007066518329744
lambdaF max = Inf
lambdaF min = 0.004177590819662042
lambdaB max = Inf
lambdaB min = 0.004177590819662042
----------------------------------
----------------------------------
Iteration = 41
Distance = 0.000164348189111152
v max = -1.187959890331056
v min = -6.928502731899245
d max = 0.07672413793103448
d min = 0.07672413793103448
dF max = 0.07672413793103448
dB max = 0.07672413793103448
hk max = 0.010331966455186503
hk min = 0.010331966455186503
hz max = 0.05800634383421155
hz min = 0.024007067960866626
lambdaF max = Inf
lambdaF min = 0.004177590819662042
lambdaB max = Inf
lambdaB min = 0.004177590819662042
----------------------------------
----------------------------------
Iteration = 42
Distance = 0.00013685104694616257
v max = -1.188095860455222
v min = -6.928639582946191
d max = 0.07672413793103448
d min = 0.07672413793103448
dF max = 0.07672413793103448
dB max = 0.07672413793103448
hk max = 0.010331966455186503
hk min = 0.010331966455186503
hz max = 0.058006356918449783
hz min = 0.024007068983102193
lambdaF max = Inf
lambdaF min = 0.004177590819662042
lambdaB max = Inf
lambdaB min = 0.004177590819662042
----------------------------------
----------------------------------
Iteration = 43
Distance = 0.00011396788760631438
v max = -1.1882092065650345
v min = -6.928753550833798
d max = 0.07672413793103448
d min = 0.07672413793103448
dF max = 0.07672413793103448
dB max = 0.07672413793103448
hk max = 0.010331966455186503
hk min = 0.010331966455186503
hz max = 0.05800636615213568
hz min = 0.024007069701532727
lambdaF max = Inf
lambdaF min = 0.004177590819662042
lambdaB max = Inf
lambdaB min = 0.004177590819662042
----------------------------------
----------------------------------
Iteration = 44
Distance = 9.492055437743119e-5
v max = -1.1883036882822593
v min = -6.928848471388175
d max = 0.07672413793103448
d min = 0.07672413793103448
dF max = 0.07672413793103448
dB max = 0.07672413793103448
hk max = 0.010331966455186503
hk min = 0.010331966455186503
hz max = 0.05800637266853998
hz min = 0.02400707021071303
lambdaF max = Inf
lambdaF min = 0.004177590819662042
lambdaB max = Inf
lambdaB min = 0.004177590819662042
----------------------------------
----------------------------------
Iteration = 45
Distance = 7.90632789904322e-5
v max = -1.1883824418148543
v min = -6.9289275346671655
d max = 0.07672413793103448
d min = 0.07672413793103448
dF max = 0.07672413793103448
dB max = 0.07672413793103448
hk max = 0.010331966455186503
hk min = 0.010331966455186503
hz max = 0.05800637726736522
hz min = 0.024007070569093028
lambdaF max = Inf
lambdaF min = 0.004177590819662042
lambdaB max = Inf
lambdaB min = 0.004177590819662042
----------------------------------
----------------------------------
Iteration = 46
Distance = 6.585982344997632e-5
v max = -1.1884480830237116
v min = -6.9289933944906155
d max = 0.07672413793103448
d min = 0.07672413793103448
dF max = 0.07672413793103448
dB max = 0.07672413793103448
hk max = 0.010331966455186503
hk min = 0.010331966455186503
hz max = 0.05800638051293442
hz min = 0.02400707082235536
lambdaF max = Inf
lambdaF min = 0.004177590819662042
lambdaB max = Inf
lambdaB min = 0.004177590819662042
----------------------------------
----------------------------------
Iteration = 47
Distance = 5.486466517101718e-5
v max = -1.188502793385566
v min = -6.9290482591557865
d max = 0.07672413793103448
d min = 0.07672413793103448
dF max = 0.07672413793103448
dB max = 0.07672413793103448
hk max = 0.010331966455186503
hk min = 0.010331966455186503
hz max = 0.05800638280348342
hz min = 0.02400707100128674
lambdaF max = Inf
lambdaF min = 0.004177590819662042
lambdaB max = Inf
lambdaB min = 0.004177590819662042
----------------------------------
----------------------------------
Iteration = 48
Distance = 4.5707482661860865e-5
v max = -1.188548391959541
v min = -6.929093966638448
d max = 0.07672413793103448
d min = 0.07672413793103448
dF max = 0.07672413793103448
dB max = 0.07672413793103448
hk max = 0.010331966455186503
hk min = 0.010331966455186503
hz max = 0.058006384420048566
hz min = 0.024007071127218404
lambdaF max = Inf
lambdaF min = 0.004177590819662042
lambdaB max = Inf
lambdaB min = 0.004177590819662042
----------------------------------
----------------------------------
Iteration = 49
Distance = 3.8080343181867704e-5
v max = -1.1885863954348164
v min = -6.92913204698163
d max = 0.07672413793103448
d min = 0.07672413793103448
dF max = 0.07672413793103448
dB max = 0.07672413793103448
hk max = 0.010331966455186503
hk min = 0.010331966455186503
hz max = 0.05800638556095441
hz min = 0.024007071216516466
lambdaF max = Inf
lambdaF min = 0.004177590819662042
lambdaB max = Inf
lambdaB min = 0.004177590819662042
----------------------------------
----------------------------------
Iteration = 50
Distance = 3.172710799592693e-5
v max = -1.1886180682867389
v min = -6.929163774089626
d max = 0.07672413793103448
d min = 0.07672413793103448
dF max = 0.07672413793103448
dB max = 0.07672413793103448
hk max = 0.010331966455186503
hk min = 0.010331966455186503
hz max = 0.05800638636616571
hz min = 0.02400707127919842
lambdaF max = Inf
lambdaF min = 0.004177590819662042
lambdaB max = Inf
lambdaB min = 0.004177590819662042
----------------------------------
----------------------------------
Iteration = 51
Distance = 2.6434661045904306e-5
v max = -1.188644464654737
v min = -6.929190208750672
d max = 0.07672413793103448
d min = 0.07672413793103448
dF max = 0.07672413793103448
dB max = 0.07672413793103448
hk max = 0.010331966455186503
hk min = 0.010331966455186503
hz max = 0.058006386934463576
hz min = 0.02400707132369446
lambdaF max = Inf
lambdaF min = 0.004177590819662042
lambdaB max = Inf
lambdaB min = 0.004177590819662042
----------------------------------
----------------------------------
Iteration = 52
Distance = 2.2025640681100356e-5
v max = -1.1886664632663002
v min = -6.929212234391353
d max = 0.07672413793103448
d min = 0.07672413793103448
dF max = 0.07672413793103448
dB max = 0.07672413793103448
hk max = 0.010331966455186503
hk min = 0.010331966455186503
hz max = 0.0580063873355491
hz min = 0.024007071354949616
lambdaF max = Inf
lambdaF min = 0.004177590819662042
lambdaB max = Inf
lambdaB min = 0.004177590819662042
----------------------------------
----------------------------------
Iteration = 53
Distance = 1.835241130532239e-5
v max = -1.1886847966009322
v min = -6.9292305868026585
d max = 0.07672413793103448
d min = 0.07672413793103448
dF max = 0.07672413793103448
dB max = 0.07672413793103448
hk max = 0.010331966455186503
hk min = 0.010331966455186503
hz max = 0.058006387618631416
hz min = 0.02400707137708225
lambdaF max = Inf
lambdaF min = 0.004177590819662042
lambdaB max = Inf
lambdaB min = 0.004177590819662042
----------------------------------
----------------------------------
Iteration = 54
Distance = 1.529206033623609e-5
v max = -1.1887000751961285
v min = -6.929245878862995
d max = 0.07672413793103448
d min = 0.07672413793103448
dF max = 0.07672413793103448
dB max = 0.07672413793103448
hk max = 0.010331966455186503
hk min = 0.010331966455186503
hz max = 0.05800638781842559
hz min = 0.02400707139268945
lambdaF max = Inf
lambdaF min = 0.004177590819662042
lambdaB max = Inf
lambdaB min = 0.004177590819662042
----------------------------------
----------------------------------
Iteration = 55
Distance = 1.2742243222341187e-5
v max = -1.1887128079356417
v min = -6.929258621106217
d max = 0.07672413793103448
d min = 0.07672413793103448
dF max = 0.07672413793103448
dB max = 0.07672413793103448
hk max = 0.010331966455186503
hk min = 0.010331966455186503
hz max = 0.058006387959435156
hz min = 0.02400707140368745
lambdaF max = Inf
lambdaF min = 0.004177590819662042
lambdaB max = Inf
lambdaB min = 0.004177590819662042
----------------------------------
----------------------------------
Iteration = 56
Distance = 1.061773112542852e-5
v max = -1.1887234189588627
v min = -6.9292692388373425
d max = 0.07672413793103448
d min = 0.07672413793103448
dF max = 0.07672413793103448
dB max = 0.07672413793103448
hk max = 0.010331966455186503
hk min = 0.010331966455186503
hz max = 0.058006388058960245
hz min = 0.024007071411483873
lambdaF max = Inf
lambdaF min = 0.004177590819662042
lambdaB max = Inf
lambdaB min = 0.004177590819662042
----------------------------------
----------------------------------
Iteration = 57
Distance = 8.8475411823552e-6
v max = -1.1887322617653937
v min = -6.929278086378525
d max = 0.07672413793103448
d min = 0.07672413793103448
dF max = 0.07672413793103448
dB max = 0.07672413793103448
hk max = 0.010331966455186503
hk min = 0.010331966455186503
hz max = 0.05800638812920785
hz min = 0.024007071416950153
lambdaF max = Inf
lambdaF min = 0.004177590819662042
lambdaB max = Inf
lambdaB min = 0.004177590819662042
----------------------------------
    Value Function Converged, Iteration = 57 with gamma=5.0 with rho=1.0 and v=-2.8396345246109127
    Natural boundary condition
=============================================================
Convegence time (minutes): 0.11302658423333334
Current Time = 22:19:34
grid points for z:  401
grid size for z:  0.025
-0.31882963833644334
-0.5009070989531273
--- 8.400503873825073 seconds for the elasticity computation ---
-0.006300177173315901
-0.07284717220551024
--- 0.06334829330444336 seconds for the elasticity computation ---
-0.23572149000235504
-0.4280599267476171
--- 0.06280851364135742 seconds for the elasticity computation ---
-0.39858935183358424
-0.5083461148008617
--- 0.06521153450012207 seconds for the elasticity computation ---
Current Time = 22:19:45
grid points for z:  401
grid size for z:  0.025
rho = 1
0.05975971349714089
--- 8.322173833847046 seconds for the elasticity computation ---
0.0
--- 0.06755971908569336 seconds for the elasticity computation ---
0.05975971349714089
--- 0.06730937957763672 seconds for the elasticity computation ---
0.0
--- 0.06976962089538574 seconds for the elasticity computation ---
0.0
--- 0.06869959831237793 seconds for the elasticity computation ---
0.05975971349714089
0.007439015847734282
--- 0.0675201416015625 seconds for the elasticity computation ---
0.05975971349714089
0.007439015847734282
--- 0.06740784645080566 seconds for the elasticity computation ---
0.05975971349714089
0.007439015847734282
--- 0.06756925582885742 seconds for the elasticity computation ---
0.05975971349714089
0.007439015847734282
--- 0.06781291961669922 seconds for the elasticity computation ---
parsed_args = parse_commandline() = Dict{String, Any}("dataname" => "upper_triangular_two_ambiguous_parameters", "clowerlim" => 0.0001, "delta" => 0.02, "boundary" => 0, "Delta" => 10.0, "q" => 0.1, "zmax" => 5.0, "logadjustment" => 1, "zscale" => 2.0, "foc" => 1, "distorted" => 0, "rho" => 1.0, "gamma" => 5.0)
=============================================================
./output/upper_triangular_two_ambiguous_parameters/Delta_10.0_distorted_0/logadjustment_1_boundary_0/zmax_5.0_zscale_2.0/delta_0.02/q_0.1_gamma_5.0_rho_1.0/
=============================================================
solve for structured linear system 
structured_relative_entropy = 0.10248248330051199
=============================================================
solve for unstructured linear system 
q_update = 0.2280181382288594
=============================================================
parsed_args = parse_commandline() = Dict{String, Any}("dataname" => "upper_triangular_two_ambiguous_parameters", "clowerlim" => 0.0001, "delta" => 0.02, "boundary" => 0, "Delta" => 10.0, "q" => 0.1, "zmax" => 5.0, "logadjustment" => 1, "zscale" => 2.0, "foc" => 1, "distorted" => 0, "rho" => 1.0, "gamma" => 5.0)
=============================================================
./output/upper_triangular_two_ambiguous_parameters/Delta_10.0_distorted_0/logadjustment_1_boundary_0/zmax_5.0_zscale_2.0/delta_0.02/q_0.1_gamma_5.0_rho_1.0/
=============================================================
solve for structured linear system 
structured_relative_entropy = 0.102482483300512
=============================================================
solve for unstructured linear system 
q_update = 0.2280181382288594
=============================================================
Program ends Fri Jan 19 22:20:26 CST 2024
Elapsed time: 0 days 00 hr 01 min 23 sec
