D_10.0_distorted_0_boundary_1_delta_0.02_gamma_5.0_q_0.05_rho_1.0_upper_triangular_two_ambiguous_parameters
Program starts Fri Jan 19 22:19:03 CST 2024
parsed_args = parse_commandline() = Dict{String, Any}("dataname" => "upper_triangular_two_ambiguous_parameters", "clowerlim" => 0.0001, "delta" => 0.02, "boundary" => 1, "Delta" => 10.0, "q" => 0.05, "zmax" => 5.0, "logadjustment" => 1, "zscale" => 2.0, "foc" => 1, "distorted" => 0, "rho" => 1.0, "gamma" => 5.0)
=============================================================
logadjustment: true
reflective_boundary: true
0.109
U: [1.0331966455186503 0.4546065240282061; 0.0 0.06463435618925897]
L: [1.0331966455186503 0.0; 0.4546065240282061 0.06463435618925897]
[-2.220446049250313e-16 0.0; 0.0 0.0]
sigma_k: [0.010331966455186503, 0.004546065240282061]
sigma_z: [0.0, 0.06463435618925897]
Compute value function WITH ROBUSTNESS
computing undistorted version...
zmax = 5.0, zmin = -5.0, zlength = 401
reflective boundary condition
----------------------------------
Iteration = 1
Distance = 1.211054227077493
v max = -0.9416763001338415
v min = -3.211054227077493
d max = 0.07672413793103448
d min = 0.07672413793103448
dF max = 0.07672413793103448
dB max = 0.07672413793103448
hk max = 0.010331966455186503
hk min = 0.010331966455186503
hz max = 0.004546065240282061
hz min = 0.004546065240282061
lambdaF max = Inf
lambdaF min = 0.008624482946382156
lambdaB max = Inf
lambdaB min = 0.008624482946382156
----------------------------------
----------------------------------
Iteration = 2
Distance = 0.8724977875459055
v max = -0.5668573638499295
v min = -4.083552014623399
d max = 0.07672413793103448
d min = 0.07672413793103448
dF max = 0.07672413793103448
dB max = 0.07672413793103448
hk max = 0.010331966455186503
hk min = 0.010331966455186503
hz max = 0.019235691646935688
hz min = 0.015895430289476466
lambdaF max = Inf
lambdaF min = 0.008624482946382156
lambdaB max = Inf
lambdaB min = 0.008624482946382156
----------------------------------
----------------------------------
Iteration = 3
Distance = 0.573137315113815
v max = -0.4096183610424375
v min = -4.656689329737214
d max = 0.07672413793103448
d min = 0.07672413793103448
dF max = 0.07672413793103448
dB max = 0.07672413793103448
hk max = 0.010331966455186503
hk min = 0.010331966455186503
hz max = 0.02963775978410025
hz min = 0.021244599914678725
lambdaF max = Inf
lambdaF min = 0.008624482946382156
lambdaB max = Inf
lambdaB min = 0.008624482946382156
----------------------------------
----------------------------------
Iteration = 4
Distance = 0.38437498165648076
v max = -0.35868657491515266
v min = -5.041064311393694
d max = 0.07672413793103448
d min = 0.07672413793103448
dF max = 0.07672413793103448
dB max = 0.07672413793103448
hk max = 0.010331966455186503
hk min = 0.010331966455186503
hz max = 0.036203257648666436
hz min = 0.023448603887658227
lambdaF max = Inf
lambdaF min = 0.008624482946382156
lambdaB max = Inf
lambdaB min = 0.008624482946382156
----------------------------------
----------------------------------
Iteration = 5
Distance = 0.26377650827689525
v max = -0.3558833515805081
v min = -5.30484081967059
d max = 0.07672413793103448
d min = 0.07672413793103448
dF max = 0.07672413793103448
dB max = 0.07672413793103448
hk max = 0.010331966455186503
hk min = 0.010331966455186503
hz max = 0.04037308318652219
hz min = 0.024710324575156668
lambdaF max = Inf
lambdaF min = 0.008624482946382156
lambdaB max = Inf
lambdaB min = 0.008624482946382156
----------------------------------
----------------------------------
Iteration = 6
Distance = 0.1843771073941598
v max = -0.37311337581667303
v min = -5.489217927064749
d max = 0.07672413793103448
d min = 0.07672413793103448
dF max = 0.07672413793103448
dB max = 0.07672413793103448
hk max = 0.010331966455186503
hk min = 0.010331966455186503
hz max = 0.043045722852608964
hz min = 0.02525254613674184
lambdaF max = Inf
lambdaF min = 0.008624482946382156
lambdaB max = Inf
lambdaB min = 0.008624482946382156
----------------------------------
----------------------------------
Iteration = 7
Distance = 0.13113009146779042
v max = -0.3976865130918312
v min = -5.62034801853254
d max = 0.07672413793103448
d min = 0.07672413793103448
dF max = 0.07672413793103448
dB max = 0.07672413793103448
hk max = 0.010331966455186503
hk min = 0.010331966455186503
hz max = 0.04476472279962634
hz min = 0.025545213064357506
lambdaF max = Inf
lambdaF min = 0.008624482946382156
lambdaB max = Inf
lambdaB min = 0.008624482946382156
----------------------------------
----------------------------------
Iteration = 8
Distance = 0.09487243953962032
v max = -0.42388051850991265
v min = -5.71522045807216
d max = 0.07672413793103448
d min = 0.07672413793103448
dF max = 0.07672413793103448
dB max = 0.07672413793103448
hk max = 0.010331966455186503
hk min = 0.010331966455186503
hz max = 0.04587209551512955
hz min = 0.025691286685451106
lambdaF max = Inf
lambdaF min = 0.008624482946382156
lambdaB max = Inf
lambdaB min = 0.008624482946382156
----------------------------------
----------------------------------
Iteration = 9
Distance = 0.06981459320768746
v max = -0.44918502979953806
v min = -5.785035051279848
d max = 0.07672413793103448
d min = 0.07672413793103448
dF max = 0.07672413793103448
dB max = 0.07672413793103448
hk max = 0.010331966455186503
hk min = 0.010331966455186503
hz max = 0.046586054143886516
hz min = 0.025777761471760918
lambdaF max = Inf
lambdaF min = 0.008624482946382156
lambdaB max = Inf
lambdaB min = 0.008624482946382156
----------------------------------
----------------------------------
Iteration = 10
Distance = 0.05223044859361359
v max = -0.472492920931071
v min = -5.837265499873461
d max = 0.07672413793103448
d min = 0.07672413793103448
dF max = 0.07672413793103448
dB max = 0.07672413793103448
hk max = 0.010331966455186503
hk min = 0.010331966455186503
hz max = 0.04704659804762679
hz min = 0.025830187586106754
lambdaF max = Inf
lambdaF min = 0.008624482946382156
lambdaB max = Inf
lambdaB min = 0.008624482946382156
----------------------------------
----------------------------------
Iteration = 11
Distance = 0.03969297546051731
v max = -0.4933764930396914
v min = -5.8769584753339785
d max = 0.07672413793103448
d min = 0.07672413793103448
dF max = 0.07672413793103448
dB max = 0.07672413793103448
hk max = 0.010331966455186503
hk min = 0.010331966455186503
hz max = 0.04734377976115994
hz min = 0.02586432230961911
lambdaF max = Inf
lambdaF min = 0.008624482946382156
lambdaB max = Inf
lambdaB min = 0.008624482946382156
----------------------------------
----------------------------------
Iteration = 12
Distance = 0.030605942404139164
v max = -0.5117483723159342
v min = -5.907564417738118
d max = 0.07672413793103448
d min = 0.07672413793103448
dF max = 0.07672413793103448
dB max = 0.07672413793103448
hk max = 0.010331966455186503
hk min = 0.010331966455186503
hz max = 0.047535601370969474
hz min = 0.025886752631999604
lambdaF max = Inf
lambdaF min = 0.008624482946382156
lambdaB max = Inf
lambdaB min = 0.008624482946382156
----------------------------------
----------------------------------
Iteration = 13
Distance = 0.023909897408827874
v max = -0.5277034919794874
v min = -5.931474315146946
d max = 0.07672413793103448
d min = 0.07672413793103448
dF max = 0.07672413793103448
dB max = 0.07672413793103448
hk max = 0.010331966455186503
hk min = 0.010331966455186503
hz max = 0.047659448923162526
hz min = 0.02590168030079943
lambdaF max = Inf
lambdaF min = 0.008624482946382156
lambdaB max = Inf
lambdaB min = 0.008624482946382156
----------------------------------
----------------------------------
Iteration = 14
Distance = 0.01889493499034245
v max = -0.5414284146699295
v min = -5.950369250137288
d max = 0.07672413793103448
d min = 0.07672413793103448
dF max = 0.07672413793103448
dB max = 0.07672413793103448
hk max = 0.010331966455186503
hk min = 0.010331966455186503
hz max = 0.047739430688766744
hz min = 0.025911615440636786
lambdaF max = Inf
lambdaF min = 0.008624482946382156
lambdaB max = Inf
lambdaB min = 0.008624482946382156
----------------------------------
----------------------------------
Iteration = 15
Distance = 0.015080375604496155
v max = -0.553150314647827
v min = -5.965449625741784
d max = 0.07672413793103448
d min = 0.07672413793103448
dF max = 0.07672413793103448
dB max = 0.07672413793103448
hk max = 0.010331966455186503
hk min = 0.010331966455186503
hz max = 0.047791097460396954
hz min = 0.025918217995430905
lambdaF max = Inf
lambdaF min = 0.008624482946382156
lambdaB max = Inf
lambdaB min = 0.008624482946382156
----------------------------------
----------------------------------
Iteration = 16
Distance = 0.012136929576133326
v max = -0.5631064847866191
v min = -5.9775865553179175
d max = 0.07672413793103448
d min = 0.07672413793103448
dF max = 0.07672413793103448
dB max = 0.07672413793103448
hk max = 0.010331966455186503
hk min = 0.010331966455186503
hz max = 0.04782448254385759
hz min = 0.025922592610772694
lambdaF max = Inf
lambdaF min = 0.008624482946382156
lambdaB max = Inf
lambdaB min = 0.008624482946382156
----------------------------------
----------------------------------
Iteration = 17
Distance = 0.009836064466405503
v max = -0.5715270169213637
v min = -5.987422619784323
d max = 0.07672413793103448
d min = 0.07672413793103448
dF max = 0.07672413793103448
dB max = 0.07672413793103448
hk max = 0.010331966455186503
hk min = 0.010331966455186503
hz max = 0.04784606086662248
hz min = 0.025925479619686862
lambdaF max = Inf
lambdaF min = 0.008624482946382156
lambdaB max = Inf
lambdaB min = 0.008624482946382156
----------------------------------
----------------------------------
Iteration = 18
Distance = 0.008016894062612856
v max = -0.578625331924259
v min = -5.995439513846936
d max = 0.07672413793103448
d min = 0.07672413793103448
dF max = 0.07672413793103448
dB max = 0.07672413793103448
hk max = 0.010331966455186503
hk min = 0.010331966455186503
hz max = 0.047860011973972216
hz min = 0.025927379014522273
lambdaF max = Inf
lambdaF min = 0.008624482946382156
lambdaB max = Inf
lambdaB min = 0.008624482946382156
----------------------------------
----------------------------------
Iteration = 19
Distance = 0.006564404822557712
v max = -0.5845937592031049
v min = -6.002003918669494
d max = 0.07672413793103448
d min = 0.07672413793103448
dF max = 0.07672413793103448
dB max = 0.07672413793103448
hk max = 0.010331966455186503
hk min = 0.010331966455186503
hz max = 0.04786903444011076
hz min = 0.025928624703803572
lambdaF max = Inf
lambdaF min = 0.008624482946382156
lambdaB max = Inf
lambdaB min = 0.008624482946382156
----------------------------------
----------------------------------
Iteration = 20
Distance = 0.005395048064402275
v max = -0.589602184380908
v min = -6.007398966733896
d max = 0.07672413793103448
d min = 0.07672413793103448
dF max = 0.07672413793103448
dB max = 0.07672413793103448
hk max = 0.010331966455186503
hk min = 0.010331966455186503
hz max = 0.047874871112891536
hz min = 0.025929439842250483
lambdaF max = Inf
lambdaF min = 0.008624482946382156
lambdaB max = Inf
lambdaB min = 0.008624482946382156
----------------------------------
----------------------------------
Iteration = 21
Distance = 0.004447136918138028
v max = -0.5937985312024713
v min = -6.011846103652034
d max = 0.07672413793103448
d min = 0.07672413793103448
dF max = 0.07672413793103448
dB max = 0.07672413793103448
hk max = 0.010331966455186503
hk min = 0.010331966455186503
hz max = 0.04787864792310608
hz min = 0.02592997216559823
lambdaF max = Inf
lambdaF min = 0.008624482946382156
lambdaB max = Inf
lambdaB min = 0.008624482946382156
----------------------------------
----------------------------------
Iteration = 22
Distance = 0.003674391303799318
v max = -0.597310249984733
v min = -6.015520494955833
d max = 0.07672413793103448
d min = 0.07672413793103448
dF max = 0.07672413793103448
dB max = 0.07672413793103448
hk max = 0.010331966455186503
hk min = 0.010331966455186503
hz max = 0.04788109247648712
hz min = 0.02593031930505252
lambdaF max = Inf
lambdaF min = 0.008624482946382156
lambdaB max = Inf
lambdaB min = 0.008624482946382156
----------------------------------
----------------------------------
Iteration = 23
Distance = 0.003041555927446815
v max = -0.6002462919035982
v min = -6.01856205088328
d max = 0.07672413793103448
d min = 0.07672413793103448
dF max = 0.07672413793103448
dB max = 0.07672413793103448
hk max = 0.010331966455186503
hk min = 0.010331966455186503
hz max = 0.04788267511660732
hz min = 0.025930545413376856
lambdaF max = Inf
lambdaF min = 0.008624482946382156
lambdaB max = Inf
lambdaB min = 0.008624482946382156
----------------------------------
----------------------------------
Iteration = 24
Distance = 0.002521391563395703
v max = -0.6026992441268385
v min = -6.021083442446676
d max = 0.07672413793103448
d min = 0.07672413793103448
dF max = 0.07672413793103448
dB max = 0.07672413793103448
hk max = 0.010331966455186503
hk min = 0.010331966455186503
hz max = 0.04788369998022698
hz min = 0.025930692563781315
lambdaF max = Inf
lambdaF min = 0.008624482946382156
lambdaB max = Inf
lambdaB min = 0.008624482946382156
----------------------------------
----------------------------------
Iteration = 25
Distance = 0.0020925825609330317
v max = -0.6047474345324162
v min = -6.023176025007609
d max = 0.07672413793103448
d min = 0.07672413793103448
dF max = 0.07672413793103448
dB max = 0.07672413793103448
hk max = 0.010331966455186503
hk min = 0.010331966455186503
hz max = 0.047884363790174335
hz min = 0.02593078826358469
lambdaF max = Inf
lambdaF min = 0.008624482946382156
lambdaB max = Inf
lambdaB min = 0.008624482946382156
----------------------------------
----------------------------------
Iteration = 26
Distance = 0.0017382607956069052
v max = -0.6064569005064228
v min = -6.024914285803216
d max = 0.07672413793103448
d min = 0.07672413793103448
dF max = 0.07672413793103448
dB max = 0.07672413793103448
hk max = 0.010331966455186503
hk min = 0.010331966455186503
hz max = 0.047884793828865936
hz min = 0.02593085047134875
lambdaF max = Inf
lambdaF min = 0.008624482946382156
lambdaB max = Inf
lambdaB min = 0.008624482946382156
----------------------------------
----------------------------------
Iteration = 27
Distance = 0.001444948475750607
v max = -0.6078831709147797
v min = -6.026359234278966
d max = 0.07672413793103448
d min = 0.07672413793103448
dF max = 0.07672413793103448
dB max = 0.07672413793103448
hk max = 0.010331966455186503
hk min = 0.010331966455186503
hz max = 0.04788507247288569
hz min = 0.025930890892434735
lambdaF max = Inf
lambdaF min = 0.008624482946382156
lambdaB max = Inf
lambdaB min = 0.008624482946382156
----------------------------------
----------------------------------
Iteration = 28
Distance = 0.001201788798665504
v max = -0.6090728437053996
v min = -6.027561023077632
d max = 0.07672413793103448
d min = 0.07672413793103448
dF max = 0.07672413793103448
dB max = 0.07672413793103448
hk max = 0.010331966455186503
hk min = 0.010331966455186503
hz max = 0.04788525305006305
hz min = 0.02593091714931946
lambdaF max = Inf
lambdaF min = 0.008624482946382156
lambdaB max = Inf
lambdaB min = 0.008624482946382156
----------------------------------
----------------------------------
Iteration = 29
Distance = 0.0009999769800383973
v max = -0.6100649611424058
v min = -6.02856100005767
d max = 0.07672413793103448
d min = 0.07672413793103448
dF max = 0.07672413793103448
dB max = 0.07672413793103448
hk max = 0.010331966455186503
hk min = 0.010331966455186503
hz max = 0.0478853700915195
hz min = 0.025930934201418326
lambdaF max = Inf
lambdaF min = 0.008624482946382156
lambdaB max = Inf
lambdaB min = 0.008624482946382156
----------------------------------
----------------------------------
Iteration = 30
Distance = 0.0008323327526831292
v max = -0.610892195367016
v min = -6.029393332810353
d max = 0.07672413793103448
d min = 0.07672413793103448
dF max = 0.07672413793103448
dB max = 0.07672413793103448
hk max = 0.010331966455186503
hk min = 0.010331966455186503
hz max = 0.04788544596213338
hz min = 0.025930945273634928
lambdaF max = Inf
lambdaF min = 0.008624482946382156
lambdaB max = Inf
lambdaB min = 0.008624482946382156
----------------------------------
----------------------------------
Iteration = 31
Distance = 0.0006929742771060177
v max = -0.6115818621314258
v min = -6.030086307087459
d max = 0.07672413793103448
d min = 0.07672413793103448
dF max = 0.07672413793103448
dB max = 0.07672413793103448
hk max = 0.010331966455186503
hk min = 0.010331966455186503
hz max = 0.047885495150015715
hz min = 0.025930952461994613
lambdaF max = Inf
lambdaF min = 0.008624482946382156
lambdaB max = Inf
lambdaB min = 0.008624482946382156
----------------------------------
----------------------------------
Iteration = 32
Distance = 0.0005770659118793375
v max = -0.6121567823547533
v min = -6.030663372999339
d max = 0.07672413793103448
d min = 0.07672413793103448
dF max = 0.07672413793103448
dB max = 0.07672413793103448
hk max = 0.010331966455186503
hk min = 0.010331966455186503
hz max = 0.047885527042436385
hz min = 0.02593095712833288
lambdaF max = Inf
lambdaF min = 0.008624482946382156
lambdaB max = Inf
lambdaB min = 0.008624482946382156
----------------------------------
----------------------------------
Iteration = 33
Distance = 0.0004806206483127795
v max = -0.6126360110021215
v min = -6.031143993647651
d max = 0.07672413793103448
d min = 0.07672413793103448
dF max = 0.07672413793103448
dB max = 0.07672413793103448
hk max = 0.010331966455186503
hk min = 0.010331966455186503
hz max = 0.04788554772271099
hz min = 0.02593096015722398
lambdaF max = Inf
lambdaF min = 0.008624482946382156
lambdaB max = Inf
lambdaB min = 0.008624482946382156
----------------------------------
----------------------------------
Iteration = 34
Distance = 0.0004003436452819642
v max = -0.6130354515818675
v min = -6.031544337292933
d max = 0.07672413793103448
d min = 0.07672413793103448
dF max = 0.07672413793103448
dB max = 0.07672413793103448
hk max = 0.010331966455186503
hk min = 0.010331966455186503
hz max = 0.04788556113367681
hz min = 0.025930962123115773
lambdaF max = Inf
lambdaF min = 0.008624482946382156
lambdaB max = Inf
lambdaB min = 0.008624482946382156
----------------------------------
----------------------------------
Iteration = 35
Distance = 0.00033350713322999326
v max = -0.6133683728398529
v min = -6.031877844426163
d max = 0.07672413793103448
d min = 0.07672413793103448
dF max = 0.07672413793103448
dB max = 0.07672413793103448
hk max = 0.010331966455186503
hk min = 0.010331966455186503
hz max = 0.04788556983116675
hz min = 0.025930963398996577
lambdaF max = Inf
lambdaF min = 0.008624482946382156
lambdaB max = Inf
lambdaB min = 0.008624482946382156
----------------------------------
----------------------------------
Iteration = 36
Distance = 0.0002778495943482895
v max = -0.6136458423354499
v min = -6.032155694020512
d max = 0.07672413793103448
d min = 0.07672413793103448
dF max = 0.07672413793103448
dB max = 0.07672413793103448
hk max = 0.010331966455186503
hk min = 0.010331966455186503
hz max = 0.04788557547214199
hz min = 0.02593096422701476
lambdaF max = Inf
lambdaF min = 0.008624482946382156
lambdaB max = Inf
lambdaB min = 0.008624482946382156
----------------------------------
----------------------------------
Iteration = 37
Distance = 0.0002314939660550408
v max = -0.6138770897018107
v min = -6.032387187986567
d max = 0.07672413793103448
d min = 0.07672413793103448
dF max = 0.07672413793103448
dB max = 0.07672413793103448
hk max = 0.010331966455186503
hk min = 0.010331966455186503
hz max = 0.047885579130934816
hz min = 0.025930964764358858
lambdaF max = Inf
lambdaF min = 0.008624482946382156
lambdaB max = Inf
lambdaB min = 0.008624482946382156
----------------------------------
----------------------------------
Iteration = 38
Distance = 0.00019288091529201523
v max = -0.6140698106271351
v min = -6.032580068901859
d max = 0.07672413793103448
d min = 0.07672413793103448
dF max = 0.07672413793103448
dB max = 0.07672413793103448
hk max = 0.010331966455186503
hk min = 0.010331966455186503
hz max = 0.04788558150417952
hz min = 0.025930965113057765
lambdaF max = Inf
lambdaF min = 0.008624482946382156
lambdaB max = Inf
lambdaB min = 0.008624482946382156
----------------------------------
----------------------------------
Iteration = 39
Distance = 0.00016071416603757882
v max = -0.6142304209933594
v min = -6.032740783067896
d max = 0.07672413793103448
d min = 0.07672413793103448
dF max = 0.07672413793103448
dB max = 0.07672413793103448
hk max = 0.010331966455186503
hk min = 0.010331966455186503
hz max = 0.047885583043617425
hz min = 0.02593096533933343
lambdaF max = Inf
lambdaF min = 0.008624482946382156
lambdaB max = Inf
lambdaB min = 0.008624482946382156
----------------------------------
----------------------------------
Iteration = 40
Distance = 0.0001339155427571015
v max = -0.614364269191386
v min = -6.032874698610653
d max = 0.07672413793103448
d min = 0.07672413793103448
dF max = 0.07672413793103448
dB max = 0.07672413793103448
hk max = 0.010331966455186503
hk min = 0.010331966455186503
hz max = 0.047885584042230075
hz min = 0.02593096548616319
lambdaF max = Inf
lambdaF min = 0.008624482946382156
lambdaB max = Inf
lambdaB min = 0.008624482946382156
----------------------------------
----------------------------------
Iteration = 41
Distance = 0.00011158789820253645
v max = -0.6144758133964441
v min = -6.032986286508856
d max = 0.07672413793103448
d min = 0.07672413793103448
dF max = 0.07672413793103448
dB max = 0.07672413793103448
hk max = 0.010331966455186503
hk min = 0.010331966455186503
hz max = 0.04788558469004331
hz min = 0.0259309655814396
lambdaF max = Inf
lambdaF min = 0.008624482946382156
lambdaB max = Inf
lambdaB min = 0.008624482946382156
----------------------------------
----------------------------------
Iteration = 42
Distance = 9.298447386463238e-5
v max = -0.6145687695221184
v min = -6.033079270982721
d max = 0.07672413793103448
d min = 0.07672413793103448
dF max = 0.07672413793103448
dB max = 0.07672413793103448
hk max = 0.010331966455186503
hk min = 0.010331966455186503
hz max = 0.047885585110293526
hz min = 0.025930965643262176
lambdaF max = Inf
lambdaF min = 0.008624482946382156
lambdaB max = Inf
lambdaB min = 0.008624482946382156
----------------------------------
----------------------------------
Iteration = 43
Distance = 7.748353147896125e-5
v max = -0.6146462346611485
v min = -6.0331567545141995
d max = 0.07672413793103448
d min = 0.07672413793103448
dF max = 0.07672413793103448
dB max = 0.07672413793103448
hk max = 0.010331966455186503
hk min = 0.010331966455186503
hz max = 0.0478855853829255
hz min = 0.02593096568337664
lambdaF max = Inf
lambdaF min = 0.008624482946382156
lambdaB max = Inf
lambdaB min = 0.008624482946382156
----------------------------------
----------------------------------
Iteration = 44
Distance = 6.456731937287685e-5
v max = -0.6147107900473565
v min = -6.033221321833572
d max = 0.07672413793103448
d min = 0.07672413793103448
dF max = 0.07672413793103448
dB max = 0.07672413793103448
hk max = 0.010331966455186503
hk min = 0.010331966455186503
hz max = 0.047885585559795975
hz min = 0.025930965709405476
lambdaF max = Inf
lambdaF min = 0.008624482946382156
lambdaB max = Inf
lambdaB min = 0.008624482946382156
----------------------------------
----------------------------------
Iteration = 45
Distance = 5.38046136489001e-5
v max = -0.6147645869186585
v min = -6.033275126447221
d max = 0.07672413793103448
d min = 0.07672413793103448
dF max = 0.07672413793103448
dB max = 0.07672413793103448
hk max = 0.010331966455186503
hk min = 0.010331966455186503
hz max = 0.047885585674540765
hz min = 0.025930965726294282
lambdaF max = Inf
lambdaF min = 0.008624482946382156
lambdaB max = Inf
lambdaB min = 0.008624482946382156
----------------------------------
----------------------------------
Iteration = 46
Distance = 4.483621407302962e-5
v max = -0.6148094181093985
v min = -6.033319962661294
d max = 0.07672413793103448
d min = 0.07672413793103448
dF max = 0.07672413793103448
dB max = 0.07672413793103448
hk max = 0.010331966455186503
hk min = 0.010331966455186503
hz max = 0.04788558574898596
hz min = 0.02593096573725296
lambdaF max = Inf
lambdaF min = 0.008624482946382156
lambdaB max = Inf
lambdaB min = 0.008624482946382156
----------------------------------
----------------------------------
Iteration = 47
Distance = 3.736288630040718e-5
v max = -0.6148467777365039
v min = -6.033357325547595
d max = 0.07672413793103448
d min = 0.07672413793103448
dF max = 0.07672413793103448
dB max = 0.07672413793103448
hk max = 0.010331966455186503
hk min = 0.010331966455186503
hz max = 0.047885585797283484
hz min = 0.025930965744363373
lambdaF max = Inf
lambdaF min = 0.008624482946382156
lambdaB max = Inf
lambdaB min = 0.008624482946382156
----------------------------------
----------------------------------
Iteration = 48
Distance = 3.113533282750325e-5
v max = -0.614877910954711
v min = -6.033388460880422
d max = 0.07672413793103448
d min = 0.07672413793103448
dF max = 0.07672413793103448
dB max = 0.07672413793103448
hk max = 0.010331966455186503
hk min = 0.010331966455186503
hz max = 0.04788558582861843
hz min = 0.025930965748976298
lambdaF max = Inf
lambdaF min = 0.008624482946382156
lambdaB max = Inf
lambdaB min = 0.008624482946382156
----------------------------------
----------------------------------
Iteration = 49
Distance = 2.5945847432318203e-5
v max = -0.6149038554301445
v min = -6.033414406727855
d max = 0.07672413793103448
d min = 0.07672413793103448
dF max = 0.07672413793103448
dB max = 0.07672413793103448
hk max = 0.010331966455186503
hk min = 0.010331966455186503
hz max = 0.047885585848947344
hz min = 0.02593096575196978
lambdaF max = Inf
lambdaF min = 0.008624482946382156
lambdaB max = Inf
lambdaB min = 0.008624482946382156
----------------------------------
----------------------------------
Iteration = 50
Distance = 2.1621368714974665e-5
v max = -0.6149254759086917
v min = -6.0334360280965695
d max = 0.07672413793103448
d min = 0.07672413793103448
dF max = 0.07672413793103448
dB max = 0.07672413793103448
hk max = 0.010331966455186503
hk min = 0.010331966455186503
hz max = 0.047885585862137134
hz min = 0.025930965753912426
lambdaF max = Inf
lambdaF min = 0.008624482946382156
lambdaB max = Inf
lambdaB min = 0.008624482946382156
----------------------------------
----------------------------------
Iteration = 51
Distance = 1.8017696453043186e-5
v max = -0.6149434930275813
v min = -6.033454045793023
d max = 0.07672413793103448
d min = 0.07672413793103448
dF max = 0.07672413793103448
dB max = 0.07672413793103448
hk max = 0.010331966455186503
hk min = 0.010331966455186503
hz max = 0.04788558587069535
hz min = 0.025930965755172505
lambdaF max = Inf
lambdaF min = 0.008624482946382156
lambdaB max = Inf
lambdaB min = 0.008624482946382156
----------------------------------
----------------------------------
Iteration = 52
Distance = 1.5014675144975342e-5
v max = -0.6149585073279915
v min = -6.0334690604681676
d max = 0.07672413793103448
d min = 0.07672413793103448
dF max = 0.07672413793103448
dB max = 0.07672413793103448
hk max = 0.010331966455186503
hk min = 0.010331966455186503
hz max = 0.047885585876247735
hz min = 0.02593096575598998
lambdaF max = Inf
lambdaF min = 0.008624482946382156
lambdaB max = Inf
lambdaB min = 0.008624482946382156
----------------------------------
----------------------------------
Iteration = 53
Distance = 1.2512182643753533e-5
v max = -0.6149710192674936
v min = -6.033481572650811
d max = 0.07672413793103448
d min = 0.07672413793103448
dF max = 0.07672413793103448
dB max = 0.07672413793103448
hk max = 0.010331966455186503
hk min = 0.010331966455186503
hz max = 0.04788558587984829
hz min = 0.025930965756520704
lambdaF max = Inf
lambdaF min = 0.008624482946382156
lambdaB max = Inf
lambdaB min = 0.008624482946382156
----------------------------------
----------------------------------
Iteration = 54
Distance = 1.0426788597861503e-5
v max = -0.6149814458983418
v min = -6.033491999439409
d max = 0.07672413793103448
d min = 0.07672413793103448
dF max = 0.07672413793103448
dB max = 0.07672413793103448
hk max = 0.010331966455186503
hk min = 0.010331966455186503
hz max = 0.047885585882183605
hz min = 0.02593096575686486
lambdaF max = Inf
lambdaF min = 0.008624482946382156
lambdaB max = Inf
lambdaB min = 0.008624482946382156
----------------------------------
----------------------------------
Iteration = 55
Distance = 8.688970859260792e-6
v max = -0.6149901347668519
v min = -6.033500688410268
d max = 0.07672413793103448
d min = 0.07672413793103448
dF max = 0.07672413793103448
dB max = 0.07672413793103448
hk max = 0.010331966455186503
hk min = 0.010331966455186503
hz max = 0.04788558588370144
hz min = 0.025930965757087886
lambdaF max = Inf
lambdaF min = 0.008624482946382156
lambdaB max = Inf
lambdaB min = 0.008624482946382156
----------------------------------
    Value Function Converged, Iteration = 55 with gamma=5.0 with rho=1.0 and v=-2.7198896613529744
    Reflective boundary condition
=============================================================
Convegence time (minutes): 0.10912210843333334
Current Time = 22:19:34
grid points for z:  401
grid size for z:  0.025
-0.09364941506040932
-0.2686234247731226
--- 8.357929468154907 seconds for the elasticity computation ---
-0.0089856663663699
-0.08442783382507986
--- 0.06422805786132812 seconds for the elasticity computation ---
-0.04463978571823521
-0.18419559094804278
--- 0.0641469955444336 seconds for the elasticity computation ---
-0.1734091285575502
-0.27606244062085694
--- 0.06366562843322754 seconds for the elasticity computation ---
Current Time = 22:19:45
grid points for z:  401
grid size for z:  0.025
rho = 1
0.05975971349714089
--- 8.250641584396362 seconds for the elasticity computation ---
0.0
--- 0.06648540496826172 seconds for the elasticity computation ---
0.05975971349714089
--- 0.06600165367126465 seconds for the elasticity computation ---
0.0
--- 0.0666189193725586 seconds for the elasticity computation ---
0.0
--- 0.0702056884765625 seconds for the elasticity computation ---
0.05975971349714089
0.007439015847734282
--- 0.06760835647583008 seconds for the elasticity computation ---
0.05975971349714089
0.007439015847734282
--- 0.06683945655822754 seconds for the elasticity computation ---
0.05975971349714089
0.007439015847734282
--- 0.06712079048156738 seconds for the elasticity computation ---
0.05975971349714089
0.007439015847734282
--- 0.06717157363891602 seconds for the elasticity computation ---
parsed_args = parse_commandline() = Dict{String, Any}("dataname" => "upper_triangular_two_ambiguous_parameters", "clowerlim" => 0.0001, "delta" => 0.02, "boundary" => 1, "Delta" => 10.0, "q" => 0.05, "zmax" => 5.0, "logadjustment" => 1, "zscale" => 2.0, "foc" => 1, "distorted" => 0, "rho" => 1.0, "gamma" => 5.0)
=============================================================
./output/upper_triangular_two_ambiguous_parameters/Delta_10.0_distorted_0/logadjustment_1_boundary_1/zmax_5.0_zscale_2.0/delta_0.02/q_0.05_gamma_5.0_rho_1.0/
=============================================================
solve for structured linear system 
structured_relative_entropy = 0.05128078734647437
=============================================================
solve for unstructured linear system 
q_update = 0.18776126470482574
=============================================================
parsed_args = parse_commandline() = Dict{String, Any}("dataname" => "upper_triangular_two_ambiguous_parameters", "clowerlim" => 0.0001, "delta" => 0.02, "boundary" => 1, "Delta" => 10.0, "q" => 0.05, "zmax" => 5.0, "logadjustment" => 1, "zscale" => 2.0, "foc" => 1, "distorted" => 0, "rho" => 1.0, "gamma" => 5.0)
=============================================================
./output/upper_triangular_two_ambiguous_parameters/Delta_10.0_distorted_0/logadjustment_1_boundary_1/zmax_5.0_zscale_2.0/delta_0.02/q_0.05_gamma_5.0_rho_1.0/
=============================================================
solve for structured linear system 
structured_relative_entropy = 0.05128078734647436
=============================================================
solve for unstructured linear system 
q_update = 0.18776126470482574
=============================================================
Program ends Fri Jan 19 22:20:25 CST 2024
Elapsed time: 0 days 00 hr 01 min 22 sec
