D_10.0_distorted_0_boundary_1_delta_0.015_gamma_7.0_q_0.1_rho_1.0_upper_triangular_four_ambiguous_parameters
Program starts Fri Jan 19 22:17:19 CST 2024
parsed_args = parse_commandline() = Dict{String, Any}("dataname" => "upper_triangular_four_ambiguous_parameters", "clowerlim" => 0.0001, "delta" => 0.015, "boundary" => 1, "Delta" => 10.0, "q" => 0.1, "zmax" => 5.0, "logadjustment" => 1, "zscale" => 2.0, "foc" => 1, "distorted" => 0, "rho" => 1.0, "gamma" => 7.0)
=============================================================
logadjustment: true
reflective_boundary: true
0.1002
U: [1.0331966455186503 0.4546065240282061; 0.0 0.06463435618925897]
L: [1.0331966455186503 0.0; 0.4546065240282061 0.06463435618925897]
[-2.220446049250313e-16 0.0; 0.0 0.0]
sigma_k: [0.010331966455186503, 0.004546065240282061]
sigma_z: [0.0, 0.06463435618925897]
Compute value function WITH ROBUSTNESS
computing undistorted version...
zmax = 5.0, zmin = -5.0, zlength = 401
reflective boundary condition
----------------------------------
Iteration = 1
Distance = 1.2278053813751848
v max = -0.8920733437783327
v min = -3.227805381375185
d max = 0.07607142857142857
d min = 0.07607142857142857
dF max = 0.07607142857142857
dB max = 0.07607142857142857
hk max = 0.010331966455186503
hk min = 0.010331966455186503
hz max = 0.004546065240282061
hz min = 0.004546065240282061
lambdaF max = 0.1596347330627016
lambdaF min = 0.006028620769798677
lambdaB max = 0.1596347330627016
lambdaB min = 0.006028620769798677
----------------------------------
----------------------------------
Iteration = 2
Distance = 0.9696882721854099
v max = -0.5844041685115747
v min = -4.197493653560595
d max = 0.07607142857142857
d min = 0.07607142857142857
dF max = 0.07607142857142857
dB max = 0.07607142857142857
hk max = 0.010331966455186503
hk min = 0.010331966455186503
hz max = 0.019665212886895073
hz min = 0.01622577100509957
lambdaF max = 0.3141560531703528
lambdaF min = 0.006028620769798677
lambdaB max = 0.3141560531703528
lambdaB min = 0.006028620769798677
----------------------------------
----------------------------------
Iteration = 3
Distance = 0.6798728248806309
v max = -0.4674023238918038
v min = -4.877366478441226
d max = 0.07607142857142857
d min = 0.07607142857142857
dF max = 0.07607142857142857
dB max = 0.07607142857142857
hk max = 0.010331966455186503
hk min = 0.010331966455186503
hz max = 0.03141305424417297
hz min = 0.021350460292956917
lambdaF max = 0.4193626145923433
lambdaF min = 0.006028620769798677
lambdaB max = 0.4229855222940405
lambdaB min = 0.006028620769798677
----------------------------------
----------------------------------
Iteration = 4
Distance = 0.4890379429366538
v max = -0.4451674649705375
v min = -5.366404421377879
d max = 0.07607142857142857
d min = 0.07607142857142857
dF max = 0.07607142857142857
dB max = 0.07607142857142857
hk max = 0.010331966455186503
hk min = 0.010331966455186503
hz max = 0.03930188883611211
hz min = 0.02285110501682185
lambdaF max = 0.49284435903662166
lambdaF min = 0.006028620769798677
lambdaB max = 0.49887075868048886
lambdaB min = 0.006028620769798677
----------------------------------
----------------------------------
Iteration = 5
Distance = 0.36149135085910356
v max = -0.4651594798030052
v min = -5.727895772236983
d max = 0.07607142857142857
d min = 0.07607142857142857
dF max = 0.07607142857142857
dB max = 0.07607142857142857
hk max = 0.010331966455186503
hk min = 0.010331966455186503
hz max = 0.04464137635590345
hz min = 0.024084530507718183
lambdaF max = 0.5437700579380051
lambdaF min = 0.006028620769798677
lambdaB max = 0.5516211021072619
lambdaB min = 0.006028620769798677
----------------------------------
----------------------------------
Iteration = 6
Distance = 0.27245936243871505
v max = -0.503034488579887
v min = -6.000355134675698
d max = 0.07607142857142857
d min = 0.07607142857142857
dF max = 0.07607142857142857
dB max = 0.07607142857142857
hk max = 0.010331966455186503
hk min = 0.010331966455186503
hz max = 0.04829975836762016
hz min = 0.024412404779002354
lambdaF max = 0.5801747219539776
lambdaF min = 0.006028620769798677
lambdaB max = 0.5893475482310977
lambdaB min = 0.006028620769798677
----------------------------------
----------------------------------
Iteration = 7
Distance = 0.20880090030457144
v max = -0.5488436529559554
v min = -6.2091560349802695
d max = 0.07607142857142857
d min = 0.07607142857142857
dF max = 0.07607142857142857
dB max = 0.07607142857142857
hk max = 0.010331966455186503
hk min = 0.010331966455186503
hz max = 0.05081793444302295
hz min = 0.02473657397649063
lambdaF max = 0.6066216535409048
lambdaF min = 0.006028620769798677
lambdaB max = 0.6167262375754554
lambdaB min = 0.006028620769798677
----------------------------------
----------------------------------
Iteration = 8
Distance = 0.16247307621269602
v max = -0.5972411532353777
v min = -6.3716291111929655
d max = 0.07607142857142857
d min = 0.07607142857142857
dF max = 0.07607142857142857
dB max = 0.07607142857142857
hk max = 0.010331966455186503
hk min = 0.010331966455186503
hz max = 0.05255499745478918
hz min = 0.024869887420747083
lambdaF max = 0.6259015180473456
lambdaF min = 0.006028620769798677
lambdaB max = 0.6366448208589951
lambdaB min = 0.006028620769798677
----------------------------------
----------------------------------
Iteration = 9
Distance = 0.1282315073521465
v max = -0.6455708369447778
v min = -6.499860618545112
d max = 0.07607142857142857
d min = 0.07607142857142857
dF max = 0.07607142857142857
dB max = 0.07607142857142857
hk max = 0.010331966455186503
hk min = 0.010331966455186503
hz max = 0.053754675264123
hz min = 0.024998541238719363
lambdaF max = 0.6398853273770899
lambdaF min = 0.006028620769798677
lambdaB max = 0.6510568590081681
lambdaB min = 0.006028620769798677
----------------------------------
----------------------------------
Iteration = 10
Distance = 0.10254915700716172
v max = -0.6920711498091633
v min = -6.602409775552274
d max = 0.07607142857142857
d min = 0.07607142857142857
dF max = 0.07607142857142857
dB max = 0.07607142857142857
hk max = 0.010331966455186503
hk min = 0.010331966455186503
hz max = 0.05458383584135069
hz min = 0.025074593473541542
lambdaF max = 0.6499339540598106
lambdaF min = 0.006028620769798677
lambdaB max = 0.6613883400914098
lambdaB min = 0.006028620769798677
----------------------------------
----------------------------------
Iteration = 11
Distance = 0.08300864266382302
v max = -0.7358500480313528
v min = -6.685418418216097
d max = 0.07607142857142857
d min = 0.07607142857142857
dF max = 0.07607142857142857
dB max = 0.07607142857142857
hk max = 0.010331966455186503
hk min = 0.010331966455186503
hz max = 0.05515720346043412
hz min = 0.02513736689109204
lambdaF max = 0.6570800602111956
lambdaF min = 0.006028620769798677
lambdaB max = 0.6687200697195183
lambdaB min = 0.006028620769798677
----------------------------------
----------------------------------
Iteration = 12
Distance = 0.06793042536347027
v max = -0.776358870253358
v min = -6.753348843579567
d max = 0.07607142857142857
d min = 0.07607142857142857
dF max = 0.07607142857142857
dB max = 0.07607142857142857
hk max = 0.010331966455186503
hk min = 0.010331966455186503
hz max = 0.0555538347691368
hz min = 0.025180906521569693
lambdaF max = 0.6621137989462312
lambdaF min = 0.006028620769798677
lambdaB max = 0.6738759178758941
lambdaB min = 0.006028620769798677
----------------------------------
----------------------------------
Iteration = 13
Distance = 0.056134597752326876
v max = -0.81338294134711
v min = -6.809483441331894
d max = 0.07607142857142857
d min = 0.07607142857142857
dF max = 0.07607142857142857
dB max = 0.07607142857142857
hk max = 0.010331966455186503
hk min = 0.010331966455186503
hz max = 0.05582828395602422
hz min = 0.025213934719737305
lambdaF max = 0.6656330229484028
lambdaF min = 0.006028620769798677
lambdaB max = 0.677476241525768
lambdaB min = 0.006028620769798677
----------------------------------
----------------------------------
Iteration = 14
Distance = 0.046783935094889095
v max = -0.846868295954193
v min = -6.856267376426783
d max = 0.07607142857142857
d min = 0.07607142857142857
dF max = 0.07607142857142857
dB max = 0.07607142857142857
hk max = 0.010331966455186503
hk min = 0.010331966455186503
hz max = 0.05601823117505082
hz min = 0.025237769727519347
lambdaF max = 0.6680809436413371
lambdaF min = 0.006028620769798677
lambdaB max = 0.6799787374195501
lambdaB min = 0.006028620769798677
----------------------------------
----------------------------------
Iteration = 15
Distance = 0.039278569972482025
v max = -0.8769120628907051
v min = -6.895545946399265
d max = 0.07607142857142857
d min = 0.07607142857142857
dF max = 0.07607142857142857
dB max = 0.07607142857142857
hk max = 0.010331966455186503
hk min = 0.010331966455186503
hz max = 0.0561497181406826
hz min = 0.025254867315296387
lambdaF max = 0.6697788782159682
lambdaF min = 0.006028620769798677
lambdaB max = 0.6817138747769206
lambdaB min = 0.006028620769798677
----------------------------------
----------------------------------
Iteration = 16
Distance = 0.03318440052235694
v max = -0.9036885318784527
v min = -6.928730346921622
d max = 0.07607142857142857
d min = 0.07607142857142857
dF max = 0.07607142857142857
dB max = 0.07607142857142857
hk max = 0.010331966455186503
hk min = 0.010331966455186503
hz max = 0.05624075113193565
hz min = 0.025267142552079798
lambdaF max = 0.6709552954730592
lambdaF min = 0.006028620769798677
lambdaB max = 0.682915906212791
lambdaB min = 0.006028620769798677
----------------------------------
----------------------------------
Iteration = 17
Distance = 0.028183967719659364
v max = -0.9274303178086698
v min = -6.956914314641281
d max = 0.07607142857142857
d min = 0.07607142857142857
dF max = 0.07607142857142857
dB max = 0.07607142857142857
hk max = 0.010331966455186503
hk min = 0.010331966455186503
hz max = 0.05630378470340387
hz min = 0.0252756798859223
lambdaF max = 0.671770331860117
lambdaF min = 0.006028620769798677
lambdaB max = 0.6837486840758246
lambdaB min = 0.006028620769798677
----------------------------------
----------------------------------
Iteration = 18
Distance = 0.02404250034265587
v max = -0.948393558310941
v min = -6.980956814983937
d max = 0.07607142857142857
d min = 0.07607142857142857
dF max = 0.07607142857142857
dB max = 0.07607142857142857
hk max = 0.010331966455186503
hk min = 0.010331966455186503
hz max = 0.05634743574897363
hz min = 0.02528172953790995
lambdaF max = 0.6723352285434572
lambdaF min = 0.006028620769798677
lambdaB max = 0.6843258999025095
lambdaB min = 0.006028620769798677
----------------------------------
----------------------------------
Iteration = 19
Distance = 0.020584298044249216
v max = -0.9668438968236179
v min = -7.001541113028186
d max = 0.07607142857142857
d min = 0.07607142857142857
dF max = 0.07607142857142857
dB max = 0.07607142857142857
hk max = 0.010331966455186503
hk min = 0.010331966455186503
hz max = 0.056377667340318835
hz min = 0.02528588228291075
lambdaF max = 0.6727269326447484
lambdaF min = 0.006028620769798677
lambdaB max = 0.6847261595713794
lambdaB min = 0.006028620769798677
----------------------------------
----------------------------------
Iteration = 20
Distance = 0.017676211669373387
v max = -0.983041002786367
v min = -7.01921732469756
d max = 0.07607142857142857
d min = 0.07607142857142857
dF max = 0.07607142857142857
dB max = 0.07607142857142857
hk max = 0.010331966455186503
hk min = 0.010331966455186503
hz max = 0.05639860682144247
hz min = 0.025288801010030178
lambdaF max = 0.6729986223727389
lambdaF min = 0.006028620769798677
lambdaB max = 0.6850037857526522
lambdaB min = 0.006028620769798677
----------------------------------
----------------------------------
Iteration = 21
Distance = 0.015216023517561794
v max = -0.9972318579400631
v min = -7.034433348215122
d max = 0.07607142857142857
d min = 0.07607142857142857
dF max = 0.07607142857142857
dB max = 0.07607142857142857
hk max = 0.010331966455186503
hk min = 0.010331966455186503
hz max = 0.056413111396039085
hz min = 0.02529080175796658
lambdaF max = 0.6731870838858486
lambdaF min = 0.006028620769798677
lambdaB max = 0.6851963619879371
lambdaB min = 0.006028620769798677
----------------------------------
----------------------------------
Iteration = 22
Distance = 0.013124226543801853
v max = -1.0096454592851465
v min = -7.047557574758923
d max = 0.07607142857142857
d min = 0.07607142857142857
dF max = 0.07607142857142857
dB max = 0.07607142857142857
hk max = 0.010331966455186503
hk min = 0.010331966455186503
hz max = 0.056423159275417266
hz min = 0.02529220255330123
lambdaF max = 0.6733178019704998
lambdaF min = 0.006028620769798677
lambdaB max = 0.6853299299486036
lambdaB min = 0.006028620769798677
----------------------------------
----------------------------------
Iteration = 23
Distance = 0.011338171353665771
v max = -1.0204910579019895
v min = -7.058895746112589
d max = 0.07607142857142857
d min = 0.07607142857142857
dF max = 0.07607142857142857
dB max = 0.07607142857142857
hk max = 0.010331966455186503
hk min = 0.010331966455186503
hz max = 0.056430120261618436
hz min = 0.025293165840531318
lambdaF max = 0.6734084538104111
lambdaF min = 0.006028620769798677
lambdaB max = 0.6854225550249519
lambdaB min = 0.006028620769798677
----------------------------------
----------------------------------
Iteration = 24
Distance = 0.009807869513519307
v max = -1.0299574927308675
v min = -7.0687036156261085
d max = 0.07607142857142857
d min = 0.07607142857142857
dF max = 0.07607142857142857
dB max = 0.07607142857142857
hk max = 0.010331966455186503
hk min = 0.010331966455186503
hz max = 0.056434942970637
hz min = 0.025293838617651023
lambdaF max = 0.6734713090185754
lambdaF min = 0.006028620769798677
lambdaB max = 0.6854867765771993
lambdaB min = 0.006028620769798677
----------------------------------
----------------------------------
Iteration = 25
Distance = 0.008492960480222855
v max = -1.0382137923089876
v min = -7.077196576106331
d max = 0.07607142857142857
d min = 0.07607142857142857
dF max = 0.07607142857142857
dB max = 0.07607142857142857
hk max = 0.010331966455186503
hk min = 0.010331966455186503
hz max = 0.056438284402269806
hz min = 0.02529430276925758
lambdaF max = 0.6735148847446369
lambdaF min = 0.006028620769798677
lambdaB max = 0.6855312986636535
lambdaB min = 0.006028620769798677
----------------------------------
----------------------------------
Iteration = 26
Distance = 0.007360499860944003
v max = -1.0454102573177486
v min = -7.084557075967275
d max = 0.07607142857142857
d min = 0.07607142857142857
dF max = 0.07607142857142857
dB max = 0.07607142857142857
hk max = 0.010331966455186503
hk min = 0.010331966455186503
hz max = 0.05644059962582853
hz min = 0.025294626139936337
lambdaF max = 0.6735450918043431
lambdaF min = 0.006028620769798677
lambdaB max = 0.6855621613973629
lambdaB min = 0.006028620769798677
----------------------------------
----------------------------------
Iteration = 27
Distance = 0.006383330472861104
v max = -1.0516798939103986
v min = -7.0909404064401365
d max = 0.07607142857142857
d min = 0.07607142857142857
dF max = 0.07607142857142857
dB max = 0.07607142857142857
hk max = 0.010331966455186503
hk min = 0.010331966455186503
hz max = 0.056442203868168
hz min = 0.02529484970039699
lambdaF max = 0.6735660306302875
lambdaF min = 0.006028620769798677
lambdaB max = 0.685583554613813
lambdaB min = 0.006028620769798677
----------------------------------
----------------------------------
Iteration = 28
Distance = 0.005538869451537032
v max = -1.057139962735841
v min = -7.0964792758916735
d max = 0.07607142857142857
d min = 0.07607142857142857
dF max = 0.07607142857142857
dB max = 0.07607142857142857
hk max = 0.010331966455186503
hk min = 0.010331966455186503
hz max = 0.056443315502070684
hz min = 0.025295005100912416
lambdaF max = 0.6735805447090892
lambdaF min = 0.006028620769798677
lambdaB max = 0.685598383639843
lambdaB min = 0.006028620769798677
----------------------------------
----------------------------------
Iteration = 29
Distance = 0.0048081944357747375
v max = -1.0618935405924244
v min = -7.101287470327448
d max = 0.07607142857142857
d min = 0.07607142857142857
dF max = 0.07607142857142857
dB max = 0.07607142857142857
hk max = 0.010331966455186503
hk min = 0.010331966455186503
hz max = 0.05644408581405164
hz min = 0.025295112671115665
lambdaF max = 0.6735906053656168
lambdaF min = 0.006028620769798677
lambdaB max = 0.6856086626063206
lambdaB min = 0.006028620769798677
----------------------------------
----------------------------------
Iteration = 30
Distance = 0.004175346457309992
v max = -1.0660310328311549
v min = -7.105462816784758
d max = 0.07607142857142857
d min = 0.07607142857142857
dF max = 0.07607142857142857
dB max = 0.07607142857142857
hk max = 0.010331966455186503
hk min = 0.010331966455186503
hz max = 0.056444619619570514
hz min = 0.025295187324015644
lambdaF max = 0.6735975790805796
lambdaF min = 0.006028620769798677
lambdaB max = 0.68561578764576
lambdaB min = 0.006028620769798677
----------------------------------
----------------------------------
Iteration = 31
Distance = 0.0036267912706957617
v max = -1.069631587295022
v min = -7.109089608055454
d max = 0.07607142857142857
d min = 0.07607142857142857
dF max = 0.07607142857142857
dB max = 0.07607142857142857
hk max = 0.010331966455186503
hk min = 0.010331966455186503
hz max = 0.05644498954112085
hz min = 0.025295239043333553
lambdaF max = 0.6736024130255059
lambdaF min = 0.006028620769798677
lambdaB max = 0.6856207264799713
lambdaB min = 0.006028620769798677
----------------------------------
----------------------------------
Iteration = 32
Distance = 0.0031509976957675434
v max = -1.072764400403152
v min = -7.1122406057512215
d max = 0.07607142857142857
d min = 0.07607142857142857
dF max = 0.07607142857142857
dB max = 0.07607142857142857
hk max = 0.010331966455186503
hk min = 0.010331966455186503
hz max = 0.05644524589811283
hz min = 0.02529527490260822
lambdaF max = 0.673605763734313
lambdaF min = 0.006028620769798677
lambdaB max = 0.6856241498893756
lambdaB min = 0.006028620769798677
----------------------------------
----------------------------------
Iteration = 33
Distance = 0.002738103337755149
v max = -1.0754898999111617
v min = -7.114978709088977
d max = 0.07607142857142857
d min = 0.07607142857142857
dF max = 0.07607142857142857
dB max = 0.07607142857142857
hk max = 0.010331966455186503
hk min = 0.010331966455186503
hz max = 0.05644542355767479
hz min = 0.025295299759850457
lambdaF max = 0.673608086297301
lambdaF min = 0.006028620769798677
lambdaB max = 0.6856265228410873
lambdaB min = 0.006028620769798677
----------------------------------
----------------------------------
Iteration = 34
Distance = 0.002379646336944319
v max = -1.0778608105590695
v min = -7.117358355425921
d max = 0.07607142857142857
d min = 0.07607142857142857
dF max = 0.07607142857142857
dB max = 0.07607142857142857
hk max = 0.010331966455186503
hk min = 0.010331966455186503
hz max = 0.056445546680600645
hz min = 0.025295316986479608
lambdaF max = 0.6736096961769436
lambdaF min = 0.006028620769798677
lambdaB max = 0.6856281676446645
lambdaB min = 0.006028620769798677
----------------------------------
----------------------------------
Iteration = 35
Distance = 0.0020683476435419124
v max = -1.0799231034465648
v min = -7.119426703069463
d max = 0.07607142857142857
d min = 0.07607142857142857
dF max = 0.07607142857142857
dB max = 0.07607142857142857
hk max = 0.010331966455186503
hk min = 0.010331966455186503
hz max = 0.05644563200935198
hz min = 0.0252953289314303
lambdaF max = 0.6736108120494145
lambdaF min = 0.006028620769798677
lambdaB max = 0.6856293077225277
lambdaB min = 0.006028620769798677
----------------------------------
----------------------------------
Iteration = 36
Distance = 0.0017979324547159337
v max = -1.0817168393543188
v min = -7.121224635524179
d max = 0.07607142857142857
d min = 0.07607142857142857
dF max = 0.07607142857142857
dB max = 0.07607142857142857
hk max = 0.010331966455186503
hk min = 0.010331966455186503
hz max = 0.0564456911460579
hz min = 0.02529533720788182
lambdaF max = 0.6736115854983219
lambdaF min = 0.006028620769798677
lambdaB max = 0.685630097948019
lambdaB min = 0.006028620769798677
----------------------------------
----------------------------------
Iteration = 37
Distance = 0.001562982399411439
v max = -1.083276913107243
v min = -7.12278761792359
d max = 0.07607142857142857
d min = 0.07607142857142857
dF max = 0.07607142857142857
dB max = 0.07607142857142857
hk max = 0.010331966455186503
hk min = 0.010331966455186503
hz max = 0.05644573213093216
hz min = 0.025295342947327014
lambdaF max = 0.6736121215979309
lambdaF min = 0.006028620769798677
lambdaB max = 0.6856306456754827
lambdaB min = 0.006028620769798677
----------------------------------
----------------------------------
Iteration = 38
Distance = 0.0013588121701095801
v max = -1.0846337092946021
v min = -7.1241464300937
d max = 0.07607142857142857
d min = 0.07607142857142857
dF max = 0.07607142857142857
dB max = 0.07607142857142857
hk max = 0.010331966455186503
hk min = 0.010331966455186503
hz max = 0.05644576053589187
hz min = 0.025295346923855218
lambdaF max = 0.6736124931819316
lambdaF min = 0.006028620769798677
lambdaB max = 0.685631025318743
lambdaB min = 0.006028620769798677
----------------------------------
----------------------------------
Iteration = 39
Distance = 0.0011813658260360071
v max = -1.0858136778352567
v min = -7.125327795919736
d max = 0.07607142857142857
d min = 0.07607142857142857
dF max = 0.07607142857142857
dB max = 0.07607142857142857
hk max = 0.010331966455186503
hk min = 0.010331966455186503
hz max = 0.056445780222380594
hz min = 0.025295349681358346
lambdaF max = 0.6736127507349672
lambdaF min = 0.006028620769798677
lambdaB max = 0.6856312884577146
lambdaB min = 0.006028620769798677
----------------------------------
----------------------------------
Iteration = 40
Distance = 0.0010271291026509033
v max = -1.0868398384781202
v min = -7.126354925022387
d max = 0.07607142857142857
d min = 0.07607142857142857
dF max = 0.07607142857142857
dB max = 0.07607142857142857
hk max = 0.010331966455186503
hk min = 0.010331966455186503
hz max = 0.056445793866505445
hz min = 0.025295351591917124
lambdaF max = 0.6736129292500997
lambdaF min = 0.006028620769798677
lambdaB max = 0.685631470844521
lambdaB min = 0.006028620769798677
----------------------------------
----------------------------------
Iteration = 41
Distance = 0.000893054878011057
v max = -1.0877322221132535
v min = -7.127247979900398
d max = 0.07607142857142857
d min = 0.07607142857142857
dF max = 0.07607142857142857
dB max = 0.07607142857142857
hk max = 0.010331966455186503
hk min = 0.010331966455186503
hz max = 0.05644580332290003
hz min = 0.02529535291666837
lambdaF max = 0.6736130529821716
lambdaF min = 0.006028620769798677
lambdaB max = 0.6856315972600403
lambdaB min = 0.006028620769798677
----------------------------------
----------------------------------
Iteration = 42
Distance = 0.0007764995521855056
v max = -1.0885082564256592
v min = -7.128024479452583
d max = 0.07607142857142857
d min = 0.07607142857142857
dF max = 0.07607142857142857
dB max = 0.07607142857142857
hk max = 0.010331966455186503
hk min = 0.010331966455186503
hz max = 0.05644580987692188
hz min = 0.025295353834595136
lambdaF max = 0.6736131387429104
lambdaF min = 0.006028620769798677
lambdaB max = 0.6856316848807308
lambdaB min = 0.006028620769798677
----------------------------------
----------------------------------
Iteration = 43
Distance = 0.0006751685502335292
v max = -1.0891831025165692
v min = -7.128699648002817
d max = 0.07607142857142857
d min = 0.07607142857142857
dF max = 0.07607142857142857
dB max = 0.07607142857142857
hk max = 0.010331966455186503
hk min = 0.010331966455186503
hz max = 0.05644581441939427
hz min = 0.025295354471006795
lambdaF max = 0.6736131981849387
lambdaF min = 0.006028620769798677
lambdaB max = 0.6856317456118582
lambdaB min = 0.006028620769798677
----------------------------------
----------------------------------
Iteration = 44
Distance = 0.0005870695057881292
v max = -1.0897699485248682
v min = -7.129286717508605
d max = 0.07607142857142857
d min = 0.07607142857142857
dF max = 0.07607142857142857
dB max = 0.07607142857142857
hk max = 0.010331966455186503
hk min = 0.010331966455186503
hz max = 0.05644581756771858
hz min = 0.025295354912015903
lambdaF max = 0.6736132393850096
lambdaF min = 0.006028620769798677
lambdaB max = 0.6856317877054515
lambdaB min = 0.006028620769798677
----------------------------------
----------------------------------
Iteration = 45
Distance = 0.0005104719474475772
v max = -1.0902802655654213
v min = -7.129797189456053
d max = 0.07607142857142857
d min = 0.07607142857142857
dF max = 0.07607142857142857
dB max = 0.07607142857142857
hk max = 0.010331966455186503
hk min = 0.010331966455186503
hz max = 0.056445819749780135
hz min = 0.02529535521774464
lambdaF max = 0.6736132679412944
lambdaF min = 0.006028620769798677
lambdaB max = 0.6856318168810286
lambdaB min = 0.006028620769798677
----------------------------------
----------------------------------
Iteration = 46
Distance = 0.00044387251822097795
v max = -1.0907240307171335
v min = -7.1302410619742735
d max = 0.07607142857142857
d min = 0.07607142857142857
dF max = 0.07607142857142857
dB max = 0.07607142857142857
hk max = 0.010331966455186503
hk min = 0.010331966455186503
hz max = 0.056445821262142676
hz min = 0.025295355429618936
lambdaF max = 0.6736132877340083
lambdaF min = 0.006028620769798677
lambdaB max = 0.6856318371029575
lambdaB min = 0.006028620769798677
----------------------------------
----------------------------------
Iteration = 47
Distance = 0.0003859649219828398
v max = -1.0911099212230015
v min = -7.130627026896256
d max = 0.07607142857142857
d min = 0.07607142857142857
dF max = 0.07607142857142857
dB max = 0.07607142857142857
hk max = 0.010331966455186503
hk min = 0.010331966455186503
hz max = 0.056445822310347955
hz min = 0.02529535557648917
lambdaF max = 0.6736133014525254
lambdaF min = 0.006028620769798677
lambdaB max = 0.6856318511189987
lambdaB min = 0.006028620769798677
----------------------------------
----------------------------------
Iteration = 48
Distance = 0.00033561392189795924
v max = -1.0914454835668044
v min = -7.130962640818154
d max = 0.07607142857142857
d min = 0.07607142857142857
dF max = 0.07607142857142857
dB max = 0.07607142857142857
hk max = 0.010331966455186503
hk min = 0.010331966455186503
hz max = 0.05644582303685219
hz min = 0.025295355678278387
lambdaF max = 0.6736133109609851
lambdaF min = 0.006028620769798677
lambdaB max = 0.6856318608336287
lambdaB min = 0.006028620769798677
----------------------------------
----------------------------------
Iteration = 49
Distance = 0.0002918328218690647
v max = -1.0917372806397139
v min = -7.131254473640023
d max = 0.07607142857142857
d min = 0.07607142857142857
dF max = 0.07607142857142857
dB max = 0.07607142857142857
hk max = 0.010331966455186503
hk min = 0.010331966455186503
hz max = 0.056445823540390544
hz min = 0.025295355748834264
lambdaF max = 0.6736133175513722
lambdaF min = 0.006028620769798677
lambdaB max = 0.6856318675669347
lambdaB min = 0.006028620769798677
----------------------------------
----------------------------------
Iteration = 50
Distance = 0.0002537639485113985
v max = -1.0919910198104734
v min = -7.131508237588535
d max = 0.07607142857142857
d min = 0.07607142857142857
dF max = 0.07607142857142857
dB max = 0.07607142857142857
hk max = 0.010331966455186503
hk min = 0.010331966455186503
hz max = 0.056445823889389686
hz min = 0.02529535579773571
lambdaF max = 0.6736133221192071
lambdaF min = 0.006028620769798677
lambdaB max = 0.6856318722338193
lambdaB min = 0.006028620769798677
----------------------------------
----------------------------------
Iteration = 51
Distance = 0.0002206617228637242
v max = -1.0922116643597841
v min = -7.1317288993113985
d max = 0.07607142857142857
d min = 0.07607142857142857
dF max = 0.07607142857142857
dB max = 0.07607142857142857
hk max = 0.010331966455186503
hk min = 0.010331966455186503
hz max = 0.05644582413127915
hz min = 0.025295355831629854
lambdaF max = 0.6736133252852194
lambdaF min = 0.006028620769798677
lambdaB max = 0.6856318754685155
lambdaB min = 0.006028620769798677
----------------------------------
----------------------------------
Iteration = 52
Distance = 0.00019187797068109802
v max = -1.0924035304274033
v min = -7.13192077728208
d max = 0.07607142857142857
d min = 0.07607142857142857
dF max = 0.07607142857142857
dB max = 0.07607142857142857
hk max = 0.010331966455186503
hk min = 0.010331966455186503
hz max = 0.056445824298932384
hz min = 0.025295355855122457
lambdaF max = 0.6736133274796099
lambdaF min = 0.006028620769798677
lambdaB max = 0.6856318777104754
lambdaB min = 0.006028620769798677
----------------------------------
----------------------------------
Iteration = 53
Distance = 0.00016684916979414766
v max = -1.0925703713471453
v min = -7.132087626451874
d max = 0.07607142857142857
d min = 0.07607142857142857
dF max = 0.07607142857142857
dB max = 0.07607142857142857
hk max = 0.010331966455186503
hk min = 0.010331966455186503
hz max = 0.05644582441513072
hz min = 0.025295355871405908
lambdaF max = 0.6736133290005447
lambdaF min = 0.006028620769798677
lambdaB max = 0.6856318792643938
lambdaB min = 0.006028620769798677
----------------------------------
----------------------------------
Iteration = 54
Distance = 0.00014508537551627398
v max = -1.0927154510045096
v min = -7.13223271182739
d max = 0.07607142857142857
d min = 0.07607142857142857
dF max = 0.07607142857142857
dB max = 0.07607142857142857
hk max = 0.010331966455186503
hk min = 0.010331966455186503
hz max = 0.05644582449567022
hz min = 0.025295355882691516
lambdaF max = 0.6736133300547136
lambdaF min = 0.006028620769798677
lambdaB max = 0.6856318803414144
lambdaB min = 0.006028620769798677
----------------------------------
----------------------------------
Iteration = 55
Distance = 0.00012616060066683588
v max = -1.0928416076418979
v min = -7.132358872428057
d max = 0.07607142857142857
d min = 0.07607142857142857
dF max = 0.07607142857142857
dB max = 0.07607142857142857
hk max = 0.010331966455186503
hk min = 0.010331966455186503
hz max = 0.056445824551485745
hz min = 0.0252953558905132
lambdaF max = 0.6736133307853911
lambdaF min = 0.006028620769798677
lambdaB max = 0.6856318810879373
lambdaB min = 0.006028620769798677
----------------------------------
----------------------------------
Iteration = 56
Distance = 0.00010970445744185042
v max = -1.0929513093523815
v min = -7.132468576885499
d max = 0.07607142857142857
d min = 0.07607142857142857
dF max = 0.07607142857142857
dB max = 0.07607142857142857
hk max = 0.010331966455186503
hk min = 0.010331966455186503
hz max = 0.05644582459018025
hz min = 0.02529535589593585
lambdaF max = 0.6736133312917719
lambdaF min = 0.006028620769798677
lambdaB max = 0.6856318816053332
lambdaB min = 0.006028620769798677
----------------------------------
----------------------------------
Iteration = 57
Distance = 9.53948943367422e-5
v max = -1.0930467023427908
v min = -7.1325639717798355
d max = 0.07607142857142857
d min = 0.07607142857142857
dF max = 0.07607142857142857
dB max = 0.07607142857142857
hk max = 0.010331966455186503
hk min = 0.010331966455186503
hz max = 0.05644582461699843
hz min = 0.025295355899693128
lambdaF max = 0.6736133316427739
lambdaF min = 0.006028620769798677
lambdaB max = 0.6856318819639466
lambdaB min = 0.006028620769798677
----------------------------------
----------------------------------
Iteration = 58
Distance = 8.29518837779375e-5
v max = -1.0931296529069463
v min = -7.132646923663613
d max = 0.07607142857142857
d min = 0.07607142857142857
dF max = 0.07607142857142857
dB max = 0.07607142857142857
hk max = 0.010331966455186503
hk min = 0.010331966455186503
hz max = 0.05644582463558217
hz min = 0.025295355902297676
lambdaF max = 0.6736133318860762
lambdaF min = 0.006028620769798677
lambdaB max = 0.6856318822125201
lambdaB min = 0.006028620769798677
----------------------------------
----------------------------------
Iteration = 59
Distance = 7.21319354353156e-5
v max = -1.0932017839277508
v min = -7.132719055599049
d max = 0.07607142857142857
d min = 0.07607142857142857
dF max = 0.07607142857142857
dB max = 0.07607142857142857
hk max = 0.010331966455186503
hk min = 0.010331966455186503
hz max = 0.05644582464846427
hz min = 0.025295355904102545
lambdaF max = 0.6736133320547231
lambdaF min = 0.006028620769798677
lambdaB max = 0.6856318823848019
lambdaB min = 0.006028620769798677
----------------------------------
----------------------------------
Iteration = 60
Distance = 6.27233268799543e-5
v max = -1.0932645066206952
v min = -7.132781778925929
d max = 0.07607142857142857
d min = 0.07607142857142857
dF max = 0.07607142857142857
dB max = 0.07607142857142857
hk max = 0.010331966455186503
hk min = 0.010331966455186503
hz max = 0.056445824657392174
hz min = 0.02529535590535459
lambdaF max = 0.6736133321715876
lambdaF min = 0.006028620769798677
lambdaB max = 0.6856318825042034
lambdaB min = 0.006028620769798677
----------------------------------
----------------------------------
Iteration = 61
Distance = 5.4541957369202976e-5
v max = -1.0933190481386692
v min = -7.132836320883298
d max = 0.07607142857142857
d min = 0.07607142857142857
dF max = 0.07607142857142857
dB max = 0.07607142857142857
hk max = 0.010331966455186503
hk min = 0.010331966455186503
hz max = 0.05644582466358523
hz min = 0.025295355906220857
lambdaF max = 0.6736133322525784
lambdaF min = 0.006028620769798677
lambdaB max = 0.6856318825869615
lambdaB min = 0.006028620769798677
----------------------------------
----------------------------------
Iteration = 62
Distance = 4.742774325894317e-5
v max = -1.0933664755773855
v min = -7.132883748626557
d max = 0.07607142857142857
d min = 0.07607142857142857
dF max = 0.07607142857142857
dB max = 0.07607142857142857
hk max = 0.010331966455186503
hk min = 0.010331966455186503
hz max = 0.05644582466787237
hz min = 0.025295355906822484
lambdaF max = 0.6736133323087311
lambdaF min = 0.006028620769798677
lambdaB max = 0.6856318826443102
lambdaB min = 0.006028620769798677
----------------------------------
----------------------------------
Iteration = 63
Distance = 4.124148416462248e-5
v max = -1.0934077168504757
v min = -7.1329249901107215
d max = 0.07607142857142857
d min = 0.07607142857142857
dF max = 0.07607142857142857
dB max = 0.07607142857142857
hk max = 0.010331966455186503
hk min = 0.010331966455186503
hz max = 0.056445824670846044
hz min = 0.025295355907239254
lambdaF max = 0.6736133323476386
lambdaF min = 0.006028620769798677
lambdaB max = 0.6856318826840845
lambdaB min = 0.006028620769798677
----------------------------------
----------------------------------
Iteration = 64
Distance = 3.5862138163977875e-5
v max = -1.0934435788423387
v min = -7.132960852248885
d max = 0.07607142857142857
d min = 0.07607142857142857
dF max = 0.07607142857142857
dB max = 0.07607142857142857
hk max = 0.010331966455186503
hk min = 0.010331966455186503
hz max = 0.0564458246729058
hz min = 0.025295355907527437
lambdaF max = 0.6736133323746304
lambdaF min = 0.006028620769798677
lambdaB max = 0.6856318827116494
lambdaB min = 0.006028620769798677
----------------------------------
----------------------------------
Iteration = 65
Distance = 3.118445273297965e-5
v max = -1.0934747631936728
v min = -7.132992036701618
d max = 0.07607142857142857
d min = 0.07607142857142857
dF max = 0.07607142857142857
dB max = 0.07607142857142857
hk max = 0.010331966455186503
hk min = 0.010331966455186503
hz max = 0.05644582467433409
hz min = 0.025295355907728363
lambdaF max = 0.6736133323933219
lambdaF min = 0.006028620769798677
lambdaB max = 0.68563188273075
lambdaB min = 0.006028620769798677
----------------------------------
----------------------------------
Iteration = 66
Distance = 2.71169048557951e-5
v max = -1.0935018800282552
v min = -7.133019153606474
d max = 0.07607142857142857
d min = 0.07607142857142857
dF max = 0.07607142857142857
dB max = 0.07607142857142857
hk max = 0.010331966455186503
hk min = 0.010331966455186503
hz max = 0.056445824675323775
hz min = 0.02529535590786671
lambdaF max = 0.6736133324062753
lambdaF min = 0.006028620769798677
lambdaB max = 0.6856318827439818
lambdaB min = 0.006028620769798677
----------------------------------
----------------------------------
Iteration = 67
Distance = 2.3579909959714485e-5
v max = -1.0935254598894963
v min = -7.133042733516434
d max = 0.07607142857142857
d min = 0.07607142857142857
dF max = 0.07607142857142857
dB max = 0.07607142857142857
hk max = 0.010331966455186503
hk min = 0.010331966455186503
hz max = 0.056445824676010364
hz min = 0.025295355907962582
lambdaF max = 0.6736133324152516
lambdaF min = 0.006028620769798677
lambdaB max = 0.6856318827531387
lambdaB min = 0.006028620769798677
----------------------------------
----------------------------------
Iteration = 68
Distance = 2.0504264452547716e-5
v max = -1.0935459641201875
v min = -7.1330632377808865
d max = 0.07607142857142857
d min = 0.07607142857142857
dF max = 0.07607142857142857
dB max = 0.07607142857142857
hk max = 0.010331966455186503
hk min = 0.010331966455186503
hz max = 0.05644582467648569
hz min = 0.025295355908029747
lambdaF max = 0.6736133324214767
lambdaF min = 0.006028620769798677
lambdaB max = 0.685631882759495
lambdaB min = 0.006028620769798677
----------------------------------
----------------------------------
Iteration = 69
Distance = 1.7829791658208194e-5
v max = -1.0935637938884477
v min = -7.133081067572545
d max = 0.07607142857142857
d min = 0.07607142857142857
dF max = 0.07607142857142857
dB max = 0.07607142857142857
hk max = 0.010331966455186503
hk min = 0.010331966455186503
hz max = 0.05644582467681406
hz min = 0.0252953559080751
lambdaF max = 0.6736133324257841
lambdaF min = 0.006028620769798677
lambdaB max = 0.6856318827639004
lambdaB min = 0.006028620769798677
----------------------------------
----------------------------------
Iteration = 70
Distance = 1.5504164226243233e-5
v max = -1.0935792980364523
v min = -7.133096571736771
d max = 0.07607142857142857
d min = 0.07607142857142857
dF max = 0.07607142857142857
dB max = 0.07607142857142857
hk max = 0.010331966455186503
hk min = 0.010331966455186503
hz max = 0.056445824677043684
hz min = 0.02529535590810782
lambdaF max = 0.6736133324287552
lambdaF min = 0.006028620769798677
lambdaB max = 0.6856318827669685
lambdaB min = 0.006028620769798677
----------------------------------
----------------------------------
Iteration = 71
Distance = 1.3481880245080902e-5
v max = -1.0935927799054554
v min = -7.133110053617016
d max = 0.07607142857142857
d min = 0.07607142857142857
dF max = 0.07607142857142857
dB max = 0.07607142857142857
hk max = 0.010331966455186503
hk min = 0.010331966455186503
hz max = 0.056445824677199836
hz min = 0.02529535590813021
lambdaF max = 0.673613332430846
lambdaF min = 0.006028620769798677
lambdaB max = 0.6856318827690768
lambdaB min = 0.006028620769798677
----------------------------------
----------------------------------
Iteration = 72
Distance = 1.1723372953298394e-5
v max = -1.093604503270619
v min = -7.133121776989969
d max = 0.07607142857142857
d min = 0.07607142857142857
dF max = 0.07607142857142857
dB max = 0.07607142857142857
hk max = 0.010331966455186503
hk min = 0.010331966455186503
hz max = 0.05644582467730776
hz min = 0.025295355908145137
lambdaF max = 0.6736133324322924
lambdaF min = 0.006028620769798677
lambdaB max = 0.6856318827705556
lambdaB min = 0.006028620769798677
----------------------------------
----------------------------------
Iteration = 73
Distance = 1.0194236542027113e-5
v max = -1.093614697501758
v min = -7.133131971226511
d max = 0.07607142857142857
d min = 0.07607142857142857
dF max = 0.07607142857142857
dB max = 0.07607142857142857
hk max = 0.010331966455186503
hk min = 0.010331966455186503
hz max = 0.05644582467738354
hz min = 0.025295355908156042
lambdaF max = 0.6736133324332826
lambdaF min = 0.006028620769798677
lambdaB max = 0.6856318827715785
lambdaB min = 0.006028620769798677
----------------------------------
----------------------------------
Iteration = 74
Distance = 8.864552953014027e-6
v max = -1.0936235620509678
v min = -7.133140835779464
d max = 0.07607142857142857
d min = 0.07607142857142857
dF max = 0.07607142857142857
dB max = 0.07607142857142857
hk max = 0.010331966455186503
hk min = 0.010331966455186503
hz max = 0.05644582467743635
hz min = 0.025295355908162932
lambdaF max = 0.6736133324339744
lambdaF min = 0.006028620769798677
lambdaB max = 0.6856318827722864
lambdaB min = 0.006028620769798677
----------------------------------
    Value Function Converged, Iteration = 74 with gamma=7.0 with rho=1.0 and v=-3.1991968419300716
    Reflective boundary condition
=============================================================
Convegence time (minutes): 0.1133901008
Current Time = 22:17:51
grid points for z:  401
grid size for z:  0.025
-0.21823469441998888
-0.40667669307886906
--- 8.498876333236694 seconds for the elasticity computation ---
-0.02114704052833787
-0.12904065693417732
--- 0.06676411628723145 seconds for the elasticity computation ---
-0.10359854534040246
-0.27763603614469173
--- 0.06545901298522949 seconds for the elasticity computation ---
-0.29258929550701773
-0.4141157089266034
--- 0.06768512725830078 seconds for the elasticity computation ---
Current Time = 22:18:02
grid points for z:  401
grid size for z:  0.025
rho = 1
0.05935460108702888
--- 8.663532257080078 seconds for the elasticity computation ---
0.0
--- 0.06814146041870117 seconds for the elasticity computation ---
0.05935460108702888
--- 0.06775593757629395 seconds for the elasticity computation ---
0.0
--- 0.06773757934570312 seconds for the elasticity computation ---
0.0
--- 0.06763219833374023 seconds for the elasticity computation ---
0.05935460108702888
0.007439015847734282
--- 0.06854510307312012 seconds for the elasticity computation ---
0.05935460108702888
0.007439015847734282
--- 0.06779599189758301 seconds for the elasticity computation ---
0.05935460108702888
0.007439015847734282
--- 0.06840205192565918 seconds for the elasticity computation ---
0.05935460108702888
0.007439015847734282
--- 0.06920647621154785 seconds for the elasticity computation ---
parsed_args = parse_commandline() = Dict{String, Any}("dataname" => "upper_triangular_four_ambiguous_parameters", "clowerlim" => 0.0001, "delta" => 0.015, "boundary" => 1, "Delta" => 10.0, "q" => 0.1, "zmax" => 5.0, "logadjustment" => 1, "zscale" => 2.0, "foc" => 1, "distorted" => 0, "rho" => 1.0, "gamma" => 7.0)
=============================================================
./output/upper_triangular_four_ambiguous_parameters/Delta_10.0_distorted_0/logadjustment_1_boundary_1/zmax_5.0_zscale_2.0/delta_0.015/q_0.1_gamma_7.0_rho_1.0/
=============================================================
solve for structured linear system 
structured_relative_entropy = 0.10126198042444656
=============================================================
solve for unstructured linear system 
q_update = 0.3327243579123143
=============================================================
parsed_args = parse_commandline() = Dict{String, Any}("dataname" => "upper_triangular_four_ambiguous_parameters", "clowerlim" => 0.0001, "delta" => 0.015, "boundary" => 1, "Delta" => 10.0, "q" => 0.1, "zmax" => 5.0, "logadjustment" => 1, "zscale" => 2.0, "foc" => 1, "distorted" => 0, "rho" => 1.0, "gamma" => 7.0)
=============================================================
./output/upper_triangular_four_ambiguous_parameters/Delta_10.0_distorted_0/logadjustment_1_boundary_1/zmax_5.0_zscale_2.0/delta_0.015/q_0.1_gamma_7.0_rho_1.0/
=============================================================
solve for structured linear system 
structured_relative_entropy = 0.10126198042444656
=============================================================
solve for unstructured linear system 
q_update = 0.3327243579123143
=============================================================
Program ends Fri Jan 19 22:18:44 CST 2024
Elapsed time: 0 days 00 hr 01 min 25 sec
