D_10.0_distorted_0_boundary_1_delta_0.015_gamma_8.0_q_0.1_rho_1.0_lower_triangular_two_ambiguous_parameters
Program starts Fri Jan 19 22:23:16 CST 2024
parsed_args = parse_commandline() = Dict{String, Any}("dataname" => "lower_triangular_two_ambiguous_parameters", "clowerlim" => 0.0001, "delta" => 0.015, "boundary" => 1, "Delta" => 10.0, "q" => 0.1, "zmax" => 5.0, "logadjustment" => 1, "zscale" => 2.0, "foc" => 1, "distorted" => 0, "rho" => 1.0, "gamma" => 8.0)
=============================================================
logadjustment: true
reflective_boundary: true
0.1002
sigma_k: [0.011287880226154068, 0.0]
sigma_z: [0.026030751045638307, 0.05916079783099616]
Compute value function WITH ROBUSTNESS
computing undistorted version...
zmax = 5.0, zmin = -5.0, zlength = 401
reflective boundary condition
----------------------------------
Iteration = 1
Distance = 1.2283593650273583
v max = -0.8926273274305073
v min = -3.2283593650273583
d max = 0.07607142857142857
d min = 0.07607142857142857
dF max = 0.07607142857142857
dB max = 0.07607142857142857
hk max = 0.011287880226154068
hk min = 0.011287880226154068
hz max = 0.0
hz min = 0.0
lambdaF max = Inf
lambdaF min = 0.004177590819662044
lambdaB max = Inf
lambdaB min = 0.004177590819662044
----------------------------------
----------------------------------
Iteration = 2
Distance = 1.046311440406575
v max = -0.750109631820963
v min = -4.274670805433933
d max = 0.07607142857142857
d min = 0.07607142857142857
dF max = 0.07607142857142857
dB max = 0.07607142857142857
hk max = 0.017376944798234765
hk min = 0.015991748740911478
hz max = 0.01383878311836522
hz min = 0.010690610260812302
lambdaF max = Inf
lambdaF min = 0.004177590819662044
lambdaB max = Inf
lambdaB min = 0.004177590819662044
----------------------------------
----------------------------------
Iteration = 3
Distance = 0.7608427985705823
v max = -0.7068910198582314
v min = -5.035513604004516
d max = 0.07607142857142857
d min = 0.07607142857142857
dF max = 0.07607142857142857
dB max = 0.07607142857142857
hk max = 0.022504043012167102
hk min = 0.01769776808690126
hz max = 0.025491279059120537
hz min = 0.014567926956243617
lambdaF max = Inf
lambdaF min = 0.004177590819662044
lambdaB max = Inf
lambdaB min = 0.004177590819662044
----------------------------------
----------------------------------
Iteration = 4
Distance = 0.5679792981669287
v max = -0.7216627007682814
v min = -5.603492902171444
d max = 0.07607142857142857
d min = 0.07607142857142857
dF max = 0.07607142857142857
dB max = 0.07607142857142857
hk max = 0.02608183469499263
hk min = 0.01761446389063897
hz max = 0.03362262379281492
hz min = 0.01437859923746569
lambdaF max = Inf
lambdaF min = 0.004177590819662044
lambdaB max = Inf
lambdaB min = 0.004177590819662044
----------------------------------
----------------------------------
Iteration = 5
Distance = 0.4367423080629793
v max = -0.7587739481716959
v min = -6.040235210234424
d max = 0.07607142857142857
d min = 0.07607142857142857
dF max = 0.07607142857142857
dB max = 0.07607142857142857
hk max = 0.028601772311260175
hk min = 0.01822990971097013
hz max = 0.03934975473887752
hz min = 0.01577733973821832
lambdaF max = Inf
lambdaF min = 0.004177590819662044
lambdaB max = Inf
lambdaB min = 0.004177590819662044
----------------------------------
----------------------------------
Iteration = 6
Distance = 0.3419184892504079
v max = -0.8025876625075475
v min = -6.382153699484832
d max = 0.07607142857142857
d min = 0.07607142857142857
dF max = 0.07607142857142857
dB max = 0.07607142857142857
hk max = 0.030407256067036027
hk min = 0.01801752932033355
hz max = 0.04345312691109537
hz min = 0.015294657032226093
lambdaF max = Inf
lambdaF min = 0.004177590819662044
lambdaB max = Inf
lambdaB min = 0.004177590819662044
----------------------------------
----------------------------------
Iteration = 7
Distance = 0.2713288045330895
v max = -0.8532629816723312
v min = -6.653482504017921
d max = 0.07607142857142857
d min = 0.07607142857142857
dF max = 0.07607142857142857
dB max = 0.07607142857142857
hk max = 0.03170909349892785
hk min = 0.018293509866879627
hz max = 0.04641184834721315
hz min = 0.015921885547103547
lambdaF max = Inf
lambdaF min = 0.004177590819662044
lambdaB max = Inf
lambdaB min = 0.004177590819662044
----------------------------------
----------------------------------
Iteration = 8
Distance = 0.2177615319850874
v max = -0.9057153335083454
v min = -6.8712440360030085
d max = 0.07607142857142857
d min = 0.07607142857142857
dF max = 0.07607142857142857
dB max = 0.07607142857142857
hk max = 0.032657100708652936
hk min = 0.018200923845543025
hz max = 0.048566410187497445
hz min = 0.015711462771338544
lambdaF max = Inf
lambdaF min = 0.004177590819662044
lambdaB max = Inf
lambdaB min = 0.004177590819662044
----------------------------------
----------------------------------
Iteration = 9
Distance = 0.17650212914961916
v max = -0.9609520526862654
v min = -7.047746165152628
d max = 0.07607142857142857
d min = 0.07607142857142857
dF max = 0.07607142857142857
dB max = 0.07607142857142857
hk max = 0.0333474032438351
hk min = 0.018348841236562274
hz max = 0.050135279585638716
hz min = 0.016047638660018657
lambdaF max = Inf
lambdaF min = 0.004177590819662044
lambdaB max = Inf
lambdaB min = 0.004177590819662044
----------------------------------
----------------------------------
Iteration = 10
Distance = 0.1443183707690734
v max = -1.0149806648011734
v min = -7.192064535921701
d max = 0.07607142857142857
d min = 0.07607142857142857
dF max = 0.07607142857142857
dB max = 0.07607142857142857
hk max = 0.033837901958832795
hk min = 0.018324368592294842
hz max = 0.05125004939245167
hz min = 0.015992019013956305
lambdaF max = Inf
lambdaF min = 0.004177590819662044
lambdaB max = Inf
lambdaB min = 0.004177590819662044
----------------------------------
----------------------------------
Iteration = 11
Distance = 0.1189301573605519
v max = -1.0689614397512184
v min = -7.310994693282253
d max = 0.07607142857142857
d min = 0.07607142857142857
dF max = 0.07607142857142857
dB max = 0.07607142857142857
hk max = 0.03418452449856818
hk min = 0.01839922380099176
hz max = 0.052037827891850255
hz min = 0.016162144488267482
lambdaF max = Inf
lambdaF min = 0.004177590819662044
lambdaB max = Inf
lambdaB min = 0.004177590819662044
----------------------------------
----------------------------------
Iteration = 12
Distance = 0.09869671239045186
v max = -1.1199267979062932
v min = -7.409691405672705
d max = 0.07607142857142857
d min = 0.07607142857142857
dF max = 0.07607142857142857
dB max = 0.07607142857142857
hk max = 0.03444436433963295
hk min = 0.018405765630038685
hz max = 0.05262837298517929
hz min = 0.01617701228155595
lambdaF max = Inf
lambdaF min = 0.004177590819662044
lambdaB max = Inf
lambdaB min = 0.004177590819662044
----------------------------------
----------------------------------
Iteration = 13
Distance = 0.08241895552518397
v max = -1.1686635649270602
v min = -7.492110361197889
d max = 0.07607142857142857
d min = 0.07607142857142857
dF max = 0.07607142857142857
dB max = 0.07607142857142857
hk max = 0.03463300318100218
hk min = 0.018439217726671585
hz max = 0.05305709762465482
hz min = 0.016253039773903445
lambdaF max = Inf
lambdaF min = 0.004177590819662044
lambdaB max = Inf
lambdaB min = 0.004177590819662044
----------------------------------
----------------------------------
Iteration = 14
Distance = 0.06920920426308186
v max = -1.2130976209215276
v min = -7.561319565460971
d max = 0.07607142857142857
d min = 0.07607142857142857
dF max = 0.07607142857142857
dB max = 0.07607142857142857
hk max = 0.03476993349171249
hk min = 0.01845384847534709
hz max = 0.053368302876269154
hz min = 0.01628629147543869
lambdaF max = Inf
lambdaF min = 0.004177590819662044
lambdaB max = Inf
lambdaB min = 0.004177590819662044
----------------------------------
----------------------------------
Iteration = 15
Distance = 0.058402795666226304
v max = -1.2541007788101777
v min = -7.619722361127197
d max = 0.07607142857142857
d min = 0.07607142857142857
dF max = 0.07607142857142857
dB max = 0.07607142857142857
hk max = 0.0348693431033152
hk min = 0.0184631263535203
hz max = 0.053594233811729855
hz min = 0.016307377562195982
lambdaF max = Inf
lambdaF min = 0.004177590819662044
lambdaB max = Inf
lambdaB min = 0.004177590819662044
----------------------------------
----------------------------------
Iteration = 16
Distance = 0.049496907161627135
v max = -1.2905375458797315
v min = -7.669219268288824
d max = 0.07607142857142857
d min = 0.07607142857142857
dF max = 0.07607142857142857
dB max = 0.07607142857142857
hk max = 0.03494156322405224
hk min = 0.018477348020656842
hz max = 0.053758370449768576
hz min = 0.01633969953296085
lambdaF max = Inf
lambdaF min = 0.004177590819662044
lambdaB max = Inf
lambdaB min = 0.004177590819662044
----------------------------------
----------------------------------
Iteration = 17
Distance = 0.042107511645400386
v max = -1.3234206609647166
v min = -7.711326779934224
d max = 0.07607142857142857
d min = 0.07607142857142857
dF max = 0.07607142857142857
dB max = 0.07607142857142857
hk max = 0.03499417955353058
hk min = 0.01847493017296324
hz max = 0.05387795301676482
hz min = 0.016334204424566304
lambdaF max = Inf
lambdaF min = 0.004177590819662044
lambdaB max = Inf
lambdaB min = 0.004177590819662044
----------------------------------
----------------------------------
Iteration = 18
Distance = 0.035938661272483685
v max = -1.352306811940578
v min = -7.747265441206708
d max = 0.07607142857142857
d min = 0.07607142857142857
dF max = 0.07607142857142857
dB max = 0.07607142857142857
hk max = 0.035032111117211835
hk min = 0.01848727311298093
hz max = 0.05396416111604039
hz min = 0.01636225656097014
lambdaF max = Inf
lambdaF min = 0.004177590819662044
lambdaB max = Inf
lambdaB min = 0.004177590819662044
----------------------------------
----------------------------------
Iteration = 19
Distance = 0.030760290363263998
v max = -1.378126029640828
v min = -7.778025731569972
d max = 0.07607142857142857
d min = 0.07607142857142857
dF max = 0.07607142857142857
dB max = 0.07607142857142857
hk max = 0.03505957805517758
hk min = 0.018481352379703598
hz max = 0.05402658597505345
hz min = 0.016348800348976206
lambdaF max = Inf
lambdaF min = 0.004177590819662044
lambdaB max = Inf
lambdaB min = 0.004177590819662044
----------------------------------
----------------------------------
Iteration = 20
Distance = 0.026391998394985627
v max = -1.4007431951798441
v min = -7.804417729964958
d max = 0.07607142857142857
d min = 0.07607142857142857
dF max = 0.07607142857142857
dB max = 0.07607142857142857
hk max = 0.03507963020386001
hk min = 0.01849179890796624
hz max = 0.054072159040240805
hz min = 0.016372542458664027
lambdaF max = Inf
lambdaF min = 0.004177590819662044
lambdaB max = Inf
lambdaB min = 0.004177590819662044
----------------------------------
----------------------------------
Iteration = 21
Distance = 0.022691097372521618
v max = -1.420850813722495
v min = -7.827108827337479
d max = 0.07607142857142857
d min = 0.07607142857142857
dF max = 0.07607142857142857
dB max = 0.07607142857142857
hk max = 0.03509418995946992
hk min = 0.018485879935586477
hz max = 0.054105249393899664
hz min = 0.016359090248710025
lambdaF max = Inf
lambdaF min = 0.004177590819662044
lambdaB max = Inf
lambdaB min = 0.004177590819662044
----------------------------------
----------------------------------
Iteration = 22
Distance = 0.01954374391122382
v max = -1.438432664052511
v min = -7.846652571248703
d max = 0.07607142857142857
d min = 0.07607142857142857
dF max = 0.07607142857142857
dB max = 0.07607142857142857
hk max = 0.03510476273721596
hk min = 0.01849406588259596
hz max = 0.05412927843423158
hz min = 0.01637769467373157
lambdaF max = Inf
lambdaF min = 0.004177590819662044
lambdaB max = Inf
lambdaB min = 0.004177590819662044
----------------------------------
----------------------------------
Iteration = 23
Distance = 0.016858326990096373
v max = -1.4539643624961203
v min = -7.8635108982388
d max = 0.07607142857142857
d min = 0.07607142857142857
dF max = 0.07607142857142857
dB max = 0.07607142857142857
hk max = 0.035112440871593355
hk min = 0.01848907935594274
hz max = 0.054146728739634754
hz min = 0.016366361658610617
lambdaF max = Inf
lambdaF min = 0.004177590819662044
lambdaB max = Inf
lambdaB min = 0.004177590819662044
----------------------------------
----------------------------------
Iteration = 24
Distance = 0.014560515265721108
v max = -1.4675098907112707
v min = -7.878071413504521
d max = 0.07607142857142857
d min = 0.07607142857142857
dF max = 0.07607142857142857
dB max = 0.07607142857142857
hk max = 0.035118016974420754
hk min = 0.018494884211942404
hz max = 0.05415940170060612
hz min = 0.01637955451315531
lambdaF max = Inf
lambdaF min = 0.004177590819662044
lambdaB max = Inf
lambdaB min = 0.004177590819662044
----------------------------------
----------------------------------
Iteration = 25
Distance = 0.012589527743633866
v max = -1.4794000150273843
v min = -7.8906609412481545
d max = 0.07607142857142857
d min = 0.07607142857142857
dF max = 0.07607142857142857
dB max = 0.07607142857142857
hk max = 0.03512206630861612
hk min = 0.01849106089153176
hz max = 0.0541686047328683
hz min = 0.016370865148585663
lambdaF max = Inf
lambdaF min = 0.004177590819662044
lambdaB max = Inf
lambdaB min = 0.004177590819662044
----------------------------------
----------------------------------
Iteration = 26
Distance = 0.010895306218207779
v max = -1.4897573780083004
v min = -7.901556247466362
d max = 0.07607142857142857
d min = 0.07607142857142857
dF max = 0.07607142857142857
dB max = 0.07607142857142857
hk max = 0.03512500664443194
hk min = 0.01849486518578005
hz max = 0.0541752873142679
hz min = 0.01637951127187724
lambdaF max = Inf
lambdaF min = 0.004177590819662044
lambdaB max = Inf
lambdaB min = 0.004177590819662044
----------------------------------
----------------------------------
Iteration = 27
Distance = 0.009436353000038977
v max = -1.4988096466556238
v min = -7.910992600466401
d max = 0.07607142857142857
d min = 0.07607142857142857
dF max = 0.07607142857142857
dB max = 0.07607142857142857
hk max = 0.03512714151024321
hk min = 0.018492260724534394
hz max = 0.0541801392820208
hz min = 0.016373592041773473
lambdaF max = Inf
lambdaF min = 0.004177590819662044
lambdaB max = Inf
lambdaB min = 0.004177590819662044
----------------------------------
----------------------------------
Iteration = 28
Distance = 0.008178061504697354
v max = -1.5067027378450335
v min = -7.919170661971099
d max = 0.07607142857142857
d min = 0.07607142857142857
dF max = 0.07607142857142857
dB max = 0.07607142857142857
hk max = 0.035128691480663804
hk min = 0.018494595854984204
hz max = 0.0541836619420676
hz min = 0.016378899156432133
lambdaF max = Inf
lambdaF min = 0.004177590819662044
lambdaB max = Inf
lambdaB min = 0.004177590819662044
----------------------------------
----------------------------------
Iteration = 29
Distance = 0.007091414996600598
v max = -1.5135823061218823
v min = -7.926262076967699
d max = 0.07607142857142857
d min = 0.07607142857142857
dF max = 0.07607142857142857
dB max = 0.07607142857142857
hk max = 0.03512981682438099
hk min = 0.01849306739140264
hz max = 0.05418621954142483
hz min = 0.016375425375564946
lambdaF max = Inf
lambdaF min = 0.004177590819662044
lambdaB max = Inf
lambdaB min = 0.004177590819662044
----------------------------------
----------------------------------
Iteration = 30
Distance = 0.006151963447088349
v max = -1.5195910243839152
v min = -7.932414040414788
d max = 0.07607142857142857
d min = 0.07607142857142857
dF max = 0.07607142857142857
dB max = 0.07607142857142857
hk max = 0.035130633939280786
hk min = 0.01849435422341157
hz max = 0.05418807662074254
hz min = 0.016378349993767062
lambdaF max = Inf
lambdaF min = 0.004177590819662044
lambdaB max = Inf
lambdaB min = 0.004177590819662044
----------------------------------
----------------------------------
Iteration = 31
Distance = 0.005339012962055634
v max = -1.5248145573399365
v min = -7.937753053376843
d max = 0.07607142857142857
d min = 0.07607142857142857
dF max = 0.07607142857142857
dB max = 0.07607142857142857
hk max = 0.03513122731394413
hk min = 0.018493626534370814
hz max = 0.05418942519952288
hz min = 0.01637669615503806
lambdaF max = Inf
lambdaF min = 0.004177590819662044
lambdaB max = Inf
lambdaB min = 0.004177590819662044
----------------------------------
----------------------------------
Iteration = 32
Distance = 0.004634979254449334
v max = -1.5293822710125664
v min = -7.942388032631293
d max = 0.07607142857142857
d min = 0.07607142857142857
dF max = 0.07607142857142857
dB max = 0.07607142857142857
hk max = 0.03513165825009058
hk min = 0.01849417522200269
hz max = 0.054190404599855725
hz min = 0.01637794317238323
lambdaF max = Inf
lambdaF min = 0.004177590819662044
lambdaB max = Inf
lambdaB min = 0.004177590819662044
----------------------------------
----------------------------------
Iteration = 33
Distance = 0.0040248685274155704
v max = -1.5333422533654621
v min = -7.946412901158708
d max = 0.07607142857142857
d min = 0.07607142857142857
dF max = 0.07607142857142857
dB max = 0.07607142857142857
hk max = 0.03513197122321446
hk min = 0.018493977396904657
hz max = 0.05419111590241
hz min = 0.01637749356988771
lambdaF max = Inf
lambdaF min = 0.004177590819662044
lambdaB max = Inf
lambdaB min = 0.004177590819662044
----------------------------------
----------------------------------
Iteration = 34
Distance = 0.003495857695211768
v max = -1.5368078912816927
v min = -7.94990875885392
d max = 0.07607142857142857
d min = 0.07607142857142857
dF max = 0.07607142857142857
dB max = 0.07607142857142857
hk max = 0.035132198511845555
hk min = 0.0184940435481422
hz max = 0.054191632467480655
hz min = 0.016377643913609397
lambdaF max = Inf
lambdaF min = 0.004177590819662044
lambdaB max = Inf
lambdaB min = 0.004177590819662044
----------------------------------
----------------------------------
Iteration = 35
Distance = 0.00303695230439871
v max = -1.5398058162439971
v min = -7.952945711158319
d max = 0.07607142857142857
d min = 0.07607142857142857
dF max = 0.07607142857142857
dB max = 0.07607142857142857
hk max = 0.035132363556282444
hk min = 0.018494170263521754
hz max = 0.05419200756847359
hz min = 0.016377931903108378
lambdaF max = Inf
lambdaF min = 0.004177590819662044
lambdaB max = Inf
lambdaB min = 0.004177590819662044
----------------------------------
----------------------------------
Iteration = 36
Distance = 0.0026387055206020804
v max = -1.5424317677033317
v min = -7.955584416678921
d max = 0.07607142857142857
d min = 0.07607142857142857
dF max = 0.07607142857142857
dB max = 0.07607142857142857
hk max = 0.035132483388516086
hk min = 0.01849396126428213
hz max = 0.05419227991445915
hz min = 0.016377456904836506
lambdaF max = Inf
lambdaF min = 0.004177590819662044
lambdaB max = Inf
lambdaB min = 0.004177590819662044
----------------------------------
----------------------------------
Iteration = 37
Distance = 0.002292985472875486
v max = -1.5447003582894587
v min = -7.957877402151796
d max = 0.07607142857142857
d min = 0.07607142857142857
dF max = 0.07607142857142857
dB max = 0.07607142857142857
hk max = 0.03513257038794039
hk min = 0.01849426441755487
hz max = 0.054192477640423474
hz min = 0.01637814588954728
lambdaF max = Inf
lambdaF min = 0.004177590819662044
lambdaB max = Inf
lambdaB min = 0.004177590819662044
----------------------------------
----------------------------------
Iteration = 38
Distance = 0.0019927812869156014
v max = -1.5466889462766715
v min = -7.959870183438712
d max = 0.07607142857142857
d min = 0.07607142857142857
dF max = 0.07607142857142857
dB max = 0.07607142857142857
hk max = 0.03513263355114618
hk min = 0.01849392856796165
hz max = 0.0541926211931639
hz min = 0.016377382595017236
lambdaF max = Inf
lambdaF min = 0.004177590819662044
lambdaB max = Inf
lambdaB min = 0.004177590819662044
----------------------------------
----------------------------------
Iteration = 39
Distance = 0.0017320404280187773
v max = -1.5484058655723927
v min = -7.9616022238667306
d max = 0.07607142857142857
d min = 0.07607142857142857
dF max = 0.07607142857142857
dB max = 0.07607142857142857
hk max = 0.03513267941294053
hk min = 0.018494300502227678
hz max = 0.054192725424514684
hz min = 0.016378227900167297
lambdaF max = Inf
lambdaF min = 0.004177590819662044
lambdaB max = Inf
lambdaB min = 0.004177590819662044
----------------------------------
----------------------------------
Iteration = 40
Distance = 0.0015065463406451762
v max = -1.549911153423512
v min = -7.963107755521003
d max = 0.07607142857142857
d min = 0.07607142857142857
dF max = 0.07607142857142857
dB max = 0.07607142857142857
hk max = 0.035132712716762465
hk min = 0.018493932414651755
hz max = 0.05419280111501909
hz min = 0.016377391337494742
lambdaF max = Inf
lambdaF min = 0.004177590819662044
lambdaB max = Inf
lambdaB min = 0.004177590819662044
----------------------------------
----------------------------------
Iteration = 41
Distance = 0.001308729096905381
v max = -1.551210661180556
v min = -7.964416484617908
d max = 0.07607142857142857
d min = 0.07607142857142857
dF max = 0.07607142857142857
dB max = 0.07607142857142857
hk max = 0.035132736903919645
hk min = 0.018494300370852486
hz max = 0.054192856085830875
hz min = 0.016378227601587313
lambdaF max = Inf
lambdaF min = 0.004177590819662044
lambdaB max = Inf
lambdaB min = 0.004177590819662044
----------------------------------
----------------------------------
Iteration = 42
Distance = 0.0011404437410937884
v max = -1.5523493923490952
v min = -7.965554198492066
d max = 0.07607142857142857
d min = 0.07607142857142857
dF max = 0.07607142857142857
dB max = 0.07607142857142857
hk max = 0.035132754470695415
hk min = 0.018493956420094212
hz max = 0.05419289601032125
hz min = 0.01637744589531851
lambdaF max = Inf
lambdaF min = 0.004177590819662044
lambdaB max = Inf
lambdaB min = 0.004177590819662044
----------------------------------
----------------------------------
Iteration = 43
Distance = 0.0009890903176232868
v max = -1.5533329228030326
v min = -7.96654328880969
d max = 0.07607142857142857
d min = 0.07607142857142857
dF max = 0.07607142857142857
dB max = 0.07607142857142857
hk max = 0.03513276722850188
hk min = 0.018494278577930415
hz max = 0.05419292500533596
hz min = 0.016378178072218967
lambdaF max = Inf
lambdaF min = 0.004177590819662044
lambdaB max = Inf
lambdaB min = 0.004177590819662044
----------------------------------
----------------------------------
Iteration = 44
Distance = 0.0008629403046289674
v max = -1.5541938058216356
v min = -7.967403203228995
d max = 0.07607142857142857
d min = 0.07607142857142857
dF max = 0.07607142857142857
dB max = 0.07607142857142857
hk max = 0.03513277649265899
hk min = 0.01849398923440505
hz max = 0.05419294606023845
hz min = 0.016377520473297692
lambdaF max = Inf
lambdaF min = 0.004177590819662044
lambdaB max = Inf
lambdaB min = 0.004177590819662044
----------------------------------
----------------------------------
Iteration = 45
Distance = 0.0007476325387054672
v max = -1.5549382367477307
v min = -7.968150835767701
d max = 0.07607142857142857
d min = 0.07607142857142857
dF max = 0.07607142857142857
dB max = 0.07607142857142857
hk max = 0.03513278321894642
hk min = 0.018494247013816145
hz max = 0.05419296134725536
hz min = 0.01637810633559563
lambdaF max = Inf
lambdaF min = 0.004177590819662044
lambdaB max = Inf
lambdaB min = 0.004177590819662044
----------------------------------
----------------------------------
Iteration = 46
Distance = 0.0006528116291377728
v max = -1.5555887834480102
v min = -7.968800864529536
d max = 0.07607142857142857
d min = 0.07607142857142857
dF max = 0.07607142857142857
dB max = 0.07607142857142857
hk max = 0.03513278810216128
hk min = 0.018494024302890336
hz max = 0.05419297244547095
hz min = 0.016377600174400615
lambdaF max = Inf
lambdaF min = 0.004177590819662044
lambdaB max = Inf
lambdaB min = 0.004177590819662044
----------------------------------
----------------------------------
Iteration = 47
Distance = 0.0005652594441778458
v max = -1.5561523626741667
v min = -7.9693660441230945
d max = 0.07607142857142857
d min = 0.07607142857142857
dF max = 0.07607142857142857
dB max = 0.07607142857142857
hk max = 0.03513279164733485
hk min = 0.01849421405185783
hz max = 0.054192980502683605
hz min = 0.016378031422054004
lambdaF max = Inf
lambdaF min = 0.004177590819662044
lambdaB max = Inf
lambdaB min = 0.004177590819662044
----------------------------------
----------------------------------
Iteration = 48
Distance = 0.0004937998583982584
v max = -1.5566438318844564
v min = -7.969857459017575
d max = 0.07607142857142857
d min = 0.07607142857142857
dF max = 0.07607142857142857
dB max = 0.07607142857142857
hk max = 0.03513279422135579
hk min = 0.018494057353332635
hz max = 0.0541929863527312
hz min = 0.016377675289042205
lambdaF max = Inf
lambdaF min = 0.004177590819662044
lambdaB max = Inf
lambdaB min = 0.004177590819662044
----------------------------------
----------------------------------
Iteration = 49
Distance = 0.00042744243737335985
v max = -1.5570705823971434
v min = -7.970284743175828
d max = 0.07607142857142857
d min = 0.07607142857142857
dF max = 0.07607142857142857
dB max = 0.07607142857142857
hk max = 0.03513279609054097
hk min = 0.018494184271392548
hz max = 0.05419299060087933
hz min = 0.016377963739178367
lambdaF max = Inf
lambdaF min = 0.004177590819662044
lambdaB max = Inf
lambdaB min = 0.004177590819662044
----------------------------------
----------------------------------
Iteration = 50
Distance = 0.0003734774766659399
v max = -1.557441791191923
v min = -7.970656270544849
d max = 0.07607142857142857
d min = 0.07607142857142857
dF max = 0.07607142857142857
dB max = 0.07607142857142857
hk max = 0.035132797448077
hk min = 0.018494085573943584
hz max = 0.0541929936861885
hz min = 0.01637773942679436
lambdaF max = Inf
lambdaF min = 0.004177590819662044
lambdaB max = Inf
lambdaB min = 0.004177590819662044
----------------------------------
----------------------------------
Iteration = 51
Distance = 0.0003232100304828567
v max = -1.5577649582574313
v min = -7.970979320340574
d max = 0.07607142857142857
d min = 0.07607142857142857
dF max = 0.07607142857142857
dB max = 0.07607142857142857
hk max = 0.035132798434072646
hk min = 0.01849415970167531
hz max = 0.05419299592708767
hz min = 0.016377907898911918
lambdaF max = Inf
lambdaF min = 0.004177590819662044
lambdaB max = Inf
lambdaB min = 0.004177590819662044
----------------------------------
----------------------------------
Iteration = 52
Distance = 0.0002824332489803627
v max = -1.5580452860462741
v min = -7.971260220514956
d max = 0.07607142857142857
d min = 0.07607142857142857
dF max = 0.07607142857142857
dB max = 0.07607142857142857
hk max = 0.03513279915017521
hk min = 0.018494107675351236
hz max = 0.05419299755459353
hz min = 0.016377789657266294
lambdaF max = Inf
lambdaF min = 0.004177590819662044
lambdaB max = Inf
lambdaB min = 0.004177590819662044
----------------------------------
----------------------------------
Iteration = 53
Distance = 0.00024471884824728285
v max = -1.5582900048945214
v min = -7.971504472324196
d max = 0.07607142857142857
d min = 0.07607142857142857
dF max = 0.07607142857142857
dB max = 0.07607142857142857
hk max = 0.035132799670191006
hk min = 0.01849414100585614
hz max = 0.05419299873644761
hz min = 0.016377865408413808
lambdaF max = Inf
lambdaF min = 0.004177590819662044
lambdaB max = Inf
lambdaB min = 0.004177590819662044
----------------------------------
----------------------------------
Iteration = 54
Distance = 0.0002135595554484393
v max = -1.5585016926030189
v min = -7.971716858515508
d max = 0.07607142857142857
d min = 0.07607142857142857
dF max = 0.07607142857142857
dB max = 0.07607142857142857
hk max = 0.03513280004774537
hk min = 0.01849412362050772
hz max = 0.054192999594525684
hz min = 0.016377825896258302
lambdaF max = Inf
lambdaF min = 0.004177590819662044
lambdaB max = Inf
lambdaB min = 0.004177590819662044
----------------------------------
----------------------------------
Iteration = 55
Distance = 0.00018530079250922427
v max = -1.558686987573662
v min = -7.971901537306148
d max = 0.07607142857142857
d min = 0.07607142857142857
dF max = 0.07607142857142857
dB max = 0.07607142857142857
hk max = 0.03513280032183794
hk min = 0.018494128019293014
hz max = 0.05419300021746335
hz min = 0.016377835893497606
lambdaF max = Inf
lambdaF min = 0.004177590819662044
lambdaB max = Inf
lambdaB min = 0.004177590819662044
----------------------------------
----------------------------------
Iteration = 56
Distance = 0.00016147136140354235
v max = -1.5588468609432504
v min = -7.972062124034003
d max = 0.07607142857142857
d min = 0.07607142857142857
dF max = 0.07607142857142857
dB max = 0.07607142857142857
hk max = 0.03513280052081656
hk min = 0.018494134081194897
hz max = 0.05419300066968749
hz min = 0.01637784967054734
lambdaF max = Inf
lambdaF min = 0.004177590819662044
lambdaB max = Inf
lambdaB min = 0.004177590819662044
----------------------------------
----------------------------------
Iteration = 57
Distance = 0.0001403018710677273
v max = -1.5589871346304127
v min = -7.972201762106467
d max = 0.07607142857142857
d min = 0.07607142857142857
dF max = 0.07607142857142857
dB max = 0.07607142857142857
hk max = 0.03513280066528296
hk min = 0.018494120017066323
hz max = 0.05419300099802023
hz min = 0.016377817706618763
lambdaF max = Inf
lambdaF min = 0.004177590819662044
lambdaB max = Inf
lambdaB min = 0.004177590819662044
----------------------------------
----------------------------------
Iteration = 58
Distance = 0.00012208236999455835
v max = -1.5591079063720383
v min = -7.972323184657157
d max = 0.07607142857142857
d min = 0.07607142857142857
dF max = 0.07607142857142857
dB max = 0.07607142857142857
hk max = 0.03513280077018928
hk min = 0.018494140026224962
hz max = 0.054193001236443675
hz min = 0.01637786318197931
lambdaF max = Inf
lambdaF min = 0.004177590819662044
lambdaB max = Inf
lambdaB min = 0.004177590819662044
----------------------------------
----------------------------------
Iteration = 59
Distance = 0.0001062226706203262
v max = -1.5592140642243173
v min = -7.9724287681325725
d max = 0.07607142857142857
d min = 0.07607142857142857
dF max = 0.07607142857142857
dB max = 0.07607142857142857
hk max = 0.03513280084638339
hk min = 0.018494115985591628
hz max = 0.05419300140961211
hz min = 0.016377808544176274
lambdaF max = Inf
lambdaF min = 0.004177590819662044
lambdaB max = Inf
lambdaB min = 0.004177590819662044
----------------------------------
----------------------------------
Iteration = 60
Distance = 9.229740769423067e-5
v max = -1.5593053301727842
v min = -7.972520578868995
d max = 0.07607142857142857
d min = 0.07607142857142857
dF max = 0.07607142857142857
dB max = 0.07607142857142857
hk max = 0.03513280090172331
hk min = 0.01849414251257944
hz max = 0.054193001535384644
hz min = 0.01637786883278494
lambdaF max = Inf
lambdaF min = 0.004177590819662044
lambdaB max = Inf
lambdaB min = 0.004177590819662044
----------------------------------
----------------------------------
Iteration = 61
Distance = 8.041326696406337e-5
v max = -1.559385634864744
v min = -7.972600413579535
d max = 0.07607142857142857
d min = 0.07607142857142857
dF max = 0.07607142857142857
dB max = 0.07607142857142857
hk max = 0.03513280094191873
hk min = 0.01849411486429364
hz max = 0.05419300162673788
hz min = 0.016377805995771755
lambdaF max = Inf
lambdaF min = 0.004177590819662044
lambdaB max = Inf
lambdaB min = 0.004177590819662044
----------------------------------
----------------------------------
Iteration = 62
Distance = 6.977610599046002e-5
v max = -1.5594546346972284
v min = -7.972669834549885
d max = 0.07607142857142857
d min = 0.07607142857142857
dF max = 0.07607142857142857
dB max = 0.07607142857142857
hk max = 0.03513280097110813
hk min = 0.018494142565179873
hz max = 0.054193001693077426
hz min = 0.016377868952331374
lambdaF max = Inf
lambdaF min = 0.004177590819662044
lambdaB max = Inf
lambdaB min = 0.004177590819662044
----------------------------------
----------------------------------
Iteration = 63
Distance = 6.0868301320571305e-5
v max = -1.5595153513214337
v min = -7.972730200235785
d max = 0.07607142857142857
d min = 0.07607142857142857
dF max = 0.07607142857142857
dB max = 0.07607142857142857
hk max = 0.0351328009923008
hk min = 0.018494115688875025
hz max = 0.05419300174124259
hz min = 0.016377807869820363
lambdaF max = Inf
lambdaF min = 0.004177590819662044
lambdaB max = Inf
lambdaB min = 0.004177590819662044
----------------------------------
----------------------------------
Iteration = 64
Distance = 5.274860859882935e-5
v max = -1.5595675449819348
v min = -7.9727826918641505
d max = 0.07607142857142857
d min = 0.07607142857142857
dF max = 0.07607142857142857
dB max = 0.07607142857142857
hk max = 0.035132801007684816
hk min = 0.01849414108685296
hz max = 0.054193001776206264
hz min = 0.016377865592497487
lambdaF max = Inf
lambdaF min = 0.004177590819662044
lambdaB max = Inf
lambdaB min = 0.004177590819662044
----------------------------------
----------------------------------
Iteration = 65
Distance = 4.606885562674634e-5
v max = -1.5596134260343137
v min = -7.972828336560568
d max = 0.07607142857142857
d min = 0.07607142857142857
dF max = 0.07607142857142857
dB max = 0.07607142857142857
hk max = 0.035132801018853604
hk min = 0.018494117652169503
hz max = 0.05419300180158987
hz min = 0.01637781233185327
lambdaF max = Inf
lambdaF min = 0.004177590819662044
lambdaB max = Inf
lambdaB min = 0.004177590819662044
----------------------------------
----------------------------------
Iteration = 66
Distance = 3.987561265161865e-5
v max = -1.5596529294790895
v min = -7.972868027457231
d max = 0.07607142857142857
d min = 0.07607142857142857
dF max = 0.07607142857142857
dB max = 0.07607142857142857
hk max = 0.03513280102696131
hk min = 0.01849413880540044
hz max = 0.05419300182001647
hz min = 0.016377860407378122
lambdaF max = Inf
lambdaF min = 0.004177590819662044
lambdaB max = Inf
lambdaB min = 0.004177590819662044
----------------------------------
----------------------------------
Iteration = 67
Distance = 3.4863785130845315e-5
v max = -1.5596875803492791
v min = -7.972902541176015
d max = 0.07607142857142857
d min = 0.07607142857142857
dF max = 0.07607142857142857
dB max = 0.07607142857142857
hk max = 0.0351328010328495
hk min = 0.018494120124524158
hz max = 0.054193001833398716
hz min = 0.016377817950841117
lambdaF max = Inf
lambdaF min = 0.004177590819662044
lambdaB max = Inf
lambdaB min = 0.004177590819662044
----------------------------------
----------------------------------
Iteration = 68
Distance = 3.01437484939715e-5
v max = -1.5597174956206912
v min = -7.972932553029541
d max = 0.07607142857142857
d min = 0.07607142857142857
dF max = 0.07607142857142857
dB max = 0.07607142857142857
hk max = 0.035132801037124836
hk min = 0.01849413626181414
hz max = 0.0541930018431154
hz min = 0.016377854626500172
lambdaF max = Inf
lambdaF min = 0.004177590819662044
lambdaB max = Inf
lambdaB min = 0.004177590819662044
----------------------------------
----------------------------------
Iteration = 69
Distance = 2.6380897457878305e-5
v max = -1.5597436512034402
v min = -7.972958650238389
d max = 0.07607142857142857
d min = 0.07607142857142857
dF max = 0.07607142857142857
dB max = 0.07607142857142857
hk max = 0.03513280104023216
hk min = 0.018494122653276
hz max = 0.054193001850177495
hz min = 0.016377823698004397
lambdaF max = Inf
lambdaF min = 0.004177590819662044
lambdaB max = Inf
lambdaB min = 0.004177590819662044
----------------------------------
----------------------------------
Iteration = 70
Distance = 2.2786693320453466e-5
v max = -1.5597663165069526
v min = -7.972981343423479
d max = 0.07607142857142857
d min = 0.07607142857142857
dF max = 0.07607142857142857
dB max = 0.07607142857142857
hk max = 0.03513280104248774
hk min = 0.01849413382511346
hz max = 0.05419300185530382
hz min = 0.016377849088544075
lambdaF max = Inf
lambdaF min = 0.004177590819662044
lambdaB max = Inf
lambdaB min = 0.004177590819662044
----------------------------------
----------------------------------
Iteration = 71
Distance = 1.995958007250387e-5
v max = -1.5597860508185246
v min = -7.9730010765988695
d max = 0.07607142857142857
d min = 0.07607142857142857
dF max = 0.07607142857142857
dB max = 0.07607142857142857
hk max = 0.035132801044126485
hk min = 0.01849412494577477
hz max = 0.054193001859028235
hz min = 0.016377828908228878
lambdaF max = Inf
lambdaF min = 0.004177590819662044
lambdaB max = Inf
lambdaB min = 0.004177590819662044
----------------------------------
----------------------------------
Iteration = 72
Distance = 1.722508390611388e-5
v max = -1.5598032294570752
v min = -7.973018235860761
d max = 0.07607142857142857
d min = 0.07607142857142857
dF max = 0.07607142857142857
dB max = 0.07607142857142857
hk max = 0.03513280104531763
hk min = 0.018494131718522912
hz max = 0.05419300186173537
hz min = 0.01637784430083828
lambdaF max = Inf
lambdaF min = 0.004177590819662044
lambdaB max = Inf
lambdaB min = 0.004177590819662044
----------------------------------
----------------------------------
Iteration = 73
Distance = 1.5099449522493202e-5
v max = -1.5598181144615553
v min = -7.973033156942777
d max = 0.07607142857142857
d min = 0.07607142857142857
dF max = 0.07607142857142857
dB max = 0.07607142857142857
hk max = 0.03513280104618047
hk min = 0.018494126841264214
hz max = 0.05419300186369636
hz min = 0.016377833216159425
lambdaF max = Inf
lambdaF min = 0.004177590819662044
lambdaB max = Inf
lambdaB min = 0.004177590819662044
----------------------------------
----------------------------------
Iteration = 74
Distance = 1.3022713487353954e-5
v max = -1.5598311371750426
v min = -7.9730461317856
d max = 0.07607142857142857
d min = 0.07607142857142857
dF max = 0.07607142857142857
dB max = 0.07607142857142857
hk max = 0.03513280104680748
hk min = 0.01849413004954079
hz max = 0.05419300186512139
hz min = 0.016377840507697097
lambdaF max = Inf
lambdaF min = 0.004177590819662044
lambdaB max = Inf
lambdaB min = 0.004177590819662044
----------------------------------
----------------------------------
Iteration = 75
Distance = 1.142142785148792e-5
v max = -1.5598423632668272
v min = -7.97305741424956
d max = 0.07607142857142857
d min = 0.07607142857142857
dF max = 0.07607142857142857
dB max = 0.07607142857142857
hk max = 0.03513280104726248
hk min = 0.018494128279078034
hz max = 0.054193001866155485
hz min = 0.016377836483918107
lambdaF max = Inf
lambdaF min = 0.004177590819662044
lambdaB max = Inf
lambdaB min = 0.004177590819662044
----------------------------------
----------------------------------
Iteration = 76
Distance = 9.87247740158459e-6
v max = -1.5598522353332196
v min = -7.973067225081927
d max = 0.07607142857142857
d min = 0.07607142857142857
dF max = 0.07607142857142857
dB max = 0.07607142857142857
hk max = 0.03513280104759263
hk min = 0.01849412884056894
hz max = 0.05419300186690583
hz min = 0.016377837760033803
lambdaF max = Inf
lambdaF min = 0.004177590819662044
lambdaB max = Inf
lambdaB min = 0.004177590819662044
----------------------------------
    Value Function Converged, Iteration = 76 with gamma=8.0 with rho=1.0 and v=-3.4357472377330414
    Reflective boundary condition
=============================================================
Convegence time (minutes): 0.11300549160000001
Current Time = 22:23:44
grid points for z:  401
grid size for z:  0.025
-0.4128757660814599
-0.6397852975466545
--- 8.583575248718262 seconds for the elasticity computation ---
-0.024358115339794637
-0.15596376542347537
--- 0.07335138320922852 seconds for the elasticity computation ---
-0.23697830301486095
-0.483821532123179
--- 0.06807327270507812 seconds for the elasticity computation ---
-0.4872303671684888
-0.6454292376597315
--- 0.06881141662597656 seconds for the elasticity computation ---
Current Time = 22:23:55
grid points for z:  401
grid size for z:  0.025
rho = 1
0.05935460108702888
--- 8.579547643661499 seconds for the elasticity computation ---
0.0
--- 0.06830024719238281 seconds for the elasticity computation ---
0.05935460108702888
--- 0.0675191879272461 seconds for the elasticity computation ---
0.0
--- 0.06693744659423828 seconds for the elasticity computation ---
0.0
--- 0.06638336181640625 seconds for the elasticity computation ---
0.05935460108702888
0.005643940113077034
--- 0.06700372695922852 seconds for the elasticity computation ---
0.05935460108702888
0.005643940113077034
--- 0.06675148010253906 seconds for the elasticity computation ---
0.05935460108702888
0.005643940113077034
--- 0.06647968292236328 seconds for the elasticity computation ---
0.05935460108702888
0.005643940113077034
--- 0.06611132621765137 seconds for the elasticity computation ---
parsed_args = parse_commandline() = Dict{String, Any}("dataname" => "lower_triangular_two_ambiguous_parameters", "clowerlim" => 0.0001, "delta" => 0.015, "boundary" => 1, "Delta" => 10.0, "q" => 0.1, "zmax" => 5.0, "logadjustment" => 1, "zscale" => 2.0, "foc" => 1, "distorted" => 0, "rho" => 1.0, "gamma" => 8.0)
=============================================================
./output/lower_triangular_two_ambiguous_parameters/Delta_10.0_distorted_0/logadjustment_1_boundary_1/zmax_5.0_zscale_2.0/delta_0.015/q_0.1_gamma_8.0_rho_1.0/
=============================================================
solve for structured linear system 
structured_relative_entropy = 0.10248404814410814
=============================================================
solve for unstructured linear system 
q_update = 0.45198638470387237
=============================================================
parsed_args = parse_commandline() = Dict{String, Any}("dataname" => "lower_triangular_two_ambiguous_parameters", "clowerlim" => 0.0001, "delta" => 0.015, "boundary" => 1, "Delta" => 10.0, "q" => 0.1, "zmax" => 5.0, "logadjustment" => 1, "zscale" => 2.0, "foc" => 1, "distorted" => 0, "rho" => 1.0, "gamma" => 8.0)
=============================================================
./output/lower_triangular_two_ambiguous_parameters/Delta_10.0_distorted_0/logadjustment_1_boundary_1/zmax_5.0_zscale_2.0/delta_0.015/q_0.1_gamma_8.0_rho_1.0/
=============================================================
solve for structured linear system 
structured_relative_entropy = 0.10248404814410814
=============================================================
solve for unstructured linear system 
q_update = 0.45198638470387237
=============================================================
Program ends Fri Jan 19 22:24:37 CST 2024
Elapsed time: 0 days 00 hr 01 min 21 sec
