D_10.0_distorted_0_boundary_1_delta_0.02_gamma_10.0_q_0.1_rho_1.0_lower_triangular_four_ambiguous_parameters
Program starts Fri Jan 19 22:21:20 CST 2024
parsed_args = parse_commandline() = Dict{String, Any}("dataname" => "lower_triangular_four_ambiguous_parameters", "clowerlim" => 0.0001, "delta" => 0.02, "boundary" => 1, "Delta" => 10.0, "q" => 0.1, "zmax" => 5.0, "logadjustment" => 1, "zscale" => 2.0, "foc" => 1, "distorted" => 0, "rho" => 1.0, "gamma" => 10.0)
=============================================================
logadjustment: true
reflective_boundary: true
0.109
sigma_k: [0.011287880226154068, 0.0]
sigma_z: [0.026030751045638307, 0.05916079783099616]
Compute value function WITH ROBUSTNESS
computing undistorted version...
zmax = 5.0, zmin = -5.0, zlength = 401
reflective boundary condition
----------------------------------
Iteration = 1
Distance = 1.2137087320774964
v max = -0.9443308051338414
v min = -3.2137087320774964
d max = 0.07672413793103448
d min = 0.07672413793103448
dF max = 0.07672413793103448
dB max = 0.07672413793103448
hk max = 0.011287880226154068
hk min = 0.011287880226154068
hz max = 0.0
hz min = 0.0
lambdaF max = 0.15963473306270162
lambdaF min = 0.006028620769798678
lambdaB max = 0.15963473306270162
lambdaB min = 0.006028620769798678
----------------------------------
----------------------------------
Iteration = 2
Distance = 0.9385016083364319
v max = -0.677580006489231
v min = -4.152210340413928
d max = 0.07672413793103448
d min = 0.07672413793103448
dF max = 0.07672413793103448
dB max = 0.07672413793103448
hk max = 0.0172039600092557
hk min = 0.015858707778865788
hz max = 0.013445635870685532
hz min = 0.01038824443798118
lambdaF max = 0.3087916332956299
lambdaF min = 0.006028620769798678
lambdaB max = 0.30879163329565856
lambdaB min = 0.006028620769798678
----------------------------------
----------------------------------
Iteration = 3
Distance = 0.647249338727157
v max = -0.5893888661726491
v min = -4.799459679141085
d max = 0.07672413793103448
d min = 0.07672413793103448
dF max = 0.07672413793103448
dB max = 0.07672413793103448
hk max = 0.021683179437004065
hk min = 0.017821449914256222
hz max = 0.023625680024659087
hz min = 0.01484902201841399
lambdaF max = 0.4075727139901005
lambdaF min = 0.006028620769798678
lambdaB max = 0.4110483213943988
lambdaB min = 0.006028620769798678
----------------------------------
----------------------------------
Iteration = 4
Distance = 0.4592227413957142
v max = -0.5854179364762517
v min = -5.2586824205367995
d max = 0.07672413793103448
d min = 0.07672413793103448
dF max = 0.07672413793103448
dB max = 0.07672413793103448
hk max = 0.024602610108209803
hk min = 0.018357007299594705
hz max = 0.03026074973194486
hz min = 0.01606619789418327
lambdaF max = 0.4778398975399193
lambdaF min = 0.006028620769798678
lambdaB max = 0.4836133671877659
lambdaB min = 0.006028620769798678
----------------------------------
----------------------------------
Iteration = 5
Distance = 0.3353587417038302
v max = -0.6159637849622112
v min = -5.59404116224063
d max = 0.07672413793103448
d min = 0.07672413793103448
dF max = 0.07672413793103448
dB max = 0.07672413793103448
hk max = 0.026519188179090974
hk min = 0.01881797663735959
hz max = 0.03461660898394752
hz min = 0.017113855480012548
lambdaF max = 0.5278052154377197
lambdaF min = 0.006028620769798678
lambdaB max = 0.5352965763716604
lambdaB min = 0.006028620769798678
----------------------------------
----------------------------------
Iteration = 6
Distance = 0.2497641698541182
v max = -0.6590360565811854
v min = -5.843805332094748
d max = 0.07672413793103448
d min = 0.07672413793103448
dF max = 0.07672413793103448
dB max = 0.07672413793103448
hk max = 0.02779365615987508
hk min = 0.018925478021331616
hz max = 0.03751312712209321
hz min = 0.017358176807221706
lambdaF max = 0.5643004564384282
lambdaF min = 0.006028620769798678
lambdaB max = 0.5729756298966384
lambdaB min = 0.006028620769798678
----------------------------------
----------------------------------
Iteration = 7
Distance = 0.1889666292446055
v max = -0.706510842486401
v min = -6.032771961339353
d max = 0.07672413793103448
d min = 0.07672413793103448
dF max = 0.07672413793103448
dB max = 0.07672413793103448
hk max = 0.02864535867334263
hk min = 0.019047597395522316
hz max = 0.03944881465270129
hz min = 0.017635720839473297
lambdaF max = 0.5910528866038095
lambdaF min = 0.006028620769798678
lambdaB max = 0.6004716598948237
lambdaB min = 0.006028620769798678
----------------------------------
----------------------------------
Iteration = 8
Distance = 0.14491498033114603
v max = -0.7541952615659068
v min = -6.177686941670499
d max = 0.07672413793103448
d min = 0.07672413793103448
dF max = 0.07672413793103448
dB max = 0.07672413793103448
hk max = 0.029215828705811735
hk min = 0.019096318296109756
hz max = 0.04074533745376743
hz min = 0.017746450158990203
lambdaF max = 0.6103003316269257
lambdaF min = 0.006028620769798678
lambdaB max = 0.6201323484772917
lambdaB min = 0.006028620769798678
----------------------------------
----------------------------------
Iteration = 9
Distance = 0.11246388988139344
v max = -0.8001562949939667
v min = -6.290150831551893
d max = 0.07672413793103448
d min = 0.07672413793103448
dF max = 0.07672413793103448
dB max = 0.07672413793103448
hk max = 0.02959841142339393
hk min = 0.0191489274808396
hz max = 0.041614843630090596
hz min = 0.017866016487921663
lambdaF max = 0.6236871978674625
lambdaF min = 0.006028620769798678
lambdaB max = 0.6337194319453548
lambdaB min = 0.006028620769798678
----------------------------------
----------------------------------
Iteration = 10
Distance = 0.0882046349246135
v max = -0.8430219250960194
v min = -6.378355466476506
d max = 0.07672413793103448
d min = 0.07672413793103448
dF max = 0.07672413793103448
dB max = 0.07672413793103448
hk max = 0.029855169299465217
hk min = 0.019180543928234536
hz max = 0.04219838425752535
hz min = 0.017937872050182886
lambdaF max = 0.6326601619589651
lambdaF min = 0.006028620769798678
lambdaB max = 0.6427785348807287
lambdaB min = 0.006028620769798678
----------------------------------
----------------------------------
Iteration = 11
Distance = 0.06982476541300553
v max = -0.8821863430312561
v min = -6.448180231889512
d max = 0.07672413793103448
d min = 0.07672413793103448
dF max = 0.07672413793103448
dB max = 0.07672413793103448
hk max = 0.030027557813953176
hk min = 0.019207518539147216
hz max = 0.04259017633590707
hz min = 0.01799917798407534
lambdaF max = 0.6385085451565464
lambdaF min = 0.006028620769798678
lambdaB max = 0.6486659926698424
lambdaB min = 0.006028620769798678
----------------------------------
----------------------------------
Iteration = 12
Distance = 0.05572700578814693
v max = -0.9172901701728
v min = -6.503907237677659
d max = 0.07672413793103448
d min = 0.07672413793103448
dF max = 0.07672413793103448
dB max = 0.07672413793103448
hk max = 0.030143335855291047
hk min = 0.019226129268203385
hz max = 0.042853308248038596
hz min = 0.01804147509556663
lambdaF max = 0.6422855954404616
lambdaF min = 0.006028620769798678
lambdaB max = 0.6524703110142929
lambdaB min = 0.006028620769798678
----------------------------------
----------------------------------
Iteration = 13
Distance = 0.04479120988432861
v max = -0.9482816819297679
v min = -6.548698447561987
d max = 0.07672413793103448
d min = 0.07672413793103448
dF max = 0.07672413793103448
dB max = 0.07672413793103448
hk max = 0.030221110510884528
hk min = 0.019239947380626364
hz max = 0.04303006882893287
hz min = 0.018072879896527953
lambdaF max = 0.6447602956741921
lambdaF min = 0.006028620769798678
lambdaB max = 0.6549719948878846
lambdaB min = 0.006028620769798678
----------------------------------
----------------------------------
Iteration = 14
Distance = 0.03622097258742141
v max = -0.9752602641192881
v min = -6.584919420149409
d max = 0.07672413793103448
d min = 0.07672413793103448
dF max = 0.07672413793103448
dB max = 0.07672413793103448
hk max = 0.03027336395009606
hk min = 0.019249348543911714
hz max = 0.04314882664532271
hz min = 0.018094246176721927
lambdaF max = 0.6464322672359596
lambdaF min = 0.006028620769798678
lambdaB max = 0.6566696548901678
lambdaB min = 0.006028620769798678
----------------------------------
----------------------------------
Iteration = 15
Distance = 0.02944263664951574
v max = -0.9985015167355072
v min = -6.6143620567989245
d max = 0.07672413793103448
d min = 0.07672413793103448
dF max = 0.07672413793103448
dB max = 0.07672413793103448
hk max = 0.030308474135648758
hk min = 0.019255526587526037
hz max = 0.04322862252157885
hz min = 0.018108287184936293
lambdaF max = 0.6475933305070847
lambdaF min = 0.006028620769798678
lambdaB max = 0.6578511901693417
lambdaB min = 0.006028620769798678
----------------------------------
----------------------------------
Iteration = 16
Distance = 0.02403771991468151
v max = -1.0183601342786583
v min = -6.638399776713606
d max = 0.07672413793103448
d min = 0.07672413793103448
dF max = 0.07672413793103448
dB max = 0.07672413793103448
hk max = 0.030332066718563856
hk min = 0.019259613878213903
hz max = 0.04328224202820407
hz min = 0.018117576481954174
lambdaF max = 0.6484052373321989
lambdaF min = 0.006028620769798678
lambdaB max = 0.6586764740698068
lambdaB min = 0.006028620769798678
----------------------------------
----------------------------------
Iteration = 17
Distance = 0.019697112452917942
v max = -1.035235896704095
v min = -6.658096889166524
d max = 0.07672413793103448
d min = 0.07672413793103448
dF max = 0.07672413793103448
dB max = 0.07672413793103448
hk max = 0.030347920481159717
hk min = 0.019262218949937827
hz max = 0.04331827330683102
hz min = 0.01812349709950855
lambdaF max = 0.6489640546723695
lambdaF min = 0.006028620769798678
lambdaB max = 0.6592424330043495
lambdaB min = 0.006028620769798678
----------------------------------
----------------------------------
Iteration = 18
Distance = 0.01618967723165543
v max = -1.0495201488172352
v min = -6.674286566398179
d max = 0.07672413793103448
d min = 0.07672413793103448
dF max = 0.07672413793103448
dB max = 0.07672413793103448
hk max = 0.030358574213818542
hk min = 0.019264005428001434
hz max = 0.04334248633560109
hz min = 0.018127557276925835
lambdaF max = 0.6493377832687179
lambdaF min = 0.006028620769798678
lambdaB max = 0.6596193396837524
lambdaB min = 0.006028620769798678
----------------------------------
----------------------------------
Iteration = 19
Distance = 0.01334050137000542
v max = -1.0615780918683195
v min = -6.687627067768185
d max = 0.07672413793103448
d min = 0.07672413793103448
dF max = 0.07672413793103448
dB max = 0.07672413793103448
hk max = 0.030365733783606217
hk min = 0.01926519656338566
hz max = 0.04335875808511853
hz min = 0.018130264402799075
lambdaF max = 0.6495811095893073
lambdaF min = 0.006028620769798678
lambdaB max = 0.6598640849535778
lambdaB min = 0.006028620769798678
----------------------------------
----------------------------------
Iteration = 20
Distance = 0.011015683558427192
v max = -1.0717334801998795
v min = -6.698642751326612
d max = 0.07672413793103448
d min = 0.07672413793103448
dF max = 0.07672413793103448
dB max = 0.07672413793103448
hk max = 0.030370545404273183
hk min = 0.01926605249807578
hz max = 0.04336969358663436
hz min = 0.018132209708912994
lambdaF max = 0.6497379200199587
lambdaF min = 0.006028620769798678
lambdaB max = 0.660021907004234
lambdaB min = 0.006028620769798678
----------------------------------
----------------------------------
Iteration = 21
Distance = 0.009111590321554175
v max = -1.0802696119536315
v min = -6.707754341648166
d max = 0.07672413793103448
d min = 0.07672413793103448
dF max = 0.07672413793103448
dB max = 0.07672413793103448
hk max = 0.030373779219271726
hk min = 0.01926663097283865
hz max = 0.0433770431661765
hz min = 0.01813352442428315
lambdaF max = 0.6498404740601291
lambdaF min = 0.006028620769798678
lambdaB max = 0.6601255299949194
lambdaB min = 0.006028620769798678
----------------------------------
----------------------------------
Iteration = 22
Distance = 0.007547193480879066
v max = -1.0874316867766667
v min = -6.715301535129045
d max = 0.07672413793103448
d min = 0.07672413793103448
dF max = 0.07672413793103448
dB max = 0.07672413793103448
hk max = 0.03037595268617593
hk min = 0.019267031798528067
hz max = 0.04338198286368606
hz min = 0.01813443539175909
lambdaF max = 0.6499098041325773
lambdaF min = 0.006028620769798678
lambdaB max = 0.660195929126488
lambdaB min = 0.006028620769798678
----------------------------------
----------------------------------
Iteration = 23
Distance = 0.0062585484835411265
v max = -1.093431777748717
v min = -6.721560083612586
d max = 0.07672413793103448
d min = 0.07672413793103448
dF max = 0.07672413793103448
dB max = 0.07672413793103448
hk max = 0.030377413504456906
hk min = 0.019267290383220705
hz max = 0.043385302905233736
hz min = 0.018135023084242363
lambdaF max = 0.6499581305520864
lambdaF min = 0.006028620769798678
lambdaB max = 0.6602451337995514
lambdaB min = 0.006028620769798678
----------------------------------
----------------------------------
Iteration = 24
Distance = 0.005194771468731929
v max = -1.0984523763001044
v min = -6.726754855081318
d max = 0.07672413793103448
d min = 0.07672413793103448
dF max = 0.07672413793103448
dB max = 0.07672413793103448
hk max = 0.030378395334995516
hk min = 0.019267461015613892
hz max = 0.04338753433827603
hz min = 0.018135410885135962
lambdaF max = 0.6499921142655599
lambdaF min = 0.006028620769798678
lambdaB max = 0.6602796995952546
lambdaB min = 0.006028620769798678
----------------------------------
----------------------------------
Iteration = 25
Distance = 0.004315074039032751
v max = -1.1026497636026953
v min = -6.731069929120351
d max = 0.07672413793103448
d min = 0.07672413793103448
dF max = 0.07672413793103448
dB max = 0.07672413793103448
hk max = 0.030379055223677114
hk min = 0.019267570017278593
hz max = 0.04338903408527966
hz min = 0.018135658616192107
lambdaF max = 0.6500156156126466
lambdaF min = 0.006028620769798678
lambdaB max = 0.6603035093321658
lambdaB min = 0.006028620769798678
----------------------------------
----------------------------------
Iteration = 26
Distance = 0.0035865513806072613
v max = -1.1061568168506117
v min = -6.734656480500958
d max = 0.07672413793103448
d min = 0.07672413793103448
dF max = 0.07672413793103448
dB max = 0.07672413793103448
hk max = 0.030379498731830712
hk min = 0.019267643679260982
hz max = 0.04339004205835601
hz min = 0.018135826029788443
lambdaF max = 0.6500313532553526
lambdaF min = 0.006028620769798678
lambdaB max = 0.6603193771176513
lambdaB min = 0.006028620769798678
----------------------------------
----------------------------------
Iteration = 27
Distance = 0.002982512600620879
v max = -1.109085798378719
v min = -6.737638993101579
d max = 0.07672413793103448
d min = 0.07672413793103448
dF max = 0.07672413793103448
dB max = 0.07672413793103448
hk max = 0.03037979681452127
hk min = 0.01926769382130602
hz max = 0.04339071951901637
hz min = 0.01813593998898171
lambdaF max = 0.6500415647658105
lambdaF min = 0.006028620769798678
lambdaB max = 0.660329639444067
lambdaB min = 0.006028620769798678
----------------------------------
----------------------------------
Iteration = 28
Distance = 0.0024812058094552114
v max = -1.1115311148174194
v min = -6.740120198911034
d max = 0.07672413793103448
d min = 0.07672413793103448
dF max = 0.07672413793103448
dB max = 0.07672413793103448
hk max = 0.03037999716183282
hk min = 0.01926772925526479
hz max = 0.043391174853815356
hz min = 0.01813602052070619
lambdaF max = 0.6500480971626377
lambdaF min = 0.006028620769798678
lambdaB max = 0.6603362062149503
lambdaB min = 0.006028620769798678
----------------------------------
----------------------------------
Iteration = 29
Distance = 0.002064834010306882
v max = -1.1135719591280622
v min = -6.742185032921341
d max = 0.07672413793103448
d min = 0.07672413793103448
dF max = 0.07672413793103448
dB max = 0.07672413793103448
hk max = 0.03038013182370264
hk min = 0.019267753789196505
hz max = 0.04339148090351949
hz min = 0.018136076279641904
lambdaF max = 0.650052335197462
lambdaF min = 0.006028620769798678
lambdaB max = 0.6603404847092447
lambdaB min = 0.006028620769798678
----------------------------------
----------------------------------
Iteration = 30
Distance = 0.0017187877527300444
v max = -1.11527471135387
v min = -6.743903820674071
d max = 0.07672413793103448
d min = 0.07672413793103448
dF max = 0.07672413793103448
dB max = 0.07672413793103448
hk max = 0.030380222337801598
hk min = 0.019267770510511026
hz max = 0.043391686617380756
hz min = 0.01813611428262945
lambdaF max = 0.6500551893080497
lambdaF min = 0.006028620769798678
lambdaB max = 0.6603433829014304
lambdaB min = 0.006028620769798678
----------------------------------
----------------------------------
Iteration = 31
Distance = 0.0014310411997673356
v max = -1.1166949976599052
v min = -6.745334861873839
d max = 0.07672413793103448
d min = 0.07672413793103448
dF max = 0.07672413793103448
dB max = 0.07672413793103448
hk max = 0.030380283177848088
hk min = 0.019267781483579556
hz max = 0.04339182489021369
hz min = 0.018136139221421568
lambdaF max = 0.6500571846078849
lambdaF min = 0.006028620769798678
lambdaB max = 0.6603454162523925
lambdaB min = 0.006028620769798678
----------------------------------
----------------------------------
Iteration = 32
Distance = 0.0011916727410437034
v max = -1.117879423455118
v min = -6.746526534614882
d max = 0.07672413793103448
d min = 0.07672413793103448
dF max = 0.07672413793103448
dB max = 0.07672413793103448
hk max = 0.03038032407147655
hk min = 0.019267788551165337
hz max = 0.04339191783027838
hz min = 0.018136155284116523
lambdaF max = 0.650058598571849
lambdaF min = 0.006028620769798678
lambdaB max = 0.6603468561490907
lambdaB min = 0.006028620769798678
----------------------------------
----------------------------------
Iteration = 33
Distance = 0.0009924815399786624
v max = -1.1188670046146252
v min = -6.747519016154861
d max = 0.07672413793103448
d min = 0.07672413793103448
dF max = 0.07672413793103448
dB max = 0.07672413793103448
hk max = 0.030380351557404112
hk min = 0.01926779310878539
hz max = 0.04339198029829556
hz min = 0.018136165642343913
lambdaF max = 0.6500595844047081
lambdaF min = 0.006028620769798678
lambdaB max = 0.6603478558297615
lambdaB min = 0.006028620769798678
----------------------------------
----------------------------------
Iteration = 34
Distance = 0.0008266787394042296
v max = -1.119690369629108
v min = -6.748345694894265
d max = 0.07672413793103448
d min = 0.07672413793103448
dF max = 0.07672413793103448
dB max = 0.07672413793103448
hk max = 0.03038037003123568
hk min = 0.01926779612510718
hz max = 0.0433920222842764
hz min = 0.018136172497620714
lambdaF max = 0.6500602477548103
lambdaF min = 0.006028620769798678
lambdaB max = 0.6603485248139236
lambdaB min = 0.006028620769798678
----------------------------------
----------------------------------
Iteration = 35
Distance = 0.0006886373389809464
v max = -1.120376773518918
v min = -6.749034332233246
d max = 0.07672413793103448
d min = 0.07672413793103448
dF max = 0.07672413793103448
dB max = 0.07672413793103448
hk max = 0.030380382447873052
hk min = 0.01926779820547277
hz max = 0.043392050503906786
hz min = 0.018136177225724325
lambdaF max = 0.6500606778037222
lambdaF min = 0.006028620769798678
lambdaB max = 0.6603489567249397
lambdaB min = 0.006028620769798678
----------------------------------
----------------------------------
Iteration = 36
Distance = 0.0005736885976483919
v max = -1.120948964384202
v min = -6.749608020830895
d max = 0.07672413793103448
d min = 0.07672413793103448
dF max = 0.07672413793103448
dB max = 0.07672413793103448
hk max = 0.030380390793534596
hk min = 0.01926779966810678
hz max = 0.04339206947131939
hz min = 0.018136180549892536
lambdaF max = 0.6500609510351841
lambdaF min = 0.006028620769798678
lambdaB max = 0.6603492310371174
lambdaB min = 0.006028620769798678
----------------------------------
----------------------------------
Iteration = 37
Distance = 0.00047795562427754845
v max = -1.1214259194605103
v min = -6.750085976455172
d max = 0.07672413793103448
d min = 0.07672413793103448
dF max = 0.07672413793103448
dB max = 0.07672413793103448
hk max = 0.030380396403132084
hk min = 0.01926780069784699
hz max = 0.043392082220404596
hz min = 0.018136182890211183
lambdaF max = 0.6500611265720725
lambdaF min = 0.006028620769798678
lambdaB max = 0.6603494080302804
lambdaB min = 0.006028620769798678
----------------------------------
----------------------------------
Iteration = 38
Distance = 0.0003982168969338673
v max = -1.1218234683081498
v min = -6.750484193352106
d max = 0.07672413793103448
d min = 0.07672413793103448
dF max = 0.07672413793103448
dB max = 0.07672413793103448
hk max = 0.030380400173764022
hk min = 0.019267801399216605
hz max = 0.04339209079002263
hz min = 0.018136184484233042
lambdaF max = 0.6500612439914223
lambdaF min = 0.006028620769798678
lambdaB max = 0.6603495272222661
lambdaB min = 0.006028620769798678
----------------------------------
----------------------------------
Iteration = 39
Distance = 0.0003317940075930892
v max = -1.1221548147497513
v min = -6.750815987359699
d max = 0.07672413793103448
d min = 0.07672413793103448
dF max = 0.07672413793103448
dB max = 0.07672413793103448
hk max = 0.030380402708297935
hk min = 0.01926780186255222
hz max = 0.043392096550326976
hz min = 0.018136185537268534
lambdaF max = 0.6500613261402467
lambdaF min = 0.006028620769798678
lambdaB max = 0.660349610999161
lambdaB min = 0.006028620769798678
----------------------------------
----------------------------------
Iteration = 40
Distance = 0.00027645911103935106
v max = -1.1224309724010129
v min = -6.7510924464707385
d max = 0.07672413793103448
d min = 0.07672413793103448
dF max = 0.07672413793103448
dB max = 0.07672413793103448
hk max = 0.030380404411925768
hk min = 0.019267802158569214
hz max = 0.04339210042220841
hz min = 0.018136186210034422
lambdaF max = 0.6500613847770246
lambdaF min = 0.006028620769798678
lambdaB max = 0.6603496707876559
lambdaB min = 0.006028620769798678
----------------------------------
----------------------------------
Iteration = 41
Distance = 0.0002303584672080916
v max = -1.1226611269302627
v min = -6.751322804937947
d max = 0.07672413793103448
d min = 0.07672413793103448
dF max = 0.07672413793103448
dB max = 0.07672413793103448
hk max = 0.030380405557008865
hk min = 0.019267802348339854
hz max = 0.04339210302467
hz min = 0.018136186641331334
lambdaF max = 0.6500614260344387
lambdaF min = 0.006028620769798678
lambdaB max = 0.660349712672052
lambdaB min = 0.006028620769798678
----------------------------------
----------------------------------
Iteration = 42
Distance = 0.0001919491742192747
v max = -1.122852938042667
v min = -6.751514754112166
d max = 0.07672413793103448
d min = 0.07672413793103448
dF max = 0.07672413793103448
dB max = 0.07672413793103448
hk max = 0.030380406326648925
hk min = 0.019267802472709702
hz max = 0.043392104773851956
hz min = 0.018136186923990077
lambdaF max = 0.6500614539780337
lambdaF min = 0.006028620769798678
lambdaB max = 0.6603497408665235
lambdaB min = 0.006028620769798678
----------------------------------
----------------------------------
Iteration = 43
Distance = 0.00015994674606822912
v max = -1.1230127916330255
v min = -6.751674700858234
d max = 0.07672413793103448
d min = 0.07672413793103448
dF max = 0.07672413793103448
dB max = 0.07672413793103448
hk max = 0.030380406843942116
hk min = 0.019267802558331666
hz max = 0.0433921059495183
hz min = 0.018136187118585455
lambdaF max = 0.650061472109929
lambdaF min = 0.006028620769798678
lambdaB max = 0.6603497590687156
lambdaB min = 0.006028620769798678
----------------------------------
----------------------------------
Iteration = 44
Distance = 0.00013328162873982308
v max = -1.1231460107572884
v min = -6.751807982486974
d max = 0.07672413793103448
d min = 0.07672413793103448
dF max = 0.07672413793103448
dB max = 0.07672413793103448
hk max = 0.030380407191635664
hk min = 0.019267802618824555
hz max = 0.04339210673973091
hz min = 0.018136187256069296
lambdaF max = 0.6500614835627261
lambdaF min = 0.006028620769798678
lambdaB max = 0.6603497705520704
lambdaB min = 0.006028620769798678
----------------------------------
----------------------------------
Iteration = 45
Distance = 0.00011106309913611057
v max = -1.123257032116948
v min = -6.75191904558611
d max = 0.07672413793103448
d min = 0.07672413793103448
dF max = 0.07672413793103448
dB max = 0.07672413793103448
hk max = 0.030380407425341382
hk min = 0.019267802661732874
hz max = 0.04339210727088026
hz min = 0.0181361873535882
lambdaF max = 0.6500614908453587
lambdaF min = 0.006028620769798678
lambdaB max = 0.6603497778846191
lambdaB min = 0.006028620769798678
----------------------------------
----------------------------------
Iteration = 46
Distance = 9.254927218815823e-5
v max = -1.123349553549661
v min = -6.752011594858298
d max = 0.07672413793103448
d min = 0.07672413793103448
dF max = 0.07672413793103448
dB max = 0.07672413793103448
hk max = 0.030380407582434977
hk min = 0.019267802691221678
hz max = 0.04339210762791116
hz min = 0.01813618742060821
lambdaF max = 0.650061495676114
lambdaF min = 0.006028620769798678
lambdaB max = 0.6603497827854075
lambdaB min = 0.006028620769798678
----------------------------------
----------------------------------
Iteration = 47
Distance = 7.71221683661949e-5
v max = -1.1234266570895104
v min = -6.752088717026664
d max = 0.07672413793103448
d min = 0.07672413793103448
dF max = 0.07672413793103448
dB max = 0.07672413793103448
hk max = 0.030380407688029343
hk min = 0.019267802710732834
hz max = 0.04339210786789836
hz min = 0.01813618746495175
lambdaF max = 0.6500614990534811
lambdaF min = 0.006028620769798678
lambdaB max = 0.6603497862318539
lambdaB min = 0.006028620769798678
----------------------------------
----------------------------------
Iteration = 48
Distance = 6.426697810901771e-5
v max = -1.1234909115278828
v min = -6.752152984004773
d max = 0.07672413793103448
d min = 0.07672413793103448
dF max = 0.07672413793103448
dB max = 0.07672413793103448
hk max = 0.030380407759007595
hk min = 0.01926780272318686
hz max = 0.04339210802921256
hz min = 0.01813618749325635
lambdaF max = 0.650061501480879
lambdaF min = 0.006028620769798678
lambdaB max = 0.6603497887102263
lambdaB min = 0.006028620769798678
----------------------------------
----------------------------------
Iteration = 49
Distance = 5.3554809926303903e-5
v max = -1.1235444578521683
v min = -6.7522065388147
d max = 0.07672413793103448
d min = 0.07672413793103448
dF max = 0.07672413793103448
dB max = 0.07672413793103448
hk max = 0.030380407806716074
hk min = 0.01926780273108579
hz max = 0.04339210813764093
hz min = 0.018136187511208466
lambdaF max = 0.6500615032055368
lambdaF min = 0.006028620769798678
lambdaB max = 0.6603497904633201
lambdaB min = 0.006028620769798678
----------------------------------
----------------------------------
Iteration = 50
Distance = 4.462833269691657e-5
v max = -1.1235890804339932
v min = -6.752251167147397
d max = 0.07672413793103448
d min = 0.07672413793103448
dF max = 0.07672413793103448
dB max = 0.07672413793103448
hk max = 0.030380407838781598
hk min = 0.019267802736227205
hz max = 0.04339210821051712
hz min = 0.0181361875228935
lambdaF max = 0.6500615043825553
lambdaF min = 0.006028620769798678
lambdaB max = 0.6603497916516541
lambdaB min = 0.006028620769798678
----------------------------------
----------------------------------
Iteration = 51
Distance = 3.71898231597001e-5
v max = -1.123626266372113
v min = -6.752288356970556
d max = 0.07672413793103448
d min = 0.07672413793103448
dF max = 0.07672413793103448
dB max = 0.07672413793103448
hk max = 0.03038040786033309
hk min = 0.019267802739743288
hz max = 0.04339210825949779
hz min = 0.018136187530884598
lambdaF max = 0.6500615051478128
lambdaF min = 0.006028620769798678
lambdaB max = 0.6603497924196808
lambdaB min = 0.006028620769798678
----------------------------------
----------------------------------
Iteration = 52
Distance = 3.099121406169303e-5
v max = -1.1236572549776105
v min = -6.752319348184618
d max = 0.07672413793103448
d min = 0.07672413793103448
dF max = 0.07672413793103448
dB max = 0.07672413793103448
hk max = 0.03038040787481913
hk min = 0.019267802742243482
hz max = 0.0433921082924206
hz min = 0.01813618753656685
lambdaF max = 0.6500615056286506
lambdaF min = 0.006028620769798678
lambdaB max = 0.6603497929011425
lambdaB min = 0.006028620769798678
----------------------------------
----------------------------------
Iteration = 53
Distance = 2.582580653864852e-5
v max = -1.1236830790426302
v min = -6.752345173991157
d max = 0.07672413793103448
d min = 0.07672413793103448
dF max = 0.07672413793103448
dB max = 0.07672413793103448
hk max = 0.03038040788455818
hk min = 0.019267802744027878
hz max = 0.0433921083145548
hz min = 0.018136187540622302
lambdaF max = 0.6500615059310534
lambdaF min = 0.006028620769798678
lambdaB max = 0.6603497932051086
lambdaB min = 0.006028620769798678
----------------------------------
----------------------------------
Iteration = 54
Distance = 2.152136751920608e-5
v max = -1.123704599249834
v min = -6.752366695358676
d max = 0.07672413793103448
d min = 0.07672413793103448
dF max = 0.07672413793103448
dB max = 0.07672413793103448
hk max = 0.030380407891102974
hk min = 0.01926780274526734
hz max = 0.04339210832942934
hz min = 0.018136187543439257
lambdaF max = 0.6500615061296371
lambdaF min = 0.006028620769798678
lambdaB max = 0.6603497934063969
lambdaB min = 0.006028620769798678
----------------------------------
----------------------------------
Iteration = 55
Distance = 1.79343802226839e-5
v max = -1.1237225328546672
v min = -6.7523846297388985
d max = 0.07672413793103448
d min = 0.07672413793103448
dF max = 0.07672413793103448
dB max = 0.07672413793103448
hk max = 0.030380407895501314
hk min = 0.019267802746089482
hz max = 0.04339210833942556
hz min = 0.01813618754530777
lambdaF max = 0.6500615062682142
lambdaF min = 0.006028620769798678
lambdaB max = 0.6603497935478814
lambdaB min = 0.006028620769798678
----------------------------------
----------------------------------
Iteration = 56
Distance = 1.4945254539711073e-5
v max = -1.123737477587661
v min = -6.752399574993438
d max = 0.07672413793103448
d min = 0.07672413793103448
dF max = 0.07672413793103448
dB max = 0.07672413793103448
hk max = 0.030380407898458816
hk min = 0.019267802746613848
hz max = 0.043392108346147165
hz min = 0.018136187546499496
lambdaF max = 0.6500615063685339
lambdaF min = 0.006028620769798678
lambdaB max = 0.6603497936504806
lambdaB min = 0.006028620769798678
----------------------------------
----------------------------------
Iteration = 57
Distance = 1.2454336908440666e-5
v max = -1.1237499315715571
v min = -6.752412029330347
d max = 0.07672413793103448
d min = 0.07672413793103448
dF max = 0.07672413793103448
dB max = 0.07672413793103448
hk max = 0.03038040790044713
hk min = 0.019267802746943306
hz max = 0.043392108350666064
hz min = 0.01813618754724827
lambdaF max = 0.6500615064405921
lambdaF min = 0.006028620769798678
lambdaB max = 0.6603497937238377
lambdaB min = 0.006028620769798678
----------------------------------
----------------------------------
Iteration = 58
Distance = 1.0378585942660834e-5
v max = -1.1237603099179876
v min = -6.752422407916289
d max = 0.07672413793103448
d min = 0.07672413793103448
dF max = 0.07672413793103448
dB max = 0.07672413793103448
hk max = 0.03038040790178254
hk min = 0.019267802747155546
hz max = 0.04339210835370108
hz min = 0.018136187547730633
lambdaF max = 0.6500615064902105
lambdaF min = 0.006028620769798678
lambdaB max = 0.6603497937739674
lambdaB min = 0.006028620769798678
----------------------------------
----------------------------------
Iteration = 59
Distance = 8.648802696242797e-6
v max = -1.123768958558657
v min = -6.752431056718986
d max = 0.07672413793103448
d min = 0.07672413793103448
dF max = 0.07672413793103448
dB max = 0.07672413793103448
hk max = 0.030380407902681445
hk min = 0.019267802747300045
hz max = 0.043392108355744044
hz min = 0.018136187548059044
lambdaF max = 0.650061506522552
lambdaF min = 0.006028620769798678
lambdaB max = 0.6603497938064292
lambdaB min = 0.006028620769798678
----------------------------------
    Value Function Converged, Iteration = 59 with gamma=10.0 with rho=1.0 and v=-3.14472411732917
    Reflective boundary condition
=============================================================
Convegence time (minutes): 0.11068483535000001
Current Time = 22:21:47
grid points for z:  401
grid size for z:  0.025
-0.28499090281585837
-0.5317933408119747
--- 8.663324117660522 seconds for the elasticity computation ---
-0.045061821102398515
-0.21194534828834874
--- 0.0635828971862793 seconds for the elasticity computation ---
-0.10351996047210102
-0.31984799252362595
--- 0.0637354850769043 seconds for the elasticity computation ---
-0.36475061631299927
-0.5374372809250517
--- 0.06455206871032715 seconds for the elasticity computation ---
Current Time = 22:21:59
grid points for z:  401
grid size for z:  0.025
rho = 1
0.05975971349714089
--- 8.624236583709717 seconds for the elasticity computation ---
0.0
--- 0.06894826889038086 seconds for the elasticity computation ---
0.05975971349714089
--- 0.06795191764831543 seconds for the elasticity computation ---
0.0
--- 0.06652355194091797 seconds for the elasticity computation ---
0.0
--- 0.06790757179260254 seconds for the elasticity computation ---
0.05975971349714089
0.005643940113077034
--- 0.06650567054748535 seconds for the elasticity computation ---
0.05975971349714089
0.005643940113077034
--- 0.06585383415222168 seconds for the elasticity computation ---
0.05975971349714089
0.005643940113077034
--- 0.06603598594665527 seconds for the elasticity computation ---
0.05975971349714089
0.005643940113077034
--- 0.06597542762756348 seconds for the elasticity computation ---
parsed_args = parse_commandline() = Dict{String, Any}("dataname" => "lower_triangular_four_ambiguous_parameters", "clowerlim" => 0.0001, "delta" => 0.02, "boundary" => 1, "Delta" => 10.0, "q" => 0.1, "zmax" => 5.0, "logadjustment" => 1, "zscale" => 2.0, "foc" => 1, "distorted" => 0, "rho" => 1.0, "gamma" => 10.0)
=============================================================
./output/lower_triangular_four_ambiguous_parameters/Delta_10.0_distorted_0/logadjustment_1_boundary_1/zmax_5.0_zscale_2.0/delta_0.02/q_0.1_gamma_10.0_rho_1.0/
=============================================================
solve for structured linear system 
structured_relative_entropy = 0.10126273019503995
=============================================================
solve for unstructured linear system 
q_update = 0.47053113843619987
=============================================================
parsed_args = parse_commandline() = Dict{String, Any}("dataname" => "lower_triangular_four_ambiguous_parameters", "clowerlim" => 0.0001, "delta" => 0.02, "boundary" => 1, "Delta" => 10.0, "q" => 0.1, "zmax" => 5.0, "logadjustment" => 1, "zscale" => 2.0, "foc" => 1, "distorted" => 0, "rho" => 1.0, "gamma" => 10.0)
=============================================================
./output/lower_triangular_four_ambiguous_parameters/Delta_10.0_distorted_0/logadjustment_1_boundary_1/zmax_5.0_zscale_2.0/delta_0.02/q_0.1_gamma_10.0_rho_1.0/
=============================================================
solve for structured linear system 
structured_relative_entropy = 0.10126273019503994
=============================================================
solve for unstructured linear system 
q_update = 0.4705311384361999
=============================================================
Program ends Fri Jan 19 22:22:40 CST 2024
Elapsed time: 0 days 00 hr 01 min 20 sec
