D_10.0_distorted_0_boundary_1_delta_0.015_gamma_10.0_q_0.1_rho_1.0_lower_triangular_four_ambiguous_parameters
Program starts Fri Jan 19 22:21:12 CST 2024
parsed_args = parse_commandline() = Dict{String, Any}("dataname" => "lower_triangular_four_ambiguous_parameters", "clowerlim" => 0.0001, "delta" => 0.015, "boundary" => 1, "Delta" => 10.0, "q" => 0.1, "zmax" => 5.0, "logadjustment" => 1, "zscale" => 2.0, "foc" => 1, "distorted" => 0, "rho" => 1.0, "gamma" => 10.0)
=============================================================
logadjustment: true
reflective_boundary: true
0.1002
sigma_k: [0.011287880226154068, 0.0]
sigma_z: [0.026030751045638307, 0.05916079783099616]
Compute value function WITH ROBUSTNESS
computing undistorted version...
zmax = 5.0, zmin = -5.0, zlength = 401
reflective boundary condition
----------------------------------
Iteration = 1
Distance = 1.229467332331704
v max = -0.8937352947348556
v min = -3.229467332331704
d max = 0.07607142857142857
d min = 0.07607142857142857
dF max = 0.07607142857142857
dB max = 0.07607142857142857
hk max = 0.011287880226154068
hk min = 0.011287880226154068
hz max = 0.0
hz min = 0.0
lambdaF max = 0.15963473306270162
lambdaF min = 0.006028620769798678
lambdaB max = 0.15963473306270162
lambdaB min = 0.006028620769798678
----------------------------------
----------------------------------
Iteration = 2
Distance = 0.9758865385378757
v max = -0.5922643858205627
v min = -4.20535387086958
d max = 0.07607142857142857
d min = 0.07607142857142857
dF max = 0.07607142857142857
dB max = 0.07607142857142857
hk max = 0.017376944798234765
hk min = 0.015991748740911478
hz max = 0.01383878311836522
hz min = 0.010690610260812302
lambdaF max = 0.31415605317035283
lambdaF min = 0.006028620769798678
lambdaB max = 0.31415605317035283
lambdaB min = 0.006028620769798678
----------------------------------
----------------------------------
Iteration = 3
Distance = 0.693013313274502
v max = -0.4834649098688308
v min = -4.898367184144082
d max = 0.07607142857142857
d min = 0.07607142857142857
dF max = 0.07607142857142857
dB max = 0.07607142857142857
hk max = 0.022108253867246762
hk min = 0.01806873997486845
hz max = 0.02459175827521067
hz min = 0.015411044883441779
lambdaF max = 0.4193626145923433
lambdaF min = 0.006028620769798678
lambdaB max = 0.4229855222940405
lambdaB min = 0.006028620769798678
----------------------------------
----------------------------------
Iteration = 4
Distance = 0.5076366674692689
v max = -0.4700675274462233
v min = -5.406003851613351
d max = 0.07607142857142857
d min = 0.07607142857142857
dF max = 0.07607142857142857
dB max = 0.07607142857142857
hk max = 0.025285812578832875
hk min = 0.01866973290474133
hz max = 0.03181348261972457
hz min = 0.016776937905880137
lambdaF max = 0.4963947044764225
lambdaF min = 0.006028620769798678
lambdaB max = 0.502494315870357
lambdaB min = 0.006028620769798678
----------------------------------
----------------------------------
Iteration = 5
Distance = 0.3833981417056025
v max = -0.49915275199757414
v min = -5.789401993318953
d max = 0.07607142857142857
d min = 0.07607142857142857
dF max = 0.07607142857142857
dB max = 0.07607142857142857
hk max = 0.027437307220871062
hk min = 0.01917546562892885
hz max = 0.03670324316981136
hz min = 0.01792633046085178
lambdaF max = 0.5530164240861726
lambdaF min = 0.006028620769798678
lambdaB max = 0.5610280119106653
lambdaB min = 0.006028620769798678
----------------------------------
----------------------------------
Iteration = 6
Distance = 0.29584063076278344
v max = -0.5466268307266664
v min = -6.0852426240817366
d max = 0.07607142857142857
d min = 0.07607142857142857
dF max = 0.07607142857142857
dB max = 0.07607142857142857
hk max = 0.028912293150928133
hk min = 0.019308629908301102
hz max = 0.040055483919941064
hz min = 0.018228976550334165
lambdaF max = 0.5959018919414022
lambdaF min = 0.006028620769798678
lambdaB max = 0.6052722410449157
lambdaB min = 0.006028620769798678
----------------------------------
----------------------------------
Iteration = 7
Distance = 0.23230311273060789
v max = -0.6031076820101491
v min = -6.317545736812344
d max = 0.07607142857142857
d min = 0.07607142857142857
dF max = 0.07607142857142857
dB max = 0.07607142857142857
hk max = 0.029928310460033275
hk min = 0.019451215035380626
hz max = 0.042364614167907294
hz min = 0.018553033657333087
lambdaF max = 0.6285298693199001
lambdaF min = 0.006028620769798678
lambdaB max = 0.6387713923027083
lambdaB min = 0.006028620769798678
----------------------------------
----------------------------------
Iteration = 8
Distance = 0.1851862575783123
v max = -0.6634424863553209
v min = -6.502731994390657
d max = 0.07607142857142857
d min = 0.07607142857142857
dF max = 0.07607142857142857
dB max = 0.07607142857142857
hk max = 0.030629702598253445
hk min = 0.01951690862825693
hz max = 0.043958687209316775
hz min = 0.018702337277506503
lambdaF max = 0.6528549223795576
lambdaF min = 0.006028620769798678
lambdaB max = 0.6635768932847261
lambdaB min = 0.006028620769798678
----------------------------------
----------------------------------
Iteration = 9
Distance = 0.14959631679629215
v max = -0.7248258236536768
v min = -6.652328311186949
d max = 0.07607142857142857
d min = 0.07607142857142857
dF max = 0.07607142857142857
dB max = 0.07607142857142857
hk max = 0.031114479742887943
hk min = 0.01958488409239889
hz max = 0.04506045344712245
hz min = 0.018856826968738236
lambdaF max = 0.6703012350925514
lambdaF min = 0.006028620769798678
lambdaB max = 0.6812385895125687
lambdaB min = 0.006028620769798678
----------------------------------
----------------------------------
Iteration = 10
Distance = 0.12226223488251442
v max = -0.7850616987617859
v min = -6.774590546069463
d max = 0.07607142857142857
d min = 0.07607142857142857
dF max = 0.07607142857142857
dB max = 0.07607142857142857
hk max = 0.03144978055991185
hk min = 0.019629936086040252
hz max = 0.04582250075854041
hz min = 0.018959217863377696
lambdaF max = 0.6822702065674241
lambdaF min = 0.006028620769798678
lambdaB max = 0.6932796502787867
lambdaB min = 0.006028620769798678
----------------------------------
----------------------------------
Iteration = 11
Distance = 0.10094385761115987
v max = -0.842792313549061
v min = -6.875534403680623
d max = 0.07607142857142857
d min = 0.07607142857142857
dF max = 0.07607142857142857
dB max = 0.07607142857142857
hk max = 0.03168179338854929
hk min = 0.019668474564627815
hz max = 0.046349802641807325
hz min = 0.01904680531471306
lambdaF max = 0.6901981640650964
lambdaF min = 0.006028620769798678
lambdaB max = 0.7012280431591045
lambdaB min = 0.006028620769798678
----------------------------------
----------------------------------
Iteration = 12
Distance = 0.0840787914344423
v max = -0.8969726509805627
v min = -6.9596131951150655
d max = 0.07607142857142857
d min = 0.07607142857142857
dF max = 0.07607142857142857
dB max = 0.07607142857142857
hk max = 0.03184238910456322
hk min = 0.0196966968412116
hz max = 0.046714792905475346
hz min = 0.019110946852403488
lambdaF max = 0.695395936043554
lambdaF min = 0.006028620769798678
lambdaB max = 0.7064456887239463
lambdaB min = 0.006028620769798678
----------------------------------
----------------------------------
Iteration = 13
Distance = 0.07056059166340134
v max = -0.9469514199068633
v min = -7.030173786778467
d max = 0.07607142857142857
d min = 0.07607142857142857
dF max = 0.07607142857142857
dB max = 0.07607142857142857
hk max = 0.03195357818733637
hk min = 0.019718055090015375
hz max = 0.04696749536632343
hz min = 0.019159488326957526
lambdaF max = 0.6988896283971698
lambdaF min = 0.006028620769798678
lambdaB max = 0.709973203039029
lambdaB min = 0.006028620769798678
----------------------------------
----------------------------------
Iteration = 14
Distance = 0.05959480209263823
v max = -0.9923529367971653
v min = -7.089768588871105
d max = 0.07607142857142857
d min = 0.07607142857142857
dF max = 0.07607142857142857
dB max = 0.07607142857142857
hk max = 0.03203057304231459
hk min = 0.019732972587916335
hz max = 0.04714248367309211
hz min = 0.019193391731277886
lambdaF max = 0.7013572611161675
lambdaF min = 0.006028620769798678
lambdaB max = 0.7124811147338052
lambdaB min = 0.006028620769798678
----------------------------------
----------------------------------
Iteration = 15
Distance = 0.05060341630128207
v max = -1.033126882084679
v min = -7.140372005172387
d max = 0.07607142857142857
d min = 0.07607142857142857
dF max = 0.07607142857142857
dB max = 0.07607142857142857
hk max = 0.03208389426694443
hk min = 0.01974295642656042
hz max = 0.04726366827452356
hz min = 0.019216082273650806
lambdaF max = 0.7031714881178489
lambdaF min = 0.006028620769798678
lambdaB max = 0.714329454059394
lambdaB min = 0.006028620769798678
----------------------------------
----------------------------------
Iteration = 16
Distance = 0.04316043074327247
v max = -1.0694395345390055
v min = -7.18353243591566
d max = 0.07607142857142857
d min = 0.07607142857142857
dF max = 0.07607142857142857
dB max = 0.07607142857142857
hk max = 0.03212082207450781
hk min = 0.019749616370379107
hz max = 0.04734759510989487
hz min = 0.01923121850960237
lambdaF max = 0.7045084419693594
lambdaF min = 0.006028620769798678
lambdaB max = 0.71568726172326
lambdaB min = 0.006028620769798678
----------------------------------
----------------------------------
Iteration = 17
Distance = 0.03694778981787561
v max = -1.1016059514439507
v min = -7.220480225733535
d max = 0.07607142857142857
d min = 0.07607142857142857
dF max = 0.07607142857142857
dB max = 0.07607142857142857
hk max = 0.032146396947375935
hk min = 0.019754006830676043
hz max = 0.04740571982095881
hz min = 0.019241196828459036
lambdaF max = 0.7054592371344198
lambdaF min = 0.006028620769798678
lambdaB max = 0.7166462751054832
lambdaB min = 0.006028620769798678
----------------------------------
----------------------------------
Iteration = 18
Distance = 0.031724913343715855
v max = -1.129998538858028
v min = -7.252205139077251
d max = 0.07607142857142857
d min = 0.07607142857142857
dF max = 0.07607142857142857
dB max = 0.07607142857142857
hk max = 0.032164109758941045
hk min = 0.019757111138698935
hz max = 0.04744597621087951
hz min = 0.019248252073965615
lambdaF max = 0.706099440162381
lambdaF min = 0.006028620769798678
lambdaB max = 0.7172872686133249
lambdaB min = 0.006028620769798678
----------------------------------
----------------------------------
Iteration = 19
Distance = 0.027307396056864164
v max = -1.154998764676174
v min = -7.279512535134115
d max = 0.07607142857142857
d min = 0.07607142857142857
dF max = 0.07607142857142857
dB max = 0.07607142857142857
hk max = 0.0321763782495582
hk min = 0.01975933149429232
hz max = 0.047473859144100315
hz min = 0.019253298336677854
lambdaF max = 0.7065105652372597
lambdaF min = 0.006028620769798678
lambdaB max = 0.7176973069854575
lambdaB min = 0.006028620769798678
----------------------------------
----------------------------------
Iteration = 20
Distance = 0.023551984642868895
v max = -1.1769637900157686
v min = -7.303064519776984
d max = 0.07607142857142857
d min = 0.07607142857142857
dF max = 0.07607142857142857
dB max = 0.07607142857142857
hk max = 0.03218487660884431
hk min = 0.019760995104386204
hz max = 0.04749317359702329
hz min = 0.019257079268709405
lambdaF max = 0.7067723164661069
lambdaF min = 0.006028620769798678
lambdaB max = 0.7179593192937213
lambdaB min = 0.006028620769798678
----------------------------------
----------------------------------
Iteration = 21
Distance = 0.020345903611136862
v max = -1.1962212225179811
v min = -7.323410423388121
d max = 0.07607142857142857
d min = 0.07607142857142857
dF max = 0.07607142857142857
dB max = 0.07607142857142857
hk max = 0.03219076388780755
hk min = 0.01976217738361412
hz max = 0.047506553776485196
hz min = 0.01925976626695466
lambdaF max = 0.7069478659724207
lambdaF min = 0.006028620769798678
lambdaB max = 0.7181369910500964
lambdaB min = 0.006028620769798678
----------------------------------
----------------------------------
Iteration = 22
Distance = 0.017599221545845367
v max = -1.213071029518942
v min = -7.341009644933966
d max = 0.07607142857142857
d min = 0.07607142857142857
dF max = 0.07607142857142857
dB max = 0.07607142857142857
hk max = 0.03219484246075571
hk min = 0.019762996029311086
hz max = 0.047515823260458286
hz min = 0.01926162682535687
lambdaF max = 0.7070763242480462
lambdaF min = 0.006028620769798678
lambdaB max = 0.718268359270385
lambdaB min = 0.006028620769798678
----------------------------------
----------------------------------
Iteration = 23
Distance = 0.015239353822198431
v max = -1.2277900120509042
v min = -7.356248998756165
d max = 0.07607142857142857
d min = 0.07607142857142857
dF max = 0.07607142857142857
dB max = 0.07607142857142857
hk max = 0.03219766791252536
hk min = 0.01976352457608314
hz max = 0.047522244741752935
hz min = 0.019262828068020623
lambdaF max = 0.707175602906913
lambdaF min = 0.006028620769798678
lambdaB max = 0.7183700675586692
lambdaB min = 0.006028620769798678
----------------------------------
----------------------------------
Iteration = 24
Distance = 0.013207069226455204
v max = -1.2406326790560935
v min = -7.36945606798262
d max = 0.07607142857142857
d min = 0.07607142857142857
dF max = 0.07607142857142857
dB max = 0.07607142857142857
hk max = 0.03219962511365143
hk min = 0.019763865256280384
hz max = 0.047526692926130376
hz min = 0.019263602341196173
lambdaF max = 0.707251236163018
lambdaF min = 0.006028620769798678
lambdaB max = 0.7184470152683989
lambdaB min = 0.006028620769798678
----------------------------------
----------------------------------
Iteration = 25
Distance = 0.011453556540297782
v max = -1.2518304215103313
v min = -7.380909624522918
d max = 0.07607142857142857
d min = 0.07607142857142857
dF max = 0.07607142857142857
dB max = 0.07607142857142857
hk max = 0.032200980787906494
hk min = 0.019764088014897797
hz max = 0.04752977400398279
hz min = 0.019264108610781202
lambdaF max = 0.7073050338156239
lambdaF min = 0.006028620769798678
lambdaB max = 0.7185011124294362
lambdaB min = 0.006028620769798678
----------------------------------
----------------------------------
Iteration = 26
Distance = 0.009938241454404917
v max = -1.2615901270506371
v min = -7.390847865977323
d max = 0.07607142857142857
d min = 0.07607142857142857
dF max = 0.07607142857142857
dB max = 0.07607142857142857
hk max = 0.03220191980725435
hk min = 0.019764247729641894
hz max = 0.04753190813886428
hz min = 0.019264471598835976
lambdaF max = 0.7073399529572048
lambdaF min = 0.006028620769798678
lambdaB max = 0.7185358099599446
lambdaB min = 0.006028620769798678
----------------------------------
----------------------------------
Iteration = 27
Distance = 0.008627139647429338
v max = -1.2700940909639065
v min = -7.399475005624752
d max = 0.07607142857142857
d min = 0.07607142857142857
dF max = 0.07607142857142857
dB max = 0.07607142857142857
hk max = 0.03220257027802747
hk min = 0.019764368731416543
hz max = 0.047533386481530465
hz min = 0.019264746602869268
lambdaF max = 0.7073609274610291
lambdaF min = 0.006028620769798678
lambdaB max = 0.7185565244491547
lambdaB min = 0.006028620769798678
----------------------------------
----------------------------------
Iteration = 28
Distance = 0.00749159823844181
v max = -1.277501613103038
v min = -7.406966603863194
d max = 0.07607142857142857
d min = 0.07607142857142857
dF max = 0.07607142857142857
dB max = 0.07607142857142857
hk max = 0.03220302092406468
hk min = 0.01976446163167967
hz max = 0.04753441067706957
hz min = 0.019264957739830918
lambdaF max = 0.7073734224382374
lambdaF min = 0.006028620769798678
lambdaB max = 0.718568966290255
lambdaB min = 0.006028620769798678
----------------------------------
----------------------------------
Iteration = 29
Distance = 0.006507322667590465
v max = -1.2839517104512774
v min = -7.413473926530784
d max = 0.07607142857142857
d min = 0.07607142857142857
dF max = 0.07607142857142857
dB max = 0.07607142857142857
hk max = 0.032203333163653536
hk min = 0.019764528919719207
hz max = 0.047535120312498805
hz min = 0.019265110667193507
lambdaF max = 0.7073817474529702
lambdaF min = 0.006028620769798678
lambdaB max = 0.7185774450820906
lambdaB min = 0.006028620769798678
----------------------------------
----------------------------------
Iteration = 30
Distance = 0.00565361584985169
v max = -1.2895660454894389
v min = -7.419127542380636
d max = 0.07607142857142857
d min = 0.07607142857142857
dF max = 0.07607142857142857
dB max = 0.07607142857142857
hk max = 0.032203549508350235
hk min = 0.01976457392200763
hz max = 0.047535612004991304
hz min = 0.01926521294512174
lambdaF max = 0.7073882979946544
lambdaF min = 0.006028620769798678
lambdaB max = 0.71858422964866
lambdaB min = 0.006028620769798678
----------------------------------
----------------------------------
Iteration = 31
Distance = 0.004912776459869761
v max = -1.2944514181266955
v min = -7.424040318840506
d max = 0.07607142857142857
d min = 0.07607142857142857
dF max = 0.07607142857142857
dB max = 0.07607142857142857
hk max = 0.03220369939514914
hk min = 0.01976460162440568
hz max = 0.047535952656806976
hz min = 0.0192652759051173
lambdaF max = 0.707393832666711
lambdaF min = 0.006028620769798678
lambdaB max = 0.7185899533852724
lambdaB min = 0.006028620769798678
----------------------------------
----------------------------------
Iteration = 32
Distance = 0.0042696172283154255
v max = -1.2987016509989637
v min = -7.428309936068821
d max = 0.07607142857142857
d min = 0.07607142857142857
dF max = 0.07607142857142857
dB max = 0.07607142857142857
hk max = 0.032203803222862815
hk min = 0.01976461816907614
hz max = 0.04753618862888352
hz min = 0.01926531350664108
lambdaF max = 0.7073982689215893
lambdaF min = 0.006028620769798678
lambdaB max = 0.7185944781388993
lambdaB min = 0.006028620769798678
----------------------------------
----------------------------------
Iteration = 33
Distance = 0.0037110744429957876
v max = -1.3023989860833771
v min = -7.432021010511817
d max = 0.07607142857142857
d min = 0.07607142857142857
dF max = 0.07607142857142857
dB max = 0.07607142857142857
hk max = 0.032203875136416225
hk min = 0.019764628793404484
hz max = 0.04753635206877763
hz min = 0.019265337652841857
lambdaF max = 0.7074014166591327
lambdaF min = 0.006028620769798678
lambdaB max = 0.71859762824704
lambdaB min = 0.006028620769798678
----------------------------------
----------------------------------
Iteration = 34
Distance = 0.0032258876063249176
v max = -1.305615254403401
v min = -7.435246898118142
d max = 0.07607142857142857
d min = 0.07607142857142857
dF max = 0.07607142857142857
dB max = 0.07607142857142857
hk max = 0.0322039249454179
hk min = 0.01976463674873166
hz max = 0.04753646527105417
hz min = 0.01926535573313089
lambdaF max = 0.7074033422536368
lambdaF min = 0.006028620769798678
lambdaB max = 0.718599517795108
lambdaB min = 0.006028620769798678
----------------------------------
----------------------------------
Iteration = 35
Distance = 0.0028043339575276605
v max = -1.3084129906430362
v min = -7.4380512320756695
d max = 0.07607142857142857
d min = 0.07607142857142857
dF max = 0.07607142857142857
dB max = 0.07607142857142857
hk max = 0.032203959449103356
hk min = 0.019764643349488166
hz max = 0.04753654368852111
hz min = 0.019265370734850226
lambdaF max = 0.7074043705461633
lambdaF min = 0.006028620769798678
lambdaB max = 0.7186005145403307
lambdaB min = 0.006028620769798678
----------------------------------
----------------------------------
Iteration = 36
Distance = 0.002438006678871396
v max = -1.310846551405718
v min = -7.440489238754541
d max = 0.07607142857142857
d min = 0.07607142857142857
dF max = 0.07607142857142857
dB max = 0.07607142857142857
hk max = 0.03220398335554271
hk min = 0.0197646487150911
hz max = 0.04753659802133783
hz min = 0.019265382929402348
lambdaF max = 0.7074049064679674
lambdaF min = 0.006028620769798678
lambdaB max = 0.7186010425695275
lambdaB min = 0.006028620769798678
----------------------------------
----------------------------------
Iteration = 37
Distance = 0.0021196284293294454
v max = -1.3129631926835768
v min = -7.44260886718387
d max = 0.07607142857142857
d min = 0.07607142857142857
dF max = 0.07607142857142857
dB max = 0.07607142857142857
hk max = 0.032203999922124416
hk min = 0.01976465266201729
hz max = 0.04753663567265988
hz min = 0.019265391899689142
lambdaF max = 0.7074052632566709
lambdaF min = 0.006028620769798678
lambdaB max = 0.7186014119901578
lambdaB min = 0.006028620769798678
----------------------------------
----------------------------------
Iteration = 38
Distance = 0.0018428937631522757
v max = -1.314804044602073
v min = -7.444451760947023
d max = 0.07607142857142857
d min = 0.07607142857142857
dF max = 0.07607142857142857
dB max = 0.07607142857142857
hk max = 0.032204011402302946
hk min = 0.019764655190386726
hz max = 0.04753666176397474
hz min = 0.019265397645983322
lambdaF max = 0.707405592640814
lambdaF min = 0.006028620769798678
lambdaB max = 0.7186017611935741
lambdaB min = 0.006028620769798678
----------------------------------
----------------------------------
Iteration = 39
Distance = 0.001602335331243765
v max = -1.3164049427414781
v min = -7.446054096278266
d max = 0.07607142857142857
d min = 0.07607142857142857
dF max = 0.07607142857142857
dB max = 0.07607142857142857
hk max = 0.03220401935625703
hk min = 0.019764656606170473
hz max = 0.047536679841143105
hz min = 0.01926540086367365
lambdaF max = 0.7074059140317857
lambdaF min = 0.006028620769798678
lambdaB max = 0.7186020978154954
lambdaB min = 0.006028620769798678
----------------------------------
----------------------------------
Iteration = 40
Distance = 0.0013932097688247325
v max = -1.3177971181763988
v min = -7.447447306047091
d max = 0.07607142857142857
d min = 0.07607142857142857
dF max = 0.07607142857142857
dB max = 0.07607142857142857
hk max = 0.03220402486558421
hk min = 0.019764657348951158
hz max = 0.04753669236234125
hz min = 0.019265402551811577
lambdaF max = 0.7074061880107165
lambdaF min = 0.006028620769798678
lambdaB max = 0.7186023778055122
lambdaB min = 0.006028620769798678
----------------------------------
----------------------------------
Iteration = 41
Distance = 0.0012113999755234417
v max = -1.3190077739323196
v min = -7.448658706022615
d max = 0.07607142857142857
d min = 0.07607142857142857
dF max = 0.07607142857142857
dB max = 0.07607142857142857
hk max = 0.032204028680895
hk min = 0.01976465780397862
hz max = 0.04753670103350212
hz min = 0.019265403585964895
lambdaF max = 0.7074063796933677
lambdaF min = 0.006028620769798678
lambdaB max = 0.7186025681220459
lambdaB min = 0.006028620769798678
----------------------------------
----------------------------------
Iteration = 42
Distance = 0.0010533311467471052
v max = -1.320060582130902
v min = -7.449712037169362
d max = 0.07607142857142857
d min = 0.07607142857142857
dF max = 0.07607142857142857
dB max = 0.07607142857142857
hk max = 0.03220403132313367
hk min = 0.01976465818722141
hz max = 0.047536707038590004
hz min = 0.019265404456971228
lambdaF max = 0.7074064861812133
lambdaF min = 0.006028620769798678
lambdaB max = 0.7186026704339054
lambdaB min = 0.006028620769798678
----------------------------------
----------------------------------
Iteration = 43
Distance = 0.0009158984341297582
v max = -1.3209761258577772
v min = -7.4506279356034915
d max = 0.07607142857142857
d min = 0.07607142857142857
dF max = 0.07607142857142857
dB max = 0.07607142857142857
hk max = 0.03220403315345051
hk min = 0.019764658556930235
hz max = 0.047536711198401006
hz min = 0.01926540529721857
lambdaF max = 0.7074065316743047
lambdaF min = 0.006028620769798678
lambdaB max = 0.7186027127330611
lambdaB min = 0.006028620769798678
----------------------------------
----------------------------------
Iteration = 44
Distance = 0.0007964045124291275
v max = -1.3217722965466359
v min = -7.451424340115921
d max = 0.07607142857142857
d min = 0.07607142857142857
dF max = 0.07607142857142857
dB max = 0.07607142857142857
hk max = 0.03220403442179624
hk min = 0.01976465888307969
hz max = 0.04753671408100495
hz min = 0.01926540603846733
lambdaF max = 0.7074065483786992
lambdaF min = 0.006028620769798678
lambdaB max = 0.71860272869072
lambdaB min = 0.006028620769798678
----------------------------------
----------------------------------
Iteration = 45
Distance = 0.0006925056283613173
v max = -1.3224646483520175
v min = -7.452116845744282
d max = 0.07607142857142857
d min = 0.07607142857142857
dF max = 0.07607142857142857
dB max = 0.07607142857142857
hk max = 0.03220403530092869
hk min = 0.019764659124542845
hz max = 0.04753671607903324
hz min = 0.019265406587247222
lambdaF max = 0.7074065601733793
lambdaF min = 0.006028620769798678
lambdaB max = 0.7186027416518146
lambdaB min = 0.006028620769798678
----------------------------------
----------------------------------
Iteration = 46
Distance = 0.000602164933329874
v max = -1.323066708623742
v min = -7.452719010677612
d max = 0.07607142857142857
d min = 0.07607142857142857
dF max = 0.07607142857142857
dB max = 0.07607142857142857
hk max = 0.03220403591024946
hk min = 0.019764659269164847
hz max = 0.04753671746385317
hz min = 0.019265406915933588
lambdaF max = 0.7074065767248485
lambdaF min = 0.006028620769798678
lambdaB max = 0.7186027599480581
lambdaB min = 0.006028620769798678
----------------------------------
----------------------------------
Iteration = 47
Distance = 0.0005236120794034349
v max = -1.3235902456748094
v min = -7.453242622757015
d max = 0.07607142857142857
d min = 0.07607142857142857
dF max = 0.07607142857142857
dB max = 0.07607142857142857
hk max = 0.03220403633241977
hk min = 0.01976465933745309
hz max = 0.04753671842333115
hz min = 0.019265407071134142
lambdaF max = 0.7074065967458613
lambdaF min = 0.006028620769798678
lambdaB max = 0.7186027812211423
lambdaB min = 0.006028620769798678
----------------------------------
----------------------------------
Iteration = 48
Distance = 0.0004553082068001757
v max = -1.3240454982455636
v min = -7.453697930963815
d max = 0.07607142857142857
d min = 0.07607142857142857
dF max = 0.07607142857142857
dB max = 0.07607142857142857
hk max = 0.03220403662478358
hk min = 0.019764659364130736
hz max = 0.047536719087794346
hz min = 0.019265407131765163
lambdaF max = 0.7074066148615304
lambdaF min = 0.006028620769798678
lambdaB max = 0.7186027997336223
lambdaB min = 0.006028620769798678
----------------------------------
----------------------------------
Iteration = 49
Distance = 0.0003959155782888857
v max = -1.3244413728797202
v min = -7.454093846542104
d max = 0.07607142857142857
d min = 0.07607142857142857
dF max = 0.07607142857142857
dB max = 0.07607142857142857
hk max = 0.0322040368271932
hk min = 0.01976465937883156
hz max = 0.04753671954781622
hz min = 0.01926540716517612
lambdaF max = 0.7074066271000189
lambdaF min = 0.006028620769798678
lambdaB max = 0.7186028117359141
lambdaB min = 0.006028620769798678
----------------------------------
----------------------------------
Iteration = 50
Distance = 0.00034427122609148597
v max = -1.3247856152673623
v min = -7.454438117768196
d max = 0.07607142857142857
d min = 0.07607142857142857
dF max = 0.07607142857142857
dB max = 0.07607142857142857
hk max = 0.03220403696733802
hk min = 0.019764659396437866
hz max = 0.04753671986632718
hz min = 0.01926540720519045
lambdaF max = 0.7074066329198799
lambdaF min = 0.006028620769798678
lambdaB max = 0.7186028171219886
lambdaB min = 0.006028620769798678
----------------------------------
----------------------------------
Iteration = 51
Distance = 0.00029936407064568016
v max = -1.3250849601900883
v min = -7.454737481838841
d max = 0.07607142857142857
d min = 0.07607142857142857
dF max = 0.07607142857142857
dB max = 0.07607142857142857
hk max = 0.03220403706442055
hk min = 0.01976465941840783
hz max = 0.047536720086969284
hz min = 0.01926540725512219
lambdaF max = 0.7074066343708749
lambdaF min = 0.006028620769798678
lambdaB max = 0.7186028182740403
lambdaB min = 0.006028620769798678
----------------------------------
----------------------------------
Iteration = 52
Distance = 0.00026031504800272387
v max = -1.3253452630929892
v min = -7.454997796886844
d max = 0.07607142857142857
d min = 0.07607142857142857
dF max = 0.07607142857142857
dB max = 0.07607142857142857
hk max = 0.03220403713171348
hk min = 0.019764659439658994
hz max = 0.04753672023990776
hz min = 0.019265407303420294
lambdaF max = 0.7074066341675154
lambdaF min = 0.006028620769798678
lambdaB max = 0.7186028180138788
lambdaB min = 0.006028620769798678
----------------------------------
----------------------------------
Iteration = 53
Distance = 0.00022635984728403002
v max = -1.3255716152288437
v min = -7.455224156734128
d max = 0.07607142857142857
d min = 0.07607142857142857
dF max = 0.07607142857142857
dB max = 0.07607142857142857
hk max = 0.03220403717837509
hk min = 0.019764659455249474
hz max = 0.04753672034595687
hz min = 0.019265407338853194
lambdaF max = 0.7074066341958285
lambdaF min = 0.006028620769798678
lambdaB max = 0.7186028181576211
lambdaB min = 0.006028620769798678
----------------------------------
----------------------------------
Iteration = 54
Distance = 0.00019683391331692945
v max = -1.3257684439105528
v min = -7.455420990647445
d max = 0.07607142857142857
d min = 0.07607142857142857
dF max = 0.07607142857142857
dB max = 0.07607142857142857
hk max = 0.032204037210723596
hk min = 0.019764659463629763
hz max = 0.047536720419476215
hz min = 0.019265407357899306
lambdaF max = 0.7074066350557461
lambdaF min = 0.006028620769798678
lambdaB max = 0.718602819174949
lambdaB min = 0.006028620769798678
----------------------------------
----------------------------------
Iteration = 55
Distance = 0.00017115941533951684
v max = -1.3259395994296017
v min = -7.455592150062785
d max = 0.07607142857142857
d min = 0.07607142857142857
dF max = 0.07607142857142857
dB max = 0.07607142857142857
hk max = 0.032204037233135155
hk min = 0.019764659466452707
hz max = 0.047536720470411575
hz min = 0.019265407364315094
lambdaF max = 0.707406636428246
lambdaF min = 0.006028620769798678
lambdaB max = 0.7186028206515838
lambdaB min = 0.006028620769798678
----------------------------------
----------------------------------
Iteration = 56
Distance = 0.00014883392199127599
v max = -1.3260884303098754
v min = -7.455740983984776
d max = 0.07607142857142857
d min = 0.07607142857142857
dF max = 0.07607142857142857
dB max = 0.07607142857142857
hk max = 0.032204037248650494
hk min = 0.019764659466652
hz max = 0.0475367205056737
hz min = 0.019265407364768034
lambdaF max = 0.707406637720738
lambdaF min = 0.006028620769798678
lambdaB max = 0.7186028219683945
lambdaB min = 0.006028620769798678
----------------------------------
----------------------------------
Iteration = 57
Distance = 0.000129420557849258
v max = -1.326217848555643
v min = -7.455870404542625
d max = 0.07607142857142857
d min = 0.07607142857142857
dF max = 0.07607142857142857
dB max = 0.07607142857142857
hk max = 0.0322040372593874
hk min = 0.019764659466613856
hz max = 0.04753672053007576
hz min = 0.019265407364681332
lambdaF max = 0.707406638542306
lambdaF min = 0.006028620769798678
lambdaB max = 0.7186028227601051
lambdaB min = 0.006028620769798678
----------------------------------
----------------------------------
Iteration = 58
Distance = 0.00011253944633526913
v max = -1.326330386376641
v min = -7.45598294398896
d max = 0.07607142857142857
d min = 0.07607142857142857
dF max = 0.07607142857142857
dB max = 0.07607142857142857
hk max = 0.032204037266818156
hk min = 0.019764659467371264
hz max = 0.04753672054696383
hz min = 0.01926540736640272
lambdaF max = 0.7074066388469908
lambdaF min = 0.006028620769798678
lambdaB max = 0.7186028230220008
lambdaB min = 0.006028620769798678
----------------------------------
----------------------------------
Iteration = 59
Distance = 9.786027062741454e-5
v max = -1.3264282456095986
v min = -7.456080804259588
d max = 0.07607142857142857
d min = 0.07607142857142857
dF max = 0.07607142857142857
dB max = 0.07607142857142857
hk max = 0.032204037271967426
hk min = 0.019764659468804468
hz max = 0.047536720558666735
hz min = 0.019265407369660006
lambdaF max = 0.707406638824854
lambdaF min = 0.006028620769798678
lambdaB max = 0.7186028229730934
lambdaB min = 0.006028620769798678
----------------------------------
----------------------------------
Iteration = 60
Distance = 8.509580591642418e-5
v max = -1.3265133408010588
v min = -7.456165900065504
d max = 0.07607142857142857
d min = 0.07607142857142857
dF max = 0.07607142857142857
dB max = 0.07607142857142857
hk max = 0.032204037275537147
hk min = 0.019764659470306572
hz max = 0.04753672056677973
hz min = 0.019265407373073876
lambdaF max = 0.7074066387136813
lambdaF min = 0.006028620769798678
lambdaB max = 0.7186028228584715
lambdaB min = 0.006028620769798678
----------------------------------
----------------------------------
Iteration = 61
Distance = 7.399629643778383e-5
v max = -1.3265873367312724
v min = -7.456239896361942
d max = 0.07607142857142857
d min = 0.07607142857142857
dF max = 0.07607142857142857
dB max = 0.07607142857142857
hk max = 0.032204037278014686
hk min = 0.01976465947137402
hz max = 0.04753672057241049
hz min = 0.019265407375499893
lambdaF max = 0.7074066386658154
lambdaF min = 0.006028620769798678
lambdaB max = 0.7186028228223034
lambdaB min = 0.006028620769798678
----------------------------------
----------------------------------
Iteration = 62
Distance = 6.434456650072917e-5
v max = -1.3266516810481512
v min = -7.456304240928443
d max = 0.07607142857142857
d min = 0.07607142857142857
dF max = 0.07607142857142857
dB max = 0.07607142857142857
hk max = 0.03220403727973296
hk min = 0.01976465947186162
hz max = 0.047536720576315666
hz min = 0.019265407376608076
lambdaF max = 0.7074066387156035
lambdaF min = 0.006028620769798678
lambdaB max = 0.7186028228864412
lambdaB min = 0.006028620769798678
----------------------------------
----------------------------------
Iteration = 63
Distance = 5.595176995054629e-5
v max = -1.3267076326166722
v min = -7.456360192698393
d max = 0.07607142857142857
d min = 0.07607142857142857
dF max = 0.07607142857142857
dB max = 0.07607142857142857
hk max = 0.03220403728092317
hk min = 0.01976465947192312
hz max = 0.0475367205790207
hz min = 0.019265407376747846
lambdaF max = 0.7074066388199066
lambdaF min = 0.006028620769798678
lambdaB max = 0.7186028229994549
lambdaB min = 0.006028620769798678
----------------------------------
----------------------------------
Iteration = 64
Distance = 4.8653694349809484e-5
v max = -1.326756286139714
v min = -7.456408846392743
d max = 0.07607142857142857
d min = 0.07607142857142857
dF max = 0.07607142857142857
dB max = 0.07607142857142857
hk max = 0.03220403728174624
hk min = 0.01976465947181885
hz max = 0.04753672058089131
hz min = 0.019265407376510866
lambdaF max = 0.7074066389188527
lambdaF min = 0.006028620769798678
lambdaB max = 0.7186028230996346
lambdaB min = 0.006028620769798678
----------------------------------
----------------------------------
Iteration = 65
Distance = 4.230754738721032e-5
v max = -1.3267985935512228
v min = -7.45645115394013
d max = 0.07607142857142857
d min = 0.07607142857142857
dF max = 0.07607142857142857
dB max = 0.07607142857142857
hk max = 0.032204037282314066
hk min = 0.01976465947174625
hz max = 0.04753672058218183
hz min = 0.019265407376345873
lambdaF max = 0.7074066389765347
lambdaF min = 0.006028620769798678
lambdaB max = 0.7186028231539342
lambdaB min = 0.006028620769798678
----------------------------------
----------------------------------
Iteration = 66
Distance = 3.678916267269017e-5
v max = -1.3268353826194375
v min = -7.456487943102803
d max = 0.07607142857142857
d min = 0.07607142857142857
dF max = 0.07607142857142857
dB max = 0.07607142857142857
hk max = 0.03220403728270988
hk min = 0.019764659471777232
hz max = 0.0475367205830814
hz min = 0.019265407376416285
lambdaF max = 0.7074066389905415
lambdaF min = 0.006028620769798678
lambdaB max = 0.718602823163867
lambdaB min = 0.006028620769798678
----------------------------------
----------------------------------
Iteration = 67
Distance = 3.1990569980600014e-5
v max = -1.3268673731331324
v min = -7.456519933672784
d max = 0.07607142857142857
d min = 0.07607142857142857
dF max = 0.07607142857142857
dB max = 0.07607142857142857
hk max = 0.0322040372829827
hk min = 0.019764659471881732
hz max = 0.04753672058370144
hz min = 0.01926540737665379
lambdaF max = 0.7074066389794023
lambdaF min = 0.006028620769798678
lambdaB max = 0.7186028231504026
lambdaB min = 0.006028620769798678
----------------------------------
----------------------------------
Iteration = 68
Distance = 2.781788261163598e-5
v max = -1.3268951909863778
v min = -7.456547751555395
d max = 0.07607142857142857
d min = 0.07607142857142857
dF max = 0.07607142857142857
dB max = 0.07607142857142857
hk max = 0.03220403728317135
hk min = 0.01976465947199664
hz max = 0.04753672058413021
hz min = 0.019265407376914942
lambdaF max = 0.7074066389643869
lambdaF min = 0.006028620769798678
lambdaB max = 0.7186028231352194
lambdaB min = 0.006028620769798678
----------------------------------
----------------------------------
Iteration = 69
Distance = 2.418946012650025e-5
v max = -1.3269193804311086
v min = -7.456571941015522
d max = 0.07607142857142857
d min = 0.07607142857142857
dF max = 0.07607142857142857
dB max = 0.07607142857142857
hk max = 0.03220403728330268
hk min = 0.01976465947207363
hz max = 0.04753672058442866
hz min = 0.019265407377089917
lambdaF max = 0.7074066389578483
lambdaF min = 0.006028620769798678
lambdaB max = 0.7186028231298903
lambdaB min = 0.006028620769798678
----------------------------------
----------------------------------
Iteration = 70
Distance = 2.1034311086687296e-5
v max = -1.3269404147313417
v min = -7.4565929753266085
d max = 0.07607142857142857
d min = 0.07607142857142857
dF max = 0.07607142857142857
dB max = 0.07607142857142857
hk max = 0.03220403728339423
hk min = 0.019764659472101376
hz max = 0.047536720584636746
hz min = 0.01926540737715297
lambdaF max = 0.7074066389613776
lambdaF min = 0.006028620769798678
lambdaB max = 0.7186028231347623
lambdaB min = 0.006028620769798678
----------------------------------
----------------------------------
Iteration = 71
Distance = 1.8290703855505797e-5
v max = -1.3269587054247718
v min = -7.456611266030464
d max = 0.07607142857142857
d min = 0.07607142857142857
dF max = 0.07607142857142857
dB max = 0.07607142857142857
hk max = 0.03220403728345712
hk min = 0.019764659472095596
hz max = 0.04753672058477967
hz min = 0.019265407377139835
lambdaF max = 0.7074066389700433
lambdaF min = 0.006028620769798678
lambdaB max = 0.7186028231441434
lambdaB min = 0.006028620769798678
----------------------------------
----------------------------------
Iteration = 72
Distance = 1.5904958892143384e-5
v max = -1.3269746103735183
v min = -7.456627170989356
d max = 0.07607142857142857
d min = 0.07607142857142857
dF max = 0.07607142857142857
dB max = 0.07607142857142857
hk max = 0.03220403728350058
hk min = 0.019764659472079178
hz max = 0.04753672058487845
hz min = 0.019265407377102528
lambdaF max = 0.7074066389780314
lambdaF min = 0.006028620769798678
lambdaB max = 0.7186028231521367
lambdaB min = 0.006028620769798678
----------------------------------
----------------------------------
Iteration = 73
Distance = 1.3830398347458583e-5
v max = -1.326988440763428
v min = -7.456641001387704
d max = 0.07607142857142857
d min = 0.07607142857142857
dF max = 0.07607142857142857
dB max = 0.07607142857142857
hk max = 0.032204037283529253
hk min = 0.01976465947206947
hz max = 0.047536720584943605
hz min = 0.01926540737708046
lambdaF max = 0.7074066389822224
lambdaF min = 0.006028620769798678
lambdaB max = 0.7186028231559838
lambdaB min = 0.006028620769798678
----------------------------------
----------------------------------
Iteration = 74
Distance = 1.202643287268046e-5
v max = -1.3270004671905902
v min = -7.456653027820576
d max = 0.07607142857142857
d min = 0.07607142857142857
dF max = 0.07607142857142857
dB max = 0.07607142857142857
hk max = 0.03220403728355052
hk min = 0.019764659472070855
hz max = 0.04753672058499195
hz min = 0.019265407377083613
lambdaF max = 0.7074066389826793
lambdaF min = 0.006028620769798678
lambdaB max = 0.7186028231560311
lambdaB min = 0.006028620769798678
----------------------------------
----------------------------------
Iteration = 75
Distance = 1.0457767381844008e-5
v max = -1.3270109249549416
v min = -7.456663485587958
d max = 0.07607142857142857
d min = 0.07607142857142857
dF max = 0.07607142857142857
dB max = 0.07607142857142857
hk max = 0.032204037283566245
hk min = 0.019764659472079407
hz max = 0.047536720585027684
hz min = 0.019265407377103052
lambdaF max = 0.7074066389810723
lambdaF min = 0.006028620769798678
lambdaB max = 0.7186028231542653
lambdaB min = 0.006028620769798678
----------------------------------
----------------------------------
Iteration = 76
Distance = 9.093710547247724e-6
v max = -1.3270200186642551
v min = -7.456672579298505
d max = 0.07607142857142857
d min = 0.07607142857142857
dF max = 0.07607142857142857
dB max = 0.07607142857142857
hk max = 0.03220403728357734
hk min = 0.019764659472088657
hz max = 0.0475367205850529
hz min = 0.01926540737712407
lambdaF max = 0.7074066389794337
lambdaF min = 0.006028620769798678
lambdaB max = 0.7186028231526255
lambdaB min = 0.006028620769798678
----------------------------------
    Value Function Converged, Iteration = 76 with gamma=10.0 with rho=1.0 and v=-3.5035304259778677
    Reflective boundary condition
=============================================================
Convegence time (minutes): 0.11108874953333332
Current Time = 22:21:39
grid points for z:  401
grid size for z:  0.025
-0.3008528385491689
-0.5454525372836546
--- 8.433181047439575 seconds for the elasticity computation ---
-0.05136327300424082
-0.22597123229224675
--- 0.06759023666381836 seconds for the elasticity computation ---
-0.10370171992702923
-0.31948130499140787
--- 0.06584429740905762 seconds for the elasticity computation ---
-0.37520743963619774
-0.5510964773967316
--- 0.0653848648071289 seconds for the elasticity computation ---
Current Time = 22:21:50
grid points for z:  401
grid size for z:  0.025
rho = 1
0.05935460108702888
--- 8.575379610061646 seconds for the elasticity computation ---
0.0
--- 0.06928539276123047 seconds for the elasticity computation ---
0.05935460108702888
--- 0.0683741569519043 seconds for the elasticity computation ---
0.0
--- 0.06824731826782227 seconds for the elasticity computation ---
0.0
--- 0.06843066215515137 seconds for the elasticity computation ---
0.05935460108702888
0.005643940113077034
--- 0.06811022758483887 seconds for the elasticity computation ---
0.05935460108702888
0.005643940113077034
--- 0.06801056861877441 seconds for the elasticity computation ---
0.05935460108702888
0.005643940113077034
--- 0.06791877746582031 seconds for the elasticity computation ---
0.05935460108702888
0.005643940113077034
--- 0.06782913208007812 seconds for the elasticity computation ---
parsed_args = parse_commandline() = Dict{String, Any}("dataname" => "lower_triangular_four_ambiguous_parameters", "clowerlim" => 0.0001, "delta" => 0.015, "boundary" => 1, "Delta" => 10.0, "q" => 0.1, "zmax" => 5.0, "logadjustment" => 1, "zscale" => 2.0, "foc" => 1, "distorted" => 0, "rho" => 1.0, "gamma" => 10.0)
=============================================================
./output/lower_triangular_four_ambiguous_parameters/Delta_10.0_distorted_0/logadjustment_1_boundary_1/zmax_5.0_zscale_2.0/delta_0.015/q_0.1_gamma_10.0_rho_1.0/
=============================================================
solve for structured linear system 
structured_relative_entropy = 0.10126263688232853
=============================================================
solve for unstructured linear system 
q_update = 0.5109604936935129
=============================================================
parsed_args = parse_commandline() = Dict{String, Any}("dataname" => "lower_triangular_four_ambiguous_parameters", "clowerlim" => 0.0001, "delta" => 0.015, "boundary" => 1, "Delta" => 10.0, "q" => 0.1, "zmax" => 5.0, "logadjustment" => 1, "zscale" => 2.0, "foc" => 1, "distorted" => 0, "rho" => 1.0, "gamma" => 10.0)
=============================================================
./output/lower_triangular_four_ambiguous_parameters/Delta_10.0_distorted_0/logadjustment_1_boundary_1/zmax_5.0_zscale_2.0/delta_0.015/q_0.1_gamma_10.0_rho_1.0/
=============================================================
solve for structured linear system 
structured_relative_entropy = 0.1012626368823285
=============================================================
solve for unstructured linear system 
q_update = 0.5109604936935129
=============================================================
Program ends Fri Jan 19 22:22:32 CST 2024
Elapsed time: 0 days 00 hr 01 min 20 sec
