D_10.0_distorted_0_boundary_0_delta_0.01_gamma_6.0_q_0.1_rho_1.0_lower_triangular_two_ambiguous_parameters
Program starts Fri Jan 19 22:23:05 CST 2024
parsed_args = parse_commandline() = Dict{String, Any}("dataname" => "lower_triangular_two_ambiguous_parameters", "clowerlim" => 0.0001, "delta" => 0.01, "boundary" => 0, "Delta" => 10.0, "q" => 0.1, "zmax" => 5.0, "logadjustment" => 1, "zscale" => 2.0, "foc" => 1, "distorted" => 0, "rho" => 1.0, "gamma" => 6.0)
=============================================================
logadjustment: true
reflective_boundary: false
0.0922
sigma_k: [0.011287880226154068, 0.0]
sigma_z: [0.026030751045638307, 0.05916079783099616]
Compute value function WITH ROBUSTNESS
computing undistorted version...
zmax = 5.0, zmin = -5.0, zlength = 401
natural boundary condition
----------------------------------
Iteration = 1
Distance = 1.2251423342084298
v max = -0.8155037799915584
v min = -3.2251423342084298
d max = 0.07611111111111112
d min = 0.07611111111111112
dF max = 0.07611111111111112
dB max = 0.07611111111111112
hk max = 0.011287880226154068
hk min = 0.011287880226154068
hz max = 0.0
hz min = 0.0
lambdaF max = Inf
lambdaF min = 0.004177590819662044
lambdaB max = Inf
lambdaB min = 0.004177590819662044
----------------------------------
----------------------------------
Iteration = 2
Distance = 1.068510155128159
v max = -0.6199539482813072
v min = -4.293652489336589
d max = 0.07611111111111112
d min = 0.07611111111111112
dF max = 0.07611111111111112
dB max = 0.07611111111111112
hk max = 0.017560350357634643
hk min = 0.017560350357632332
hz max = 0.014255613935183127
hz min = 0.014255613935177873
lambdaF max = Inf
lambdaF min = 0.004177590819662044
lambdaB max = Inf
lambdaB min = 0.004177590819662044
----------------------------------
----------------------------------
Iteration = 3
Distance = 0.7908816953984434
v max = -0.5344124142490283
v min = -5.084534184735032
d max = 0.07611111111111112
d min = 0.07611111111111112
dF max = 0.07611111111111112
dB max = 0.07611111111111112
hk max = 0.02298115683707587
hk min = 0.018720430043019202
hz max = 0.026575628661185922
hz min = 0.01689215867469349
lambdaF max = Inf
lambdaF min = 0.004177590819662044
lambdaB max = Inf
lambdaB min = 0.004177590819662044
----------------------------------
----------------------------------
Iteration = 4
Distance = 0.5998160206860925
v max = -0.5195094714551318
v min = -5.684350205421125
d max = 0.07611111111111112
d min = 0.07611111111111112
dF max = 0.07611111111111112
dB max = 0.07611111111111112
hk max = 0.026883460594908412
hk min = 0.019313110666670526
hz max = 0.03544450083807806
hz min = 0.018239160092082856
lambdaF max = Inf
lambdaF min = 0.004177590819662044
lambdaB max = Inf
lambdaB min = 0.004177590819662044
----------------------------------
----------------------------------
Iteration = 5
Distance = 0.46781340710020736
v max = -0.5323667265944795
v min = -6.152163612521332
d max = 0.07611111111111112
d min = 0.07611111111111112
dF max = 0.07611111111111112
dB max = 0.07611111111111112
hk max = 0.029722088525516246
hk min = 0.01954751734414656
hz max = 0.041895927953095866
hz min = 0.018771902540892033
lambdaF max = Inf
lambdaF min = 0.004177590819662044
lambdaB max = Inf
lambdaB min = 0.004177590819662044
----------------------------------
----------------------------------
Iteration = 6
Distance = 0.3712195807555192
v max = -0.5595286595685094
v min = -6.523383193276851
d max = 0.07611111111111112
d min = 0.07611111111111112
dF max = 0.07611111111111112
dB max = 0.07611111111111112
hk max = 0.031821119254775654
hk min = 0.019661314866745785
hz max = 0.04666645233777635
hz min = 0.019030533274072083
lambdaF max = Inf
lambdaF min = 0.004177590819662044
lambdaB max = Inf
lambdaB min = 0.004177590819662044
----------------------------------
----------------------------------
Iteration = 7
Distance = 0.29864202182777966
v max = -0.5962354020901307
v min = -6.822025215104631
d max = 0.07611111111111112
d min = 0.07611111111111112
dF max = 0.07611111111111112
dB max = 0.07611111111111112
hk max = 0.033382643841754156
hk min = 0.019738741994160754
hz max = 0.050215371853636566
hz min = 0.019206504018197016
lambdaF max = Inf
lambdaF min = 0.004177590819662044
lambdaB max = Inf
lambdaB min = 0.004177590819662044
----------------------------------
----------------------------------
Iteration = 8
Distance = 0.24320756579939307
v max = -0.6396859451165013
v min = -7.065232780904024
d max = 0.07611111111111112
d min = 0.07611111111111112
dF max = 0.07611111111111112
dB max = 0.07611111111111112
hk max = 0.034547503123825984
hk min = 0.019803217129885017
hz max = 0.052862779312890726
hz min = 0.019353038417570346
lambdaF max = Inf
lambdaF min = 0.004177590819662044
lambdaB max = Inf
lambdaB min = 0.004177590819662044
----------------------------------
----------------------------------
Iteration = 9
Distance = 0.20031998027858844
v max = -0.6875046233643904
v min = -7.2655527611826125
d max = 0.07611111111111112
d min = 0.07611111111111112
dF max = 0.07611111111111112
dB max = 0.07611111111111112
hk max = 0.0354177694102417
hk min = 0.01985643687558917
hz max = 0.05484065723656282
hz min = 0.019473992385079773
lambdaF max = Inf
lambdaF min = 0.004177590819662044
lambdaB max = Inf
lambdaB min = 0.004177590819662044
----------------------------------
----------------------------------
Iteration = 10
Distance = 0.16676162174974163
v max = -0.7379816157105299
v min = -7.432314382932354
d max = 0.07611111111111112
d min = 0.07611111111111112
dF max = 0.07611111111111112
dB max = 0.07611111111111112
hk max = 0.03606853623292744
hk min = 0.019900325829323637
hz max = 0.05631967274266677
hz min = 0.01957374000720357
lambdaF max = Inf
lambdaF min = 0.004177590819662044
lambdaB max = Inf
lambdaB min = 0.004177590819662044
----------------------------------
----------------------------------
Iteration = 11
Distance = 0.1402218560561277
v max = -0.7898574765457405
v min = -7.572536238988482
d max = 0.07611111111111112
d min = 0.07611111111111112
dF max = 0.07611111111111112
dB max = 0.07611111111111112
hk max = 0.036555447330265535
hk min = 0.01993797796049379
hz max = 0.05742628887298061
hz min = 0.019659313032590286
lambdaF max = Inf
lambdaF min = 0.004177590819662044
lambdaB max = Inf
lambdaB min = 0.004177590819662044
----------------------------------
----------------------------------
Iteration = 12
Distance = 0.11901388431505389
v max = -0.8420160617085501
v min = -7.691550123303536
d max = 0.07611111111111112
d min = 0.07611111111111112
dF max = 0.07611111111111112
dB max = 0.07611111111111112
hk max = 0.0369198980791447
hk min = 0.01996991631183249
hz max = 0.058254586029524165
hz min = 0.019731900194723696
lambdaF max = Inf
lambdaF min = 0.004177590819662044
lambdaB max = Inf
lambdaB min = 0.004177590819662044
----------------------------------
----------------------------------
Iteration = 13
Distance = 0.10189179108300905
v max = -0.8935199959207412
v min = -7.793441914386545
d max = 0.07611111111111112
d min = 0.07611111111111112
dF max = 0.07611111111111112
dB max = 0.07611111111111112
hk max = 0.03719275751537215
hk min = 0.01999620062608467
hz max = 0.058874721111859284
hz min = 0.01979163727256955
lambdaF max = Inf
lambdaF min = 0.004177590819662044
lambdaB max = Inf
lambdaB min = 0.004177590819662044
----------------------------------
----------------------------------
Iteration = 14
Distance = 0.08792695097084824
v max = -0.9436276023426727
v min = -7.881368865357393
d max = 0.07611111111111112
d min = 0.07611111111111112
dF max = 0.07611111111111112
dB max = 0.07611111111111112
hk max = 0.03739707972726948
hk min = 0.020017610156137525
hz max = 0.0593390897752623
hz min = 0.019840295295416952
lambdaF max = Inf
lambdaF min = 0.004177590819662044
lambdaB max = Inf
lambdaB min = 0.004177590819662044
----------------------------------
----------------------------------
Iteration = 15
Distance = 0.07642203660867697
v max = -0.9917491305980846
v min = -7.95779090196607
d max = 0.07611111111111112
d min = 0.07611111111111112
dF max = 0.07611111111111112
dB max = 0.07611111111111112
hk max = 0.037550099081769275
hk min = 0.02003461899160331
hz max = 0.059686861035489126
hz min = 0.01987895173965737
lambdaF max = Inf
lambdaF min = 0.004177590819662044
lambdaB max = Inf
lambdaB min = 0.004177590819662044
----------------------------------
----------------------------------
Iteration = 16
Distance = 0.06684994704171299
v max = -1.0374601427227608
v min = -8.024640849007783
d max = 0.07611111111111112
d min = 0.07611111111111112
dF max = 0.07611111111111112
dB max = 0.07611111111111112
hk max = 0.03766470753866395
hk min = 0.020047739573021004
hz max = 0.05994733480115885
hz min = 0.019908771242879403
lambdaF max = Inf
lambdaF min = 0.004177590819662044
lambdaB max = Inf
lambdaB min = 0.004177590819662044
----------------------------------
----------------------------------
Iteration = 17
Distance = 0.05880978909062051
v max = -1.0804929001161014
v min = -8.083450638098403
d max = 0.07611111111111112
d min = 0.07611111111111112
dF max = 0.07611111111111112
dB max = 0.07611111111111112
hk max = 0.037750552829217965
hk min = 0.020057709188935152
hz max = 0.06014243773423613
hz min = 0.019931429460866106
lambdaF max = Inf
lambdaF min = 0.004177590819662044
lambdaB max = Inf
lambdaB min = 0.004177590819662044
----------------------------------
----------------------------------
Iteration = 18
Distance = 0.05199480315055638
v max = -1.120707291348603
v min = -8.13544544124896
d max = 0.07611111111111112
d min = 0.07611111111111112
dF max = 0.07611111111111112
dB max = 0.07611111111111112
hk max = 0.037814856912773843
hk min = 0.020065140624606077
hz max = 0.060288583378681315
hz min = 0.019948319087390934
lambdaF max = Inf
lambdaF min = 0.004177590819662044
lambdaB max = Inf
lambdaB min = 0.004177590819662044
----------------------------------
----------------------------------
Iteration = 19
Distance = 0.04616880022229353
v max = -1.15807083220805
v min = -8.181614241471253
d max = 0.07611111111111112
d min = 0.07611111111111112
dF max = 0.07611111111111112
dB max = 0.07611111111111112
hk max = 0.03786302698421362
hk min = 0.020070614716347315
hz max = 0.060398060813771734
hz min = 0.019960760204984652
lambdaF max = Inf
lambdaF min = 0.004177590819662044
lambdaB max = Inf
lambdaB min = 0.004177590819662044
----------------------------------
----------------------------------
Iteration = 20
Distance = 0.04114874174080896
v max = -1.1926300278610358
v min = -8.222762983212062
d max = 0.07611111111111112
d min = 0.07611111111111112
dF max = 0.07611111111111112
dB max = 0.07611111111111112
hk max = 0.037899112100816694
hk min = 0.02007464558712202
hz max = 0.060480072442415066
hz min = 0.01996992127492717
lambdaF max = Inf
lambdaF min = 0.004177590819662044
lambdaB max = Inf
lambdaB min = 0.004177590819662044
----------------------------------
----------------------------------
Iteration = 21
Distance = 0.03679179549764733
v max = -1.224484573874145
v min = -8.25955477870971
d max = 0.07611111111111112
d min = 0.07611111111111112
dF max = 0.07611111111111112
dB max = 0.07611111111111112
hk max = 0.03792614466413695
hk min = 0.02007760915625531
hz max = 0.06054151008632473
hz min = 0.019976656659321006
lambdaF max = Inf
lambdaF min = 0.004177590819662044
lambdaB max = Inf
lambdaB min = 0.004177590819662044
----------------------------------
----------------------------------
Iteration = 22
Distance = 0.03298567701369315
v max = -1.253768417111767
v min = -8.292540455723403
d max = 0.07611111111111112
d min = 0.07611111111111112
dF max = 0.07611111111111112
dB max = 0.07611111111111112
hk max = 0.03794639590110717
hk min = 0.020079804502535867
hz max = 0.06058753562489341
hz min = 0.019981646082685916
lambdaF max = Inf
lambdaF min = 0.004177590819662044
lambdaB max = Inf
lambdaB min = 0.004177590819662044
----------------------------------
----------------------------------
Iteration = 23
Distance = 0.02964141612389959
v max = -1.2806334598092655
v min = -8.322181871847302
d max = 0.07611111111111112
d min = 0.07611111111111112
dF max = 0.07611111111111112
dB max = 0.07611111111111112
hk max = 0.037961567058312565
hk min = 0.020081443273721834
hz max = 0.060622015527632966
hz min = 0.019985370562654016
lambdaF max = Inf
lambdaF min = 0.004177590819662044
lambdaB max = Inf
lambdaB min = 0.004177590819662044
----------------------------------
----------------------------------
Iteration = 24
Distance = 0.026687921874970044
v max = -1.3052393132512135
v min = -8.348869793722272
d max = 0.07611111111111112
d min = 0.07611111111111112
dF max = 0.07611111111111112
dB max = 0.07611111111111112
hk max = 0.03797293251725839
hk min = 0.02008267195656547
hz max = 0.06064784611614618
hz min = 0.01998816302366228
lambdaF max = Inf
lambdaF min = 0.004177590819662044
lambdaB max = Inf
lambdaB min = 0.004177590819662044
----------------------------------
----------------------------------
Iteration = 25
Distance = 0.02406788583147268
v max = -1.3277464266513694
v min = -8.372937679553745
d max = 0.07611111111111112
d min = 0.07611111111111112
dF max = 0.07611111111111112
dB max = 0.07611111111111112
hk max = 0.03798144694091924
hk min = 0.02008359902018999
hz max = 0.06066719707901177
hz min = 0.01999026998644528
lambdaF max = Inf
lambdaF min = 0.004177590819662044
lambdaB max = Inf
lambdaB min = 0.004177590819662044
----------------------------------
----------------------------------
Iteration = 26
Distance = 0.0217346846137616
v max = -1.3483116056766329
v min = -8.394672364167507
d max = 0.07611111111111112
d min = 0.07611111111111112
dF max = 0.07611111111111112
dB max = 0.07611111111111112
hk max = 0.03798782550502708
hk min = 0.020084298127388364
hz max = 0.06068169381562048
hz min = 0.01999185886644159
lambdaF max = Inf
lambdaF min = 0.004177590819662044
lambdaB max = Inf
lambdaB min = 0.004177590819662044
----------------------------------
----------------------------------
Iteration = 27
Distance = 0.019650030457011525
v max = -1.367085676941941
v min = -8.414322394624518
d max = 0.07611111111111112
d min = 0.07611111111111112
dF max = 0.07611111111111112
dB max = 0.07611111111111112
hk max = 0.03799260398434987
hk min = 0.02008482517081587
hz max = 0.06069255399589957
hz min = 0.01999305669241319
lambdaF max = Inf
lambdaF min = 0.004177590819662044
lambdaB max = Inf
lambdaB min = 0.004177590819662044
----------------------------------
----------------------------------
Iteration = 28
Distance = 0.01778218308132473
v max = -1.3842119276113192
v min = -8.432104577705843
d max = 0.07611111111111112
d min = 0.07611111111111112
dF max = 0.07611111111111112
dB max = 0.07611111111111112
hk max = 0.037996183757824306
hk min = 0.020085221741134668
hz max = 0.060700689844705086
hz min = 0.019993957988592277
lambdaF max = Inf
lambdaF min = 0.004177590819662044
lambdaB max = Inf
lambdaB min = 0.004177590819662044
----------------------------------
----------------------------------
Iteration = 29
Distance = 0.016104583700034425
v max = -1.3998253766602042
v min = -8.448209161405877
d max = 0.07611111111111112
d min = 0.07611111111111112
dF max = 0.07611111111111112
dB max = 0.07611111111111112
hk max = 0.0379988655211569
hk min = 0.020085518983182872
hz max = 0.060706784761370085
hz min = 0.01999463353870183
lambdaF max = Inf
lambdaF min = 0.004177590819662044
lambdaB max = Inf
lambdaB min = 0.004177590819662044
----------------------------------
----------------------------------
Iteration = 30
Distance = 0.014594807180550617
v max = -1.4140524273179294
v min = -8.462803968586428
d max = 0.07611111111111112
d min = 0.07611111111111112
dF max = 0.07611111111111112
dB max = 0.07611111111111112
hk max = 0.038000874542021265
hk min = 0.020085741596759812
hz max = 0.06071135071788
hz min = 0.019995139478649424
lambdaF max = Inf
lambdaF min = 0.004177590819662044
lambdaB max = Inf
lambdaB min = 0.004177590819662044
----------------------------------
----------------------------------
Iteration = 31
Distance = 0.013233754507693263
v max = -1.4270107638378817
v min = -8.476037723094121
d max = 0.07611111111111112
d min = 0.07611111111111112
dF max = 0.07611111111111112
dB max = 0.07611111111111112
hk max = 0.03800237958027579
hk min = 0.020085907879918846
hz max = 0.060714771259367556
hz min = 0.019995517394919952
lambdaF max = Inf
lambdaF min = 0.004177590819662044
lambdaB max = Inf
lambdaB min = 0.004177590819662044
----------------------------------
----------------------------------
Iteration = 32
Distance = 0.012005027170031823
v max = -1.4388094941487497
v min = -8.488042750264153
d max = 0.07611111111111112
d min = 0.07611111111111112
dF max = 0.07611111111111112
dB max = 0.07611111111111112
hk max = 0.038003507062445124
hk min = 0.020086032122221015
hz max = 0.06071733371884332
hz min = 0.01999579976378852
lambdaF max = Inf
lambdaF min = 0.004177590819662044
lambdaB max = Inf
lambdaB min = 0.004177590819662044
----------------------------------
----------------------------------
Iteration = 33
Distance = 0.01089443962460912
v max = -1.4495493863939217
v min = -8.498937189888762
d max = 0.07611111111111112
d min = 0.07611111111111112
dF max = 0.07611111111111112
dB max = 0.07611111111111112
hk max = 0.03800435170083962
hk min = 0.020086124985518573
hz max = 0.06071925335155809
hz min = 0.01999601081673752
lambdaF max = Inf
lambdaF min = 0.004177590819662044
lambdaB max = Inf
lambdaB min = 0.004177590819662044
----------------------------------
----------------------------------
Iteration = 34
Distance = 0.009889636867271179
v max = -1.4593232333370416
v min = -8.508826826756033
d max = 0.07611111111111112
d min = 0.07611111111111112
dF max = 0.07611111111111112
dB max = 0.07611111111111112
hk max = 0.038004984448995555
hk min = 0.020086194419299062
hz max = 0.06072069141554885
hz min = 0.019996168620784086
lambdaF max = Inf
lambdaF min = 0.004177590819662044
lambdaB max = Inf
lambdaB min = 0.004177590819662044
----------------------------------
----------------------------------
Iteration = 35
Distance = 0.008979792275516374
v max = -1.4682162714012303
v min = -8.51780661903155
d max = 0.07611111111111112
d min = 0.07611111111111112
dF max = 0.07611111111111112
dB max = 0.07611111111111112
hk max = 0.038005458461560226
hk min = 0.020086246433869186
hz max = 0.06072176871683218
hz min = 0.019996286835716186
lambdaF max = Inf
lambdaF min = 0.004177590819662044
lambdaB max = Inf
lambdaB min = 0.004177590819662044
----------------------------------
----------------------------------
Iteration = 36
Distance = 0.008155366993779722
v max = -1.476306639630962
v min = -8.52596198602533
d max = 0.07611111111111112
d min = 0.07611111111111112
dF max = 0.07611111111111112
dB max = 0.07611111111111112
hk max = 0.038005813559144785
hk min = 0.02008628539354794
hz max = 0.060722575756797105
hz min = 0.01999637538044062
lambdaF max = Inf
lambdaF min = 0.004177590819662044
lambdaB max = Inf
lambdaB min = 0.004177590819662044
----------------------------------
----------------------------------
Iteration = 37
Distance = 0.007407916708565665
v max = -1.4836658606158193
v min = -8.533369902733895
d max = 0.07611111111111112
d min = 0.07611111111111112
dF max = 0.07611111111111112
dB max = 0.07611111111111112
hk max = 0.038006079573163515
hk min = 0.020086314613975864
hz max = 0.06072318033411239
hz min = 0.019996441790504086
lambdaF max = Inf
lambdaF min = 0.004177590819662044
lambdaB max = Inf
lambdaB min = 0.004177590819662044
----------------------------------
----------------------------------
Iteration = 38
Distance = 0.006729935099201612
v max = -1.4903593158304953
v min = -8.540099837833097
d max = 0.07611111111111112
d min = 0.07611111111111112
dF max = 0.07611111111111112
dB max = 0.07611111111111112
hk max = 0.03800627885161475
hk min = 0.020086336521908596
hz max = 0.060723633239683376
hz min = 0.019996491581260295
lambdaF max = Inf
lambdaF min = 0.004177590819662044
lambdaB max = Inf
lambdaB min = 0.004177590819662044
----------------------------------
----------------------------------
Iteration = 39
Distance = 0.0061147258334610655
v max = -1.4964467148073397
v min = -8.546214563666558
d max = 0.07611111111111112
d min = 0.07611111111111112
dF max = 0.07611111111111112
dB max = 0.07611111111111112
hk max = 0.03800642813630076
hk min = 0.020086352946234856
hz max = 0.06072397252306066
hz min = 0.019996528909274523
lambdaF max = Inf
lambdaF min = 0.004177590819662044
lambdaB max = Inf
lambdaB min = 0.004177590819662044
----------------------------------
----------------------------------
Iteration = 40
Distance = 0.005556296921072956
v max = -1.5019825419818065
v min = -8.55177086058763
d max = 0.07611111111111112
d min = 0.07611111111111112
dF max = 0.07611111111111112
dB max = 0.07611111111111112
hk max = 0.038006539969145915
hk min = 0.02008636525899498
hz max = 0.06072422668861784
hz min = 0.019996556892820257
lambdaF max = Inf
lambdaF min = 0.004177590819662044
lambdaB max = Inf
lambdaB min = 0.004177590819662044
----------------------------------
----------------------------------
Iteration = 41
Distance = 0.0050492727023421224
v max = -1.5070164815217415
v min = -8.556820133289973
d max = 0.07611111111111112
d min = 0.07611111111111112
dF max = 0.07611111111111112
dB max = 0.07611111111111112
hk max = 0.03800662374575628
hk min = 0.02008637448080095
hz max = 0.060724417090005034
hz min = 0.01999657785147019
lambdaF max = Inf
lambdaF min = 0.004177590819662044
lambdaB max = Inf
lambdaB min = 0.004177590819662044
----------------------------------
----------------------------------
Iteration = 42
Distance = 0.004588819854346227
v max = -1.5115938158064897
v min = -8.56140895314432
d max = 0.07611111111111112
d min = 0.07611111111111112
dF max = 0.07611111111111112
dB max = 0.07611111111111112
hk max = 0.03800668650469399
hk min = 0.020086381390367874
hz max = 0.06072455972395439
hz min = 0.019996593555031382
lambdaF max = Inf
lambdaF min = 0.004177590819662044
lambdaB max = Inf
lambdaB min = 0.004177590819662044
----------------------------------
----------------------------------
Iteration = 43
Distance = 0.004170584630109886
v max = -1.515755796731876
v min = -8.565579537774429
d max = 0.07611111111111112
d min = 0.07611111111111112
dF max = 0.07611111111111112
dB max = 0.07611111111111112
hk max = 0.038006733518758044
hk min = 0.020086386562971466
hz max = 0.06072466657409996
hz min = 0.019996605310948632
lambdaF max = Inf
lambdaF min = 0.004177590819662044
lambdaB max = Inf
lambdaB min = 0.004177590819662044
----------------------------------
----------------------------------
Iteration = 44
Distance = 0.0037906391798472328
v max = -1.5195399908771228
v min = -8.569370176954276
d max = 0.07611111111111112
d min = 0.07611111111111112
dF max = 0.07611111111111112
dB max = 0.07611111111111112
hk max = 0.038006768737960675
hk min = 0.02008639043717639
hz max = 0.0607247466177423
hz min = 0.019996614115959828
lambdaF max = Inf
lambdaF min = 0.004177590819662044
lambdaB max = Inf
lambdaB min = 0.004177590819662044
----------------------------------
----------------------------------
Iteration = 45
Distance = 0.0034454352810513456
v max = -1.5229805980554012
v min = -8.572815612235328
d max = 0.07611111111111112
d min = 0.07611111111111112
dF max = 0.07611111111111112
dB max = 0.07611111111111112
hk max = 0.038006795121357864
hk min = 0.020086393338199678
hz max = 0.06072480658000865
hz min = 0.019996620709194578
lambdaF max = Inf
lambdaF min = 0.004177590819662044
lambdaB max = Inf
lambdaB min = 0.004177590819662044
----------------------------------
----------------------------------
Iteration = 46
Distance = 0.003131764169593154
v max = -1.5261087453703992
v min = -8.57594737640492
d max = 0.07611111111111112
d min = 0.07611111111111112
dF max = 0.07611111111111112
dB max = 0.07611111111111112
hk max = 0.038006814885659115
hk min = 0.02008639551084162
hz max = 0.06072485149887512
hz min = 0.019996625647017163
lambdaF max = Inf
lambdaF min = 0.004177590819662044
lambdaB max = Inf
lambdaB min = 0.004177590819662044
----------------------------------
----------------------------------
Iteration = 47
Distance = 0.002846721441889244
v max = -1.5289527573201787
v min = -8.57879409784681
d max = 0.07611111111111112
d min = 0.07611111111111112
dF max = 0.07611111111111112
dB max = 0.07611111111111112
hk max = 0.03800682969145769
hk min = 0.020086397138566418
hz max = 0.06072488514841734
hz min = 0.01999662934639171
lambdaF max = Inf
lambdaF min = 0.004177590819662044
lambdaB max = Inf
lambdaB min = 0.004177590819662044
----------------------------------
----------------------------------
Iteration = 48
Distance = 0.002587676210948686
v max = -1.5315384037755906
v min = -8.581381774057759
d max = 0.07611111111111112
d min = 0.07611111111111112
dF max = 0.07611111111111112
dB max = 0.07611111111111112
hk max = 0.038006840782742
hk min = 0.020086398357669427
hz max = 0.060724910355881685
hz min = 0.01999663211708037
lambdaF max = Inf
lambdaF min = 0.004177590819662044
lambdaB max = Inf
lambdaB min = 0.004177590819662044
----------------------------------
----------------------------------
Iteration = 49
Distance = 0.002352243862922876
v max = -1.5338891271091293
v min = -8.583734017920682
d max = 0.07611111111111112
d min = 0.07611111111111112
dF max = 0.07611111111111112
dB max = 0.07611111111111112
hk max = 0.0380068490914107
hk min = 0.020086399271275347
hz max = 0.060724929239219634
hz min = 0.01999663419345745
lambdaF max = Inf
lambdaF min = 0.004177590819662044
lambdaB max = Inf
lambdaB min = 0.004177590819662044
----------------------------------
----------------------------------
Iteration = 50
Distance = 0.0021382618870156023
v max = -1.5360262499419035
v min = -8.585872279807697
d max = 0.07611111111111112
d min = 0.07611111111111112
dF max = 0.07611111111111112
dB max = 0.07611111111111112
hk max = 0.038006855315571644
hk min = 0.02008639995557504
hz max = 0.06072494338503995
hz min = 0.01999663574868403
lambdaF max = Inf
lambdaF min = 0.004177590819662044
lambdaB max = Inf
lambdaB min = 0.004177590819662044
----------------------------------
----------------------------------
Iteration = 51
Distance = 0.0019437683496033031
v max = -1.5379691650176814
v min = -8.5878160481573
d max = 0.07611111111111112
d min = 0.07611111111111112
dF max = 0.07611111111111112
dB max = 0.07611111111111112
hk max = 0.03800685997818887
hk min = 0.020086400468354755
hz max = 0.06072495398189729
hz min = 0.01999663691409247
lambdaF max = Inf
lambdaF min = 0.004177590819662044
lambdaB max = Inf
lambdaB min = 0.004177590819662044
----------------------------------
----------------------------------
Iteration = 52
Distance = 0.0017669826601220961
v max = -1.5397355084834057
v min = -8.589583030817423
d max = 0.07611111111111112
d min = 0.07611111111111112
dF max = 0.07611111111111112
dB max = 0.07611111111111112
hk max = 0.038006863471029044
hk min = 0.020086400852460377
hz max = 0.060724961920170406
hz min = 0.019996637787059793
lambdaF max = Inf
lambdaF min = 0.004177590819662044
lambdaB max = Inf
lambdaB min = 0.004177590819662044
----------------------------------
----------------------------------
Iteration = 53
Distance = 0.0016062883363474612
v max = -1.5413413179966569
v min = -8.59118931915377
d max = 0.07611111111111112
d min = 0.07611111111111112
dF max = 0.07611111111111112
dB max = 0.07611111111111112
hk max = 0.038006866087569424
hk min = 0.020086401140209674
hz max = 0.06072496786685309
hz min = 0.019996638441035466
lambdaF max = Inf
lambdaF min = 0.004177590819662044
lambdaB max = Inf
lambdaB min = 0.004177590819662044
----------------------------------
----------------------------------
Iteration = 54
Distance = 0.0014602175243503268
v max = -1.5428011768312406
v min = -8.59264953667812
d max = 0.07611111111111112
d min = 0.07611111111111112
dF max = 0.07611111111111112
dB max = 0.07611111111111112
hk max = 0.0380068680476567
hk min = 0.020086401355775704
hz max = 0.060724972321596904
hz min = 0.01999663893095827
lambdaF max = Inf
lambdaF min = 0.004177590819662044
lambdaB max = Inf
lambdaB min = 0.004177590819662044
----------------------------------
----------------------------------
Iteration = 55
Distance = 0.0013274370665037338
v max = -1.544128345200182
v min = -8.593976973744624
d max = 0.07611111111111112
d min = 0.07611111111111112
dF max = 0.07611111111111112
dB max = 0.07611111111111112
hk max = 0.03800686951598817
hk min = 0.020086401517226488
hz max = 0.06072497565871386
hz min = 0.019996639297891864
lambdaF max = Inf
lambdaF min = 0.004177590819662044
lambdaB max = Inf
lambdaB min = 0.004177590819662044
----------------------------------
----------------------------------
Iteration = 56
Distance = 0.0012067359415404155
v max = -1.5453348798576825
v min = -8.595183709686165
d max = 0.07611111111111112
d min = 0.07611111111111112
dF max = 0.07611111111111112
dB max = 0.07611111111111112
hk max = 0.038006870615935565
hk min = 0.02008640163818961
hz max = 0.06072497815859433
hz min = 0.019996639572808055
lambdaF max = Inf
lambdaF min = 0.004177590819662044
lambdaB max = Inf
lambdaB min = 0.004177590819662044
----------------------------------
----------------------------------
Iteration = 57
Distance = 0.0010970139253227984
v max = -1.546431742998296
v min = -8.596280723611487
d max = 0.07611111111111112
d min = 0.07611111111111112
dF max = 0.07611111111111112
dB max = 0.07611111111111112
hk max = 0.03800687143992139
hk min = 0.020086401728780283
hz max = 0.06072498003128937
hz min = 0.019996639778695948
lambdaF max = Inf
lambdaF min = 0.004177590819662044
lambdaB max = Inf
lambdaB min = 0.004177590819662044
----------------------------------
----------------------------------
Iteration = 58
Distance = 0.0009972713416619428
v max = -1.5474289013853049
v min = -8.59727799495315
d max = 0.07611111111111112
d min = 0.07611111111111112
dF max = 0.07611111111111112
dB max = 0.07611111111111112
hk max = 0.03800687205718155
hk min = 0.02008640179665514
hz max = 0.06072498143415337
hz min = 0.019996639932956993
lambdaF max = Inf
lambdaF min = 0.004177590819662044
lambdaB max = Inf
lambdaB min = 0.004177590819662044
----------------------------------
----------------------------------
Iteration = 59
Distance = 0.0009065997893280553
v max = -1.5483354165585095
v min = -8.598184594742477
d max = 0.07611111111111112
d min = 0.07611111111111112
dF max = 0.07611111111111112
dB max = 0.07611111111111112
hk max = 0.03800687251957688
hk min = 0.020086401847492448
hz max = 0.06072498248505184
hz min = 0.019996640048496325
lambdaF max = Inf
lambdaF min = 0.004177590819662044
lambdaB max = Inf
lambdaB min = 0.004177590819662044
----------------------------------
----------------------------------
Iteration = 60
Distance = 0.0008241737450447317
v max = -1.5491595269165812
v min = -8.599008768487522
d max = 0.07611111111111112
d min = 0.07611111111111112
dF max = 0.07611111111111112
dB max = 0.07611111111111112
hk max = 0.03800687286596369
hk min = 0.02008640188557887
hz max = 0.06072498327229459
hz min = 0.01999664013505637
lambdaF max = Inf
lambdaF min = 0.004177590819662044
lambdaB max = Inf
lambdaB min = 0.004177590819662044
----------------------------------
----------------------------------
Iteration = 61
Distance = 0.0007492429549067481
v max = -1.5499087223873973
v min = -8.599758011442429
d max = 0.07611111111111112
d min = 0.07611111111111112
dF max = 0.07611111111111112
dB max = 0.07611111111111112
hk max = 0.03800687312544722
hk min = 0.020086401914110506
hz max = 0.0607249838620299
hz min = 0.019996640199901
lambdaF max = Inf
lambdaF min = 0.004177590819662044
lambdaB max = Inf
lambdaB min = 0.004177590819662044
----------------------------------
----------------------------------
Iteration = 62
Distance = 0.0006811255360723578
v max = -1.550589812352601
v min = -8.600439136978501
d max = 0.07611111111111112
d min = 0.07611111111111112
dF max = 0.07611111111111112
dB max = 0.07611111111111112
hk max = 0.03800687331983052
hk min = 0.020086401935481203
hz max = 0.06072498430381014
hz min = 0.019996640248470764
lambdaF max = Inf
lambdaF min = 0.004177590819662044
lambdaB max = Inf
lambdaB min = 0.004177590819662044
----------------------------------
----------------------------------
Iteration = 63
Distance = 0.0006192017195338906
v max = -1.5512089874255848
v min = -8.601058338698035
d max = 0.07611111111111112
d min = 0.07611111111111112
dF max = 0.07611111111111112
dB max = 0.07611111111111112
hk max = 0.038006873465445526
hk min = 0.02008640195149547
hz max = 0.06072498463475332
hz min = 0.019996640284866824
lambdaF max = Inf
lambdaF min = 0.004177590819662044
lambdaB max = Inf
lambdaB min = 0.004177590819662044
----------------------------------
----------------------------------
Iteration = 64
Distance = 0.0005629081720996965
v max = -1.5517718756364502
v min = -8.601621246870135
d max = 0.07611111111111112
d min = 0.07611111111111112
dF max = 0.07611111111111112
dB max = 0.07611111111111112
hk max = 0.038006873574527304
hk min = 0.020086401963485937
hz max = 0.06072498488266646
hz min = 0.01999664031211789
lambdaF max = Inf
lambdaF min = 0.004177590819662044
lambdaB max = Inf
lambdaB min = 0.004177590819662044
----------------------------------
----------------------------------
Iteration = 65
Distance = 0.0005117328426074153
v max = -1.5522835935258976
v min = -8.602132979712742
d max = 0.07611111111111112
d min = 0.07611111111111112
dF max = 0.07611111111111112
dB max = 0.07611111111111112
hk max = 0.03800687365624246
hk min = 0.020086401972474743
hz max = 0.060724985068382725
hz min = 0.019996640332546993
lambdaF max = Inf
lambdaF min = 0.004177590819662044
lambdaB max = Inf
lambdaB min = 0.004177590819662044
----------------------------------
----------------------------------
Iteration = 66
Distance = 0.00046521028226642613
v max = -1.5527487926065635
v min = -8.602598189995009
d max = 0.07611111111111112
d min = 0.07611111111111112
dF max = 0.07611111111111112
dB max = 0.07611111111111112
hk max = 0.03800687371745484
hk min = 0.020086401979201956
hz max = 0.060724985207501775
hz min = 0.019996640347836114
lambdaF max = Inf
lambdaF min = 0.004177590819662044
lambdaB max = Inf
lambdaB min = 0.004177590819662044
----------------------------------
----------------------------------
Iteration = 67
Distance = 0.00042291739503497183
v max = -1.5531717016103823
v min = -8.603021107390044
d max = 0.07611111111111112
d min = 0.07611111111111112
dF max = 0.07611111111111112
dB max = 0.07611111111111112
hk max = 0.03800687376331004
hk min = 0.02008640198424696
hz max = 0.06072498531171811
hz min = 0.019996640359302032
lambdaF max = Inf
lambdaF min = 0.004177590819662044
lambdaB max = Inf
lambdaB min = 0.004177590819662044
----------------------------------
----------------------------------
Iteration = 68
Distance = 0.0003844695775114815
v max = -1.553556164901907
v min = -8.603405576967555
d max = 0.07611111111111112
d min = 0.07611111111111112
dF max = 0.07611111111111112
dB max = 0.07611111111111112
hk max = 0.038006873797660726
hk min = 0.020086401988021522
hz max = 0.06072498538978788
hz min = 0.019996640367880587
lambdaF max = Inf
lambdaF min = 0.004177590819662044
lambdaB max = Inf
lambdaB min = 0.004177590819662044
----------------------------------
----------------------------------
Iteration = 69
Distance = 0.0003495172122178758
v max = -1.5539056774052427
v min = -8.603755094179773
d max = 0.07611111111111112
d min = 0.07611111111111112
dF max = 0.07611111111111112
dB max = 0.07611111111111112
hk max = 0.03800687382339231
hk min = 0.020086401990852792
hz max = 0.060724985448268744
hz min = 0.019996640374315287
lambdaF max = Inf
lambdaF min = 0.004177590819662044
lambdaB max = Inf
lambdaB min = 0.004177590819662044
----------------------------------
----------------------------------
Iteration = 70
Distance = 0.00031774248158455975
v max = -1.5542234163593323
v min = -8.604072836661357
d max = 0.07611111111111112
d min = 0.07611111111111112
dF max = 0.07611111111111112
dB max = 0.07611111111111112
hk max = 0.03800687384267065
hk min = 0.020086401992970813
hz max = 0.060724985492083154
hz min = 0.019996640379128967
lambdaF max = Inf
lambdaF min = 0.004177590819662044
lambdaB max = Inf
lambdaB min = 0.004177590819662044
----------------------------------
----------------------------------
Iteration = 71
Distance = 0.00028885647287069105
v max = -1.5545122701897163
v min = -8.604361693134228
d max = 0.07611111111111112
d min = 0.07611111111111112
dF max = 0.07611111111111112
dB max = 0.07611111111111112
hk max = 0.03800687385711045
hk min = 0.020086401994559848
hz max = 0.060724985524900875
hz min = 0.01999664038274041
lambdaF max = Inf
lambdaF min = 0.004177590819662044
lambdaB max = Inf
lambdaB min = 0.004177590819662044
----------------------------------
----------------------------------
Iteration = 72
Distance = 0.00026259654737614824
v max = -1.5547748647575674
v min = -8.604624289681604
d max = 0.07611111111111112
d min = 0.07611111111111112
dF max = 0.07611111111111112
dB max = 0.07611111111111112
hk max = 0.03800687386792689
hk min = 0.02008640199574775
hz max = 0.06072498554948369
hz min = 0.01999664038544019
lambdaF max = Inf
lambdaF min = 0.004177590819662044
lambdaB max = Inf
lambdaB min = 0.004177590819662044
----------------------------------
----------------------------------
Iteration = 73
Distance = 0.00023872394960733345
v max = -1.555013587224289
v min = -8.604863013631212
d max = 0.07611111111111112
d min = 0.07611111111111112
dF max = 0.07611111111111112
dB max = 0.07611111111111112
hk max = 0.03800687387602997
hk min = 0.020086401996640642
hz max = 0.06072498556789978
hz min = 0.01999664038746949
lambdaF max = Inf
lambdaF min = 0.004177590819662044
lambdaB max = Inf
lambdaB min = 0.004177590819662044
----------------------------------
----------------------------------
Iteration = 74
Distance = 0.0002170216342261
v max = -1.5552306077476674
v min = -8.605080035265438
d max = 0.07611111111111112
d min = 0.07611111111111112
dF max = 0.07611111111111112
dB max = 0.07611111111111112
hk max = 0.03800687388210219
hk min = 0.020086401997305804
hz max = 0.06072498558170029
hz min = 0.01999664038898122
lambdaF max = Inf
lambdaF min = 0.004177590819662044
lambdaB max = Inf
lambdaB min = 0.004177590819662044
----------------------------------
----------------------------------
Iteration = 75
Distance = 0.0001972922912845121
v max = -1.5554278992068167
v min = -8.605277327556722
d max = 0.07611111111111112
d min = 0.07611111111111112
dF max = 0.07611111111111112
dB max = 0.07611111111111112
hk max = 0.0380068738866485
hk min = 0.02008640199780843
hz max = 0.06072498559203281
hz min = 0.019996640390123555
lambdaF max = Inf
lambdaF min = 0.004177590819662044
lambdaB max = Inf
lambdaB min = 0.004177590819662044
----------------------------------
----------------------------------
Iteration = 76
Distance = 0.00017935655093204161
v max = -1.5556072551343754
v min = -8.605456684107654
d max = 0.07611111111111112
d min = 0.07611111111111112
dF max = 0.07611111111111112
dB max = 0.07611111111111112
hk max = 0.038006873890055456
hk min = 0.0200864019981802
hz max = 0.06072498559977589
hz min = 0.019996640390968483
lambdaF max = Inf
lambdaF min = 0.004177590819662044
lambdaB max = Inf
lambdaB min = 0.004177590819662044
----------------------------------
----------------------------------
Iteration = 77
Distance = 0.00016305135187444364
v max = -1.5557703060192833
v min = -8.605619735459529
d max = 0.07611111111111112
d min = 0.07611111111111112
dF max = 0.07611111111111112
dB max = 0.07611111111111112
hk max = 0.0380068738926079
hk min = 0.02008640199846388
hz max = 0.060724985605576896
hz min = 0.019996640391613214
lambdaF max = Inf
lambdaF min = 0.004177590819662044
lambdaB max = Inf
lambdaB min = 0.004177590819662044
----------------------------------
----------------------------------
Iteration = 78
Distance = 0.0001482284582081661
v max = -1.555918534127667
v min = -8.605767963917737
d max = 0.07611111111111112
d min = 0.07611111111111112
dF max = 0.07611111111111112
dB max = 0.07611111111111112
hk max = 0.03800687389452038
hk min = 0.020086401998670803
hz max = 0.06072498560992345
hz min = 0.019996640392083497
lambdaF max = Inf
lambdaF min = 0.004177590819662044
lambdaB max = Inf
lambdaB min = 0.004177590819662044
----------------------------------
----------------------------------
Iteration = 79
Distance = 0.00013475311124544476
v max = -1.5560532869768713
v min = -8.605902717028982
d max = 0.07611111111111112
d min = 0.07611111111111112
dF max = 0.07611111111111112
dB max = 0.07611111111111112
hk max = 0.03800687389595196
hk min = 0.02008640199883172
hz max = 0.06072498561317705
hz min = 0.01999664039244921
lambdaF max = Inf
lambdaF min = 0.004177590819662044
lambdaB max = Inf
lambdaB min = 0.004177590819662044
----------------------------------
----------------------------------
Iteration = 80
Distance = 0.00012250280399328517
v max = -1.5561757895845474
v min = -8.606025219832976
d max = 0.07611111111111112
d min = 0.07611111111111112
dF max = 0.07611111111111112
dB max = 0.07611111111111112
hk max = 0.03800687389702658
hk min = 0.020086401998946166
hz max = 0.06072498561561936
hz min = 0.019996640392709313
lambdaF max = Inf
lambdaF min = 0.004177590819662044
lambdaB max = Inf
lambdaB min = 0.004177590819662044
----------------------------------
----------------------------------
Iteration = 81
Distance = 0.0001113661671645616
v max = -1.5562871556046596
v min = -8.60613658600014
d max = 0.07611111111111112
d min = 0.07611111111111112
dF max = 0.07611111111111112
dB max = 0.07611111111111112
hk max = 0.03800687389783115
hk min = 0.02008640199903795
hz max = 0.060724985617447935
hz min = 0.019996640392917917
lambdaF max = Inf
lambdaF min = 0.004177590819662044
lambdaB max = Inf
lambdaB min = 0.004177590819662044
----------------------------------
----------------------------------
Iteration = 82
Distance = 0.0001012419564467848
v max = -1.55638839745094
v min = -8.606237827956587
d max = 0.07611111111111112
d min = 0.07611111111111112
dF max = 0.07611111111111112
dB max = 0.07611111111111112
hk max = 0.03800687389843228
hk min = 0.020086401999100834
hz max = 0.06072498561881412
hz min = 0.01999664039306084
lambdaF max = Inf
lambdaF min = 0.004177590819662044
lambdaB max = Inf
lambdaB min = 0.004177590819662044
----------------------------------
----------------------------------
Iteration = 83
Distance = 9.203813196023702e-5
v max = -1.5564804355003852
v min = -8.606329866088547
d max = 0.07611111111111112
d min = 0.07611111111111112
dF max = 0.07611111111111112
dB max = 0.07611111111111112
hk max = 0.038006873898883575
hk min = 0.02008640199915332
hz max = 0.0607249856198398
hz min = 0.019996640393180116
lambdaF max = Inf
lambdaF min = 0.004177590819662044
lambdaB max = Inf
lambdaB min = 0.004177590819662044
----------------------------------
----------------------------------
Iteration = 84
Distance = 8.367102137540883e-5
v max = -1.5565641064599287
v min = -8.606413537109923
d max = 0.07611111111111112
d min = 0.07611111111111112
dF max = 0.07611111111111112
dB max = 0.07611111111111112
hk max = 0.038006873899222055
hk min = 0.020086401999188
hz max = 0.060724985620609066
hz min = 0.019996640393258935
lambdaF max = Inf
lambdaF min = 0.004177590819662044
lambdaB max = Inf
lambdaB min = 0.004177590819662044
----------------------------------
----------------------------------
Iteration = 85
Distance = 7.606455912423371e-5
v max = -1.5566401709727564
v min = -8.606489601669047
d max = 0.07611111111111112
d min = 0.07611111111111112
dF max = 0.07611111111111112
dB max = 0.07611111111111112
hk max = 0.038006873899473596
hk min = 0.020086401999217823
hz max = 0.06072498562118076
hz min = 0.019996640393326718
lambdaF max = Inf
lambdaF min = 0.004177590819662044
lambdaB max = Inf
lambdaB min = 0.004177590819662044
----------------------------------
----------------------------------
Iteration = 86
Distance = 6.914959488923955e-5
v max = -1.5567093205329443
v min = -8.606558751263936
d max = 0.07611111111111112
d min = 0.07611111111111112
dF max = 0.07611111111111112
dB max = 0.07611111111111112
hk max = 0.03800687389966226
hk min = 0.020086401999237245
hz max = 0.06072498562160953
hz min = 0.019996640393370856
lambdaF max = Inf
lambdaF min = 0.004177590819662044
lambdaB max = Inf
lambdaB min = 0.004177590819662044
----------------------------------
----------------------------------
Iteration = 87
Distance = 6.28632648496108e-5
v max = -1.5567721837718165
v min = -8.606621614528786
d max = 0.07611111111111112
d min = 0.07611111111111112
dF max = 0.07611111111111112
dB max = 0.07611111111111112
hk max = 0.03800687389980467
hk min = 0.020086401999253427
hz max = 0.06072498562193321
hz min = 0.01999664039340764
lambdaF max = Inf
lambdaF min = 0.004177590819662044
lambdaB max = Inf
lambdaB min = 0.004177590819662044
----------------------------------
----------------------------------
Iteration = 88
Distance = 5.7148420168573466e-5
v max = -1.5568293321725162
v min = -8.606678762948954
d max = 0.07611111111111112
d min = 0.07611111111111112
dF max = 0.07611111111111112
dB max = 0.07611111111111112
hk max = 0.0380068738999101
hk min = 0.020086401999265216
hz max = 0.060724985622172815
hz min = 0.019996640393434437
lambdaF max = Inf
lambdaF min = 0.004177590819662044
lambdaB max = Inf
lambdaB min = 0.004177590819662044
----------------------------------
----------------------------------
Iteration = 89
Distance = 5.195310743921766e-5
v max = -1.556881285265373
v min = -8.606730716056394
d max = 0.07611111111111112
d min = 0.07611111111111112
dF max = 0.07611111111111112
dB max = 0.07611111111111112
hk max = 0.038006873899989635
hk min = 0.02008640199927377
hz max = 0.060724985622353574
hz min = 0.01999664039345388
lambdaF max = Inf
lambdaF min = 0.004177590819662044
lambdaB max = Inf
lambdaB min = 0.004177590819662044
----------------------------------
----------------------------------
Iteration = 90
Distance = 4.7230096310357794e-5
v max = -1.5569285153507582
v min = -8.606777946152704
d max = 0.07611111111111112
d min = 0.07611111111111112
dF max = 0.07611111111111112
dB max = 0.07611111111111112
hk max = 0.03800687390005067
hk min = 0.02008640199928071
hz max = 0.06072498562249229
hz min = 0.019996640393469642
lambdaF max = Inf
lambdaF min = 0.004177590819662044
lambdaB max = Inf
lambdaB min = 0.004177590819662044
----------------------------------
----------------------------------
Iteration = 91
Distance = 4.293645017128256e-5
v max = -1.556971451792746
v min = -8.606820882602875
d max = 0.07611111111111112
d min = 0.07611111111111112
dF max = 0.07611111111111112
dB max = 0.07611111111111112
hk max = 0.03800687390009691
hk min = 0.020086401999285103
hz max = 0.060724985622597386
hz min = 0.019996640393479627
lambdaF max = Inf
lambdaF min = 0.004177590819662044
lambdaB max = Inf
lambdaB min = 0.004177590819662044
----------------------------------
----------------------------------
Iteration = 92
Distance = 3.903313575825962e-5
v max = -1.5570104849223727
v min = -8.606859915738633
d max = 0.07611111111111112
d min = 0.07611111111111112
dF max = 0.07611111111111112
dB max = 0.07611111111111112
hk max = 0.03800687390012836
hk min = 0.02008640199928903
hz max = 0.06072498562266884
hz min = 0.019996640393488557
lambdaF max = Inf
lambdaF min = 0.004177590819662044
lambdaB max = Inf
lambdaB min = 0.004177590819662044
----------------------------------
----------------------------------
Iteration = 93
Distance = 3.548466829883523e-5
v max = -1.5570459695860823
v min = -8.606895400406932
d max = 0.07611111111111112
d min = 0.07611111111111112
dF max = 0.07611111111111112
dB max = 0.07611111111111112
hk max = 0.0380068739001524
hk min = 0.020086401999291806
hz max = 0.06072498562272349
hz min = 0.019996640393494865
lambdaF max = Inf
lambdaF min = 0.004177590819662044
lambdaB max = Inf
lambdaB min = 0.004177590819662044
----------------------------------
----------------------------------
Iteration = 94
Distance = 3.2258788936090355e-5
v max = -1.557078228371579
v min = -8.606927659195868
d max = 0.07611111111111112
d min = 0.07611111111111112
dF max = 0.07611111111111112
dB max = 0.07611111111111112
hk max = 0.03800687390017089
hk min = 0.02008640199929366
hz max = 0.06072498562276553
hz min = 0.019996640393499066
lambdaF max = Inf
lambdaF min = 0.004177590819662044
lambdaB max = Inf
lambdaB min = 0.004177590819662044
----------------------------------
----------------------------------
Iteration = 95
Distance = 2.932617144146832e-5
v max = -1.557107554540439
v min = -8.60695698536731
d max = 0.07611111111111112
d min = 0.07611111111111112
dF max = 0.07611111111111112
dB max = 0.07611111111111112
hk max = 0.03800687390018569
hk min = 0.02008640199929597
hz max = 0.060724985622799155
hz min = 0.019996640393504322
lambdaF max = Inf
lambdaF min = 0.004177590819662044
lambdaB max = Inf
lambdaB min = 0.004177590819662044
----------------------------------
----------------------------------
Iteration = 96
Distance = 2.666015560670587e-5
v max = -1.557134214694121
v min = -8.606983645522917
d max = 0.07611111111111112
d min = 0.07611111111111112
dF max = 0.07611111111111112
dB max = 0.07611111111111112
hk max = 0.03800687390019679
hk min = 0.02008640199929597
hz max = 0.06072498562282438
hz min = 0.019996640393504322
lambdaF max = Inf
lambdaF min = 0.004177590819662044
lambdaB max = Inf
lambdaB min = 0.004177590819662044
----------------------------------
----------------------------------
Iteration = 97
Distance = 2.423650492389129e-5
v max = -1.5571584511975993
v min = -8.60700788202784
d max = 0.07611111111111112
d min = 0.07611111111111112
dF max = 0.07611111111111112
dB max = 0.07611111111111112
hk max = 0.038006873900204186
hk min = 0.02008640199929805
hz max = 0.06072498562284119
hz min = 0.01999664039350905
lambdaF max = Inf
lambdaF min = 0.004177590819662044
lambdaB max = Inf
lambdaB min = 0.004177590819662044
----------------------------------
----------------------------------
Iteration = 98
Distance = 2.203318615556782e-5
v max = -1.5571804843826709
v min = -8.607029915213996
d max = 0.07611111111111112
d min = 0.07611111111111112
dF max = 0.07611111111111112
dB max = 0.07611111111111112
hk max = 0.03800687390020974
hk min = 0.020086401999297586
hz max = 0.060724985622853805
hz min = 0.019996640393508
lambdaF max = Inf
lambdaF min = 0.004177590819662044
lambdaB max = Inf
lambdaB min = 0.004177590819662044
----------------------------------
----------------------------------
Iteration = 99
Distance = 2.0030169141094234e-5
v max = -1.5572005145509997
v min = -8.607049945383137
d max = 0.07611111111111112
d min = 0.07611111111111112
dF max = 0.07611111111111112
dB max = 0.07611111111111112
hk max = 0.03800687390021529
hk min = 0.02008640199929851
hz max = 0.06072498562286641
hz min = 0.019996640393510103
lambdaF max = Inf
lambdaF min = 0.004177590819662044
lambdaB max = Inf
lambdaB min = 0.004177590819662044
----------------------------------
----------------------------------
Iteration = 100
Distance = 1.8209244606381958e-5
v max = -1.557218723794983
v min = -8.607068154627743
d max = 0.07611111111111112
d min = 0.07611111111111112
dF max = 0.07611111111111112
dB max = 0.07611111111111112
hk max = 0.038006873900218986
hk min = 0.02008640199929944
hz max = 0.06072498562287482
hz min = 0.019996640393512205
lambdaF max = Inf
lambdaF min = 0.004177590819662044
lambdaB max = Inf
lambdaB min = 0.004177590819662044
----------------------------------
----------------------------------
Iteration = 101
Distance = 1.6553858657175624e-5
v max = -1.5572352776531886
v min = -8.6070847084864
d max = 0.07611111111111112
d min = 0.07611111111111112
dF max = 0.07611111111111112
dB max = 0.07611111111111112
hk max = 0.038006873900218986
hk min = 0.02008640199929828
hz max = 0.06072498562287482
hz min = 0.019996640393509575
lambdaF max = Inf
lambdaF min = 0.004177590819662044
lambdaB max = Inf
lambdaB min = 0.004177590819662044
----------------------------------
----------------------------------
Iteration = 102
Distance = 1.504896238202491e-5
v max = -1.5572503266152316
v min = -8.607099757448783
d max = 0.07611111111111112
d min = 0.07611111111111112
dF max = 0.07611111111111112
dB max = 0.07611111111111112
hk max = 0.038006873900218986
hk min = 0.02008640199930059
hz max = 0.06072498562287482
hz min = 0.01999664039351483
lambdaF max = Inf
lambdaF min = 0.004177590819662044
lambdaB max = Inf
lambdaB min = 0.004177590819662044
----------------------------------
----------------------------------
Iteration = 103
Distance = 1.3680874856092373e-5
v max = -1.5572640074898287
v min = -8.607113438323639
d max = 0.07611111111111112
d min = 0.07611111111111112
dF max = 0.07611111111111112
dB max = 0.07611111111111112
hk max = 0.038006873900222685
hk min = 0.02008640199929828
hz max = 0.060724985622883226
hz min = 0.019996640393509575
lambdaF max = Inf
lambdaF min = 0.004177590819662044
lambdaB max = Inf
lambdaB min = 0.004177590819662044
----------------------------------
----------------------------------
Iteration = 104
Distance = 1.2437158934730519e-5
v max = -1.5572764446485787
v min = -8.607125875482573
d max = 0.07611111111111112
d min = 0.07611111111111112
dF max = 0.07611111111111112
dB max = 0.07611111111111112
hk max = 0.03800687390022453
hk min = 0.020086401999301284
hz max = 0.06072498562288743
hz min = 0.019996640393516407
lambdaF max = Inf
lambdaF min = 0.004177590819662044
lambdaB max = Inf
lambdaB min = 0.004177590819662044
----------------------------------
----------------------------------
Iteration = 105
Distance = 1.1306508110209279e-5
v max = -1.5572877511565346
v min = -8.607137181990684
d max = 0.07611111111111112
d min = 0.07611111111111112
dF max = 0.07611111111111112
dB max = 0.07611111111111112
hk max = 0.03800687390022453
hk min = 0.02008640199929828
hz max = 0.06072498562288743
hz min = 0.019996640393509575
lambdaF max = Inf
lambdaF min = 0.004177590819662044
lambdaB max = Inf
lambdaB min = 0.004177590819662044
----------------------------------
----------------------------------
Iteration = 106
Distance = 1.027864372105114e-5
v max = -1.5572980298001566
v min = -8.607147460634405
d max = 0.07611111111111112
d min = 0.07611111111111112
dF max = 0.07611111111111112
dB max = 0.07611111111111112
hk max = 0.038006873900228236
hk min = 0.020086401999301284
hz max = 0.06072498562289584
hz min = 0.019996640393516407
lambdaF max = Inf
lambdaF min = 0.004177590819662044
lambdaB max = Inf
lambdaB min = 0.004177590819662044
----------------------------------
----------------------------------
Iteration = 107
Distance = 9.344221551188525e-6
v max = -1.557307374021627
v min = -8.607156804855956
d max = 0.07611111111111112
d min = 0.07611111111111112
dF max = 0.07611111111111112
dB max = 0.07611111111111112
hk max = 0.038006873900228236
hk min = 0.02008640199929851
hz max = 0.06072498562289584
hz min = 0.019996640393510103
lambdaF max = Inf
lambdaF min = 0.004177590819662044
lambdaB max = Inf
lambdaB min = 0.004177590819662044
----------------------------------
    Value Function Converged, Iteration = 107 with gamma=6.0 with rho=1.0 and v=-3.5141964693899403
    Natural boundary condition
=============================================================
Convegence time (minutes): 0.11577927754999999
Current Time = 22:23:32
grid points for z:  401
grid size for z:  0.025
-0.3617596357724214
-0.5981790342207707
--- 8.361430406570435 seconds for the elasticity computation ---
-0.013140961100104822
-0.11450970244852589
--- 0.06640791893005371 seconds for the elasticity computation ---
-0.23723579833615588
-0.48366933177224486
--- 0.06401491165161133 seconds for the elasticity computation ---
-0.43113890385509024
-0.6038229743338478
--- 0.06237530708312988 seconds for the elasticity computation ---
Current Time = 22:23:43
grid points for z:  401
grid size for z:  0.025
rho = 1
0.05937926808266887
--- 8.371857166290283 seconds for the elasticity computation ---
0.0
--- 0.06773257255554199 seconds for the elasticity computation ---
0.05937926808266887
--- 0.06659293174743652 seconds for the elasticity computation ---
0.0
--- 0.06665444374084473 seconds for the elasticity computation ---
0.0
--- 0.06709408760070801 seconds for the elasticity computation ---
0.05937926808266887
0.005643940113077034
--- 0.06704235076904297 seconds for the elasticity computation ---
0.05937926808266887
0.005643940113077034
--- 0.06664156913757324 seconds for the elasticity computation ---
0.05937926808266887
0.005643940113077034
--- 0.06675457954406738 seconds for the elasticity computation ---
0.05937926808266887
0.005643940113077034
--- 0.06664299964904785 seconds for the elasticity computation ---
parsed_args = parse_commandline() = Dict{String, Any}("dataname" => "lower_triangular_two_ambiguous_parameters", "clowerlim" => 0.0001, "delta" => 0.01, "boundary" => 0, "Delta" => 10.0, "q" => 0.1, "zmax" => 5.0, "logadjustment" => 1, "zscale" => 2.0, "foc" => 1, "distorted" => 0, "rho" => 1.0, "gamma" => 6.0)
=============================================================
./output/lower_triangular_two_ambiguous_parameters/Delta_10.0_distorted_0/logadjustment_1_boundary_0/zmax_5.0_zscale_2.0/delta_0.01/q_0.1_gamma_6.0_rho_1.0/
=============================================================
solve for structured linear system 
structured_relative_entropy = 0.10248214691461778
=============================================================
solve for unstructured linear system 
q_update = 0.3570222221997286
=============================================================
parsed_args = parse_commandline() = Dict{String, Any}("dataname" => "lower_triangular_two_ambiguous_parameters", "clowerlim" => 0.0001, "delta" => 0.01, "boundary" => 0, "Delta" => 10.0, "q" => 0.1, "zmax" => 5.0, "logadjustment" => 1, "zscale" => 2.0, "foc" => 1, "distorted" => 0, "rho" => 1.0, "gamma" => 6.0)
=============================================================
./output/lower_triangular_two_ambiguous_parameters/Delta_10.0_distorted_0/logadjustment_1_boundary_0/zmax_5.0_zscale_2.0/delta_0.01/q_0.1_gamma_6.0_rho_1.0/
=============================================================
solve for structured linear system 
structured_relative_entropy = 0.10248214691461778
=============================================================
solve for unstructured linear system 
q_update = 0.3570222221997286
=============================================================
Program ends Fri Jan 19 22:24:26 CST 2024
Elapsed time: 0 days 00 hr 01 min 21 sec
