D_10.0_distorted_0_boundary_0_delta_0.01_gamma_7.0_q_0.1_rho_1.0_lower_triangular_two_ambiguous_parameters
Program starts Fri Jan 19 22:23:08 CST 2024
parsed_args = parse_commandline() = Dict{String, Any}("dataname" => "lower_triangular_two_ambiguous_parameters", "clowerlim" => 0.0001, "delta" => 0.01, "boundary" => 0, "Delta" => 10.0, "q" => 0.1, "zmax" => 5.0, "logadjustment" => 1, "zscale" => 2.0, "foc" => 1, "distorted" => 0, "rho" => 1.0, "gamma" => 7.0)
=============================================================
logadjustment: true
reflective_boundary: false
0.0922
sigma_k: [0.011287880226154068, 0.0]
sigma_z: [0.026030751045638307, 0.05916079783099616]
Compute value function WITH ROBUSTNESS
computing undistorted version...
zmax = 5.0, zmin = -5.0, zlength = 401
natural boundary condition
----------------------------------
Iteration = 1
Distance = 1.225721498935703
v max = -0.8160829447188298
v min = -3.225721498935703
d max = 0.07611111111111112
d min = 0.07611111111111112
dF max = 0.07611111111111112
dB max = 0.07611111111111112
hk max = 0.011287880226154068
hk min = 0.011287880226154068
hz max = 0.0
hz min = 0.0
lambdaF max = Inf
lambdaF min = 0.004177590819662044
lambdaB max = Inf
lambdaB min = 0.004177590819662044
----------------------------------
----------------------------------
Iteration = 2
Distance = 1.0707829057590943
v max = -0.6228058636395182
v min = -4.296504404694797
d max = 0.07611111111111112
d min = 0.07611111111111112
dF max = 0.07611111111111112
dB max = 0.07611111111111112
hk max = 0.017560350357634643
hk min = 0.017560350357631867
hz max = 0.014255613935183127
hz min = 0.014255613935176822
lambdaF max = Inf
lambdaF min = 0.004177590819662044
lambdaB max = Inf
lambdaB min = 0.004177590819662044
----------------------------------
----------------------------------
Iteration = 3
Distance = 0.7962251574033292
v max = -0.5399012431129143
v min = -5.0927295620981266
d max = 0.07611111111111112
d min = 0.07611111111111112
dF max = 0.07611111111111112
dB max = 0.07611111111111112
hk max = 0.02298115683707587
hk min = 0.018720430043018856
hz max = 0.026575628661185922
hz min = 0.016892158674692702
lambdaF max = Inf
lambdaF min = 0.004177590819662044
lambdaB max = Inf
lambdaB min = 0.004177590819662044
----------------------------------
----------------------------------
Iteration = 4
Distance = 0.6080405638387134
v max = -0.5277757482957078
v min = -5.70077012593684
d max = 0.07611111111111112
d min = 0.07611111111111112
dF max = 0.07611111111111112
dB max = 0.07611111111111112
hk max = 0.026883543795201276
hk min = 0.019313173598882332
hz max = 0.03544468992965275
hz min = 0.01823930311983697
lambdaF max = Inf
lambdaF min = 0.004177590819662044
lambdaB max = Inf
lambdaB min = 0.004177590819662044
----------------------------------
----------------------------------
Iteration = 5
Distance = 0.478266609218184
v max = -0.5435716057978892
v min = -6.179036735155024
d max = 0.07611111111111112
d min = 0.07611111111111112
dF max = 0.07611111111111112
dB max = 0.07611111111111112
hk max = 0.02972239648873718
hk min = 0.019548165177784398
hz max = 0.04189662786950708
hz min = 0.018773374890068934
lambdaF max = Inf
lambdaF min = 0.004177590819662044
lambdaB max = Inf
lambdaB min = 0.004177590819662044
----------------------------------
----------------------------------
Iteration = 6
Distance = 0.38321143616296904
v max = -0.5742212423313852
v min = -6.562248171317993
d max = 0.07611111111111112
d min = 0.07611111111111112
dF max = 0.07611111111111112
dB max = 0.07611111111111112
hk max = 0.03182176719963861
hk min = 0.019664347498099283
hz max = 0.04666792493973761
hz min = 0.019037425618057314
lambdaF max = Inf
lambdaF min = 0.004177590819662044
lambdaB max = Inf
lambdaB min = 0.004177590819662044
----------------------------------
----------------------------------
Iteration = 7
Distance = 0.3115584546686643
v max = -0.6154756907685576
v min = -6.873806625986657
d max = 0.07611111111111112
d min = 0.07611111111111112
dF max = 0.07611111111111112
dB max = 0.07611111111111112
hk max = 0.033383659002048816
hk min = 0.019747436946905325
hz max = 0.05021767903612443
hz min = 0.019226265274434672
lambdaF max = Inf
lambdaF min = 0.004177590819662044
lambdaB max = Inf
lambdaB min = 0.004177590819662044
----------------------------------
----------------------------------
Iteration = 8
Distance = 0.256547307141874
v max = -0.6648317621585643
v min = -7.130353933128531
d max = 0.07611111111111112
d min = 0.07611111111111112
dF max = 0.07611111111111112
dB max = 0.07611111111111112
hk max = 0.03454882314367585
hk min = 0.0198208174481357
hz max = 0.05286577935800405
hz min = 0.019393039140867346
lambdaF max = Inf
lambdaF min = 0.004177590819662044
lambdaB max = Inf
lambdaB min = 0.004177590819662044
----------------------------------
----------------------------------
Iteration = 9
Distance = 0.21369594958813298
v max = -0.7199094741203566
v min = -7.344049882716664
d max = 0.07611111111111112
d min = 0.07611111111111112
dF max = 0.07611111111111112
dB max = 0.07611111111111112
hk max = 0.0354192782646162
hk min = 0.01988447555880823
hz max = 0.054844086451050315
hz min = 0.0195377166651231
lambdaF max = Inf
lambdaF min = 0.004177590819662044
lambdaB max = Inf
lambdaB min = 0.004177590819662044
----------------------------------
----------------------------------
Iteration = 10
Distance = 0.17988784811445502
v max = -0.7788589492959442
v min = -7.523937730831119
d max = 0.07611111111111112
d min = 0.07611111111111112
dF max = 0.07611111111111112
dB max = 0.07611111111111112
hk max = 0.03607282661886116
hk min = 0.01993897524594997
hz max = 0.056329423619788856
hz min = 0.019661579590445236
lambdaF max = Inf
lambdaF min = 0.004177590819662044
lambdaB max = Inf
lambdaB min = 0.004177590819662044
----------------------------------
----------------------------------
Iteration = 11
Distance = 0.15289624612872643
v max = -0.8402150841312941
v min = -7.676833976959846
d max = 0.07611111111111112
d min = 0.07611111111111112
dF max = 0.07611111111111112
dB max = 0.07611111111111112
hk max = 0.036559198101873205
hk min = 0.0199870612825908
hz max = 0.05743481335390714
hz min = 0.019770866037356213
lambdaF max = Inf
lambdaF min = 0.004177590819662044
lambdaB max = Inf
lambdaB min = 0.004177590819662044
----------------------------------
----------------------------------
Iteration = 12
Distance = 0.13110130419142596
v max = -0.9025384403473076
v min = -7.807935281151272
d max = 0.07611111111111112
d min = 0.07611111111111112
dF max = 0.07611111111111112
dB max = 0.07611111111111112
hk max = 0.036921322835232626
hk min = 0.020028651835730625
hz max = 0.058257824111542185
hz min = 0.019865390021764906
lambdaF max = Inf
lambdaF min = 0.004177590819662044
lambdaB max = Inf
lambdaB min = 0.004177590819662044
----------------------------------
----------------------------------
Iteration = 13
Distance = 0.11330909677099488
v max = -0.9644903801266459
v min = -7.9212443779222665
d max = 0.07611111111111112
d min = 0.07611111111111112
dF max = 0.07611111111111112
dB max = 0.07611111111111112
hk max = 0.0371940458762052
hk min = 0.020062909711307843
hz max = 0.058877649204661674
hz min = 0.019943248829894945
lambdaF max = Inf
lambdaF min = 0.004177590819662044
lambdaB max = Inf
lambdaB min = 0.004177590819662044
----------------------------------
----------------------------------
Iteration = 14
Distance = 0.09863036329606967
v max = -1.0249425466569988
v min = -8.019874741218336
d max = 0.07611111111111112
d min = 0.07611111111111112
dF max = 0.07611111111111112
dB max = 0.07611111111111112
hk max = 0.03739822898465053
hk min = 0.020090250208871986
hz max = 0.059341701723855625
hz min = 0.02000538632435891
lambdaF max = Inf
lambdaF min = 0.004177590819662044
lambdaB max = Inf
lambdaB min = 0.004177590819662044
----------------------------------
----------------------------------
Iteration = 15
Distance = 0.08639679429614588
v max = -1.0829821210133124
v min = -8.106271535514482
d max = 0.07611111111111112
d min = 0.07611111111111112
dF max = 0.07611111111111112
dB max = 0.07611111111111112
hk max = 0.037551121792350144
hk min = 0.020111177058913417
hz max = 0.05968918537771836
hz min = 0.02005294734718035
lambdaF max = Inf
lambdaF min = 0.004177590819662044
lambdaB max = Inf
lambdaB min = 0.004177590819662044
----------------------------------
----------------------------------
Iteration = 16
Distance = 0.07610202866137605
v max = -1.13796415642886
v min = -8.182373564175858
d max = 0.07611111111111112
d min = 0.07611111111111112
dF max = 0.07611111111111112
dB max = 0.07611111111111112
hk max = 0.03766562177209691
hk min = 0.02012644402431024
hz max = 0.05994941260441555
hz min = 0.020087644995809492
lambdaF max = Inf
lambdaF min = 0.004177590819662044
lambdaB max = Inf
lambdaB min = 0.004177590819662044
----------------------------------
----------------------------------
Iteration = 17
Distance = 0.06735945332240334
v max = -1.1895216754116174
v min = -8.249733017498261
d max = 0.07611111111111112
d min = 0.07611111111111112
dF max = 0.07611111111111112
dB max = 0.07611111111111112
hk max = 0.03775137618963413
hk min = 0.020137329090634704
hz max = 0.06014430900790924
hz min = 0.020112383782910543
lambdaF max = Inf
lambdaF min = 0.004177590819662044
lambdaB max = Inf
lambdaB min = 0.004177590819662044
----------------------------------
----------------------------------
Iteration = 18
Distance = 0.05987168035253276
v max = -1.2375123954742158
v min = -8.309604697850794
d max = 0.07611111111111112
d min = 0.07611111111111112
dF max = 0.07611111111111112
dB max = 0.07611111111111112
hk max = 0.037815604092429726
hk min = 0.02014502669320596
hz max = 0.06029028151426287
hz min = 0.020129878334208845
lambdaF max = Inf
lambdaF min = 0.004177590819662044
lambdaB max = Inf
lambdaB min = 0.004177590819662044
----------------------------------
----------------------------------
Iteration = 19
Distance = 0.05340826157913092
v max = -1.281961053725385
v min = -8.363012959429925
d max = 0.07611111111111112
d min = 0.07611111111111112
dF max = 0.07611111111111112
dB max = 0.07611111111111112
hk max = 0.03786370963190712
hk min = 0.02015054841731157
hz max = 0.060399612285802394
hz min = 0.020142427707176152
lambdaF max = Inf
lambdaF min = 0.004177590819662044
lambdaB max = Inf
lambdaB min = 0.004177590819662044
----------------------------------
----------------------------------
Iteration = 20
Distance = 0.047789279918372785
v max = -1.3229942255995375
v min = -8.410802239348298
d max = 0.07611111111111112
d min = 0.07611111111111112
dF max = 0.07611111111111112
dB max = 0.07611111111111112
hk max = 0.037899739683231966
hk min = 0.020154676463254993
hz max = 0.06048149876608614
hz min = 0.020151809629774836
lambdaF max = Inf
lambdaF min = 0.004177590819662044
lambdaB max = Inf
lambdaB min = 0.004177590819662044
----------------------------------
----------------------------------
Iteration = 21
Distance = 0.042873175625986804
v max = -1.3607861102450918
v min = -8.453675414974285
d max = 0.07611111111111112
d min = 0.07611111111111112
dF max = 0.07611111111111112
dB max = 0.07611111111111112
hk max = 0.037926725385111285
hk min = 0.020157867080521013
hz max = 0.06054282990672097
hz min = 0.02015906103265215
lambdaF max = Inf
lambdaF min = 0.004177590819662044
lambdaB max = Inf
lambdaB min = 0.004177590819662044
----------------------------------
----------------------------------
Iteration = 22
Distance = 0.038547655150036775
v max = -1.395527891715161
v min = -8.492223070124322
d max = 0.07611111111111112
d min = 0.07611111111111112
dF max = 0.07611111111111112
dB max = 0.07611111111111112
hk max = 0.03794693725001404
hk min = 0.02016038224694921
hz max = 0.06058876596331811
hz min = 0.020164777319988957
lambdaF max = Inf
lambdaF min = 0.004177590819662044
lambdaB max = Inf
lambdaB min = 0.004177590819662044
----------------------------------
----------------------------------
Iteration = 23
Distance = 0.03472286639301281
v max = -1.4274110887624478
v min = -8.526945936517334
d max = 0.07611111111111112
d min = 0.07611111111111112
dF max = 0.07611111111111112
dB max = 0.07611111111111112
hk max = 0.03796207595104335
hk min = 0.02016236131877102
hz max = 0.0606231721020211
hz min = 0.020169275210493075
lambdaF max = Inf
lambdaF min = 0.004177590819662044
lambdaB max = Inf
lambdaB min = 0.004177590819662044
----------------------------------
----------------------------------
Iteration = 24
Distance = 0.03132625538143685
v max = -1.4566228826980059
v min = -8.558272191898771
d max = 0.07611111111111112
d min = 0.07611111111111112
dF max = 0.07611111111111112
dB max = 0.07611111111111112
hk max = 0.037973415190678886
hk min = 0.020163882165840433
hz max = 0.06064894310119279
hz min = 0.02017273168110538
lambdaF max = Inf
lambdaF min = 0.004177590819662044
lambdaB max = Inf
lambdaB min = 0.004177590819662044
----------------------------------
----------------------------------
Iteration = 25
Distance = 0.028298678902556773
v max = -1.483346494493402
v min = -8.586570870801328
d max = 0.07611111111111112
d min = 0.07611111111111112
dF max = 0.07611111111111112
dB max = 0.07611111111111112
hk max = 0.03798190879164412
hk min = 0.020165020259311404
hz max = 0.060668246739750124
hz min = 0.02017531825717577
lambdaF max = Inf
lambdaF min = 0.004177590819662044
lambdaB max = Inf
lambdaB min = 0.004177590819662044
----------------------------------
----------------------------------
Iteration = 26
Distance = 0.0255914590964732
v max = -1.5077615460959826
v min = -8.612162329897801
d max = 0.07611111111111112
d min = 0.07611111111111112
dF max = 0.07611111111111112
dB max = 0.07611111111111112
hk max = 0.03798827099978283
hk min = 0.0201658490522119
hz max = 0.060682706303701754
hz min = 0.020177201877404172
lambdaF max = Inf
lambdaF min = 0.004177590819662044
lambdaB max = Inf
lambdaB min = 0.004177590819662044
----------------------------------
----------------------------------
Iteration = 27
Distance = 0.023164145518673962
v max = -1.5300438331879245
v min = -8.635326475416475
d max = 0.07611111111111112
d min = 0.07611111111111112
dF max = 0.07611111111111112
dB max = 0.07611111111111112
hk max = 0.037993036683547976
hk min = 0.02016644356876456
hz max = 0.06069353740316799
hz min = 0.020178553051387483
lambdaF max = Inf
lambdaF min = 0.004177590819662044
lambdaB max = Inf
lambdaB min = 0.004177590819662044
----------------------------------
----------------------------------
Iteration = 28
Distance = 0.020982808515906726
v max = -1.5503635184690145
v min = -8.656309283932382
d max = 0.07611111111111112
d min = 0.07611111111111112
dF max = 0.07611111111111112
dB max = 0.07611111111111112
hk max = 0.03799660643070409
hk min = 0.02016687172235528
hz max = 0.06070165046488643
hz min = 0.020179526127730028
lambdaF max = Inf
lambdaF min = 0.004177590819662044
lambdaB max = Inf
lambdaB min = 0.004177590819662044
----------------------------------
----------------------------------
Iteration = 29
Distance = 0.019018731542971068
v max = -1.5688829134932687
v min = -8.675328015475353
d max = 0.07611111111111112
d min = 0.07611111111111112
dF max = 0.07611111111111112
dB max = 0.07611111111111112
hk max = 0.03799928030401853
hk min = 0.020167185621643137
hz max = 0.06070772744969196
hz min = 0.020180239535202437
lambdaF max = Inf
lambdaF min = 0.004177590819662044
lambdaB max = Inf
lambdaB min = 0.004177590819662044
----------------------------------
----------------------------------
Iteration = 30
Distance = 0.017247403317814047
v max = -1.5857546250669479
v min = -8.692575418793167
d max = 0.07611111111111112
d min = 0.07611111111111112
dF max = 0.07611111111111112
dB max = 0.07611111111111112
hk max = 0.03800128309418363
hk min = 0.02016742262169765
hz max = 0.06071227924552174
hz min = 0.02018077817168996
lambdaF max = Inf
lambdaF min = 0.004177590819662044
lambdaB max = Inf
lambdaB min = 0.004177590819662044
----------------------------------
----------------------------------
Iteration = 31
Distance = 0.0156477359681233
v max = -1.6011203968969663
v min = -8.70822315476129
d max = 0.07611111111111112
d min = 0.07611111111111112
dF max = 0.07611111111111112
dB max = 0.07611111111111112
hk max = 0.038002783210470556
hk min = 0.02016760552877147
hz max = 0.0607156886007193
hz min = 0.02018119386958501
lambdaF max = Inf
lambdaF min = 0.004177590819662044
lambdaB max = Inf
lambdaB min = 0.004177590819662044
----------------------------------
----------------------------------
Iteration = 32
Distance = 0.014201454297964489
v max = -1.6151108891184904
v min = -8.722424609059255
d max = 0.07611111111111112
d min = 0.07611111111111112
dF max = 0.07611111111111112
dB max = 0.07611111111111112
hk max = 0.038003906817970945
hk min = 0.020167747863825525
hz max = 0.06071824225412928
hz min = 0.020181517358344225
lambdaF max = Inf
lambdaF min = 0.004177590819662044
lambdaB max = Inf
lambdaB min = 0.004177590819662044
----------------------------------
----------------------------------
Iteration = 33
Distance = 0.012892615363506721
v max = -1.62784605335919
v min = -8.735317224422761
d max = 0.07611111111111112
d min = 0.07611111111111112
dF max = 0.07611111111111112
dB max = 0.07611111111111112
hk max = 0.038004748425158566
hk min = 0.020167857865357144
hz max = 0.0607201549977375
hz min = 0.02018176736182518
lambdaF max = Inf
lambdaF min = 0.004177590819662044
lambdaB max = Inf
lambdaB min = 0.004177590819662044
----------------------------------
----------------------------------
Iteration = 34
Distance = 0.011707227852062019
v max = -1.6394358731148706
v min = -8.747024452274824
d max = 0.07611111111111112
d min = 0.07611111111111112
dF max = 0.07611111111111112
dB max = 0.07611111111111112
hk max = 0.0380053788187953
hk min = 0.020167941256772938
hz max = 0.060721587710548273
hz min = 0.02018195688777016
lambdaF max = Inf
lambdaF min = 0.004177590819662044
lambdaB max = Inf
lambdaB min = 0.004177590819662044
----------------------------------
----------------------------------
Iteration = 35
Distance = 0.01063294828857586
v max = -1.6499811935066648
v min = -8.7576574005634
d max = 0.07611111111111112
d min = 0.07611111111111112
dF max = 0.07611111111111112
dB max = 0.07611111111111112
hk max = 0.0380058510134197
hk min = 0.020168003207113244
hz max = 0.060722660880149174
hz min = 0.02018209768399813
lambdaF max = Inf
lambdaF min = 0.004177590819662044
lambdaB max = Inf
lambdaB min = 0.004177590819662044
----------------------------------
----------------------------------
Iteration = 36
Distance = 0.00965883663000966
v max = -1.6595744792336042
v min = -8.767316237193409
d max = 0.07611111111111112
d min = 0.07611111111111112
dF max = 0.07611111111111112
dB max = 0.07611111111111112
hk max = 0.03800620471226386
hk min = 0.020168048421726974
hz max = 0.060723464741158625
hz min = 0.020182200444483885
lambdaF max = Inf
lambdaF min = 0.004177590819662044
lambdaB max = Inf
lambdaB min = 0.004177590819662044
----------------------------------
----------------------------------
Iteration = 37
Distance = 0.008775157937003897
v max = -1.6683004727790192
v min = -8.776091395130413
d max = 0.07611111111111112
d min = 0.07611111111111112
dF max = 0.07611111111111112
dB max = 0.07611111111111112
hk max = 0.0380064696507295
hk min = 0.020168081225868738
hz max = 0.06072406687403509
hz min = 0.02018227499935152
lambdaF max = Inf
lambdaF min = 0.004177590819662044
lambdaB max = Inf
lambdaB min = 0.004177590819662044
----------------------------------
----------------------------------
Iteration = 38
Distance = 0.007973219939648502
v max = -1.6762367476045332
v min = -8.784064615070061
d max = 0.07611111111111112
d min = 0.07611111111111112
dF max = 0.07611111111111112
dB max = 0.07611111111111112
hk max = 0.03800666810082247
hk min = 0.020168105184503925
hz max = 0.060724517896973654
hz min = 0.02018232945079514
lambdaF max = Inf
lambdaF min = 0.004177590819662044
lambdaB max = Inf
lambdaB min = 0.004177590819662044
----------------------------------
----------------------------------
Iteration = 39
Distance = 0.007245238708815549
v max = -1.6834542097826768
v min = -8.791309853778877
d max = 0.07611111111111112
d min = 0.07611111111111112
dF max = 0.07611111111111112
dB max = 0.07611111111111112
hk max = 0.03800681674600322
hk min = 0.020168122971506712
hz max = 0.06072485572692991
hz min = 0.02018236987580146
lambdaF max = Inf
lambdaF min = 0.004177590819662044
lambdaB max = Inf
lambdaB min = 0.004177590819662044
----------------------------------
----------------------------------
Iteration = 40
Distance = 0.006584226484937616
v max = -1.6900175740585035
v min = -8.797894080263815
d max = 0.07611111111111112
d min = 0.07611111111111112
dF max = 0.07611111111111112
dB max = 0.07611111111111112
hk max = 0.03800692808431817
hk min = 0.020168136445579216
hz max = 0.0607251087685548
hz min = 0.020182400498693517
lambdaF max = Inf
lambdaF min = 0.004177590819662044
lambdaB max = Inf
lambdaB min = 0.004177590819662044
----------------------------------
----------------------------------
Iteration = 41
Distance = 0.005983897122431969
v max = -1.6959858332218747
v min = -8.803877977386247
d max = 0.07611111111111112
d min = 0.07611111111111112
dF max = 0.07611111111111112
dB max = 0.07611111111111112
hk max = 0.03800701147852455
hk min = 0.02016814678061662
hz max = 0.060725298300842
hz min = 0.020182423987414898
lambdaF max = Inf
lambdaF min = 0.004177590819662044
lambdaB max = Inf
lambdaB min = 0.004177590819662044
----------------------------------
----------------------------------
Iteration = 42
Distance = 0.005438585674053087
v max = -1.7014127220645034
v min = -8.8093165630603
d max = 0.07611111111111112
d min = 0.07611111111111112
dF max = 0.07611111111111112
dB max = 0.07611111111111112
hk max = 0.03800707394232221
hk min = 0.020168154732408988
hz max = 0.060725440264018514
hz min = 0.020182442059670274
lambdaF max = Inf
lambdaF min = 0.004177590819662044
lambdaB max = Inf
lambdaB min = 0.004177590819662044
----------------------------------
----------------------------------
Iteration = 43
Distance = 0.004943179440246581
v max = -1.706347165004297
v min = -8.814259742500546
d max = 0.07611111111111112
d min = 0.07611111111111112
dF max = 0.07611111111111112
dB max = 0.07611111111111112
hk max = 0.038007120729320595
hk min = 0.020168160798266693
hz max = 0.06072554659810576
hz min = 0.020182455845710517
lambdaF max = Inf
lambdaF min = 0.004177590819662044
lambdaB max = Inf
lambdaB min = 0.004177590819662044
----------------------------------
----------------------------------
Iteration = 44
Distance = 0.004493058406739081
v max = -1.7108336995058953
v min = -8.818752800907285
d max = 0.07611111111111112
d min = 0.07611111111111112
dF max = 0.07611111111111112
dB max = 0.07611111111111112
hk max = 0.038007155774422596
hk min = 0.020168165360713038
hz max = 0.06072562624606484
hz min = 0.020182466214906748
lambdaF max = Inf
lambdaF min = 0.004177590819662044
lambdaB max = Inf
lambdaB min = 0.004177590819662044
----------------------------------
----------------------------------
Iteration = 45
Distance = 0.0040840434427451555
v max = -1.7149128663839932
v min = -8.82283684435003
d max = 0.07611111111111112
d min = 0.07611111111111112
dF max = 0.07611111111111112
dB max = 0.07611111111111112
hk max = 0.03800718202467846
hk min = 0.020168168742747836
hz max = 0.060725685905737264
hz min = 0.020182473901349477
lambdaF max = Inf
lambdaF min = 0.004177590819662044
lambdaB max = Inf
lambdaB min = 0.004177590819662044
----------------------------------
----------------------------------
Iteration = 46
Distance = 0.0037123509711829428
v max = -1.718621565798963
v min = -8.826549195321213
d max = 0.07611111111111112
d min = 0.07611111111111112
dF max = 0.07611111111111112
dB max = 0.07611111111111112
hk max = 0.03800720168728891
hk min = 0.020168171224277644
hz max = 0.06072573059348829
hz min = 0.020182479541189943
lambdaF max = Inf
lambdaF min = 0.004177590819662044
lambdaB max = Inf
lambdaB min = 0.004177590819662044
----------------------------------
----------------------------------
Iteration = 47
Distance = 0.0033745530817856917
v max = -1.7219933798518732
v min = -8.829923748402999
d max = 0.07611111111111112
d min = 0.07611111111111112
dF max = 0.07611111111111112
dB max = 0.07611111111111112
hk max = 0.03800721641539706
hk min = 0.02016817304360534
hz max = 0.060725764066461345
hz min = 0.02018248367602562
lambdaF max = Inf
lambdaF min = 0.004177590819662044
lambdaB max = Inf
lambdaB min = 0.004177590819662044
----------------------------------
----------------------------------
Iteration = 48
Distance = 0.0030675422600481284
v max = -1.7250588654053065
v min = -8.832991290663047
d max = 0.07611111111111112
d min = 0.07611111111111112
dF max = 0.07611111111111112
dB max = 0.07611111111111112
hk max = 0.03800722744725754
hk min = 0.02016817438652309
hz max = 0.06072578913887155
hz min = 0.02018248672811141
lambdaF max = Inf
lambdaF min = 0.004177590819662044
lambdaB max = Inf
lambdaB min = 0.004177590819662044
----------------------------------
----------------------------------
Iteration = 49
Distance = 0.002788500061889465
v max = -1.7278458211350836
v min = -8.835779790724937
d max = 0.07611111111111112
d min = 0.07611111111111112
dF max = 0.07611111111111112
dB max = 0.07611111111111112
hk max = 0.03800723571041138
hk min = 0.02016817539122901
hz max = 0.060725807918766625
hz min = 0.020182489011533963
lambdaF max = Inf
lambdaF min = 0.004177590819662044
lambdaB max = Inf
lambdaB min = 0.004177590819662044
----------------------------------
----------------------------------
Iteration = 50
Distance = 0.002534869188213662
v max = -1.7303795318468762
v min = -8.83831465991315
d max = 0.07611111111111112
d min = 0.07611111111111112
dF max = 0.07611111111111112
dB max = 0.07611111111111112
hk max = 0.03800724189968339
hk min = 0.0201681761520858
hz max = 0.060725821985293915
hz min = 0.02018249074075394
lambdaF max = Inf
lambdaF min = 0.004177590819662044
lambdaB max = Inf
lambdaB min = 0.004177590819662044
----------------------------------
----------------------------------
Iteration = 51
Distance = 0.0023043285107071654
v max = -1.7326829926289267
v min = -8.840618988423858
d max = 0.07611111111111112
d min = 0.07611111111111112
dF max = 0.07611111111111112
dB max = 0.07611111111111112
hk max = 0.03800724653556656
hk min = 0.02016817673244097
hz max = 0.06072583252139203
hz min = 0.02018249205974296
lambdaF max = Inf
lambdaF min = 0.004177590819662044
lambdaB max = Inf
lambdaB min = 0.004177590819662044
----------------------------------
----------------------------------
Iteration = 52
Distance = 0.0020947706764395946
v max = -1.7347771142491621
v min = -8.842713759100297
d max = 0.07611111111111112
d min = 0.07611111111111112
dF max = 0.07611111111111112
dB max = 0.07611111111111112
hk max = 0.0380072500079465
hk min = 0.020168177174768178
hz max = 0.06072584041316462
hz min = 0.020182493065032073
lambdaF max = Inf
lambdaF min = 0.004177590819662044
lambdaB max = Inf
lambdaB min = 0.004177590819662044
----------------------------------
----------------------------------
Iteration = 53
Distance = 0.0019042819802148614
v max = -1.7366809110984922
v min = -8.844618041080512
d max = 0.07611111111111112
d min = 0.07611111111111112
dF max = 0.07611111111111112
dB max = 0.07611111111111112
hk max = 0.038007252608859635
hk min = 0.020168177509319422
hz max = 0.060725846324330854
hz min = 0.020182493825375812
lambdaF max = Inf
lambdaF min = 0.004177590819662044
lambdaB max = Inf
lambdaB min = 0.004177590819662044
----------------------------------
----------------------------------
Iteration = 54
Distance = 0.0017311242401447657
v max = -1.7384116726785306
v min = -8.846349165320657
d max = 0.07611111111111112
d min = 0.07611111111111112
dF max = 0.07611111111111112
dB max = 0.07611111111111112
hk max = 0.03800725455703367
hk min = 0.020168177759795194
hz max = 0.0607258507519991
hz min = 0.02018249439463893
lambdaF max = Inf
lambdaF min = 0.004177590819662044
lambdaB max = Inf
lambdaB min = 0.004177590819662044
----------------------------------
----------------------------------
Iteration = 55
Distance = 0.0015737184514552638
v max = -1.7399851197725598
v min = -8.847922883772112
d max = 0.07611111111111112
d min = 0.07611111111111112
dF max = 0.07611111111111112
dB max = 0.07611111111111112
hk max = 0.03800725601629101
hk min = 0.02016817794545095
hz max = 0.06072585406849307
hz min = 0.020182494816583824
lambdaF max = Inf
lambdaF min = 0.004177590819662044
lambdaB max = Inf
lambdaB min = 0.004177590819662044
----------------------------------
----------------------------------
Iteration = 56
Distance = 0.0014306300243696057
v max = -1.7414155464985233
v min = -8.849353513796482
d max = 0.07611111111111112
d min = 0.07611111111111112
dF max = 0.07611111111111112
dB max = 0.07611111111111112
hk max = 0.03800725710933017
hk min = 0.020168178082441746
hz max = 0.060725856552672985
hz min = 0.020182495127926546
lambdaF max = Inf
lambdaF min = 0.004177590819662044
lambdaB max = Inf
lambdaB min = 0.004177590819662044
----------------------------------
----------------------------------
Iteration = 57
Distance = 0.0013005554371439132
v max = -1.7427159494588127
v min = -8.850654069233626
d max = 0.07611111111111112
d min = 0.07611111111111112
dF max = 0.07611111111111112
dB max = 0.07611111111111112
hk max = 0.03800725792805759
hk min = 0.020168178183607485
hz max = 0.060725858413417114
hz min = 0.020182495357848683
lambdaF max = Inf
lambdaF min = 0.004177590819662044
lambdaB max = Inf
lambdaB min = 0.004177590819662044
----------------------------------
----------------------------------
Iteration = 58
Distance = 0.0011823101575583195
v max = -1.7438981452004343
v min = -8.851836379391184
d max = 0.07611111111111112
d min = 0.07611111111111112
dF max = 0.07611111111111112
dB max = 0.07611111111111112
hk max = 0.03800725854130783
hk min = 0.020168178258855068
hz max = 0.060725859807167645
hz min = 0.02018249552886591
lambdaF max = Inf
lambdaF min = 0.004177590819662044
lambdaB max = Inf
lambdaB min = 0.004177590819662044
----------------------------------
----------------------------------
Iteration = 59
Distance = 0.0010748177034063389
v max = -1.7449728770695452
v min = -8.85291119709459
d max = 0.07611111111111112
d min = 0.07611111111111112
dF max = 0.07611111111111112
dB max = 0.07611111111111112
hk max = 0.03800725900064762
hk min = 0.02016817831533572
hz max = 0.06072586085112172
hz min = 0.02018249565723103
lambdaF max = Inf
lambdaF min = 0.004177590819662044
lambdaB max = Inf
lambdaB min = 0.004177590819662044
----------------------------------
----------------------------------
Iteration = 60
Distance = 0.0009770997281588478
v max = -1.7459499124599156
v min = -8.853888296822749
d max = 0.07611111111111112
d min = 0.07611111111111112
dF max = 0.07611111111111112
dB max = 0.07611111111111112
hk max = 0.03800725934470394
hk min = 0.02016817835806139
hz max = 0.0607258616330679
hz min = 0.02018249575433483
lambdaF max = Inf
lambdaF min = 0.004177590819662044
lambdaB max = Inf
lambdaB min = 0.004177590819662044
----------------------------------
----------------------------------
Iteration = 61
Distance = 0.0008882670309944274
v max = -1.746838131317162
v min = -8.854776563853743
d max = 0.07611111111111112
d min = 0.07611111111111112
dF max = 0.07611111111111112
dB max = 0.07611111111111112
hk max = 0.03800725960241001
hk min = 0.02016817839048643
hz max = 0.06072586221876353
hz min = 0.020182495828028096
lambdaF max = Inf
lambdaF min = 0.004177590819662044
lambdaB max = Inf
lambdaB min = 0.004177590819662044
----------------------------------
----------------------------------
Iteration = 62
Distance = 0.0008075114010654971
v max = -1.7476456066780361
v min = -8.855584075254809
d max = 0.07611111111111112
d min = 0.07611111111111112
dF max = 0.07611111111111112
dB max = 0.07611111111111112
hk max = 0.038007259795437565
hk min = 0.02016817841503427
hz max = 0.06072586265746251
hz min = 0.02018249588381864
lambdaF max = Inf
lambdaF min = 0.004177590819662044
lambdaB max = Inf
lambdaB min = 0.004177590819662044
----------------------------------
----------------------------------
Iteration = 63
Distance = 0.0007340982163679399
v max = -1.7483796779401852
v min = -8.856318173471177
d max = 0.07611111111111112
d min = 0.07611111111111112
dF max = 0.07611111111111112
dB max = 0.07611111111111112
hk max = 0.03800725994002234
hk min = 0.020168178433507343
hz max = 0.06072586298606427
hz min = 0.020182495925802898
lambdaF max = Inf
lambdaF min = 0.004177590819662044
lambdaB max = Inf
lambdaB min = 0.004177590819662044
----------------------------------
----------------------------------
Iteration = 64
Distance = 0.0006673597248045837
v max = -1.7490470174998627
v min = -8.856985533195981
d max = 0.07611111111111112
d min = 0.07611111111111112
dF max = 0.07611111111111112
dB max = 0.07611111111111112
hk max = 0.03800726004831989
hk min = 0.02016817844730186
hz max = 0.06072586323219507
hz min = 0.020182495957154076
lambdaF max = Inf
lambdaF min = 0.004177590819662044
lambdaB max = Inf
lambdaB min = 0.004177590819662044
----------------------------------
----------------------------------
Iteration = 65
Distance = 0.0006066889435931699
v max = -1.7496536913459444
v min = -8.857592222139575
d max = 0.07611111111111112
d min = 0.07611111111111112
dF max = 0.07611111111111112
dB max = 0.07611111111111112
hk max = 0.03800726012943948
hk min = 0.02016817845754469
hz max = 0.060725863416557765
hz min = 0.02018249598043324
lambdaF max = Inf
lambdaF min = 0.004177590819662044
lambdaB max = Inf
lambdaB min = 0.004177590819662044
----------------------------------
----------------------------------
Iteration = 66
Distance = 0.0005515341184310074
v max = -1.7502052141509026
v min = -8.858143756258006
d max = 0.07611111111111112
d min = 0.07611111111111112
dF max = 0.07611111111111112
dB max = 0.07611111111111112
hk max = 0.038007260190200565
hk min = 0.020168178465133815
hz max = 0.06072586355465113
hz min = 0.02018249599768125
lambdaF max = Inf
lambdaF min = 0.004177590819662044
lambdaB max = Inf
lambdaB min = 0.004177590819662044
----------------------------------
----------------------------------
Iteration = 67
Distance = 0.0005013936907491967
v max = -1.7507065993583373
v min = -8.858645149948755
d max = 0.07611111111111112
d min = 0.07611111111111112
dF max = 0.07611111111111112
dB max = 0.07611111111111112
hk max = 0.03800726023571172
hk min = 0.020168178470769998
hz max = 0.06072586365808559
hz min = 0.020182496010490752
lambdaF max = Inf
lambdaF min = 0.004177590819662044
lambdaB max = Inf
lambdaB min = 0.004177590819662044
----------------------------------
----------------------------------
Iteration = 68
Distance = 0.00045581172530972935
v max = -1.7511624047213887
v min = -8.859100961674065
d max = 0.07611111111111112
d min = 0.07611111111111112
dF max = 0.07611111111111112
dB max = 0.07611111111111112
hk max = 0.03800726026979978
hk min = 0.020168178474981063
hz max = 0.060725863735558445
hz min = 0.02018249602006136
lambdaF max = Inf
lambdaF min = 0.004177590819662044
lambdaB max = Inf
lambdaB min = 0.004177590819662044
----------------------------------
----------------------------------
Iteration = 69
Distance = 0.0004143737558255367
v max = -1.751576773707302
v min = -8.85951533542989
d max = 0.07611111111111112
d min = 0.07611111111111112
dF max = 0.07611111111111112
dB max = 0.07611111111111112
hk max = 0.03800726029533345
hk min = 0.020168178478144106
hz max = 0.060725863793589525
hz min = 0.02018249602725009
lambdaF max = Inf
lambdaF min = 0.004177590819662044
lambdaB max = Inf
lambdaB min = 0.004177590819662044
----------------------------------
----------------------------------
Iteration = 70
Distance = 0.0003767030099801616
v max = -1.7519534731435977
v min = -8.85989203843987
d max = 0.07611111111111112
d min = 0.07611111111111112
dF max = 0.07611111111111112
dB max = 0.07611111111111112
hk max = 0.03800726031445828
hk min = 0.020168178480535405
hz max = 0.060725863837055034
hz min = 0.020182496032684856
lambdaF max = Inf
lambdaF min = 0.004177590819662044
lambdaB max = Inf
lambdaB min = 0.004177590819662044
----------------------------------
----------------------------------
Iteration = 71
Distance = 0.00034245697888479754
v max = -1.7522959274469643
v min = -8.860234495418755
d max = 0.07611111111111112
d min = 0.07611111111111112
dF max = 0.07611111111111112
dB max = 0.07611111111111112
hk max = 0.03800726032878525
hk min = 0.020168178482339684
hz max = 0.06072586386961633
hz min = 0.020182496036785492
lambdaF max = Inf
lambdaF min = 0.004177590819662044
lambdaB max = Inf
lambdaB min = 0.004177590819662044
----------------------------------
----------------------------------
Iteration = 72
Distance = 0.0003113242993570964
v max = -1.7526072497442153
v min = -8.860545819718112
d max = 0.07611111111111112
d min = 0.07611111111111112
dF max = 0.07611111111111112
dB max = 0.07611111111111112
hk max = 0.03800726033951661
hk min = 0.020168178483702604
hz max = 0.06072586389400578
hz min = 0.020182496039883042
lambdaF max = Inf
lambdaF min = 0.004177590819662044
lambdaB max = Inf
lambdaB min = 0.004177590819662044
----------------------------------
----------------------------------
Iteration = 73
Distance = 0.0002830219203673323
v max = -1.7528902701664781
v min = -8.86082884163848
d max = 0.07611111111111112
d min = 0.07611111111111112
dF max = 0.07611111111111112
dB max = 0.07611111111111112
hk max = 0.038007260347556804
hk min = 0.02016817848472173
hz max = 0.060725863912278945
hz min = 0.020182496042199242
lambdaF max = Inf
lambdaF min = 0.004177590819662044
lambdaB max = Inf
lambdaB min = 0.004177590819662044
----------------------------------
----------------------------------
Iteration = 74
Distance = 0.00025729252758388554
v max = -1.7531475615727257
v min = -8.861086134166063
d max = 0.07611111111111112
d min = 0.07611111111111112
dF max = 0.07611111111111112
dB max = 0.07611111111111112
hk max = 0.03800726035357724
hk min = 0.020168178485485615
hz max = 0.06072586392596176
hz min = 0.02018249604393534
lambdaF max = Inf
lambdaF min = 0.004177590819662044
lambdaB max = Inf
lambdaB min = 0.004177590819662044
----------------------------------
----------------------------------
Iteration = 75
Distance = 0.00023390220244934312
v max = -1.7533814629353301
v min = -8.861320036368513
d max = 0.07611111111111112
d min = 0.07611111111111112
dF max = 0.07611111111111112
dB max = 0.07611111111111112
hk max = 0.0380072603580847
hk min = 0.020168178486050896
hz max = 0.06072586393620599
hz min = 0.020182496045220072
lambdaF max = Inf
lambdaF min = 0.004177590819662044
lambdaB max = Inf
lambdaB min = 0.004177590819662044
----------------------------------
----------------------------------
Iteration = 76
Distance = 0.00021263829443540772
v max = -1.7535941006004057
v min = -8.861532674662948
d max = 0.07611111111111112
d min = 0.07611111111111112
dF max = 0.07611111111111112
dB max = 0.07611111111111112
hk max = 0.03800726036146021
hk min = 0.02016817848647353
hz max = 0.06072586394387761
hz min = 0.020182496046180602
lambdaF max = Inf
lambdaF min = 0.004177590819662044
lambdaB max = Inf
lambdaB min = 0.004177590819662044
----------------------------------
----------------------------------
Iteration = 77
Distance = 0.00019330748690826738
v max = -1.7537874076154962
v min = -8.861725982149856
d max = 0.07611111111111112
d min = 0.07611111111111112
dF max = 0.07611111111111112
dB max = 0.07611111111111112
hk max = 0.03800726036399231
hk min = 0.020168178486786807
hz max = 0.06072586394963238
hz min = 0.02018249604689259
lambdaF max = Inf
lambdaF min = 0.004177590819662044
lambdaB max = Inf
lambdaB min = 0.004177590819662044
----------------------------------
----------------------------------
Iteration = 78
Distance = 0.00017573403893855755
v max = -1.7539631413007428
v min = -8.861901716188795
d max = 0.07611111111111112
d min = 0.07611111111111112
dF max = 0.07611111111111112
dB max = 0.07611111111111112
hk max = 0.03800726036588815
hk min = 0.02016817848702286
hz max = 0.0607258639539411
hz min = 0.02018249604742908
lambdaF max = Inf
lambdaF min = 0.004177590819662044
lambdaB max = Inf
lambdaB min = 0.004177590819662044
----------------------------------
----------------------------------
Iteration = 79
Distance = 0.00015975818719304868
v max = -1.754122899222886
v min = -8.862061474375988
d max = 0.07611111111111112
d min = 0.07611111111111112
dF max = 0.07611111111111112
dB max = 0.07611111111111112
hk max = 0.03800726036730678
hk min = 0.020168178487199265
hz max = 0.06072586395716528
hz min = 0.020182496047829998
lambdaF max = Inf
lambdaF min = 0.004177590819662044
lambdaB max = Inf
lambdaB min = 0.004177590819662044
----------------------------------
----------------------------------
Iteration = 80
Distance = 0.00014523469316785054
v max = -1.7542681337175057
v min = -8.862206709069156
d max = 0.07611111111111112
d min = 0.07611111111111112
dF max = 0.07611111111111112
dB max = 0.07611111111111112
hk max = 0.03800726036837031
hk min = 0.020168178487332437
hz max = 0.06072586395958236
hz min = 0.020182496048132662
lambdaF max = Inf
lambdaF min = 0.004177590819662044
lambdaB max = Inf
lambdaB min = 0.004177590819662044
----------------------------------
----------------------------------
Iteration = 81
Distance = 0.00013203152239960048
v max = -1.7544001650912666
v min = -8.862338740591555
d max = 0.07611111111111112
d min = 0.07611111111111112
dF max = 0.07611111111111112
dB max = 0.07611111111111112
hk max = 0.038007260369167475
hk min = 0.02016817848743324
hz max = 0.06072586396139413
hz min = 0.020182496048361757
lambdaF max = Inf
lambdaF min = 0.004177590819662044
lambdaB max = Inf
lambdaB min = 0.004177590819662044
----------------------------------
----------------------------------
Iteration = 82
Distance = 0.00012002864410476377
v max = -1.7545201936241157
v min = -8.86245876923566
d max = 0.07611111111111112
d min = 0.07611111111111112
dF max = 0.07611111111111112
dB max = 0.07611111111111112
hk max = 0.038007260369763055
hk min = 0.02016817848750838
hz max = 0.0607258639627477
hz min = 0.02018249604853253
lambdaF max = Inf
lambdaF min = 0.004177590819662044
lambdaB max = Inf
lambdaB min = 0.004177590819662044
----------------------------------
----------------------------------
Iteration = 83
Distance = 0.00010911693973625347
v max = -1.7546293104805821
v min = -8.862567886175396
d max = 0.07611111111111112
d min = 0.07611111111111112
dF max = 0.07611111111111112
dB max = 0.07611111111111112
hk max = 0.0380072603702088
hk min = 0.020168178487565486
hz max = 0.06072586396376077
hz min = 0.02018249604866232
lambdaF max = Inf
lambdaF min = 0.004177590819662044
lambdaB max = Inf
lambdaB min = 0.004177590819662044
----------------------------------
----------------------------------
Iteration = 84
Distance = 9.919721087214839e-5
v max = -1.7547285076290895
v min = -8.862667083386269
d max = 0.07611111111111112
d min = 0.07611111111111112
dF max = 0.07611111111111112
dB max = 0.07611111111111112
hk max = 0.03800726037054358
hk min = 0.020168178487606638
hz max = 0.06072586396452163
hz min = 0.020182496048755848
lambdaF max = Inf
lambdaF min = 0.004177590819662044
lambdaB max = Inf
lambdaB min = 0.004177590819662044
----------------------------------
----------------------------------
Iteration = 85
Distance = 9.017927730425868e-5
v max = -1.7548186868596864
v min = -8.862757262663573
d max = 0.07611111111111112
d min = 0.07611111111111112
dF max = 0.07611111111111112
dB max = 0.07611111111111112
hk max = 0.038007260370795125
hk min = 0.020168178487639472
hz max = 0.06072586396509332
hz min = 0.02018249604883046
lambdaF max = Inf
lambdaF min = 0.004177590819662044
lambdaB max = Inf
lambdaB min = 0.004177590819662044
----------------------------------
----------------------------------
Iteration = 86
Distance = 8.198115722457544e-5
v max = -1.7549006679818977
v min = -8.862839243820797
d max = 0.07611111111111112
d min = 0.07611111111111112
dF max = 0.07611111111111112
dB max = 0.07611111111111112
hk max = 0.038007260370981934
hk min = 0.02016817848766074
hz max = 0.060725863965517886
hz min = 0.020182496048878805
lambdaF max = Inf
lambdaF min = 0.004177590819662044
lambdaB max = Inf
lambdaB min = 0.004177590819662044
----------------------------------
----------------------------------
Iteration = 87
Distance = 7.452832176646496e-5
v max = -1.7549751962774454
v min = -8.862913772142564
d max = 0.07611111111111112
d min = 0.07611111111111112
dF max = 0.07611111111111112
dB max = 0.07611111111111112
hk max = 0.0380072603711225
hk min = 0.020168178487680856
hz max = 0.060725863965837366
hz min = 0.02018249604892452
lambdaF max = Inf
lambdaF min = 0.004177590819662044
lambdaB max = Inf
lambdaB min = 0.004177590819662044
----------------------------------
----------------------------------
Iteration = 88
Distance = 6.77530175643426e-5
v max = -1.7550429492753432
v min = -8.862981525160128
d max = 0.07611111111111112
d min = 0.07611111111111112
dF max = 0.07611111111111112
dB max = 0.07611111111111112
hk max = 0.03800726037122608
hk min = 0.020168178487691257
hz max = 0.06072586396607277
hz min = 0.020182496048948166
lambdaF max = Inf
lambdaF min = 0.004177590819662044
lambdaB max = Inf
lambdaB min = 0.004177590819662044
----------------------------------
----------------------------------
Iteration = 89
Distance = 6.159365066338296e-5
v max = -1.7551045429112864
v min = -8.863043118810792
d max = 0.07611111111111112
d min = 0.07611111111111112
dF max = 0.07611111111111112
dB max = 0.07611111111111112
hk max = 0.03800726037130561
hk min = 0.020168178487704205
hz max = 0.06072586396625352
hz min = 0.02018249604897759
lambdaF max = Inf
lambdaF min = 0.004177590819662044
lambdaB max = Inf
lambdaB min = 0.004177590819662044
----------------------------------
----------------------------------
Iteration = 90
Distance = 5.59942266225022e-5
v max = -1.7551605371268693
v min = -8.863099113037414
d max = 0.07611111111111112
d min = 0.07611111111111112
dF max = 0.07611111111111112
dB max = 0.07611111111111112
hk max = 0.0380072603713648
hk min = 0.02016817848770837
hz max = 0.06072586396638804
hz min = 0.020182496048987048
lambdaF max = Inf
lambdaF min = 0.004177590819662044
lambdaB max = Inf
lambdaB min = 0.004177590819662044
----------------------------------
----------------------------------
Iteration = 91
Distance = 5.090384145134408e-5
v max = -1.7552114409600625
v min = -8.863150016878866
d max = 0.07611111111111112
d min = 0.07611111111111112
dF max = 0.07611111111111112
dB max = 0.07611111111111112
hk max = 0.038007260371409196
hk min = 0.020168178487717153
hz max = 0.06072586396648893
hz min = 0.020182496049007015
lambdaF max = Inf
lambdaF min = 0.004177590819662044
lambdaB max = Inf
lambdaB min = 0.004177590819662044
----------------------------------
----------------------------------
Iteration = 92
Distance = 4.62762188000454e-5
v max = -1.7552577171726722
v min = -8.863196293097666
d max = 0.07611111111111112
d min = 0.07611111111111112
dF max = 0.07611111111111112
dB max = 0.07611111111111112
hk max = 0.03800726037144248
hk min = 0.02016817848771831
hz max = 0.06072586396656459
hz min = 0.02018249604900964
lambdaF max = Inf
lambdaF min = 0.004177590819662044
lambdaB max = Inf
lambdaB min = 0.004177590819662044
----------------------------------
----------------------------------
Iteration = 93
Distance = 4.206928929662013e-5
v max = -1.755299786457345
v min = -8.863238362386962
d max = 0.07611111111111112
d min = 0.07611111111111112
dF max = 0.07611111111111112
dB max = 0.07611111111111112
hk max = 0.038007260371466525
hk min = 0.02016817848772409
hz max = 0.06072586396661924
hz min = 0.02018249604902278
lambdaF max = Inf
lambdaF min = 0.004177590819662044
lambdaB max = Inf
lambdaB min = 0.004177590819662044
----------------------------------
----------------------------------
Iteration = 94
Distance = 3.8244808056475676e-5
v max = -1.7553380312619304
v min = -8.863276607195019
d max = 0.07611111111111112
d min = 0.07611111111111112
dF max = 0.07611111111111112
dB max = 0.07611111111111112
hk max = 0.03800726037148687
hk min = 0.020168178487723856
hz max = 0.06072586396666548
hz min = 0.020182496049022253
lambdaF max = Inf
lambdaF min = 0.004177590819662044
lambdaB max = Inf
lambdaB min = 0.004177590819662044
----------------------------------
----------------------------------
Iteration = 95
Distance = 3.476800702451044e-5
v max = -1.755372799266369
v min = -8.863311375202043
d max = 0.07611111111111112
d min = 0.07611111111111112
dF max = 0.07611111111111112
dB max = 0.07611111111111112
hk max = 0.03800726037149982
hk min = 0.02016817848772825
hz max = 0.0607258639666949
hz min = 0.020182496049032238
lambdaF max = Inf
lambdaF min = 0.004177590819662044
lambdaB max = Inf
lambdaB min = 0.004177590819662044
----------------------------------
----------------------------------
Iteration = 96
Distance = 3.1607278893730495e-5
v max = -1.7554044065433143
v min = -8.863342982480937
d max = 0.07611111111111112
d min = 0.07611111111111112
dF max = 0.07611111111111112
dB max = 0.07611111111111112
hk max = 0.03800726037151092
hk min = 0.020168178487727097
hz max = 0.060725863966720126
hz min = 0.02018249604902961
lambdaF max = Inf
lambdaF min = 0.004177590819662044
lambdaB max = Inf
lambdaB min = 0.004177590819662044
----------------------------------
----------------------------------
Iteration = 97
Distance = 2.873388974045099e-5
v max = -1.7554331404315986
v min = -8.863371716370677
d max = 0.07611111111111112
d min = 0.07611111111111112
dF max = 0.07611111111111112
dB max = 0.07611111111111112
hk max = 0.03800726037151832
hk min = 0.02016817848773033
hz max = 0.06072586396673694
hz min = 0.020182496049036967
lambdaF max = Inf
lambdaF min = 0.004177590819662044
lambdaB max = Inf
lambdaB min = 0.004177590819662044
----------------------------------
----------------------------------
Iteration = 98
Distance = 2.6121717823457402e-5
v max = -1.75545926214832
v min = -8.8633978380885
d max = 0.07611111111111112
d min = 0.07611111111111112
dF max = 0.07611111111111112
dB max = 0.07611111111111112
hk max = 0.03800726037152387
hk min = 0.020168178487728942
hz max = 0.06072586396674955
hz min = 0.020182496049033813
lambdaF max = Inf
lambdaF min = 0.004177590819662044
lambdaB max = Inf
lambdaB min = 0.004177590819662044
----------------------------------
----------------------------------
Iteration = 99
Distance = 2.3747016104636032e-5
v max = -1.7554830091636195
v min = -8.863421585104605
d max = 0.07611111111111112
d min = 0.07611111111111112
dF max = 0.07611111111111112
dB max = 0.07611111111111112
hk max = 0.03800726037152757
hk min = 0.02016817848773149
hz max = 0.060725863966757956
hz min = 0.020182496049039593
lambdaF max = Inf
lambdaF min = 0.004177590819662044
lambdaB max = Inf
lambdaB min = 0.004177590819662044
----------------------------------
----------------------------------
Iteration = 100
Distance = 2.158819640030174e-5
v max = -1.7555045973593864
v min = -8.863443173301006
d max = 0.07611111111111112
d min = 0.07611111111111112
dF max = 0.07611111111111112
dB max = 0.07611111111111112
hk max = 0.038007260371531265
hk min = 0.0201681784877301
hz max = 0.060725863966766366
hz min = 0.02018249604903644
lambdaF max = Inf
lambdaF min = 0.004177590819662044
lambdaB max = Inf
lambdaB min = 0.004177590819662044
----------------------------------
----------------------------------
Iteration = 101
Distance = 1.962563302804199e-5
v max = -1.7555242229919676
v min = -8.863462798934034
d max = 0.07611111111111112
d min = 0.07611111111111112
dF max = 0.07611111111111112
dB max = 0.07611111111111112
hk max = 0.038007260371534964
hk min = 0.020168178487731718
hz max = 0.060725863966774776
hz min = 0.02018249604904012
lambdaF max = Inf
lambdaF min = 0.004177590819662044
lambdaB max = Inf
lambdaB min = 0.004177590819662044
----------------------------------
----------------------------------
Iteration = 102
Distance = 1.7841484535097152e-5
v max = -1.7555420644761561
v min = -8.863480640418569
d max = 0.07611111111111112
d min = 0.07611111111111112
dF max = 0.07611111111111112
dB max = 0.07611111111111112
hk max = 0.038007260371536816
hk min = 0.020168178487731257
hz max = 0.060725863966778974
hz min = 0.02018249604903907
lambdaF max = Inf
lambdaF min = 0.004177590819662044
lambdaB max = Inf
lambdaB min = 0.004177590819662044
----------------------------------
----------------------------------
Iteration = 103
Distance = 1.6219531367767104e-5
v max = -1.7555582840072634
v min = -8.863496859949937
d max = 0.07611111111111112
d min = 0.07611111111111112
dF max = 0.07611111111111112
dB max = 0.07611111111111112
hk max = 0.03800726037153866
hk min = 0.020168178487731718
hz max = 0.06072586396678318
hz min = 0.02018249604904012
lambdaF max = Inf
lambdaF min = 0.004177590819662044
lambdaB max = Inf
lambdaB min = 0.004177590819662044
----------------------------------
----------------------------------
Iteration = 104
Distance = 1.4745028487084255e-5
v max = -1.7555730290355616
v min = -8.863511604978424
d max = 0.07611111111111112
d min = 0.07611111111111112
dF max = 0.07611111111111112
dB max = 0.07611111111111112
hk max = 0.03800726037153866
hk min = 0.02016817848773149
hz max = 0.06072586396678318
hz min = 0.020182496049039593
lambdaF max = Inf
lambdaF min = 0.004177590819662044
lambdaB max = Inf
lambdaB min = 0.004177590819662044
----------------------------------
----------------------------------
Iteration = 105
Distance = 1.3404571339137306e-5
v max = -1.755586433606757
v min = -8.863525009549763
d max = 0.07611111111111112
d min = 0.07611111111111112
dF max = 0.07611111111111112
dB max = 0.07611111111111112
hk max = 0.03800726037153866
hk min = 0.02016817848773195
hz max = 0.06072586396678318
hz min = 0.020182496049040644
lambdaF max = Inf
lambdaF min = 0.004177590819662044
lambdaB max = Inf
lambdaB min = 0.004177590819662044
----------------------------------
----------------------------------
Iteration = 106
Distance = 1.2185973934819572e-5
v max = -1.7555986195805877
v min = -8.863537195523698
d max = 0.07611111111111112
d min = 0.07611111111111112
dF max = 0.07611111111111112
dB max = 0.07611111111111112
hk max = 0.03800726037154051
hk min = 0.02016817848773195
hz max = 0.060725863966787384
hz min = 0.020182496049040644
lambdaF max = Inf
lambdaF min = 0.004177590819662044
lambdaB max = Inf
lambdaB min = 0.004177590819662044
----------------------------------
----------------------------------
Iteration = 107
Distance = 1.107815812240176e-5
v max = -1.7556096977386235
v min = -8.86354827368182
d max = 0.07611111111111112
d min = 0.07611111111111112
dF max = 0.07611111111111112
dB max = 0.07611111111111112
hk max = 0.03800726037154236
hk min = 0.02016817848773195
hz max = 0.06072586396679159
hz min = 0.020182496049040644
lambdaF max = Inf
lambdaF min = 0.004177590819662044
lambdaB max = Inf
lambdaB min = 0.004177590819662044
----------------------------------
----------------------------------
Iteration = 108
Distance = 1.0071052829019322e-5
v max = -1.7556197687913864
v min = -8.863558344734644
d max = 0.07611111111111112
d min = 0.07611111111111112
dF max = 0.07611111111111112
dB max = 0.07611111111111112
hk max = 0.03800726037154236
hk min = 0.020168178487732183
hz max = 0.06072586396679159
hz min = 0.020182496049041168
lambdaF max = Inf
lambdaF min = 0.004177590819662044
lambdaB max = Inf
lambdaB min = 0.004177590819662044
----------------------------------
----------------------------------
Iteration = 109
Distance = 9.15550256586073e-6
v max = -1.7556289242939056
v min = -8.863567500237208
d max = 0.07611111111111112
d min = 0.07611111111111112
dF max = 0.07611111111111112
dB max = 0.07611111111111112
hk max = 0.03800726037154236
hk min = 0.020168178487731718
hz max = 0.06072586396679159
hz min = 0.02018249604904012
lambdaF max = Inf
lambdaF min = 0.004177590819662044
lambdaB max = Inf
lambdaB min = 0.004177590819662044
----------------------------------
    Value Function Converged, Iteration = 109 with gamma=7.0 with rho=1.0 and v=-3.7645886670508397
    Natural boundary condition
=============================================================
Convegence time (minutes): 0.11585275863333333
Current Time = 22:23:36
grid points for z:  401
grid size for z:  0.025
-0.39502489073664165
-0.6247259112769681
--- 8.359838008880615 seconds for the elasticity computation ---
-0.020010307648913133
-0.14123742724193855
--- 0.0640101432800293 seconds for the elasticity computation ---
-0.23747875338266033
-0.48348848403502953
--- 0.06312084197998047 seconds for the elasticity computation ---
-0.4644041588193105
-0.6303698513900451
--- 0.06670522689819336 seconds for the elasticity computation ---
Current Time = 22:23:48
grid points for z:  401
grid size for z:  0.025
rho = 1
0.05937926808266887
--- 8.47216248512268 seconds for the elasticity computation ---
0.0
--- 0.07175040245056152 seconds for the elasticity computation ---
0.05937926808266887
--- 0.07080340385437012 seconds for the elasticity computation ---
0.0
--- 0.06974315643310547 seconds for the elasticity computation ---
0.0
--- 0.0688018798828125 seconds for the elasticity computation ---
0.05937926808266887
0.005643940113077034
--- 0.06743574142456055 seconds for the elasticity computation ---
0.05937926808266887
0.005643940113077034
--- 0.06597733497619629 seconds for the elasticity computation ---
0.05937926808266887
0.005643940113077034
--- 0.06539440155029297 seconds for the elasticity computation ---
0.05937926808266887
0.005643940113077034
--- 0.06532430648803711 seconds for the elasticity computation ---
parsed_args = parse_commandline() = Dict{String, Any}("dataname" => "lower_triangular_two_ambiguous_parameters", "clowerlim" => 0.0001, "delta" => 0.01, "boundary" => 0, "Delta" => 10.0, "q" => 0.1, "zmax" => 5.0, "logadjustment" => 1, "zscale" => 2.0, "foc" => 1, "distorted" => 0, "rho" => 1.0, "gamma" => 7.0)
=============================================================
./output/lower_triangular_two_ambiguous_parameters/Delta_10.0_distorted_0/logadjustment_1_boundary_0/zmax_5.0_zscale_2.0/delta_0.01/q_0.1_gamma_7.0_rho_1.0/
=============================================================
solve for structured linear system 
structured_relative_entropy = 0.10248292110820444
=============================================================
solve for unstructured linear system 
q_update = 0.4296314070429593
=============================================================
parsed_args = parse_commandline() = Dict{String, Any}("dataname" => "lower_triangular_two_ambiguous_parameters", "clowerlim" => 0.0001, "delta" => 0.01, "boundary" => 0, "Delta" => 10.0, "q" => 0.1, "zmax" => 5.0, "logadjustment" => 1, "zscale" => 2.0, "foc" => 1, "distorted" => 0, "rho" => 1.0, "gamma" => 7.0)
=============================================================
./output/lower_triangular_two_ambiguous_parameters/Delta_10.0_distorted_0/logadjustment_1_boundary_0/zmax_5.0_zscale_2.0/delta_0.01/q_0.1_gamma_7.0_rho_1.0/
=============================================================
solve for structured linear system 
structured_relative_entropy = 0.10248292110820441
=============================================================
solve for unstructured linear system 
q_update = 0.4296314070429593
=============================================================
Program ends Fri Jan 19 22:24:29 CST 2024
Elapsed time: 0 days 00 hr 01 min 21 sec
