D_10.0_distorted_0_boundary_0_delta_0.015_gamma_1.0_q_0.05_rho_1.0_lower_triangular_two_ambiguous_parameters
Program starts Fri Jan 19 22:23:10 CST 2024
parsed_args = parse_commandline() = Dict{String, Any}("dataname" => "lower_triangular_two_ambiguous_parameters", "clowerlim" => 0.0001, "delta" => 0.015, "boundary" => 0, "Delta" => 10.0, "q" => 0.05, "zmax" => 5.0, "logadjustment" => 1, "zscale" => 2.0, "foc" => 1, "distorted" => 0, "rho" => 1.0, "gamma" => 1.0)
=============================================================
logadjustment: true
reflective_boundary: false
0.1002
sigma_k: [0.011287880226154068, 0.0]
sigma_z: [0.026030751045638307, 0.05916079783099616]
Compute value function WITH ROBUSTNESS
computing undistorted version...
zmax = 5.0, zmin = -5.0, zlength = 401
natural boundary condition
----------------------------------
Iteration = 1
Distance = 1.2262061039385737
v max = -0.8870248173888597
v min = -3.2262061039385737
d max = 0.07607142857142857
d min = 0.07607142857142857
dF max = 0.07607142857142857
dB max = 0.07607142857142857
hk max = 0.011287880226154068
hk min = 0.011287880226154068
hz max = 0.0
hz min = 0.0
lambdaF max = Inf
lambdaF min = 0.008624482946382158
lambdaB max = Inf
lambdaB min = 0.008624482946382158
----------------------------------
----------------------------------
Iteration = 2
Distance = 0.8998083305842135
v max = -0.4633723443326493
v min = -4.126014434522787
d max = 0.07607142857142857
d min = 0.07607142857142857
dF max = 0.07607142857142857
dB max = 0.07607142857142857
hk max = 0.017376944798234765
hk min = 0.01737694479823199
hz max = 0.01383878311836522
hz min = 0.013838783118358917
lambdaF max = Inf
lambdaF min = 0.008624482946382158
lambdaB max = Inf
lambdaB min = 0.008624482946382158
----------------------------------
----------------------------------
Iteration = 3
Distance = 0.595982366065166
v max = -0.2662079293803918
v min = -4.721996800587953
d max = 0.07607142857142857
d min = 0.07607142857142857
dF max = 0.07607142857142857
dB max = 0.07607142857142857
hk max = 0.021805043685796173
hk min = 0.019838981650315987
hz max = 0.023902644226459338
hz min = 0.019434321418549824
lambdaF max = Inf
lambdaF min = 0.008624482946382158
lambdaB max = Inf
lambdaB min = 0.008624482946382158
----------------------------------
----------------------------------
Iteration = 4
Distance = 0.3995626973467319
v max = -0.18550226009151308
v min = -5.121559497934685
d max = 0.07607142857142857
d min = 0.07607142857142857
dF max = 0.07607142857142857
dB max = 0.07607142857142857
hk max = 0.024684313295166325
hk min = 0.02108930104198154
hz max = 0.030446438793209678
hz min = 0.022275956399607895
lambdaF max = Inf
lambdaF min = 0.008624482946382158
lambdaB max = Inf
lambdaB min = 0.008624482946382158
----------------------------------
----------------------------------
Iteration = 5
Distance = 0.2719612433878389
v max = -0.16090745666390868
v min = -5.393520741322524
d max = 0.07607142857142857
d min = 0.07607142857142857
dF max = 0.07607142857142857
dB max = 0.07607142857142857
hk max = 0.026569015498338407
hk min = 0.02170669225968611
hz max = 0.03472985289132805
hz min = 0.02367911825802737
lambdaF max = Inf
lambdaF min = 0.008624482946382158
lambdaB max = Inf
lambdaB min = 0.008624482946382158
----------------------------------
----------------------------------
Iteration = 6
Distance = 0.18728254403422362
v max = -0.1623720705535511
v min = -5.5808032853567475
d max = 0.07607142857142857
d min = 0.07607142857142857
dF max = 0.07607142857142857
dB max = 0.07607142857142857
hk max = 0.02781306370001174
hk min = 0.022011061602833157
hz max = 0.03755723516785835
hz min = 0.024370866765179754
lambdaF max = Inf
lambdaF min = 0.008624482946382158
lambdaB max = Inf
lambdaB min = 0.008624482946382158
----------------------------------
----------------------------------
Iteration = 7
Distance = 0.13054091922377076
v max = -0.17532030069473944
v min = -5.711344204580518
d max = 0.07607142857142857
d min = 0.07607142857142857
dF max = 0.07607142857142857
dB max = 0.07607142857142857
hk max = 0.02863620471889138
hk min = 0.022163220960572324
hz max = 0.039428010210766626
hz min = 0.024716683487314223
lambdaF max = Inf
lambdaF min = 0.008624482946382158
lambdaB max = Inf
lambdaB min = 0.008624482946382158
----------------------------------
----------------------------------
Iteration = 8
Distance = 0.09226202572593856
v max = -0.19273525914011422
v min = -5.803606230306457
d max = 0.07607142857142857
d min = 0.07607142857142857
dF max = 0.07607142857142857
dB max = 0.07607142857142857
hk max = 0.02918086181053538
hk min = 0.022241430681855197
hz max = 0.040665867237230265
hz min = 0.02489443285386621
lambdaF max = Inf
lambdaF min = 0.008624482946382158
lambdaB max = Inf
lambdaB min = 0.008624482946382158
----------------------------------
----------------------------------
Iteration = 9
Distance = 0.06626562058222696
v max = -0.2112381697081733
v min = -5.869871850888684
d max = 0.07607142857142857
d min = 0.07607142857142857
dF max = 0.07607142857142857
dB max = 0.07607142857142857
hk max = 0.02954078862176405
hk min = 0.022283078302039204
hz max = 0.04148388271729542
hz min = 0.024989086536102583
lambdaF max = Inf
lambdaF min = 0.008624482946382158
lambdaB max = Inf
lambdaB min = 0.008624482946382158
----------------------------------
----------------------------------
Iteration = 10
Distance = 0.04847138445555643
v max = -0.229217311656493
v min = -5.91834323534424
d max = 0.07607142857142857
d min = 0.07607142857142857
dF max = 0.07607142857142857
dB max = 0.07607142857142857
hk max = 0.02977811459234308
hk min = 0.022306033356265742
hz max = 0.04202325992315686
hz min = 0.025041257113890172
lambdaF max = Inf
lambdaF min = 0.008624482946382158
lambdaB max = Inf
lambdaB min = 0.008624482946382158
----------------------------------
----------------------------------
Iteration = 11
Distance = 0.03617099533402346
v max = -0.2459396748399073
v min = -5.954514230678264
d max = 0.07607142857142857
d min = 0.07607142857142857
dF max = 0.07607142857142857
dB max = 0.07607142857142857
hk max = 0.029934144229774248
hk min = 0.02231904963027359
hz max = 0.042377872735500415
hz min = 0.025070839554817106
lambdaF max = Inf
lambdaF min = 0.008624482946382158
lambdaB max = Inf
lambdaB min = 0.008624482946382158
----------------------------------
----------------------------------
Iteration = 12
Distance = 0.027562467447841854
v max = -0.26111893968742717
v min = -5.9820766981261055
d max = 0.07607142857142857
d min = 0.07607142857142857
dF max = 0.07607142857142857
dB max = 0.07607142857142857
hk max = 0.030036370519219403
hk min = 0.022326592269497146
hz max = 0.04261020521151213
hz min = 0.025087981916688817
lambdaF max = Inf
lambdaF min = 0.008624482946382158
lambdaB max = Inf
lambdaB min = 0.008624482946382158
----------------------------------
----------------------------------
Iteration = 13
Distance = 0.02144562789396698
v max = -0.27469741517011775
v min = -6.0035223260200725
d max = 0.07607142857142857
d min = 0.07607142857142857
dF max = 0.07607142857142857
dB max = 0.07607142857142857
hk max = 0.030103088067348748
hk min = 0.02233103485944243
hz max = 0.04276183600271519
hz min = 0.025098078712019013
lambdaF max = Inf
lambdaF min = 0.008624482946382158
lambdaB max = Inf
lambdaB min = 0.008624482946382158
----------------------------------
----------------------------------
Iteration = 14
Distance = 0.017020723715065245
v max = -0.28673227295983356
v min = -6.020543049735138
d max = 0.07607142857142857
d min = 0.07607142857142857
dF max = 0.07607142857142857
dB max = 0.07607142857142857
hk max = 0.03014645201082643
hk min = 0.022333683491186612
hz max = 0.04286039041970992
hz min = 0.025104098329619424
lambdaF max = Inf
lambdaF min = 0.008624482946382158
lambdaB max = Inf
lambdaB min = 0.008624482946382158
----------------------------------
----------------------------------
Iteration = 15
Distance = 0.01375447027886878
v max = -0.2973348710389468
v min = -6.0342975200140065
d max = 0.07607142857142857
d min = 0.07607142857142857
dF max = 0.07607142857142857
dB max = 0.07607142857142857
hk max = 0.030174517542546863
hk min = 0.02233527684481411
hz max = 0.04292417571907454
hz min = 0.02510771958786373
lambdaF max = Inf
lambdaF min = 0.008624482946382158
lambdaB max = Inf
lambdaB min = 0.008624482946382158
----------------------------------
----------------------------------
Iteration = 16
Distance = 0.011290747553972302
v max = -0.3066380840527406
v min = -6.045588267567979
d max = 0.07607142857142857
d min = 0.07607142857142857
dF max = 0.07607142857142857
dB max = 0.07607142857142857
hk max = 0.03019260454427072
hk min = 0.022336241749435243
hz max = 0.04296528254117422
hz min = 0.02510991255291176
lambdaF max = Inf
lambdaF min = 0.008624482946382158
lambdaB max = Inf
lambdaB min = 0.008624482946382158
----------------------------------
----------------------------------
Iteration = 17
Distance = 0.009391058912787464
v max = -0.31477881789976875
v min = -6.054979326480766
d max = 0.07607142857142857
d min = 0.07607142857142857
dF max = 0.07607142857142857
dB max = 0.07607142857142857
hk max = 0.030204212136186234
hk min = 0.022336828939747373
hz max = 0.0429916634318913
hz min = 0.025111247076348427
lambdaF max = Inf
lambdaF min = 0.008624482946382158
lambdaB max = Inf
lambdaB min = 0.008624482946382158
----------------------------------
----------------------------------
Iteration = 18
Distance = 0.007894893222981203
v max = -0.3218889144121994
v min = -6.0628742197037475
d max = 0.07607142857142857
d min = 0.07607142857142857
dF max = 0.07607142857142857
dB max = 0.07607142857142857
hk max = 0.030211631482345368
hk min = 0.0223371875630951
hz max = 0.04300852558225296
hz min = 0.02511206212941144
lambdaF max = Inf
lambdaF min = 0.008624482946382158
lambdaB max = Inf
lambdaB min = 0.008624482946382158
----------------------------------
----------------------------------
Iteration = 19
Distance = 0.006693402945245452
v max = -0.32809073897345525
v min = -6.069567622648993
d max = 0.07607142857142857
d min = 0.07607142857142857
dF max = 0.07607142857142857
dB max = 0.07607142857142857
hk max = 0.030216355670159227
hk min = 0.02233740717602696
hz max = 0.04301926237273901
hz min = 0.02511256124971113
lambdaF max = Inf
lambdaF min = 0.008624482946382158
lambdaB max = Inf
lambdaB min = 0.008624482946382158
----------------------------------
----------------------------------
Iteration = 20
Distance = 0.005711976958813203
v max = -0.3334953818051315
v min = -6.075279599607806
d max = 0.07607142857142857
d min = 0.07607142857142857
dF max = 0.07607142857142857
dB max = 0.07607142857142857
hk max = 0.03021935299568126
hk min = 0.022337541930138337
hz max = 0.04302607447619817
hz min = 0.02511286750905516
lambdaF max = Inf
lambdaF min = 0.008624482946382158
lambdaB max = Inf
lambdaB min = 0.008624482946382158
----------------------------------
----------------------------------
Iteration = 21
Distance = 0.004898736914435098
v max = -0.3382022988252826
v min = -6.080178336522241
d max = 0.07607142857142857
d min = 0.07607142857142857
dF max = 0.07607142857142857
dB max = 0.07607142857142857
hk max = 0.030221248409180387
hk min = 0.022337624738807717
hz max = 0.04303038223415073
hz min = 0.025113055710576485
lambdaF max = Inf
lambdaF min = 0.008624482946382158
lambdaB max = Inf
lambdaB min = 0.008624482946382158
----------------------------------
----------------------------------
Iteration = 22
Distance = 0.004216963045686306
v max = -0.3422997194103498
v min = -6.084395299567928
d max = 0.07607142857142857
d min = 0.07607142857142857
dF max = 0.07607142857142857
dB max = 0.07607142857142857
hk max = 0.030222443389986586
hk min = 0.02233767568379173
hz max = 0.04303309809961937
hz min = 0.025113171494631055
lambdaF max = Inf
lambdaF min = 0.008624482946382158
lambdaB max = Inf
lambdaB min = 0.008624482946382158
----------------------------------
----------------------------------
Iteration = 23
Distance = 0.0036401154428693516
v max = -0.34586543474190573
v min = -6.088035415010797
d max = 0.07607142857142857
d min = 0.07607142857142857
dF max = 0.07607142857142857
dB max = 0.07607142857142857
hk max = 0.03022319471804424
hk min = 0.02233770705289967
hz max = 0.04303480566338676
hz min = 0.025113242788058193
lambdaF max = Inf
lambdaF min = 0.008624482946382158
lambdaB max = Inf
lambdaB min = 0.008624482946382158
----------------------------------
----------------------------------
Iteration = 24
Distance = 0.0031485623447826683
v max = -0.3489677462084376
v min = -6.09118397735558
d max = 0.07607142857142857
d min = 0.07607142857142857
dF max = 0.07607142857142857
dB max = 0.07607142857142857
hk max = 0.03022366594771585
hk min = 0.02233772638107974
hz max = 0.04303587663991315
hz min = 0.025113286715740164
lambdaF max = Inf
lambdaF min = 0.008624482946382158
lambdaB max = Inf
lambdaB min = 0.008624482946382158
----------------------------------
----------------------------------
Iteration = 25
Distance = 0.0027274267914378925
v max = -0.35166645013652814
v min = -6.0939114041470175
d max = 0.07607142857142857
d min = 0.07607142857142857
dF max = 0.07607142857142857
dB max = 0.07607142857142857
hk max = 0.03022396085660954
hk min = 0.022337738296306517
hz max = 0.04303654688739881
hz min = 0.025113313795801024
lambdaF max = Inf
lambdaF min = 0.008624482946382158
lambdaB max = Inf
lambdaB min = 0.008624482946382158
----------------------------------
----------------------------------
Iteration = 26
Distance = 0.0023651637159014527
v max = -0.3540137918300312
v min = -6.096276567862919
d max = 0.07607142857142857
d min = 0.07607142857142857
dF max = 0.07607142857142857
dB max = 0.07607142857142857
hk max = 0.030224145063812786
hk min = 0.02233774564460203
hz max = 0.04303696554013346
hz min = 0.025113330496472644
lambdaF max = Inf
lambdaF min = 0.008624482946382158
lambdaB max = Inf
lambdaB min = 0.008624482946382158
----------------------------------
----------------------------------
Iteration = 27
Distance = 0.0020526131824096794
v max = -0.3560553550288088
v min = -6.098329181045329
d max = 0.07607142857142857
d min = 0.07607142857142857
dF max = 0.07607142857142857
dB max = 0.07607142857142857
hk max = 0.03022425993002608
hk min = 0.022337750177812095
hz max = 0.04303722659970913
hz min = 0.025113340799222793
lambdaF max = Inf
lambdaF min = 0.008624482946382158
lambdaB max = Inf
lambdaB min = 0.008624482946382158
----------------------------------
----------------------------------
Iteration = 28
Distance = 0.0017823638772345163
v max = -0.35783087207744485
v min = -6.100111544922563
d max = 0.07607142857142857
d min = 0.07607142857142857
dF max = 0.07607142857142857
dB max = 0.07607142857142857
hk max = 0.030224331452057912
hk min = 0.022337752975060035
hz max = 0.04303738914978147
hz min = 0.02511334715660448
lambdaF max = Inf
lambdaF min = 0.008624482946382158
lambdaB max = Inf
lambdaB min = 0.008624482946382158
----------------------------------
----------------------------------
Iteration = 29
Distance = 0.0015483190701752747
v max = -0.3593749509860126
v min = -6.101659863992738
d max = 0.07607142857142857
d min = 0.07607142857142857
dF max = 0.07607142857142857
dB max = 0.07607142857142857
hk max = 0.030224375929041158
hk min = 0.022337754701451655
hz max = 0.043037490233834304
hz min = 0.025113351080221797
lambdaF max = Inf
lambdaF min = 0.008624482946382158
lambdaB max = Inf
lambdaB min = 0.008624482946382158
----------------------------------
----------------------------------
Iteration = 30
Distance = 0.001345395236215019
v max = -0.3607177215381134
v min = -6.103005259228953
d max = 0.07607142857142857
d min = 0.07607142857142857
dF max = 0.07607142857142857
dB max = 0.07607142857142857
hk max = 0.03022440355745328
hk min = 0.02233775576709865
hz max = 0.043037553025680034
hz min = 0.02511335350214678
lambdaF max = Inf
lambdaF min = 0.008624482946382158
lambdaB max = Inf
lambdaB min = 0.008624482946382158
----------------------------------
----------------------------------
Iteration = 31
Distance = 0.0011693082029085033
v max = -0.3618854056702465
v min = -6.104174567431862
d max = 0.07607142857142857
d min = 0.07607142857142857
dF max = 0.07607142857142857
dB max = 0.07607142857142857
hk max = 0.030224420703747416
hk min = 0.02233775642496773
hz max = 0.04303759199453034
hz min = 0.025113354997303786
lambdaF max = Inf
lambdaF min = 0.008624482946382158
lambdaB max = Inf
lambdaB min = 0.008624482946382158
----------------------------------
----------------------------------
Iteration = 32
Distance = 0.0010164176490699006
v max = -0.3629008187191086
v min = -6.105190985080932
d max = 0.07607142857142857
d min = 0.07607142857142857
dF max = 0.07607142857142857
dB max = 0.07607142857142857
hk max = 0.030224431336331892
hk min = 0.022337756831136785
hz max = 0.043037616159495064
hz min = 0.025113355920415265
lambdaF max = Inf
lambdaF min = 0.008624482946382158
lambdaB max = Inf
lambdaB min = 0.008624482946382158
----------------------------------
----------------------------------
Iteration = 33
Distance = 0.0008836110634273808
v max = -0.36378380853435466
v min = -6.106074596144359
d max = 0.07607142857142857
d min = 0.07607142857142857
dF max = 0.07607142857142857
dB max = 0.07607142857142857
hk max = 0.030224437925256302
hk min = 0.02233775708192485
hz max = 0.04303763113432327
hz min = 0.02511335649038814
lambdaF max = Inf
lambdaF min = 0.008624482946382158
lambdaB max = Inf
lambdaB min = 0.008624482946382158
----------------------------------
----------------------------------
Iteration = 34
Distance = 0.0007682148792094168
v max = -0.36455163931720336
v min = -6.106842811023569
d max = 0.07607142857142857
d min = 0.07607142857142857
dF max = 0.07607142857142857
dB max = 0.07607142857142857
hk max = 0.030224442006034063
hk min = 0.022337757236782746
hz max = 0.043037640408818176
hz min = 0.025113356842337904
lambdaF max = Inf
lambdaF min = 0.008624482946382158
lambdaB max = Inf
lambdaB min = 0.008624482946382158
----------------------------------
----------------------------------
Iteration = 35
Distance = 0.000667924740213266
v max = -0.36521932662771844
v min = -6.107510735763782
d max = 0.07607142857142857
d min = 0.07607142857142857
dF max = 0.07607142857142857
dB max = 0.07607142857142857
hk max = 0.03022444453221335
hk min = 0.022337757332409697
hz max = 0.04303764615013474
hz min = 0.025113357059671885
lambdaF max = Inf
lambdaF min = 0.008624482946382158
lambdaB max = Inf
lambdaB min = 0.008624482946382158
----------------------------------
----------------------------------
Iteration = 36
Distance = 0.0005807495746452673
v max = -0.3657999294572651
v min = -6.108091485338427
d max = 0.07607142857142857
d min = 0.07607142857142857
dF max = 0.07607142857142857
dB max = 0.07607142857142857
hk max = 0.030224446095403198
hk min = 0.022337757391462966
hz max = 0.04303764970283894
hz min = 0.02511335719388386
lambdaF max = Inf
lambdaF min = 0.008624482946382158
lambdaB max = Inf
lambdaB min = 0.008624482946382158
----------------------------------
----------------------------------
Iteration = 37
Distance = 0.0005049659028601994
v max = -0.3663048046746904
v min = -6.108596451241287
d max = 0.07607142857142857
d min = 0.07607142857142857
dF max = 0.07607142857142857
dB max = 0.07607142857142857
hk max = 0.030224447062376668
hk min = 0.02233775742793174
hz max = 0.043037651900505916
hz min = 0.025113357276767438
lambdaF max = Inf
lambdaF min = 0.008624482946382158
lambdaB max = Inf
lambdaB min = 0.008624482946382158
----------------------------------
----------------------------------
Iteration = 38
Distance = 0.0004390799352780306
v max = -0.366743828574038
v min = -6.109035531176565
d max = 0.07607142857142857
d min = 0.07607142857142857
dF max = 0.07607142857142857
dB max = 0.07607142857142857
hk max = 0.030224447660371433
hk min = 0.02233775745045381
hz max = 0.04303765325958493
hz min = 0.025113357327953962
lambdaF max = Inf
lambdaF min = 0.008624482946382158
lambdaB max = Inf
lambdaB min = 0.008624482946382158
----------------------------------
----------------------------------
Iteration = 39
Distance = 0.00038179575237151653
v max = -0.36712558970388276
v min = -6.109417326928937
d max = 0.07607142857142857
d min = 0.07607142857142857
dF max = 0.07607142857142857
dB max = 0.07607142857142857
hk max = 0.030224448030097373
hk min = 0.022337757464363176
hz max = 0.043037654099871155
hz min = 0.02511335735956616
lambdaF max = Inf
lambdaF min = 0.008624482946382158
lambdaB max = Inf
lambdaB min = 0.008624482946382158
----------------------------------
----------------------------------
Iteration = 40
Distance = 0.00033198834219749784
v max = -0.3674575566555921
v min = -6.109749315271134
d max = 0.07607142857142857
d min = 0.07607142857142857
dF max = 0.07607142857142857
dB max = 0.07607142857142857
hk max = 0.030224448258647337
hk min = 0.022337757472953454
hz max = 0.043037654619302895
hz min = 0.025113357379089513
lambdaF max = Inf
lambdaF min = 0.008624482946382158
lambdaB max = Inf
lambdaB min = 0.008624482946382158
----------------------------------
----------------------------------
Iteration = 41
Distance = 0.0002886805936030967
v max = -0.3677462240344639
v min = -6.1100379958647375
d max = 0.07607142857142857
d min = 0.07607142857142857
dF max = 0.07607142857142857
dB max = 0.07607142857142857
hk max = 0.030224448399904694
hk min = 0.022337757478258786
hz max = 0.04303765494034233
hz min = 0.025113357391147093
lambdaF max = Inf
lambdaF min = 0.008624482946382158
lambdaB max = Inf
lambdaB min = 0.008624482946382158
----------------------------------
----------------------------------
Iteration = 42
Distance = 0.0002510235623303103
v max = -0.3679972394333116
v min = -6.110289019427068
d max = 0.07607142857142857
d min = 0.07607142857142857
dF max = 0.07607142857142857
dB max = 0.07607142857142857
hk max = 0.03022444848720008
hk min = 0.022337757481535464
hz max = 0.04303765513874094
hz min = 0.02511335739859408
lambdaF max = Inf
lambdaF min = 0.008624482946382158
lambdaB max = Inf
lambdaB min = 0.008624482946382158
----------------------------------
----------------------------------
Iteration = 43
Distance = 0.00021827947984132123
v max = -0.3682155138703025
v min = -6.110507298906909
d max = 0.07607142857142857
d min = 0.07607142857142857
dF max = 0.07607142857142857
dB max = 0.07607142857142857
hk max = 0.030224448541141702
hk min = 0.022337757483559036
hz max = 0.04303765526133554
hz min = 0.025113357403193114
lambdaF max = Inf
lambdaF min = 0.008624482946382158
lambdaB max = Inf
lambdaB min = 0.008624482946382158
----------------------------------
----------------------------------
Iteration = 44
Distance = 0.00018980708268401258
v max = -0.3684053178379494
v min = -6.110697105989593
d max = 0.07607142857142857
d min = 0.07607142857142857
dF max = 0.07607142857142857
dB max = 0.07607142857142857
hk max = 0.030224448574468647
hk min = 0.022337757484809016
hz max = 0.0430376553370786
hz min = 0.025113357406033977
lambdaF max = Inf
lambdaF min = 0.008624482946382158
lambdaB max = Inf
lambdaB min = 0.008624482946382158
----------------------------------
----------------------------------
Iteration = 45
Distance = 0.00016504892010882344
v max = -0.36857036483390276
v min = -6.110862154909702
d max = 0.07607142857142857
d min = 0.07607142857142857
dF max = 0.07607142857142857
dB max = 0.07607142857142857
hk max = 0.0302244485950602
hk min = 0.022337757485580933
hz max = 0.043037655383877584
hz min = 0.025113357407788334
lambdaF max = Inf
lambdaF min = 0.008624482946382158
lambdaB max = Inf
lambdaB min = 0.008624482946382158
----------------------------------
----------------------------------
Iteration = 46
Distance = 0.00014352035717291045
v max = -0.3687138840025465
v min = -6.111005675266875
d max = 0.07607142857142857
d min = 0.07607142857142857
dF max = 0.07607142857142857
dB max = 0.07607142857142857
hk max = 0.030224448607781725
hk min = 0.022337757486057725
hz max = 0.043037655412790136
hz min = 0.025113357408871953
lambdaF max = Inf
lambdaF min = 0.008624482946382158
lambdaB max = Inf
lambdaB min = 0.008624482946382158
----------------------------------
----------------------------------
Iteration = 47
Distance = 0.00012480003697579178
v max = -0.368838683305401
v min = -6.111130475303851
d max = 0.07607142857142857
d min = 0.07607142857142857
dF max = 0.07607142857142857
dB max = 0.07607142857142857
hk max = 0.03022444861563973
hk min = 0.022337757486352215
hz max = 0.043037655430649246
hz min = 0.025113357409541247
lambdaF max = Inf
lambdaF min = 0.008624482946382158
lambdaB max = Inf
lambdaB min = 0.008624482946382158
----------------------------------
----------------------------------
Iteration = 48
Distance = 0.00010852160228314034
v max = -0.36894720445423745
v min = -6.111238996906134
d max = 0.07607142857142857
d min = 0.07607142857142857
dF max = 0.07607142857142857
dB max = 0.07607142857142857
hk max = 0.030224448620494924
hk min = 0.022337757486534056
hz max = 0.04303765544168377
hz min = 0.025113357409954518
lambdaF max = Inf
lambdaF min = 0.008624482946382158
lambdaB max = Inf
lambdaB min = 0.008624482946382158
----------------------------------
----------------------------------
Iteration = 49
Distance = 9.436650628824594e-5
v max = -0.36904157068044785
v min = -6.111333363412422
d max = 0.07607142857142857
d min = 0.07607142857142857
dF max = 0.07607142857142857
dB max = 0.07607142857142857
hk max = 0.03022444862349312
hk min = 0.022337757486646417
hz max = 0.04303765544849785
hz min = 0.025113357410209886
lambdaF max = Inf
lambdaF min = 0.008624482946382158
lambdaB max = Inf
lambdaB min = 0.008624482946382158
----------------------------------
----------------------------------
Iteration = 50
Distance = 8.205776707015389e-5
v max = -0.36912362827452894
v min = -6.111415421179492
d max = 0.07607142857142857
d min = 0.07607142857142857
dF max = 0.07607142857142857
dB max = 0.07607142857142857
hk max = 0.030224448625344562
hk min = 0.022337757486715716
hz max = 0.04303765545270568
hz min = 0.025113357410367392
lambdaF max = Inf
lambdaF min = 0.008624482946382158
lambdaB max = Inf
lambdaB min = 0.008624482946382158
----------------------------------
----------------------------------
Iteration = 51
Distance = 7.135454023021737e-5
v max = -0.3691949827079139
v min = -6.111486775719722
d max = 0.07607142857142857
d min = 0.07607142857142857
dF max = 0.07607142857142857
dB max = 0.07607142857142857
hk max = 0.030224448626487613
hk min = 0.022337757486758664
hz max = 0.04303765545530352
hz min = 0.025113357410464995
lambdaF max = Inf
lambdaF min = 0.008624482946382158
lambdaB max = Inf
lambdaB min = 0.008624482946382158
----------------------------------
----------------------------------
Iteration = 52
Distance = 6.204740169568623e-5
v max = -0.3692570300436101
v min = -6.111548823121418
d max = 0.07607142857142857
d min = 0.07607142857142857
dF max = 0.07607142857142857
dB max = 0.07607142857142857
hk max = 0.030224448627195085
hk min = 0.022337757486785136
hz max = 0.043037655456911406
hz min = 0.02511335741052516
lambdaF max = Inf
lambdaF min = 0.008624482946382158
lambdaB max = Inf
lambdaB min = 0.008624482946382158
----------------------------------
----------------------------------
Iteration = 53
Distance = 5.3954247150933554e-5
v max = -0.36931098424999426
v min = -6.111602777368569
d max = 0.07607142857142857
d min = 0.07607142857142857
dF max = 0.07607142857142857
dB max = 0.07607142857142857
hk max = 0.03022444862763159
hk min = 0.022337757486801377
hz max = 0.043037655457903466
hz min = 0.025113357410562073
lambdaF max = Inf
lambdaF min = 0.008624482946382158
lambdaB max = Inf
lambdaB min = 0.008624482946382158
----------------------------------
----------------------------------
Iteration = 54
Distance = 4.691672726497842e-5
v max = -0.3693579009520796
v min = -6.111649694095834
d max = 0.07607142857142857
d min = 0.07607142857142857
dF max = 0.07607142857142857
dB max = 0.07607142857142857
hk max = 0.03022444862790163
hk min = 0.022337757486811608
hz max = 0.0430376554585172
hz min = 0.025113357410585322
lambdaF max = Inf
lambdaF min = 0.008624482946382158
lambdaB max = Inf
lambdaB min = 0.008624482946382158
----------------------------------
----------------------------------
Iteration = 55
Distance = 4.079714834226422e-5
v max = -0.3693986980848735
v min = -6.111690491244176
d max = 0.07607142857142857
d min = 0.07607142857142857
dF max = 0.07607142857142857
dB max = 0.07607142857142857
hk max = 0.030224448628068095
hk min = 0.022337757486817676
hz max = 0.04303765545889552
hz min = 0.025113357410599117
lambdaF max = Inf
lambdaF min = 0.008624482946382158
lambdaB max = Inf
lambdaB min = 0.008624482946382158
----------------------------------
----------------------------------
Iteration = 56
Distance = 3.547577758933329e-5
v max = -0.3694341738528583
v min = -6.111725967021766
d max = 0.07607142857142857
d min = 0.07607142857142857
dF max = 0.07607142857142857
dB max = 0.07607142857142857
hk max = 0.030224448628171672
hk min = 0.022337757486821607
hz max = 0.04303765545913092
hz min = 0.02511335741060805
lambdaF max = Inf
lambdaF min = 0.008624482946382158
lambdaB max = Inf
lambdaB min = 0.008624482946382158
----------------------------------
----------------------------------
Iteration = 57
Distance = 3.084850003798323e-5
v max = -0.36946502234696793
v min = -6.111756815521804
d max = 0.07607142857142857
d min = 0.07607142857142857
dF max = 0.07607142857142857
dB max = 0.07607142857142857
hk max = 0.03022444862823456
hk min = 0.022337757486823977
hz max = 0.04303765545927385
hz min = 0.025113357410613435
lambdaF max = Inf
lambdaF min = 0.008624482946382158
lambdaB max = Inf
lambdaB min = 0.008624482946382158
----------------------------------
----------------------------------
Iteration = 58
Distance = 2.6824781277134946e-5
v max = -0.36949184712458
v min = -6.111783640303081
d max = 0.07607142857142857
d min = 0.07607142857142857
dF max = 0.07607142857142857
dB max = 0.07607142857142857
hk max = 0.0302244486282734
hk min = 0.022337757486825482
hz max = 0.043037655459362126
hz min = 0.025113357410616852
lambdaF max = Inf
lambdaF min = 0.008624482946382158
lambdaB max = Inf
lambdaB min = 0.008624482946382158
----------------------------------
----------------------------------
Iteration = 59
Distance = 2.332589592235479e-5
v max = -0.36951517301823783
v min = -6.111806966199003
d max = 0.07607142857142857
d min = 0.07607142857142857
dF max = 0.07607142857142857
dB max = 0.07607142857142857
hk max = 0.030224448628297443
hk min = 0.02233775748682635
hz max = 0.04303765545941677
hz min = 0.025113357410618823
lambdaF max = Inf
lambdaF min = 0.008624482946382158
lambdaB max = Inf
lambdaB min = 0.008624482946382158
----------------------------------
----------------------------------
Iteration = 60
Distance = 2.0283387232922223e-5
v max = -0.3695354564040752
v min = -6.111827249586236
d max = 0.07607142857142857
d min = 0.07607142857142857
dF max = 0.07607142857142857
dB max = 0.07607142857142857
hk max = 0.030224448628313166
hk min = 0.022337757486826867
hz max = 0.0430376554594525
hz min = 0.025113357410620003
lambdaF max = Inf
lambdaF min = 0.008624482946382158
lambdaB max = Inf
lambdaB min = 0.008624482946382158
----------------------------------
----------------------------------
Iteration = 61
Distance = 1.763772771301575e-5
v max = -0.36955309413092025
v min = -6.111844887313949
d max = 0.07607142857142857
d min = 0.07607142857142857
dF max = 0.07607142857142857
dB max = 0.07607142857142857
hk max = 0.03022444862832334
hk min = 0.022337757486827273
hz max = 0.04303765545947562
hz min = 0.025113357410620922
lambdaF max = Inf
lambdaF min = 0.008624482946382158
lambdaB max = Inf
lambdaB min = 0.008624482946382158
----------------------------------
----------------------------------
Iteration = 62
Distance = 1.5337154324335245e-5
v max = -0.36956843128471695
v min = -6.111860224468273
d max = 0.07607142857142857
d min = 0.07607142857142857
dF max = 0.07607142857142857
dB max = 0.07607142857142857
hk max = 0.030224448628327964
hk min = 0.022337757486827446
hz max = 0.04303765545948613
hz min = 0.025113357410621318
lambdaF max = Inf
lambdaF min = 0.008624482946382158
lambdaB max = Inf
lambdaB min = 0.008624482946382158
----------------------------------
----------------------------------
Iteration = 63
Distance = 1.3336655810824993e-5
v max = -0.36958176794020403
v min = -6.111873561124084
d max = 0.07607142857142857
d min = 0.07607142857142857
dF max = 0.07607142857142857
dB max = 0.07607142857142857
hk max = 0.030224448628332585
hk min = 0.022337757486827675
hz max = 0.043037655459496636
hz min = 0.02511335741062184
lambdaF max = Inf
lambdaF min = 0.008624482946382158
lambdaB max = Inf
lambdaB min = 0.008624482946382158
----------------------------------
----------------------------------
Iteration = 64
Distance = 1.1597091941872861e-5
v max = -0.3695933650319401
v min = -6.111885158216026
d max = 0.07607142857142857
d min = 0.07607142857142857
dF max = 0.07607142857142857
dB max = 0.07607142857142857
hk max = 0.030224448628332585
hk min = 0.02233775748682762
hz max = 0.043037655459496636
hz min = 0.025113357410621713
lambdaF max = Inf
lambdaF min = 0.008624482946382158
lambdaB max = Inf
lambdaB min = 0.008624482946382158
----------------------------------
----------------------------------
Iteration = 65
Distance = 1.0084427724876832e-5
v max = -0.36960344945954077
v min = -6.111895242643751
d max = 0.07607142857142857
d min = 0.07607142857142857
dF max = 0.07607142857142857
dB max = 0.07607142857142857
hk max = 0.030224448628334434
hk min = 0.022337757486827675
hz max = 0.04303765545950084
hz min = 0.02511335741062184
lambdaF max = Inf
lambdaF min = 0.008624482946382158
lambdaB max = Inf
lambdaB min = 0.008624482946382158
----------------------------------
----------------------------------
Iteration = 66
Distance = 8.769067553870968e-6
v max = -0.36961221852702386
v min = -6.111904011711305
d max = 0.07607142857142857
d min = 0.07607142857142857
dF max = 0.07607142857142857
dB max = 0.07607142857142857
hk max = 0.030224448628336287
hk min = 0.022337757486827793
hz max = 0.043037655459505046
hz min = 0.025113357410622105
lambdaF max = Inf
lambdaF min = 0.008624482946382158
lambdaB max = Inf
lambdaB min = 0.008624482946382158
----------------------------------
    Value Function Converged, Iteration = 66 with gamma=1.0 with rho=1.0 and v=-2.5532536703455837
    Natural boundary condition
=============================================================
Convegence time (minutes): 0.1144808277
Current Time = 22:23:36
grid points for z:  401
grid size for z:  0.025
-0.04466204660979707
-0.2101979879937888
--- 8.47417688369751 seconds for the elasticity computation ---
0.0
0.0
--- 0.06770634651184082 seconds for the elasticity computation ---
-0.04466204660979707
-0.2101979879937888
--- 0.06479048728942871 seconds for the elasticity computation ---
-0.11901664769682595
-0.21584192810686587
--- 0.06459498405456543 seconds for the elasticity computation ---
Current Time = 22:23:47
grid points for z:  401
grid size for z:  0.025
rho = 1
0.05935460108702888
--- 8.537222623825073 seconds for the elasticity computation ---
0.0
--- 0.06819033622741699 seconds for the elasticity computation ---
0.05935460108702888
--- 0.06706762313842773 seconds for the elasticity computation ---
0.0
--- 0.0671393871307373 seconds for the elasticity computation ---
0.0
--- 0.06709456443786621 seconds for the elasticity computation ---
0.05935460108702888
0.005643940113077034
--- 0.0675661563873291 seconds for the elasticity computation ---
0.05935460108702888
0.005643940113077034
--- 0.0676579475402832 seconds for the elasticity computation ---
0.05935460108702888
0.005643940113077034
--- 0.0675346851348877 seconds for the elasticity computation ---
0.05935460108702888
0.005643940113077034
--- 0.06743311882019043 seconds for the elasticity computation ---
parsed_args = parse_commandline() = Dict{String, Any}("dataname" => "lower_triangular_two_ambiguous_parameters", "clowerlim" => 0.0001, "delta" => 0.015, "boundary" => 0, "Delta" => 10.0, "q" => 0.05, "zmax" => 5.0, "logadjustment" => 1, "zscale" => 2.0, "foc" => 1, "distorted" => 0, "rho" => 1.0, "gamma" => 1.0)
=============================================================
./output/lower_triangular_two_ambiguous_parameters/Delta_10.0_distorted_0/logadjustment_1_boundary_0/zmax_5.0_zscale_2.0/delta_0.015/q_0.05_gamma_1.0_rho_1.0/
=============================================================
solve for structured linear system 
structured_relative_entropy = 0.05128050055064537
=============================================================
solve for unstructured linear system 
q_update = 0.0
=============================================================
parsed_args = parse_commandline() = Dict{String, Any}("dataname" => "lower_triangular_two_ambiguous_parameters", "clowerlim" => 0.0001, "delta" => 0.015, "boundary" => 0, "Delta" => 10.0, "q" => 0.05, "zmax" => 5.0, "logadjustment" => 1, "zscale" => 2.0, "foc" => 1, "distorted" => 0, "rho" => 1.0, "gamma" => 1.0)
=============================================================
./output/lower_triangular_two_ambiguous_parameters/Delta_10.0_distorted_0/logadjustment_1_boundary_0/zmax_5.0_zscale_2.0/delta_0.015/q_0.05_gamma_1.0_rho_1.0/
=============================================================
solve for structured linear system 
structured_relative_entropy = 0.05128050055064537
=============================================================
solve for unstructured linear system 
q_update = 0.0
=============================================================
Program ends Fri Jan 19 22:24:29 CST 2024
Elapsed time: 0 days 00 hr 01 min 19 sec
