D_10.0_distorted_0_boundary_1_delta_0.02_gamma_9.0_q_0.3_rho_1.0_upper_triangular_two_ambiguous_parameters
Program starts Fri Jan 19 22:19:03 CST 2024
parsed_args = parse_commandline() = Dict{String, Any}("dataname" => "upper_triangular_two_ambiguous_parameters", "clowerlim" => 0.0001, "delta" => 0.02, "boundary" => 1, "Delta" => 10.0, "q" => 0.3, "zmax" => 5.0, "logadjustment" => 1, "zscale" => 2.0, "foc" => 1, "distorted" => 0, "rho" => 1.0, "gamma" => 9.0)
=============================================================
logadjustment: true
reflective_boundary: true
0.109
U: [1.0331966455186503 0.4546065240282061; 0.0 0.06463435618925897]
L: [1.0331966455186503 0.0; 0.4546065240282061 0.06463435618925897]
[-2.220446049250313e-16 0.0; 0.0 0.0]
sigma_k: [0.010331966455186503, 0.004546065240282061]
sigma_z: [0.0, 0.06463435618925897]
Compute value function WITH ROBUSTNESS
computing undistorted version...
zmax = 5.0, zmin = -5.0, zlength = 401
reflective boundary condition
----------------------------------
Iteration = 1
Distance = 1.213177831077492
v max = -0.9437999041338403
v min = -3.213177831077492
d max = 0.07672413793103448
d min = 0.07672413793103448
dF max = 0.07672413793103448
dB max = 0.07672413793103448
hk max = 0.010331966455186503
hk min = 0.010331966455186503
hz max = 0.004546065240282061
hz min = 0.004546065240282061
lambdaF max = Inf
lambdaF min = 0.0010822033550599306
lambdaB max = Inf
lambdaB min = 0.0010822033550599306
----------------------------------
----------------------------------
Iteration = 2
Distance = 1.6192226756484078
v max = -2.1856693614821534
v min = -4.607466140848428
d max = 0.07672413793103448
d min = 0.07672413793103448
dF max = 0.07672413793103448
dB max = 0.07672413793103448
hk max = 0.010331966455186503
hk min = 0.010331966455186503
hz max = 0.01923569164693454
hz min = 0.015895430289475317
lambdaF max = Inf
lambdaF min = 0.0010822033550599306
lambdaB max = Inf
lambdaB min = 0.0010822033550599306
----------------------------------
----------------------------------
Iteration = 3
Distance = 1.0683522247034336
v max = -1.8325186673320943
v min = -5.675818365551861
d max = 0.07672413793103448
d min = 0.07672413793103448
dF max = 0.07672413793103448
dB max = 0.07672413793103448
hk max = 0.010331966455186503
hk min = 0.010331966455186503
hz max = 0.03630572480071432
hz min = -0.0008144257001615708
lambdaF max = Inf
lambdaF min = 0.00100930306022909
lambdaB max = Inf
lambdaB min = 0.0010042055700259127
----------------------------------
----------------------------------
Iteration = 4
Distance = 0.82967464382478
v max = -2.0531154348187055
v min = -6.505493009376641
d max = 0.07672413793103448
d min = 0.07672413793103448
dF max = 0.07672413793103448
dB max = 0.07672413793103448
hk max = 0.010331966455186503
hk min = 0.010331966455186503
hz max = 0.0489336511159845
hz min = -0.014276751754169398
lambdaF max = Inf
lambdaF min = 0.0010079769140869175
lambdaB max = Inf
lambdaB min = 0.0010029117034633652
----------------------------------
----------------------------------
Iteration = 5
Distance = 0.6870790822558988
v max = -2.092005988649403
v min = -7.19257209163254
d max = 0.07672413793103448
d min = 0.07672413793103448
dF max = 0.07672413793103448
dB max = 0.07672413793103448
hk max = 0.010331966455186503
hk min = 0.010331966455186503
hz max = 0.05824518099646456
hz min = 0.007171496417884234
lambdaF max = Inf
lambdaF min = 0.0010822033550599306
lambdaB max = Inf
lambdaB min = 0.0010822033550599306
----------------------------------
----------------------------------
Iteration = 6
Distance = 0.5827221145773329
v max = -2.266859271149463
v min = -7.775294206209873
d max = 0.07672413793103448
d min = 0.07672413793103448
dF max = 0.07672413793103448
dB max = 0.07672413793103448
hk max = 0.010331966455186503
hk min = 0.010331966455186503
hz max = 0.06611509628415888
hz min = -0.03876309109899043
lambdaF max = Inf
lambdaF min = 0.0010186338952381684
lambdaB max = Inf
lambdaB min = 0.0010134367835277697
----------------------------------
----------------------------------
Iteration = 7
Distance = 0.4990840294921943
v max = -2.3315743414086407
v min = -8.274293928796459
d max = 0.07672413793103448
d min = 0.07672413793103448
dF max = 0.07672413793103448
dB max = 0.07672413793103448
hk max = 0.010331966455186503
hk min = 0.010331966455186503
hz max = 0.07308155106166007
hz min = -0.004590627211050577
lambdaF max = Inf
lambdaF min = 0.0010749381951857511
lambdaB max = Inf
lambdaB min = 0.0010695364957124562
----------------------------------
----------------------------------
Iteration = 8
Distance = 0.42942950592533435
v max = -2.177630785220839
v min = -8.703539790102544
d max = 0.07672413793103448
d min = 0.07672413793103448
dF max = 0.07672413793103448
dB max = 0.07672413793103448
hk max = 0.010331966455186503
hk min = 0.010331966455186503
hz max = 0.07849886816249188
hz min = -0.03930596174523327
lambdaF max = Inf
lambdaF min = 0.001039928076729088
lambdaB max = Inf
lambdaB min = 0.0010345117846627908
----------------------------------
----------------------------------
Iteration = 9
Distance = 0.853713585479237
v max = -2.6867538025579614
v min = -9.073741211104986
d max = 0.07672413793103448
d min = 0.07672413793103448
dF max = 0.07672413793103448
dB max = 0.07672413793103448
hk max = 0.010331966455186503
hk min = 0.010331966455186503
hz max = 0.0841489372032341
hz min = -0.15446363528553272
lambdaF max = Inf
lambdaF min = 0.0010822033550599306
lambdaB max = Inf
lambdaB min = 0.0010822033550599306
----------------------------------
Delta = 5.0
----------------------------------
Iteration = 10
Distance = 0.8689407430339107
v max = -2.707390649375193
v min = -9.26386595136196
d max = 0.07672413793103448
d min = 0.07672413793103448
dF max = 0.07672413793103448
dB max = 0.07672413793103448
hk max = 0.010331966455186503
hk min = 0.010331966455186503
hz max = 0.0860286560767361
hz min = -0.09231880524145616
lambdaF max = Inf
lambdaF min = 0.0010617420357578622
lambdaB max = Inf
lambdaB min = 0.0010562121293216237
----------------------------------
Delta = 2.5
----------------------------------
Iteration = 11
Distance = 0.30875062410024556
v max = -2.6764877638724722
v min = -9.358910299176328
d max = 0.07672413793103448
d min = 0.07672413793103448
dF max = 0.07672413793103448
dB max = 0.07672413793103448
hk max = 0.010331966455186503
hk min = 0.010331966455186503
hz max = 0.08446908879938836
hz min = -0.12054098319859385
lambdaF max = Inf
lambdaF min = 0.0010822033550599306
lambdaB max = Inf
lambdaB min = 0.0010822033550599306
----------------------------------
----------------------------------
Iteration = 12
Distance = 0.48209611815124465
v max = -2.602865521467947
v min = -9.44939312079596
d max = 0.07672413793103448
d min = 0.07672413793103448
dF max = 0.07672413793103448
dB max = 0.07672413793103448
hk max = 0.010331966455186503
hk min = 0.010331966455186503
hz max = 0.08528150475779978
hz min = -0.19091856167151108
lambdaF max = Inf
lambdaF min = 0.001071263965051665
lambdaB max = Inf
lambdaB min = 0.0010655044813685911
----------------------------------
----------------------------------
Iteration = 13
Distance = 1.0339963594779467
v max = -2.47444759329432
v min = -9.535756152998726
d max = 0.07672413793103448
d min = 0.07672413793103448
dF max = 0.07672413793103448
dB max = 0.07672413793103448
hk max = 0.010331966455186503
hk min = 0.010331966455186503
hz max = 0.11318919984768495
hz min = -0.18624150616164128
lambdaF max = Inf
lambdaF min = 0.0010822033550599306
lambdaB max = Inf
lambdaB min = 0.0010822033550599306
----------------------------------
Delta = 1.25
----------------------------------
Iteration = 14
Distance = 1.0912521905927184
v max = -2.393879471192348
v min = -9.57835084286536
d max = 0.07672413793103448
d min = 0.07672413793103448
dF max = 0.07672413793103448
dB max = 0.07672413793103448
hk max = 0.010331966455186503
hk min = 0.010331966455186503
hz max = 0.1436063454527611
hz min = -0.2015549848461482
lambdaF max = Inf
lambdaF min = 0.0010822033550599306
lambdaB max = Inf
lambdaB min = 0.0010822033550599306
----------------------------------
Delta = 0.625
----------------------------------
Iteration = 15
Distance = 0.8897968652616974
v max = -2.3467452273759273
v min = -9.599129949928415
d max = 0.07672413793103448
d min = 0.07672413793103448
dF max = 0.07672413793103448
dB max = 0.07672413793103448
hk max = 0.010331966455186503
hk min = 0.010331966455186503
hz max = 0.16066286501025562
hz min = -0.2108425292032384
lambdaF max = Inf
lambdaF min = 0.0010771958675986873
lambdaB max = Inf
lambdaB min = 0.0010716145418598337
----------------------------------
----------------------------------
Iteration = 16
Distance = 1.1437119605876984
v max = -2.3612714984884766
v min = -9.619755309550413
d max = 0.07672413793103448
d min = 0.07672413793103448
dF max = 0.07672413793103448
dB max = 0.07672413793103448
hk max = 0.010331966455186503
hk min = 0.010331966455186503
hz max = 0.1972332809188384
hz min = -0.19770035216854104
lambdaF max = Inf
lambdaF min = 0.0010809729651847118
lambdaB max = Inf
lambdaB min = 0.0010751612825761912
----------------------------------
Delta = 0.3125
----------------------------------
Iteration = 17
Distance = 1.2002524035581454
v max = -2.373999452764435
v min = -9.629872684889333
d max = 0.07672413793103448
d min = 0.07672413793103448
dF max = 0.07672413793103448
dB max = 0.07672413793103448
hk max = 0.010331966455186503
hk min = 0.010331966455186503
hz max = 0.34639714037338876
hz min = -0.19770897794925887
lambdaF max = Inf
lambdaF min = 0.0009968180699516536
lambdaB max = Inf
lambdaB min = 0.0009918339796018952
----------------------------------
Delta = 0.15625
----------------------------------
Iteration = 18
Distance = 0.8897118239424269
v max = -2.3844658834267265
v min = -9.634894037282262
d max = 0.07672413793103448
d min = 0.07672413793103448
dF max = 0.07672413793103448
dB max = 0.07672413793103448
hk max = 0.010331966455186503
hk min = 0.010331966455186503
hz max = 0.4513962791481531
hz min = -0.21024449230578474
lambdaF max = Inf
lambdaF min = 0.0010814970342618107
lambdaB max = Inf
lambdaB min = 0.0010760895490905017
----------------------------------
----------------------------------
Iteration = 19
Distance = 1.057025766136872
v max = -2.52887947278831
v min = -9.639904079449414
d max = 0.07672413793103448
d min = 0.07672413793103448
dF max = 0.07672413793103448
dB max = 0.07672413793103448
hk max = 0.010331966455186503
hk min = 0.010331966455186503
hz max = 0.48870454977921285
hz min = -0.2514371678930898
lambdaF max = Inf
lambdaF min = 0.0010822033550599306
lambdaB max = Inf
lambdaB min = 0.0010822033550599306
----------------------------------
----------------------------------
Iteration = 20
Distance = 1.3482284793666208
v max = -2.92709596758178
v min = -9.64490021229294
d max = 0.07672413793103448
d min = 0.07672413793103448
dF max = 0.07672413793103448
dB max = 0.07672413793103448
hk max = 0.010331966455186503
hk min = 0.010331966455186503
hz max = 0.5855140405211158
hz min = -0.37849869503415906
lambdaF max = Inf
lambdaF min = 0.0010822033550599306
lambdaB max = Inf
lambdaB min = 0.0010822033550599306
----------------------------------
Delta = 0.078125
----------------------------------
Iteration = 21
Distance = 1.021241490112203
v max = -2.9399964007882264
v min = -9.64739103060684
d max = 0.07672413793103448
d min = 0.07672413793103448
dF max = 0.07672413793103448
dB max = 0.07672413793103448
hk max = 0.010331966455186503
hk min = 0.010331966455186503
hz max = 0.8409942734263975
hz min = -0.6941532196130242
lambdaF max = Inf
lambdaF min = 0.0010541037652936971
lambdaB max = Inf
lambdaB min = 0.0010485264966942599
----------------------------------
----------------------------------
Iteration = 22
Distance = 1.1351486846927763
v max = -2.9527034308617717
v min = -9.649877786242216
d max = 0.07672413793103448
d min = 0.07672413793103448
dF max = 0.07672413793103448
dB max = 0.07672413793103448
hk max = 0.010331966455186503
hk min = 0.010331966455186503
hz max = 1.0419157201685374
hz min = -0.7459112957872504
lambdaF max = Inf
lambdaF min = 0.0010822033550599306
lambdaB max = Inf
lambdaB min = 0.0010822033550599306
----------------------------------
----------------------------------
Iteration = 23
Distance = 1.2766979759435708
v max = -2.967069512966841
v min = -9.652360518244283
d max = 0.07672413793103448
d min = 0.07672413793103448
dF max = 0.07672413793103448
dB max = 0.07672413793103448
hk max = 0.010331966455186503
hk min = 0.010331966455186503
hz max = 1.1395155161091033
hz min = -0.793711759354032
lambdaF max = Inf
lambdaF min = 0.0010822033550599306
lambdaB max = Inf
lambdaB min = 0.0010822033550599306
----------------------------------
Delta = 0.0390625
----------------------------------
Iteration = 24
Distance = 0.893213797372213
v max = -2.970660114288831
v min = -9.653600724335542
d max = 0.07672413793103448
d min = 0.07672413793103448
dF max = 0.07672413793103448
dB max = 0.07672413793103448
hk max = 0.010331966455186503
hk min = 0.010331966455186503
hz max = 1.311680243773885
hz min = -0.9298985046275509
lambdaF max = Inf
lambdaF min = 0.0010822033550599306
lambdaB max = Inf
lambdaB min = 0.0010822033550599306
----------------------------------
----------------------------------
Iteration = 25
Distance = 0.8773531311597411
v max = -2.9781648384581745
v min = -9.654839828705953
d max = 0.07672413793103448
d min = 0.07672413793103448
dF max = 0.07672413793103448
dB max = 0.07672413793103448
hk max = 0.010331966455186503
hk min = 0.010331966455186503
hz max = 1.4123717440363122
hz min = -1.0074400902061553
lambdaF max = Inf
lambdaF min = 0.0010822033550599306
lambdaB max = Inf
lambdaB min = 0.0010822033550599306
----------------------------------
----------------------------------
Iteration = 26
Distance = 0.9913124213162661
v max = -2.983524820055579
v min = -9.656077880254083
d max = 0.07672413793103448
d min = 0.07672413793103448
dF max = 0.07672413793103448
dB max = 0.07672413793103448
hk max = 0.010331966455186503
hk min = 0.010331966455186503
hz max = 1.3848935793068406
hz min = -1.0929705697044227
lambdaF max = Inf
lambdaF min = 0.0010822033550599306
lambdaB max = Inf
lambdaB min = 0.0010822033550599306
----------------------------------
Delta = 0.01953125
----------------------------------
Iteration = 27
Distance = 0.5507786482764265
v max = -2.985621893471291
v min = -9.65669666269664
d max = 0.07672413793103448
d min = 0.07672413793103448
dF max = 0.07672413793103448
dB max = 0.07672413793103448
hk max = 0.010331966455186503
hk min = 0.010331966455186503
hz max = 1.50091447586479
hz min = -1.193683544421756
lambdaF max = Inf
lambdaF min = 0.0010822033550599306
lambdaB max = Inf
lambdaB min = 0.0010809552410142816
----------------------------------
----------------------------------
Iteration = 28
Distance = 0.5098127518983242
v max = -2.988721652833455
v min = -9.657315169583805
d max = 0.07672413793103448
d min = 0.07672413793103448
dF max = 0.07672413793103448
dB max = 0.07672413793103448
hk max = 0.010331966455186503
hk min = 0.010331966455186503
hz max = 1.3420709785703566
hz min = -1.2678011952258967
lambdaF max = Inf
lambdaF min = 0.0010822033550599306
lambdaB max = Inf
lambdaB min = 0.0010819286469328
----------------------------------
----------------------------------
Iteration = 29
Distance = 0.4946712579810626
v max = -2.9919402361549468
v min = -9.6579334123219
d max = 0.07672413793103448
d min = 0.07672413793103448
dF max = 0.07672413793103448
dB max = 0.07672413793103448
hk max = 0.010331966455186503
hk min = 0.010331966455186503
hz max = 1.248089634313033
hz min = -1.3568319273697889
lambdaF max = Inf
lambdaF min = 0.0010469202872839178
lambdaB max = Inf
lambdaB min = 0.0010415514652978464
----------------------------------
----------------------------------
Iteration = 30
Distance = 0.4728676234516431
v max = -2.9952616112747834
v min = -9.658551396378042
d max = 0.07672413793103448
d min = 0.07672413793103448
dF max = 0.07672413793103448
dB max = 0.07672413793103448
hk max = 0.010331966455186503
hk min = 0.010331966455186503
hz max = 1.2140598365764734
hz min = -1.466028995959603
lambdaF max = Inf
lambdaF min = 0.0010471839702459445
lambdaB max = Inf
lambdaB min = 0.0010418411948875466
----------------------------------
----------------------------------
Iteration = 31
Distance = 0.4468615639526652
v max = -2.998539381036179
v min = -9.659169126952001
d max = 0.07672413793103448
d min = 0.07672413793103448
dF max = 0.07672413793103448
dB max = 0.07672413793103448
hk max = 0.010331966455186503
hk min = 0.010331966455186503
hz max = 1.1650769626953996
hz min = -1.603079797411209
lambdaF max = Inf
lambdaF min = 0.0010179028212335055
lambdaB max = Inf
lambdaB min = 0.001012709439492518
----------------------------------
----------------------------------
Iteration = 32
Distance = 0.41893540224379855
v max = -3.001290303819129
v min = -9.659786609373713
d max = 0.07672413793103448
d min = 0.07672413793103448
dF max = 0.07672413793103448
dB max = 0.07672413793103448
hk max = 0.010331966455186503
hk min = 0.010331966455186503
hz max = 1.106550501793962
hz min = -1.7798763309500762
lambdaF max = Inf
lambdaF min = 0.0010117041300245855
lambdaB max = Inf
lambdaB min = 0.00100656857606507
----------------------------------
----------------------------------
Iteration = 33
Distance = 0.39099478289517187
v max = -3.004060440512234
v min = -9.660403849050716
d max = 0.07672413793103448
d min = 0.07672413793103448
dF max = 0.07672413793103448
dB max = 0.07672413793103448
hk max = 0.010331966455186503
hk min = 0.010331966455186503
hz max = 1.0435939594936106
hz min = -2.0157700302343198
lambdaF max = Inf
lambdaF min = 0.001022887777551007
lambdaB max = Inf
lambdaB min = 0.0010176954538070936
----------------------------------
----------------------------------
Iteration = 34
Distance = 0.36642467285343994
v max = -3.006956771685672
v min = -9.661020851423379
d max = 0.07672413793103448
d min = 0.07672413793103448
dF max = 0.07672413793103448
dB max = 0.07672413793103448
hk max = 0.010331966455186503
hk min = 0.010331966455186503
hz max = 0.980483491601698
hz min = -2.3443075369144406
lambdaF max = Inf
lambdaF min = 0.0010643179197590321
lambdaB max = Inf
lambdaB min = 0.0010589152907247224
----------------------------------
----------------------------------
Iteration = 35
Distance = 0.4229144281314472
v max = -3.0100567406886594
v min = -9.661637621927897
d max = 0.07672413793103448
d min = 0.07672413793103448
dF max = 0.07672413793103448
dB max = 0.07672413793103448
hk max = 0.010331966455186503
hk min = 0.010331966455186503
hz max = 0.9203506844588968
hz min = -2.8284875175770128
lambdaF max = Inf
lambdaF min = 0.0010822033550599306
lambdaB max = Inf
lambdaB min = 0.0010822033550599306
----------------------------------
Delta = 0.009765625
----------------------------------
Iteration = 36
Distance = 0.38591135932926424
v max = -3.0122632108176055
v min = -9.661945943962772
d max = 0.07672413793103448
d min = 0.07672413793103448
dF max = 0.07672413793103448
dB max = 0.07672413793103448
hk max = 0.010331966455186503
hk min = 0.010331966455186503
hz max = 1.093959100091922
hz min = -3.5993625416442834
lambdaF max = Inf
lambdaF min = 0.0010822033550599306
lambdaB max = Inf
lambdaB min = 0.0010822033550599306
----------------------------------
Delta = 0.0048828125
----------------------------------
Iteration = 37
Distance = 0.3044271417406357
v max = -3.0130556660900814
v min = -9.6621000900998
d max = 0.07672413793103448
d min = 0.07672413793103448
dF max = 0.07672413793103448
dB max = 0.07672413793103448
hk max = 0.010331966455186503
hk min = 0.010331966455186503
hz max = 1.5084150339792137
hz min = -4.35939842630494
lambdaF max = Inf
lambdaF min = 0.0010822033550599306
lambdaB max = Inf
lambdaB min = 0.0010822033550599306
----------------------------------
----------------------------------
Iteration = 38
Distance = 0.406258846138039
v max = -3.0139215884184662
v min = -9.662254221366966
d max = 0.07672413793103448
d min = 0.07672413793103448
dF max = 0.07672413793103448
dB max = 0.07672413793103448
hk max = 0.010331966455186503
hk min = 0.010331966455186503
hz max = 1.8689399944080336
hz min = -4.992897949067012
lambdaF max = Inf
lambdaF min = 0.0010822033550599306
lambdaB max = Inf
lambdaB min = 0.0010822033550599306
----------------------------------
Delta = 0.00244140625
----------------------------------
Iteration = 39
Distance = 0.29225458860132747
v max = -3.0148951649190323
v min = -9.662331283203594
d max = 0.07672413793103448
d min = 0.07672413793103448
dF max = 0.07672413793103448
dB max = 0.07672413793103448
hk max = 0.010331966455186503
hk min = 0.010331966455186503
hz max = 2.3536469314480124
hz min = -5.860996891582803
lambdaF max = Inf
lambdaF min = 0.0010822033550599306
lambdaB max = Inf
lambdaB min = 0.0010822033550599306
----------------------------------
----------------------------------
Iteration = 40
Distance = 0.36411229551808866
v max = -3.0161951806540817
v min = -9.698839344632107
d max = 0.07672413793103448
d min = 0.07672413793103448
dF max = 0.07672413793103448
dB max = 0.07672413793103448
hk max = 0.010331966455186503
hk min = 0.010331966455186503
hz max = 2.728790090496894
hz min = -6.508155751107414
lambdaF max = Inf
lambdaF min = 0.0010822033550599306
lambdaB max = Inf
lambdaB min = 0.0010822033550599306
----------------------------------
----------------------------------
Iteration = 41
Distance = 0.4665021000910716
v max = -3.0169798858789636
v min = -10.165341444723179
d max = 0.07672413793103448
d min = 0.07672413793103448
dF max = 0.07672413793103448
dB max = 0.07672413793103448
hk max = 0.010331966455186503
hk min = 0.010331966455186503
hz max = 3.201806975945876
hz min = -7.327835858803017
lambdaF max = Inf
lambdaF min = 0.0010822033550599306
lambdaB max = Inf
lambdaB min = 0.0010822033550599306
----------------------------------
Delta = 0.001220703125
----------------------------------
Iteration = 42
Distance = 0.31382796924601664
v max = -3.0169966534557724
v min = -10.479169413969196
d max = 0.07672413793103448
d min = 0.07672413793103448
dF max = 0.07672413793103448
dB max = 0.07672413793103448
hk max = 0.010331966455186503
hk min = 0.010331966455186503
hz max = 3.818126851887245
hz min = -8.395626900072742
lambdaF max = Inf
lambdaF min = 0.0010822033550599306
lambdaB max = Inf
lambdaB min = 0.0010822033550599306
----------------------------------
----------------------------------
Iteration = 43
Distance = 0.3732938214739132
v max = -3.0170717800631968
v min = -10.852463235443109
d max = 0.07672413793103448
d min = 0.07672413793103448
dF max = 0.07672413793103448
dB max = 0.07672413793103448
hk max = 0.010331966455186503
hk min = 0.010331966455186503
hz max = 4.2512621674423
hz min = -9.129105734284902
lambdaF max = Inf
lambdaF min = 0.0010822033550599306
lambdaB max = Inf
lambdaB min = 0.0010822033550599306
----------------------------------
----------------------------------
Iteration = 44
Distance = 0.4515218593110042
v max = -3.017206608252997
v min = -11.303985094754113
d max = 0.07672413793103448
d min = 0.07672413793103448
dF max = 0.07672413793103448
dB max = 0.07672413793103448
hk max = 0.010331966455186503
hk min = 0.010331966455186503
hz max = 4.771320163674489
hz min = -10.009765927067612
lambdaF max = Inf
lambdaF min = 0.0010822033550599306
lambdaB max = Inf
lambdaB min = 0.0010822033550599306
----------------------------------
Delta = 0.0006103515625
----------------------------------
Iteration = 45
Distance = 0.2806168852073476
v max = -3.0173017344826745
v min = -11.58460197996146
d max = 0.07672413793103448
d min = 0.07672413793103448
dF max = 0.07672413793103448
dB max = 0.07672413793103448
hk max = 0.010331966455186503
hk min = 0.010331966455186503
hz max = 5.407012422719081
hz min = -11.084928639519974
lambdaF max = Inf
lambdaF min = 0.0010822033550599306
lambdaB max = Inf
lambdaB min = 0.0010822033550599306
----------------------------------
----------------------------------
Iteration = 46
Distance = 0.3169238916967796
v max = -3.01741221415256
v min = -11.90152587165824
d max = 0.07672413793103448
d min = 0.07672413793103448
dF max = 0.07672413793103448
dB max = 0.07672413793103448
hk max = 0.010331966455186503
hk min = 0.010331966455186503
hz max = 5.811266636644705
hz min = -11.760735443014665
lambdaF max = Inf
lambdaF min = 0.0010822033550599306
lambdaB max = Inf
lambdaB min = 0.0010822033550599306
----------------------------------
----------------------------------
Iteration = 47
Distance = 0.36081107092185327
v max = -3.0175401717305506
v min = -12.262336942580093
d max = 0.07672413793103448
d min = 0.07672413793103448
dF max = 0.07672413793103448
dB max = 0.07672413793103448
hk max = 0.010331966455186503
hk min = 0.010331966455186503
hz max = 6.270315390417333
hz min = -12.527754739203438
lambdaF max = Inf
lambdaF min = 0.0010822033550599306
lambdaB max = Inf
lambdaB min = 0.0010822033550599306
----------------------------------
Delta = 0.00030517578125
----------------------------------
Iteration = 48
Distance = 0.2080394793621796
v max = -3.0176120380964693
v min = -12.470376421942273
d max = 0.07672413793103448
d min = 0.07672413793103448
dF max = 0.07672413793103448
dB max = 0.07672413793103448
hk max = 0.010331966455186503
hk min = 0.010331966455186503
hz max = 6.795934040550454
hz min = -13.405270491144124
lambdaF max = Inf
lambdaF min = 0.0010822033550599306
lambdaB max = Inf
lambdaB min = 0.0010822033550599306
----------------------------------
----------------------------------
Iteration = 49
Distance = 0.22453151182051378
v max = -3.0176881943998604
v min = -12.694907933762787
d max = 0.07672413793103448
d min = 0.07672413793103448
dF max = 0.07672413793103448
dB max = 0.07672413793103448
hk max = 0.010331966455186503
hk min = 0.010331966455186503
hz max = 7.1025664928767185
hz min = -13.914226703578548
lambdaF max = Inf
lambdaF min = 0.0010822033550599306
lambdaB max = Inf
lambdaB min = 0.0010822033550599306
----------------------------------
----------------------------------
Iteration = 50
Distance = 0.24308521946073824
v max = -3.0177690466659097
v min = -12.937993153223525
d max = 0.07672413793103448
d min = 0.07672413793103448
dF max = 0.07672413793103448
dB max = 0.07672413793103448
hk max = 0.010331966455186503
hk min = 0.010331966455186503
hz max = 7.434470751730655
hz min = -14.464915328703563
lambdaF max = Inf
lambdaF min = 0.0010822033550599306
lambdaB max = Inf
lambdaB min = 0.0010822033550599306
----------------------------------
Delta = 0.000152587890625
----------------------------------
Iteration = 51
Distance = 0.13228052390693357
v max = -3.0178115650868325
v min = -13.070273677130459
d max = 0.07672413793103448
d min = 0.07672413793103448
dF max = 0.07672413793103448
dB max = 0.07672413793103448
hk max = 0.010331966455186503
hk min = 0.010331966455186503
hz max = 7.79487367779085
hz min = -15.062602695362184
lambdaF max = Inf
lambdaF min = 0.0010822033550599306
lambdaB max = Inf
lambdaB min = 0.0010822033550599306
----------------------------------
----------------------------------
Iteration = 52
Distance = 0.13819855750212895
v max = -3.017855213466232
v min = -13.208472234632588
d max = 0.07672413793103448
d min = 0.07672413793103448
dF max = 0.07672413793103448
dB max = 0.07672413793103448
hk max = 0.010331966455186503
hk min = 0.010331966455186503
hz max = 7.992155794604526
hz min = -15.388829253657109
lambdaF max = Inf
lambdaF min = 0.0010822033550599306
lambdaB max = Inf
lambdaB min = 0.0010822033550599306
----------------------------------
----------------------------------
Iteration = 53
Distance = 0.1445279513120994
v max = -3.017900075218495
v min = -13.353000185944687
d max = 0.07672413793103448
d min = 0.07672413793103448
dF max = 0.07672413793103448
dB max = 0.07672413793103448
hk max = 0.010331966455186503
hk min = 0.010331966455186503
hz max = 8.198573946058263
hz min = -15.730083978953514
lambdaF max = Inf
lambdaF min = 0.0010822033550599306
lambdaB max = Inf
lambdaB min = 0.0010822033550599306
----------------------------------
Delta = 7.62939453125e-5
----------------------------------
Iteration = 54
Distance = 0.07572650810512194
v max = -3.0179230437886204
v min = -13.428726694049809
d max = 0.07672413793103448
d min = 0.07672413793103448
dF max = 0.07672413793103448
dB max = 0.07672413793103448
hk max = 0.010331966455186503
hk min = 0.010331966455186503
hz max = 8.414774388305435
hz min = -16.087419722094733
lambdaF max = Inf
lambdaF min = 0.0010822033550599306
lambdaB max = Inf
lambdaB min = 0.0010822033550599306
----------------------------------
----------------------------------
Iteration = 55
Distance = 0.07753824116995034
v max = -3.0179463018807993
v min = -13.50626493521976
d max = 0.07672413793103448
d min = 0.07672413793103448
dF max = 0.07672413793103448
dB max = 0.07672413793103448
hk max = 0.010331966455186503
hk min = 0.010331966455186503
hz max = 8.52839025559328
hz min = -16.27493394282209
lambdaF max = Inf
lambdaF min = 0.0010822033550599306
lambdaB max = Inf
lambdaB min = 0.0010822033550599306
----------------------------------
----------------------------------
Iteration = 56
Distance = 0.07941673725698095
v max = -3.0179698681470293
v min = -13.58568167247674
d max = 0.07672413793103448
d min = 0.07672413793103448
dF max = 0.07672413793103448
dB max = 0.07672413793103448
hk max = 0.010331966455186503
hk min = 0.010331966455186503
hz max = 8.644813233473174
hz min = -16.467056840213306
lambdaF max = Inf
lambdaF min = 0.0010822033550599306
lambdaB max = Inf
lambdaB min = 0.0010822033550599306
----------------------------------
Delta = 3.814697265625e-5
----------------------------------
Iteration = 57
Distance = 0.040702262741145745
v max = -3.0179817875031705
v min = -13.626383935217886
d max = 0.07672413793103448
d min = 0.07672413793103448
dF max = 0.07672413793103448
dB max = 0.07672413793103448
hk max = 0.010331966455186503
hk min = 0.010331966455186503
hz max = 8.764148403318558
hz min = -16.66395945586005
lambdaF max = Inf
lambdaF min = 0.0010822033550599306
lambdaB max = Inf
lambdaB min = 0.0010822033550599306
----------------------------------
----------------------------------
Iteration = 58
Distance = 0.04120681760782752
v max = -3.017993780107102
v min = -13.667590752825713
d max = 0.07672413793103448
d min = 0.07672413793103448
dF max = 0.07672413793103448
dB max = 0.07672413793103448
hk max = 0.010331966455186503
hk min = 0.010331966455186503
hz max = 8.825400294186673
hz min = -16.764952371774964
lambdaF max = Inf
lambdaF min = 0.0010822033550599306
lambdaB max = Inf
lambdaB min = 0.0010822033550599306
----------------------------------
----------------------------------
Iteration = 59
Distance = 0.041720960720368794
v max = -3.018005850352955
v min = -13.709311713546082
d max = 0.07672413793103448
d min = 0.07672413793103448
dF max = 0.07672413793103448
dB max = 0.07672413793103448
hk max = 0.010331966455186503
hk min = 0.010331966455186503
hz max = 8.887435362100257
hz min = -16.86722987666172
lambdaF max = Inf
lambdaF min = 0.0010822033550599306
lambdaB max = Inf
lambdaB min = 0.0010822033550599306
----------------------------------
Delta = 1.9073486328125e-5
----------------------------------
Iteration = 60
Distance = 0.021127565474088783
v max = -3.0180119197548594
v min = -13.730439279020171
d max = 0.07672413793103448
d min = 0.07672413793103448
dF max = 0.07672413793103448
dB max = 0.07672413793103448
hk max = 0.010331966455186503
hk min = 0.010331966455186503
hz max = 8.950268712420415
hz min = -16.970816546651537
lambdaF max = Inf
lambdaF min = 0.0010822033550599306
lambdaB max = Inf
lambdaB min = 0.0010822033550599306
----------------------------------
----------------------------------
Iteration = 61
Distance = 0.021260944985804997
v max = -3.018018007576354
v min = -13.751700224005976
d max = 0.07672413793103448
d min = 0.07672413793103448
dF max = 0.07672413793103448
dB max = 0.07672413793103448
hk max = 0.010331966455186503
hk min = 0.010331966455186503
hz max = 8.982111273631862
hz min = -17.02329318784409
lambdaF max = Inf
lambdaF min = 0.0010822033550599306
lambdaB max = Inf
lambdaB min = 0.0010822033550599306
----------------------------------
----------------------------------
Iteration = 62
Distance = 0.021395612136569042
v max = -3.018024114882803
v min = -13.773095836142545
d max = 0.07672413793103448
d min = 0.07672413793103448
dF max = 0.07672413793103448
dB max = 0.07672413793103448
hk max = 0.010331966455186503
hk min = 0.010331966455186503
hz max = 9.014161055096105
hz min = -17.076109556798375
lambdaF max = Inf
lambdaF min = 0.0010822033550599306
lambdaB max = Inf
lambdaB min = 0.0010822033550599306
----------------------------------
Delta = 9.5367431640625e-6
----------------------------------
Iteration = 63
Distance = 0.010767091735647938
v max = -3.018027177133569
v min = -13.783862927878193
d max = 0.07672413793103448
d min = 0.07672413793103448
dF max = 0.07672413793103448
dB max = 0.07672413793103448
hk max = 0.010331966455186503
hk min = 0.010331966455186503
hz max = 9.046420086298838
hz min = -17.12926895471479
lambdaF max = Inf
lambdaF min = 0.0010822033550599306
lambdaB max = Inf
lambdaB min = 0.0010822033550599306
----------------------------------
----------------------------------
Iteration = 64
Distance = 0.010801397111318778
v max = -3.01803024400264
v min = -13.794664324989512
d max = 0.07672413793103448
d min = 0.07672413793103448
dF max = 0.07672413793103448
dB max = 0.07672413793103448
hk max = 0.010331966455186503
hk min = 0.010331966455186503
hz max = 9.062660100978254
hz min = -17.15602595304574
lambdaF max = Inf
lambdaF min = 0.0010822033550599306
lambdaB max = Inf
lambdaB min = 0.0010822033550599306
----------------------------------
----------------------------------
Iteration = 65
Distance = 0.010835869419581812
v max = -3.0180333157522377
v min = -13.805500194409094
d max = 0.07672413793103448
d min = 0.07672413793103448
dF max = 0.07672413793103448
dB max = 0.07672413793103448
hk max = 0.010331966455186503
hk min = 0.010331966455186503
hz max = 9.078953436943854
hz min = -17.182870348465478
lambdaF max = Inf
lambdaF min = 0.0010822033550599306
lambdaB max = Inf
lambdaB min = 0.0010822033550599306
----------------------------------
Delta = 4.76837158203125e-6
----------------------------------
Iteration = 66
Distance = 0.005435583147963996
v max = -3.0180348537798913
v min = -13.810935777557058
d max = 0.07672413793103448
d min = 0.07672413793103448
dF max = 0.07672413793103448
dB max = 0.07672413793103448
hk max = 0.010331966455186503
hk min = 0.010331966455186503
hz max = 9.095300357362396
hz min = -17.209802568999354
lambdaF max = Inf
lambdaF min = 0.0010822033550599306
lambdaB max = Inf
lambdaB min = 0.0010822033550599306
----------------------------------
----------------------------------
Iteration = 67
Distance = 0.005444283232412417
v max = -3.0180363929637943
v min = -13.81638006078947
d max = 0.07672413793103448
d min = 0.07672413793103448
dF max = 0.07672413793103448
dB max = 0.07672413793103448
hk max = 0.010331966455186503
hk min = 0.010331966455186503
hz max = 9.10350196618861
hz min = -17.223313846033637
lambdaF max = Inf
lambdaF min = 0.0010822033550599306
lambdaB max = Inf
lambdaB min = 0.0010822033550599306
----------------------------------
----------------------------------
Iteration = 68
Distance = 0.005453004570769693
v max = -3.0180379333689884
v min = -13.82183306536024
d max = 0.07672413793103448
d min = 0.07672413793103448
dF max = 0.07672413793103448
dB max = 0.07672413793103448
hk max = 0.010331966455186503
hk min = 0.010331966455186503
hz max = 9.111717100706555
hz min = -17.236847289951655
lambdaF max = Inf
lambdaF min = 0.0010822033550599306
lambdaB max = Inf
lambdaB min = 0.0010822033550599306
----------------------------------
Delta = 2.384185791015625e-6
----------------------------------
Iteration = 69
Distance = 0.002730956100835513
v max = -3.0180387041102317
v min = -13.824564021461075
d max = 0.07672413793103448
d min = 0.07672413793103448
dF max = 0.07672413793103448
dB max = 0.07672413793103448
hk max = 0.010331966455186503
hk min = 0.010331966455186503
hz max = 9.119945794426204
hz min = -17.25040295525266
lambdaF max = Inf
lambdaF min = 0.0010822033550599306
lambdaB max = Inf
lambdaB min = 0.0010822033550599306
----------------------------------
----------------------------------
Iteration = 70
Distance = 0.0027331468265785475
v max = -3.0180394751407458
v min = -13.827297168287654
d max = 0.07672413793103448
d min = 0.07672413793103448
dF max = 0.07672413793103448
dB max = 0.07672413793103448
hk max = 0.010331966455186503
hk min = 0.010331966455186503
hz max = 9.124067245249343
hz min = -17.25719218697224
lambdaF max = Inf
lambdaF min = 0.0010822033550599306
lambdaB max = Inf
lambdaB min = 0.0010822033550599306
----------------------------------
----------------------------------
Iteration = 71
Distance = 0.0027353402337251254
v max = -3.018040246476728
v min = -13.830032508521379
d max = 0.07672413793103448
d min = 0.07672413793103448
dF max = 0.07672413793103448
dB max = 0.07672413793103448
hk max = 0.010331966455186503
hk min = 0.010331966455186503
hz max = 9.12819210229326
hz min = -17.263987000724427
lambdaF max = Inf
lambdaF min = 0.0010822033550599306
lambdaB max = Inf
lambdaB min = 0.0010822033550599306
----------------------------------
Delta = 1.1920928955078125e-6
----------------------------------
Iteration = 72
Distance = 0.0013687888368085765
v max = -3.0180406322794346
v min = -13.831401297358187
d max = 0.07672413793103448
d min = 0.07672413793103448
dF max = 0.07672413793103448
dB max = 0.07672413793103448
hk max = 0.010331966455186503
hk min = 0.010331966455186503
hz max = 9.132320369785734
hz min = -17.270787403385
lambdaF max = Inf
lambdaF min = 0.0010822033550599306
lambdaB max = Inf
lambdaB min = 0.0010822033550599306
----------------------------------
----------------------------------
Iteration = 73
Distance = 0.0013693384963655575
v max = -3.018041018154485
v min = -13.832770635854553
d max = 0.07672413793103448
d min = 0.07672413793103448
dF max = 0.07672413793103448
dB max = 0.07672413793103448
hk max = 0.010331966455186503
hk min = 0.010331966455186503
hz max = 9.134386287958675
hz min = -17.274190468041038
lambdaF max = Inf
lambdaF min = 0.0010822033550599306
lambdaB max = Inf
lambdaB min = 0.0010822033550599306
----------------------------------
----------------------------------
Iteration = 74
Distance = 0.0013698884926647281
v max = -3.0180414041059205
v min = -13.834140524347218
d max = 0.07672413793103448
d min = 0.07672413793103448
dF max = 0.07672413793103448
dB max = 0.07672413793103448
hk max = 0.010331966455186503
hk min = 0.010331966455186503
hz max = 9.136453060810434
hz min = -17.277594933282916
lambdaF max = Inf
lambdaF min = 0.0010822033550599306
lambdaB max = Inf
lambdaB min = 0.0010822033550599306
----------------------------------
Delta = 5.960464477539062e-7
----------------------------------
Iteration = 75
Distance = 0.0006852245879152008
v max = -3.0180415971153245
v min = -13.834825748935133
d max = 0.07672413793103448
d min = 0.07672413793103448
dF max = 0.07672413793103448
dB max = 0.07672413793103448
hk max = 0.010331966455186503
hk min = 0.010331966455186503
hz max = 9.138520688871942
hz min = -17.281000799974105
lambdaF max = Inf
lambdaF min = 0.0010822033550599306
lambdaB max = Inf
lambdaB min = 0.0010822033550599306
----------------------------------
----------------------------------
Iteration = 76
Distance = 0.0006853622510192281
v max = -3.018041790142817
v min = -13.835511111186152
d max = 0.07672413793103448
d min = 0.07672413793103448
dF max = 0.07672413793103448
dB max = 0.07672413793103448
hk max = 0.010331966455186503
hk min = 0.010331966455186503
hz max = 9.139554950069206
hz min = -17.28270445085456
lambdaF max = Inf
lambdaF min = 0.0010822033550599306
lambdaB max = Inf
lambdaB min = 0.0010822033550599306
----------------------------------
----------------------------------
Iteration = 77
Distance = 0.0006854999563117303
v max = -3.0180419831894083
v min = -13.836196611142464
d max = 0.07672413793103448
d min = 0.07672413793103448
dF max = 0.07672413793103448
dB max = 0.07672413793103448
hk max = 0.010331966455186503
hk min = 0.010331966455186503
hz max = 9.140589425328141
hz min = -17.284408452518623
lambdaF max = Inf
lambdaF min = 0.0010822033550599306
lambdaB max = Inf
lambdaB min = 0.0010822033550599306
----------------------------------
Delta = 2.980232238769531e-7
----------------------------------
Iteration = 78
Distance = 0.0003428201464608094
v max = -3.018042079721126
v min = -13.836539431288925
d max = 0.07672413793103448
d min = 0.07672413793103448
dF max = 0.07672413793103448
dB max = 0.07672413793103448
hk max = 0.010331966455186503
hk min = 0.010331966455186503
hz max = 9.141624114715256
hz min = -17.286112805074477
lambdaF max = Inf
lambdaF min = 0.0010822033550599306
lambdaB max = Inf
lambdaB min = 0.0010822033550599306
----------------------------------
----------------------------------
Iteration = 79
Distance = 0.0003428545933239491
v max = -3.0180421762573673
v min = -13.836882285882249
d max = 0.07672413793103448
d min = 0.07672413793103448
dF max = 0.07672413793103448
dB max = 0.07672413793103448
hk max = 0.010331966455186503
hk min = 0.010331966455186503
hz max = 9.14214157133326
hz min = -17.28696516094959
lambdaF max = Inf
lambdaF min = 0.0010822033550599306
lambdaB max = Inf
lambdaB min = 0.0010822033550599306
----------------------------------
----------------------------------
Iteration = 80
Distance = 0.0003428890454664213
v max = -3.0180422727983833
v min = -13.837225174927715
d max = 0.07672413793103448
d min = 0.07672413793103448
dF max = 0.07672413793103448
dB max = 0.07672413793103448
hk max = 0.010331966455186503
hk min = 0.010331966455186503
hz max = 9.142659081515765
hz min = -17.2878176046004
lambdaF max = Inf
lambdaF min = 0.0010822033550599306
lambdaB max = Inf
lambdaB min = 0.0010822033550599306
----------------------------------
Delta = 1.4901161193847656e-7
----------------------------------
Iteration = 81
Distance = 0.00017146207518869971
v max = -3.0180423210709972
v min = -13.837396637002904
d max = 0.07672413793103448
d min = 0.07672413793103448
dF max = 0.07672413793103448
dB max = 0.07672413793103448
hk max = 0.010331966455186503
hk min = 0.010331966455186503
hz max = 9.143176645271103
hz min = -17.28867013604045
lambdaF max = Inf
lambdaF min = 0.0010822033550599306
lambdaB max = Inf
lambdaB min = 0.0010822033550599306
----------------------------------
----------------------------------
Iteration = 82
Distance = 0.00017147069079292976
v max = -3.0180423693447413
v min = -13.837568107693697
d max = 0.07672413793103448
d min = 0.07672413793103448
dF max = 0.07672413793103448
dB max = 0.07672413793103448
hk max = 0.010331966455186503
hk min = 0.010331966455186503
hz max = 9.14343545514651
hz min = -17.289096446686493
lambdaF max = Inf
lambdaF min = 0.0010822033550599306
lambdaB max = Inf
lambdaB min = 0.0010822033550599306
----------------------------------
----------------------------------
Iteration = 83
Distance = 0.0001714793070597409
v max = -3.0180424176196796
v min = -13.837739587000756
d max = 0.07672413793103448
d min = 0.07672413793103448
dF max = 0.07672413793103448
dB max = 0.07672413793103448
hk max = 0.010331966455186503
hk min = 0.010331966455186503
hz max = 9.143694278419181
hz min = -17.289522779286447
lambdaF max = Inf
lambdaF min = 0.0010822033550599306
lambdaB max = Inf
lambdaB min = 0.0010822033550599306
----------------------------------
Delta = 7.450580596923828e-8
----------------------------------
Iteration = 84
Distance = 8.574404293959503e-5
v max = -3.018042441757675
v min = -13.837825331043696
d max = 0.07672413793103448
d min = 0.07672413793103448
dF max = 0.07672413793103448
dB max = 0.07672413793103448
hk max = 0.010331966455186503
hk min = 0.010331966455186503
hz max = 9.143953115090167
hz min = -17.289949133842
lambdaF max = Inf
lambdaF min = 0.0010822033550599306
lambdaB max = Inf
lambdaB min = 0.0010822033550599306
----------------------------------
----------------------------------
Iteration = 85
Distance = 8.574619732648614e-5
v max = -3.0180424658959533
v min = -13.837911077241023
d max = 0.07672413793103448
d min = 0.07672413793103448
dF max = 0.07672413793103448
dB max = 0.07672413793103448
hk max = 0.010331966455186503
hk min = 0.010331966455186503
hz max = 9.144082540427172
hz min = -17.290162322354625
lambdaF max = Inf
lambdaF min = 0.0010822033550599306
lambdaB max = Inf
lambdaB min = 0.0010822033550599306
----------------------------------
----------------------------------
Iteration = 86
Distance = 8.574835179864237e-5
v max = -3.0180424900345293
v min = -13.837996825592821
d max = 0.07672413793103448
d min = 0.07672413793103448
dF max = 0.07672413793103448
dB max = 0.07672413793103448
hk max = 0.010331966455186503
hk min = 0.010331966455186503
hz max = 9.144211969114254
hz min = -17.29037551635697
lambdaF max = Inf
lambdaF min = 0.0010822033550599306
lambdaB max = Inf
lambdaB min = 0.0010822033550599306
----------------------------------
Delta = 3.725290298461914e-8
----------------------------------
Iteration = 87
Distance = 4.287527341517716e-5
v max = -3.018042502103949
v min = -13.838039700866236
d max = 0.07672413793103448
d min = 0.07672413793103448
dF max = 0.07672413793103448
dB max = 0.07672413793103448
hk max = 0.010331966455186503
hk min = 0.010331966455186503
hz max = 9.144341401151559
hz min = -17.290588715849257
lambdaF max = Inf
lambdaF min = 0.0010822033550599306
lambdaB max = Inf
lambdaB min = 0.0010822033550599306
----------------------------------
----------------------------------
Iteration = 88
Distance = 4.287581207229607e-5
v max = -3.0180425141734393
v min = -13.838082576678309
d max = 0.07672413793103448
d min = 0.07672413793103448
dF max = 0.07672413793103448
dB max = 0.07672413793103448
hk max = 0.010331966455186503
hk min = 0.010331966455186503
hz max = 9.144406118920854
hz min = -17.290695318404534
lambdaF max = Inf
lambdaF min = 0.0010822033550599306
lambdaB max = Inf
lambdaB min = 0.0010822033550599306
----------------------------------
----------------------------------
Iteration = 89
Distance = 4.2876350738296765e-5
v max = -3.018042526243004
v min = -13.838125453029047
d max = 0.07672413793103448
d min = 0.07672413793103448
dF max = 0.07672413793103448
dB max = 0.07672413793103448
hk max = 0.010331966455186503
hk min = 0.010331966455186503
hz max = 9.144470837527772
hz min = -17.290801922332392
lambdaF max = Inf
lambdaF min = 0.0010822033550599306
lambdaB max = Inf
lambdaB min = 0.0010822033550599306
----------------------------------
Delta = 1.862645149230957e-8
----------------------------------
Iteration = 90
Distance = 2.1438449767430257e-5
v max = -3.01804253227782
v min = -13.838146891478814
d max = 0.07672413793103448
d min = 0.07672413793103448
dF max = 0.07672413793103448
dB max = 0.07672413793103448
hk max = 0.010331966455186503
hk min = 0.010331966455186503
hz max = 9.144535556972308
hz min = -17.290908527632862
lambdaF max = Inf
lambdaF min = 0.0010822033550599306
lambdaB max = Inf
lambdaB min = 0.0010822033550599306
----------------------------------
----------------------------------
Iteration = 91
Distance = 2.143858444014768e-5
v max = -3.0180425383126526
v min = -13.838168330063255
d max = 0.07672413793103448
d min = 0.07672413793103448
dF max = 0.07672413793103448
dB max = 0.07672413793103448
hk max = 0.010331966455186503
hk min = 0.010331966455186503
hz max = 9.144567917132264
hz min = -17.29096183098543
lambdaF max = Inf
lambdaF min = 0.0010822033550599306
lambdaB max = Inf
lambdaB min = 0.0010822033550599306
----------------------------------
----------------------------------
Iteration = 92
Distance = 2.14387191128651e-5
v max = -3.0180425443475047
v min = -13.838189768782367
d max = 0.07672413793103448
d min = 0.07672413793103448
dF max = 0.07672413793103448
dB max = 0.07672413793103448
hk max = 0.010331966455186503
hk min = 0.010331966455186503
hz max = 9.14460027750164
hz min = -17.29101513468117
lambdaF max = Inf
lambdaF min = 0.0010822033550599306
lambdaB max = Inf
lambdaB min = 0.0010822033550599306
----------------------------------
Delta = 9.313225746154785e-9
----------------------------------
Iteration = 93
Distance = 1.0719428157557331e-5
v max = -3.0180425473649395
v min = -13.838200488210525
d max = 0.07672413793103448
d min = 0.07672413793103448
dF max = 0.07672413793103448
dB max = 0.07672413793103448
hk max = 0.010331966455186503
hk min = 0.010331966455186503
hz max = 9.144632638080433
hz min = -17.291068438720078
lambdaF max = Inf
lambdaF min = 0.0010822033550599306
lambdaB max = Inf
lambdaB min = 0.0010822033550599306
----------------------------------
----------------------------------
Iteration = 94
Distance = 1.0719461826624865e-5
v max = -3.0180425503823782
v min = -13.838211207672352
d max = 0.07672413793103448
d min = 0.07672413793103448
dF max = 0.07672413793103448
dB max = 0.07672413793103448
hk max = 0.010331966455186503
hk min = 0.010331966455186503
hz max = 9.144648818479252
hz min = -17.29109509091512
lambdaF max = Inf
lambdaF min = 0.0010822033550599306
lambdaB max = Inf
lambdaB min = 0.0010822033550599306
----------------------------------
----------------------------------
Iteration = 95
Distance = 1.0719495497468756e-5
v max = -3.018042553399822
v min = -13.838221927167849
d max = 0.07672413793103448
d min = 0.07672413793103448
dF max = 0.07672413793103448
dB max = 0.07672413793103448
hk max = 0.010331966455186503
hk min = 0.010331966455186503
hz max = 9.144664998930423
hz min = -17.29112174319595
lambdaF max = Inf
lambdaF min = 0.0010822033550599306
lambdaB max = Inf
lambdaB min = 0.0010822033550599306
----------------------------------
Delta = 4.6566128730773926e-9
----------------------------------
Iteration = 96
Distance = 5.359764898571484e-6
v max = -3.0180425549085457
v min = -13.838227286932748
d max = 0.07672413793103448
d min = 0.07672413793103448
dF max = 0.07672413793103448
dB max = 0.07672413793103448
hk max = 0.010331966455186503
hk min = 0.010331966455186503
hz max = 9.144681179433967
hz min = -17.29114839556258
lambdaF max = Inf
lambdaF min = 0.0010822033550599306
lambdaB max = Inf
lambdaB min = 0.0010822033550599306
----------------------------------
    Value Function Converged, Iteration = 96 with gamma=9.0 with rho=1.0 and v=-3.3327477474810454
    Reflective boundary condition
=============================================================
Convegence time (minutes): 0.10508437763333332
Current Time = 22:19:29
grid points for z:  401
grid size for z:  0.025
-0.6548902313930437
0.23174079127110753
--- 7.982882261276245 seconds for the elasticity computation ---
-0.07005164156944699
0.14120385276927302
--- 0.0663764476776123 seconds for the elasticity computation ---
-0.3123519981656834
0.09053693850183447
--- 0.0661158561706543 seconds for the elasticity computation ---
-0.7346499448901846
0.22430177542337326
--- 0.06585407257080078 seconds for the elasticity computation ---
Current Time = 22:19:39
grid points for z:  401
grid size for z:  0.025
rho = 1
0.05975971349714089
--- 8.00626802444458 seconds for the elasticity computation ---
0.0
--- 0.06607270240783691 seconds for the elasticity computation ---
0.05975971349714089
--- 0.0655360221862793 seconds for the elasticity computation ---
0.0
--- 0.06542158126831055 seconds for the elasticity computation ---
0.0
--- 0.06561088562011719 seconds for the elasticity computation ---
0.05975971349714089
0.007439015847734282
--- 0.06589460372924805 seconds for the elasticity computation ---
0.05975971349714089
0.007439015847734282
--- 0.06530308723449707 seconds for the elasticity computation ---
0.05975971349714089
0.007439015847734282
--- 0.06513142585754395 seconds for the elasticity computation ---
0.05975971349714089
0.007439015847734282
--- 0.06545734405517578 seconds for the elasticity computation ---
parsed_args = parse_commandline() = Dict{String, Any}("dataname" => "upper_triangular_two_ambiguous_parameters", "clowerlim" => 0.0001, "delta" => 0.02, "boundary" => 1, "Delta" => 10.0, "q" => 0.3, "zmax" => 5.0, "logadjustment" => 1, "zscale" => 2.0, "foc" => 1, "distorted" => 0, "rho" => 1.0, "gamma" => 9.0)
=============================================================
./output/upper_triangular_two_ambiguous_parameters/Delta_10.0_distorted_0/logadjustment_1_boundary_1/zmax_5.0_zscale_2.0/delta_0.02/q_0.3_gamma_9.0_rho_1.0/
=============================================================
solve for structured linear system 
structured_relative_entropy = 0.3059266034983213
=============================================================
solve for unstructured linear system 
q_update = 0.7069178629104598
=============================================================
parsed_args = parse_commandline() = Dict{String, Any}("dataname" => "upper_triangular_two_ambiguous_parameters", "clowerlim" => 0.0001, "delta" => 0.02, "boundary" => 1, "Delta" => 10.0, "q" => 0.3, "zmax" => 5.0, "logadjustment" => 1, "zscale" => 2.0, "foc" => 1, "distorted" => 0, "rho" => 1.0, "gamma" => 9.0)
=============================================================
./output/upper_triangular_two_ambiguous_parameters/Delta_10.0_distorted_0/logadjustment_1_boundary_1/zmax_5.0_zscale_2.0/delta_0.02/q_0.3_gamma_9.0_rho_1.0/
=============================================================
solve for structured linear system 
structured_relative_entropy = 0.3059266034983222
=============================================================
solve for unstructured linear system 
q_update = 0.7069409490286758
=============================================================
Program ends Fri Jan 19 22:20:18 CST 2024
Elapsed time: 0 days 00 hr 01 min 15 sec
