D_10.0_distorted_0_boundary_1_delta_0.01_gamma_6.0_q_0.05_rho_1.0_upper_triangular_two_ambiguous_parameters
Program starts Fri Jan 19 22:18:51 CST 2024
parsed_args = parse_commandline() = Dict{String, Any}("dataname" => "upper_triangular_two_ambiguous_parameters", "clowerlim" => 0.0001, "delta" => 0.01, "boundary" => 1, "Delta" => 10.0, "q" => 0.05, "zmax" => 5.0, "logadjustment" => 1, "zscale" => 2.0, "foc" => 1, "distorted" => 0, "rho" => 1.0, "gamma" => 6.0)
=============================================================
logadjustment: true
reflective_boundary: true
0.0922
U: [1.0331966455186503 0.4546065240282061; 0.0 0.06463435618925897]
L: [1.0331966455186503 0.0; 0.4546065240282061 0.06463435618925897]
[-2.220446049250313e-16 0.0; 0.0 0.0]
sigma_k: [0.010331966455186503, 0.004546065240282061]
sigma_z: [0.0, 0.06463435618925897]
Compute value function WITH ROBUSTNESS
computing undistorted version...
zmax = 5.0, zmin = -5.0, zlength = 401
reflective boundary condition
----------------------------------
Iteration = 1
Distance = 1.223364747590114
v max = -0.8172813666098742
v min = -3.223364747590114
d max = 0.07611111111111112
d min = 0.07611111111111112
dF max = 0.07611111111111112
dB max = 0.07611111111111112
hk max = 0.010331966455186503
hk min = 0.010331966455186503
hz max = 0.004546065240282061
hz min = 0.004546065240282061
lambdaF max = Inf
lambdaF min = 0.008624482946382156
lambdaB max = Inf
lambdaB min = 0.008624482946382156
----------------------------------
----------------------------------
Iteration = 2
Distance = 0.9259534284764794
v max = -0.3404843424647589
v min = -4.149318176066593
d max = 0.07611111111111112
d min = 0.07611111111111112
dF max = 0.07611111111111112
dB max = 0.07611111111111112
hk max = 0.010331966455186503
hk min = 0.010331966455186503
hz max = 0.020120608900348103
hz min = 0.016576009988621895
lambdaF max = Inf
lambdaF min = 0.008624482946382156
lambdaB max = Inf
lambdaB min = 0.008624482946382156
----------------------------------
----------------------------------
Iteration = 3
Distance = 0.640983875412851
v max = -0.10982750413711022
v min = -4.790302051479444
d max = 0.07611111111111112
d min = 0.07611111111111112
dF max = 0.07611111111111112
dB max = 0.07611111111111112
hk max = 0.010331966455186503
hk min = 0.010331966455186503
hz max = 0.03176204769717921
hz min = 0.022593620484590658
lambdaF max = Inf
lambdaF min = 0.008624482946382156
lambdaB max = Inf
lambdaB min = 0.008624482946382156
----------------------------------
----------------------------------
Iteration = 4
Distance = 0.45464853389793003
v max = -0.010576783768722842
v min = -5.244950585377374
d max = 0.07611111111111112
d min = 0.07611111111111112
dF max = 0.07611111111111112
dB max = 0.07611111111111112
hk max = 0.010331966455186503
hk min = 0.010331966455186503
hz max = 0.0395673441706622
hz min = 0.02526151113963861
lambdaF max = Inf
lambdaF min = 0.008624482946382156
lambdaB max = Inf
lambdaB min = 0.008624482946382156
----------------------------------
----------------------------------
Iteration = 5
Distance = 0.33081177029327424
v max = 0.021782280903868096
v min = -5.575762355670649
d max = 0.07611111111111112
d min = 0.07611111111111112
dF max = 0.07611111111111112
dB max = 0.07611111111111112
hk max = 0.010331966455186503
hk min = 0.010331966455186503
hz max = 0.04483978710112199
hz min = 0.02683796105958292
lambdaF max = Inf
lambdaF min = 0.008624482946382156
lambdaB max = Inf
lambdaB min = 0.008624482946382156
----------------------------------
----------------------------------
Iteration = 6
Distance = 0.24588837936918218
v max = 0.020511885261232914
v min = -5.821650735039831
d max = 0.07611111111111112
d min = 0.07611111111111112
dF max = 0.07611111111111112
dB max = 0.07611111111111112
hk max = 0.010331966455186503
hk min = 0.010331966455186503
hz max = 0.04843208030123681
hz min = 0.02757234280100428
lambdaF max = Inf
lambdaF min = 0.008624482946382156
lambdaB max = Inf
lambdaB min = 0.008624482946382156
----------------------------------
----------------------------------
Iteration = 7
Distance = 0.18658048339389932
v max = 0.0017887196104290762
v min = -6.00823121843373
d max = 0.07611111111111112
d min = 0.07611111111111112
dF max = 0.07611111111111112
dB max = 0.07611111111111112
hk max = 0.010331966455186503
hk min = 0.010331966455186503
hz max = 0.05088766024592164
hz min = 0.02799122751068025
lambdaF max = Inf
lambdaF min = 0.008624482946382156
lambdaB max = Inf
lambdaB min = 0.008624482946382156
----------------------------------
----------------------------------
Iteration = 8
Distance = 0.14454764831683686
v max = -0.02630555253387227
v min = -6.152778866750567
d max = 0.07611111111111112
d min = 0.07611111111111112
dF max = 0.07611111111111112
dB max = 0.07611111111111112
hk max = 0.010331966455186503
hk min = 0.010331966455186503
hz max = 0.05256886890996654
hz min = 0.028226185331765664
lambdaF max = Inf
lambdaF min = 0.008624482946382156
lambdaB max = Inf
lambdaB min = 0.008624482946382156
----------------------------------
----------------------------------
Iteration = 9
Distance = 0.11432712034503911
v max = -0.059490089533694224
v min = -6.267105987095606
d max = 0.07611111111111112
d min = 0.07611111111111112
dF max = 0.07611111111111112
dB max = 0.07611111111111112
hk max = 0.010331966455186503
hk min = 0.010331966455186503
hz max = 0.05372097833747004
hz min = 0.02838163701986048
lambdaF max = Inf
lambdaF min = 0.008624482946382156
lambdaB max = Inf
lambdaB min = 0.008624482946382156
----------------------------------
----------------------------------
Iteration = 10
Distance = 0.0922665126277522
v max = -0.09517924789261437
v min = -6.359372499723358
d max = 0.07611111111111112
d min = 0.07611111111111112
dF max = 0.07611111111111112
dB max = 0.07611111111111112
hk max = 0.010331966455186503
hk min = 0.010331966455186503
hz max = 0.054511004907443296
hz min = 0.028489663612383365
lambdaF max = Inf
lambdaF min = 0.008624482946382156
lambdaB max = Inf
lambdaB min = 0.008624482946382156
----------------------------------
----------------------------------
Iteration = 11
Distance = 0.07589415421036172
v max = -0.13167519030616048
v min = -6.43526665393372
d max = 0.07611111111111112
d min = 0.07611111111111112
dF max = 0.07611111111111112
dB max = 0.07611111111111112
hk max = 0.010331966455186503
hk min = 0.010331966455186503
hz max = 0.0550530030617373
hz min = 0.02856861096540843
lambdaF max = Inf
lambdaF min = 0.008624482946382156
lambdaB max = Inf
lambdaB min = 0.008624482946382156
----------------------------------
----------------------------------
Iteration = 12
Distance = 0.06352348000815589
v max = -0.16782047743900308
v min = -6.498790133941876
d max = 0.07611111111111112
d min = 0.07611111111111112
dF max = 0.07611111111111112
dB max = 0.07611111111111112
hk max = 0.010331966455186503
hk min = 0.010331966455186503
hz max = 0.055424989483734456
hz min = 0.028626481244733583
lambdaF max = Inf
lambdaF min = 0.008624482946382156
lambdaB max = Inf
lambdaB min = 0.008624482946382156
----------------------------------
----------------------------------
Iteration = 13
Distance = 0.053996157101481757
v max = -0.2028374220985508
v min = -6.552786291043358
d max = 0.07611111111111112
d min = 0.07611111111111112
dF max = 0.07611111111111112
dB max = 0.07611111111111112
hk max = 0.010331966455186503
hk min = 0.010331966455186503
hz max = 0.05568037598652563
hz min = 0.028668836587453242
lambdaF max = Inf
lambdaF min = 0.008624482946382156
lambdaB max = Inf
lambdaB min = 0.008624482946382156
----------------------------------
----------------------------------
Iteration = 14
Distance = 0.046512053778810625
v max = -0.23622337869729765
v min = -6.599298344822168
d max = 0.07611111111111112
d min = 0.07611111111111112
dF max = 0.07611111111111112
dB max = 0.07611111111111112
hk max = 0.010331966455186503
hk min = 0.010331966455186503
hz max = 0.055855757781477576
hz min = 0.028699557400067407
lambdaF max = Inf
lambdaF min = 0.008624482946382156
lambdaB max = Inf
lambdaB min = 0.008624482946382156
----------------------------------
----------------------------------
Iteration = 15
Distance = 0.040515315615212266
v max = -0.2676788348936267
v min = -6.6398136604373805
d max = 0.07611111111111112
d min = 0.07611111111111112
dF max = 0.07611111111111112
dB max = 0.07611111111111112
hk max = 0.010331966455186503
hk min = 0.010331966455186503
hz max = 0.05597622629573982
hz min = 0.028721599034986663
lambdaF max = Inf
lambdaF min = 0.008624482946382156
lambdaB max = Inf
lambdaB min = 0.008624482946382156
----------------------------------
----------------------------------
Iteration = 16
Distance = 0.0356174129280431
v max = -0.29705257989223766
v min = -6.675431073365424
d max = 0.07611111111111112
d min = 0.07611111111111112
dF max = 0.07611111111111112
dB max = 0.07611111111111112
hk max = 0.010331966455186503
hk min = 0.010331966455186503
hz max = 0.05605899197217555
hz min = 0.028737238784076198
lambdaF max = Inf
lambdaF min = 0.008624482946382156
lambdaB max = Inf
lambdaB min = 0.008624482946382156
----------------------------------
----------------------------------
Iteration = 17
Distance = 0.03154486637227283
v max = -0.3242991947070113
v min = -6.7069759397376965
d max = 0.07611111111111112
d min = 0.07611111111111112
dF max = 0.07611111111111112
dB max = 0.07611111111111112
hk max = 0.010331966455186503
hk min = 0.010331966455186503
hz max = 0.056115864377239845
hz min = 0.028748225198011228
lambdaF max = Inf
lambdaF min = 0.008624482946382156
lambdaB max = Inf
lambdaB min = 0.008624482946382156
----------------------------------
----------------------------------
Iteration = 18
Distance = 0.02810358925222811
v max = -0.3494457783901703
v min = -6.735079528989925
d max = 0.07611111111111112
d min = 0.07611111111111112
dF max = 0.07611111111111112
dB max = 0.07611111111111112
hk max = 0.010331966455186503
hk min = 0.010331966455186503
hz max = 0.05615494990332458
hz min = 0.02875588266607605
lambdaF max = Inf
lambdaF min = 0.008624482946382156
lambdaB max = Inf
lambdaB min = 0.008624482946382156
----------------------------------
----------------------------------
Iteration = 19
Distance = 0.025154486519193497
v max = -0.3725667242618264
v min = -6.760234015509118
d max = 0.07611111111111112
d min = 0.07611111111111112
dF max = 0.07611111111111112
dB max = 0.07611111111111112
hk max = 0.010331966455186503
hk min = 0.010331966455186503
hz max = 0.056181814676381975
hz min = 0.028761188611193634
lambdaF max = Inf
lambdaF min = 0.008624482946382156
lambdaB max = Inf
lambdaB min = 0.008624482946382156
----------------------------------
----------------------------------
Iteration = 20
Distance = 0.02259671249567674
v max = -0.3937651902889445
v min = -6.782830728004795
d max = 0.07611111111111112
d min = 0.07611111111111112
dF max = 0.07611111111111112
dB max = 0.07611111111111112
hk max = 0.010331966455186503
hk min = 0.010331966455186503
hz max = 0.056200281590913725
hz min = 0.02876485101713515
lambdaF max = Inf
lambdaF min = 0.008624482946382156
lambdaB max = Inf
lambdaB min = 0.008624482946382156
----------------------------------
----------------------------------
Iteration = 21
Distance = 0.020356156023685124
v max = -0.4131599606884685
v min = -6.80318688402848
d max = 0.07611111111111112
d min = 0.07611111111111112
dF max = 0.07611111111111112
dB max = 0.07611111111111112
hk max = 0.010331966455186503
hk min = 0.010331966455186503
hz max = 0.05621297685593002
hz min = 0.028767372980180908
lambdaF max = Inf
lambdaF min = 0.008624482946382156
lambdaB max = Inf
lambdaB min = 0.008624482946382156
----------------------------------
----------------------------------
Iteration = 22
Distance = 0.01837750228138635
v max = -0.43087643369277945
v min = -6.821564386309866
d max = 0.07611111111111112
d min = 0.07611111111111112
dF max = 0.07611111111111112
dB max = 0.07611111111111112
hk max = 0.010331966455186503
hk min = 0.010331966455186503
hz max = 0.05622170493994057
hz min = 0.028769107527559203
lambdaF max = Inf
lambdaF min = 0.008624482946382156
lambdaB max = Inf
lambdaB min = 0.008624482946382156
----------------------------------
----------------------------------
Iteration = 23
Distance = 0.01661874660670115
v max = -0.4470406509423291
v min = -6.838183132916567
d max = 0.07611111111111112
d min = 0.07611111111111112
dF max = 0.07611111111111112
dB max = 0.07611111111111112
hk max = 0.010331966455186503
hk min = 0.010331966455186503
hz max = 0.05622770589322879
hz min = 0.02877029989742704
lambdaF max = Inf
lambdaF min = 0.008624482946382156
lambdaB max = Inf
lambdaB min = 0.008624482946382156
----------------------------------
----------------------------------
Iteration = 24
Distance = 0.015047392138225923
v max = -0.4617754919098308
v min = -6.853230525054793
d max = 0.07611111111111112
d min = 0.07611111111111112
dF max = 0.07611111111111112
dB max = 0.07611111111111112
hk max = 0.010331966455186503
hk min = 0.010331966455186503
hz max = 0.05623183200634875
hz min = 0.028771119485750254
lambdaF max = Inf
lambdaF min = 0.008624482946382156
lambdaB max = Inf
lambdaB min = 0.008624482946382156
----------------------------------
----------------------------------
Iteration = 25
Distance = 0.013637805548652793
v max = -0.47519836885312566
v min = -6.866868330603446
d max = 0.07611111111111112
d min = 0.07611111111111112
dF max = 0.07611111111111112
dB max = 0.07611111111111112
hk max = 0.010331966455186503
hk min = 0.010331966455186503
hz max = 0.056234669126579394
hz min = 0.028771682885480435
lambdaF max = Inf
lambdaF min = 0.008624482946382156
lambdaB max = Inf
lambdaB min = 0.008624482946382156
----------------------------------
----------------------------------
Iteration = 26
Distance = 0.012369370531943424
v max = -0.48741993867484434
v min = -6.87923770113539
d max = 0.07611111111111112
d min = 0.07611111111111112
dF max = 0.07611111111111112
dB max = 0.07611111111111112
hk max = 0.010331966455186503
hk min = 0.010331966455186503
hz max = 0.05623661999027959
hz min = 0.028772070230275042
lambdaF max = Inf
lambdaF min = 0.008624482946382156
lambdaB max = Inf
lambdaB min = 0.008624482946382156
----------------------------------
----------------------------------
Iteration = 27
Distance = 0.011225191751058183
v max = -0.49854349053726765
v min = -6.890462892886448
d max = 0.07611111111111112
d min = 0.07611111111111112
dF max = 0.07611111111111112
dB max = 0.07611111111111112
hk max = 0.010331966455186503
hk min = 0.010331966455186503
hz max = 0.056237961476229406
hz min = 0.028772336567171385
lambdaF max = Inf
lambdaF min = 0.008624482946382156
lambdaB max = Inf
lambdaB min = 0.008624482946382156
----------------------------------
----------------------------------
Iteration = 28
Distance = 0.01019117934801006
v max = -0.5086647735189515
v min = -6.900654072234458
d max = 0.07611111111111112
d min = 0.07611111111111112
dF max = 0.07611111111111112
dB max = 0.07611111111111112
hk max = 0.010331966455186503
hk min = 0.010331966455186503
hz max = 0.056238883948365674
hz min = 0.02877251971488942
lambdaF max = Inf
lambdaF min = 0.008624482946382156
lambdaB max = Inf
lambdaB min = 0.008624482946382156
----------------------------------
----------------------------------
Iteration = 29
Distance = 0.009255397168980828
v max = -0.5178721037676959
v min = -6.909909469403439
d max = 0.07611111111111112
d min = 0.07611111111111112
dF max = 0.07611111111111112
dB max = 0.07611111111111112
hk max = 0.010331966455186503
hk min = 0.010331966455186503
hz max = 0.05623951829501689
hz min = 0.02877264566303982
lambdaF max = Inf
lambdaF min = 0.008624482946382156
lambdaB max = Inf
lambdaB min = 0.008624482946382156
----------------------------------
----------------------------------
Iteration = 30
Distance = 0.008407594259495887
v max = -0.5262466429190371
v min = -6.9183170636629345
d max = 0.07611111111111112
d min = 0.07611111111111112
dF max = 0.07611111111111112
dB max = 0.07611111111111112
hk max = 0.010331966455186503
hk min = 0.010331966455186503
hz max = 0.056239954514409066
hz min = 0.02877273227750604
lambdaF max = Inf
lambdaF min = 0.008624482946382156
lambdaB max = Inf
lambdaB min = 0.008624482946382156
----------------------------------
----------------------------------
Iteration = 31
Distance = 0.007638864182469618
v max = -0.5338627754377447
v min = -6.925955927845404
d max = 0.07611111111111112
d min = 0.07611111111111112
dF max = 0.07611111111111112
dB max = 0.07611111111111112
hk max = 0.010331966455186503
hk min = 0.010331966455186503
hz max = 0.056240254490847436
hz min = 0.028772791842412167
lambdaF max = Inf
lambdaF min = 0.008624482946382156
lambdaB max = Inf
lambdaB min = 0.008624482946382156
----------------------------------
----------------------------------
Iteration = 32
Distance = 0.00694139389173376
v max = -0.5407885369820837
v min = -6.932897321737138
d max = 0.07611111111111112
d min = 0.07611111111111112
dF max = 0.07611111111111112
dB max = 0.07611111111111112
hk max = 0.010331966455186503
hk min = 0.010331966455186503
hz max = 0.0562404607780709
hz min = 0.028772832805132837
lambdaF max = Inf
lambdaF min = 0.008624482946382156
lambdaB max = Inf
lambdaB min = 0.008624482946382156
----------------------------------
----------------------------------
Iteration = 33
Distance = 0.006308275707739064
v max = -0.5470860624651133
v min = -6.939205597444877
d max = 0.07611111111111112
d min = 0.07611111111111112
dF max = 0.07611111111111112
dB max = 0.07611111111111112
hk max = 0.010331966455186503
hk min = 0.010331966455186503
hz max = 0.056240602638033745
hz min = 0.02877286097499948
lambdaF max = Inf
lambdaF min = 0.008624482946382156
lambdaB max = Inf
lambdaB min = 0.008624482946382156
----------------------------------
----------------------------------
Iteration = 34
Distance = 0.005733364073762459
v max = -0.552812033699327
v min = -6.944938961518639
d max = 0.07611111111111112
d min = 0.07611111111111112
dF max = 0.07611111111111112
dB max = 0.07611111111111112
hk max = 0.010331966455186503
hk min = 0.010331966455186503
hz max = 0.05624070019296098
hz min = 0.02877288034719867
lambdaF max = Inf
lambdaF min = 0.008624482946382156
lambdaB max = Inf
lambdaB min = 0.008624482946382156
----------------------------------
----------------------------------
Iteration = 35
Distance = 0.005211164370245491
v max = -0.5580181140712099
v min = -6.950150125888885
d max = 0.07611111111111112
d min = 0.07611111111111112
dF max = 0.07611111111111112
dB max = 0.07611111111111112
hk max = 0.010331966455186503
hk min = 0.010331966455186503
hz max = 0.05624076728021347
hz min = 0.02877289366927947
lambdaF max = Inf
lambdaF min = 0.008624482946382156
lambdaB max = Inf
lambdaB min = 0.008624482946382156
----------------------------------
----------------------------------
Iteration = 36
Distance = 0.004736744925573966
v max = -0.5627513627678413
v min = -6.954886870814459
d max = 0.07611111111111112
d min = 0.07611111111111112
dF max = 0.07611111111111112
dB max = 0.07611111111111112
hk max = 0.010331966455186503
hk min = 0.010331966455186503
hz max = 0.05624081341535619
hz min = 0.02877290283074613
lambdaF max = Inf
lambdaF min = 0.008624482946382156
lambdaB max = Inf
lambdaB min = 0.008624482946382156
----------------------------------
----------------------------------
Iteration = 37
Distance = 0.00430566602579141
v max = -0.5670546244606818
v min = -6.95919253684025
d max = 0.07611111111111112
d min = 0.07611111111111112
dF max = 0.07611111111111112
dB max = 0.07611111111111112
hk max = 0.010331966455186503
hk min = 0.010331966455186503
hz max = 0.056240845142034125
hz min = 0.028772909131001043
lambdaF max = Inf
lambdaF min = 0.008624482946382156
lambdaB max = Inf
lambdaB min = 0.008624482946382156
----------------------------------
----------------------------------
Iteration = 38
Distance = 0.003913921566380374
v max = -0.5709668925827401
v min = -6.963106458406631
d max = 0.07611111111111112
d min = 0.07611111111111112
dF max = 0.07611111111111112
dB max = 0.07611111111111112
hk max = 0.010331966455186503
hk min = 0.010331966455186503
hz max = 0.05624086696018349
hz min = 0.02877291346363277
lambdaF max = Inf
lambdaF min = 0.008624482946382156
lambdaB max = Inf
lambdaB min = 0.008624482946382156
----------------------------------
----------------------------------
Iteration = 39
Distance = 0.0035578902639299415
v max = -0.5745236457832065
v min = -6.966664348670561
d max = 0.07611111111111112
d min = 0.07611111111111112
dF max = 0.07611111111111112
dB max = 0.07611111111111112
hk max = 0.010331966455186503
hk min = 0.010331966455186503
hz max = 0.05624088196434528
hz min = 0.02877291644314997
lambdaF max = Inf
lambdaF min = 0.008624482946382156
lambdaB max = Inf
lambdaB min = 0.008624482946382156
----------------------------------
----------------------------------
Iteration = 40
Distance = 0.003234294229413237
v max = -0.5777571580608697
v min = -6.969898642899974
d max = 0.07611111111111112
d min = 0.07611111111111112
dF max = 0.07611111111111112
dB max = 0.07611111111111112
hk max = 0.010331966455186503
hk min = 0.010331966455186503
hz max = 0.056240892282597946
hz min = 0.028772918492143047
lambdaF max = Inf
lambdaF min = 0.008624482946382156
lambdaB max = Inf
lambdaB min = 0.008624482946382156
----------------------------------
----------------------------------
Iteration = 41
Distance = 0.0029401633197583266
v max = -0.5806967836369679
v min = -6.972838806219732
d max = 0.07611111111111112
d min = 0.07611111111111112
dF max = 0.07611111111111112
dB max = 0.07611111111111112
hk max = 0.010331966455186503
hk min = 0.010331966455186503
hz max = 0.056240899378384224
hz min = 0.028772919901222646
lambdaF max = Inf
lambdaF min = 0.008624482946382156
lambdaB max = Inf
lambdaB min = 0.008624482946382156
----------------------------------
----------------------------------
Iteration = 42
Distance = 0.002672804113983851
v max = -0.5833692179477385
v min = -6.975511610333716
d max = 0.07611111111111112
d min = 0.07611111111111112
dF max = 0.07611111111111112
dB max = 0.07611111111111112
hk max = 0.010331966455186503
hk min = 0.010331966455186503
hz max = 0.056240904258112616
hz min = 0.028772920870238056
lambdaF max = Inf
lambdaF min = 0.008624482946382156
lambdaB max = Inf
lambdaB min = 0.008624482946382156
----------------------------------
----------------------------------
Iteration = 43
Distance = 0.0024297726614532777
v max = -0.585798736297614
v min = -6.977941382995169
d max = 0.07611111111111112
d min = 0.07611111111111112
dF max = 0.07611111111111112
dB max = 0.07611111111111112
hk max = 0.010331966455186503
hk min = 0.010331966455186503
hz max = 0.05624090761386621
hz min = 0.02877292153662412
lambdaF max = Inf
lambdaF min = 0.008624482946382156
lambdaB max = Inf
lambdaB min = 0.008624482946382156
----------------------------------
----------------------------------
Iteration = 44
Distance = 0.002208850361623327
v max = -0.5880074117706002
v min = -6.980150233356793
d max = 0.07611111111111112
d min = 0.07611111111111112
dF max = 0.07611111111111112
dB max = 0.07611111111111112
hk max = 0.010331966455186503
hk min = 0.010331966455186503
hz max = 0.05624090992160282
hz min = 0.028772921994894028
lambdaF max = Inf
lambdaF min = 0.008624482946382156
lambdaB max = Inf
lambdaB min = 0.008624482946382156
----------------------------------
----------------------------------
Iteration = 45
Distance = 0.002008022486931438
v max = -0.5900153139875909
v min = -6.982158255843724
d max = 0.07611111111111112
d min = 0.07611111111111112
dF max = 0.07611111111111112
dB max = 0.07611111111111112
hk max = 0.010331966455186503
hk min = 0.010331966455186503
hz max = 0.05624091150861492
hz min = 0.028772922310043806
lambdaF max = Inf
lambdaF min = 0.008624482946382156
lambdaB max = Inf
lambdaB min = 0.008624482946382156
----------------------------------
----------------------------------
Iteration = 46
Distance = 0.0018254589673381005
v max = -0.5918406902459626
v min = -6.983983714811062
d max = 0.07611111111111112
d min = 0.07611111111111112
dF max = 0.07611111111111112
dB max = 0.07611111111111112
hk max = 0.010331966455186503
hk min = 0.010331966455186503
hz max = 0.05624091259999473
hz min = 0.028772922526770415
lambdaF max = Inf
lambdaF min = 0.008624482946382156
lambdaB max = Inf
lambdaB min = 0.008624482946382156
----------------------------------
----------------------------------
Iteration = 47
Distance = 0.0016594971347299037
v max = -0.5935001305021964
v min = -6.985643211945792
d max = 0.07611111111111112
d min = 0.07611111111111112
dF max = 0.07611111111111112
dB max = 0.07611111111111112
hk max = 0.010331966455186503
hk min = 0.010331966455186503
hz max = 0.05624091335052946
hz min = 0.02877292267581235
lambdaF max = Inf
lambdaF min = 0.008624482946382156
lambdaB max = Inf
lambdaB min = 0.008624482946382156
----------------------------------
----------------------------------
Iteration = 48
Distance = 0.0015086261822441216
v max = -0.5950087175694131
v min = -6.987151838128036
d max = 0.07611111111111112
d min = 0.07611111111111112
dF max = 0.07611111111111112
dB max = 0.07611111111111112
hk max = 0.010331966455186503
hk min = 0.010331966455186503
hz max = 0.056240913866669774
hz min = 0.028772922778307383
lambdaF max = Inf
lambdaF min = 0.008624482946382156
lambdaB max = Inf
lambdaB min = 0.008624482946382156
----------------------------------
----------------------------------
Iteration = 49
Distance = 0.0013714731371115008
v max = -0.5963801638073312
v min = -6.988523311265148
d max = 0.07611111111111112
d min = 0.07611111111111112
dF max = 0.07611111111111112
dB max = 0.07611111111111112
hk max = 0.010331966455186503
hk min = 0.010331966455186503
hz max = 0.05624091422161627
hz min = 0.028772922848792935
lambdaF max = Inf
lambdaF min = 0.008624482946382156
lambdaB max = Inf
lambdaB min = 0.008624482946382156
----------------------------------
----------------------------------
Iteration = 50
Distance = 0.0012467901778565604
v max = -0.5976269354867622
v min = -6.989770101443004
d max = 0.07611111111111112
d min = 0.07611111111111112
dF max = 0.07611111111111112
dB max = 0.07611111111111112
hk max = 0.010331966455186503
hk min = 0.010331966455186503
hz max = 0.056240914465710154
hz min = 0.02877292289726526
lambdaF max = Inf
lambdaF min = 0.008624482946382156
lambdaB max = Inf
lambdaB min = 0.008624482946382156
----------------------------------
----------------------------------
Iteration = 51
Distance = 0.0011334431521188293
v max = -0.5987603659176154
v min = -6.990903544595123
d max = 0.07611111111111112
d min = 0.07611111111111112
dF max = 0.07611111111111112
dB max = 0.07611111111111112
hk max = 0.010331966455186503
hk min = 0.010331966455186503
hz max = 0.056240914633570054
hz min = 0.028772922930599694
lambdaF max = Inf
lambdaF min = 0.008624482946382156
lambdaB max = Inf
lambdaB min = 0.008624482946382156
----------------------------------
----------------------------------
Iteration = 52
Distance = 0.0010304011710013938
v max = -0.599790758340275
v min = -6.9919339457661245
d max = 0.07611111111111112
d min = 0.07611111111111112
dF max = 0.07611111111111112
dB max = 0.07611111111111112
hk max = 0.010331966455186503
hk min = 0.010331966455186503
hz max = 0.05624091474900832
hz min = 0.02877292295352339
lambdaF max = Inf
lambdaF min = 0.008624482946382156
lambdaB max = Inf
lambdaB min = 0.008624482946382156
----------------------------------
----------------------------------
Iteration = 53
Distance = 0.0009367271719398218
v max = -0.6007274794960242
v min = -6.992870672938064
d max = 0.07611111111111112
d min = 0.07611111111111112
dF max = 0.07611111111111112
dB max = 0.07611111111111112
hk max = 0.010331966455186503
hk min = 0.010331966455186503
hz max = 0.05624091482839509
hz min = 0.028772922969287885
lambdaF max = Inf
lambdaF min = 0.008624482946382156
lambdaB max = Inf
lambdaB min = 0.008624482946382156
----------------------------------
----------------------------------
Iteration = 54
Distance = 0.0008515693549124848
v max = -0.6015790447136354
v min = -6.993722242292977
d max = 0.07611111111111112
d min = 0.07611111111111112
dF max = 0.07611111111111112
dB max = 0.07611111111111112
hk max = 0.010331966455186503
hk min = 0.010331966455186503
hz max = 0.0562409148829867
hz min = 0.02877292298012888
lambdaF max = Inf
lambdaF min = 0.008624482946382156
lambdaB max = Inf
lambdaB min = 0.008624482946382156
----------------------------------
----------------------------------
Iteration = 55
Distance = 0.000774153407894218
v max = -0.6023531952763295
v min = -6.994496395700871
d max = 0.07611111111111112
d min = 0.07611111111111112
dF max = 0.07611111111111112
dB max = 0.07611111111111112
hk max = 0.010331966455186503
hk min = 0.010331966455186503
hz max = 0.05624091492053077
hz min = 0.028772922987584305
lambdaF max = Inf
lambdaF min = 0.008624482946382156
lambdaB max = Inf
lambdaB min = 0.008624482946382156
----------------------------------
----------------------------------
Iteration = 56
Distance = 0.0007037754463574686
v max = -0.6030569687660604
v min = -6.9952001711472285
d max = 0.07611111111111112
d min = 0.07611111111111112
dF max = 0.07611111111111112
dB max = 0.07611111111111112
hk max = 0.010331966455186503
hk min = 0.010331966455186503
hz max = 0.056240914946347774
hz min = 0.028772922992711312
lambdaF max = Inf
lambdaF min = 0.008624482946382156
lambdaB max = Inf
lambdaB min = 0.008624482946382156
----------------------------------
----------------------------------
Iteration = 57
Distance = 0.0006397955996853
v max = -0.6036967630201879
v min = -6.995839966746914
d max = 0.07611111111111112
d min = 0.07611111111111112
dF max = 0.07611111111111112
dB max = 0.07611111111111112
hk max = 0.010331966455186503
hk min = 0.010331966455186503
hz max = 0.056240914964102565
hz min = 0.028772922996237238
lambdaF max = Inf
lambdaF min = 0.008624482946382156
lambdaB max = Inf
lambdaB min = 0.008624482946382156
----------------------------------
----------------------------------
Iteration = 58
Distance = 0.0005816321841178862
v max = -0.604278394278969
v min = -6.996421598931032
d max = 0.07611111111111112
d min = 0.07611111111111112
dF max = 0.07611111111111112
dB max = 0.07611111111111112
hk max = 0.010331966455186503
hk min = 0.010331966455186503
hz max = 0.05624091497631644
hz min = 0.028772922998662104
lambdaF max = Inf
lambdaF min = 0.008624482946382156
lambdaB max = Inf
lambdaB min = 0.008624482946382156
----------------------------------
----------------------------------
Iteration = 59
Distance = 0.0005287564077534057
v max = -0.6048071500503747
v min = -6.996950355338785
d max = 0.07611111111111112
d min = 0.07611111111111112
dF max = 0.07611111111111112
dB max = 0.07611111111111112
hk max = 0.010331966455186503
hk min = 0.010331966455186503
hz max = 0.056240914984709324
hz min = 0.028772923000329197
lambdaF max = Inf
lambdaF min = 0.008624482946382156
lambdaB max = Inf
lambdaB min = 0.008624482946382156
----------------------------------
----------------------------------
Iteration = 60
Distance = 0.0004806875586469417
v max = -0.6052878371714077
v min = -6.997431042897432
d max = 0.07611111111111112
d min = 0.07611111111111112
dF max = 0.07611111111111112
dB max = 0.07611111111111112
hk max = 0.010331966455186503
hk min = 0.010331966455186503
hz max = 0.056240914990484454
hz min = 0.028772923001476186
lambdaF max = Inf
lambdaF min = 0.008624482946382156
lambdaB max = Inf
lambdaB min = 0.008624482946382156
----------------------------------
----------------------------------
Iteration = 61
Distance = 0.0004369886313861926
v max = -0.6057248255018481
v min = -6.997868031528818
d max = 0.07611111111111112
d min = 0.07611111111111112
dF max = 0.07611111111111112
dB max = 0.07611111111111112
hk max = 0.010331966455186503
hk min = 0.010331966455186503
hz max = 0.0562409149944593
hz min = 0.028772923002264382
lambdaF max = Inf
lambdaF min = 0.008624482946382156
lambdaB max = Inf
lambdaB min = 0.008624482946382156
----------------------------------
----------------------------------
Iteration = 62
Distance = 0.00039726235207826477
v max = -0.6061220876469726
v min = -6.9982652938808965
d max = 0.07611111111111112
d min = 0.07611111111111112
dF max = 0.07611111111111112
dB max = 0.07611111111111112
hk max = 0.010331966455186503
hk min = 0.010331966455186503
hz max = 0.05624091499718957
hz min = 0.028772923002807163
lambdaF max = Inf
lambdaF min = 0.008624482946382156
lambdaB max = Inf
lambdaB min = 0.008624482946382156
----------------------------------
----------------------------------
Iteration = 63
Distance = 0.0003611475652371965
v max = -0.6064832350698811
v min = -6.998626441446134
d max = 0.07611111111111112
d min = 0.07611111111111112
dF max = 0.07611111111111112
dB max = 0.07611111111111112
hk max = 0.010331966455186503
hk min = 0.010331966455186503
hz max = 0.056240914999065625
hz min = 0.02877292300318002
lambdaF max = Inf
lambdaF min = 0.008624482946382156
lambdaB max = Inf
lambdaB min = 0.008624482946382156
----------------------------------
----------------------------------
Iteration = 64
Distance = 0.0003283159494369414
v max = -0.6068115509214412
v min = -6.998954757395571
d max = 0.07611111111111112
d min = 0.07611111111111112
dF max = 0.07611111111111112
dB max = 0.07611111111111112
hk max = 0.010331966455186503
hk min = 0.010331966455186503
hz max = 0.056240915000356134
hz min = 0.028772923003436344
lambdaF max = Inf
lambdaF min = 0.008624482946382156
lambdaB max = Inf
lambdaB min = 0.008624482946382156
----------------------------------
----------------------------------
Iteration = 65
Distance = 0.00029846903189945095
v max = -0.6071100198860361
v min = -6.99925322642747
d max = 0.07611111111111112
d min = 0.07611111111111112
dF max = 0.07611111111111112
dB max = 0.07611111111111112
hk max = 0.010331966455186503
hk min = 0.010331966455186503
hz max = 0.05624091500124709
hz min = 0.02877292300361287
lambdaF max = Inf
lambdaF min = 0.008624482946382156
lambdaB max = Inf
lambdaB min = 0.008624482946382156
----------------------------------
----------------------------------
Iteration = 66
Distance = 0.0002713354745855767
v max = -0.6073813553143319
v min = -6.999524561902056
d max = 0.07611111111111112
d min = 0.07611111111111112
dF max = 0.07611111111111112
dB max = 0.07611111111111112
hk max = 0.010331966455186503
hk min = 0.010331966455186503
hz max = 0.05624091500186019
hz min = 0.02877292300373371
lambdaF max = Inf
lambdaF min = 0.008624482946382156
lambdaB max = Inf
lambdaB min = 0.008624482946382156
----------------------------------
----------------------------------
Iteration = 67
Distance = 0.00024666860710009786
v max = -0.6076280238895918
v min = -6.999771230509156
d max = 0.07611111111111112
d min = 0.07611111111111112
dF max = 0.07611111111111112
dB max = 0.07611111111111112
hk max = 0.010331966455186503
hk min = 0.010331966455186503
hz max = 0.056240915002275814
hz min = 0.028772923003817525
lambdaF max = Inf
lambdaF min = 0.008624482946382156
lambdaB max = Inf
lambdaB min = 0.008624482946382156
----------------------------------
----------------------------------
Iteration = 68
Distance = 0.00022424418401811863
v max = -0.6078522680517265
v min = -6.999995474693174
d max = 0.07611111111111112
d min = 0.07611111111111112
dF max = 0.07611111111111112
dB max = 0.07611111111111112
hk max = 0.010331966455186503
hk min = 0.010331966455186503
hz max = 0.05624091500256744
hz min = 0.02877292300387493
lambdaF max = Inf
lambdaF min = 0.008624482946382156
lambdaB max = Inf
lambdaB min = 0.008624482946382156
----------------------------------
----------------------------------
Iteration = 69
Distance = 0.0002038583461985155
v max = -0.6080561263828699
v min = -7.000199333039372
d max = 0.07611111111111112
d min = 0.07611111111111112
dF max = 0.07611111111111112
dB max = 0.07611111111111112
hk max = 0.010331966455186503
hk min = 0.010331966455186503
hz max = 0.05624091500276492
hz min = 0.028772923003914257
lambdaF max = Inf
lambdaF min = 0.008624482946382156
lambdaB max = Inf
lambdaB min = 0.008624482946382156
----------------------------------
----------------------------------
Iteration = 70
Distance = 0.00018532576726393302
v max = -0.6082414521397824
v min = -7.000384658806636
d max = 0.07611111111111112
d min = 0.07611111111111112
dF max = 0.07611111111111112
dB max = 0.07611111111111112
hk max = 0.010331966455186503
hk min = 0.010331966455186503
hz max = 0.0562409150029027
hz min = 0.02877292300394124
lambdaF max = Inf
lambdaF min = 0.008624482946382156
lambdaB max = Inf
lambdaB min = 0.008624482946382156
----------------------------------
----------------------------------
Iteration = 71
Distance = 0.0001684779688622129
v max = -0.6084099301015236
v min = -7.0005531367754985
d max = 0.07611111111111112
d min = 0.07611111111111112
dF max = 0.07611111111111112
dB max = 0.07611111111111112
hk max = 0.010331966455186503
hk min = 0.010331966455186503
hz max = 0.05624091500299455
hz min = 0.02877292300396047
lambdaF max = Inf
lambdaF min = 0.008624482946382156
lambdaB max = Inf
lambdaB min = 0.008624482946382156
----------------------------------
----------------------------------
Iteration = 72
Distance = 0.0001531617889227732
v max = -0.6085630918855519
v min = -7.000706298564421
d max = 0.07611111111111112
d min = 0.07611111111111112
dF max = 0.07611111111111112
dB max = 0.07611111111111112
hk max = 0.010331966455186503
hk min = 0.010331966455186503
hz max = 0.05624091500305885
hz min = 0.02877292300397281
lambdaF max = Inf
lambdaF min = 0.008624482946382156
lambdaB max = Inf
lambdaB min = 0.008624482946382156
----------------------------------
----------------------------------
Iteration = 73
Distance = 0.00013923798928150433
v max = -0.608702329871465
v min = -7.000845536553703
d max = 0.07611111111111112
d min = 0.07611111111111112
dF max = 0.07611111111111112
dB max = 0.07611111111111112
hk max = 0.010331966455186503
hk min = 0.010331966455186503
hz max = 0.05624091500310477
hz min = 0.02877292300398171
lambdaF max = Inf
lambdaF min = 0.008624482946382156
lambdaB max = Inf
lambdaB min = 0.008624482946382156
----------------------------------
----------------------------------
Iteration = 74
Distance = 0.00012657998980980523
v max = -0.6088289098589558
v min = -7.000972116543513
d max = 0.07611111111111112
d min = 0.07611111111111112
dF max = 0.07611111111111112
dB max = 0.07611111111111112
hk max = 0.010331966455186503
hk min = 0.010331966455186503
hz max = 0.05624091500313462
hz min = 0.028772923003987736
lambdaF max = Inf
lambdaF min = 0.008624482946382156
lambdaB max = Inf
lambdaB min = 0.008624482946382156
----------------------------------
----------------------------------
Iteration = 75
Distance = 0.00011507271769684024
v max = -0.6089439825750609
v min = -7.001087189261209
d max = 0.07611111111111112
d min = 0.07611111111111112
dF max = 0.07611111111111112
dB max = 0.07611111111111112
hk max = 0.010331966455186503
hk min = 0.010331966455186503
hz max = 0.05624091500315529
hz min = 0.028772923003991754
lambdaF max = Inf
lambdaF min = 0.008624482946382156
lambdaB max = Inf
lambdaB min = 0.008624482946382156
----------------------------------
----------------------------------
Iteration = 76
Distance = 0.00010461156133612093
v max = -0.6090485941352982
v min = -7.0011918008225456
d max = 0.07611111111111112
d min = 0.07611111111111112
dF max = 0.07611111111111112
dB max = 0.07611111111111112
hk max = 0.010331966455186503
hk min = 0.010331966455186503
hz max = 0.05624091500316677
hz min = 0.02877292300399491
lambdaF max = Inf
lambdaF min = 0.008624482946382156
lambdaB max = Inf
lambdaB min = 0.008624482946382156
----------------------------------
----------------------------------
Iteration = 77
Distance = 9.510141923918525e-5
v max = -0.6091436955537899
v min = -7.001286902241785
d max = 0.07611111111111112
d min = 0.07611111111111112
dF max = 0.07611111111111112
dB max = 0.07611111111111112
hk max = 0.010331966455186503
hk min = 0.010331966455186503
hz max = 0.05624091500318055
hz min = 0.028772923003996923
lambdaF max = Inf
lambdaF min = 0.008624482946382156
lambdaB max = Inf
lambdaB min = 0.008624482946382156
----------------------------------
----------------------------------
Iteration = 78
Distance = 8.645583557154168e-5
v max = -0.609230151388851
v min = -7.001373358077356
d max = 0.07611111111111112
d min = 0.07611111111111112
dF max = 0.07611111111111112
dB max = 0.07611111111111112
hk max = 0.010331966455186503
hk min = 0.010331966455186503
hz max = 0.05624091500319203
hz min = 0.028772923003998068
lambdaF max = Inf
lambdaF min = 0.008624482946382156
lambdaB max = Inf
lambdaB min = 0.008624482946382156
----------------------------------
----------------------------------
Iteration = 79
Distance = 7.859621409700424e-5
v max = -0.6093087476025898
v min = -7.001451954291453
d max = 0.07611111111111112
d min = 0.07611111111111112
dF max = 0.07611111111111112
dB max = 0.07611111111111112
hk max = 0.010331966455186503
hk min = 0.010331966455186503
hz max = 0.05624091500319433
hz min = 0.028772923003999216
lambdaF max = Inf
lambdaF min = 0.008624482946382156
lambdaB max = Inf
lambdaB min = 0.008624482946382156
----------------------------------
----------------------------------
Iteration = 80
Distance = 7.145110367634544e-5
v max = -0.6093801987060172
v min = -7.00152340539513
d max = 0.07611111111111112
d min = 0.07611111111111112
dF max = 0.07611111111111112
dB max = 0.07611111111111112
hk max = 0.010331966455186503
hk min = 0.010331966455186503
hz max = 0.05624091500319662
hz min = 0.028772923003999504
lambdaF max = Inf
lambdaF min = 0.008624482946382156
lambdaB max = Inf
lambdaB min = 0.008624482946382156
----------------------------------
----------------------------------
Iteration = 81
Distance = 6.495554876373433e-5
v max = -0.6094451542546072
v min = -7.001588360943893
d max = 0.07611111111111112
d min = 0.07611111111111112
dF max = 0.07611111111111112
dB max = 0.07611111111111112
hk max = 0.010331966455186503
hk min = 0.010331966455186503
hz max = 0.056240915003198916
hz min = 0.02877292300400008
lambdaF max = Inf
lambdaF min = 0.008624482946382156
lambdaB max = Inf
lambdaB min = 0.008624482946382156
----------------------------------
----------------------------------
Iteration = 82
Distance = 5.90504988471352e-5
v max = -0.6095042047533412
v min = -7.00164741144274
d max = 0.07611111111111112
d min = 0.07611111111111112
dF max = 0.07611111111111112
dB max = 0.07611111111111112
hk max = 0.010331966455186503
hk min = 0.010331966455186503
hz max = 0.05624091500320121
hz min = 0.028772923004000365
lambdaF max = Inf
lambdaF min = 0.008624482946382156
lambdaB max = Inf
lambdaB min = 0.008624482946382156
----------------------------------
----------------------------------
Iteration = 83
Distance = 5.368227166346884e-5
v max = -0.6095578870249265
v min = -7.001701093714401
d max = 0.07611111111111112
d min = 0.07611111111111112
dF max = 0.07611111111111112
dB max = 0.07611111111111112
hk max = 0.010331966455186503
hk min = 0.010331966455186503
hz max = 0.056240915003198916
hz min = 0.028772923004000653
lambdaF max = Inf
lambdaF min = 0.008624482946382156
lambdaB max = Inf
lambdaB min = 0.008624482946382156
----------------------------------
----------------------------------
Iteration = 84
Distance = 4.880206514545904e-5
v max = -0.6096066890900148
v min = -7.001749895779547
d max = 0.07611111111111112
d min = 0.07611111111111112
dF max = 0.07611111111111112
dB max = 0.07611111111111112
hk max = 0.010331966455186503
hk min = 0.010331966455186503
hz max = 0.05624091500320121
hz min = 0.02877292300400094
lambdaF max = Inf
lambdaF min = 0.008624482946382156
lambdaB max = Inf
lambdaB min = 0.008624482946382156
----------------------------------
----------------------------------
Iteration = 85
Distance = 4.43655137596366e-5
v max = -0.6096510546037373
v min = -7.0017942612933055
d max = 0.07611111111111112
d min = 0.07611111111111112
dF max = 0.07611111111111112
dB max = 0.07611111111111112
hk max = 0.010331966455186503
hk min = 0.010331966455186503
hz max = 0.056240915003198916
hz min = 0.02877292300400094
lambdaF max = Inf
lambdaF min = 0.008624482946382156
lambdaB max = Inf
lambdaB min = 0.008624482946382156
----------------------------------
----------------------------------
Iteration = 86
Distance = 4.033228522981602e-5
v max = -0.6096913868889412
v min = -7.0018345935785335
d max = 0.07611111111111112
d min = 0.07611111111111112
dF max = 0.07611111111111112
dB max = 0.07611111111111112
hk max = 0.010331966455186503
hk min = 0.010331966455186503
hz max = 0.056240915003198916
hz min = 0.02877292300400094
lambdaF max = Inf
lambdaF min = 0.008624482946382156
lambdaB max = Inf
lambdaB min = 0.008624482946382156
----------------------------------
----------------------------------
Iteration = 87
Distance = 3.6665713845529524e-5
v max = -0.6097280526027672
v min = -7.001871259292377
d max = 0.07611111111111112
d min = 0.07611111111111112
dF max = 0.07611111111111112
dB max = 0.07611111111111112
hk max = 0.010331966455186503
hk min = 0.010331966455186503
hz max = 0.05624091500320121
hz min = 0.02877292300400094
lambdaF max = Inf
lambdaF min = 0.008624482946382156
lambdaB max = Inf
lambdaB min = 0.008624482946382156
----------------------------------
----------------------------------
Iteration = 88
Distance = 3.333246712955429e-5
v max = -0.6097613850698792
v min = -7.001904591759506
d max = 0.07611111111111112
d min = 0.07611111111111112
dF max = 0.07611111111111112
dB max = 0.07611111111111112
hk max = 0.010331966455186503
hk min = 0.010331966455186503
hz max = 0.05624091500320351
hz min = 0.02877292300400123
lambdaF max = Inf
lambdaF min = 0.008624482946382156
lambdaB max = Inf
lambdaB min = 0.008624482946382156
----------------------------------
----------------------------------
Iteration = 89
Distance = 3.03022428438382e-5
v max = -0.6097916873127103
v min = -7.001934894002346
d max = 0.07611111111111112
d min = 0.07611111111111112
dF max = 0.07611111111111112
dB max = 0.07611111111111112
hk max = 0.010331966455186503
hk min = 0.010331966455186503
hz max = 0.05624091500320121
hz min = 0.02877292300400094
lambdaF max = Inf
lambdaF min = 0.008624482946382156
lambdaB max = Inf
lambdaB min = 0.008624482946382156
----------------------------------
----------------------------------
Iteration = 90
Distance = 2.7547493491653086e-5
v max = -0.609819234806195
v min = -7.0019624414958335
d max = 0.07611111111111112
d min = 0.07611111111111112
dF max = 0.07611111111111112
dB max = 0.07611111111111112
hk max = 0.010331966455186503
hk min = 0.010331966455186503
hz max = 0.05624091500320121
hz min = 0.02877292300400094
lambdaF max = Inf
lambdaF min = 0.008624482946382156
lambdaB max = Inf
lambdaB min = 0.008624482946382156
----------------------------------
----------------------------------
Iteration = 91
Distance = 2.5043175899241987e-5
v max = -0.6098442779820916
v min = -7.0019874846717265
d max = 0.07611111111111112
d min = 0.07611111111111112
dF max = 0.07611111111111112
dB max = 0.07611111111111112
hk max = 0.010331966455186503
hk min = 0.010331966455186503
hz max = 0.05624091500320121
hz min = 0.02877292300400123
lambdaF max = Inf
lambdaF min = 0.008624482946382156
lambdaB max = Inf
lambdaB min = 0.008624482946382156
----------------------------------
----------------------------------
Iteration = 92
Distance = 2.2766523551709383e-5
v max = -0.6098670445056346
v min = -7.002010251195276
d max = 0.07611111111111112
d min = 0.07611111111111112
dF max = 0.07611111111111112
dB max = 0.07611111111111112
hk max = 0.010331966455186503
hk min = 0.010331966455186503
hz max = 0.05624091500320121
hz min = 0.02877292300400123
lambdaF max = Inf
lambdaF min = 0.008624482946382156
lambdaB max = Inf
lambdaB min = 0.008624482946382156
----------------------------------
----------------------------------
Iteration = 93
Distance = 2.0696839597711403e-5
v max = -0.6098877413452203
v min = -7.0020309480348715
d max = 0.07611111111111112
d min = 0.07611111111111112
dF max = 0.07611111111111112
dB max = 0.07611111111111112
hk max = 0.010331966455186503
hk min = 0.010331966455186503
hz max = 0.05624091500320121
hz min = 0.02877292300400123
lambdaF max = Inf
lambdaF min = 0.008624482946382156
lambdaB max = Inf
lambdaB min = 0.008624482946382156
----------------------------------
----------------------------------
Iteration = 94
Distance = 1.881530871905568e-5
v max = -0.6099065566539309
v min = -7.002049763343577
d max = 0.07611111111111112
d min = 0.07611111111111112
dF max = 0.07611111111111112
dB max = 0.07611111111111112
hk max = 0.010331966455186503
hk min = 0.010331966455186503
hz max = 0.056240915003205806
hz min = 0.02877292300400123
lambdaF max = Inf
lambdaF min = 0.008624482946382156
lambdaB max = Inf
lambdaB min = 0.008624482946382156
----------------------------------
----------------------------------
Iteration = 95
Distance = 1.7104826107505744e-5
v max = -0.609923661480034
v min = -7.002066868169681
d max = 0.07611111111111112
d min = 0.07611111111111112
dF max = 0.07611111111111112
dB max = 0.07611111111111112
hk max = 0.010331966455186503
hk min = 0.010331966455186503
hz max = 0.05624091500320351
hz min = 0.02877292300400094
lambdaF max = Inf
lambdaF min = 0.008624482946382156
lambdaB max = Inf
lambdaB min = 0.008624482946382156
----------------------------------
----------------------------------
Iteration = 96
Distance = 1.554984191631803e-5
v max = -0.6099392113219457
v min = -7.002082418011594
d max = 0.07611111111111112
d min = 0.07611111111111112
dF max = 0.07611111111111112
dB max = 0.07611111111111112
hk max = 0.010331966455186503
hk min = 0.010331966455186503
hz max = 0.05624091500320121
hz min = 0.02877292300400123
lambdaF max = Inf
lambdaF min = 0.008624482946382156
lambdaB max = Inf
lambdaB min = 0.008624482946382156
----------------------------------
----------------------------------
Iteration = 97
Distance = 1.4136219922633586e-5
v max = -0.6099533475418638
v min = -7.002096554231512
d max = 0.07611111111111112
d min = 0.07611111111111112
dF max = 0.07611111111111112
dB max = 0.07611111111111112
hk max = 0.010331966455186503
hk min = 0.010331966455186503
hz max = 0.05624091500320121
hz min = 0.02877292300400123
lambdaF max = Inf
lambdaF min = 0.008624482946382156
lambdaB max = Inf
lambdaB min = 0.008624482946382156
----------------------------------
----------------------------------
Iteration = 98
Distance = 1.2851109024936136e-5
v max = -0.6099661986508814
v min = -7.002109405340535
d max = 0.07611111111111112
d min = 0.07611111111111112
dF max = 0.07611111111111112
dB max = 0.07611111111111112
hk max = 0.010331966455186503
hk min = 0.010331966455186503
hz max = 0.056240915003198916
hz min = 0.02877292300400094
lambdaF max = Inf
lambdaF min = 0.008624482946382156
lambdaB max = Inf
lambdaB min = 0.008624482946382156
----------------------------------
----------------------------------
Iteration = 99
Distance = 1.1682826383196954e-5
v max = -0.609977881477263
v min = -7.002121088166915
d max = 0.07611111111111112
d min = 0.07611111111111112
dF max = 0.07611111111111112
dB max = 0.07611111111111112
hk max = 0.010331966455186503
hk min = 0.010331966455186503
hz max = 0.05624091500320351
hz min = 0.02877292300400123
lambdaF max = Inf
lambdaF min = 0.008624482946382156
lambdaB max = Inf
lambdaB min = 0.008624482946382156
----------------------------------
----------------------------------
Iteration = 100
Distance = 1.062075125801698e-5
v max = -0.6099885022285195
v min = -7.002131708918163
d max = 0.07611111111111112
d min = 0.07611111111111112
dF max = 0.07611111111111112
dB max = 0.07611111111111112
hk max = 0.010331966455186503
hk min = 0.010331966455186503
hz max = 0.056240915003205806
hz min = 0.02877292300400094
lambdaF max = Inf
lambdaF min = 0.008624482946382156
lambdaB max = Inf
lambdaB min = 0.008624482946382156
----------------------------------
----------------------------------
Iteration = 101
Distance = 9.655228417670969e-6
v max = -0.6099981574569323
v min = -7.002141364146579
d max = 0.07611111111111112
d min = 0.07611111111111112
dF max = 0.07611111111111112
dB max = 0.07611111111111112
hk max = 0.010331966455186503
hk min = 0.010331966455186503
hz max = 0.05624091500320351
hz min = 0.02877292300400123
lambdaF max = Inf
lambdaF min = 0.008624482946382156
lambdaB max = Inf
lambdaB min = 0.008624482946382156
----------------------------------
    Value Function Converged, Iteration = 101 with gamma=6.0 with rho=1.0 and v=-3.0426900061790008
    Reflective boundary condition
=============================================================
Convegence time (minutes): 0.11373650346666667
Current Time = 22:19:20
grid points for z:  401
grid size for z:  0.025
-0.1195434514145703
-0.29807697293345975
--- 8.572467803955078 seconds for the elasticity computation ---
-0.018024991407907136
-0.1171825906267802
--- 0.06495833396911621 seconds for the elasticity computation ---
-0.04475095441832644
-0.18089438230667956
--- 0.06401729583740234 seconds for the elasticity computation ---
-0.18892271949723916
-0.305515988781194
--- 0.06369805335998535 seconds for the elasticity computation ---
Current Time = 22:19:32
grid points for z:  401
grid size for z:  0.025
rho = 1
0.05937926808266887
--- 8.55541181564331 seconds for the elasticity computation ---
0.0
--- 0.06729531288146973 seconds for the elasticity computation ---
0.05937926808266887
--- 0.06657004356384277 seconds for the elasticity computation ---
0.0
--- 0.06702709197998047 seconds for the elasticity computation ---
0.0
--- 0.06801772117614746 seconds for the elasticity computation ---
0.05937926808266887
0.007439015847734282
--- 0.06808090209960938 seconds for the elasticity computation ---
0.05937926808266887
0.007439015847734282
--- 0.06673383712768555 seconds for the elasticity computation ---
0.05937926808266887
0.007439015847734282
--- 0.06678414344787598 seconds for the elasticity computation ---
0.05937926808266887
0.007439015847734282
--- 0.06618380546569824 seconds for the elasticity computation ---
parsed_args = parse_commandline() = Dict{String, Any}("dataname" => "upper_triangular_two_ambiguous_parameters", "clowerlim" => 0.0001, "delta" => 0.01, "boundary" => 1, "Delta" => 10.0, "q" => 0.05, "zmax" => 5.0, "logadjustment" => 1, "zscale" => 2.0, "foc" => 1, "distorted" => 0, "rho" => 1.0, "gamma" => 6.0)
=============================================================
./output/upper_triangular_two_ambiguous_parameters/Delta_10.0_distorted_0/logadjustment_1_boundary_1/zmax_5.0_zscale_2.0/delta_0.01/q_0.05_gamma_6.0_rho_1.0/
=============================================================
solve for structured linear system 
structured_relative_entropy = 0.05128069942219264
=============================================================
solve for unstructured linear system 
q_update = 0.28157634711351376
=============================================================
parsed_args = parse_commandline() = Dict{String, Any}("dataname" => "upper_triangular_two_ambiguous_parameters", "clowerlim" => 0.0001, "delta" => 0.01, "boundary" => 1, "Delta" => 10.0, "q" => 0.05, "zmax" => 5.0, "logadjustment" => 1, "zscale" => 2.0, "foc" => 1, "distorted" => 0, "rho" => 1.0, "gamma" => 6.0)
=============================================================
./output/upper_triangular_two_ambiguous_parameters/Delta_10.0_distorted_0/logadjustment_1_boundary_1/zmax_5.0_zscale_2.0/delta_0.01/q_0.05_gamma_6.0_rho_1.0/
=============================================================
solve for structured linear system 
structured_relative_entropy = 0.05128069942219263
=============================================================
solve for unstructured linear system 
q_update = 0.2815763471135138
=============================================================
Program ends Fri Jan 19 22:20:14 CST 2024
Elapsed time: 0 days 00 hr 01 min 23 sec
