D_10.0_distorted_0_boundary_0_delta_0.02_gamma_9.0_q_0.2_rho_1.0_lower_triangular_four_ambiguous_parameters
Program starts Fri Jan 19 22:21:18 CST 2024
parsed_args = parse_commandline() = Dict{String, Any}("dataname" => "lower_triangular_four_ambiguous_parameters", "clowerlim" => 0.0001, "delta" => 0.02, "boundary" => 0, "Delta" => 10.0, "q" => 0.2, "zmax" => 5.0, "logadjustment" => 1, "zscale" => 2.0, "foc" => 1, "distorted" => 0, "rho" => 1.0, "gamma" => 9.0)
=============================================================
logadjustment: true
reflective_boundary: false
0.109
sigma_k: [0.011287880226154068, 0.0]
sigma_z: [0.026030751045638307, 0.05916079783099616]
Compute value function WITH ROBUSTNESS
computing undistorted version...
zmax = 5.0, zmin = -5.0, zlength = 401
natural boundary condition
----------------------------------
Iteration = 1
Distance = 1.2148525039693046
v max = -0.9421252312420302
v min = -3.2148525039693046
d max = 0.07672413793103448
d min = 0.07672413793103448
dF max = 0.07672413793103448
dB max = 0.07672413793103448
hk max = 0.011287880226154068
hk min = 0.011287880226154068
hz max = 0.0
hz min = 0.0
lambdaF max = 0.07981736653135081
lambdaF min = 0.0028381093903120866
lambdaB max = 0.07981736653135081
lambdaB min = 0.0028381093903120866
----------------------------------
----------------------------------
Iteration = 2
Distance = 1.1017821548335847
v max = -1.0907758082943975
v min = -4.316634658802889
d max = 0.07672413793103448
d min = 0.07672413793103448
dF max = 0.07672413793103448
dB max = 0.07672413793103448
hk max = 0.017203960009254775
hk min = 0.017203960009252464
hz max = 0.013445635870683429
hz min = 0.013445635870678175
lambdaF max = 0.15439581664782212
lambdaF min = 0.0028381093903120866
lambdaB max = 0.1543958166478078
lambdaB min = 0.0028381093903120866
----------------------------------
----------------------------------
Iteration = 3
Distance = 0.8082913567256673
v max = -1.1133891262968483
v min = -5.1249260155285565
d max = 0.07672413793103448
d min = 0.07672413793103448
dF max = 0.07672413793103448
dB max = 0.07672413793103448
hk max = 0.022528418506198376
hk min = 0.01684164767530241
hz max = 0.025546677909191618
hz min = 0.012622198748064414
lambdaF max = 0.19387108744704581
lambdaF min = 0.0028381093903120866
lambdaB max = 0.1975837111837648
lambdaB min = 0.0028381093903120866
----------------------------------
----------------------------------
Iteration = 4
Distance = 0.6073072386587084
v max = -1.170615181300111
v min = -5.732233254187265
d max = 0.07672413793103448
d min = 0.07672413793103448
dF max = 0.07672413793103448
dB max = 0.07672413793103448
hk max = 0.02627008282301571
hk min = 0.017081839588689293
hz max = 0.034050460447412834
hz min = 0.013168089460307337
lambdaF max = 0.23082215486204302
lambdaF min = 0.0028381093903120866
lambdaB max = 0.23666928652867894
lambdaB min = 0.0028381093903120866
----------------------------------
----------------------------------
Iteration = 5
Distance = 0.4717055459139079
v max = -1.2288108620189457
v min = -6.203938800101173
d max = 0.07672413793103448
d min = 0.07672413793103448
dF max = 0.07672413793103448
dB max = 0.07672413793103448
hk max = 0.02892006661184548
hk min = 0.017137424029220683
hz max = 0.040073150876571394
hz min = 0.01329441773424231
lambdaF max = 0.2591051149586546
lambdaF min = 0.0028381093903120866
lambdaB max = 0.26652550486429283
lambdaB min = 0.0028381093903120866
----------------------------------
----------------------------------
Iteration = 6
Distance = 0.37241182425253605
v max = -1.2922252799961351
v min = -6.576350624353709
d max = 0.07672413793103448
d min = 0.07672413793103448
dF max = 0.07672413793103448
dB max = 0.07672413793103448
hk max = 0.03084462446848764
hk min = 0.017214373312455213
hz max = 0.04444714600530358
hz min = 0.013469302468866236
lambdaF max = 0.2834205425742165
lambdaF min = 0.0028381093903120866
lambdaB max = 0.29160379307169676
lambdaB min = 0.0028381093903120866
----------------------------------
----------------------------------
Iteration = 7
Distance = 0.2969574791283769
v max = -1.3569039062169768
v min = -6.873308103482086
d max = 0.07672413793103448
d min = 0.07672413793103448
dF max = 0.07672413793103448
dB max = 0.07672413793103448
hk max = 0.032255406280375
hk min = 0.01728541299281475
hz max = 0.047653468305047575
hz min = 0.01363075628786519
lambdaF max = 0.30389957517174543
lambdaF min = 0.0028381093903120866
lambdaB max = 0.3129091113757315
lambdaB min = 0.0028381093903120866
----------------------------------
----------------------------------
Iteration = 8
Distance = 0.23845219412386154
v max = -1.418939250191834
v min = -7.111760297605947
d max = 0.07672413793103448
d min = 0.07672413793103448
dF max = 0.07672413793103448
dB max = 0.07672413793103448
hk max = 0.03329375464482462
hk min = 0.017332852284821437
hz max = 0.050013350951523976
hz min = 0.01373857286060766
lambdaF max = 0.32074954675505135
lambdaF min = 0.0028381093903120866
lambdaB max = 0.3303040579782777
lambdaB min = 0.0028381093903120866
----------------------------------
----------------------------------
Iteration = 9
Distance = 0.19248481736307355
v max = -1.4784675012645347
v min = -7.304245114969021
d max = 0.07672413793103448
d min = 0.07672413793103448
dF max = 0.07672413793103448
dB max = 0.07672413793103448
hk max = 0.03405963082930175
hk min = 0.017369707947661024
hz max = 0.051753978643517475
hz min = 0.013822335730697627
lambdaF max = 0.3341683740369814
lambdaF min = 0.0028381093903120866
lambdaB max = 0.34403458722697156
lambdaB min = 0.0028381093903120866
----------------------------------
----------------------------------
Iteration = 10
Distance = 0.156024087946113
v max = -1.5359757136298124
v min = -7.460269202915134
d max = 0.07672413793103448
d min = 0.07672413793103448
dF max = 0.07672413793103448
dB max = 0.07672413793103448
hk max = 0.03462527631223475
hk min = 0.017414047760747658
hz max = 0.053039536559274285
hz min = 0.013923108033167254
lambdaF max = 0.34437989369687916
lambdaF min = 0.0028381093903120866
lambdaB max = 0.3543816995949303
lambdaB min = 0.0028381093903120866
----------------------------------
----------------------------------
Iteration = 11
Distance = 0.12689670400938535
v max = -1.5894002156560652
v min = -7.587165906924519
d max = 0.07672413793103448
d min = 0.07672413793103448
dF max = 0.07672413793103448
dB max = 0.07672413793103448
hk max = 0.035043413414877295
hk min = 0.017447686453387113
hz max = 0.05398984815618916
hz min = 0.01399955960734783
lambdaF max = 0.3517098060822413
lambdaF min = 0.0028381093903120866
lambdaB max = 0.36178225831917643
lambdaB min = 0.0028381093903120866
----------------------------------
----------------------------------
Iteration = 12
Distance = 0.10349834223563015
v max = -1.6385741120654862
v min = -7.690664249160149
d max = 0.07672413793103448
d min = 0.07672413793103448
dF max = 0.07672413793103448
dB max = 0.07672413793103448
hk max = 0.035352708472894144
hk min = 0.017469852320823837
hz max = 0.05469279146986382
hz min = 0.014049936578794935
lambdaF max = 0.35671563108609866
lambdaF min = 0.0028381093903120866
lambdaB max = 0.36693144279833373
lambdaB min = 0.0028381093903120866
----------------------------------
----------------------------------
Iteration = 13
Distance = 0.08461843080825648
v max = -1.6838186983271226
v min = -7.775282679968406
d max = 0.07672413793103448
d min = 0.07672413793103448
dF max = 0.07672413793103448
dB max = 0.07672413793103448
hk max = 0.03558159445708783
hk min = 0.017496490063564712
hz max = 0.055212986888485825
hz min = 0.01411047690320601
lambdaF max = 0.36006710022802013
lambdaF min = 0.0028381093903120866
lambdaB max = 0.3703788930936714
lambdaB min = 0.0028381093903120866
----------------------------------
----------------------------------
Iteration = 14
Distance = 0.06932809959309871
v max = -1.7237216760119933
v min = -7.8446107795615045
d max = 0.07672413793103448
d min = 0.07672413793103448
dF max = 0.07672413793103448
dB max = 0.07672413793103448
hk max = 0.03575101864720409
hk min = 0.017511298909709407
hz max = 0.05559804186602278
hz min = 0.014144133371716685
lambdaF max = 0.36239378974991726
lambdaF min = 0.0028381093903120866
lambdaB max = 0.37277221558591583
lambdaB min = 0.0028381093903120866
----------------------------------
----------------------------------
Iteration = 15
Distance = 0.056905615795450615
v max = -1.7589152385109312
v min = -7.901516395356955
d max = 0.07672413793103448
d min = 0.07672413793103448
dF max = 0.07672413793103448
dB max = 0.07672413793103448
hk max = 0.035876440302452885
hk min = 0.017519467768212144
hz max = 0.05588309108249732
hz min = 0.014162698959222902
lambdaF max = 0.3641722072538234
lambdaF min = 0.0028381093903120866
lambdaB max = 0.3746015643549036
lambdaB min = 0.0028381093903120866
----------------------------------
----------------------------------
Iteration = 16
Distance = 0.04678495692862672
v max = -1.7897196626774496
v min = -7.948301352285582
d max = 0.07672413793103448
d min = 0.07672413793103448
dF max = 0.07672413793103448
dB max = 0.07672413793103448
hk max = 0.03596928763825223
hk min = 0.017532120541338563
hz max = 0.05609410775476857
hz min = 0.014191455261782943
lambdaF max = 0.36566140534261365
lambdaF min = 0.0028381093903120866
lambdaB max = 0.3761334108895469
lambdaB min = 0.0028381093903120866
----------------------------------
----------------------------------
Iteration = 17
Distance = 0.038519243070651576
v max = -1.815785807735528
v min = -7.9868205953562335
d max = 0.07672413793103448
d min = 0.07672413793103448
dF max = 0.07672413793103448
dB max = 0.07672413793103448
hk max = 0.03603802087788366
hk min = 0.017532695503891825
hz max = 0.05625031966302181
hz min = 0.014192761994858541
lambdaF max = 0.3669384399610979
lambdaF min = 0.0028381093903120866
lambdaB max = 0.37744701790373103
lambdaB min = 0.0028381093903120866
----------------------------------
----------------------------------
Iteration = 18
Distance = 0.031753820686134304
v max = -1.8386240649920358
v min = -8.018574416042368
d max = 0.07672413793103448
d min = 0.07672413793103448
dF max = 0.07672413793103448
dB max = 0.07672413793103448
hk max = 0.03608890740064357
hk min = 0.01753798317215336
hz max = 0.056365970851112515
hz min = 0.01420477942272567
lambdaF max = 0.3679793105006064
lambdaF min = 0.0028381093903120866
lambdaB max = 0.37851769744660757
lambdaB min = 0.0028381093903120866
----------------------------------
----------------------------------
Iteration = 19
Distance = 0.026205930722728255
v max = -1.8580239957650884
v min = -8.044780346765096
d max = 0.07672413793103448
d min = 0.07672413793103448
dF max = 0.07672413793103448
dB max = 0.07672413793103448
hk max = 0.0361265890543667
hk min = 0.017543437833712715
hz max = 0.05645161097321054
hz min = 0.01421717638081511
lambdaF max = 0.36874641597212143
lambdaF min = 0.0028381093903120866
lambdaB max = 0.3793067716920631
lambdaB min = 0.0028381093903120866
----------------------------------
----------------------------------
Iteration = 20
Distance = 0.02164908184938419
v max = -1.8745697141639202
v min = -8.06642942861448
d max = 0.07672413793103448
d min = 0.07672413793103448
dF max = 0.07672413793103448
dB max = 0.07672413793103448
hk max = 0.03615450032420459
hk min = 0.017540901106536236
hz max = 0.05651504567738757
hz min = 0.014211411091777657
lambdaF max = 0.3692444029578095
lambdaF min = 0.0028381093903120866
lambdaB max = 0.37981902029355274
lambdaB min = 0.0028381093903120866
----------------------------------
----------------------------------
Iteration = 21
Distance = 0.017900962842288592
v max = -1.889158162661703
v min = -8.084330391456769
d max = 0.07672413793103448
d min = 0.07672413793103448
dF max = 0.07672413793103448
dB max = 0.07672413793103448
hk max = 0.03617517935599683
hk min = 0.017549245641291837
hz max = 0.05656204347691538
hz min = 0.014230375943494928
lambdaF max = 0.36952760920472
lambdaF min = 0.0028381093903120866
lambdaB max = 0.3801103371513869
lambdaB min = 0.0028381093903120866
----------------------------------
----------------------------------
Iteration = 22
Distance = 0.014814149845165048
v max = -1.9010684990753766
v min = -8.099144541301934
d max = 0.07672413793103448
d min = 0.07672413793103448
dF max = 0.07672413793103448
dB max = 0.07672413793103448
hk max = 0.03619050093258956
hk min = 0.01754666596839631
hz max = 0.056596865241898844
hz min = 0.014224513050550554
lambdaF max = 0.3696806571227149
lambdaF min = 0.0028381093903120866
lambdaB max = 0.38026776813694874
lambdaB min = 0.0028381093903120866
----------------------------------
----------------------------------
Iteration = 23
Distance = 0.01226896658594967
v max = -1.91164158867529
v min = -8.111413507887884
d max = 0.07672413793103448
d min = 0.07672413793103448
dF max = 0.07672413793103448
dB max = 0.07672413793103448
hk max = 0.03620185079347525
hk min = 0.017548427601057837
hz max = 0.05662266038027542
hz min = 0.014228516761144932
lambdaF max = 0.3697831821123736
lambdaF min = 0.0028381093903120866
lambdaB max = 0.38037322929171735
lambdaB min = 0.0028381093903120866
----------------------------------
----------------------------------
Iteration = 24
Distance = 0.010168008088456304
v max = -1.9203299670020983
v min = -8.12158151597634
d max = 0.07672413793103448
d min = 0.07672413793103448
dF max = 0.07672413793103448
dB max = 0.07672413793103448
hk max = 0.036210255221476265
hk min = 0.0175530030101834
hz max = 0.05664176135300499
hz min = 0.014238915418248484
lambdaF max = 0.3698851063566807
lambdaF min = 0.0028381093903120866
lambdaB max = 0.38047807249666976
lambdaB min = 0.0028381093903120866
----------------------------------
----------------------------------
Iteration = 25
Distance = 0.008431883729629774
v max = -1.927501337664264
v min = -8.13001339970597
d max = 0.07672413793103448
d min = 0.07672413793103448
dF max = 0.07672413793103448
dB max = 0.07672413793103448
hk max = 0.036216476126790687
hk min = 0.017545682283285485
hz max = 0.05665589977417414
hz min = 0.014222277402571409
lambdaF max = 0.3700009335222159
lambdaF min = 0.0028381093903120866
lambdaB max = 0.38059721678209313
lambdaB min = 0.0028381093903120866
----------------------------------
----------------------------------
Iteration = 26
Distance = 0.006995831349351889
v max = -1.9339767928778306
v min = -8.137009231055321
d max = 0.07672413793103448
d min = 0.07672413793103448
dF max = 0.07672413793103448
dB max = 0.07672413793103448
hk max = 0.03622108003117487
hk min = 0.017555362331580678
hz max = 0.05666636319322912
hz min = 0.014244277512333207
lambdaF max = 0.3701185749553964
lambdaF min = 0.0028381093903120866
lambdaB max = 0.38071822729312216
lambdaB min = 0.0028381093903120866
----------------------------------
----------------------------------
Iteration = 27
Distance = 0.005806977629941201
v max = -1.9387263961048362
v min = -8.142816208685263
d max = 0.07672413793103448
d min = 0.07672413793103448
dF max = 0.07672413793103448
dB max = 0.07672413793103448
hk max = 0.03622448803658747
hk min = 0.017546986871732395
hz max = 0.05667410866007591
hz min = 0.014225242376314378
lambdaF max = 0.3702177347802472
lambdaF min = 0.0028381093903120866
lambdaB max = 0.3808202269097058
lambdaB min = 0.0028381093903120866
----------------------------------
----------------------------------
Iteration = 28
Distance = 0.004822082773035419
v max = -1.9434660684474812
v min = -8.147638291458298
d max = 0.07672413793103448
d min = 0.07672413793103448
dF max = 0.07672413793103448
dB max = 0.07672413793103448
hk max = 0.03622701232240002
hk min = 0.017552244908592918
hz max = 0.05667984567328626
hz min = 0.014237192460088298
lambdaF max = 0.3702838805047498
lambdaF min = 0.0028381093903120866
lambdaB max = 0.38088826695059985
lambdaB min = 0.0028381093903120866
----------------------------------
----------------------------------
Iteration = 29
Distance = 0.004005697956529275
v max = -1.9468911338163168
v min = -8.151643989414827
d max = 0.07672413793103448
d min = 0.07672413793103448
dF max = 0.07672413793103448
dB max = 0.07672413793103448
hk max = 0.03622888342880213
hk min = 0.01755287260077802
hz max = 0.05668409818783651
hz min = 0.014238619033236257
lambdaF max = 0.3703155204846976
lambdaF min = 0.0028381093903120866
lambdaB max = 0.380920813053099
lambdaB min = 0.0028381093903120866
----------------------------------
----------------------------------
Iteration = 30
Distance = 0.003388012730752621
v max = -1.9500127999451193
v min = -8.154972663006578
d max = 0.07672413793103448
d min = 0.07672413793103448
dF max = 0.07672413793103448
dB max = 0.07672413793103448
hk max = 0.036230271038839246
hk min = 0.01754679451862976
hz max = 0.05668725184701177
hz min = 0.014224805210172036
lambdaF max = 0.3703223939963609
lambdaF min = 0.0028381093903120866
lambdaB max = 0.38092788341204015
lambdaB min = 0.0028381093903120866
----------------------------------
----------------------------------
Iteration = 31
Distance = 0.0028454710758369917
v max = -1.9528582710209563
v min = -8.157739636513252
d max = 0.07672413793103448
d min = 0.07672413793103448
dF max = 0.07672413793103448
dB max = 0.07672413793103448
hk max = 0.03623129996548721
hk min = 0.017558078189640544
hz max = 0.05668959031666625
hz min = 0.01425044991701472
lambdaF max = 0.37031871030197167
lambdaF min = 0.0028381093903120866
lambdaB max = 0.3809240942220545
lambdaB min = 0.0028381093903120866
----------------------------------
----------------------------------
Iteration = 32
Distance = 0.00238025516126239
v max = -1.9545676326719228
v min = -8.160040379985539
d max = 0.07672413793103448
d min = 0.07672413793103448
dF max = 0.07672413793103448
dB max = 0.07672413793103448
hk max = 0.036232062315417535
hk min = 0.017544830883800853
hz max = 0.05669132293014425
hz min = 0.014220342403742698
lambdaF max = 0.37031661485274575
lambdaF min = 0.0028381093903120866
lambdaB max = 0.38092193876224056
lambdaB min = 0.0028381093903120866
----------------------------------
----------------------------------
Iteration = 33
Distance = 0.0024385800087585174
v max = -1.9570062126806813
v min = -8.161953952947597
d max = 0.07672413793103448
d min = 0.07672413793103448
dF max = 0.07672413793103448
dB max = 0.07672413793103448
hk max = 0.03623262647304604
hk min = 0.017556690612126266
hz max = 0.056692605106572674
hz min = 0.014247296331755
lambdaF max = 0.3703217066369396
lambdaF min = 0.0028381093903120866
lambdaB max = 0.3809271763676546
lambdaB min = 0.0028381093903120866
----------------------------------
----------------------------------
Iteration = 34
Distance = 0.0016434783189853697
v max = -1.9578935701689697
v min = -8.163545857511494
d max = 0.07672413793103448
d min = 0.07672413793103448
dF max = 0.07672413793103448
dB max = 0.07672413793103448
hk max = 0.03623304353862554
hk min = 0.01755041013384319
hz max = 0.05669355298288972
hz min = 0.014233022517475274
lambdaF max = 0.3703334440305495
lambdaF min = 0.0028381093903120866
lambdaB max = 0.3809392499029771
lambdaB min = 0.0028381093903120866
----------------------------------
----------------------------------
Iteration = 35
Distance = 0.001867250575489976
v max = -1.9596286502351672
v min = -8.16487040109349
d max = 0.07672413793103448
d min = 0.07672413793103448
dF max = 0.07672413793103448
dB max = 0.07672413793103448
hk max = 0.0362333517943675
hk min = 0.017547536495251575
hz max = 0.056694253564121444
hz min = 0.014226491520676158
lambdaF max = 0.3703473744700236
lambdaF min = 0.0028381093903120866
lambdaB max = 0.3809535792897759
lambdaB min = 0.0028381093903120866
----------------------------------
----------------------------------
Iteration = 36
Distance = 0.0011379699268334598
v max = -1.960520131377783
v min = -8.165972648838904
d max = 0.07672413793103448
d min = 0.07672413793103448
dF max = 0.07672413793103448
dB max = 0.07672413793103448
hk max = 0.03623357983682553
hk min = 0.017561751382019413
hz max = 0.05669477184243514
hz min = 0.014258798081512153
lambdaF max = 0.3703587978239216
lambdaF min = 0.0028381093903120866
lambdaB max = 0.3809653297917504
lambdaB min = 0.0028381093903120866
----------------------------------
----------------------------------
Iteration = 37
Distance = 0.0013596674206421966
v max = -1.9611344801806823
v min = -8.166890027950444
d max = 0.07672413793103448
d min = 0.07672413793103448
dF max = 0.07672413793103448
dB max = 0.07672413793103448
hk max = 0.03623374884290215
hk min = 0.01753610975872737
hz max = 0.056695155947154734
hz min = 0.014200521664939325
lambdaF max = 0.37036505804118813
lambdaF min = 0.0028381093903120866
lambdaB max = 0.3809717692924442
lambdaB min = 0.0028381093903120866
----------------------------------
----------------------------------
Iteration = 38
Distance = 0.00149907114409209
v max = -1.9626335513247744
v min = -8.167653641592675
d max = 0.07672413793103448
d min = 0.07672413793103448
dF max = 0.07672413793103448
dB max = 0.07672413793103448
hk max = 0.036233874330621765
hk min = 0.01757079966395457
hz max = 0.05669544114651749
hz min = 0.014279362358637505
lambdaF max = 0.3703661681583463
lambdaF min = 0.0028381093903120866
lambdaB max = 0.38097291120172705
lambdaB min = 0.0028381093903120866
----------------------------------
Delta = 5.0
----------------------------------
Iteration = 39
Distance = 0.0007764682013307045
v max = -1.9618570831234436
v min = -8.168001626164662
d max = 0.07672413793103448
d min = 0.07672413793103448
dF max = 0.07672413793103448
dB max = 0.07672413793103448
hk max = 0.03623396759037585
hk min = 0.01753229160963924
hz max = 0.05669565310050407
hz min = 0.01419184405337539
lambdaF max = 0.37036421129610014
lambdaF min = 0.0028381093903120866
lambdaB max = 0.3809708982978205
lambdaB min = 0.0028381093903120866
----------------------------------
----------------------------------
Iteration = 40
Distance = 0.0013458234650502998
v max = -1.9631994232672763
v min = -8.168317586139066
d max = 0.07672413793103448
d min = 0.07672413793103448
dF max = 0.07672413793103448
dB max = 0.07672413793103448
hk max = 0.03623401154666543
hk min = 0.01755792463917278
hz max = 0.05669575300116219
hz min = 0.014250100938678888
lambdaF max = 0.37036242969005323
lambdaF min = 0.0028381093903120866
lambdaB max = 0.3809690656691933
lambdaB min = 0.0028381093903120866
----------------------------------
----------------------------------
Iteration = 41
Distance = 0.00035995341667538483
v max = -1.962952548521166
v min = -8.168604524713247
d max = 0.07672413793103448
d min = 0.07672413793103448
dF max = 0.07672413793103448
dB max = 0.07672413793103448
hk max = 0.03623404810909469
hk min = 0.017561551577869965
hz max = 0.05669583609759233
hz min = 0.014258343981172495
lambdaF max = 0.3703612248105339
lambdaF min = 0.0028381093903120866
lambdaB max = 0.38096782628369436
lambdaB min = 0.0028381093903120866
----------------------------------
----------------------------------
Iteration = 42
Distance = 0.0005984679251760383
v max = -1.9631477788504776
v min = -8.168865129371422
d max = 0.07672413793103448
d min = 0.07672413793103448
dF max = 0.07672413793103448
dB max = 0.07672413793103448
hk max = 0.036234078652771756
hk min = 0.017528544967233602
hz max = 0.05669590551504022
hz min = 0.014183328956998942
lambdaF max = 0.37036086874472823
lambdaF min = 0.0028381093903120866
lambdaB max = 0.3809674600206871
lambdaB min = 0.0028381093903120866
----------------------------------
----------------------------------
Iteration = 43
Distance = 0.0007260195647202927
v max = -1.963873798415198
v min = -8.16910183505008
d max = 0.07672413793103448
d min = 0.07672413793103448
dF max = 0.07672413793103448
dB max = 0.07672413793103448
hk max = 0.0362341041683884
hk min = 0.017575771773436402
hz max = 0.05669596350507803
hz min = 0.014290662607459852
lambdaF max = 0.3703612859237637
lambdaF min = 0.0028381093903120866
lambdaB max = 0.3809678891471174
lambdaB min = 0.0028381093903120866
----------------------------------
Delta = 2.5
----------------------------------
Iteration = 44
Distance = 0.00042847150001712464
v max = -1.9634453269151808
v min = -8.169214652862598
d max = 0.07672413793103448
d min = 0.07672413793103448
dF max = 0.07672413793103448
dB max = 0.07672413793103448
hk max = 0.036234125483219005
hk min = 0.017514750780145333
hz max = 0.056696011947874866
hz min = 0.014151978531798335
lambdaF max = 0.37036216646943826
lambdaF min = 0.0028381093903120866
lambdaB max = 0.3809687949103266
lambdaB min = 0.0028381093903120866
----------------------------------
----------------------------------
Iteration = 45
Distance = 0.00040319827062873514
v max = -1.9638485251858095
v min = -8.169322032075033
d max = 0.07672413793103448
d min = 0.07672413793103448
dF max = 0.07672413793103448
dB max = 0.07672413793103448
hk max = 0.03623413580440918
hk min = 0.017566013475624098
hz max = 0.056696035405125265
hz min = 0.01426848465788643
lambdaF max = 0.37036277462063316
lambdaF min = 0.0028381093903120866
lambdaB max = 0.38096942047807847
lambdaB min = 0.0028381093903120866
----------------------------------
----------------------------------
Iteration = 46
Distance = 0.0004374890724441194
v max = -1.9636988992855635
v min = -8.16942424215256
d max = 0.07672413793103448
d min = 0.07672413793103448
dF max = 0.07672413793103448
dB max = 0.07672413793103448
hk max = 0.03623414511957629
hk min = 0.017512331453360015
hz max = 0.05669605657595961
hz min = 0.014146480061831699
lambdaF max = 0.37036332850539083
lambdaF min = 0.0028381093903120866
lambdaB max = 0.38096999022528205
lambdaB min = 0.0028381093903120866
----------------------------------
Delta = 1.25
----------------------------------
Iteration = 47
Distance = 0.0005751963642046665
v max = -1.9642740956497682
v min = -8.169474120535318
d max = 0.07672413793103448
d min = 0.07672413793103448
dF max = 0.07672413793103448
dB max = 0.07672413793103448
hk max = 0.03623415354751064
hk min = 0.017570218733900727
hz max = 0.056696075730355865
hz min = 0.014278042063060593
lambdaF max = 0.37036378816381377
lambdaF min = 0.0028381093903120866
lambdaB max = 0.380970463047647
lambdaB min = 0.0028381093903120866
----------------------------------
Delta = 0.625
----------------------------------
Iteration = 48
Distance = 0.0004797515683203635
v max = -1.9638033985172345
v min = -8.169498756161094
d max = 0.07672413793103448
d min = 0.07672413793103448
dF max = 0.07672413793103448
dB max = 0.07672413793103448
hk max = 0.03623415769050049
hk min = 0.017507879699960798
hz max = 0.05669608514624189
hz min = 0.014136362440469844
lambdaF max = 0.37036398782006974
lambdaF min = 0.0028381093903120866
lambdaB max = 0.3809706684217648
lambdaB min = 0.0028381093903120866
----------------------------------
Delta = 0.3125
----------------------------------
Iteration = 49
Distance = 0.00020260134524985318
v max = -1.9637769156410072
v min = -8.169510998528175
d max = 0.07672413793103448
d min = 0.07672413793103448
dF max = 0.07672413793103448
dB max = 0.07672413793103448
hk max = 0.036234159741245726
hk min = 0.01751620778093578
hz max = 0.056696089807026506
hz min = 0.01415528989723117
lambdaF max = 0.37036407649743464
lambdaF min = 0.0028381093903120866
lambdaB max = 0.3809707596387193
lambdaB min = 0.0028381093903120866
----------------------------------
----------------------------------
Iteration = 50
Distance = 0.00021456712148526513
v max = -1.9639914827624925
v min = -8.169523163720456
d max = 0.07672413793103448
d min = 0.07672413793103448
dF max = 0.07672413793103448
dB max = 0.07672413793103448
hk max = 0.036234160761370114
hk min = 0.017569583910280632
hz max = 0.056696092125491024
hz min = 0.014276599282105831
lambdaF max = 0.37036411760674603
lambdaF min = 0.0028381093903120866
lambdaB max = 0.38097080192534094
lambdaB min = 0.0028381093903120866
----------------------------------
----------------------------------
Iteration = 51
Distance = 7.083757513282052e-5
v max = -1.9639959933586069
v min = -8.16953525229889
d max = 0.07672413793103448
d min = 0.07672413793103448
dF max = 0.07672413793103448
dB max = 0.07672413793103448
hk max = 0.03623416176706025
hk min = 0.01754814569491517
hz max = 0.05669609441115043
hz min = 0.014227876065366145
lambdaF max = 0.3703641563960044
lambdaF min = 0.0028381093903120866
lambdaB max = 0.38097084182546664
lambdaB min = 0.0028381093903120866
----------------------------------
----------------------------------
Iteration = 52
Distance = 6.856059444371176e-5
v max = -1.9639274327641632
v min = -8.169547264753916
d max = 0.07672413793103448
d min = 0.07672413793103448
dF max = 0.07672413793103448
dB max = 0.07672413793103448
hk max = 0.03623416275886177
hk min = 0.01753070120706811
hz max = 0.0566960966652448
hz min = 0.014188229502077368
lambdaF max = 0.37036419308234647
lambdaF min = 0.0028381093903120866
lambdaB max = 0.3809708795624517
lambdaB min = 0.0028381093903120866
----------------------------------
----------------------------------
Iteration = 53
Distance = 6.675863688165862e-5
v max = -1.9639924806584348
v min = -8.169559201572701
d max = 0.07672413793103448
d min = 0.07672413793103448
dF max = 0.07672413793103448
dB max = 0.07672413793103448
hk max = 0.03623416373696334
hk min = 0.01755707620305993
hz max = 0.056696098888202894
hz min = 0.014248172674786053
lambdaF max = 0.3703642278569118
lambdaF min = 0.0028381093903120866
lambdaB max = 0.3809709153329095
lambdaB min = 0.0028381093903120866
----------------------------------
----------------------------------
Iteration = 54
Distance = 1.893710857991948e-5
v max = -1.9640094436665168
v min = -8.169571063239184
d max = 0.07672413793103448
d min = 0.07672413793103448
dF max = 0.07672413793103448
dB max = 0.07672413793103448
hk max = 0.03623416470155915
hk min = 0.017556236495481495
hz max = 0.056696101080466105
hz min = 0.014246264248471427
lambdaF max = 0.37036426088187996
lambdaF min = 0.0028381093903120866
lambdaB max = 0.3809709493036642
lambdaB min = 0.0028381093903120866
----------------------------------
----------------------------------
Iteration = 55
Distance = 2.5581019671871985e-5
v max = -1.9639983891273138
v min = -8.169582850234104
d max = 0.07672413793103448
d min = 0.07672413793103448
dF max = 0.07672413793103448
dB max = 0.07672413793103448
hk max = 0.03623416565283232
hk min = 0.017543966880068998
hz max = 0.056696103242450585
hz min = 0.014218378758897574
lambdaF max = 0.3703642922977679
lambdaF min = 0.0028381093903120866
lambdaB max = 0.3809709816192571
lambdaB min = 0.0028381093903120866
----------------------------------
----------------------------------
Iteration = 56
Distance = 3.667204824076009e-5
v max = -1.9640350611755546
v min = -8.169594563035025
d max = 0.07672413793103448
d min = 0.07672413793103448
dF max = 0.07672413793103448
dB max = 0.07672413793103448
hk max = 0.03623416659096966
hk min = 0.01755613270883162
hz max = 0.056696105374580905
hz min = 0.014246028369721714
lambdaF max = 0.3703643222283263
lambdaF min = 0.0028381093903120866
lambdaB max = 0.3809710124069828
lambdaB min = 0.0028381093903120866
----------------------------------
Delta = 0.15625
----------------------------------
Iteration = 57
Distance = 7.864758365450086e-6
v max = -1.9640389170792913
v min = -8.169600401460483
d max = 0.07672413793103448
d min = 0.07672413793103448
dF max = 0.07672413793103448
dB max = 0.07672413793103448
hk max = 0.03623416751615058
hk min = 0.017552788692939043
hz max = 0.056696107477264814
hz min = 0.01423842833360222
lambdaF max = 0.37036435078386193
lambdaF min = 0.0028381093903120866
lambdaB max = 0.38097104178030694
lambdaB min = 0.0028381093903120866
----------------------------------
    Value Function Converged, Iteration = 57 with gamma=9.0 with rho=1.0 and v=-3.46777416376574
    Natural boundary condition
=============================================================
Convegence time (minutes): 0.11776706088333334
Current Time = 22:21:45
grid points for z:  401
grid size for z:  0.025
-0.8686120053055386
-0.92954873410959
--- 8.635392904281616 seconds for the elasticity computation ---
-0.023957608238994784
-0.1547618531712307
--- 0.06554651260375977 seconds for the elasticity computation ---
-0.6051929663955765
-0.7747868809383593
--- 0.06505775451660156 seconds for the elasticity computation ---
-0.9483717188026795
-0.935192674222667
--- 0.06506800651550293 seconds for the elasticity computation ---
Current Time = 22:21:57
grid points for z:  401
grid size for z:  0.025
rho = 1
0.05975971349714089
--- 8.552578926086426 seconds for the elasticity computation ---
0.0
--- 0.0675208568572998 seconds for the elasticity computation ---
0.05975971349714089
--- 0.06646299362182617 seconds for the elasticity computation ---
0.0
--- 0.06641483306884766 seconds for the elasticity computation ---
0.0
--- 0.06836199760437012 seconds for the elasticity computation ---
0.05975971349714089
0.005643940113077034
--- 0.06696891784667969 seconds for the elasticity computation ---
0.05975971349714089
0.005643940113077034
--- 0.06612610816955566 seconds for the elasticity computation ---
0.05975971349714089
0.005643940113077034
--- 0.06626582145690918 seconds for the elasticity computation ---
0.05975971349714089
0.005643940113077034
--- 0.06601619720458984 seconds for the elasticity computation ---
parsed_args = parse_commandline() = Dict{String, Any}("dataname" => "lower_triangular_four_ambiguous_parameters", "clowerlim" => 0.0001, "delta" => 0.02, "boundary" => 0, "Delta" => 10.0, "q" => 0.2, "zmax" => 5.0, "logadjustment" => 1, "zscale" => 2.0, "foc" => 1, "distorted" => 0, "rho" => 1.0, "gamma" => 9.0)
=============================================================
./output/lower_triangular_four_ambiguous_parameters/Delta_10.0_distorted_0/logadjustment_1_boundary_0/zmax_5.0_zscale_2.0/delta_0.02/q_0.2_gamma_9.0_rho_1.0/
=============================================================
solve for structured linear system 
structured_relative_entropy = 0.20231777118997718
=============================================================
solve for unstructured linear system 
q_update = 0.5334782312538887
=============================================================
parsed_args = parse_commandline() = Dict{String, Any}("dataname" => "lower_triangular_four_ambiguous_parameters", "clowerlim" => 0.0001, "delta" => 0.02, "boundary" => 0, "Delta" => 10.0, "q" => 0.2, "zmax" => 5.0, "logadjustment" => 1, "zscale" => 2.0, "foc" => 1, "distorted" => 0, "rho" => 1.0, "gamma" => 9.0)
=============================================================
./output/lower_triangular_four_ambiguous_parameters/Delta_10.0_distorted_0/logadjustment_1_boundary_0/zmax_5.0_zscale_2.0/delta_0.02/q_0.2_gamma_9.0_rho_1.0/
=============================================================
solve for structured linear system 
structured_relative_entropy = 0.20231777118997726
=============================================================
solve for unstructured linear system 
q_update = 0.5334782312538887
=============================================================
Program ends Fri Jan 19 22:22:38 CST 2024
Elapsed time: 0 days 00 hr 01 min 20 sec
