D_10.0_distorted_0_boundary_1_delta_0.02_gamma_9.0_q_0.05_rho_1.0_upper_triangular_four_ambiguous_parameters
Program starts Fri Jan 19 15:59:34 CST 2024
parsed_args = parse_commandline() = Dict{String, Any}("dataname" => "upper_triangular_four_ambiguous_parameters", "clowerlim" => 0.0001, "delta" => 0.02, "boundary" => 1, "Delta" => 10.0, "q" => 0.05, "zmax" => 5.0, "logadjustment" => 1, "zscale" => 2.0, "foc" => 1, "distorted" => 0, "rho" => 1.0, "gamma" => 9.0)
=============================================================
logadjustment: true
reflective_boundary: true
0.109
U: [1.0331966455186503 0.4546065240282061; 0.0 0.06463435618925897]
L: [1.0331966455186503 0.0; 0.4546065240282061 0.06463435618925897]
[-2.220446049250313e-16 0.0; 0.0 0.0]
sigma_k: [0.010331966455186503, 0.004546065240282061]
sigma_z: [0.0, 0.06463435618925897]
Compute value function WITH ROBUSTNESS
computing undistorted version...
zmax = 5.0, zmin = -5.0, zlength = 401
reflective boundary condition
----------------------------------
Iteration = 1
Distance = 1.213177831077492
v max = -0.9437999041338403
v min = -3.213177831077492
d max = 0.07672413793103448
d min = 0.07672413793103448
dF max = 0.07672413793103448
dB max = 0.07672413793103448
hk max = 0.010331966455186503
hk min = 0.010331966455186503
hz max = 0.004546065240282061
hz min = 0.004546065240282061
lambdaF max = 0.3192694661254032
lambdaF min = 0.01225494967187982
lambdaB max = 0.3192694661254032
lambdaB min = 0.01225494967187982
----------------------------------
----------------------------------
Iteration = 2
Distance = 0.8375976355592281
v max = -0.5130486574388546
v min = -4.05077546663672
d max = 0.07672413793103448
d min = 0.07672413793103448
dF max = 0.07672413793103448
dB max = 0.07672413793103448
hk max = 0.010331966455186503
hk min = 0.010331966455186503
hz max = 0.01923569164693454
hz min = 0.015895430289475317
lambdaF max = 0.6175832665912885
lambdaF min = 0.01225494967187982
lambdaB max = 0.6175832665912312
lambdaB min = 0.01225494967187982
----------------------------------
----------------------------------
Iteration = 3
Distance = 0.5475938876967277
v max = -0.3258114910651468
v min = -4.598369354333448
d max = 0.07672413793103448
d min = 0.07672413793103448
dF max = 0.07672413793103448
dB max = 0.07672413793103448
hk max = 0.010331966455186503
hk min = 0.010331966455186503
hz max = 0.02907949162950996
hz min = 0.021638404883519872
lambdaF max = 0.8277645286331603
lambdaF min = 0.01225494967187982
lambdaB max = 0.8311536138735477
lambdaB min = 0.01225494967187982
----------------------------------
----------------------------------
Iteration = 4
Distance = 0.36870659936982886
v max = -0.2618095306791574
v min = -4.967075953703277
d max = 0.07672413793103448
d min = 0.07672413793103448
dF max = 0.07672413793103448
dB max = 0.07672413793103448
hk max = 0.010331966455186503
hk min = 0.010331966455186503
hz max = 0.035125549474118826
hz min = 0.024384620223227734
lambdaF max = 0.9598764761354469
lambdaF min = 0.01225494967187982
lambdaB max = 0.9658170332476078
lambdaB min = 0.01225494967187982
----------------------------------
----------------------------------
Iteration = 5
Distance = 0.2556135136973019
v max = -0.2569009280325095
v min = -5.222689467400579
d max = 0.07672413793103448
d min = 0.07672413793103448
dF max = 0.07672413793103448
dB max = 0.07672413793103448
hk max = 0.010331966455186503
hk min = 0.010331966455186503
hz max = 0.0388576947347642
hz min = 0.025890898174624984
lambdaF max = 1.0439724106890753
lambdaF min = 0.01225494967187982
lambdaB max = 1.0517358215710617
lambdaB min = 0.01225494967187982
----------------------------------
----------------------------------
Iteration = 6
Distance = 0.1816981274571976
v max = -0.2785065731944001
v min = -5.404387594857776
d max = 0.07672413793103448
d min = 0.07672413793103448
dF max = 0.07672413793103448
dB max = 0.07672413793103448
hk max = 0.010331966455186503
hk min = 0.010331966455186503
hz max = 0.041176620531220745
hz min = 0.026644429104717215
lambdaF max = 1.098389814218373
lambdaF min = 0.01225494967187982
lambdaB max = 1.1073874982501368
lambdaB min = 0.01225494967187982
----------------------------------
----------------------------------
Iteration = 7
Distance = 0.13217962759344548
v max = -0.3107786223662475
v min = -5.536567222451222
d max = 0.07672413793103448
d min = 0.07672413793103448
dF max = 0.07672413793103448
dB max = 0.07672413793103448
hk max = 0.010331966455186503
hk min = 0.010331966455186503
hz max = 0.042621120193985965
hz min = 0.027050994513144754
lambdaF max = 1.1340191008326335
lambdaF min = 0.01225494967187982
lambdaB max = 1.1435856158881925
lambdaB min = 0.01225494967187982
----------------------------------
----------------------------------
Iteration = 8
Distance = 0.09825231877862972
v max = -0.34608785537488196
v min = -5.634819541229851
d max = 0.07672413793103448
d min = 0.07672413793103448
dF max = 0.07672413793103448
dB max = 0.07672413793103448
hk max = 0.010331966455186503
hk min = 0.010331966455186503
hz max = 0.04352200186442664
hz min = 0.02727679451492177
lambdaF max = 1.157237798625587
lambdaF min = 0.01225494967187982
lambdaB max = 1.16700018518088
lambdaB min = 0.01225494967187982
----------------------------------
----------------------------------
Iteration = 9
Distance = 0.07448912878322123
v max = -0.38077043696195645
v min = -5.709308670013073
d max = 0.07672413793103448
d min = 0.07672413793103448
dF max = 0.07672413793103448
dB max = 0.07672413793103448
hk max = 0.010331966455186503
hk min = 0.010331966455186503
hz max = 0.04408422417149205
hz min = 0.027412195803297717
lambdaF max = 1.1720877354138939
lambdaF min = 0.01225494967187982
lambdaB max = 1.1819753951182503
lambdaB min = 0.01225494967187982
----------------------------------
----------------------------------
Iteration = 10
Distance = 0.057475726558809725
v max = -0.4130725142431399
v min = -5.766784396571882
d max = 0.07672413793103448
d min = 0.07672413793103448
dF max = 0.07672413793103448
dB max = 0.07672413793103448
hk max = 0.010331966455186503
hk min = 0.010331966455186503
hz max = 0.044435243328648906
hz min = 0.027497517436810916
lambdaF max = 1.1814690069383516
lambdaF min = 0.01225494967187982
lambdaB max = 1.1914358064695532
lambdaB min = 0.01225494967187982
----------------------------------
----------------------------------
Iteration = 11
Distance = 0.045029775641483916
v max = -0.44221614536721304
v min = -5.811814172213366
d max = 0.07672413793103448
d min = 0.07672413793103448
dF max = 0.07672413793103448
dB max = 0.07672413793103448
hk max = 0.010331966455186503
hk min = 0.010331966455186503
hz max = 0.04465446293618772
hz min = 0.02755298417974378
lambdaF max = 1.187340255959649
lambdaF min = 0.01225494967187982
lambdaB max = 1.1973565849847683
lambdaB min = 0.01225494967187982
----------------------------------
----------------------------------
Iteration = 12
Distance = 0.03573606594720946
v max = -0.46795590344376065
v min = -5.847550238160576
d max = 0.07672413793103448
d min = 0.07672413793103448
dF max = 0.07672413793103448
dB max = 0.07672413793103448
hk max = 0.010331966455186503
hk min = 0.010331966455186503
hz max = 0.04479140012633475
hz min = 0.027589306104230674
lambdaF max = 1.1909979396137493
lambdaF min = 0.01225494967187982
lambdaB max = 1.2010451246321405
lambdaB min = 0.01225494967187982
----------------------------------
----------------------------------
Iteration = 13
Distance = 0.028663208523544093
v max = -0.49034677111690567
v min = -5.87621344668412
d max = 0.07672413793103448
d min = 0.07672413793103448
dF max = 0.07672413793103448
dB max = 0.07672413793103448
hk max = 0.010331966455186503
hk min = 0.010331966455186503
hz max = 0.04487695346925394
hz min = 0.02761299884561289
lambdaF max = 1.1932760560613025
lambdaF min = 0.01225494967187982
lambdaB max = 1.2033424591292643
lambdaB min = 0.01225494967187982
----------------------------------
----------------------------------
Iteration = 14
Distance = 0.023188385158953828
v max = -0.509608127456516
v min = -5.899401831843074
d max = 0.07672413793103448
d min = 0.07672413793103448
dF max = 0.07672413793103448
dB max = 0.07672413793103448
hk max = 0.010331966455186503
hk min = 0.010331966455186503
hz max = 0.044930411507772404
hz min = 0.027628304604176698
lambdaF max = 1.194698141039163
lambdaF min = 0.01225494967187982
lambdaB max = 1.2047765407281175
lambdaB min = 0.01225494967187982
----------------------------------
----------------------------------
Iteration = 15
Distance = 0.018887769622337736
v max = -0.5260403105206368
v min = -5.918289601465411
d max = 0.07672413793103448
d min = 0.07672413793103448
dF max = 0.07672413793103448
dB max = 0.07672413793103448
hk max = 0.010331966455186503
hk min = 0.010331966455186503
hz max = 0.044963818716240334
hz min = 0.027638074580329634
lambdaF max = 1.1955881988586843
lambdaF min = 0.01225494967187982
lambdaB max = 1.2056741070204013
lambdaB min = 0.01225494967187982
----------------------------------
----------------------------------
Iteration = 16
Distance = 0.015467405793637035
v max = -0.5399727739463216
v min = -5.933757007259048
d max = 0.07672413793103448
d min = 0.07672413793103448
dF max = 0.07672413793103448
dB max = 0.07672413793103448
hk max = 0.010331966455186503
hk min = 0.010331966455186503
hz max = 0.04498469779074985
hz min = 0.027644240724870765
lambdaF max = 1.196146125201734
lambdaF min = 0.01225494967187982
lambdaB max = 1.2062367399956024
lambdaB min = 0.01225494967187982
----------------------------------
----------------------------------
Iteration = 17
Distance = 0.01271924482854292
v max = -0.5517323684115436
v min = -5.946476252087591
d max = 0.07672413793103448
d min = 0.07672413793103448
dF max = 0.07672413793103448
dB max = 0.07672413793103448
hk max = 0.010331966455186503
hk min = 0.010331966455186503
hz max = 0.04499774808036082
hz min = 0.02764810157771762
lambdaF max = 1.1964958672685577
lambdaF min = 0.01225494967187982
lambdaB max = 1.2065894324648891
lambdaB min = 0.01225494967187982
----------------------------------
----------------------------------
Iteration = 18
Distance = 0.010492941471738959
v max = -0.561625126007645
v min = -5.95696919355933
d max = 0.07672413793103448
d min = 0.07672413793103448
dF max = 0.07672413793103448
dB max = 0.07672413793103448
hk max = 0.010331966455186503
hk min = 0.010331966455186503
hz max = 0.04500590566604198
hz min = 0.02765051064791056
lambdaF max = 1.1967148866789195
lambdaF min = 0.01225494967187982
lambdaB max = 1.2068102995094616
lambdaB min = 0.01225494967187982
----------------------------------
----------------------------------
Iteration = 19
Distance = 0.008677583849716619
v max = -0.5699272561189253
v min = -5.965646777409047
d max = 0.07672413793103448
d min = 0.07672413793103448
dF max = 0.07672413793103448
dB max = 0.07672413793103448
hk max = 0.010331966455186503
hk min = 0.010331966455186503
hz max = 0.045011005207093086
hz min = 0.027652013889898002
lambdaF max = 1.1968518745925167
lambdaF min = 0.01225494967187982
lambdaB max = 1.2069484430446327
lambdaB min = 0.01225494967187982
----------------------------------
----------------------------------
Iteration = 20
Distance = 0.007189723669951853
v max = -0.5768821030705497
v min = -5.972836501078999
d max = 0.07672413793103448
d min = 0.07672413793103448
dF max = 0.07672413793103448
dB max = 0.07672413793103448
hk max = 0.010331966455186503
hk min = 0.010331966455186503
hz max = 0.04501419325201142
hz min = 0.027652953480478797
lambdaF max = 1.196937484582849
lambdaF min = 0.01225494967187982
lambdaB max = 1.207034775235553
lambdaB min = 0.01225494967187982
----------------------------------
----------------------------------
Iteration = 21
Distance = 0.005965429737735839
v max = -0.5827006182808646
v min = -5.978801930816735
d max = 0.07672413793103448
d min = 0.07672413793103448
dF max = 0.07672413793103448
dB max = 0.07672413793103448
hk max = 0.010331966455186503
hk min = 0.010331966455186503
hz max = 0.04501618639361065
hz min = 0.027653541772932944
lambdaF max = 1.196990976472975
lambdaF min = 0.01225494967187982
lambdaB max = 1.2070887183799581
lambdaB min = 0.01225494967187982
----------------------------------
----------------------------------
Iteration = 22
Distance = 0.0049549310197960494
v max = -0.5875636719282767
v min = -5.983756861836531
d max = 0.07672413793103448
d min = 0.07672413793103448
dF max = 0.07672413793103448
dB max = 0.07672413793103448
hk max = 0.010331966455186503
hk min = 0.010331966455186503
hz max = 0.045017432540534974
hz min = 0.027653910417077175
lambdaF max = 1.197024410652296
lambdaF min = 0.01225494967187982
lambdaB max = 1.20712243460795
lambdaB min = 0.01225494967187982
----------------------------------
----------------------------------
Iteration = 23
Distance = 0.004118942179164975
v max = -0.5916251636640493
v min = -5.987875804015696
d max = 0.07672413793103448
d min = 0.07672413793103448
dF max = 0.07672413793103448
dB max = 0.07672413793103448
hk max = 0.010331966455186503
hk min = 0.010331966455186503
hz max = 0.04501821167990377
hz min = 0.027654141367172785
lambdaF max = 1.197045318486832
lambdaF min = 0.01225494967187982
lambdaB max = 1.2071435188196862
lambdaB min = 0.01225494967187982
----------------------------------
----------------------------------
Iteration = 24
Distance = 0.003426094628824039
v max = -0.5950153362943303
v min = -5.99130189864452
d max = 0.07672413793103448
d min = 0.07672413793103448
dF max = 0.07672413793103448
dB max = 0.07672413793103448
hk max = 0.010331966455186503
hk min = 0.010331966455186503
hz max = 0.04501869884215591
hz min = 0.02765428592599825
lambdaF max = 1.1970583979378
lambdaF min = 0.01225494967187982
lambdaB max = 1.207156708608094
lambdaB min = 0.01225494967187982
----------------------------------
----------------------------------
Iteration = 25
Distance = 0.0028511037764893388
v max = -0.5978439782686871
v min = -5.994153002421009
d max = 0.07672413793103448
d min = 0.07672413793103448
dF max = 0.07672413793103448
dB max = 0.07672413793103448
hk max = 0.010331966455186503
hk min = 0.010331966455186503
hz max = 0.04501900345117474
hz min = 0.027654376326787737
lambdaF max = 1.1970665810255965
lambdaF min = 0.01225494967187982
lambdaB max = 1.2071649607279136
lambdaB min = 0.01225494967187982
----------------------------------
----------------------------------
Iteration = 26
Distance = 0.0023734341963388417
v max = -0.6002033662246549
v min = -5.996526436617348
d max = 0.07672413793103448
d min = 0.07672413793103448
dF max = 0.07672413793103448
dB max = 0.07672413793103448
hk max = 0.010331966455186503
hk min = 0.010331966455186503
hz max = 0.045019193918678105
hz min = 0.027654432829682458
lambdaF max = 1.1970717000920883
lambdaF min = 0.01225494967187982
lambdaB max = 1.2071701229785339
lambdaB min = 0.01225494967187982
----------------------------------
----------------------------------
Iteration = 27
Distance = 0.0019763075526029183
v max = -0.6021708895935514
v min = -5.998502744169951
d max = 0.07672413793103448
d min = 0.07672413793103448
dF max = 0.07672413793103448
dB max = 0.07672413793103448
hk max = 0.010331966455186503
hk min = 0.010331966455186503
hz max = 0.04501931301724209
hz min = 0.027654468143995713
lambdaF max = 1.197074901680999
lambdaF min = 0.01225494967187982
lambdaB max = 1.2071733515758512
lambdaB min = 0.01225494967187982
----------------------------------
----------------------------------
Iteration = 28
Distance = 0.0016459510463899818
v max = -0.6038113470996157
v min = -6.000148695216341
d max = 0.07672413793103448
d min = 0.07672413793103448
dF max = 0.07672413793103448
dB max = 0.07672413793103448
hk max = 0.010331966455186503
hk min = 0.010331966455186503
hz max = 0.04501938749018081
hz min = 0.027654490221760916
lambdaF max = 1.1970769036442106
lambdaF min = 0.01225494967187982
lambdaB max = 1.2071753704275006
lambdaB min = 0.01225494967187982
----------------------------------
----------------------------------
Iteration = 29
Distance = 0.0013710181132005061
v max = -0.6051789296559673
v min = -6.001519713329541
d max = 0.07672413793103448
d min = 0.07672413793103448
dF max = 0.07672413793103448
dB max = 0.07672413793103448
hk max = 0.010331966455186503
hk min = 0.010331966455186503
hz max = 0.04501943405904828
hz min = 0.027654504029321892
lambdaF max = 1.1970781553727003
lambdaF min = 0.01225494967187982
lambdaB max = 1.2071766327154945
lambdaB min = 0.01225494967187982
----------------------------------
----------------------------------
Iteration = 30
Distance = 0.001142135046722892
v max = -0.6063189162390368
v min = -6.002661848376264
d max = 0.07672413793103448
d min = 0.07672413793103448
dF max = 0.07672413793103448
dB max = 0.07672413793103448
hk max = 0.010331966455186503
hk min = 0.010331966455186503
hz max = 0.04501946317943729
hz min = 0.02765451266668247
lambdaF max = 1.1970789380376088
lambdaF min = 0.01225494967187982
lambdaB max = 1.2071774219829157
lambdaB min = 0.01225494967187982
----------------------------------
----------------------------------
Iteration = 31
Distance = 0.0009515415502683311
v max = -0.6072691142633607
v min = -6.0036133899265325
d max = 0.07672413793103448
d min = 0.07672413793103448
dF max = 0.07672413793103448
dB max = 0.07672413793103448
hk max = 0.010331966455186503
hk min = 0.010331966455186503
hz max = 0.04501948138912356
hz min = 0.027654518069981624
lambdaF max = 1.197079427455064
lambdaF min = 0.01225494967187982
lambdaB max = 1.2071779155290665
lambdaB min = 0.01225494967187982
----------------------------------
----------------------------------
Iteration = 32
Distance = 0.000792802677970883
v max = -0.6080610767891939
v min = -6.004406192604503
d max = 0.07672413793103448
d min = 0.07672413793103448
dF max = 0.07672413793103448
dB max = 0.07672413793103448
hk max = 0.010331966455186503
hk min = 0.010331966455186503
hz max = 0.04501949277615842
hz min = 0.027654521449718646
lambdaF max = 1.1970797335248282
lambdaF min = 0.01225494967187982
lambdaB max = 1.207178224180816
lambdaB min = 0.01225494967187982
----------------------------------
----------------------------------
Iteration = 33
Distance = 0.0006605759645958997
v max = -0.6087211273769008
v min = -6.005066768569099
d max = 0.07672413793103448
d min = 0.07672413793103448
dF max = 0.07672413793103448
dB max = 0.07672413793103448
hk max = 0.010331966455186503
hk min = 0.010331966455186503
hz max = 0.0450194998968363
hz min = 0.02765452356335699
lambdaF max = 1.1970799249418926
lambdaF min = 0.01225494967187982
lambdaB max = 1.2071784172126632
lambdaB min = 0.01225494967187982
----------------------------------
----------------------------------
Iteration = 34
Distance = 0.0005504218554310825
v max = -0.6092712206913878
v min = -6.00561719042453
d max = 0.07672413793103448
d min = 0.07672413793103448
dF max = 0.07672413793103448
dB max = 0.07672413793103448
hk max = 0.010331966455186503
hk min = 0.010331966455186503
hz max = 0.04501950434964839
hz min = 0.027654524885022333
lambdaF max = 1.197080044654152
lambdaF min = 0.01225494967187982
lambdaB max = 1.2071785379348077
lambdaB min = 0.01225494967187982
----------------------------------
----------------------------------
Iteration = 35
Distance = 0.00045864853780130943
v max = -0.6097296637755232
v min = -6.006075838962332
d max = 0.07672413793103448
d min = 0.07672413793103448
dF max = 0.07672413793103448
dB max = 0.07672413793103448
hk max = 0.010331966455186503
hk min = 0.010331966455186503
hz max = 0.04501950713416029
hz min = 0.027654525711428242
lambdaF max = 1.1970801195193963
lambdaF min = 0.01225494967187982
lambdaB max = 1.2071786134316105
lambdaB min = 0.01225494967187982
----------------------------------
----------------------------------
Iteration = 36
Distance = 0.00038218438881898464
v max = -0.610111719682521
v min = -6.006458023351151
d max = 0.07672413793103448
d min = 0.07672413793103448
dF max = 0.07672413793103448
dB max = 0.07672413793103448
hk max = 0.010331966455186503
hk min = 0.010331966455186503
hz max = 0.04501950887542227
hz min = 0.0276545262281785
lambdaF max = 1.1970801663364237
lambdaF min = 0.01225494967187982
lambdaB max = 1.2071786606435837
lambdaB min = 0.01225494967187982
----------------------------------
----------------------------------
Iteration = 37
Distance = 0.00031847277910568295
v max = -0.610430112114647
v min = -6.006776496130256
d max = 0.07672413793103448
d min = 0.07672413793103448
dF max = 0.07672413793103448
dB max = 0.07672413793103448
hk max = 0.010331966455186503
hk min = 0.010331966455186503
hz max = 0.045019509964308334
hz min = 0.027654526551323902
lambdaF max = 1.1970801956127157
lambdaF min = 0.01225494967187982
lambdaB max = 1.2071786901668484
lambdaB min = 0.01225494967187982
----------------------------------
----------------------------------
Iteration = 38
Distance = 0.0002653850954628112
v max = -0.6106954469648186
v min = -6.007041881225719
d max = 0.07672413793103448
d min = 0.07672413793103448
dF max = 0.07672413793103448
dB max = 0.07672413793103448
hk max = 0.010331966455186503
hk min = 0.010331966455186503
hz max = 0.04501951064523842
hz min = 0.027654526753411766
lambdaF max = 1.197080213920166
lambdaF min = 0.01225494967187982
lambdaB max = 1.207178708628739
lambdaB min = 0.01225494967187982
----------------------------------
----------------------------------
Iteration = 39
Distance = 0.00022114868868250426
v max = -0.6109165642326182
v min = -6.007263029914402
d max = 0.07672413793103448
d min = 0.07672413793103448
dF max = 0.07672413793103448
dB max = 0.07672413793103448
hk max = 0.010331966455186503
hk min = 0.010331966455186503
hz max = 0.04501951107105021
hz min = 0.027654526879795794
lambdaF max = 1.1970802253684583
lambdaF min = 0.01225494967187982
lambdaB max = 1.2071787201736086
lambdaB min = 0.01225494967187982
----------------------------------
----------------------------------
Iteration = 40
Distance = 0.0001842870985271361
v max = -0.6111008316821783
v min = -6.007447317012929
d max = 0.07672413793103448
d min = 0.07672413793103448
dF max = 0.07672413793103448
dB max = 0.07672413793103448
hk max = 0.010331966455186503
hk min = 0.010331966455186503
hz max = 0.04501951133733299
hz min = 0.02765452695883468
lambdaF max = 1.1970802325276597
lambdaF min = 0.01225494967187982
lambdaB max = 1.2071787273932046
lambdaB min = 0.01225494967187982
----------------------------------
----------------------------------
Iteration = 41
Distance = 0.00015357040879315775
v max = -0.6112543898035506
v min = -6.007600887421722
d max = 0.07672413793103448
d min = 0.07672413793103448
dF max = 0.07672413793103448
dB max = 0.07672413793103448
hk max = 0.010331966455186503
hk min = 0.010331966455186503
hz max = 0.04501951150384957
hz min = 0.027654527008263118
lambdaF max = 1.1970802370047813
lambdaF min = 0.01225494967187982
lambdaB max = 1.2071787319080949
lambdaB min = 0.01225494967187982
----------------------------------
----------------------------------
Iteration = 42
Distance = 0.00012797398157804452
v max = -0.6113823561012179
v min = -6.0077288614033
d max = 0.07672413793103448
d min = 0.07672413793103448
dF max = 0.07672413793103448
dB max = 0.07672413793103448
hk max = 0.010331966455186503
hk min = 0.010331966455186503
hz max = 0.045019511607978686
hz min = 0.027654527039172396
lambdaF max = 1.1970802398045912
lambdaF min = 0.01225494967187982
lambdaB max = 1.207178734731524
lambdaB min = 0.01225494967187982
----------------------------------
----------------------------------
Iteration = 43
Distance = 0.00010664413474881229
v max = -0.6114889954308416
v min = -6.007835505538049
d max = 0.07672413793103448
d min = 0.07672413793103448
dF max = 0.07672413793103448
dB max = 0.07672413793103448
hk max = 0.010331966455186503
hk min = 0.010331966455186503
hz max = 0.045019511673098714
hz min = 0.02765452705850214
lambdaF max = 1.197080241555359
lambdaF min = 0.01225494967187982
lambdaB max = 1.207178736497061
lambdaB min = 0.01225494967187982
----------------------------------
----------------------------------
Iteration = 44
Distance = 8.886958081166796e-5
v max = -0.6115778620067619
v min = -6.0079243751188605
d max = 0.07672413793103448
d min = 0.07672413793103448
dF max = 0.07672413793103448
dB max = 0.07672413793103448
hk max = 0.010331966455186503
hk min = 0.010331966455186503
hz max = 0.04501951171382083
hz min = 0.02765452707058915
lambdaF max = 1.1970802426503624
lambdaF min = 0.01225494967187982
lambdaB max = 1.207178737601302
lambdaB min = 0.01225494967187982
----------------------------------
----------------------------------
Iteration = 45
Distance = 7.40576516511382e-5
v max = -0.611651917779298
v min = -6.007998432770512
d max = 0.07672413793103448
d min = 0.07672413793103448
dF max = 0.07672413793103448
dB max = 0.07672413793103448
hk max = 0.010331966455186503
hk min = 0.010331966455186503
hz max = 0.0450195117392865
hz min = 0.027654527078147622
lambdaF max = 1.1970802433350907
lambdaF min = 0.01225494967187982
lambdaB max = 1.2071787382918064
lambdaB min = 0.01225494967187982
----------------------------------
----------------------------------
Iteration = 46
Distance = 6.171450186531757e-5
v max = -0.6117136311060597
v min = -6.008060147272377
d max = 0.07672413793103448
d min = 0.07672413793103448
dF max = 0.07672413793103448
dB max = 0.07672413793103448
hk max = 0.010331966455186503
hk min = 0.010331966455186503
hz max = 0.04501951175521345
hz min = 0.0276545270828745
lambdaF max = 1.1970802437632377
lambdaF min = 0.01225494967187982
lambdaB max = 1.2071787387235653
lambdaB min = 0.01225494967187982
----------------------------------
----------------------------------
Iteration = 47
Distance = 5.142862157914152e-5
v max = -0.611765058992789
v min = -6.008111575893956
d max = 0.07672413793103448
d min = 0.07672413793103448
dF max = 0.07672413793103448
dB max = 0.07672413793103448
hk max = 0.010331966455186503
hk min = 0.010331966455186503
hz max = 0.0450195117651701
hz min = 0.027654527085830667
lambdaF max = 1.197080244031005
lambdaF min = 0.01225494967187982
lambdaB max = 1.2071787389935915
lambdaB min = 0.01225494967187982
----------------------------------
----------------------------------
Iteration = 48
Distance = 4.285710337015303e-5
v max = -0.6118079156366221
v min = -6.008154432997326
d max = 0.07672413793103448
d min = 0.07672413793103448
dF max = 0.07672413793103448
dB max = 0.07672413793103448
hk max = 0.010331966455186503
hk min = 0.010331966455186503
hz max = 0.04501951177139529
hz min = 0.02765452708767888
lambdaF max = 1.1970802441984143
lambdaF min = 0.01225494967187982
lambdaB max = 1.2071787391624131
lambdaB min = 0.01225494967187982
----------------------------------
----------------------------------
Iteration = 49
Distance = 3.571420197978625e-5
v max = -0.6118436295512312
v min = -6.008190147199306
d max = 0.07672413793103448
d min = 0.07672413793103448
dF max = 0.07672413793103448
dB max = 0.07672413793103448
hk max = 0.010331966455186503
hk min = 0.010331966455186503
hz max = 0.04501951177529437
hz min = 0.027654527088835052
lambdaF max = 1.197080244303147
lambdaF min = 0.01225494967187982
lambdaB max = 1.2071787392680289
lambdaB min = 0.01225494967187982
----------------------------------
----------------------------------
Iteration = 50
Distance = 2.9761803203243176e-5
v max = -0.6118733911747231
v min = -6.008219909002509
d max = 0.07672413793103448
d min = 0.07672413793103448
dF max = 0.07672413793103448
dB max = 0.07672413793103448
hk max = 0.010331966455186503
hk min = 0.010331966455186503
hz max = 0.04501951177772842
hz min = 0.027654527089557807
lambdaF max = 1.1970802443686044
lambdaF min = 0.01225494967187982
lambdaB max = 1.2071787393340387
lambdaB min = 0.01225494967187982
----------------------------------
----------------------------------
Iteration = 51
Distance = 2.4801482789271745e-5
v max = -0.6118981925451327
v min = -6.0082447104852985
d max = 0.07672413793103448
d min = 0.07672413793103448
dF max = 0.07672413793103448
dB max = 0.07672413793103448
hk max = 0.010331966455186503
hk min = 0.010331966455186503
hz max = 0.04501951177925085
hz min = 0.027654527090009883
lambdaF max = 1.1970802444095978
lambdaF min = 0.01225494967187982
lambdaB max = 1.207178739375378
lambdaB min = 0.01225494967187982
----------------------------------
----------------------------------
Iteration = 52
Distance = 2.0667889896408553e-5
v max = -0.611918860364751
v min = -6.008265378375195
d max = 0.07672413793103448
d min = 0.07672413793103448
dF max = 0.07672413793103448
dB max = 0.07672413793103448
hk max = 0.010331966455186503
hk min = 0.010331966455186503
hz max = 0.045019511780201506
hz min = 0.027654527090292612
lambdaF max = 1.1970802444351871
lambdaF min = 0.01225494967187982
lambdaB max = 1.2071787394011833
lambdaB min = 0.01225494967187982
----------------------------------
----------------------------------
Iteration = 53
Distance = 1.722323380715096e-5
v max = -0.6119360835546084
v min = -6.008282601609002
d max = 0.07672413793103448
d min = 0.07672413793103448
dF max = 0.07672413793103448
dB max = 0.07672413793103448
hk max = 0.010331966455186503
hk min = 0.010331966455186503
hz max = 0.04501951178079624
hz min = 0.02765452709046914
lambdaF max = 1.1970802444512159
lambdaF min = 0.01225494967187982
lambdaB max = 1.207178739417347
lambdaB min = 0.01225494967187982
----------------------------------
----------------------------------
Iteration = 54
Distance = 1.4352689974295174e-5
v max = -0.6119504362171022
v min = -6.008296954298976
d max = 0.07672413793103448
d min = 0.07672413793103448
dF max = 0.07672413793103448
dB max = 0.07672413793103448
hk max = 0.010331966455186503
hk min = 0.010331966455186503
hz max = 0.04501951178117053
hz min = 0.027654527090579934
lambdaF max = 1.1970802444612454
lambdaF min = 0.01225494967187982
lambdaB max = 1.2071787394274611
lambdaB min = 0.01225494967187982
----------------------------------
----------------------------------
Iteration = 55
Distance = 1.19605719444138e-5
v max = -0.611962396771856
v min = -6.008308914870921
d max = 0.07672413793103448
d min = 0.07672413793103448
dF max = 0.07672413793103448
dB max = 0.07672413793103448
hk max = 0.010331966455186503
hk min = 0.010331966455186503
hz max = 0.04501951178140705
hz min = 0.027654527090648823
lambdaF max = 1.1970802444674629
lambdaF min = 0.01225494967187982
lambdaB max = 1.2071787394337312
lambdaB min = 0.01225494967187982
----------------------------------
----------------------------------
Iteration = 56
Distance = 9.967141380684552e-6
v max = -0.6119723639024929
v min = -6.0083188820123015
d max = 0.07672413793103448
d min = 0.07672413793103448
dF max = 0.07672413793103448
dB max = 0.07672413793103448
hk max = 0.010331966455186503
hk min = 0.010331966455186503
hz max = 0.045019511781547124
hz min = 0.027654527090692452
lambdaF max = 1.1970802444713684
lambdaF min = 0.01225494967187982
lambdaB max = 1.2071787394376698
lambdaB min = 0.01225494967187982
----------------------------------
    Value Function Converged, Iteration = 56 with gamma=9.0 with rho=1.0 and v=-2.917856756248107
    Reflective boundary condition
=============================================================
Convegence time (minutes): 0.10486114833333333
Current Time = 16:00:06
grid points for z:  401
grid size for z:  0.025
-0.12338678992462682
-0.3068722531351064
--- 8.307873249053955 seconds for the elasticity computation ---
-0.042266294545959135
-0.18070201973631955
--- 0.2217564582824707 seconds for the elasticity computation ---
-0.021230598812333842
-0.12617023339878689
--- 0.22302627563476562 seconds for the elasticity computation ---
-0.2031465034217677
-0.3143112689828407
--- 0.22027134895324707 seconds for the elasticity computation ---
Current Time = 16:00:18
grid points for z:  401
grid size for z:  0.025
rho = 1
0.05975971349714089
--- 8.06371021270752 seconds for the elasticity computation ---
0.0
--- 0.06582117080688477 seconds for the elasticity computation ---
0.05975971349714089
--- 0.06574034690856934 seconds for the elasticity computation ---
0.0
--- 0.06533169746398926 seconds for the elasticity computation ---
0.0
--- 0.06559419631958008 seconds for the elasticity computation ---
0.05975971349714089
0.007439015847734282
--- 0.06573247909545898 seconds for the elasticity computation ---
0.05975971349714089
0.007439015847734282
--- 0.0649876594543457 seconds for the elasticity computation ---
0.05975971349714089
0.007439015847734282
--- 0.06678056716918945 seconds for the elasticity computation ---
0.05975971349714089
0.007439015847734282
--- 0.06566452980041504 seconds for the elasticity computation ---
parsed_args = parse_commandline() = Dict{String, Any}("dataname" => "upper_triangular_four_ambiguous_parameters", "clowerlim" => 0.0001, "delta" => 0.02, "boundary" => 1, "Delta" => 10.0, "q" => 0.05, "zmax" => 5.0, "logadjustment" => 1, "zscale" => 2.0, "foc" => 1, "distorted" => 0, "rho" => 1.0, "gamma" => 9.0)
=============================================================
./output/upper_triangular_four_ambiguous_parameters/Delta_10.0_distorted_0/logadjustment_1_boundary_1/zmax_5.0_zscale_2.0/delta_0.02/q_0.05_gamma_9.0_rho_1.0/
=============================================================
solve for structured linear system 
structured_relative_entropy = 0.05064743963567462
=============================================================
solve for unstructured linear system 
q_update = 0.3628847564189368
=============================================================
parsed_args = parse_commandline() = Dict{String, Any}("dataname" => "upper_triangular_four_ambiguous_parameters", "clowerlim" => 0.0001, "delta" => 0.02, "boundary" => 1, "Delta" => 10.0, "q" => 0.05, "zmax" => 5.0, "logadjustment" => 1, "zscale" => 2.0, "foc" => 1, "distorted" => 0, "rho" => 1.0, "gamma" => 9.0)
=============================================================
./output/upper_triangular_four_ambiguous_parameters/Delta_10.0_distorted_0/logadjustment_1_boundary_1/zmax_5.0_zscale_2.0/delta_0.02/q_0.05_gamma_9.0_rho_1.0/
=============================================================
solve for structured linear system 
structured_relative_entropy = 0.05064743963567461
=============================================================
solve for unstructured linear system 
q_update = 0.3628847564189368
=============================================================
Program ends Fri Jan 19 16:00:57 CST 2024
Elapsed time: 0 days 00 hr 01 min 23 sec
