D_10.0_distorted_0_boundary_0_delta_0.02_gamma_5.0_q_0.05_rho_1.0_upper_triangular_four_ambiguous_parameters
Program starts Fri Jan 19 15:59:30 CST 2024
parsed_args = parse_commandline() = Dict{String, Any}("dataname" => "upper_triangular_four_ambiguous_parameters", "clowerlim" => 0.0001, "delta" => 0.02, "boundary" => 0, "Delta" => 10.0, "q" => 0.05, "zmax" => 5.0, "logadjustment" => 1, "zscale" => 2.0, "foc" => 1, "distorted" => 0, "rho" => 1.0, "gamma" => 5.0)
=============================================================
logadjustment: true
reflective_boundary: false
0.109
U: [1.0331966455186503 0.4546065240282061; 0.0 0.06463435618925897]
L: [1.0331966455186503 0.0; 0.4546065240282061 0.06463435618925897]
[-2.220446049250313e-16 0.0; 0.0 0.0]
sigma_k: [0.010331966455186503, 0.004546065240282061]
sigma_z: [0.0, 0.06463435618925897]
Compute value function WITH ROBUSTNESS
computing undistorted version...
zmax = 5.0, zmin = -5.0, zlength = 401
natural boundary condition
----------------------------------
Iteration = 1
Distance = 1.2127288999693033
v max = -0.9400016272420315
v min = -3.2127288999693033
d max = 0.07672413793103448
d min = 0.07672413793103448
dF max = 0.07672413793103448
dB max = 0.07672413793103448
hk max = 0.010331966455186503
hk min = 0.010331966455186503
hz max = 0.004546065240282061
hz min = 0.004546065240282061
lambdaF max = 0.3192694661254032
lambdaF min = 0.01225494967187982
lambdaB max = 0.3192694661254032
lambdaB min = 0.01225494967187982
----------------------------------
----------------------------------
Iteration = 2
Distance = 0.8315245826413267
v max = -0.5013408168505402
v min = -4.04425348261063
d max = 0.07672413793103448
d min = 0.07672413793103448
dF max = 0.07672413793103448
dB max = 0.07672413793103448
hk max = 0.010331966455186503
hk min = 0.010331966455186503
hz max = 0.019235691646935688
hz min = 0.019235691646927653
lambdaF max = 0.6175832665912598
lambdaF min = 0.01225494967187982
lambdaB max = 0.6175832665912885
lambdaB min = 0.01225494967187982
----------------------------------
----------------------------------
Iteration = 3
Distance = 0.5344057862663636
v max = -0.3024898913192994
v min = -4.578659268876994
d max = 0.07672413793103448
d min = 0.07672413793103448
dF max = 0.07672413793103448
dB max = 0.07672413793103448
hk max = 0.010331966455186503
hk min = 0.010331966455186503
hz max = 0.029079862109229297
hz min = 0.025811044208572193
lambdaF max = 0.8277645286331908
lambdaF min = 0.01225494967187982
lambdaB max = 0.8311536138735477
lambdaB min = 0.01225494967187982
----------------------------------
----------------------------------
Iteration = 4
Distance = 0.3511388621746532
v max = -0.22580213306129418
v min = -4.929798131051647
d max = 0.07672413793103448
d min = 0.07672413793103448
dF max = 0.07672413793103448
dB max = 0.07672413793103448
hk max = 0.010331966455186503
hk min = 0.010331966455186503
hz max = 0.035125938767471956
hz min = 0.02920813392690272
lambdaF max = 0.955757068673374
lambdaF min = 0.01225494967187982
lambdaB max = 0.9615533619627568
lambdaB min = 0.01225494967187982
----------------------------------
----------------------------------
Iteration = 5
Distance = 0.2363297033705889
v max = -0.2083353408092801
v min = -5.166127834422236
d max = 0.07672413793103448
d min = 0.07672413793103448
dF max = 0.07672413793103448
dB max = 0.07672413793103448
hk max = 0.010331966455186503
hk min = 0.010331966455186503
hz max = 0.03885715097406336
hz min = 0.030943255215507396
lambdaF max = 1.033446739712826
lambdaF min = 0.01225494967187982
lambdaB max = 1.0408945430715513
lambdaB min = 0.01225494967187982
----------------------------------
----------------------------------
Iteration = 6
Distance = 0.16254426487253237
v max = -0.2180726497638997
v min = -5.328672099294768
d max = 0.07672413793103448
d min = 0.07672413793103448
dF max = 0.07672413793103448
dB max = 0.07672413793103448
hk max = 0.010331966455186503
hk min = 0.010331966455186503
hz max = 0.04117401015289307
hz min = 0.031832402041524675
lambdaF max = 1.081116835119824
lambdaF min = 0.01225494967187982
lambdaB max = 1.089672396492705
lambdaB min = 0.01225494967187982
----------------------------------
----------------------------------
Iteration = 7
Distance = 0.11424407430336458
v max = -0.23919774592771073
v min = -5.442916173598133
d max = 0.07672413793103448
d min = 0.07672413793103448
dF max = 0.07672413793103448
dB max = 0.07672413793103448
hk max = 0.010331966455186503
hk min = 0.010331966455186503
hz max = 0.04261555384290937
hz min = 0.032296337048644846
lambdaF max = 1.1106347516250918
lambdaF min = 0.01225494967187982
lambdaB max = 1.1199132846937234
lambdaB min = 0.01225494967187982
----------------------------------
----------------------------------
Iteration = 8
Distance = 0.08207221399611253
v max = -0.2640219501509175
v min = -5.524988387594245
d max = 0.07672413793103448
d min = 0.07672413793103448
dF max = 0.07672413793103448
dB max = 0.07672413793103448
hk max = 0.010331966455186503
hk min = 0.010331966455186503
hz max = 0.04351302611090689
hz min = 0.03254613041299007
lambdaF max = 1.1292318063080193
lambdaF min = 0.01225494967187982
lambdaB max = 1.1387579360428095
lambdaB min = 0.01225494967187982
----------------------------------
----------------------------------
Iteration = 9
Distance = 0.060247235613820393
v max = -0.28886887983237897
v min = -5.5852356232080655
d max = 0.07672413793103448
d min = 0.07672413793103448
dF max = 0.07672413793103448
dB max = 0.07672413793103448
hk max = 0.010331966455186503
hk min = 0.010331966455186503
hz max = 0.044071807037420724
hz min = 0.03268598441802227
lambdaF max = 1.140906031815141
lambdaF min = 0.01225494967187982
lambdaB max = 1.1505306445948764
lambdaB min = 0.01225494967187982
----------------------------------
----------------------------------
Iteration = 10
Distance = 0.04514697135599821
v max = -0.3120481291914583
v min = -5.630382594564064
d max = 0.07672413793103448
d min = 0.07672413793103448
dF max = 0.07672413793103448
dB max = 0.07672413793103448
hk max = 0.010331966455186503
hk min = 0.010331966455186503
hz max = 0.04441965713645273
hz min = 0.03276728626734466
lambdaF max = 1.1482055583667015
lambdaF min = 0.01225494967187982
lambdaB max = 1.1578917495013363
lambdaB min = 0.01225494967187982
----------------------------------
----------------------------------
Iteration = 11
Distance = 0.034478944978372006
v max = -0.33286759690854295
v min = -5.664861539542436
d max = 0.07672413793103448
d min = 0.07672413793103448
dF max = 0.07672413793103448
dB max = 0.07672413793103448
hk max = 0.010331966455186503
hk min = 0.010331966455186503
hz max = 0.04463614794166699
hz min = 0.03281595717361802
lambdaF max = 1.152769602561619
lambdaF min = 0.01225494967187982
lambdaB max = 1.1625445150782927
lambdaB min = 0.01225494967187982
----------------------------------
----------------------------------
Iteration = 12
Distance = 0.026778601081811182
v max = -0.35114368072500735
v min = -5.691640140624247
d max = 0.07672413793103448
d min = 0.07672413793103448
dF max = 0.07672413793103448
dB max = 0.07672413793103448
hk max = 0.010331966455186503
hk min = 0.010331966455186503
hz max = 0.04477085253683228
hz min = 0.032845672885454855
lambdaF max = 1.155622040511409
lambdaF min = 0.01225494967187982
lambdaB max = 1.1654593872507402
lambdaB min = 0.01225494967187982
----------------------------------
----------------------------------
Iteration = 13
Distance = 0.02110088905173857
v max = -0.3669493619047055
v min = -5.7127410296759855
d max = 0.07672413793103448
d min = 0.07672413793103448
dF max = 0.07672413793103448
dB max = 0.07672413793103448
hk max = 0.010331966455186503
hk min = 0.010331966455186503
hz max = 0.04485465098589006
hz min = 0.03286403515288886
lambdaF max = 1.1574037513844881
lambdaF min = 0.01225494967187982
lambdaB max = 1.1672797814969793
lambdaB min = 0.01225494967187982
----------------------------------
----------------------------------
Iteration = 14
Distance = 0.0168289286057135
v max = -0.38047990866708825
v min = -5.729569958281699
d max = 0.07672413793103448
d min = 0.07672413793103448
dF max = 0.07672413793103448
dB max = 0.07672413793103448
hk max = 0.010331966455186503
hk min = 0.010331966455186503
hz max = 0.044906773130851695
hz min = 0.03287546000319706
lambdaF max = 1.1585160380713262
lambdaF min = 0.01225494967187982
lambdaB max = 1.168416054089182
lambdaB min = 0.01225494967187982
----------------------------------
----------------------------------
Iteration = 15
Distance = 0.013554576976140709
v max = -0.3919798868946902
v min = -5.74312453525784
d max = 0.07672413793103448
d min = 0.07672413793103448
dF max = 0.07672413793103448
dB max = 0.07672413793103448
hk max = 0.010331966455186503
hk min = 0.010331966455186503
hz max = 0.04493918956572797
hz min = 0.03288259376820924
lambdaF max = 1.159210077039479
lambdaF min = 0.01225494967187982
lambdaB max = 1.1691249783003768
lambdaB min = 0.01225494967187982
----------------------------------
----------------------------------
Iteration = 16
Distance = 0.011003512514581537
v max = -0.401703641492102
v min = -5.754128047772421
d max = 0.07672413793103448
d min = 0.07672413793103448
dF max = 0.07672413793103448
dB max = 0.07672413793103448
hk max = 0.010331966455186503
hk min = 0.010331966455186503
hz max = 0.04495934942791984
hz min = 0.032887054768516756
lambdaF max = 1.1596429641539387
lambdaF min = 0.01225494967187982
lambdaB max = 1.1695671100930674
lambdaB min = 0.01225494967187982
----------------------------------
----------------------------------
Iteration = 17
Distance = 0.008988021352098308
v max = -0.40989459843821696
v min = -5.76311606912452
d max = 0.07672413793103448
d min = 0.07672413793103448
dF max = 0.07672413793103448
dB max = 0.07672413793103448
hk max = 0.010331966455186503
hk min = 0.010331966455186503
hz max = 0.044971886869327356
hz min = 0.03288984519090485
lambdaF max = 1.1599128770784777
lambdaF min = 0.01225494967187982
lambdaB max = 1.1698427682438424
lambdaB min = 0.01225494967187982
----------------------------------
----------------------------------
Iteration = 18
Distance = 0.007377087860948706
v max = -0.41677529313969514
v min = -5.770493156985468
d max = 0.07672413793103448
d min = 0.07672413793103448
dF max = 0.07672413793103448
dB max = 0.07672413793103448
hk max = 0.010331966455186503
hk min = 0.010331966455186503
hz max = 0.044979684188744505
hz min = 0.032891590075872015
lambdaF max = 1.1600811292486846
lambdaF min = 0.01225494967187982
lambdaB max = 1.1700145926754442
lambdaB min = 0.01225494967187982
----------------------------------
----------------------------------
Iteration = 19
Distance = 0.006077328188405673
v max = -0.42254349796861584
v min = -5.776570485173874
d max = 0.07672413793103448
d min = 0.07672413793103448
dF max = 0.07672413793103448
dB max = 0.07672413793103448
hk max = 0.010331966455186503
hk min = 0.010331966455186503
hz max = 0.044984533822496585
hz min = 0.032892680549819725
lambdaF max = 1.1601859892700086
lambdaF min = 0.01225494967187982
lambdaB max = 1.1701216747199674
lambdaB min = 0.01225494967187982
----------------------------------
----------------------------------
Iteration = 20
Distance = 0.0050207412637597315
v max = -0.42737174423522445
v min = -5.781591226437634
d max = 0.07672413793103448
d min = 0.07672413793103448
dF max = 0.07672413793103448
dB max = 0.07672413793103448
hk max = 0.010331966455186503
hk min = 0.010331966455186503
hz max = 0.04498755035707163
hz min = 0.03289336162445639
lambdaF max = 1.160251331020294
lambdaF min = 0.01225494967187982
lambdaB max = 1.1701883990227901
lambdaB min = 0.01225494967187982
----------------------------------
----------------------------------
Iteration = 21
Distance = 0.004156763303207356
v max = -0.4314086415997445
v min = -5.785747989740841
d max = 0.07672413793103448
d min = 0.07672413793103448
dF max = 0.07672413793103448
dB max = 0.07672413793103448
hk max = 0.010331966455186503
hk min = 0.010331966455186503
hz max = 0.04498942685804734
hz min = 0.03289378675874758
lambdaF max = 1.1602920426231156
lambdaF min = 0.01225494967187982
lambdaB max = 1.1702299710449129
lambdaB min = 0.01225494967187982
----------------------------------
----------------------------------
Iteration = 22
Distance = 0.003447052448597887
v max = -0.4347810549232
v min = -5.789195042189439
d max = 0.07672413793103448
d min = 0.07672413793103448
dF max = 0.07672413793103448
dB max = 0.07672413793103448
hk max = 0.010331966455186503
hk min = 0.010331966455186503
hz max = 0.0449905942941957
hz min = 0.03289405200333785
lambdaF max = 1.1603174058161092
lambdaF min = 0.01225494967187982
lambdaB max = 1.170255869799996
lambdaB min = 0.01225494967187982
----------------------------------
----------------------------------
Iteration = 23
Distance = 0.0028620164303747586
v max = -0.4375965945919241
v min = -5.792057058619814
d max = 0.07672413793103448
d min = 0.07672413793103448
dF max = 0.07672413793103448
dB max = 0.07672413793103448
hk max = 0.010331966455186503
hk min = 0.010331966455186503
hz max = 0.0449913206710179
hz min = 0.03289421742606949
lambdaF max = 1.1603332058114968
lambdaF min = 0.01225494967187982
lambdaB max = 1.1702720031930862
lambdaB min = 0.01225494967187982
----------------------------------
----------------------------------
Iteration = 24
Distance = 0.002378462043778562
v max = -0.43994611609845347
v min = -5.794435520663592
d max = 0.07672413793103448
d min = 0.07672413793103448
dF max = 0.07672413793103448
dB max = 0.07672413793103448
hk max = 0.010331966455186503
hk min = 0.010331966455186503
hz max = 0.044991772666815574
hz min = 0.03289432056143903
lambdaF max = 1.1603430478322645
lambdaF min = 0.01225494967187982
lambdaB max = 1.1702820527792839
lambdaB min = 0.01225494967187982
----------------------------------
----------------------------------
Iteration = 25
Distance = 0.0019779739327780987
v max = -0.441906068963723
v min = -5.79641349459637
d max = 0.07672413793103448
d min = 0.07672413793103448
dF max = 0.07672413793103448
dB max = 0.07672413793103448
hk max = 0.010331966455186503
hk min = 0.010331966455186503
hz max = 0.04499205395296219
hz min = 0.03289438484702201
lambdaF max = 1.1603491782671072
lambdaF min = 0.01225494967187982
lambdaB max = 1.1702883124482357
lambdaB min = 0.01225494967187982
----------------------------------
----------------------------------
Iteration = 26
Distance = 0.0016457733919565953
v max = -0.4435406206561092
v min = -5.798059267988327
d max = 0.07672413793103448
d min = 0.07672413793103448
dF max = 0.07672413793103448
dB max = 0.07672413793103448
hk max = 0.010331966455186503
hk min = 0.010331966455186503
hz max = 0.044992229018646586
hz min = 0.03289442490941714
lambdaF max = 1.1603529966736381
lambdaF min = 0.01225494967187982
lambdaB max = 1.170292211322613
lambdaB min = 0.01225494967187982
----------------------------------
----------------------------------
Iteration = 27
Distance = 0.0013698977950031832
v max = -0.4449035306359333
v min = -5.79942916578333
d max = 0.07672413793103448
d min = 0.07672413793103448
dF max = 0.07672413793103448
dB max = 0.07672413793103448
hk max = 0.010331966455186503
hk min = 0.010331966455186503
hz max = 0.044992337984195996
hz min = 0.032894449872386274
lambdaF max = 1.1603553749385391
lambdaF min = 0.01225494967187982
lambdaB max = 1.1702946396928342
lambdaB min = 0.01225494967187982
----------------------------------
----------------------------------
Iteration = 28
Distance = 0.0011405978709824183
v max = -0.4460397771079418
v min = -5.8005697636543125
d max = 0.07672413793103448
d min = 0.07672413793103448
dF max = 0.07672413793103448
dB max = 0.07672413793103448
hk max = 0.010331966455186503
hk min = 0.010331966455186503
hz max = 0.04499240581227687
hz min = 0.03289446542509353
lambdaF max = 1.1603568561873416
lambdaF min = 0.01225494967187982
lambdaB max = 1.17029615214201
lambdaB min = 0.01225494967187982
----------------------------------
----------------------------------
Iteration = 29
Distance = 0.0009498858516279185
v max = -0.4469869532611512
v min = -5.8015196495059405
d max = 0.07672413793103448
d min = 0.07672413793103448
dF max = 0.07672413793103448
dB max = 0.07672413793103448
hk max = 0.010331966455186503
hk min = 0.010331966455186503
hz max = 0.04499244803619052
hz min = 0.03289447511405442
lambdaF max = 1.160357778732373
lambdaF min = 0.01225494967187982
lambdaB max = 1.1702970941158106
lambdaB min = 0.01225494967187982
----------------------------------
----------------------------------
Iteration = 30
Distance = 0.0007911902798296566
v max = -0.44777645614402906
v min = -5.80231083978577
d max = 0.07672413793103448
d min = 0.07672413793103448
dF max = 0.07672413793103448
dB max = 0.07672413793103448
hk max = 0.010331966455186503
hk min = 0.010331966455186503
hz max = 0.044992474322693154
hz min = 0.03289448114962691
lambdaF max = 1.1603583532991608
lambdaF min = 0.01225494967187982
lambdaB max = 1.1702976807812688
lambdaB min = 0.01225494967187982
----------------------------------
----------------------------------
Iteration = 31
Distance = 0.000659087849589568
v max = -0.44843449319999396
v min = -5.80296992763536
d max = 0.07672413793103448
d min = 0.07672413793103448
dF max = 0.07672413793103448
dB max = 0.07672413793103448
hk max = 0.010331966455186503
hk min = 0.010331966455186503
hz max = 0.04499249068819846
hz min = 0.03289448490917836
lambdaF max = 1.1603587111384972
lambdaF min = 0.01225494967187982
lambdaB max = 1.1702980461548362
lambdaB min = 0.01225494967187982
----------------------------------
----------------------------------
Iteration = 32
Distance = 0.0005490920687138967
v max = -0.4489829309022089
v min = -5.803519019704074
d max = 0.07672413793103448
d min = 0.07672413793103448
dF max = 0.07672413793103448
dB max = 0.07672413793103448
hk max = 0.010331966455186503
hk min = 0.010331966455186503
hz max = 0.04499250087751766
hz min = 0.03289448725089996
lambdaF max = 1.1603589339981253
lambdaF min = 0.01225494967187982
lambdaB max = 1.1702982737062775
lambdaB min = 0.01225494967187982
----------------------------------
----------------------------------
Iteration = 33
Distance = 0.0004574846903659946
v max = -0.44944000809246915
v min = -5.80397650439444
d max = 0.07672413793103448
d min = 0.07672413793103448
dF max = 0.07672413793103448
dB max = 0.07672413793103448
hk max = 0.010331966455186503
hk min = 0.010331966455186503
hz max = 0.04499250722172899
hz min = 0.03289448870944416
lambdaF max = 1.1603590727921669
lambdaF min = 0.01225494967187982
lambdaB max = 1.1702984154220701
lambdaB min = 0.01225494967187982
----------------------------------
----------------------------------
Iteration = 34
Distance = 0.00038117993443176346
v max = -0.44982093425879677
v min = -5.804357684328871
d max = 0.07672413793103448
d min = 0.07672413793103448
dF max = 0.07672413793103448
dB max = 0.07672413793103448
hk max = 0.010331966455186503
hk min = 0.010331966455186503
hz max = 0.04499251117197634
hz min = 0.032894489617876416
lambdaF max = 1.1603591592308118
lambdaF min = 0.01225494967187982
lambdaB max = 1.170298503680253
lambdaB min = 0.01225494967187982
----------------------------------
----------------------------------
Iteration = 35
Distance = 0.0003176142602843157
v max = -0.45013839048575655
v min = -5.804675298589156
d max = 0.07672413793103448
d min = 0.07672413793103448
dF max = 0.07672413793103448
dB max = 0.07672413793103448
hk max = 0.010331966455186503
hk min = 0.010331966455186503
hz max = 0.04499251363168723
hz min = 0.03289449018366732
lambdaF max = 1.1603592130631208
lambdaF min = 0.01225494967187982
lambdaB max = 1.1702985586457453
lambdaB min = 0.01225494967187982
----------------------------------
----------------------------------
Iteration = 36
Distance = 0.00026465632891170543
v max = -0.4504029483994592
v min = -5.804939954918067
d max = 0.07672413793103448
d min = 0.07672413793103448
dF max = 0.07672413793103448
dB max = 0.07672413793103448
hk max = 0.010331966455186503
hk min = 0.010331966455186503
hz max = 0.04499251516331551
hz min = 0.03289449053604802
lambdaF max = 1.1603592465886137
lambdaF min = 0.01225494967187982
lambdaB max = 1.1702985928768286
lambdaB min = 0.01225494967187982
----------------------------------
----------------------------------
Iteration = 37
Distance = 0.0002205331032127944
v max = -0.4506234202143743
v min = -5.80516048802128
d max = 0.07672413793103448
d min = 0.07672413793103448
dF max = 0.07672413793103448
dB max = 0.07672413793103448
hk max = 0.010331966455186503
hk min = 0.010331966455186503
hz max = 0.044992516117061274
hz min = 0.0328944907555115
lambdaF max = 1.1603592674674355
lambdaF min = 0.01225494967187982
lambdaB max = 1.1702986141952028
lambdaB min = 0.01225494967187982
----------------------------------
----------------------------------
Iteration = 38
Distance = 0.00018376896902250195
v max = -0.45080715101585517
v min = -5.805344256990303
d max = 0.07672413793103448
d min = 0.07672413793103448
dF max = 0.07672413793103448
dB max = 0.07672413793103448
hk max = 0.010331966455186503
hk min = 0.010331966455186503
hz max = 0.04499251671096948
hz min = 0.032894490892192305
lambdaF max = 1.1603592804702376
lambdaF min = 0.01225494967187982
lambdaB max = 1.1702986274716067
lambdaB min = 0.01225494967187982
----------------------------------
----------------------------------
Iteration = 39
Distance = 0.00015313544145900693
v max = -0.45096026268825323
v min = -5.805497392431762
d max = 0.07672413793103448
d min = 0.07672413793103448
dF max = 0.07672413793103448
dB max = 0.07672413793103448
hk max = 0.010331966455186503
hk min = 0.010331966455186503
hz max = 0.044992517080802714
hz min = 0.0328944909773156
lambdaF max = 1.1603592885679626
lambdaF min = 0.01225494967187982
lambdaB max = 1.1702986357397742
lambdaB min = 0.01225494967187982
----------------------------------
----------------------------------
Iteration = 40
Distance = 0.0001276095262507937
v max = -0.4510878574121393
v min = -5.8056250019580125
d max = 0.07672413793103448
d min = 0.07672413793103448
dF max = 0.07672413793103448
dB max = 0.07672413793103448
hk max = 0.010331966455186503
hk min = 0.010331966455186503
hz max = 0.04499251731111207
hz min = 0.03289449103032924
lambdaF max = 1.160359293611021
lambdaF min = 0.01225494967187982
lambdaB max = 1.1702986408889713
lambdaB min = 0.01225494967187982
----------------------------------
----------------------------------
Iteration = 41
Distance = 0.00010633919090263788
v max = -0.4511941873847363
v min = -5.805731341148915
d max = 0.07672413793103448
d min = 0.07672413793103448
dF max = 0.07672413793103448
dB max = 0.07672413793103448
hk max = 0.010331966455186503
hk min = 0.010331966455186503
hz max = 0.04499251745453273
hz min = 0.03289449106334492
lambdaF max = 1.1603592967516876
lambdaF min = 0.01225494967187982
lambdaB max = 1.1702986440957064
lambdaB min = 0.01225494967187982
----------------------------------
----------------------------------
Iteration = 42
Distance = 8.861469648202558e-5
v max = -0.4512827963404471
v min = -5.805819955845397
d max = 0.07672413793103448
d min = 0.07672413793103448
dF max = 0.07672413793103448
dB max = 0.07672413793103448
hk max = 0.010331966455186503
hk min = 0.010331966455186503
hz max = 0.0449925175438417
hz min = 0.032894491083906754
lambdaF max = 1.1603592987076194
lambdaF min = 0.01225494967187982
lambdaB max = 1.1702986460927987
lambdaB min = 0.01225494967187982
----------------------------------
----------------------------------
Iteration = 43
Distance = 7.384477338767681e-5
v max = -0.45135663753869243
v min = -5.805893800618785
d max = 0.07672413793103448
d min = 0.07672413793103448
dF max = 0.07672413793103448
dB max = 0.07672413793103448
hk max = 0.010331966455186503
hk min = 0.010331966455186503
hz max = 0.044992517599464335
hz min = 0.03289449109671178
lambdaF max = 1.1603592999256567
lambdaF min = 0.01225494967187982
lambdaB max = 1.1702986473365118
lambdaB min = 0.01225494967187982
----------------------------------
----------------------------------
Iteration = 44
Distance = 6.153680856701982e-5
v max = -0.4514181721208082
v min = -5.805955337427352
d max = 0.07672413793103448
d min = 0.07672413793103448
dF max = 0.07672413793103448
dB max = 0.07672413793103448
hk max = 0.010331966455186503
hk min = 0.010331966455186503
hz max = 0.044992517634099026
hz min = 0.03289449110468688
lambdaF max = 1.160359300684256
lambdaF min = 0.01225494967187982
lambdaB max = 1.1702986481110755
lambdaB min = 0.01225494967187982
----------------------------------
----------------------------------
Iteration = 45
Distance = 5.128036082613363e-5
v max = -0.45146945109508385
v min = -5.806006617788178
d max = 0.07672413793103448
d min = 0.07672413793103448
dF max = 0.07672413793103448
dB max = 0.07672413793103448
hk max = 0.010331966455186503
hk min = 0.010331966455186503
hz max = 0.04499251765567022
hz min = 0.03289449110965301
lambdaF max = 1.1603593011566968
lambdaF min = 0.01225494967187982
lambdaB max = 1.1702986485934226
lambdaB min = 0.01225494967187982
----------------------------------
----------------------------------
Iteration = 46
Distance = 4.273343911354033e-5
v max = -0.45151218367070156
v min = -5.8060493512272915
d max = 0.07672413793103448
d min = 0.07672413793103448
dF max = 0.07672413793103448
dB max = 0.07672413793103448
hk max = 0.010331966455186503
hk min = 0.010331966455186503
hz max = 0.04499251766910342
hz min = 0.03289449111274594
lambdaF max = 1.1603593014508693
lambdaF min = 0.01225494967187982
lambdaB max = 1.1702986488937823
lambdaB min = 0.01225494967187982
----------------------------------
----------------------------------
Iteration = 47
Distance = 3.5611077874087016e-5
v max = -0.45154779421082764
v min = -5.806084962305166
d max = 0.07672413793103448
d min = 0.07672413793103448
dF max = 0.07672413793103448
dB max = 0.07672413793103448
hk max = 0.010331966455186503
hk min = 0.010331966455186503
hz max = 0.04499251767746875
hz min = 0.032894491114672374
lambdaF max = 1.1603593016340645
lambdaF min = 0.01225494967187982
lambdaB max = 1.1702986490808553
lambdaB min = 0.01225494967187982
----------------------------------
----------------------------------
Iteration = 48
Distance = 2.9675822625030435e-5
v max = -0.45157746969857326
v min = -5.806114638127791
d max = 0.07672413793103448
d min = 0.07672413793103448
dF max = 0.07672413793103448
dB max = 0.07672413793103448
hk max = 0.010331966455186503
hk min = 0.010331966455186503
hz max = 0.044992517682676696
hz min = 0.03289449111587175
lambdaF max = 1.160359301748191
lambdaF min = 0.01225494967187982
lambdaB max = 1.170298649197355
lambdaB min = 0.01225494967187982
----------------------------------
----------------------------------
Iteration = 49
Distance = 2.4729805126355586e-5
v max = -0.4516021992951366
v min = -5.806139367932917
d max = 0.07672413793103448
d min = 0.07672413793103448
dF max = 0.07672413793103448
dB max = 0.07672413793103448
hk max = 0.010331966455186503
hk min = 0.010331966455186503
hz max = 0.04499251768591903
hz min = 0.03289449111661889
lambdaF max = 1.1603593018191931
lambdaF min = 0.01225494967187982
lambdaB max = 1.1702986492698944
lambdaB min = 0.01225494967187982
----------------------------------
----------------------------------
Iteration = 50
Distance = 2.060814161986002e-5
v max = -0.4516228073068717
v min = -5.806159976074537
d max = 0.07672413793103448
d min = 0.07672413793103448
dF max = 0.07672413793103448
dB max = 0.07672413793103448
hk max = 0.010331966455186503
hk min = 0.010331966455186503
hz max = 0.04499251768794205
hz min = 0.03289449111708418
lambdaF max = 1.1603593018634404
lambdaF min = 0.01225494967187982
lambdaB max = 1.170298649315134
lambdaB min = 0.01225494967187982
----------------------------------
----------------------------------
Iteration = 51
Distance = 1.717343309515229e-5
v max = -0.4516399806590774
v min = -5.806177149507632
d max = 0.07672413793103448
d min = 0.07672413793103448
dF max = 0.07672413793103448
dB max = 0.07672413793103448
hk max = 0.010331966455186503
hk min = 0.010331966455186503
hz max = 0.044992517689202705
hz min = 0.032894491117373935
lambdaF max = 1.1603593018910365
lambdaF min = 0.01225494967187982
lambdaB max = 1.1702986493432448
lambdaB min = 0.01225494967187982
----------------------------------
----------------------------------
Iteration = 52
Distance = 1.4311182873427697e-5
v max = -0.4516542917915777
v min = -5.806191460690505
d max = 0.07672413793103448
d min = 0.07672413793103448
dF max = 0.07672413793103448
dB max = 0.07672413793103448
hk max = 0.010331966455186503
hk min = 0.010331966455186503
hz max = 0.044992517689988035
hz min = 0.032894491117554193
lambdaF max = 1.1603593019082181
lambdaF min = 0.01225494967187982
lambdaB max = 1.170298649360779
lambdaB min = 0.01225494967187982
----------------------------------
----------------------------------
Iteration = 53
Distance = 1.1925978652627123e-5
v max = -0.45166621773885524
v min = -5.806203386669158
d max = 0.07672413793103448
d min = 0.07672413793103448
dF max = 0.07672413793103448
dB max = 0.07672413793103448
hk max = 0.010331966455186503
hk min = 0.010331966455186503
hz max = 0.04499251769047484
hz min = 0.03289449111766657
lambdaF max = 1.1603593019189133
lambdaF min = 0.01225494967187982
lambdaB max = 1.1702986493716678
lambdaB min = 0.01225494967187982
----------------------------------
----------------------------------
Iteration = 54
Distance = 9.93831112428012e-6
v max = -0.45167615603044714
v min = -5.806213324980282
d max = 0.07672413793103448
d min = 0.07672413793103448
dF max = 0.07672413793103448
dB max = 0.07672413793103448
hk max = 0.010331966455186503
hk min = 0.010331966455186503
hz max = 0.04499251769077336
hz min = 0.032894491117736895
lambdaF max = 1.1603593019254927
lambdaF min = 0.01225494967187982
lambdaB max = 1.1702986493784382
lambdaB min = 0.01225494967187982
----------------------------------
    Value Function Converged, Iteration = 54 with gamma=5.0 with rho=1.0 and v=-2.724524193115864
    Natural boundary condition
=============================================================
Convegence time (minutes): 0.11618643991666668
Current Time = 15:59:59
grid points for z:  401
grid size for z:  0.025
-0.060781399243402826
-0.21545916657371444
--- 8.721914052963257 seconds for the elasticity computation ---
-0.010175526027855148
-0.08893372777313188
--- 0.2313838005065918 seconds for the elasticity computation ---
-0.021224722199501094
-0.12652543880058253
--- 0.23139190673828125 seconds for the elasticity computation ---
-0.1405411127405437
-0.2228981824214487
--- 0.23090481758117676 seconds for the elasticity computation ---
Current Time = 16:00:11
grid points for z:  401
grid size for z:  0.025
rho = 1
0.05975971349714089
--- 8.590193748474121 seconds for the elasticity computation ---
0.0
--- 0.06841468811035156 seconds for the elasticity computation ---
0.05975971349714089
--- 0.0672144889831543 seconds for the elasticity computation ---
0.0
--- 0.06728887557983398 seconds for the elasticity computation ---
0.0
--- 0.06745576858520508 seconds for the elasticity computation ---
0.05975971349714089
0.007439015847734282
--- 0.06743884086608887 seconds for the elasticity computation ---
0.05975971349714089
0.007439015847734282
--- 0.06733345985412598 seconds for the elasticity computation ---
0.05975971349714089
0.007439015847734282
--- 0.06809663772583008 seconds for the elasticity computation ---
0.05975971349714089
0.007439015847734282
--- 0.06952834129333496 seconds for the elasticity computation ---
parsed_args = parse_commandline() = Dict{String, Any}("dataname" => "upper_triangular_four_ambiguous_parameters", "clowerlim" => 0.0001, "delta" => 0.02, "boundary" => 0, "Delta" => 10.0, "q" => 0.05, "zmax" => 5.0, "logadjustment" => 1, "zscale" => 2.0, "foc" => 1, "distorted" => 0, "rho" => 1.0, "gamma" => 5.0)
=============================================================
./output/upper_triangular_four_ambiguous_parameters/Delta_10.0_distorted_0/logadjustment_1_boundary_0/zmax_5.0_zscale_2.0/delta_0.02/q_0.05_gamma_5.0_rho_1.0/
=============================================================
solve for structured linear system 
structured_relative_entropy = 0.05064735162638118
=============================================================
solve for unstructured linear system 
q_update = 0.17408028840895334
=============================================================
parsed_args = parse_commandline() = Dict{String, Any}("dataname" => "upper_triangular_four_ambiguous_parameters", "clowerlim" => 0.0001, "delta" => 0.02, "boundary" => 0, "Delta" => 10.0, "q" => 0.05, "zmax" => 5.0, "logadjustment" => 1, "zscale" => 2.0, "foc" => 1, "distorted" => 0, "rho" => 1.0, "gamma" => 5.0)
=============================================================
./output/upper_triangular_four_ambiguous_parameters/Delta_10.0_distorted_0/logadjustment_1_boundary_0/zmax_5.0_zscale_2.0/delta_0.02/q_0.05_gamma_5.0_rho_1.0/
=============================================================
solve for structured linear system 
structured_relative_entropy = 0.05064735162638118
=============================================================
solve for unstructured linear system 
q_update = 0.17408028840895337
=============================================================
Program ends Fri Jan 19 16:00:53 CST 2024
Elapsed time: 0 days 00 hr 01 min 23 sec
