D_10.0_distorted_0_boundary_1_delta_0.015_gamma_1.0_q_0.1_rho_1.0_upper_triangular_two_ambiguous_parameters
Program starts Fri Jan 19 22:18:52 CST 2024
parsed_args = parse_commandline() = Dict{String, Any}("dataname" => "upper_triangular_two_ambiguous_parameters", "clowerlim" => 0.0001, "delta" => 0.015, "boundary" => 1, "Delta" => 10.0, "q" => 0.1, "zmax" => 5.0, "logadjustment" => 1, "zscale" => 2.0, "foc" => 1, "distorted" => 0, "rho" => 1.0, "gamma" => 1.0)
=============================================================
logadjustment: true
reflective_boundary: true
0.1002
U: [1.0331966455186503 0.4546065240282061; 0.0 0.06463435618925897]
L: [1.0331966455186503 0.0; 0.4546065240282061 0.06463435618925897]
[-2.220446049250313e-16 0.0; 0.0 0.0]
sigma_k: [0.010331966455186503, 0.004546065240282061]
sigma_z: [0.0, 0.06463435618925897]
Compute value function WITH ROBUSTNESS
computing undistorted version...
zmax = 5.0, zmin = -5.0, zlength = 401
reflective boundary condition
----------------------------------
Iteration = 1
Distance = 1.224481479462141
v max = -0.8887494418652907
v min = -3.224481479462141
d max = 0.07607142857142857
d min = 0.07607142857142857
dF max = 0.07607142857142857
dB max = 0.07607142857142857
hk max = 0.010331966455186503
hk min = 0.010331966455186503
hz max = 0.004546065240282061
hz min = 0.004546065240282061
lambdaF max = Inf
lambdaF min = 0.004177590819662042
lambdaB max = Inf
lambdaB min = 0.004177590819662042
----------------------------------
----------------------------------
Iteration = 2
Distance = 1.0318488189174904
v max = -0.7317691247666601
v min = -4.256330298379631
d max = 0.07607142857142857
d min = 0.07607142857142857
dF max = 0.07607142857142857
dB max = 0.07607142857142857
hk max = 0.010331966455186503
hk min = 0.010331966455186503
hz max = 0.019665212886895073
hz min = 0.01622577100509957
lambdaF max = Inf
lambdaF min = 0.004177590819662042
lambdaB max = Inf
lambdaB min = 0.004177590819662042
----------------------------------
----------------------------------
Iteration = 3
Distance = 0.7282543080707615
v max = -0.6724411023374336
v min = -4.984584606450393
d max = 0.07607142857142857
d min = 0.07607142857142857
dF max = 0.07607142857142857
dB max = 0.07607142857142857
hk max = 0.010331966455186503
hk min = 0.010331966455186503
hz max = 0.03239579843959396
hz min = 0.020386030338381756
lambdaF max = Inf
lambdaF min = 0.004177590819662042
lambdaB max = Inf
lambdaB min = 0.004177590819662042
----------------------------------
----------------------------------
Iteration = 4
Distance = 0.5199365174869017
v max = -0.6711943397874242
v min = -5.504521123937295
d max = 0.07607142857142857
d min = 0.07607142857142857
dF max = 0.07607142857142857
dB max = 0.07607142857142857
hk max = 0.010331966455186503
hk min = 0.010331966455186503
hz max = 0.041278213384417686
hz min = 0.020251707495353023
lambdaF max = Inf
lambdaF min = 0.004177590819662042
lambdaB max = Inf
lambdaB min = 0.004177590819662042
----------------------------------
----------------------------------
Iteration = 5
Distance = 0.37831607805444545
v max = -0.6921404072049383
v min = -5.88283720199174
d max = 0.07607142857142857
d min = 0.07607142857142857
dF max = 0.07607142857142857
dB max = 0.07607142857142857
hk max = 0.010331966455186503
hk min = 0.010331966455186503
hz max = 0.04753123096414037
hz min = 0.02168238709223375
lambdaF max = Inf
lambdaF min = 0.004177590819662042
lambdaB max = Inf
lambdaB min = 0.004177590819662042
----------------------------------
----------------------------------
Iteration = 6
Distance = 0.27784121510227067
v max = -0.7186018372009336
v min = -6.160678417094011
d max = 0.07607142857142857
d min = 0.07607142857142857
dF max = 0.07607142857142857
dB max = 0.07607142857142857
hk max = 0.010331966455186503
hk min = 0.010331966455186503
hz max = 0.05200654751691051
hz min = 0.0212160855198003
lambdaF max = Inf
lambdaF min = 0.004177590819662042
lambdaB max = Inf
lambdaB min = 0.004177590819662042
----------------------------------
----------------------------------
Iteration = 7
Distance = 0.20540998377114583
v max = -0.7483735604544037
v min = -6.366088400865157
d max = 0.07607142857142857
d min = 0.07607142857142857
dF max = 0.07607142857142857
dB max = 0.07607142857142857
hk max = 0.010331966455186503
hk min = 0.010331966455186503
hz max = 0.0552274125927369
hz min = 0.021774952033142513
lambdaF max = Inf
lambdaF min = 0.004177590819662042
lambdaB max = Inf
lambdaB min = 0.004177590819662042
----------------------------------
----------------------------------
Iteration = 8
Distance = 0.15280117760403122
v max = -0.7763526225052315
v min = -6.518889578469188
d max = 0.07607142857142857
d min = 0.07607142857142857
dF max = 0.07607142857142857
dB max = 0.07607142857142857
hk max = 0.010331966455186503
hk min = 0.010331966455186503
hz max = 0.05754962092585824
hz min = 0.02152861250297403
lambdaF max = Inf
lambdaF min = 0.004177590819662042
lambdaB max = Inf
lambdaB min = 0.004177590819662042
----------------------------------
----------------------------------
Iteration = 9
Distance = 0.1144042808444734
v max = -0.8035527913413448
v min = -6.633293859313661
d max = 0.07607142857142857
d min = 0.07607142857142857
dF max = 0.07607142857142857
dB max = 0.07607142857142857
hk max = 0.010331966455186503
hk min = 0.010331966455186503
hz max = 0.0592242970684266
hz min = 0.02176349242447947
lambdaF max = Inf
lambdaF min = 0.004177590819662042
lambdaB max = Inf
lambdaB min = 0.004177590819662042
----------------------------------
----------------------------------
Iteration = 10
Distance = 0.08626692824235249
v max = -0.8275880526146179
v min = -6.719560787556014
d max = 0.07607142857142857
d min = 0.07607142857142857
dF max = 0.07607142857142857
dB max = 0.07607142857142857
hk max = 0.010331966455186503
hk min = 0.010331966455186503
hz max = 0.060431139484162
hz min = 0.021657476294642455
lambdaF max = Inf
lambdaF min = 0.004177590819662042
lambdaB max = Inf
lambdaB min = 0.004177590819662042
----------------------------------
----------------------------------
Iteration = 11
Distance = 0.06556496145715407
v max = -0.8499427392251164
v min = -6.785125749013168
d max = 0.07607142857142857
d min = 0.07607142857142857
dF max = 0.07607142857142857
dB max = 0.07607142857142857
hk max = 0.010331966455186503
hk min = 0.010331966455186503
hz max = 0.06129972002910826
hz min = 0.021747512017937457
lambdaF max = Inf
lambdaF min = 0.004177590819662042
lambdaB max = Inf
lambdaB min = 0.004177590819662042
----------------------------------
----------------------------------
Iteration = 12
Distance = 0.050265956789044886
v max = -0.8693016714991613
v min = -6.835391705802213
d max = 0.07607142857142857
d min = 0.07607142857142857
dF max = 0.07607142857142857
dB max = 0.07607142857142857
hk max = 0.010331966455186503
hk min = 0.010331966455186503
hz max = 0.061923775248836965
hz min = 0.021713396982859484
lambdaF max = Inf
lambdaF min = 0.004177590819662042
lambdaB max = Inf
lambdaB min = 0.004177590819662042
----------------------------------
----------------------------------
Iteration = 13
Distance = 0.03890171908110318
v max = -0.886932101929079
v min = -6.874293424883316
d max = 0.07607142857142857
d min = 0.07607142857142857
dF max = 0.07607142857142857
dB max = 0.07607142857142857
hk max = 0.010331966455186503
hk min = 0.010331966455186503
hz max = 0.06237123069350947
hz min = 0.021739117234198243
lambdaF max = Inf
lambdaF min = 0.004177590819662042
lambdaB max = Inf
lambdaB min = 0.004177590819662042
----------------------------------
----------------------------------
Iteration = 14
Distance = 0.030409432398785796
v max = -0.9020866450851113
v min = -6.904702857282102
d max = 0.07607142857142857
d min = 0.07607142857142857
dF max = 0.07607142857142857
dB max = 0.07607142857142857
hk max = 0.010331966455186503
hk min = 0.010331966455186503
hz max = 0.06269133085231961
hz min = 0.021736922785695646
lambdaF max = Inf
lambdaF min = 0.004177590819662042
lambdaB max = Inf
lambdaB min = 0.004177590819662042
----------------------------------
----------------------------------
Iteration = 15
Distance = 0.02401879796260964
v max = -0.915722774881605
v min = -6.928721655244711
d max = 0.07607142857142857
d min = 0.07607142857142857
dF max = 0.07607142857142857
dB max = 0.07607142857142857
hk max = 0.010331966455186503
hk min = 0.010331966455186503
hz max = 0.06291976187546598
hz min = 0.021736338980764346
lambdaF max = Inf
lambdaF min = 0.004177590819662042
lambdaB max = Inf
lambdaB min = 0.004177590819662042
----------------------------------
----------------------------------
Iteration = 16
Distance = 0.01917105595229973
v max = -0.9274170852061824
v min = -6.947892711197011
d max = 0.07607142857142857
d min = 0.07607142857142857
dF max = 0.07607142857142857
dB max = 0.07607142857142857
hk max = 0.010331966455186503
hk min = 0.010331966455186503
hz max = 0.06308235607031076
hz min = 0.021745940139029144
lambdaF max = Inf
lambdaF min = 0.004177590819662042
lambdaB max = Inf
lambdaB min = 0.004177590819662042
----------------------------------
----------------------------------
Iteration = 17
Distance = 0.015460564318487968
v max = -0.9378544063304209
v min = -6.963353275515499
d max = 0.07607142857142857
d min = 0.07607142857142857
dF max = 0.07607142857142857
dB max = 0.07607142857142857
hk max = 0.010331966455186503
hk min = 0.010331966455186503
hz max = 0.06319778210934493
hz min = 0.021736473492605414
lambdaF max = Inf
lambdaF min = 0.004177590819662042
lambdaB max = Inf
lambdaB min = 0.004177590819662042
----------------------------------
----------------------------------
Iteration = 18
Distance = 0.012592530694592874
v max = -0.9468091918704036
v min = -6.975945806210092
d max = 0.07607142857142857
d min = 0.07607142857142857
dF max = 0.07607142857142857
dB max = 0.07607142857142857
hk max = 0.010331966455186503
hk min = 0.010331966455186503
hz max = 0.06327950370379523
hz min = 0.02174857491392438
lambdaF max = Inf
lambdaF min = 0.004177590819662042
lambdaB max = Inf
lambdaB min = 0.004177590819662042
----------------------------------
----------------------------------
Iteration = 19
Distance = 0.01035239538630961
v max = -0.9547513443728628
v min = -6.9862982015964015
d max = 0.07607142857142857
d min = 0.07607142857142857
dF max = 0.07607142857142857
dB max = 0.07607142857142857
hk max = 0.010331966455186503
hk min = 0.010331966455186503
hz max = 0.06333720749970247
hz min = 0.02173781964672937
lambdaF max = Inf
lambdaF min = 0.004177590819662042
lambdaB max = Inf
lambdaB min = 0.004177590819662042
----------------------------------
----------------------------------
Iteration = 20
Distance = 0.00858365234571501
v max = -0.9615783876962051
v min = -6.9948818539421165
d max = 0.07607142857142857
d min = 0.07607142857142857
dF max = 0.07607142857142857
dB max = 0.07607142857142857
hk max = 0.010331966455186503
hk min = 0.010331966455186503
hz max = 0.06337784425302444
hz min = 0.02174858710184895
lambdaF max = Inf
lambdaF min = 0.004177590819662042
lambdaB max = Inf
lambdaB min = 0.004177590819662042
----------------------------------
----------------------------------
Iteration = 21
Distance = 0.007171792861439208
v max = -0.9676016762566063
v min = -7.002053646803556
d max = 0.07607142857142857
d min = 0.07607142857142857
dF max = 0.07607142857142857
dB max = 0.07607142857142857
hk max = 0.010331966455186503
hk min = 0.010331966455186503
hz max = 0.06340638749916745
hz min = 0.02173945509804759
lambdaF max = Inf
lambdaF min = 0.004177590819662042
lambdaB max = Inf
lambdaB min = 0.004177590819662042
----------------------------------
----------------------------------
Iteration = 22
Distance = 0.006032693884577611
v max = -0.9727930567247015
v min = -7.008086340688133
d max = 0.07607142857142857
d min = 0.07607142857142857
dF max = 0.07607142857142857
dB max = 0.07607142857142857
hk max = 0.010331966455186503
hk min = 0.010331966455186503
hz max = 0.06342638557773944
hz min = 0.021747704390216144
lambdaF max = Inf
lambdaF min = 0.004177590819662042
lambdaB max = Inf
lambdaB min = 0.004177590819662042
----------------------------------
----------------------------------
Iteration = 23
Distance = 0.005104230877741145
v max = -0.9773524064745188
v min = -7.013190571565874
d max = 0.07607142857142857
d min = 0.07607142857142857
dF max = 0.07607142857142857
dB max = 0.07607142857142857
hk max = 0.010331966455186503
hk min = 0.010331966455186503
hz max = 0.06344036247939246
hz min = 0.02174094607170988
lambdaF max = Inf
lambdaF min = 0.004177590819662042
lambdaB max = Inf
lambdaB min = 0.004177590819662042
----------------------------------
----------------------------------
Iteration = 24
Distance = 0.004340226965048544
v max = -0.9812936913829357
v min = -7.017530798530923
d max = 0.07607142857142857
d min = 0.07607142857142857
dF max = 0.07607142857142857
dB max = 0.07607142857142857
hk max = 0.010331966455186503
hk min = 0.010331966455186503
hz max = 0.06345010818523471
hz min = 0.021746678759006755
lambdaF max = Inf
lambdaF min = 0.004177590819662042
lambdaB max = Inf
lambdaB min = 0.004177590819662042
----------------------------------
----------------------------------
Iteration = 25
Distance = 0.003706091889692509
v max = -0.984741294161675
v min = -7.0212368904206155
d max = 0.07607142857142857
d min = 0.07607142857142857
dF max = 0.07607142857142857
dB max = 0.07607142857142857
hk max = 0.010331966455186503
hk min = 0.010331966455186503
hz max = 0.06345688836116149
hz min = 0.02174213569070178
lambdaF max = Inf
lambdaF min = 0.004177590819662042
lambdaB max = Inf
lambdaB min = 0.004177590819662042
----------------------------------
----------------------------------
Iteration = 26
Distance = 0.0031756807915135354
v max = -0.987730387571886
v min = -7.024412571212129
d max = 0.07607142857142857
d min = 0.07607142857142857
dF max = 0.07607142857142857
dB max = 0.07607142857142857
hk max = 0.010331966455186503
hk min = 0.010331966455186503
hz max = 0.06346159533509663
hz min = 0.02174579828026352
lambdaF max = Inf
lambdaF min = 0.004177590819662042
lambdaB max = Inf
lambdaB min = 0.004177590819662042
----------------------------------
----------------------------------
Iteration = 27
Distance = 0.002729031781631086
v max = -0.9903359643253365
v min = -7.02714160299376
d max = 0.07607142857142857
d min = 0.07607142857142857
dF max = 0.07607142857142857
dB max = 0.07607142857142857
hk max = 0.010331966455186503
hk min = 0.010331966455186503
hz max = 0.06346485644238266
hz min = 0.021743006360184065
lambdaF max = Inf
lambdaF min = 0.004177590819662042
lambdaB max = Inf
lambdaB min = 0.004177590819662042
----------------------------------
----------------------------------
Iteration = 28
Distance = 0.0023507354477994014
v max = -0.9926012441060119
v min = -7.0294923384415595
d max = 0.07607142857142857
d min = 0.07607142857142857
dF max = 0.07607142857142857
dB max = 0.07607142857142857
hk max = 0.010331966455186503
hk min = 0.010331966455186503
hz max = 0.06346711151610576
hz min = 0.021745139846010952
lambdaF max = Inf
lambdaF min = 0.004177590819662042
lambdaB max = Inf
lambdaB min = 0.004177590819662042
----------------------------------
----------------------------------
Iteration = 29
Distance = 0.0020287580467748256
v max = -0.9945700606173115
v min = -7.031521096488334
d max = 0.07607142857142857
d min = 0.07607142857142857
dF max = 0.07607142857142857
dB max = 0.07607142857142857
hk max = 0.010331966455186503
hk min = 0.010331966455186503
hz max = 0.06346866812178528
hz min = 0.021743600420162816
lambdaF max = Inf
lambdaF min = 0.004177590819662042
lambdaB max = Inf
lambdaB min = 0.004177590819662042
----------------------------------
----------------------------------
Iteration = 30
Distance = 0.0017535900285592376
v max = -0.9962858293811463
v min = -7.033274686516894
d max = 0.07607142857142857
d min = 0.07607142857142857
dF max = 0.07607142857142857
dB max = 0.07607142857142857
hk max = 0.010331966455186503
hk min = 0.010331966455186503
hz max = 0.06346974079621888
hz min = 0.02174469196161225
lambdaF max = Inf
lambdaF min = 0.004177590819662042
lambdaB max = Inf
lambdaB min = 0.004177590819662042
----------------------------------
----------------------------------
Iteration = 31
Distance = 0.0015176277018396078
v max = -0.9977735137415905
v min = -7.034792314218733
d max = 0.07607142857142857
d min = 0.07607142857142857
dF max = 0.07607142857142857
dB max = 0.07607142857142857
hk max = 0.010331966455186503
hk min = 0.010331966455186503
hz max = 0.06347047883115103
hz min = 0.021743978691610696
lambdaF max = Inf
lambdaF min = 0.004177590819662042
lambdaB max = Inf
lambdaB min = 0.004177590819662042
----------------------------------
----------------------------------
Iteration = 32
Distance = 0.001314721981282574
v max = -0.9990724621378148
v min = -7.036107036200016
d max = 0.07607142857142857
d min = 0.07607142857142857
dF max = 0.07607142857142857
dB max = 0.07607142857142857
hk max = 0.010331966455186503
hk min = 0.010331966455186503
hz max = 0.06347098588305013
hz min = 0.021744412670589273
lambdaF max = Inf
lambdaF min = 0.004177590819662042
lambdaB max = Inf
lambdaB min = 0.004177590819662042
----------------------------------
----------------------------------
Iteration = 33
Distance = 0.0011398469802079703
v max = -1.0001967440304642
v min = -7.037246883180224
d max = 0.07607142857142857
d min = 0.07607142857142857
dF max = 0.07607142857142857
dB max = 0.07607142857142857
hk max = 0.010331966455186503
hk min = 0.010331966455186503
hz max = 0.06347133377118691
hz min = 0.021744200730677277
lambdaF max = Inf
lambdaF min = 0.004177590819662042
lambdaB max = Inf
lambdaB min = 0.004177590819662042
----------------------------------
----------------------------------
Iteration = 34
Distance = 0.0009888547249632396
v max = -1.0011797294267242
v min = -7.038235737905187
d max = 0.07607142857142857
d min = 0.07607142857142857
dF max = 0.07607142857142857
dB max = 0.07607142857142857
hk max = 0.010331966455186503
hk min = 0.010331966455186503
hz max = 0.06347157215781715
hz min = 0.021744255563664994
lambdaF max = Inf
lambdaF min = 0.004177590819662042
lambdaB max = Inf
lambdaB min = 0.004177590819662042
----------------------------------
----------------------------------
Iteration = 35
Distance = 0.0008582919417374768
v max = -1.002029553852582
v min = -7.0390940298469244
d max = 0.07607142857142857
d min = 0.07607142857142857
dF max = 0.07607142857142857
dB max = 0.07607142857142857
hk max = 0.010331966455186503
hk min = 0.010331966455186503
hz max = 0.06347173532042283
hz min = 0.02174431673002362
lambdaF max = Inf
lambdaF min = 0.004177590819662042
lambdaB max = Inf
lambdaB min = 0.004177590819662042
----------------------------------
----------------------------------
Iteration = 36
Distance = 0.0007452617712750964
v max = -1.0027731608916208
v min = -7.0398392916181995
d max = 0.07607142857142857
d min = 0.07607142857142857
dF max = 0.07607142857142857
dB max = 0.07607142857142857
hk max = 0.010331966455186503
hk min = 0.010331966455186503
hz max = 0.06347184687698634
hz min = 0.021744180265815236
lambdaF max = Inf
lambdaF min = 0.004177590819662042
lambdaB max = Inf
lambdaB min = 0.004177590819662042
----------------------------------
----------------------------------
Iteration = 37
Distance = 0.0006473181855470855
v max = -1.0034156802350283
v min = -7.040486609803747
d max = 0.07607142857142857
d min = 0.07607142857142857
dF max = 0.07607142857142857
dB max = 0.07607142857142857
hk max = 0.010331966455186503
hk min = 0.010331966455186503
hz max = 0.06347192307481463
hz min = 0.02174436538356711
lambdaF max = Inf
lambdaF min = 0.004177590819662042
lambdaB max = Inf
lambdaB min = 0.004177590819662042
----------------------------------
----------------------------------
Iteration = 38
Distance = 0.0005625150852939242
v max = -1.0039780203592663
v min = -7.041048994179629
d max = 0.07607142857142857
d min = 0.07607142857142857
dF max = 0.07607142857142857
dB max = 0.07607142857142857
hk max = 0.010331966455186503
hk min = 0.010331966455186503
hz max = 0.0634719750741786
hz min = 0.021744155543108226
lambdaF max = Inf
lambdaF min = 0.004177590819662042
lambdaB max = Inf
lambdaB min = 0.004177590819662042
----------------------------------
----------------------------------
Iteration = 39
Distance = 0.0004886888634665354
v max = -1.004463920172041
v min = -7.041537683043096
d max = 0.07607142857142857
d min = 0.07607142857142857
dF max = 0.07607142857142857
dB max = 0.07607142857142857
hk max = 0.010331966455186503
hk min = 0.010331966455186503
hz max = 0.0634720105305491
hz min = 0.021744374583902507
lambdaF max = Inf
lambdaF min = 0.004177590819662042
lambdaB max = Inf
lambdaB min = 0.004177590819662042
----------------------------------
----------------------------------
Iteration = 40
Distance = 0.0004254120947209117
v max = -1.0048890612600436
v min = -7.041962397886442
d max = 0.07607142857142857
d min = 0.07607142857142857
dF max = 0.07607142857142857
dB max = 0.07607142857142857
hk max = 0.010331966455186503
hk min = 0.010331966455186503
hz max = 0.06347203468862424
hz min = 0.02174415910136387
lambdaF max = Inf
lambdaF min = 0.004177590819662042
lambdaB max = Inf
lambdaB min = 0.004177590819662042
----------------------------------
----------------------------------
Iteration = 41
Distance = 0.00036915952122473783
v max = -1.005256598661366
v min = -7.042331557407667
d max = 0.07607142857142857
d min = 0.07607142857142857
dF max = 0.07607142857142857
dB max = 0.07607142857142857
hk max = 0.010331966455186503
hk min = 0.010331966455186503
hz max = 0.0634720511372891
hz min = 0.021744363255265336
lambdaF max = Inf
lambdaF min = 0.004177590819662042
lambdaB max = Inf
lambdaB min = 0.004177590819662042
----------------------------------
----------------------------------
Iteration = 42
Distance = 0.00032168459066639343
v max = -1.0055779404934897
v min = -7.042652458496803
d max = 0.07607142857142857
d min = 0.07607142857142857
dF max = 0.07607142857142857
dB max = 0.07607142857142857
hk max = 0.010331966455186503
hk min = 0.010331966455186503
hz max = 0.06347206232975838
hz min = 0.02174417610485493
lambdaF max = Inf
lambdaF min = 0.004177590819662042
lambdaB max = Inf
lambdaB min = 0.004177590819662042
----------------------------------
----------------------------------
Iteration = 43
Distance = 0.0002790112466235506
v max = -1.0058559976959782
v min = -7.04293143011252
d max = 0.07607142857142857
d min = 0.07607142857142857
dF max = 0.07607142857142857
dB max = 0.07607142857142857
hk max = 0.010331966455186503
hk min = 0.010331966455186503
hz max = 0.06347206994130379
hz min = 0.021744343439087103
lambdaF max = Inf
lambdaF min = 0.004177590819662042
lambdaB max = Inf
lambdaB min = 0.004177590819662042
----------------------------------
----------------------------------
Iteration = 44
Distance = 0.00024322456024217232
v max = -1.0060988408643576
v min = -7.043173964690007
d max = 0.07607142857142857
d min = 0.07607142857142857
dF max = 0.07607142857142857
dB max = 0.07607142857142857
hk max = 0.010331966455186503
hk min = 0.010331966455186503
hz max = 0.06347207511493223
hz min = 0.021744197394252852
lambdaF max = Inf
lambdaF min = 0.004177590819662042
lambdaB max = Inf
lambdaB min = 0.004177590819662042
----------------------------------
----------------------------------
Iteration = 45
Distance = 0.00021093220177181848
v max = -1.0063092298895213
v min = -7.043384830768889
d max = 0.07607142857142857
d min = 0.07607142857142857
dF max = 0.07607142857142857
dB max = 0.07607142857142857
hk max = 0.010331966455186503
hk min = 0.010331966455186503
hz max = 0.06347207862982218
hz min = 0.021744322211208644
lambdaF max = Inf
lambdaF min = 0.004177590819662042
lambdaB max = Inf
lambdaB min = 0.004177590819662042
----------------------------------
----------------------------------
Iteration = 46
Distance = 0.0001838876151878388
v max = -1.0064927294547061
v min = -7.0435681698103245
d max = 0.07607142857142857
d min = 0.07607142857142857
dF max = 0.07607142857142857
dB max = 0.07607142857142857
hk max = 0.010331966455186503
hk min = 0.010331966455186503
hz max = 0.06347208101678253
hz min = 0.02174421784140517
lambdaF max = Inf
lambdaF min = 0.004177590819662042
lambdaB max = Inf
lambdaB min = 0.004177590819662042
----------------------------------
----------------------------------
Iteration = 47
Distance = 0.00015946914777975607
v max = -1.0066519297891348
v min = -7.043727579621393
d max = 0.07607142857142857
d min = 0.07607142857142857
dF max = 0.07607142857142857
dB max = 0.07607142857142857
hk max = 0.010331966455186503
hk min = 0.010331966455186503
hz max = 0.06347208263713423
hz min = 0.021744303265020165
lambdaF max = Inf
lambdaF min = 0.004177590819662042
lambdaB max = Inf
lambdaB min = 0.004177590819662042
----------------------------------
----------------------------------
Iteration = 48
Distance = 0.0001390192360328779
v max = -1.0067905803035702
v min = -7.043866186376683
d max = 0.07607142857142857
d min = 0.07607142857142857
dF max = 0.07607142857142857
dB max = 0.07607142857142857
hk max = 0.010331966455186503
hk min = 0.010331966455186503
hz max = 0.06347208373671175
hz min = 0.021744235003076758
lambdaF max = Inf
lambdaF min = 0.004177590819662042
lambdaB max = Inf
lambdaB min = 0.004177590819662042
----------------------------------
----------------------------------
Iteration = 49
Distance = 0.00012056550386252418
v max = -1.0069110482714245
v min = -7.043986706890633
d max = 0.07607142857142857
d min = 0.07607142857142857
dF max = 0.07607142857142857
dB max = 0.07607142857142857
hk max = 0.010331966455186503
hk min = 0.010331966455186503
hz max = 0.06347208448265163
hz min = 0.021744288128477056
lambdaF max = Inf
lambdaF min = 0.004177590819662042
lambdaB max = Inf
lambdaB min = 0.004177590819662042
----------------------------------
----------------------------------
Iteration = 50
Distance = 0.0001050951203434014
v max = -1.0070158120867485
v min = -7.044091502525557
d max = 0.07607142857142857
d min = 0.07607142857142857
dF max = 0.07607142857142857
dB max = 0.07607142857142857
hk max = 0.010331966455186503
hk min = 0.010331966455186503
hz max = 0.06347208498854827
hz min = 0.021744248101279208
lambdaF max = Inf
lambdaF min = 0.004177590819662042
lambdaB max = Inf
lambdaB min = 0.004177590819662042
----------------------------------
----------------------------------
Iteration = 51
Distance = 9.115523812908144e-5
v max = -1.0071069673248776
v min = -7.04418262590366
d max = 0.07607142857142857
d min = 0.07607142857142857
dF max = 0.07607142857142857
dB max = 0.07607142857142857
hk max = 0.010331966455186503
hk min = 0.010331966455186503
hz max = 0.06347208533155643
hz min = 0.021744277046999872
lambdaF max = Inf
lambdaF min = 0.004177590819662042
lambdaB max = Inf
lambdaB min = 0.004177590819662042
----------------------------------
----------------------------------
Iteration = 52
Distance = 7.944778700608168e-5
v max = -1.0071861314526167
v min = -7.04426186141425
d max = 0.07607142857142857
d min = 0.07607142857142857
dF max = 0.07607142857142857
dB max = 0.07607142857142857
hk max = 0.010331966455186503
hk min = 0.010331966455186503
hz max = 0.0634720855640771
hz min = 0.02174425729751805
lambdaF max = Inf
lambdaF min = 0.004177590819662042
lambdaB max = Inf
lambdaB min = 0.004177590819662042
----------------------------------
----------------------------------
Iteration = 53
Distance = 6.89687668256056e-5
v max = -1.0072551002194423
v min = -7.044330760361413
d max = 0.07607142857142857
d min = 0.07607142857142857
dF max = 0.07607142857142857
dB max = 0.07607142857142857
hk max = 0.010331966455186503
hk min = 0.010331966455186503
hz max = 0.06347208572166117
hz min = 0.0217442695897187
lambdaF max = Inf
lambdaF min = 0.004177590819662042
lambdaB max = Inf
lambdaB min = 0.004177590819662042
----------------------------------
----------------------------------
Iteration = 54
Distance = 6.005893739668977e-5
v max = -1.0073149266727732
v min = -7.04439067147548
d max = 0.07607142857142857
d min = 0.07607142857142857
dF max = 0.07607142857142857
dB max = 0.07607142857142857
hk max = 0.010331966455186503
hk min = 0.010331966455186503
hz max = 0.06347208582844248
hz min = 0.02174426320634098
lambdaF max = Inf
lambdaF min = 0.004177590819662042
lambdaB max = Inf
lambdaB min = 0.004177590819662042
----------------------------------
----------------------------------
Iteration = 55
Distance = 5.21760772715929e-5
v max = -1.0073671021507906
v min = -7.044442767409732
d max = 0.07607142857142857
d min = 0.07607142857142857
dF max = 0.07607142857142857
dB max = 0.07607142857142857
hk max = 0.010331966455186503
hk min = 0.010331966455186503
hz max = 0.06347208590078889
hz min = 0.021744265041462
lambdaF max = Inf
lambdaF min = 0.004177590819662042
lambdaB max = Inf
lambdaB min = 0.004177590819662042
----------------------------------
----------------------------------
Iteration = 56
Distance = 4.5401882230455826e-5
v max = -1.0074123212054555
v min = -7.044488067757093
d max = 0.07607142857142857
d min = 0.07607142857142857
dF max = 0.07607142857142857
dB max = 0.07607142857142857
hk max = 0.010331966455186503
hk min = 0.010331966455186503
hz max = 0.06347208594979366
hz min = 0.02174426659075838
lambdaF max = Inf
lambdaF min = 0.004177590819662042
lambdaB max = Inf
lambdaB min = 0.004177590819662042
----------------------------------
----------------------------------
Iteration = 57
Distance = 3.946787326003509e-5
v max = -1.007451786103131
v min = -7.044527459048612
d max = 0.07607142857142857
d min = 0.07607142857142857
dF max = 0.07607142857142857
dB max = 0.07607142857142857
hk max = 0.010331966455186503
hk min = 0.010331966455186503
hz max = 0.06347208598298629
hz min = 0.021744262637785356
lambdaF max = Inf
lambdaF min = 0.004177590819662042
lambdaB max = Inf
lambdaB min = 0.004177590819662042
----------------------------------
----------------------------------
Iteration = 58
Distance = 3.432204977782405e-5
v max = -1.007485970129527
v min = -7.044561712132385
d max = 0.07607142857142857
d min = 0.07607142857142857
dF max = 0.07607142857142857
dB max = 0.07607142857142857
hk max = 0.010331966455186503
hk min = 0.010331966455186503
hz max = 0.0634720860054668
hz min = 0.021744268188123805
lambdaF max = Inf
lambdaF min = 0.004177590819662042
lambdaB max = Inf
lambdaB min = 0.004177590819662042
----------------------------------
----------------------------------
Iteration = 59
Distance = 2.9852005868580278e-5
v max = -1.0075158156566453
v min = -7.04459149727828
d max = 0.07607142857142857
d min = 0.07607142857142857
dF max = 0.07607142857142857
dB max = 0.07607142857142857
hk max = 0.010331966455186503
hk min = 0.010331966455186503
hz max = 0.06347208602068881
hz min = 0.021744261690975486
lambdaF max = Inf
lambdaF min = 0.004177590819662042
lambdaB max = Inf
lambdaB min = 0.004177590819662042
----------------------------------
----------------------------------
Iteration = 60
Distance = 2.5946432710588496e-5
v max = -1.00754166220366
v min = -7.044617397307432
d max = 0.07607142857142857
d min = 0.07607142857142857
dF max = 0.07607142857142857
dB max = 0.07607142857142857
hk max = 0.010331966455186503
hk min = 0.010331966455186503
hz max = 0.06347208603100138
hz min = 0.021744268624397996
lambdaF max = Inf
lambdaF min = 0.004177590819662042
lambdaB max = Inf
lambdaB min = 0.004177590819662042
----------------------------------
----------------------------------
Iteration = 61
Distance = 2.2576933982998426e-5
v max = -1.0075642290259812
v min = -7.04463991900575
d max = 0.07607142857142857
d min = 0.07607142857142857
dF max = 0.07607142857142857
dB max = 0.07607142857142857
hk max = 0.010331966455186503
hk min = 0.010331966455186503
hz max = 0.06347208603797974
hz min = 0.021744261644610276
lambdaF max = Inf
lambdaF min = 0.004177590819662042
lambdaB max = Inf
lambdaB min = 0.004177590819662042
----------------------------------
----------------------------------
Iteration = 62
Distance = 1.9615005886208792e-5
v max = -1.0075837750030237
v min = -7.044659503046479
d max = 0.07607142857142857
d min = 0.07607142857142857
dF max = 0.07607142857142857
dB max = 0.07607142857142857
hk max = 0.010331966455186503
hk min = 0.010331966455186503
hz max = 0.06347208604269859
hz min = 0.02174426838450744
lambdaF max = Inf
lambdaF min = 0.004177590819662042
lambdaB max = Inf
lambdaB min = 0.004177590819662042
----------------------------------
----------------------------------
Iteration = 63
Distance = 1.707349673951697e-5
v max = -1.0076008354122123
v min = -7.044676532616807
d max = 0.07607142857142857
d min = 0.07607142857142857
dF max = 0.07607142857142857
dB max = 0.07607142857142857
hk max = 0.010331966455186503
hk min = 0.010331966455186503
hz max = 0.0634720860458996
hz min = 0.021744262084599265
lambdaF max = Inf
lambdaF min = 0.004177590819662042
lambdaB max = Inf
lambdaB min = 0.004177590819662042
----------------------------------
----------------------------------
Iteration = 64
Distance = 1.4828810569911255e-5
v max = -1.0076156190054224
v min = -7.044691340918309
d max = 0.07607142857142857
d min = 0.07607142857142857
dF max = 0.07607142857142857
dB max = 0.07607142857142857
hk max = 0.010331966455186503
hk min = 0.010331966455186503
hz max = 0.06347208604806498
hz min = 0.021744267815343304
lambdaF max = Inf
lambdaF min = 0.004177590819662042
lambdaB max = Inf
lambdaB min = 0.004177590819662042
----------------------------------
----------------------------------
Iteration = 65
Distance = 1.2910725395443023e-5
v max = -1.0076285147560342
v min = -7.044704217688339
d max = 0.07607142857142857
d min = 0.07607142857142857
dF max = 0.07607142857142857
dB max = 0.07607142857142857
hk max = 0.010331966455186503
hk min = 0.010331966455186503
hz max = 0.06347208604952771
hz min = 0.021744262726369278
lambdaF max = Inf
lambdaF min = 0.004177590819662042
lambdaB max = Inf
lambdaB min = 0.004177590819662042
----------------------------------
----------------------------------
Iteration = 66
Distance = 1.1210671423622642e-5
v max = -1.0076396977395392
v min = -7.044715414870283
d max = 0.07607142857142857
d min = 0.07607142857142857
dF max = 0.07607142857142857
dB max = 0.07607142857142857
hk max = 0.010331966455186503
hk min = 0.010331966455186503
hz max = 0.063472086050522
hz min = 0.021744267145279182
lambdaF max = Inf
lambdaF min = 0.004177590819662042
lambdaB max = Inf
lambdaB min = 0.004177590819662042
----------------------------------
----------------------------------
Iteration = 67
Distance = 9.762343076591407e-6
v max = -1.007649444416809
v min = -7.044725151543874
d max = 0.07607142857142857
d min = 0.07607142857142857
dF max = 0.07607142857142857
dB max = 0.07607142857142857
hk max = 0.010331966455186503
hk min = 0.010331966455186503
hz max = 0.06347208605119022
hz min = 0.021744263391304672
lambdaF max = Inf
lambdaF min = 0.004177590819662042
lambdaB max = Inf
lambdaB min = 0.004177590819662042
----------------------------------
    Value Function Converged, Iteration = 67 with gamma=1.0 with rho=1.0 and v=-2.655469438364261
    Reflective boundary condition
=============================================================
Convegence time (minutes): 0.11269717185
Current Time = 22:19:20
grid points for z:  401
grid size for z:  0.025
-0.23560956414195794
-0.42860698587459345
--- 9.148446798324585 seconds for the elasticity computation ---
0.0
0.0
--- 0.06419968605041504 seconds for the elasticity computation ---
-0.23560956414195794
-0.42860698587459345
--- 0.0632472038269043 seconds for the elasticity computation ---
-0.30996416522898684
-0.43604600172232777
--- 0.0631411075592041 seconds for the elasticity computation ---
Current Time = 22:19:32
grid points for z:  401
grid size for z:  0.025
rho = 1
0.05935460108702888
--- 8.703810691833496 seconds for the elasticity computation ---
0.0
--- 0.06733417510986328 seconds for the elasticity computation ---
0.05935460108702888
--- 0.06643009185791016 seconds for the elasticity computation ---
0.0
--- 0.06696796417236328 seconds for the elasticity computation ---
0.0
--- 0.0680997371673584 seconds for the elasticity computation ---
0.05935460108702888
0.007439015847734282
--- 0.06926512718200684 seconds for the elasticity computation ---
0.05935460108702888
0.007439015847734282
--- 0.06822681427001953 seconds for the elasticity computation ---
0.05935460108702888
0.007439015847734282
--- 0.06833195686340332 seconds for the elasticity computation ---
0.05935460108702888
0.007439015847734282
--- 0.07004880905151367 seconds for the elasticity computation ---
parsed_args = parse_commandline() = Dict{String, Any}("dataname" => "upper_triangular_two_ambiguous_parameters", "clowerlim" => 0.0001, "delta" => 0.015, "boundary" => 1, "Delta" => 10.0, "q" => 0.1, "zmax" => 5.0, "logadjustment" => 1, "zscale" => 2.0, "foc" => 1, "distorted" => 0, "rho" => 1.0, "gamma" => 1.0)
=============================================================
./output/upper_triangular_two_ambiguous_parameters/Delta_10.0_distorted_0/logadjustment_1_boundary_1/zmax_5.0_zscale_2.0/delta_0.015/q_0.1_gamma_1.0_rho_1.0/
=============================================================
solve for structured linear system 
structured_relative_entropy = 0.10247981537201002
=============================================================
solve for unstructured linear system 
q_update = 0.0
=============================================================
parsed_args = parse_commandline() = Dict{String, Any}("dataname" => "upper_triangular_two_ambiguous_parameters", "clowerlim" => 0.0001, "delta" => 0.015, "boundary" => 1, "Delta" => 10.0, "q" => 0.1, "zmax" => 5.0, "logadjustment" => 1, "zscale" => 2.0, "foc" => 1, "distorted" => 0, "rho" => 1.0, "gamma" => 1.0)
=============================================================
./output/upper_triangular_two_ambiguous_parameters/Delta_10.0_distorted_0/logadjustment_1_boundary_1/zmax_5.0_zscale_2.0/delta_0.015/q_0.1_gamma_1.0_rho_1.0/
=============================================================
solve for structured linear system 
structured_relative_entropy = 0.10247981537201012
=============================================================
solve for unstructured linear system 
q_update = 0.0
=============================================================
Program ends Fri Jan 19 22:20:14 CST 2024
Elapsed time: 0 days 00 hr 01 min 22 sec
