D_10.0_distorted_0_boundary_0_delta_0.02_gamma_12.0_q_0.05_rho_1.0_upper_triangular_two_ambiguous_parameters
Program starts Fri Jan 19 22:19:05 CST 2024
parsed_args = parse_commandline() = Dict{String, Any}("dataname" => "upper_triangular_two_ambiguous_parameters", "clowerlim" => 0.0001, "delta" => 0.02, "boundary" => 0, "Delta" => 10.0, "q" => 0.05, "zmax" => 5.0, "logadjustment" => 1, "zscale" => 2.0, "foc" => 1, "distorted" => 0, "rho" => 1.0, "gamma" => 12.0)
=============================================================
logadjustment: true
reflective_boundary: false
0.109
U: [1.0331966455186503 0.4546065240282061; 0.0 0.06463435618925897]
L: [1.0331966455186503 0.0; 0.4546065240282061 0.06463435618925897]
[-2.220446049250313e-16 0.0; 0.0 0.0]
sigma_k: [0.010331966455186503, 0.004546065240282061]
sigma_z: [0.0, 0.06463435618925897]
Compute value function WITH ROBUSTNESS
computing undistorted version...
zmax = 5.0, zmin = -5.0, zlength = 401
natural boundary condition
----------------------------------
Iteration = 1
Distance = 1.2164452069692988
v max = -0.9437179342420308
v min = -3.216445206969299
d max = 0.07672413793103448
d min = 0.07672413793103448
dF max = 0.07672413793103448
dB max = 0.07672413793103448
hk max = 0.010331966455186503
hk min = 0.010331966455186503
hz max = 0.004546065240282061
hz min = 0.004546065240282061
lambdaF max = Inf
lambdaF min = 0.008624482946382156
lambdaB max = Inf
lambdaB min = 0.008624482946382156
----------------------------------
----------------------------------
Iteration = 2
Distance = 0.8874540345503528
v max = -0.5821234967763392
v min = -4.103899241519652
d max = 0.07672413793103448
d min = 0.07672413793103448
dF max = 0.07672413793103448
dB max = 0.07672413793103448
hk max = 0.010331966455186503
hk min = 0.010331966455186503
hz max = 0.019235691646935688
hz min = 0.0192356916469288
lambdaF max = Inf
lambdaF min = 0.008624482946382156
lambdaB max = Inf
lambdaB min = 0.008624482946382156
----------------------------------
----------------------------------
Iteration = 3
Distance = 0.6002095460688839
v max = -0.4430082587442966
v min = -4.7041087875885355
d max = 0.07672413793103448
d min = 0.07672413793103448
dF max = 0.07672413793103448
dB max = 0.07672413793103448
hk max = 0.010331966455186503
hk min = 0.010331966455186503
hz max = 0.029637794198052084
hz min = 0.0249798778633995
lambdaF max = Inf
lambdaF min = 0.008624482946382156
lambdaB max = Inf
lambdaB min = 0.008624482946382156
----------------------------------
----------------------------------
Iteration = 4
Distance = 0.41935539074833006
v max = -0.41196847517620905
v min = -5.1234641783368655
d max = 0.07672413793103448
d min = 0.07672413793103448
dF max = 0.07672413793103448
dB max = 0.07672413793103448
hk max = 0.010331966455186503
hk min = 0.010331966455186503
hz max = 0.036203752710561365
hz min = 0.027822615848505046
lambdaF max = Inf
lambdaF min = 0.008624482946382156
lambdaB max = Inf
lambdaB min = 0.008624482946382156
----------------------------------
----------------------------------
Iteration = 5
Distance = 0.3020797409095026
v max = -0.42839807541977226
v min = -5.425543919246368
d max = 0.07672413793103448
d min = 0.07672413793103448
dF max = 0.07672413793103448
dB max = 0.07672413793103448
hk max = 0.010331966455186503
hk min = 0.010331966455186503
hz max = 0.040374672295681445
hz min = 0.0291936654527746
lambdaF max = Inf
lambdaF min = 0.008624482946382156
lambdaB max = Inf
lambdaB min = 0.008624482946382156
----------------------------------
----------------------------------
Iteration = 6
Distance = 0.2226702520963979
v max = -0.46406588180029856
v min = -5.648214171342766
d max = 0.07672413793103448
d min = 0.07672413793103448
dF max = 0.07672413793103448
dB max = 0.07672413793103448
hk max = 0.010331966455186503
hk min = 0.010331966455186503
hz max = 0.043094425331762595
hz min = 0.029865339359035913
lambdaF max = Inf
lambdaF min = 0.008624482946382156
lambdaB max = Inf
lambdaB min = 0.008624482946382156
----------------------------------
----------------------------------
Iteration = 7
Distance = 0.16734789856077192
v max = -0.5068510756633815
v min = -5.815562069903538
d max = 0.07672413793103448
d min = 0.07672413793103448
dF max = 0.07672413793103448
dB max = 0.07672413793103448
hk max = 0.010331966455186503
hk min = 0.010331966455186503
hz max = 0.04485293104856354
hz min = 0.0302223938174774
lambdaF max = Inf
lambdaF min = 0.008624482946382156
lambdaB max = Inf
lambdaB min = 0.008624482946382156
----------------------------------
----------------------------------
Iteration = 8
Distance = 0.12791246539652512
v max = -0.551758053051315
v min = -5.943474535300063
d max = 0.07672413793103448
d min = 0.07672413793103448
dF max = 0.07672413793103448
dB max = 0.07672413793103448
hk max = 0.010331966455186503
hk min = 0.010331966455186503
hz max = 0.045928240291396194
hz min = 0.03044734335538229
lambdaF max = Inf
lambdaF min = 0.008624482946382156
lambdaB max = Inf
lambdaB min = 0.008624482946382156
----------------------------------
----------------------------------
Iteration = 9
Distance = 0.09922417062799394
v max = -0.5963767304824211
v min = -6.042698705928057
d max = 0.07672413793103448
d min = 0.07672413793103448
dF max = 0.07672413793103448
dB max = 0.07672413793103448
hk max = 0.010331966455186503
hk min = 0.010331966455186503
hz max = 0.046593569215826684
hz min = 0.030615203930265844
lambdaF max = Inf
lambdaF min = 0.008624482946382156
lambdaB max = Inf
lambdaB min = 0.008624482946382156
----------------------------------
----------------------------------
Iteration = 10
Distance = 0.07796162042037391
v max = -0.6390438828841766
v min = -6.120660326348431
d max = 0.07672413793103448
d min = 0.07672413793103448
dF max = 0.07672413793103448
dB max = 0.07672413793103448
hk max = 0.010331966455186503
hk min = 0.010331966455186503
hz max = 0.047055164219251606
hz min = 0.030747312169733414
lambdaF max = Inf
lambdaF min = 0.008624482946382156
lambdaB max = Inf
lambdaB min = 0.008624482946382156
----------------------------------
----------------------------------
Iteration = 11
Distance = 0.06193027198794443
v max = -0.6784585805372323
v min = -6.182590598336375
d max = 0.07672413793103448
d min = 0.07672413793103448
dF max = 0.07672413793103448
dB max = 0.07672413793103448
hk max = 0.010331966455186503
hk min = 0.010331966455186503
hz max = 0.04735317668833605
hz min = 0.03084604289189417
lambdaF max = Inf
lambdaF min = 0.008624482946382156
lambdaB max = Inf
lambdaB min = 0.008624482946382156
----------------------------------
----------------------------------
Iteration = 12
Distance = 0.049652698582219656
v max = -0.7137787990910437
v min = -6.232243296918595
d max = 0.07672413793103448
d min = 0.07672413793103448
dF max = 0.07672413793103448
dB max = 0.07672413793103448
hk max = 0.010331966455186503
hk min = 0.010331966455186503
hz max = 0.04754903157810489
hz min = 0.030913309212363432
lambdaF max = Inf
lambdaF min = 0.008624482946382156
lambdaB max = Inf
lambdaB min = 0.008624482946382156
----------------------------------
----------------------------------
Iteration = 13
Distance = 0.04011690992452266
v max = -0.7446775608756234
v min = -6.272360206843118
d max = 0.07672413793103448
d min = 0.07672413793103448
dF max = 0.07672413793103448
dB max = 0.07672413793103448
hk max = 0.010331966455186503
hk min = 0.010331966455186503
hz max = 0.04767994294048218
hz min = 0.030955065498196394
lambdaF max = Inf
lambdaF min = 0.008624482946382156
lambdaB max = Inf
lambdaB min = 0.008624482946382156
----------------------------------
----------------------------------
Iteration = 14
Distance = 0.03261811406576154
v max = -0.771262245523514
v min = -6.304978320908879
d max = 0.07672413793103448
d min = 0.07672413793103448
dF max = 0.07672413793103448
dB max = 0.07672413793103448
hk max = 0.010331966455186503
hk min = 0.010331966455186503
hz max = 0.04776099542743596
hz min = 0.03097916262463522
lambdaF max = Inf
lambdaF min = 0.008624482946382156
lambdaB max = Inf
lambdaB min = 0.008624482946382156
----------------------------------
----------------------------------
Iteration = 15
Distance = 0.026657420972285628
v max = -0.7939230412197945
v min = -6.331635741881165
d max = 0.07672413793103448
d min = 0.07672413793103448
dF max = 0.07672413793103448
dB max = 0.07672413793103448
hk max = 0.010331966455186503
hk min = 0.010331966455186503
hz max = 0.04780483434119854
hz min = 0.030992862921532815
lambdaF max = Inf
lambdaF min = 0.008624482946382156
lambdaB max = Inf
lambdaB min = 0.008624482946382156
----------------------------------
----------------------------------
Iteration = 16
Distance = 0.021875923743831294
v max = -0.813168609098909
v min = -6.353511665624996
d max = 0.07672413793103448
d min = 0.07672413793103448
dF max = 0.07672413793103448
dB max = 0.07672413793103448
hk max = 0.010331966455186503
hk min = 0.010331966455186503
hz max = 0.047835407844396535
hz min = 0.031001535010813125
lambdaF max = Inf
lambdaF min = 0.008624482946382156
lambdaB max = Inf
lambdaB min = 0.008624482946382156
----------------------------------
----------------------------------
Iteration = 17
Distance = 0.0180111446932516
v max = -0.8294937556731504
v min = -6.371522810318248
d max = 0.07672413793103448
d min = 0.07672413793103448
dF max = 0.07672413793103448
dB max = 0.07672413793103448
hk max = 0.010331966455186503
hk min = 0.010331966455186503
hz max = 0.047857015591969726
hz min = 0.031008109911062287
lambdaF max = Inf
lambdaF min = 0.008624482946382156
lambdaB max = Inf
lambdaB min = 0.008624482946382156
----------------------------------
----------------------------------
Iteration = 18
Distance = 0.014867893840825097
v max = -0.8433149331133099
v min = -6.386390704159073
d max = 0.07672413793103448
d min = 0.07672413793103448
dF max = 0.07672413793103448
dB max = 0.07672413793103448
hk max = 0.010331966455186503
hk min = 0.010331966455186503
hz max = 0.047870976380000284
hz min = 0.031013413403326806
lambdaF max = Inf
lambdaF min = 0.008624482946382156
lambdaB max = Inf
lambdaB min = 0.008624482946382156
----------------------------------
----------------------------------
Iteration = 19
Distance = 0.012298595164837778
v max = -0.8549713767482329
v min = -6.398689299323911
d max = 0.07672413793103448
d min = 0.07672413793103448
dF max = 0.07672413793103448
dB max = 0.07672413793103448
hk max = 0.010331966455186503
hk min = 0.010331966455186503
hz max = 0.047880202026795715
hz min = 0.03101727416906596
lambdaF max = Inf
lambdaF min = 0.008624482946382156
lambdaB max = Inf
lambdaB min = 0.008624482946382156
----------------------------------
----------------------------------
Iteration = 20
Distance = 0.010189917871403331
v max = -0.8647549679661553
v min = -6.408879217195314
d max = 0.07672413793103448
d min = 0.07672413793103448
dF max = 0.07672413793103448
dB max = 0.07672413793103448
hk max = 0.010331966455186503
hk min = 0.010331966455186503
hz max = 0.047886636186195666
hz min = 0.03101957022730109
lambdaF max = Inf
lambdaF min = 0.008624482946382156
lambdaB max = Inf
lambdaB min = 0.008624482946382156
----------------------------------
----------------------------------
Iteration = 21
Distance = 0.008453619747931462
v max = -0.8729340548984342
v min = -6.417332836943245
d max = 0.07672413793103448
d min = 0.07672413793103448
dF max = 0.07672413793103448
dB max = 0.07672413793103448
hk max = 0.010331966455186503
hk min = 0.010331966455186503
hz max = 0.04789034074298871
hz min = 0.031020603411705275
lambdaF max = Inf
lambdaF min = 0.008624482946382156
lambdaB max = Inf
lambdaB min = 0.008624482946382156
----------------------------------
----------------------------------
Iteration = 22
Distance = 0.007020188048338483
v max = -0.8797593476811368
v min = -6.424353024991584
d max = 0.07672413793103448
d min = 0.07672413793103448
dF max = 0.07672413793103448
dB max = 0.07672413793103448
hk max = 0.010331966455186503
hk min = 0.010331966455186503
hz max = 0.04789202067632869
hz min = 0.031020933940355697
lambdaF max = Inf
lambdaF min = 0.008624482946382156
lambdaB max = Inf
lambdaB min = 0.008624482946382156
----------------------------------
----------------------------------
Iteration = 23
Distance = 0.00583432913035864
v max = -0.8854571475735096
v min = -6.4301873541219425
d max = 0.07672413793103448
d min = 0.07672413793103448
dF max = 0.07672413793103448
dB max = 0.07672413793103448
hk max = 0.010331966455186503
hk min = 0.010331966455186503
hz max = 0.04789358665857514
hz min = 0.03102107546787237
lambdaF max = Inf
lambdaF min = 0.008624482946382156
lambdaB max = Inf
lambdaB min = 0.008624482946382156
----------------------------------
----------------------------------
Iteration = 24
Distance = 0.0048516908230791245
v max = -0.8902204940198037
v min = -6.435039044945022
d max = 0.07672413793103448
d min = 0.07672413793103448
dF max = 0.07672413793103448
dB max = 0.07672413793103448
hk max = 0.010331966455186503
hk min = 0.010331966455186503
hz max = 0.04789459817560271
hz min = 0.031021299930431005
lambdaF max = Inf
lambdaF min = 0.008624482946382156
lambdaB max = Inf
lambdaB min = 0.008624482946382156
----------------------------------
----------------------------------
Iteration = 25
Distance = 0.004036431271298824
v max = -0.8942062082816805
v min = -6.4390754762163205
d max = 0.07672413793103448
d min = 0.07672413793103448
dF max = 0.07672413793103448
dB max = 0.07672413793103448
hk max = 0.010331966455186503
hk min = 0.010331966455186503
hz max = 0.04789525209424125
hz min = 0.03102162559382042
lambdaF max = Inf
lambdaF min = 0.008624482946382156
lambdaB max = Inf
lambdaB min = 0.008624482946382156
----------------------------------
----------------------------------
Iteration = 26
Distance = 0.0033593930210340517
v max = -0.8975394671538399
v min = -6.4424348692373545
d max = 0.07672413793103448
d min = 0.07672413793103448
dF max = 0.07672413793103448
dB max = 0.07672413793103448
hk max = 0.010331966455186503
hk min = 0.010331966455186503
hz max = 0.04789567534765329
hz min = 0.031021939501330295
lambdaF max = Inf
lambdaF min = 0.008624482946382156
lambdaB max = Inf
lambdaB min = 0.008624482946382156
----------------------------------
----------------------------------
Iteration = 27
Distance = 0.0027967231609462573
v max = -0.9003222803583656
v min = -6.445231592398301
d max = 0.07672413793103448
d min = 0.07672413793103448
dF max = 0.07672413793103448
dB max = 0.07672413793103448
hk max = 0.010331966455186503
hk min = 0.010331966455186503
hz max = 0.047895949284121546
hz min = 0.031022138702079732
lambdaF max = Inf
lambdaF min = 0.008624482946382156
lambdaB max = Inf
lambdaB min = 0.008624482946382156
----------------------------------
----------------------------------
Iteration = 28
Distance = 0.0023288240871766064
v max = -0.90264116688331
v min = -6.447560416485477
d max = 0.07672413793103448
d min = 0.07672413793103448
dF max = 0.07672413793103448
dB max = 0.07672413793103448
hk max = 0.010331966455186503
hk min = 0.010331966455186503
hz max = 0.04789612625397705
hz min = 0.031022201187589284
lambdaF max = Inf
lambdaF min = 0.008624482946382156
lambdaB max = Inf
lambdaB min = 0.008624482946382156
----------------------------------
----------------------------------
Iteration = 29
Distance = 0.0019395458949986732
v max = -0.9045715136911885
v min = -6.449499962380476
d max = 0.07672413793103448
d min = 0.07672413793103448
dF max = 0.07672413793103448
dB max = 0.07672413793103448
hk max = 0.010331966455186503
hk min = 0.010331966455186503
hz max = 0.04789624025561042
hz min = 0.031022175644841922
lambdaF max = Inf
lambdaF min = 0.008624482946382156
lambdaB max = Inf
lambdaB min = 0.008624482946382156
----------------------------------
----------------------------------
Iteration = 30
Distance = 0.0016155527854992968
v max = -0.9061788366782536
v min = -6.451115515165975
d max = 0.07672413793103448
d min = 0.07672413793103448
dF max = 0.07672413793103448
dB max = 0.07672413793103448
hk max = 0.010331966455186503
hk min = 0.010331966455186503
hz max = 0.04789631355444148
hz min = 0.031022131322586268
lambdaF max = Inf
lambdaF min = 0.008624482946382156
lambdaB max = Inf
lambdaB min = 0.008624482946382156
----------------------------------
----------------------------------
Iteration = 31
Distance = 0.001345815675496631
v max = -0.9075186596688486
v min = -6.452461330841472
d max = 0.07672413793103448
d min = 0.07672413793103448
dF max = 0.07672413793103448
dB max = 0.07672413793103448
hk max = 0.010331966455186503
hk min = 0.010331966455186503
hz max = 0.04789636073431751
hz min = 0.03102211391976749
lambdaF max = Inf
lambdaF min = 0.008624482946382156
lambdaB max = Inf
lambdaB min = 0.008624482946382156
----------------------------------
----------------------------------
Iteration = 32
Distance = 0.001121479084525312
v max = -0.9086366710151723
v min = -6.453582530767595
d max = 0.07672413793103448
d min = 0.07672413793103448
dF max = 0.07672413793103448
dB max = 0.07672413793103448
hk max = 0.010331966455186503
hk min = 0.010331966455186503
hz max = 0.04789639123909774
hz min = 0.031022131024344816
lambdaF max = Inf
lambdaF min = 0.008624482946382156
lambdaB max = Inf
lambdaB min = 0.008624482946382156
----------------------------------
----------------------------------
Iteration = 33
Distance = 0.0009344684515277812
v max = -0.9095698483872329
v min = -6.454516659456003
d max = 0.07672413793103448
d min = 0.07672413793103448
dF max = 0.07672413793103448
dB max = 0.07672413793103448
hk max = 0.010331966455186503
hk min = 0.010331966455186503
hz max = 0.047896411071581234
hz min = 0.03102216442237124
lambdaF max = Inf
lambdaF min = 0.008624482946382156
lambdaB max = Inf
lambdaB min = 0.008624482946382156
----------------------------------
----------------------------------
Iteration = 34
Distance = 0.0007785902816561663
v max = -0.9103482709239257
v min = -6.455294968019975
d max = 0.07672413793103448
d min = 0.07672413793103448
dF max = 0.07672413793103448
dB max = 0.07672413793103448
hk max = 0.010331966455186503
hk min = 0.010331966455186503
hz max = 0.04789642399482543
hz min = 0.031022191889564094
lambdaF max = Inf
lambdaF min = 0.008624482946382156
lambdaB max = Inf
lambdaB min = 0.008624482946382156
----------------------------------
----------------------------------
Iteration = 35
Distance = 0.0006486628904128766
v max = -0.9109969338143385
v min = -6.4559434747551325
d max = 0.07672413793103448
d min = 0.07672413793103448
dF max = 0.07672413793103448
dB max = 0.07672413793103448
hk max = 0.010331966455186503
hk min = 0.010331966455186503
hz max = 0.04789643238038956
hz min = 0.03102220225185929
lambdaF max = Inf
lambdaF min = 0.008624482946382156
lambdaB max = Inf
lambdaB min = 0.008624482946382156
----------------------------------
----------------------------------
Iteration = 36
Distance = 0.0005403696849537454
v max = -0.91153705202818
v min = -6.456483844440086
d max = 0.07672413793103448
d min = 0.07672413793103448
dF max = 0.07672413793103448
dB max = 0.07672413793103448
hk max = 0.010331966455186503
hk min = 0.010331966455186503
hz max = 0.04789643776792049
hz min = 0.03102219783037239
lambdaF max = Inf
lambdaF min = 0.008624482946382156
lambdaB max = Inf
lambdaB min = 0.008624482946382156
----------------------------------
----------------------------------
Iteration = 37
Distance = 0.00045048242537593097
v max = -0.911986753496884
v min = -6.456934119150201
d max = 0.07672413793103448
d min = 0.07672413793103448
dF max = 0.07672413793103448
dB max = 0.07672413793103448
hk max = 0.010331966455186503
hk min = 0.010331966455186503
hz max = 0.047896441195225965
hz min = 0.03102218799981322
lambdaF max = Inf
lambdaF min = 0.008624482946382156
lambdaB max = Inf
lambdaB min = 0.008624482946382156
----------------------------------
----------------------------------
Iteration = 38
Distance = 0.0003754730652820726
v max = -0.9123613804541566
v min = -6.457309326260572
d max = 0.07672413793103448
d min = 0.07672413793103448
dF max = 0.07672413793103448
dB max = 0.07672413793103448
hk max = 0.010331966455186503
hk min = 0.010331966455186503
hz max = 0.04789644337230232
hz min = 0.031022181166713757
lambdaF max = Inf
lambdaF min = 0.008624482946382156
lambdaB max = Inf
lambdaB min = 0.008624482946382156
----------------------------------
----------------------------------
Iteration = 39
Distance = 0.0003129095538993987
v max = -0.9126736947160187
v min = -6.457621984124362
d max = 0.07672413793103448
d min = 0.07672413793103448
dF max = 0.07672413793103448
dB max = 0.07672413793103448
hk max = 0.010331966455186503
hk min = 0.010331966455186503
hz max = 0.04789644477238856
hz min = 0.031022180441315755
lambdaF max = Inf
lambdaF min = 0.008624482946382156
lambdaB max = Inf
lambdaB min = 0.008624482946382156
----------------------------------
----------------------------------
Iteration = 40
Distance = 0.0002607467688848786
v max = -0.9129341686311395
v min = -6.4578825223386565
d max = 0.07672413793103448
d min = 0.07672413793103448
dF max = 0.07672413793103448
dB max = 0.07672413793103448
hk max = 0.010331966455186503
hk min = 0.010331966455186503
hz max = 0.04789644569236532
hz min = 0.031022184042199998
lambdaF max = Inf
lambdaF min = 0.008624482946382156
lambdaB max = Inf
lambdaB min = 0.008624482946382156
----------------------------------
----------------------------------
Iteration = 41
Distance = 0.000217268728172737
v max = -0.9131513784843166
v min = -6.458099630933047
d max = 0.07672413793103448
d min = 0.07672413793103448
dF max = 0.07672413793103448
dB max = 0.07672413793103448
hk max = 0.010331966455186503
hk min = 0.010331966455186503
hz max = 0.047896446306223556
hz min = 0.031022188326399587
lambdaF max = Inf
lambdaF min = 0.008624482946382156
lambdaB max = Inf
lambdaB min = 0.008624482946382156
----------------------------------
----------------------------------
Iteration = 42
Distance = 0.00018103692404880523
v max = -0.9133324154083654
v min = -6.458280550679845
d max = 0.07672413793103448
d min = 0.07672413793103448
dF max = 0.07672413793103448
dB max = 0.07672413793103448
hk max = 0.010331966455186503
hk min = 0.010331966455186503
hz max = 0.04789644671342405
hz min = 0.031022190660720733
lambdaF max = Inf
lambdaF min = 0.008624482946382156
lambdaB max = Inf
lambdaB min = 0.008624482946382156
----------------------------------
----------------------------------
Iteration = 43
Distance = 0.00015080721629323612
v max = -0.9134832226246586
v min = -6.458431314746844
d max = 0.07672413793103448
d min = 0.07672413793103448
dF max = 0.07672413793103448
dB max = 0.07672413793103448
hk max = 0.010331966455186503
hk min = 0.010331966455186503
hz max = 0.04789644697561257
hz min = 0.031022190551593772
lambdaF max = Inf
lambdaF min = 0.008624482946382156
lambdaB max = Inf
lambdaB min = 0.008624482946382156
----------------------------------
----------------------------------
Iteration = 44
Distance = 0.0001256788087951044
v max = -0.9136088215014356
v min = -6.458556950077778
d max = 0.07672413793103448
d min = 0.07672413793103448
dF max = 0.07672413793103448
dB max = 0.07672413793103448
hk max = 0.010331966455186503
hk min = 0.010331966455186503
hz max = 0.04789644713769275
hz min = 0.03102218908480853
lambdaF max = Inf
lambdaF min = 0.008624482946382156
lambdaB max = Inf
lambdaB min = 0.008624482946382156
----------------------------------
----------------------------------
Iteration = 45
Distance = 0.00010474839568042071
v max = -0.9137134468226696
v min = -6.4586616452944146
d max = 0.07672413793103448
d min = 0.07672413793103448
dF max = 0.07672413793103448
dB max = 0.07672413793103448
hk max = 0.010331966455186503
hk min = 0.010331966455186503
hz max = 0.04789644723543593
hz min = 0.031022187676666958
lambdaF max = Inf
lambdaF min = 0.008624482946382156
lambdaB max = Inf
lambdaB min = 0.008624482946382156
----------------------------------
----------------------------------
Iteration = 46
Distance = 8.729504808169253e-5
v max = -0.9138006381311462
v min = -6.458748890647639
d max = 0.07672413793103448
d min = 0.07672413793103448
dF max = 0.07672413793103448
dB max = 0.07672413793103448
hk max = 0.010331966455186503
hk min = 0.010331966455186503
hz max = 0.04789644729581645
hz min = 0.031022187132192642
lambdaF max = Inf
lambdaF min = 0.008624482946382156
lambdaB max = Inf
lambdaB min = 0.008624482946382156
----------------------------------
----------------------------------
Iteration = 47
Distance = 7.274529365020044e-5
v max = -0.9138733258342085
v min = -6.458821594592002
d max = 0.07672413793103448
d min = 0.07672413793103448
dF max = 0.07672413793103448
dB max = 0.07672413793103448
hk max = 0.010331966455186503
hk min = 0.010331966455186503
hz max = 0.047896447336155085
hz min = 0.031022187430336502
lambdaF max = Inf
lambdaF min = 0.008624482946382156
lambdaB max = Inf
lambdaB min = 0.008624482946382156
----------------------------------
----------------------------------
Iteration = 48
Distance = 6.0618297252013065e-5
v max = -0.9139339260286958
v min = -6.458882180836992
d max = 0.07672413793103448
d min = 0.07672413793103448
dF max = 0.07672413793103448
dB max = 0.07672413793103448
hk max = 0.010331966455186503
hk min = 0.010331966455186503
hz max = 0.0478964473652328
hz min = 0.03102218806934496
lambdaF max = Inf
lambdaF min = 0.008624482946382156
lambdaB max = Inf
lambdaB min = 0.008624482946382156
----------------------------------
----------------------------------
Iteration = 49
Distance = 5.05120814482396e-5
v max = -0.9139844371738706
v min = -6.458932669143421
d max = 0.07672413793103448
d min = 0.07672413793103448
dF max = 0.07672413793103448
dB max = 0.07672413793103448
hk max = 0.010331966455186503
hk min = 0.010331966455186503
hz max = 0.047896447386305704
hz min = 0.031022188549629817
lambdaF max = Inf
lambdaF min = 0.008624482946382156
lambdaB max = Inf
lambdaB min = 0.008624482946382156
----------------------------------
----------------------------------
Iteration = 50
Distance = 4.2087733744144984e-5
v max = -0.9140265249076147
v min = -6.458974742619427
d max = 0.07672413793103448
d min = 0.07672413793103448
dF max = 0.07672413793103448
dB max = 0.07672413793103448
hk max = 0.010331966455186503
hk min = 0.010331966455186503
hz max = 0.047896447400448454
hz min = 0.031022188661411557
lambdaF max = Inf
lambdaF min = 0.008624482946382156
lambdaB max = Inf
lambdaB min = 0.008624482946382156
----------------------------------
----------------------------------
Iteration = 51
Distance = 3.506725100432817e-5
v max = -0.9140615865095029
v min = -6.459009803807307
d max = 0.07672413793103448
d min = 0.07672413793103448
dF max = 0.07672413793103448
dB max = 0.07672413793103448
hk max = 0.010331966455186503
hk min = 0.010331966455186503
hz max = 0.04789644740874948
hz min = 0.031022188489990138
lambdaF max = Inf
lambdaF min = 0.008624482946382156
lambdaB max = Inf
lambdaB min = 0.008624482946382156
----------------------------------
----------------------------------
Iteration = 52
Distance = 2.9226125604520092e-5
v max = -0.9140907957084268
v min = -6.4590390214461015
d max = 0.07672413793103448
d min = 0.07672413793103448
dF max = 0.07672413793103448
dB max = 0.07672413793103448
hk max = 0.010331966455186503
hk min = 0.010331966455186503
hz max = 0.047896447412949364
hz min = 0.031022188248823426
lambdaF max = Inf
lambdaF min = 0.008624482946382156
lambdaB max = Inf
lambdaB min = 0.008624482946382156
----------------------------------
----------------------------------
Iteration = 53
Distance = 2.435630583086379e-5
v max = -0.9141151346282559
v min = -6.45906336945824
d max = 0.07672413793103448
d min = 0.07672413793103448
dF max = 0.07672413793103448
dB max = 0.07672413793103448
hk max = 0.010331966455186503
hk min = 0.010331966455186503
hz max = 0.0478964474149632
hz min = 0.03102218810555978
lambdaF max = Inf
lambdaF min = 0.008624482946382156
lambdaB max = Inf
lambdaB min = 0.008624482946382156
----------------------------------
----------------------------------
Iteration = 54
Distance = 2.0297082239384423e-5
v max = -0.9141354202309039
v min = -6.459083659440749
d max = 0.07672413793103448
d min = 0.07672413793103448
dF max = 0.07672413793103448
dB max = 0.07672413793103448
hk max = 0.010331966455186503
hk min = 0.010331966455186503
hz max = 0.047896447416246817
hz min = 0.031022188104029024
lambdaF max = Inf
lambdaF min = 0.008624482946382156
lambdaB max = Inf
lambdaB min = 0.008624482946382156
----------------------------------
----------------------------------
Iteration = 55
Distance = 1.6913903257531615e-5
v max = -0.9141523294044822
v min = -6.459100567731967
d max = 0.07672413793103448
d min = 0.07672413793103448
dF max = 0.07672413793103448
dB max = 0.07672413793103448
hk max = 0.010331966455186503
hk min = 0.010331966455186503
hz max = 0.04789644741747762
hz min = 0.03102218818870756
lambdaF max = Inf
lambdaF min = 0.008624482946382156
lambdaB max = Inf
lambdaB min = 0.008624482946382156
----------------------------------
----------------------------------
Iteration = 56
Distance = 1.4094443588241745e-5
v max = -0.9141664231026202
v min = -6.459114657955677
d max = 0.07672413793103448
d min = 0.07672413793103448
dF max = 0.07672413793103448
dB max = 0.07672413793103448
hk max = 0.010331966455186503
hk min = 0.010331966455186503
hz max = 0.04789644741869464
hz min = 0.031022188276544328
lambdaF max = Inf
lambdaF min = 0.008624482946382156
lambdaB max = Inf
lambdaB min = 0.008624482946382156
----------------------------------
----------------------------------
Iteration = 57
Distance = 1.174483802612869e-5
v max = -0.9141781679406463
v min = -6.459126399801105
d max = 0.07672413793103448
d min = 0.07672413793103448
dF max = 0.07672413793103448
dB max = 0.07672413793103448
hk max = 0.010331966455186503
hk min = 0.010331966455186503
hz max = 0.04789644741966826
hz min = 0.031022188315849072
lambdaF max = Inf
lambdaF min = 0.008624482946382156
lambdaB max = Inf
lambdaB min = 0.008624482946382156
----------------------------------
----------------------------------
Iteration = 58
Distance = 9.785829386266265e-6
v max = -0.9141879537700326
v min = -6.459136184672763
d max = 0.07672413793103448
d min = 0.07672413793103448
dF max = 0.07672413793103448
dB max = 0.07672413793103448
hk max = 0.010331966455186503
hk min = 0.010331966455186503
hz max = 0.04789644742024003
hz min = 0.031022188303520378
lambdaF max = Inf
lambdaF min = 0.008624482946382156
lambdaB max = Inf
lambdaB min = 0.008624482946382156
----------------------------------
    Value Function Converged, Iteration = 58 with gamma=12.0 with rho=1.0 and v=-3.123531616616338
    Natural boundary condition
=============================================================
Convegence time (minutes): 0.11230379559999999
Current Time = 22:19:33
grid points for z:  401
grid size for z:  0.025
-0.23704282865972529
-0.42590065727898035
--- 8.30839467048645 seconds for the elasticity computation ---
-0.07592727497426065
-0.24319765935202553
--- 0.06397175788879395 seconds for the elasticity computation ---
-0.044692746944821005
-0.18270299792695482
--- 0.06337332725524902 seconds for the elasticity computation ---
-0.3168025421568662
-0.4333396731267147
--- 0.06603002548217773 seconds for the elasticity computation ---
Current Time = 22:19:44
grid points for z:  401
grid size for z:  0.025
rho = 1
0.05975971349714089
--- 8.305783033370972 seconds for the elasticity computation ---
0.0
--- 0.06744742393493652 seconds for the elasticity computation ---
0.05975971349714089
--- 0.06700801849365234 seconds for the elasticity computation ---
0.0
--- 0.06714487075805664 seconds for the elasticity computation ---
0.0
--- 0.07076692581176758 seconds for the elasticity computation ---
0.05975971349714089
0.007439015847734282
--- 0.06842756271362305 seconds for the elasticity computation ---
0.05975971349714089
0.007439015847734282
--- 0.06752133369445801 seconds for the elasticity computation ---
0.05975971349714089
0.007439015847734282
--- 0.06702923774719238 seconds for the elasticity computation ---
0.05975971349714089
0.007439015847734282
--- 0.06717205047607422 seconds for the elasticity computation ---
parsed_args = parse_commandline() = Dict{String, Any}("dataname" => "upper_triangular_two_ambiguous_parameters", "clowerlim" => 0.0001, "delta" => 0.02, "boundary" => 0, "Delta" => 10.0, "q" => 0.05, "zmax" => 5.0, "logadjustment" => 1, "zscale" => 2.0, "foc" => 1, "distorted" => 0, "rho" => 1.0, "gamma" => 12.0)
=============================================================
./output/upper_triangular_two_ambiguous_parameters/Delta_10.0_distorted_0/logadjustment_1_boundary_0/zmax_5.0_zscale_2.0/delta_0.02/q_0.05_gamma_12.0_rho_1.0/
=============================================================
solve for structured linear system 
structured_relative_entropy = 0.05128134950343576
=============================================================
solve for unstructured linear system 
q_update = 0.5389439939798389
=============================================================
parsed_args = parse_commandline() = Dict{String, Any}("dataname" => "upper_triangular_two_ambiguous_parameters", "clowerlim" => 0.0001, "delta" => 0.02, "boundary" => 0, "Delta" => 10.0, "q" => 0.05, "zmax" => 5.0, "logadjustment" => 1, "zscale" => 2.0, "foc" => 1, "distorted" => 0, "rho" => 1.0, "gamma" => 12.0)
=============================================================
./output/upper_triangular_two_ambiguous_parameters/Delta_10.0_distorted_0/logadjustment_1_boundary_0/zmax_5.0_zscale_2.0/delta_0.02/q_0.05_gamma_12.0_rho_1.0/
=============================================================
solve for structured linear system 
structured_relative_entropy = 0.051281349503435776
=============================================================
solve for unstructured linear system 
q_update = 0.5389439939798389
=============================================================
Program ends Fri Jan 19 22:20:24 CST 2024
Elapsed time: 0 days 00 hr 01 min 19 sec
