D_10.0_distorted_0_boundary_1_delta_0.02_gamma_1.0_q_0.1_rho_1.0_upper_triangular_four_ambiguous_parameters
Program starts Fri Jan 19 22:17:20 CST 2024
parsed_args = parse_commandline() = Dict{String, Any}("dataname" => "upper_triangular_four_ambiguous_parameters", "clowerlim" => 0.0001, "delta" => 0.02, "boundary" => 1, "Delta" => 10.0, "q" => 0.1, "zmax" => 5.0, "logadjustment" => 1, "zscale" => 2.0, "foc" => 1, "distorted" => 0, "rho" => 1.0, "gamma" => 1.0)
=============================================================
logadjustment: true
reflective_boundary: true
0.109
U: [1.0331966455186503 0.4546065240282061; 0.0 0.06463435618925897]
L: [1.0331966455186503 0.0; 0.4546065240282061 0.06463435618925897]
[-2.220446049250313e-16 0.0; 0.0 0.0]
sigma_k: [0.010331966455186503, 0.004546065240282061]
sigma_z: [0.0, 0.06463435618925897]
Compute value function WITH ROBUSTNESS
computing undistorted version...
zmax = 5.0, zmin = -5.0, zlength = 401
reflective boundary condition
----------------------------------
Iteration = 1
Distance = 1.2089306230774937
v max = -0.9395526961338416
v min = -3.2089306230774937
d max = 0.07672413793103448
d min = 0.07672413793103448
dF max = 0.07672413793103448
dB max = 0.07672413793103448
hk max = 0.010331966455186503
hk min = 0.010331966455186503
hz max = 0.004546065240282061
hz min = 0.004546065240282061
lambdaF max = 0.1596347330627016
lambdaF min = 0.006028620769798677
lambdaB max = 0.1596347330627016
lambdaB min = 0.006028620769798677
----------------------------------
----------------------------------
Iteration = 2
Distance = 0.9214807316516489
v max = -0.6557810208044478
v min = -4.130411354729143
d max = 0.07672413793103448
d min = 0.07672413793103448
dF max = 0.07672413793103448
dB max = 0.07672413793103448
hk max = 0.010331966455186503
hk min = 0.010331966455186503
hz max = 0.019235691646936837
hz min = 0.015895430289475317
lambdaF max = 0.3087916332956299
lambdaF min = 0.006028620769798677
lambdaB max = 0.30879163329564424
lambdaB min = 0.006028620769798677
----------------------------------
----------------------------------
Iteration = 3
Distance = 0.6125744960948651
v max = -0.5460440666592187
v min = -4.742985850824008
d max = 0.07672413793103448
d min = 0.07672413793103448
dF max = 0.07672413793103448
dB max = 0.07672413793103448
hk max = 0.010331966455186503
hk min = 0.010331966455186503
hz max = 0.03035759568828832
hz min = 0.020676345494336487
lambdaF max = 0.4075727139901005
lambdaF min = 0.006028620769798677
lambdaB max = 0.41104832139439873
lambdaB min = 0.006028620769798677
----------------------------------
----------------------------------
Iteration = 4
Distance = 0.4121295037292061
v max = -0.5198672983495838
v min = -5.155115354553214
d max = 0.07672413793103448
d min = 0.07672413793103448
dF max = 0.07672413793103448
dB max = 0.07672413793103448
hk max = 0.010331966455186503
hk min = 0.010331966455186503
hz max = 0.03760405677201028
hz min = 0.022030260339760094
lambdaF max = 0.46823360506168465
lambdaF min = 0.006028620769798677
lambdaB max = 0.47380456230242973
lambdaB min = 0.006028620769798677
----------------------------------
----------------------------------
Iteration = 5
Distance = 0.2822069502328963
v max = -0.5287507185520764
v min = -5.43732230478611
d max = 0.07672413793103448
d min = 0.07672413793103448
dF max = 0.07672413793103448
dB max = 0.07672413793103448
hk max = 0.010331966455186503
hk min = 0.010331966455186503
hz max = 0.04235576112086071
hz min = 0.023115532641912215
lambdaF max = 0.5038008743183768
lambdaF min = 0.006028620769798677
lambdaB max = 0.5107878874843733
lambdaB min = 0.006028620769798677
----------------------------------
----------------------------------
Iteration = 6
Distance = 0.19547871712209552
v max = -0.5505297065151765
v min = -5.632801021908206
d max = 0.07672413793103448
d min = 0.07672413793103448
dF max = 0.07672413793103448
dB max = 0.07672413793103448
hk max = 0.010331966455186503
hk min = 0.010331966455186503
hz max = 0.04550774065501002
hz min = 0.023382473420729594
lambdaF max = 0.5248445221573581
lambdaF min = 0.006028620769798677
lambdaB max = 0.5327482575044764
lambdaB min = 0.006028620769798677
----------------------------------
----------------------------------
Iteration = 7
Distance = 0.13682394775871565
v max = -0.5762415952074051
v min = -5.769624969666921
d max = 0.07672413793103448
d min = 0.07672413793103448
dF max = 0.07672413793103448
dB max = 0.07672413793103448
hk max = 0.010331966455186503
hk min = 0.010331966455186503
hz max = 0.04760535564848534
hz min = 0.023624293004457265
lambdaF max = 0.5374072924809259
lambdaF min = 0.006028620769798677
lambdaB max = 0.5458964740489369
lambdaB min = 0.006028620769798677
----------------------------------
----------------------------------
Iteration = 8
Distance = 0.09682576877952531
v max = -0.6015955995794532
v min = -5.866450738446447
d max = 0.07672413793103448
d min = 0.07672413793103448
dF max = 0.07672413793103448
dB max = 0.07672413793103448
hk max = 0.010331966455186503
hk min = 0.010331966455186503
hz max = 0.04900149333945233
hz min = 0.023696465711451533
lambdaF max = 0.5449634407865238
lambdaF min = 0.006028620769798677
lambdaB max = 0.5538222438422895
lambdaB min = 0.006028620769798677
----------------------------------
----------------------------------
Iteration = 9
Distance = 0.06934835930620409
v max = -0.6249864924079723
v min = -5.935799097752651
d max = 0.07672413793103448
d min = 0.07672413793103448
dF max = 0.07672413793103448
dB max = 0.07672413793103448
hk max = 0.010331966455186503
hk min = 0.010331966455186503
hz max = 0.04992950902316483
hz min = 0.02376005164231709
lambdaF max = 0.5495355553360617
lambdaF min = 0.006028620769798677
lambdaB max = 0.5586259831295836
lambdaB min = 0.006028620769798677
----------------------------------
----------------------------------
Iteration = 10
Distance = 0.05032354962681129
v max = -0.6457243638247274
v min = -5.986122647379462
d max = 0.07672413793103448
d min = 0.07672413793103448
dF max = 0.07672413793103448
dB max = 0.07672413793103448
hk max = 0.010331966455186503
hk min = 0.010331966455186503
hz max = 0.05054500733370396
hz min = 0.023784890511031866
lambdaF max = 0.5523151926798864
lambdaF min = 0.006028620769798677
lambdaB max = 0.5615500958772547
lambdaB min = 0.006028620769798677
----------------------------------
----------------------------------
Iteration = 11
Distance = 0.03703231844842225
v max = -0.6637563096149757
v min = -6.023154965827884
d max = 0.07672413793103448
d min = 0.07672413793103448
dF max = 0.07672413793103448
dB max = 0.07672413793103448
hk max = 0.010331966455186503
hk min = 0.010331966455186503
hz max = 0.05095209495362556
hz min = 0.023803696300210214
lambdaF max = 0.5540113847233724
lambdaF min = 0.006028620769798677
lambdaB max = 0.5633361470012692
lambdaB min = 0.006028620769798677
----------------------------------
----------------------------------
Iteration = 12
Distance = 0.02764944189038765
v max = -0.6792119667275014
v min = -6.050804407718272
d max = 0.07672413793103448
d min = 0.07672413793103448
dF max = 0.07672413793103448
dB max = 0.07672413793103448
hk max = 0.010331966455186503
hk min = 0.010331966455186503
hz max = 0.051220482090635525
hz min = 0.02381290745555411
lambdaF max = 0.5550494737826072
lambdaF min = 0.006028620769798677
lambdaB max = 0.5644300279520199
lambdaB min = 0.006028620769798677
----------------------------------
----------------------------------
Iteration = 13
Distance = 0.020946108541714636
v max = -0.6923557482670447
v min = -6.0717505162599865
d max = 0.07672413793103448
d min = 0.07672413793103448
dF max = 0.07672413793103448
dB max = 0.07672413793103448
hk max = 0.010331966455186503
hk min = 0.010331966455186503
hz max = 0.05139681322760158
hz min = 0.023818990644529192
lambdaF max = 0.5556862702679786
lambdaF min = 0.006028620769798677
lambdaB max = 0.5651014278299247
lambdaB min = 0.006028620769798677
----------------------------------
----------------------------------
Iteration = 14
Distance = 0.01609288228680672
v max = -0.7034636708794273
v min = -6.087843398546793
d max = 0.07672413793103448
d min = 0.07672413793103448
dF max = 0.07672413793103448
dB max = 0.07672413793103448
hk max = 0.010331966455186503
hk min = 0.010331966455186503
hz max = 0.05151224260189741
hz min = 0.0238224708800671
lambdaF max = 0.556077621499436
lambdaF min = 0.006028620769798677
lambdaB max = 0.5655142271504733
lambdaB min = 0.006028620769798677
----------------------------------
----------------------------------
Iteration = 15
Distance = 0.012528226188142533
v max = -0.7128163947577042
v min = -6.100371624734936
d max = 0.07672413793103448
d min = 0.07672413793103448
dF max = 0.07672413793103448
dB max = 0.07672413793103448
hk max = 0.010331966455186503
hk min = 0.010331966455186503
hz max = 0.051587524035652726
hz min = 0.02382457256268326
lambdaF max = 0.556318485660089
lambdaF min = 0.006028620769798677
lambdaB max = 0.5657683803868712
lambdaB min = 0.006028620769798677
----------------------------------
----------------------------------
Iteration = 16
Distance = 0.009870487804930939
v max = -0.7206676303974943
v min = -6.110242112539867
d max = 0.07672413793103448
d min = 0.07672413793103448
dF max = 0.07672413793103448
dB max = 0.07672413793103448
hk max = 0.010331966455186503
hk min = 0.010331966455186503
hz max = 0.05163643868102072
hz min = 0.02382589082666028
lambdaF max = 0.5564669053663133
lambdaF min = 0.006028620769798677
lambdaB max = 0.5659250321400171
lambdaB min = 0.006028620769798677
----------------------------------
----------------------------------
Iteration = 17
Distance = 0.007858912146970987
v max = -0.7272459953653472
v min = -6.118101024686838
d max = 0.07672413793103448
d min = 0.07672413793103448
dF max = 0.07672413793103448
dB max = 0.07672413793103448
hk max = 0.010331966455186503
hk min = 0.010331966455186503
hz max = 0.05166810445271143
hz min = 0.023826650662305913
lambdaF max = 0.5565584485760747
lambdaF min = 0.006028620769798677
lambdaB max = 0.5660216741907127
lambdaB min = 0.006028620769798677
----------------------------------
----------------------------------
Iteration = 18
Distance = 0.006314108724184031
v max = -0.7327494886075674
v min = -6.124415133411022
d max = 0.07672413793103448
d min = 0.07672413793103448
dF max = 0.07672413793103448
dB max = 0.07672413793103448
hk max = 0.010331966455186503
hk min = 0.010331966455186503
hz max = 0.05168853040465329
hz min = 0.023827149164727113
lambdaF max = 0.5566149549926127
lambdaF min = 0.006028620769798677
lambdaB max = 0.5660813386094716
lambdaB min = 0.006028620769798677
----------------------------------
----------------------------------
Iteration = 19
Distance = 0.005111569362599155
v max = -0.7373491219820383
v min = -6.129526702773621
d max = 0.07672413793103448
d min = 0.07672413793103448
dF max = 0.07672413793103448
dB max = 0.07672413793103448
hk max = 0.010331966455186503
hk min = 0.010331966455186503
hz max = 0.05170166063247885
hz min = 0.023827432027958756
lambdaF max = 0.556649856505593
lambdaF min = 0.006028620769798677
lambdaB max = 0.566118196023533
lambdaB min = 0.006028620769798677
----------------------------------
----------------------------------
Iteration = 20
Distance = 0.004163936592776807
v max = -0.741190300996525
v min = -6.133690639366398
d max = 0.07672413793103448
d min = 0.07672413793103448
dF max = 0.07672413793103448
dB max = 0.07672413793103448
hk max = 0.010331966455186503
hk min = 0.010331966455186503
hz max = 0.05171007319640042
hz min = 0.02382762026805978
lambdaF max = 0.5566714247986079
lambdaF min = 0.006028620769798677
lambdaB max = 0.5661409757073419
lambdaB min = 0.006028620769798677
----------------------------------
----------------------------------
Iteration = 21
Distance = 0.0034091313495796527
v max = -0.7443963458140658
v min = -6.137099770715977
d max = 0.07672413793103448
d min = 0.07672413793103448
dF max = 0.07672413793103448
dB max = 0.07672413793103448
hk max = 0.010331966455186503
hk min = 0.010331966455186503
hz max = 0.05171544632738454
hz min = 0.023827727434938353
lambdaF max = 0.5566847591594247
lambdaF min = 0.006028620769798677
lambdaB max = 0.5661550603592659
lambdaB min = 0.006028620769798677
----------------------------------
----------------------------------
Iteration = 22
Distance = 0.00280239734124077
v max = -0.7470711519920852
v min = -6.139902168057218
d max = 0.07672413793103448
d min = 0.07672413793103448
dF max = 0.07672413793103448
dB max = 0.07672413793103448
hk max = 0.010331966455186503
hk min = 0.010331966455186503
hz max = 0.051718868103780284
hz min = 0.023827798507696618
lambdaF max = 0.5566930058756656
lambdaF min = 0.006028620769798677
lambdaB max = 0.5661637717898474
lambdaB min = 0.006028620769798677
----------------------------------
----------------------------------
Iteration = 23
Distance = 0.002310959246027977
v max = -0.7493020802517145
v min = -6.142213127303246
d max = 0.07672413793103448
d min = 0.07672413793103448
dF max = 0.07672413793103448
dB max = 0.07672413793103448
hk max = 0.010331966455186503
hk min = 0.010331966455186503
hz max = 0.05172104123621719
hz min = 0.02382783950835661
lambdaF max = 0.556698107587384
lambdaF min = 0.006028620769798677
lambdaB max = 0.5661691613434374
lambdaB min = 0.006028620769798677
----------------------------------
----------------------------------
Iteration = 24
Distance = 0.0019104231768194424
v max = -0.7511623712163681
v min = -6.1441235504800655
d max = 0.07672413793103448
d min = 0.07672413793103448
dF max = 0.07672413793103448
dB max = 0.07672413793103448
hk max = 0.010331966455186503
hk min = 0.010331966455186503
hz max = 0.05172241786667599
hz min = 0.023827866371405042
lambdaF max = 0.5567012644465252
lambdaF min = 0.006028620769798677
lambdaB max = 0.5661724964953971
lambdaB min = 0.006028620769798677
----------------------------------
----------------------------------
Iteration = 25
Distance = 0.0015823379708725938
v max = -0.7527133466065714
v min = -6.145705888450938
d max = 0.07672413793103448
d min = 0.07672413793103448
dF max = 0.07672413793103448
dB max = 0.07672413793103448
hk max = 0.010331966455186503
hk min = 0.010331966455186503
hz max = 0.05172328788985169
hz min = 0.023827882134456843
lambdaF max = 0.5567032182516299
lambdaF min = 0.006028620769798677
lambdaB max = 0.5661745607400713
lambdaB min = 0.006028620769798677
----------------------------------
----------------------------------
Iteration = 26
Distance = 0.0013125304297192386
v max = -0.7540062788698128
v min = -6.147018418880657
d max = 0.07672413793103448
d min = 0.07672413793103448
dF max = 0.07672413793103448
dB max = 0.07672413793103448
hk max = 0.010331966455186503
hk min = 0.010331966455186503
hz max = 0.051723836558759305
hz min = 0.02382789230680543
lambdaF max = 0.5567044276781313
lambdaF min = 0.006028620769798677
lambdaB max = 0.5661758385775597
lambdaB min = 0.006028620769798677
----------------------------------
----------------------------------
Iteration = 27
Distance = 0.0010899576598282223
v max = -0.7550840023717619
v min = -6.148108376540486
d max = 0.07672413793103448
d min = 0.07672413793103448
dF max = 0.07672413793103448
dB max = 0.07672413793103448
hk max = 0.010331966455186503
hk min = 0.010331966455186503
hz max = 0.051724181890833575
hz min = 0.023827898378800415
lambdaF max = 0.5567051764300202
lambdaF min = 0.006028620769798677
lambdaB max = 0.5661766297070698
lambdaB min = 0.006028620769798677
----------------------------------
----------------------------------
Iteration = 28
Distance = 0.0009059062411349572
v max = -0.755982278615255
v min = -6.1490142827816205
d max = 0.07672413793103448
d min = 0.07672413793103448
dF max = 0.07672413793103448
dB max = 0.07672413793103448
hk max = 0.010331966455186503
hk min = 0.010331966455186503
hz max = 0.05172439885497387
hz min = 0.023827902239712102
lambdaF max = 0.5567056400334439
lambdaF min = 0.006028620769798677
lambdaB max = 0.5661771195620621
lambdaB min = 0.006028620769798677
----------------------------------
----------------------------------
Iteration = 29
Distance = 0.0007534253956578141
v max = -0.7567309492507074
v min = -6.149767708177278
d max = 0.07672413793103448
d min = 0.07672413793103448
dF max = 0.07672413793103448
dB max = 0.07672413793103448
hk max = 0.010331966455186503
hk min = 0.010331966455186503
hz max = 0.051724534948288714
hz min = 0.02382790457931037
lambdaF max = 0.5567059271097665
lambdaF min = 0.006028620769798677
lambdaB max = 0.5661774229006655
lambdaB min = 0.006028620769798677
----------------------------------
----------------------------------
Iteration = 30
Distance = 0.0006269193296093434
v max = -0.7573549078445526
v min = -6.150394627506888
d max = 0.07672413793103448
d min = 0.07672413793103448
dF max = 0.07672413793103448
dB max = 0.07672413793103448
hk max = 0.010331966455186503
hk min = 0.010331966455186503
hz max = 0.05172462019003654
hz min = 0.023827906048281666
lambdaF max = 0.5567061048899387
lambdaF min = 0.006028620769798677
lambdaB max = 0.5661776107551364
lambdaB min = 0.006028620769798677
----------------------------------
----------------------------------
Iteration = 31
Distance = 0.0005218490014486932
v max = -0.7578749143575937
v min = -6.150916476508336
d max = 0.07672413793103448
d min = 0.07672413793103448
dF max = 0.07672413793103448
dB max = 0.07672413793103448
hk max = 0.010331966455186503
hk min = 0.010331966455186503
hz max = 0.051724673511112644
hz min = 0.023827906949229496
lambdaF max = 0.5567062149928276
lambdaF min = 0.006028620769798677
lambdaB max = 0.5661777270990003
lambdaB min = 0.006028620769798677
----------------------------------
----------------------------------
Iteration = 32
Distance = 0.0004345100974445515
v max = -0.758308278565973
v min = -6.151350986605781
d max = 0.07672413793103448
d min = 0.07672413793103448
dF max = 0.07672413793103448
dB max = 0.07672413793103448
hk max = 0.010331966455186503
hk min = 0.010331966455186503
hz max = 0.05172470682581993
hz min = 0.02382790750942898
lambdaF max = 0.5567062831856869
lambdaF min = 0.006028620769798677
lambdaB max = 0.5661777991581713
lambdaB min = 0.006028620769798677
----------------------------------
----------------------------------
Iteration = 33
Distance = 0.00036186488690059804
v max = -0.7586694311282044
v min = -6.1517128514926815
d max = 0.07672413793103448
d min = 0.07672413793103448
dF max = 0.07672413793103448
dB max = 0.07672413793103448
hk max = 0.010331966455186503
hk min = 0.010331966455186503
hz max = 0.051724727618885205
hz min = 0.0238279078560489
lambdaF max = 0.5567063254233358
lambdaF min = 0.006028620769798677
lambdaB max = 0.5661778437910141
lambdaB min = 0.006028620769798677
----------------------------------
----------------------------------
Iteration = 34
Distance = 0.00030141281546303134
v max = -0.7589704013528406
v min = -6.152014264308145
d max = 0.07672413793103448
d min = 0.07672413793103448
dF max = 0.07672413793103448
dB max = 0.07672413793103448
hk max = 0.010331966455186503
hk min = 0.010331966455186503
hz max = 0.05172474058461276
hz min = 0.023827908070122167
lambdaF max = 0.5567063515858047
lambdaF min = 0.006028620769798677
lambdaB max = 0.5661778714373459
lambdaB min = 0.006028620769798677
----------------------------------
----------------------------------
Iteration = 35
Distance = 0.0002510894492271376
v max = -0.759221215902691
v min = -6.152265353757372
d max = 0.07672413793103448
d min = 0.07672413793103448
dF max = 0.07672413793103448
dB max = 0.07672413793103448
hk max = 0.010331966455186503
hk min = 0.010331966455186503
hz max = 0.05172474866285281
hz min = 0.02382790820334536
lambdaF max = 0.5567063677916342
lambdaF min = 0.006028620769798677
lambdaB max = 0.5661778885624758
lambdaB min = 0.006028620769798677
----------------------------------
----------------------------------
Iteration = 36
Distance = 0.00020918654550872162
v max = -0.7594302317687465
v min = -6.15247454030288
d max = 0.07672413793103448
d min = 0.07672413793103448
dF max = 0.07672413793103448
dB max = 0.07672413793103448
hk max = 0.010331966455186503
hk min = 0.010331966455186503
hz max = 0.05172475369229365
hz min = 0.023827908285290467
lambdaF max = 0.5567063778303377
lambdaF min = 0.006028620769798677
lambdaB max = 0.5661778991706795
lambdaB min = 0.006028620769798677
----------------------------------
----------------------------------
Iteration = 37
Distance = 0.0001742881446942235
v max = -0.7596044139701986
v min = -6.152648828447575
d max = 0.07672413793103448
d min = 0.07672413793103448
dF max = 0.07672413793103448
dB max = 0.07672413793103448
hk max = 0.010331966455186503
hk min = 0.010331966455186503
hz max = 0.051724756821561184
hz min = 0.02382790833645001
lambdaF max = 0.5567063840489088
lambdaF min = 0.006028620769798677
lambdaB max = 0.5661779057421162
lambdaB min = 0.006028620769798677
----------------------------------
----------------------------------
Iteration = 38
Distance = 0.00014521901101094414
v max = -0.7597495672396365
v min = -6.152794047458586
d max = 0.07672413793103448
d min = 0.07672413793103448
dF max = 0.07672413793103448
dB max = 0.07672413793103448
hk max = 0.010331966455186503
hk min = 0.010331966455186503
hz max = 0.051724758767464775
hz min = 0.023827908367859012
lambdaF max = 0.5567063879011672
lambdaF min = 0.006028620769798677
lambdaB max = 0.5661779098129465
lambdaB min = 0.006028620769798677
----------------------------------
----------------------------------
Iteration = 39
Distance = 0.00012100273225357228
v max = -0.7598705291850892
v min = -6.152915050190839
d max = 0.07672413793103448
d min = 0.07672413793103448
dF max = 0.07672413793103448
dB max = 0.07672413793103448
hk max = 0.010331966455186503
hk min = 0.010331966455186503
hz max = 0.051724759976900604
hz min = 0.023827908387491575
lambdaF max = 0.5567063902876385
lambdaF min = 0.006028620769798677
lambdaB max = 0.5661779123348251
lambdaB min = 0.006028620769798677
----------------------------------
----------------------------------
Iteration = 40
Distance = 0.00010082747075923493
v max = -0.759971331356718
v min = -6.153015877661598
d max = 0.07672413793103448
d min = 0.07672413793103448
dF max = 0.07672413793103448
dB max = 0.07672413793103448
hk max = 0.010331966455186503
hk min = 0.010331966455186503
hz max = 0.051724760728275775
hz min = 0.023827908399542134
lambdaF max = 0.5567063917659995
lambdaF min = 0.006028620769798677
lambdaB max = 0.5661779138971283
lambdaB min = 0.006028620769798677
----------------------------------
----------------------------------
Iteration = 41
Distance = 8.401784040756866e-5
v max = -0.7600553335070523
v min = -6.153099895502006
d max = 0.07672413793103448
d min = 0.07672413793103448
dF max = 0.07672413793103448
dB max = 0.07672413793103448
hk max = 0.010331966455186503
hk min = 0.010331966455186503
hz max = 0.051724761194899244
hz min = 0.023827908407072475
lambdaF max = 0.5567063926818656
lambdaF min = 0.006028620769798677
lambdaB max = 0.5661779148649665
lambdaB min = 0.006028620769798677
----------------------------------
----------------------------------
Iteration = 42
Distance = 7.001173227205726e-5
v max = -0.760125335510166
v min = -6.153169907234278
d max = 0.07672413793103448
d min = 0.07672413793103448
dF max = 0.07672413793103448
dB max = 0.07672413793103448
hk max = 0.010331966455186503
hk min = 0.010331966455186503
hz max = 0.05172476148459023
hz min = 0.023827908411698892
lambdaF max = 0.5567063932492714
lambdaF min = 0.006028620769798677
lambdaB max = 0.5661779154645512
lambdaB min = 0.006028620769798677
----------------------------------
----------------------------------
Iteration = 43
Distance = 5.834116552438928e-5
v max = -0.7601836706435043
v min = -6.153228248399802
d max = 0.07672413793103448
d min = 0.07672413793103448
dF max = 0.07672413793103448
dB max = 0.07672413793103448
hk max = 0.010331966455186503
hk min = 0.010331966455186503
hz max = 0.05172476166438386
hz min = 0.023827908414586457
lambdaF max = 0.5567063936007782
lambdaF min = 0.006028620769798677
lambdaB max = 0.5661779158359946
lambdaB min = 0.006028620769798677
----------------------------------
----------------------------------
Iteration = 44
Distance = 4.861643173281749e-5
v max = -0.7602322833356405
v min = -6.153276864831535
d max = 0.07672413793103448
d min = 0.07672413793103448
dF max = 0.07672413793103448
dB max = 0.07672413793103448
hk max = 0.010331966455186503
hk min = 0.010331966455186503
hz max = 0.05172476177594602
hz min = 0.0238279084163632
lambdaF max = 0.5567063938185426
lambdaF min = 0.006028620769798677
lambdaB max = 0.5661779160661278
lambdaB min = 0.006028620769798677
----------------------------------
----------------------------------
Iteration = 45
Distance = 4.051294507956271e-5
v max = -0.7602727939626035
v min = -6.153317377776615
d max = 0.07672413793103448
d min = 0.07672413793103448
dF max = 0.07672413793103448
dB max = 0.07672413793103448
hk max = 0.010331966455186503
hk min = 0.010331966455186503
hz max = 0.05172476184515341
hz min = 0.023827908417470865
lambdaF max = 0.5567063939534349
lambdaF min = 0.006028620769798677
lambdaB max = 0.5661779162086829
lambdaB min = 0.006028620769798677
----------------------------------
----------------------------------
Iteration = 46
Distance = 3.376032373392235e-5
v max = -0.7603065528494947
v min = -6.153351138100349
d max = 0.07672413793103448
d min = 0.07672413793103448
dF max = 0.07672413793103448
dB max = 0.07672413793103448
hk max = 0.010331966455186503
hk min = 0.010331966455186503
hz max = 0.05172476188807536
hz min = 0.023827908418152858
lambdaF max = 0.5567063940370219
lambdaF min = 0.006028620769798677
lambdaB max = 0.5661779162970079
lambdaB min = 0.006028620769798677
----------------------------------
----------------------------------
Iteration = 47
Distance = 2.813331555273635e-5
v max = -0.760334685274501
v min = -6.1533792714159015
d max = 0.07672413793103448
d min = 0.07672413793103448
dF max = 0.07672413793103448
dB max = 0.07672413793103448
hk max = 0.010331966455186503
hk min = 0.010331966455186503
hz max = 0.051724761914696056
hz min = 0.02382790841857738
lambdaF max = 0.556706394088778
lambdaF min = 0.006028620769798677
lambdaB max = 0.5661779163516895
lambdaB min = 0.006028620769798677
----------------------------------
----------------------------------
Iteration = 48
Distance = 2.344425136158179e-5
v max = -0.7603581289739353
v min = -6.153402715667263
d max = 0.07672413793103448
d min = 0.07672413793103448
dF max = 0.07672413793103448
dB max = 0.07672413793103448
hk max = 0.010331966455186503
hk min = 0.010331966455186503
hz max = 0.051724761931199376
hz min = 0.02382790841883973
lambdaF max = 0.5567063941208886
lambdaF min = 0.006028620769798677
lambdaB max = 0.5661779163856283
lambdaB min = 0.006028620769798677
----------------------------------
----------------------------------
Iteration = 49
Distance = 1.953676562926887e-5
v max = -0.7603776653975215
v min = -6.153422252432892
d max = 0.07672413793103448
d min = 0.07672413793103448
dF max = 0.07672413793103448
dB max = 0.07672413793103448
hk max = 0.010331966455186503
hk min = 0.010331966455186503
hz max = 0.05172476194143157
hz min = 0.023827908419002765
lambdaF max = 0.5567063941407208
lambdaF min = 0.006028620769798677
lambdaB max = 0.5661779164065891
lambdaB min = 0.006028620769798677
----------------------------------
----------------------------------
Iteration = 50
Distance = 1.6280569530735534e-5
v max = -0.7603939457550893
v min = -6.153438533002423
d max = 0.07672413793103448
d min = 0.07672413793103448
dF max = 0.07672413793103448
dB max = 0.07672413793103448
hk max = 0.010331966455186503
hk min = 0.010331966455186503
hz max = 0.051724761947773874
hz min = 0.023827908419103226
lambdaF max = 0.5567063941530769
lambdaF min = 0.006028620769798677
lambdaB max = 0.5661779164196447
lambdaB min = 0.006028620769798677
----------------------------------
----------------------------------
Iteration = 51
Distance = 1.3567098823941137e-5
v max = -0.7604075127225715
v min = -6.153452100101247
d max = 0.07672413793103448
d min = 0.07672413793103448
dF max = 0.07672413793103448
dB max = 0.07672413793103448
hk max = 0.010331966455186503
hk min = 0.010331966455186503
hz max = 0.051724761951707394
hz min = 0.0238279084191658
lambdaF max = 0.5567063941607082
lambdaF min = 0.006028620769798677
lambdaB max = 0.5661779164276899
lambdaB min = 0.006028620769798677
----------------------------------
----------------------------------
Iteration = 52
Distance = 1.1305889378476763e-5
v max = -0.7604188185305633
v min = -6.1534634059906255
d max = 0.07672413793103448
d min = 0.07672413793103448
dF max = 0.07672413793103448
dB max = 0.07672413793103448
hk max = 0.010331966455186503
hk min = 0.010331966455186503
hz max = 0.05172476195414374
hz min = 0.023827908419204263
lambdaF max = 0.5567063941654331
lambdaF min = 0.006028620769798677
lambdaB max = 0.5661779164327005
lambdaB min = 0.006028620769798677
----------------------------------
----------------------------------
Iteration = 53
Distance = 9.421558176292422e-6
v max = -0.7604282400383129
v min = -6.153472827548802
d max = 0.07672413793103448
d min = 0.07672413793103448
dF max = 0.07672413793103448
dB max = 0.07672413793103448
hk max = 0.010331966455186503
hk min = 0.010331966455186503
hz max = 0.05172476195565469
hz min = 0.023827908419228376
lambdaF max = 0.5567063941683551
lambdaF min = 0.006028620769798677
lambdaB max = 0.5661779164357815
lambdaB min = 0.006028620769798677
----------------------------------
    Value Function Converged, Iteration = 53 with gamma=1.0 with rho=1.0 and v=-2.64190394823004
    Reflective boundary condition
=============================================================
Convegence time (minutes): 0.11055124746666666
Current Time = 22:17:56
grid points for z:  401
grid size for z:  0.025
-0.10326650732115814
-0.28188243905312005
--- 8.625753402709961 seconds for the elasticity computation ---
0.0
0.0
--- 0.06395149230957031 seconds for the elasticity computation ---
-0.10326650732115814
-0.28188243905312005
--- 0.06326889991760254 seconds for the elasticity computation ---
-0.18302622081829903
-0.2893214549008543
--- 0.06307506561279297 seconds for the elasticity computation ---
Current Time = 22:18:07
grid points for z:  401
grid size for z:  0.025
rho = 1
0.05975971349714089
--- 8.545125722885132 seconds for the elasticity computation ---
0.0
--- 0.06738567352294922 seconds for the elasticity computation ---
0.05975971349714089
--- 0.06633973121643066 seconds for the elasticity computation ---
0.0
--- 0.06604814529418945 seconds for the elasticity computation ---
0.0
--- 0.06604838371276855 seconds for the elasticity computation ---
0.05975971349714089
0.007439015847734282
--- 0.06645917892456055 seconds for the elasticity computation ---
0.05975971349714089
0.007439015847734282
--- 0.06620597839355469 seconds for the elasticity computation ---
0.05975971349714089
0.007439015847734282
--- 0.06597089767456055 seconds for the elasticity computation ---
0.05975971349714089
0.007439015847734282
--- 0.0659787654876709 seconds for the elasticity computation ---
parsed_args = parse_commandline() = Dict{String, Any}("dataname" => "upper_triangular_four_ambiguous_parameters", "clowerlim" => 0.0001, "delta" => 0.02, "boundary" => 1, "Delta" => 10.0, "q" => 0.1, "zmax" => 5.0, "logadjustment" => 1, "zscale" => 2.0, "foc" => 1, "distorted" => 0, "rho" => 1.0, "gamma" => 1.0)
=============================================================
./output/upper_triangular_four_ambiguous_parameters/Delta_10.0_distorted_0/logadjustment_1_boundary_1/zmax_5.0_zscale_2.0/delta_0.02/q_0.1_gamma_1.0_rho_1.0/
=============================================================
solve for structured linear system 
structured_relative_entropy = 0.10126094050452009
=============================================================
solve for unstructured linear system 
q_update = 0.0
=============================================================
parsed_args = parse_commandline() = Dict{String, Any}("dataname" => "upper_triangular_four_ambiguous_parameters", "clowerlim" => 0.0001, "delta" => 0.02, "boundary" => 1, "Delta" => 10.0, "q" => 0.1, "zmax" => 5.0, "logadjustment" => 1, "zscale" => 2.0, "foc" => 1, "distorted" => 0, "rho" => 1.0, "gamma" => 1.0)
=============================================================
./output/upper_triangular_four_ambiguous_parameters/Delta_10.0_distorted_0/logadjustment_1_boundary_1/zmax_5.0_zscale_2.0/delta_0.02/q_0.1_gamma_1.0_rho_1.0/
=============================================================
solve for structured linear system 
structured_relative_entropy = 0.10126094050452016
=============================================================
solve for unstructured linear system 
q_update = 0.0
=============================================================
Program ends Fri Jan 19 22:18:49 CST 2024
Elapsed time: 0 days 00 hr 01 min 29 sec
