D_10.0_distorted_0_boundary_0_delta_0.015_gamma_10.0_q_0.1_rho_1.0_upper_triangular_four_ambiguous_parameters
Program starts Fri Jan 19 15:59:27 CST 2024
parsed_args = parse_commandline() = Dict{String, Any}("dataname" => "upper_triangular_four_ambiguous_parameters", "clowerlim" => 0.0001, "delta" => 0.015, "boundary" => 0, "Delta" => 10.0, "q" => 0.1, "zmax" => 5.0, "logadjustment" => 1, "zscale" => 2.0, "foc" => 1, "distorted" => 0, "rho" => 1.0, "gamma" => 10.0)
=============================================================
logadjustment: true
reflective_boundary: false
0.1002
U: [1.0331966455186503 0.4546065240282061; 0.0 0.06463435618925897]
L: [1.0331966455186503 0.0; 0.4546065240282061 0.06463435618925897]
[-2.220446049250313e-16 0.0; 0.0 0.0]
sigma_k: [0.010331966455186503, 0.004546065240282061]
sigma_z: [0.0, 0.06463435618925897]
Compute value function WITH ROBUSTNESS
computing undistorted version...
zmax = 5.0, zmin = -5.0, zlength = 401
natural boundary condition
----------------------------------
Iteration = 1
Distance = 1.231191956808137
v max = -0.8920106702584242
v min = -3.231191956808137
d max = 0.07607142857142857
d min = 0.07607142857142857
dF max = 0.07607142857142857
dB max = 0.07607142857142857
hk max = 0.010331966455186503
hk min = 0.010331966455186503
hz max = 0.004546065240282061
hz min = 0.004546065240282061
lambdaF max = 0.1596347330627016
lambdaF min = 0.006028620769798677
lambdaB max = 0.1596347330627016
lambdaB min = 0.006028620769798677
----------------------------------
----------------------------------
Iteration = 2
Distance = 0.9779143585510686
v max = -0.5909456943647358
v min = -4.209106315359206
d max = 0.07607142857142857
d min = 0.07607142857142857
dF max = 0.07607142857142857
dB max = 0.07607142857142857
hk max = 0.010331966455186503
hk min = 0.010331966455186503
hz max = 0.01966521288689622
hz min = 0.01966521288688933
lambdaF max = 0.3141560531703528
lambdaF min = 0.006028620769798677
lambdaB max = 0.3141560531703528
lambdaB min = 0.006028620769798677
----------------------------------
----------------------------------
Iteration = 3
Distance = 0.6946915764803796
v max = -0.4815617313536363
v min = -4.903797891839585
d max = 0.07607142857142857
d min = 0.07607142857142857
dF max = 0.07607142857142857
dB max = 0.07607142857142857
hk max = 0.010331966455186503
hk min = 0.010331966455186503
hz max = 0.03141384446893811
hz min = 0.02444978247708599
lambdaF max = 0.4193626145923433
lambdaF min = 0.006028620769798677
lambdaB max = 0.4229855222940405
lambdaB min = 0.006028620769798677
----------------------------------
----------------------------------
Iteration = 4
Distance = 0.5089861021410469
v max = -0.4684231255473798
v min = -5.412783993980632
d max = 0.07607142857142857
d min = 0.07607142857142857
dF max = 0.07607142857142857
dB max = 0.07607142857142857
hk max = 0.010331966455186503
hk min = 0.010331966455186503
hz max = 0.03930473392298622
hz min = 0.026772298393447
lambdaF max = 0.4963947044764225
lambdaF min = 0.006028620769798677
lambdaB max = 0.502494315870357
lambdaB min = 0.006028620769798677
----------------------------------
----------------------------------
Iteration = 5
Distance = 0.38444794254362247
v max = -0.49728692098695493
v min = -5.797231936524255
d max = 0.07607142857142857
d min = 0.07607142857142857
dF max = 0.07607142857142857
dB max = 0.07607142857142857
hk max = 0.010331966455186503
hk min = 0.010331966455186503
hz max = 0.044647861365088505
hz min = 0.02784761182185558
lambdaF max = 0.5530164240861725
lambdaF min = 0.006028620769798677
lambdaB max = 0.5610280119106652
lambdaB min = 0.006028620769798677
----------------------------------
----------------------------------
Iteration = 6
Distance = 0.2966311654677911
v max = -0.5448654996928155
v min = -6.093863101992046
d max = 0.07607142857142857
d min = 0.07607142857142857
dF max = 0.07607142857142857
dB max = 0.07607142857142857
hk max = 0.010331966455186503
hk min = 0.010331966455186503
hz max = 0.04831104858942899
hz min = 0.028387077572517464
lambdaF max = 0.5959018919414022
lambdaF min = 0.006028620769798677
lambdaB max = 0.6052722410449157
lambdaB min = 0.006028620769798677
----------------------------------
----------------------------------
Iteration = 7
Distance = 0.23288537177102775
v max = -0.6012565628106129
v min = -6.3267484737630735
d max = 0.07607142857142857
d min = 0.07607142857142857
dF max = 0.07607142857142857
dB max = 0.07607142857142857
hk max = 0.010331966455186503
hk min = 0.010331966455186503
hz max = 0.05083444769174856
hz min = 0.028708570976240202
lambdaF max = 0.6285298693199001
lambdaF min = 0.006028620769798677
lambdaB max = 0.6387713923026926
lambdaB min = 0.006028620769798677
----------------------------------
----------------------------------
Iteration = 8
Distance = 0.18560856223738842
v max = -0.6616270415942398
v min = -6.512357036000462
d max = 0.07607142857142857
d min = 0.07607142857142857
dF max = 0.07607142857142857
dB max = 0.07607142857142857
hk max = 0.010331966455186503
hk min = 0.010331966455186503
hz max = 0.05257650155746492
hz min = 0.028937663453833393
lambdaF max = 0.6528549223795576
lambdaF min = 0.006028620769798677
lambdaB max = 0.663576893284679
lambdaB min = 0.006028620769798677
----------------------------------
----------------------------------
Iteration = 9
Distance = 0.14989917121744867
v max = -0.7229733136078074
v min = -6.662256207217911
d max = 0.07607142857142857
d min = 0.07607142857142857
dF max = 0.07607142857142857
dB max = 0.07607142857142857
hk max = 0.010331966455186503
hk min = 0.010331966455186503
hz max = 0.05378055429921114
hz min = 0.029114743956477902
lambdaF max = 0.6703012350925827
lambdaF min = 0.006028620769798677
lambdaB max = 0.6812385895126001
lambdaB min = 0.006028620769798677
----------------------------------
----------------------------------
Iteration = 10
Distance = 0.12247758695908573
v max = -0.7832197413788178
v min = -6.784733794176996
d max = 0.07607142857142857
d min = 0.07607142857142857
dF max = 0.07607142857142857
dB max = 0.07607142857142857
hk max = 0.010331966455186503
hk min = 0.010331966455186503
hz max = 0.05461333773566412
hz min = 0.029253021877388055
lambdaF max = 0.6822702065674241
lambdaF min = 0.006028620769798677
lambdaB max = 0.6932796502788023
lambdaB min = 0.006028620769798677
----------------------------------
----------------------------------
Iteration = 11
Distance = 0.10109600225713766
v max = -0.8409349594458678
v min = -6.885829796434134
d max = 0.07607142857142857
d min = 0.07607142857142857
dF max = 0.07607142857142857
dB max = 0.07607142857142857
hk max = 0.010331966455186503
hk min = 0.010331966455186503
hz max = 0.05518959732634615
hz min = 0.029360581519355826
lambdaF max = 0.690198164065065
lambdaF min = 0.006028620769798677
lambdaB max = 0.7012280431591045
lambdaB min = 0.006028620769798677
----------------------------------
----------------------------------
Iteration = 12
Distance = 0.08418575316821819
v max = -0.8951177952629479
v min = -6.970015549602352
d max = 0.07607142857142857
d min = 0.07607142857142857
dF max = 0.07607142857142857
dB max = 0.07607142857142857
hk max = 0.010331966455186503
hk min = 0.010331966455186503
hz max = 0.05558848200981649
hz min = 0.029443103653260968
lambdaF max = 0.6953959360435382
lambdaF min = 0.006028620769798677
lambdaB max = 0.7064456887239148
lambdaB min = 0.006028620769798677
----------------------------------
----------------------------------
Iteration = 13
Distance = 0.07063550834996501
v max = -0.945090475977269
v min = -7.040651057952317
d max = 0.07607142857142857
d min = 0.07607142857142857
dF max = 0.07607142857142857
dB max = 0.07607142857142857
hk max = 0.010331966455186503
hk min = 0.010331966455186503
hz max = 0.05586465512738458
hz min = 0.029504018732723396
lambdaF max = 0.698889628397154
lambdaF min = 0.006028620769798677
lambdaB max = 0.7099732030389975
lambdaB min = 0.006028620769798677
----------------------------------
----------------------------------
Iteration = 14
Distance = 0.05964712592855648
v max = -0.9904924767566
v min = -7.100298183880874
d max = 0.07607142857142857
d min = 0.07607142857142857
dF max = 0.07607142857142857
dB max = 0.07607142857142857
hk max = 0.010331966455186503
hk min = 0.010331966455186503
hz max = 0.056055898727905284
hz min = 0.029546637468778975
lambdaF max = 0.7013572611161359
lambdaF min = 0.006028620769798677
lambdaB max = 0.7124811147337735
lambdaB min = 0.006028620769798677
----------------------------------
----------------------------------
Iteration = 15
Distance = 0.050639882464677655
v max = -1.031264140574163
v min = -7.150938066345551
d max = 0.07607142857142857
d min = 0.07607142857142857
dF max = 0.07607142857142857
dB max = 0.07607142857142857
hk max = 0.010331966455186503
hk min = 0.010331966455186503
hz max = 0.056188343008210864
hz min = 0.029575199742647995
lambdaF max = 0.7031714881178647
lambdaF min = 0.006028620769798677
lambdaB max = 0.7143294540594411
lambdaB min = 0.006028620769798677
----------------------------------
----------------------------------
Iteration = 16
Distance = 0.04318580412704698
v max = -1.0675767575464032
v min = -7.194123870472598
d max = 0.07607142857142857
d min = 0.07607142857142857
dF max = 0.07607142857142857
dB max = 0.07607142857142857
hk max = 0.010331966455186503
hk min = 0.010331966455186503
hz max = 0.05628007000344827
hz min = 0.02959404517834049
lambdaF max = 0.7045084419694381
lambdaF min = 0.006028620769798677
lambdaB max = 0.715687261723323
lambdaB min = 0.006028620769798677
----------------------------------
----------------------------------
Iteration = 17
Distance = 0.03696542345442655
v max = -1.0997422672441066
v min = -7.231089293927025
d max = 0.07607142857142857
d min = 0.07607142857142857
dF max = 0.07607142857142857
dB max = 0.07607142857142857
hk max = 0.010331966455186503
hk min = 0.010331966455186503
hz max = 0.05634359857574891
hz min = 0.02960667184612471
lambdaF max = 0.7054592371344356
lambdaF min = 0.006028620769798677
lambdaB max = 0.7166462751054831
lambdaB min = 0.006028620769798677
----------------------------------
----------------------------------
Iteration = 18
Distance = 0.03173715726284865
v max = -1.1281346803743928
v min = -7.2628264511898735
d max = 0.07607142857142857
d min = 0.07607142857142857
dF max = 0.07607142857142857
dB max = 0.07607142857142857
hk max = 0.010331966455186503
hk min = 0.010331966455186503
hz max = 0.056387598677544594
hz min = 0.029615484418027936
lambdaF max = 0.7060994401623495
lambdaF min = 0.006028620769798677
lambdaB max = 0.7172872686132935
lambdaB min = 0.006028620769798677
----------------------------------
----------------------------------
Iteration = 19
Distance = 0.027315892237163908
v max = -1.153134505467671
v min = -7.290142343427037
d max = 0.07607142857142857
d min = 0.07607142857142857
dF max = 0.07607142857142857
dB max = 0.07607142857142857
hk max = 0.010331966455186503
hk min = 0.010331966455186503
hz max = 0.05641807507660142
hz min = 0.029621908551132052
lambdaF max = 0.7065105652372442
lambdaF min = 0.006028620769798677
lambdaB max = 0.7176973069854418
lambdaB min = 0.006028620769798677
----------------------------------
----------------------------------
Iteration = 20
Distance = 0.023557877605544952
v max = -1.175099390519852
v min = -7.313700221032582
d max = 0.07607142857142857
d min = 0.07607142857142857
dF max = 0.07607142857142857
dB max = 0.07607142857142857
hk max = 0.010331966455186503
hk min = 0.010331966455186503
hz max = 0.05643918607161379
hz min = 0.029626652197276677
lambdaF max = 0.7067723164661069
lambdaF min = 0.006028620769798677
lambdaB max = 0.7179593192937054
lambdaB min = 0.006028620769798677
----------------------------------
----------------------------------
Iteration = 21
Distance = 0.02034998968475943
v max = -1.1943566597613817
v min = -7.334050210717342
d max = 0.07607142857142857
d min = 0.07607142857142857
dF max = 0.07607142857142857
dB max = 0.07607142857142857
hk max = 0.010331966455186503
hk min = 0.010331966455186503
hz max = 0.056453810733265074
hz min = 0.02963005735290416
lambdaF max = 0.7069478659724048
lambdaF min = 0.006028620769798677
lambdaB max = 0.7181369910500964
lambdaB min = 0.006028620769798677
----------------------------------
----------------------------------
Iteration = 22
Distance = 0.0176020540768409
v max = -1.2112063974462572
v min = -7.351652264794183
d max = 0.07607142857142857
d min = 0.07607142857142857
dF max = 0.07607142857142857
dB max = 0.07607142857142857
hk max = 0.010331966455186503
hk min = 0.010331966455186503
hz max = 0.05646394231626205
hz min = 0.0296323796821128
lambdaF max = 0.7070763242480619
lambdaF min = 0.006028620769798677
lambdaB max = 0.7182683592704008
lambdaB min = 0.006028620769798677
----------------------------------
----------------------------------
Iteration = 23
Distance = 0.01524131699210507
v max = -1.2259253198384465
v min = -7.366893581786288
d max = 0.07607142857142857
d min = 0.07607142857142857
dF max = 0.07607142857142857
dB max = 0.07607142857142857
hk max = 0.010331966455186503
hk min = 0.010331966455186503
hz max = 0.05647096104934035
hz min = 0.029633889340613194
lambdaF max = 0.707175602906913
lambdaF min = 0.006028620769798677
lambdaB max = 0.7183700675587007
lambdaB min = 0.006028620769798677
----------------------------------
----------------------------------
Iteration = 24
Distance = 0.013208429636231145
v max = -1.2387679527160826
v min = -7.380102011422519
d max = 0.07607142857142857
d min = 0.07607142857142857
dF max = 0.07607142857142857
dB max = 0.07607142857142857
hk max = 0.010331966455186503
hk min = 0.010331966455186503
hz max = 0.056475823028095895
hz min = 0.029634853124782437
lambdaF max = 0.7072512361630494
lambdaF min = 0.006028620769798677
lambdaB max = 0.7184470152684145
lambdaB min = 0.006028620769798677
----------------------------------
----------------------------------
Iteration = 25
Distance = 0.011454499140244323
v max = -1.249965666956593
v min = -7.391556510562763
d max = 0.07607142857142857
d min = 0.07607142857142857
dF max = 0.07607142857142857
dB max = 0.07607142857142857
hk max = 0.010331966455186503
hk min = 0.010331966455186503
hz max = 0.056479190796887124
hz min = 0.02963549086066806
lambdaF max = 0.7073050338155924
lambdaF min = 0.006028620769798677
lambdaB max = 0.7185011124293731
lambdaB min = 0.006028620769798677
----------------------------------
----------------------------------
Iteration = 26
Distance = 0.009938894515270746
v max = -1.25972535076843
v min = -7.401495405078034
d max = 0.07607142857142857
d min = 0.07607142857142857
dF max = 0.07607142857142857
dB max = 0.07607142857142857
hk max = 0.010331966455186503
hk min = 0.010331966455186503
hz max = 0.056481523547998784
hz min = 0.029635947975096708
lambdaF max = 0.7073399529571731
lambdaF min = 0.006028620769798677
lambdaB max = 0.7185358099599131
lambdaB min = 0.006028620769798677
----------------------------------
----------------------------------
Iteration = 27
Distance = 0.008627592099300863
v max = -1.2682292987735881
v min = -7.410122997177335
d max = 0.07607142857142857
d min = 0.07607142857142857
dF max = 0.07607142857142857
dB max = 0.07607142857142857
hk max = 0.010331966455186503
hk min = 0.010331966455186503
hz max = 0.05648313947512861
hz min = 0.029636297180908783
lambdaF max = 0.7073609274610605
lambdaF min = 0.006028620769798677
lambdaB max = 0.7185565244491705
lambdaB min = 0.006028620769798677
----------------------------------
----------------------------------
Iteration = 28
Distance = 0.007491911711295707
v max = -1.2756368091566557
v min = -7.4176149088886305
d max = 0.07607142857142857
d min = 0.07607142857142857
dF max = 0.07607142857142857
dB max = 0.07607142857142857
hk max = 0.010331966455186503
hk min = 0.010331966455186503
hz max = 0.05648425896951342
hz min = 0.02963656407479944
lambdaF max = 0.7073734224382846
lambdaF min = 0.006028620769798677
lambdaB max = 0.7185689662903182
lambdaB min = 0.006028620769798677
----------------------------------
----------------------------------
Iteration = 29
Distance = 0.006507539856760225
v max = -1.2820868997280477
v min = -7.424122448745391
d max = 0.07607142857142857
d min = 0.07607142857142857
dF max = 0.07607142857142857
dB max = 0.07607142857142857
hk max = 0.010331966455186503
hk min = 0.010331966455186503
hz max = 0.05648503461417652
hz min = 0.029636756850579614
lambdaF max = 0.7073817474529703
lambdaF min = 0.006028620769798677
lambdaB max = 0.718577445082059
lambdaB min = 0.006028620769798677
----------------------------------
----------------------------------
Iteration = 30
Distance = 0.005653766328352461
v max = -1.2877012303107966
v min = -7.429776215073743
d max = 0.07607142857142857
d min = 0.07607142857142857
dF max = 0.07607142857142857
dB max = 0.07607142857142857
hk max = 0.010331966455186503
hk min = 0.010331966455186503
hz max = 0.05648557203256964
hz min = 0.02963688476545249
lambdaF max = 0.7073882979946386
lambdaF min = 0.006028620769798677
lambdaB max = 0.7185842296486284
lambdaB min = 0.006028620769798677
----------------------------------
----------------------------------
Iteration = 31
Distance = 0.004912880713297874
v max = -1.2925866006448874
v min = -7.434689095787041
d max = 0.07607142857142857
d min = 0.07607142857142857
dF max = 0.07607142857142857
dB max = 0.07607142857142857
hk max = 0.010331966455186503
hk min = 0.010331966455186503
hz max = 0.05648594436421068
hz min = 0.029636963135331713
lambdaF max = 0.7073938326666794
lambdaF min = 0.006028620769798677
lambdaB max = 0.7185899533852724
lambdaB min = 0.006028620769798677
----------------------------------
----------------------------------
Iteration = 32
Distance = 0.004269689451111169
v max = -1.2968368316359737
v min = -7.438958785238152
d max = 0.07607142857142857
d min = 0.07607142857142857
dF max = 0.07607142857142857
dB max = 0.07607142857142857
hk max = 0.010331966455186503
hk min = 0.010331966455186503
hz max = 0.056486202287128084
hz min = 0.0296370099147537
lambdaF max = 0.7073982689215735
lambdaF min = 0.006028620769798677
lambdaB max = 0.7185944781388836
lambdaB min = 0.006028620769798677
----------------------------------
----------------------------------
Iteration = 33
Distance = 0.003711124473094962
v max = -1.3005341653689235
v min = -7.442669909711247
d max = 0.07607142857142857
d min = 0.07607142857142857
dF max = 0.07607142857142857
dB max = 0.07607142857142857
hk max = 0.010331966455186503
hk min = 0.010331966455186503
hz max = 0.05648638093670774
hz min = 0.029637040212229786
lambdaF max = 0.7074014166591325
lambdaF min = 0.006028620769798677
lambdaB max = 0.71859762824704
lambdaB min = 0.006028620769798677
----------------------------------
----------------------------------
Iteration = 34
Distance = 0.0032259222627253337
v max = -1.30375043239847
v min = -7.4458958319739725
d max = 0.07607142857142857
d min = 0.07607142857142857
dF max = 0.07607142857142857
dB max = 0.07607142857142857
hk max = 0.010331966455186503
hk min = 0.010331966455186503
hz max = 0.056486504676431064
hz min = 0.029637063171228162
lambdaF max = 0.7074033422536683
lambdaF min = 0.006028620769798677
lambdaB max = 0.7185995177951395
lambdaB min = 0.006028620769798677
----------------------------------
----------------------------------
Iteration = 35
Distance = 0.002804357965642268
v max = -1.3065481677064155
v min = -7.448700189939615
d max = 0.07607142857142857
d min = 0.07607142857142857
dF max = 0.07607142857142857
dB max = 0.07607142857142857
hk max = 0.010331966455186503
hk min = 0.010331966455186503
hz max = 0.05648659039300005
hz min = 0.02963708228815549
lambdaF max = 0.7074043705462263
lambdaF min = 0.006028620769798677
lambdaB max = 0.7186005145403938
lambdaB min = 0.006028620769798677
----------------------------------
----------------------------------
Iteration = 36
Distance = 0.0024380233119272177
v max = -1.3089817277861906
v min = -7.451138213251542
d max = 0.07607142857142857
d min = 0.07607142857142857
dF max = 0.07607142857142857
dB max = 0.07607142857142857
hk max = 0.010331966455186503
hk min = 0.010331966455186503
hz max = 0.056486649781106596
hz min = 0.029637097778534273
lambdaF max = 0.7074049064680461
lambdaF min = 0.006028620769798677
lambdaB max = 0.7186010425695746
lambdaB min = 0.006028620769798677
----------------------------------
----------------------------------
Iteration = 37
Distance = 0.0021196399537251054
v max = -1.3110983686939162
v min = -7.453257853205267
d max = 0.07607142857142857
d min = 0.07607142857142857
dF max = 0.07607142857142857
dB max = 0.07607142857142857
hk max = 0.010331966455186503
hk min = 0.010331966455186503
hz max = 0.05648669093372135
hz min = 0.029637109068346046
lambdaF max = 0.7074052632566236
lambdaF min = 0.006028620769798677
lambdaB max = 0.718601411990079
lambdaB min = 0.006028620769798677
----------------------------------
----------------------------------
Iteration = 38
Distance = 0.0018429017480228183
v max = -1.312939220409755
v min = -7.45510075495329
d max = 0.07607142857142857
d min = 0.07607142857142857
dF max = 0.07607142857142857
dB max = 0.07607142857142857
hk max = 0.010331966455186503
hk min = 0.010331966455186503
hz max = 0.05648671945046136
hz min = 0.029637116228488265
lambdaF max = 0.7074055926407194
lambdaF min = 0.006028620769798677
lambdaB max = 0.7186017611934951
lambdaB min = 0.006028620769798677
----------------------------------
----------------------------------
Iteration = 39
Distance = 0.0016023408632994673
v max = -1.3145401184516115
v min = -7.456703095816589
d max = 0.07607142857142857
d min = 0.07607142857142857
dF max = 0.07607142857142857
dB max = 0.07607142857142857
hk max = 0.010331966455186503
hk min = 0.010331966455186503
hz max = 0.05648673920819427
hz min = 0.02963712019446681
lambdaF max = 0.707405914031754
lambdaF min = 0.006028620769798677
lambdaB max = 0.7186020978154481
lambdaB min = 0.006028620769798677
----------------------------------
----------------------------------
Iteration = 40
Distance = 0.001393213601063259
v max = -1.3159322938082878
v min = -7.458096309417653
d max = 0.07607142857142857
d min = 0.07607142857142857
dF max = 0.07607142857142857
dB max = 0.07607142857142857
hk max = 0.010331966455186503
hk min = 0.010331966455186503
hz max = 0.05648675289405159
hz min = 0.029637122275163387
lambdaF max = 0.7074061880107323
lambdaF min = 0.006028620769798677
lambdaB max = 0.7186023778055752
lambdaB min = 0.006028620769798677
----------------------------------
----------------------------------
Iteration = 41
Distance = 0.0012114026300054093
v max = -1.3171429494897
v min = -7.459307712047658
d max = 0.07607142857142857
d min = 0.07607142857142857
dF max = 0.07607142857142857
dB max = 0.07607142857142857
hk max = 0.010331966455186503
hk min = 0.010331966455186503
hz max = 0.056486762372315896
hz min = 0.029637123573238822
lambdaF max = 0.7074063796934151
lambdaF min = 0.006028620769798677
lambdaB max = 0.7186025681220932
lambdaB min = 0.006028620769798677
----------------------------------
----------------------------------
Iteration = 42
Distance = 0.0010533329854220952
v max = -1.3181957576136565
v min = -7.46036104503308
d max = 0.07607142857142857
d min = 0.07607142857142857
dF max = 0.07607142857142857
dB max = 0.07607142857142857
hk max = 0.010331966455186503
hk min = 0.010331966455186503
hz max = 0.05648676893658602
hz min = 0.029637124691300185
lambdaF max = 0.7074064861812447
lambdaF min = 0.006028620769798677
lambdaB max = 0.7186026704339212
lambdaB min = 0.006028620769798677
----------------------------------
----------------------------------
Iteration = 43
Distance = 0.0009158997078548836
v max = -1.3191113012802629
v min = -7.461276944740935
d max = 0.07607142857142857
d min = 0.07607142857142857
dF max = 0.07607142857142857
dB max = 0.07607142857142857
hk max = 0.010331966455186503
hk min = 0.010331966455186503
hz max = 0.05648677348369458
hz min = 0.029637125771687162
lambdaF max = 0.7074065316742575
lambdaF min = 0.006028620769798677
lambdaB max = 0.7186027127330296
lambdaB min = 0.006028620769798677
----------------------------------
----------------------------------
Iteration = 44
Distance = 0.0007964053949223171
v max = -1.3199074719291501
v min = -7.462073350135857
d max = 0.07607142857142857
d min = 0.07607142857142857
dF max = 0.07607142857142857
dB max = 0.07607142857142857
hk max = 0.010331966455186503
hk min = 0.010331966455186503
hz max = 0.05648677663448738
hz min = 0.029637126716670344
lambdaF max = 0.7074065483787149
lambdaF min = 0.006028620769798677
lambdaB max = 0.7186027286907515
lambdaB min = 0.006028620769798677
----------------------------------
----------------------------------
Iteration = 45
Distance = 0.0006925062398686066
v max = -1.3205998237142944
v min = -7.462765856375726
d max = 0.07607142857142857
d min = 0.07607142857142857
dF max = 0.07607142857142857
dB max = 0.07607142857142857
hk max = 0.010331966455186503
hk min = 0.010331966455186503
hz max = 0.056486778818234405
hz min = 0.029637127406606994
lambdaF max = 0.7074065601734267
lambdaF min = 0.006028620769798677
lambdaB max = 0.7186027416518618
lambdaB min = 0.006028620769798677
----------------------------------
----------------------------------
Iteration = 46
Distance = 0.0006021653570540408
v max = -1.321201883978408
v min = -7.46336802173278
d max = 0.07607142857142857
d min = 0.07607142857142857
dF max = 0.07607142857142857
dB max = 0.07607142857142857
hk max = 0.010331966455186503
hk min = 0.010331966455186503
hz max = 0.05648678033171064
hz min = 0.02963712781294811
lambdaF max = 0.7074065767248799
lambdaF min = 0.006028620769798677
lambdaB max = 0.7186027599480582
lambdaB min = 0.006028620769798677
----------------------------------
----------------------------------
Iteration = 47
Distance = 0.0005236123729712716
v max = -1.321725421026802
v min = -7.463891634105751
d max = 0.07607142857142857
d min = 0.07607142857142857
dF max = 0.07607142857142857
dB max = 0.07607142857142857
hk max = 0.010331966455186503
hk min = 0.010331966455186503
hz max = 0.05648678138034532
hz min = 0.029637128000847588
lambdaF max = 0.7074065967458613
lambdaF min = 0.006028620769798677
lambdaB max = 0.7186027812211423
lambdaB min = 0.006028620769798677
----------------------------------
----------------------------------
Iteration = 48
Distance = 0.00045530841016994117
v max = -1.3221806735949226
v min = -7.464346942515921
d max = 0.07607142857142857
d min = 0.07607142857142857
dF max = 0.07607142857142857
dB max = 0.07607142857142857
hk max = 0.010331966455186503
hk min = 0.010331966455186503
hz max = 0.05648678210661533
hz min = 0.029637128073486757
lambdaF max = 0.7074066148615304
lambdaF min = 0.006028620769798677
lambdaB max = 0.7186027997336379
lambdaB min = 0.006028620769798677
----------------------------------
----------------------------------
Iteration = 49
Distance = 0.0003959157191273377
v max = -1.3225765482249314
v min = -7.464742858235049
d max = 0.07607142857142857
d min = 0.07607142857142857
dF max = 0.07607142857142857
dB max = 0.07607142857142857
hk max = 0.010331966455186503
hk min = 0.010331966455186503
hz max = 0.056486782609478585
hz min = 0.029637128115738768
lambdaF max = 0.7074066271000189
lambdaF min = 0.006028620769798677
lambdaB max = 0.718602811735914
lambdaB min = 0.006028620769798677
----------------------------------
----------------------------------
Iteration = 50
Distance = 0.00034427132363745727
v max = -1.3229207906077924
v min = -7.465087129558686
d max = 0.07607142857142857
d min = 0.07607142857142857
dF max = 0.07607142857142857
dB max = 0.07607142857142857
hk max = 0.010331966455186503
hk min = 0.010331966455186503
hz max = 0.056486782957676326
hz min = 0.029637128168306784
lambdaF max = 0.7074066329198327
lambdaF min = 0.006028620769798677
lambdaB max = 0.718602817121957
lambdaB min = 0.006028620769798677
----------------------------------
----------------------------------
Iteration = 51
Distance = 0.00029936413822095886
v max = -1.3232201355264614
v min = -7.465386493696907
d max = 0.07607142857142857
d min = 0.07607142857142857
dF max = 0.07607142857142857
dB max = 0.07607142857142857
hk max = 0.010331966455186503
hk min = 0.010331966455186503
hz max = 0.05648678319886772
hz min = 0.029637128233290178
lambdaF max = 0.7074066343708593
lambdaF min = 0.006028620769798677
lambdaB max = 0.7186028182739931
lambdaB min = 0.006028620769798677
----------------------------------
----------------------------------
Iteration = 52
Distance = 0.00026031509483104287
v max = -1.3234804384268695
v min = -7.465646808791738
d max = 0.07607142857142857
d min = 0.07607142857142857
dF max = 0.07607142857142857
dB max = 0.07607142857142857
hk max = 0.010331966455186503
hk min = 0.010331966455186503
hz max = 0.05648678336603185
hz min = 0.02963712829506453
lambdaF max = 0.7074066341674996
lambdaF min = 0.006028620769798677
lambdaB max = 0.7186028180138629
lambdaB min = 0.006028620769798677
----------------------------------
----------------------------------
Iteration = 53
Distance = 0.0002263598797291877
v max = -1.3237067905616957
v min = -7.465873168671467
d max = 0.07607142857142857
d min = 0.07607142857142857
dF max = 0.07607142857142857
dB max = 0.07607142857142857
hk max = 0.010331966455186503
hk min = 0.010331966455186503
hz max = 0.05648678348192937
hz min = 0.02963712833948939
lambdaF max = 0.7074066341957813
lambdaF min = 0.006028620769798677
lambdaB max = 0.7186028181575738
lambdaB min = 0.006028620769798677
----------------------------------
----------------------------------
Iteration = 54
Distance = 0.00019683393580649522
v max = -1.3239036192432772
v min = -7.466070002607274
d max = 0.07607142857142857
d min = 0.07607142857142857
dF max = 0.07607142857142857
dB max = 0.07607142857142857
hk max = 0.010331966455186503
hk min = 0.010331966455186503
hz max = 0.056486783562271395
hz min = 0.029637128362734567
lambdaF max = 0.7074066350556989
lambdaF min = 0.006028620769798677
lambdaB max = 0.718602819174949
lambdaB min = 0.006028620769798677
----------------------------------
----------------------------------
Iteration = 55
Distance = 0.00017115943092083086
v max = -1.3240747747624293
v min = -7.4662411620381945
d max = 0.07607142857142857
d min = 0.07607142857142857
dF max = 0.07607142857142857
dB max = 0.07607142857142857
hk max = 0.010331966455186503
hk min = 0.010331966455186503
hz max = 0.056486783617939955
hz min = 0.02963712837014292
lambdaF max = 0.7074066364282774
lambdaF min = 0.006028620769798677
lambdaB max = 0.7186028206516312
lambdaB min = 0.006028620769798677
----------------------------------
----------------------------------
Iteration = 56
Distance = 0.00014883393278264379
v max = -1.3242236056426733
v min = -7.466389995970977
d max = 0.07607142857142857
d min = 0.07607142857142857
dF max = 0.07607142857142857
dB max = 0.07607142857142857
hk max = 0.010331966455186503
hk min = 0.010331966455186503
hz max = 0.05648678365648291
hz min = 0.02963712837042134
lambdaF max = 0.7074066377208165
lambdaF min = 0.006028620769798677
lambdaB max = 0.7186028219685049
lambdaB min = 0.006028620769798677
----------------------------------
----------------------------------
Iteration = 57
Distance = 0.00012942056531262125
v max = -1.324353023888194
v min = -7.46651941653629
d max = 0.07607142857142857
d min = 0.07607142857142857
dF max = 0.07607142857142857
dB max = 0.07607142857142857
hk max = 0.010331966455186503
hk min = 0.010331966455186503
hz max = 0.05648678368315642
hz min = 0.029637128370370826
lambdaF max = 0.707406638542369
lambdaF min = 0.006028620769798677
lambdaB max = 0.7186028227601365
lambdaB min = 0.006028620769798677
----------------------------------
----------------------------------
Iteration = 58
Distance = 0.00011253945151512568
v max = -1.3244655617088594
v min = -7.466631955987805
d max = 0.07607142857142857
d min = 0.07607142857142857
dF max = 0.07607142857142857
dB max = 0.07607142857142857
hk max = 0.010331966455186503
hk min = 0.010331966455186503
hz max = 0.05648678370161617
hz min = 0.0296371283727601
lambdaF max = 0.7074066388469593
lambdaF min = 0.006028620769798677
lambdaB max = 0.7186028230219536
lambdaB min = 0.006028620769798677
----------------------------------
----------------------------------
Iteration = 59
Distance = 9.786027420854992e-5
v max = -1.3245634209415327
v min = -7.4667298162620135
d max = 0.07607142857142857
d min = 0.07607142857142857
dF max = 0.07607142857142857
dB max = 0.07607142857142857
hk max = 0.010331966455186503
hk min = 0.010331966455186503
hz max = 0.056486783714408705
hz min = 0.02963712837705298
lambdaF max = 0.7074066388247751
lambdaF min = 0.006028620769798677
lambdaB max = 0.7186028229729988
lambdaB min = 0.006028620769798677
----------------------------------
----------------------------------
Iteration = 60
Distance = 8.509580840776465e-5
v max = -1.32464851613283
v min = -7.466814912070421
d max = 0.07607142857142857
d min = 0.07607142857142857
dF max = 0.07607142857142857
dB max = 0.07607142857142857
hk max = 0.010331966455186503
hk min = 0.010331966455186503
hz max = 0.0564867837232815
hz min = 0.029637128381429678
lambdaF max = 0.7074066387136498
lambdaF min = 0.006028620769798677
lambdaB max = 0.7186028228584558
lambdaB min = 0.006028620769798677
----------------------------------
----------------------------------
Iteration = 61
Distance = 7.399629816884357e-5
v max = -1.3247225120630057
v min = -7.46688890836859
d max = 0.07607142857142857
d min = 0.07607142857142857
dF max = 0.07607142857142857
dB max = 0.07607142857142857
hk max = 0.010331966455186503
hk min = 0.010331966455186503
hz max = 0.05648678372943322
hz min = 0.029637128384456167
lambdaF max = 0.7074066386658311
lambdaF min = 0.006028620769798677
lambdaB max = 0.7186028228223192
lambdaB min = 0.006028620769798677
----------------------------------
----------------------------------
Iteration = 62
Distance = 6.434456768822372e-5
v max = -1.3247868563799035
v min = -7.466953252936278
d max = 0.07607142857142857
d min = 0.07607142857142857
dF max = 0.07607142857142857
dB max = 0.07607142857142857
hk max = 0.010331966455186503
hk min = 0.010331966455186503
hz max = 0.05648678373370429
hz min = 0.029637128385781118
lambdaF max = 0.7074066387156349
lambdaF min = 0.006028620769798677
lambdaB max = 0.7186028228864726
lambdaB min = 0.006028620769798677
----------------------------------
----------------------------------
Iteration = 63
Distance = 5.595177078010494e-5
v max = -1.324842807948438
v min = -7.467009204707058
d max = 0.07607142857142857
d min = 0.07607142857142857
dF max = 0.07607142857142857
dB max = 0.07607142857142857
hk max = 0.010331966455186503
hk min = 0.010331966455186503
hz max = 0.05648678373666189
hz min = 0.029637128385895356
lambdaF max = 0.7074066388199381
lambdaF min = 0.006028620769798677
lambdaB max = 0.7186028229994548
lambdaB min = 0.006028620769798677
----------------------------------
----------------------------------
Iteration = 64
Distance = 4.865369492002003e-5
v max = -1.3248914614714795
v min = -7.467057858401978
d max = 0.07607142857142857
d min = 0.07607142857142857
dF max = 0.07607142857142857
dB max = 0.07607142857142857
hk max = 0.010331966455186503
hk min = 0.010331966455186503
hz max = 0.05648678373870787
hz min = 0.02963712838557675
lambdaF max = 0.7074066389188527
lambdaF min = 0.006028620769798677
lambdaB max = 0.7186028230995875
lambdaB min = 0.006028620769798677
----------------------------------
----------------------------------
Iteration = 65
Distance = 4.230754778067336e-5
v max = -1.3249337688829759
v min = -7.467100165949759
d max = 0.07607142857142857
d min = 0.07607142857142857
dF max = 0.07607142857142857
dB max = 0.07607142857142857
hk max = 0.010331966455186503
hk min = 0.010331966455186503
hz max = 0.05648678374012008
hz min = 0.0296371283853764
lambdaF max = 0.7074066389765031
lambdaF min = 0.006028620769798677
lambdaB max = 0.7186028231539027
lambdaB min = 0.006028620769798677
----------------------------------
----------------------------------
Iteration = 66
Distance = 3.678916294092005e-5
v max = -1.3249705579511717
v min = -7.4671369551127
d max = 0.07607142857142857
d min = 0.07607142857142857
dF max = 0.07607142857142857
dB max = 0.07607142857142857
hk max = 0.010331966455186503
hk min = 0.010331966455186503
hz max = 0.05648678374109829
hz min = 0.029637128385487193
lambdaF max = 0.7074066389905415
lambdaF min = 0.006028620769798677
lambdaB max = 0.7186028231638513
lambdaB min = 0.006028620769798677
----------------------------------
----------------------------------
Iteration = 67
Distance = 3.1990570183104694e-5
v max = -1.3250025484648464
v min = -7.467168945682883
d max = 0.07607142857142857
d min = 0.07607142857142857
dF max = 0.07607142857142857
dB max = 0.07607142857142857
hk max = 0.010331966455186503
hk min = 0.010331966455186503
hz max = 0.0564867837417734
hz min = 0.02963712838580408
lambdaF max = 0.7074066389794021
lambdaF min = 0.006028620769798677
lambdaB max = 0.7186028231504025
lambdaB min = 0.006028620769798677
----------------------------------
----------------------------------
Iteration = 68
Distance = 2.7817882743974565e-5
v max = -1.325030366318073
v min = -7.467196763565627
d max = 0.07607142857142857
d min = 0.07607142857142857
dF max = 0.07607142857142857
dB max = 0.07607142857142857
hk max = 0.010331966455186503
hk min = 0.010331966455186503
hz max = 0.05648678374224643
hz min = 0.02963712838613819
lambdaF max = 0.7074066389644026
lambdaF min = 0.006028620769798677
lambdaB max = 0.7186028231352668
lambdaB min = 0.006028620769798677
----------------------------------
----------------------------------
Iteration = 69
Distance = 2.418946022242352e-5
v max = -1.3250545557628024
v min = -7.4672209530258495
d max = 0.07607142857142857
d min = 0.07607142857142857
dF max = 0.07607142857142857
dB max = 0.07607142857142857
hk max = 0.010331966455186503
hk min = 0.010331966455186503
hz max = 0.0564867837425748
hz min = 0.02963712838635576
lambdaF max = 0.7074066389578955
lambdaF min = 0.006028620769798677
lambdaB max = 0.7186028231299534
lambdaB min = 0.006028620769798677
----------------------------------
----------------------------------
Iteration = 70
Distance = 2.1034311142642537e-5
v max = -1.3250755900630384
v min = -7.467241987336992
d max = 0.07607142857142857
d min = 0.07607142857142857
dF max = 0.07607142857142857
dB max = 0.07607142857142857
hk max = 0.010331966455186503
hk min = 0.010331966455186503
hz max = 0.056486783742802124
hz min = 0.029637128386428666
lambdaF max = 0.7074066389614564
lambdaF min = 0.006028620769798677
lambdaB max = 0.7186028231348254
lambdaB min = 0.006028620769798677
----------------------------------
----------------------------------
Iteration = 71
Distance = 1.8290703902579253e-5
v max = -1.3250938807564743
v min = -7.467260278040895
d max = 0.07607142857142857
d min = 0.07607142857142857
dF max = 0.07607142857142857
dB max = 0.07607142857142857
hk max = 0.010331966455186503
hk min = 0.010331966455186503
hz max = 0.05648678374295598
hz min = 0.029637128386405705
lambdaF max = 0.7074066389700905
lambdaF min = 0.006028620769798677
lambdaB max = 0.7186028231441748
lambdaB min = 0.006028620769798677
----------------------------------
----------------------------------
Iteration = 72
Distance = 1.5904958918788736e-5
v max = -1.3251097857052236
v min = -7.4672761829998135
d max = 0.07607142857142857
d min = 0.07607142857142857
dF max = 0.07607142857142857
dB max = 0.07607142857142857
hk max = 0.010331966455186503
hk min = 0.010331966455186503
hz max = 0.0564867837430639
hz min = 0.029637128386357483
lambdaF max = 0.7074066389780629
lambdaF min = 0.006028620769798677
lambdaB max = 0.7186028231521525
lambdaB min = 0.006028620769798677
----------------------------------
----------------------------------
Iteration = 73
Distance = 1.3830398378544828e-5
v max = -1.3251236160951372
v min = -7.467290013398192
d max = 0.07607142857142857
d min = 0.07607142857142857
dF max = 0.07607142857142857
dB max = 0.07607142857142857
hk max = 0.010331966455186503
hk min = 0.010331966455186503
hz max = 0.05648678374314198
hz min = 0.02963712838633165
lambdaF max = 0.7074066389822223
lambdaF min = 0.006028620769798677
lambdaB max = 0.7186028231559838
lambdaB min = 0.006028620769798677
----------------------------------
----------------------------------
Iteration = 74
Distance = 1.2026432879785887e-5
v max = -1.3251356425223069
v min = -7.467302039831072
d max = 0.07607142857142857
d min = 0.07607142857142857
dF max = 0.07607142857142857
dB max = 0.07607142857142857
hk max = 0.010331966455186503
hk min = 0.010331966455186503
hz max = 0.05648678374319479
hz min = 0.029637128386336243
lambdaF max = 0.7074066389826478
lambdaF min = 0.006028620769798677
lambdaB max = 0.7186028231560153
lambdaB min = 0.006028620769798677
----------------------------------
----------------------------------
Iteration = 75
Distance = 1.0457767389837613e-5
v max = -1.3251461002866591
v min = -7.467312497598462
d max = 0.07607142857142857
d min = 0.07607142857142857
dF max = 0.07607142857142857
dB max = 0.07607142857142857
hk max = 0.010331966455186503
hk min = 0.010331966455186503
hz max = 0.056486783743229234
hz min = 0.029637128386363797
lambdaF max = 0.7074066389810565
lambdaF min = 0.006028620769798677
lambdaB max = 0.7186028231542336
lambdaB min = 0.006028620769798677
----------------------------------
----------------------------------
Iteration = 76
Distance = 9.09371054369501e-6
v max = -1.3251551939959698
v min = -7.467321591309005
d max = 0.07607142857142857
d min = 0.07607142857142857
dF max = 0.07607142857142857
dB max = 0.07607142857142857
hk max = 0.010331966455186503
hk min = 0.010331966455186503
hz max = 0.05648678374325449
hz min = 0.02963712838638963
lambdaF max = 0.7074066389794494
lambdaF min = 0.006028620769798677
lambdaB max = 0.7186028231526255
lambdaB min = 0.006028620769798677
----------------------------------
    Value Function Converged, Iteration = 76 with gamma=10.0 with rho=1.0 and v=-3.5035304259778757
    Natural boundary condition
=============================================================
Convegence time (minutes): 0.11010561388333334
Current Time = 16:00:06
grid points for z:  401
grid size for z:  0.025
-0.300852838549165
-0.47600517324470054
--- 8.493481636047363 seconds for the elasticity computation ---
-0.05136327300423921
-0.19985602985830897
--- 0.22267436981201172 seconds for the elasticity computation ---
-0.10370171992702919
-0.2761491433863915
--- 0.22217178344726562 seconds for the elasticity computation ---
-0.37520743963619385
-0.48344418909243486
--- 0.22194766998291016 seconds for the elasticity computation ---
Current Time = 16:00:18
grid points for z:  401
grid size for z:  0.025
rho = 1
0.05935460108702888
--- 8.184434413909912 seconds for the elasticity computation ---
0.0
--- 0.06622195243835449 seconds for the elasticity computation ---
0.05935460108702888
--- 0.06560826301574707 seconds for the elasticity computation ---
0.0
--- 0.06528043746948242 seconds for the elasticity computation ---
0.0
--- 0.0651555061340332 seconds for the elasticity computation ---
0.05935460108702888
0.007439015847734282
--- 0.06543779373168945 seconds for the elasticity computation ---
0.05935460108702888
0.007439015847734282
--- 0.06874918937683105 seconds for the elasticity computation ---
0.05935460108702888
0.007439015847734282
--- 0.06555414199829102 seconds for the elasticity computation ---
0.05935460108702888
0.007439015847734282
--- 0.06564617156982422 seconds for the elasticity computation ---
parsed_args = parse_commandline() = Dict{String, Any}("dataname" => "upper_triangular_four_ambiguous_parameters", "clowerlim" => 0.0001, "delta" => 0.015, "boundary" => 0, "Delta" => 10.0, "q" => 0.1, "zmax" => 5.0, "logadjustment" => 1, "zscale" => 2.0, "foc" => 1, "distorted" => 0, "rho" => 1.0, "gamma" => 10.0)
=============================================================
./output/upper_triangular_four_ambiguous_parameters/Delta_10.0_distorted_0/logadjustment_1_boundary_0/zmax_5.0_zscale_2.0/delta_0.015/q_0.1_gamma_10.0_rho_1.0/
=============================================================
solve for structured linear system 
structured_relative_entropy = 0.10126263688232853
=============================================================
solve for unstructured linear system 
q_update = 0.5109604936935067
=============================================================
parsed_args = parse_commandline() = Dict{String, Any}("dataname" => "upper_triangular_four_ambiguous_parameters", "clowerlim" => 0.0001, "delta" => 0.015, "boundary" => 0, "Delta" => 10.0, "q" => 0.1, "zmax" => 5.0, "logadjustment" => 1, "zscale" => 2.0, "foc" => 1, "distorted" => 0, "rho" => 1.0, "gamma" => 10.0)
=============================================================
./output/upper_triangular_four_ambiguous_parameters/Delta_10.0_distorted_0/logadjustment_1_boundary_0/zmax_5.0_zscale_2.0/delta_0.015/q_0.1_gamma_10.0_rho_1.0/
=============================================================
solve for structured linear system 
structured_relative_entropy = 0.1012626368823285
=============================================================
solve for unstructured linear system 
q_update = 0.5109604936935067
=============================================================
Program ends Fri Jan 19 16:01:00 CST 2024
Elapsed time: 0 days 00 hr 01 min 33 sec
