D_10.0_distorted_0_boundary_0_delta_0.02_gamma_5.0_q_0.2_rho_1.0_upper_triangular_four_ambiguous_parameters
Program starts Fri Jan 19 15:59:30 CST 2024
parsed_args = parse_commandline() = Dict{String, Any}("dataname" => "upper_triangular_four_ambiguous_parameters", "clowerlim" => 0.0001, "delta" => 0.02, "boundary" => 0, "Delta" => 10.0, "q" => 0.2, "zmax" => 5.0, "logadjustment" => 1, "zscale" => 2.0, "foc" => 1, "distorted" => 0, "rho" => 1.0, "gamma" => 5.0)
=============================================================
logadjustment: true
reflective_boundary: false
0.109
U: [1.0331966455186503 0.4546065240282061; 0.0 0.06463435618925897]
L: [1.0331966455186503 0.0; 0.4546065240282061 0.06463435618925897]
[-2.220446049250313e-16 0.0; 0.0 0.0]
sigma_k: [0.010331966455186503, 0.004546065240282061]
sigma_z: [0.0, 0.06463435618925897]
Compute value function WITH ROBUSTNESS
computing undistorted version...
zmax = 5.0, zmin = -5.0, zlength = 401
natural boundary condition
----------------------------------
Iteration = 1
Distance = 1.2127288999693033
v max = -0.9400016272420315
v min = -3.2127288999693033
d max = 0.07672413793103448
d min = 0.07672413793103448
dF max = 0.07672413793103448
dB max = 0.07672413793103448
hk max = 0.010331966455186503
hk min = 0.010331966455186503
hz max = 0.004546065240282061
hz min = 0.004546065240282061
lambdaF max = 0.0798173665313508
lambdaF min = 0.0028381093903120857
lambdaB max = 0.0798173665313508
lambdaB min = 0.0028381093903120857
----------------------------------
----------------------------------
Iteration = 2
Distance = 1.0941900661008002
v max = -1.0810601155616186
v min = -4.3069189660701035
d max = 0.07672413793103448
d min = 0.07672413793103448
dF max = 0.07672413793103448
dB max = 0.07672413793103448
hk max = 0.010331966455186503
hk min = 0.010331966455186503
hz max = 0.019235691646935688
hz min = 0.019235691646927653
lambdaF max = 0.15439581664781496
lambdaF min = 0.0028381093903120857
lambdaB max = 0.15439581664782212
lambdaB min = 0.0028381093903120857
----------------------------------
----------------------------------
Iteration = 3
Distance = 0.7906497048133465
v max = -1.097864215408937
v min = -5.09756867088345
d max = 0.07672413793103448
d min = 0.07672413793103448
dF max = 0.07672413793103448
dB max = 0.07672413793103448
hk max = 0.010331966455186503
hk min = 0.010331966455186503
hz max = 0.0324563223695369
hz min = 0.018336070103038945
lambdaF max = 0.19387108744705325
lambdaF min = 0.0028381093903120857
lambdaB max = 0.1975837111837648
lambdaB min = 0.0028381093903120857
----------------------------------
----------------------------------
Iteration = 4
Distance = 0.5812362756134695
v max = -1.1494953293994854
v min = -5.6788049464969195
d max = 0.07672413793103448
d min = 0.07672413793103448
dF max = 0.07672413793103448
dB max = 0.07672413793103448
hk max = 0.010331966455186503
hk min = 0.010331966455186503
hz max = 0.04174480312752399
hz min = 0.018931202745408878
lambdaF max = 0.2264357665351113
lambdaF min = 0.0028381093903120857
lambdaB max = 0.23215453628901583
lambdaB min = 0.0028381093903120857
----------------------------------
----------------------------------
Iteration = 5
Distance = 0.4402383982555991
v max = -1.2014685794805633
v min = -6.1190433447525185
d max = 0.07672413793103448
d min = 0.07672413793103448
dF max = 0.07672413793103448
dB max = 0.07672413793103448
hk max = 0.010331966455186503
hk min = 0.010331966455186503
hz max = 0.04832011880056338
hz min = 0.019060298148776703
lambdaF max = 0.2486670031069955
lambdaF min = 0.0028381093903120857
lambdaB max = 0.255788460821232
lambdaB min = 0.0028381093903120857
----------------------------------
----------------------------------
Iteration = 6
Distance = 0.3382311319608897
v max = -1.2563734931914468
v min = -6.457274476713408
d max = 0.07672413793103448
d min = 0.07672413793103448
dF max = 0.07672413793103448
dB max = 0.07672413793103448
hk max = 0.010331966455186503
hk min = 0.010331966455186503
hz max = 0.05309227277181711
hz min = 0.01922226827202601
lambdaF max = 0.2658708565702668
lambdaF min = 0.0028381093903120857
lambdaB max = 0.2737521544700952
lambdaB min = 0.0028381093903120857
----------------------------------
----------------------------------
Iteration = 7
Distance = 0.26216444979765186
v max = -1.3096530425775184
v min = -6.71943892651106
d max = 0.07672413793103448
d min = 0.07672413793103448
dF max = 0.07672413793103448
dB max = 0.07672413793103448
hk max = 0.010331966455186503
hk min = 0.010331966455186503
hz max = 0.05658799189719322
hz min = 0.01934729316158522
lambdaF max = 0.2789569283514721
lambdaF min = 0.0028381093903120857
lambdaB max = 0.2876342072448641
lambdaB min = 0.0028381093903120857
----------------------------------
----------------------------------
Iteration = 8
Distance = 0.20455738294651749
v max = -1.3583211102588393
v min = -6.923996309457578
d max = 0.07672413793103448
d min = 0.07672413793103448
dF max = 0.07672413793103448
dB max = 0.07672413793103448
hk max = 0.010331966455186503
hk min = 0.010331966455186503
hz max = 0.059159164432686866
hz min = 0.01941291611937187
lambdaF max = 0.28901336746290457
lambdaF min = 0.0028381093903120857
lambdaB max = 0.2982937834982361
lambdaB min = 0.0028381093903120857
----------------------------------
----------------------------------
Iteration = 9
Distance = 0.16048702233429157
v max = -1.4029272841943359
v min = -7.084483331791869
d max = 0.07672413793103448
d min = 0.07672413793103448
dF max = 0.07672413793103448
dB max = 0.07672413793103448
hk max = 0.010331966455186503
hk min = 0.010331966455186503
hz max = 0.061054474297209976
hz min = 0.019461504029310128
lambdaF max = 0.29679382787421754
lambdaF min = 0.0028381093903120857
lambdaB max = 0.3065281231073575
lambdaB min = 0.0028381093903120857
----------------------------------
----------------------------------
Iteration = 10
Distance = 0.1265158859843849
v max = -1.4436112140506985
v min = -7.210999217776254
d max = 0.07672413793103448
d min = 0.07672413793103448
dF max = 0.07672413793103448
dB max = 0.07672413793103448
hk max = 0.010331966455186503
hk min = 0.010331966455186503
hz max = 0.062453430022518436
hz min = 0.019518344508362144
lambdaF max = 0.30281011651179196
lambdaF min = 0.0028381093903120857
lambdaB max = 0.31288492367584586
lambdaB min = 0.0028381093903120857
----------------------------------
----------------------------------
Iteration = 11
Distance = 0.10016721096115955
v max = -1.479366606150908
v min = -7.311166428737414
d max = 0.07672413793103448
d min = 0.07672413793103448
dF max = 0.07672413793103448
dB max = 0.07672413793103448
hk max = 0.010331966455186503
hk min = 0.010331966455186503
hz max = 0.06348689998015841
hz min = 0.019547093906501077
lambdaF max = 0.30744402813252136
lambdaF min = 0.0028381093903120857
lambdaB max = 0.31777393109136315
lambdaB min = 0.0028381093903120857
----------------------------------
----------------------------------
Iteration = 12
Distance = 0.07962149446917088
v max = -1.5111521447334229
v min = -7.3907879232065845
d max = 0.07672413793103448
d min = 0.07672413793103448
dF max = 0.07672413793103448
dB max = 0.07672413793103448
hk max = 0.010331966455186503
hk min = 0.010331966455186503
hz max = 0.06425080764586327
hz min = 0.01956804653681017
lambdaF max = 0.3109995388695263
lambdaF min = 0.0028381093903120857
lambdaB max = 0.3215193996943339
lambdaB min = 0.0028381093903120857
----------------------------------
----------------------------------
Iteration = 13
Distance = 0.06352416729947308
v max = -1.5393137937398023
v min = -7.454312090506058
d max = 0.07672413793103448
d min = 0.07672413793103448
dF max = 0.07672413793103448
dB max = 0.07672413793103448
hk max = 0.010331966455186503
hk min = 0.010331966455186503
hz max = 0.06481568835840454
hz min = 0.019599321939805698
lambdaF max = 0.31371178323544363
lambdaF min = 0.0028381093903120857
lambdaB max = 0.3243728165454614
lambdaB min = 0.0028381093903120857
----------------------------------
----------------------------------
Iteration = 14
Distance = 0.050856826922492715
v max = -1.5634832950496214
v min = -7.50516891742855
d max = 0.07672413793103448
d min = 0.07672413793103448
dF max = 0.07672413793103448
dB max = 0.07672413793103448
hk max = 0.010331966455186503
hk min = 0.010331966455186503
hz max = 0.06523351433630245
hz min = 0.019607169459553462
lambdaF max = 0.3157699830773916
lambdaF min = 0.0028381093903120857
lambdaB max = 0.32653562422962895
lambdaB min = 0.0028381093903120857
----------------------------------
----------------------------------
Iteration = 15
Distance = 0.04084787187518213
v max = -1.5847996361823014
v min = -7.546016789303732
d max = 0.07672413793103448
d min = 0.07672413793103448
dF max = 0.07672413793103448
dB max = 0.07672413793103448
hk max = 0.010331966455186503
hk min = 0.010331966455186503
hz max = 0.06554263142341571
hz min = 0.01962039110947322
lambdaF max = 0.3173243336824356
lambdaF min = 0.0028381093903120857
lambdaB max = 0.32816728487034064
lambdaB min = 0.0028381093903120857
----------------------------------
----------------------------------
Iteration = 16
Distance = 0.0329089476806157
v max = -1.6031488519566055
v min = -7.578925736984348
d max = 0.07672413793103448
d min = 0.07672413793103448
dF max = 0.07672413793103448
dB max = 0.07672413793103448
hk max = 0.010331966455186503
hk min = 0.010331966455186503
hz max = 0.0657713576428316
hz min = 0.019636545400493324
lambdaF max = 0.3184925198579251
lambdaF min = 0.0028381093903120857
lambdaB max = 0.3293926041029322
lambdaB min = 0.0028381093903120857
----------------------------------
----------------------------------
Iteration = 17
Distance = 0.02658895248475357
v max = -1.6187394506902995
v min = -7.605514689469102
d max = 0.07672413793103448
d min = 0.07672413793103448
dF max = 0.07672413793103448
dB max = 0.07672413793103448
hk max = 0.010331966455186503
hk min = 0.010331966455186503
hz max = 0.06594061897182364
hz min = 0.019633161828429047
lambdaF max = 0.319367520328209
lambdaF min = 0.0028381093903120857
lambdaB max = 0.3303097469820938
lambdaB min = 0.0028381093903120857
----------------------------------
----------------------------------
Iteration = 18
Distance = 0.021540309749303432
v max = -1.6324659980028282
v min = -7.627054999218405
d max = 0.07672413793103448
d min = 0.07672413793103448
dF max = 0.07672413793103448
dB max = 0.07672413793103448
hk max = 0.010331966455186503
hk min = 0.010331966455186503
hz max = 0.06606588594354801
hz min = 0.019648090651775297
lambdaF max = 0.3200206854862088
lambdaF min = 0.0028381093903120857
lambdaB max = 0.3309940237729999
lambdaB min = 0.0028381093903120857
----------------------------------
----------------------------------
Iteration = 19
Distance = 0.017493993788095352
v max = -1.6438305304266991
v min = -7.6445489930065005
d max = 0.07672413793103448
d min = 0.07672413793103448
dF max = 0.07672413793103448
dB max = 0.07672413793103448
hk max = 0.010331966455186503
hk min = 0.010331966455186503
hz max = 0.06615859965965852
hz min = 0.019648274108583098
lambdaF max = 0.32050714252871193
lambdaF min = 0.0028381093903120857
lambdaB max = 0.33150344593443487
lambdaB min = 0.0028381093903120857
----------------------------------
----------------------------------
Iteration = 20
Distance = 0.014240887408762504
v max = -1.6537217786688887
v min = -7.658789880415263
d max = 0.07672413793103448
d min = 0.07672413793103448
dF max = 0.07672413793103448
dB max = 0.07672413793103448
hk max = 0.010331966455186503
hk min = 0.010331966455186503
hz max = 0.06622722331023234
hz min = 0.019647926363928387
lambdaF max = 0.3208688103554949
lambdaF min = 0.0028381093903120857
lambdaB max = 0.3318820666815652
lambdaB min = 0.0028381093903120857
----------------------------------
----------------------------------
Iteration = 21
Distance = 0.01161777722328683
v max = -1.662145752530983
v min = -7.67040765763855
d max = 0.07672413793103448
d min = 0.07672413793103448
dF max = 0.07672413793103448
dB max = 0.07672413793103448
hk max = 0.010331966455186503
hk min = 0.010331966455186503
hz max = 0.06627801837935766
hz min = 0.019660108081856
lambdaF max = 0.32113726321367614
lambdaF min = 0.0028381093903120857
lambdaB max = 0.33216305417829983
lambdaB min = 0.0028381093903120857
----------------------------------
----------------------------------
Iteration = 22
Distance = 0.009496775738842445
v max = -1.6690314524839296
v min = -7.679904433377392
d max = 0.07672413793103448
d min = 0.07672413793103448
dF max = 0.07672413793103448
dB max = 0.07672413793103448
hk max = 0.010331966455186503
hk min = 0.010331966455186503
hz max = 0.0663156180397736
hz min = 0.019648962110096747
lambdaF max = 0.32133643422996566
lambdaF min = 0.0028381093903120857
lambdaB max = 0.33237148380252074
lambdaB min = 0.0028381093903120857
----------------------------------
----------------------------------
Iteration = 23
Distance = 0.007777292063902763
v max = -1.675259971100549
v min = -7.687681725441295
d max = 0.07672413793103448
d min = 0.07672413793103448
dF max = 0.07672413793103448
dB max = 0.07672413793103448
hk max = 0.010331966455186503
hk min = 0.010331966455186503
hz max = 0.06634345093732764
hz min = 0.019661580683035983
lambdaF max = 0.3214840386686107
lambdaF min = 0.0028381093903120857
lambdaB max = 0.3325259419329305
lambdaB min = 0.0028381093903120857
----------------------------------
----------------------------------
Iteration = 24
Distance = 0.0063799119820338035
v max = -1.680089657344414
v min = -7.694061637423329
d max = 0.07672413793103448
d min = 0.07672413793103448
dF max = 0.07672413793103448
dB max = 0.07672413793103448
hk max = 0.010331966455186503
hk min = 0.010331966455186503
hz max = 0.06636405454417002
hz min = 0.01965706597006107
lambdaF max = 0.32159343449143124
lambdaF min = 0.0028381093903120857
lambdaB max = 0.3326404062310699
lambdaB min = 0.0028381093903120857
----------------------------------
----------------------------------
Iteration = 25
Distance = 0.0052417131699815656
v max = -1.6844756204338387
v min = -7.69930335059331
d max = 0.07672413793103448
d min = 0.07672413793103448
dF max = 0.07672413793103448
dB max = 0.07672413793103448
hk max = 0.010331966455186503
hk min = 0.010331966455186503
hz max = 0.0663793069024159
hz min = 0.019654618643987043
lambdaF max = 0.3216744754201473
lambdaF min = 0.0028381093903120857
lambdaB max = 0.33272519929733824
lambdaB min = 0.0028381093903120857
----------------------------------
----------------------------------
Iteration = 26
Distance = 0.004312665782905789
v max = -1.6880745585150716
v min = -7.703616016376216
d max = 0.07672413793103448
d min = 0.07672413793103448
dF max = 0.07672413793103448
dB max = 0.07672413793103448
hk max = 0.010331966455186503
hk min = 0.010331966455186503
hz max = 0.06639059806332027
hz min = 0.01966738244949679
lambdaF max = 0.32173449978197766
lambdaF min = 0.0028381093903120857
lambdaB max = 0.33278800304727435
lambdaB min = 0.0028381093903120857
----------------------------------
----------------------------------
Iteration = 27
Distance = 0.0035528562048119383
v max = -1.6909194501345048
v min = -7.707168872581028
d max = 0.07672413793103448
d min = 0.07672413793103448
dF max = 0.07672413793103448
dB max = 0.07672413793103448
hk max = 0.010331966455186503
hk min = 0.010331966455186503
hz max = 0.06639895692692008
hz min = 0.019648517667043803
lambdaF max = 0.32177897616077855
lambdaF min = 0.0028381093903120857
lambdaB max = 0.3328345352024172
lambdaB min = 0.0028381093903120857
----------------------------------
----------------------------------
Iteration = 28
Distance = 0.0029303376211506915
v max = -1.6937457014776736
v min = -7.710099210202179
d max = 0.07672413793103448
d min = 0.07672413793103448
dF max = 0.07672413793103448
dB max = 0.07672413793103448
hk max = 0.010331966455186503
hk min = 0.010331966455186503
hz max = 0.06640514509663141
hz min = 0.019670956493211503
lambdaF max = 0.32181190331117404
lambdaF min = 0.0028381093903120857
lambdaB max = 0.332868987576768
lambdaB min = 0.0028381093903120857
----------------------------------
----------------------------------
Iteration = 29
Distance = 0.0024194601123781467
v max = -1.6955084557004982
v min = -7.712518670314557
d max = 0.07672413793103448
d min = 0.07672413793103448
dF max = 0.07672413793103448
dB max = 0.07672413793103448
hk max = 0.010331966455186503
hk min = 0.010331966455186503
hz max = 0.06640972633703018
hz min = 0.019651393297064845
lambdaF max = 0.32183630895190496
lambdaF min = 0.0028381093903120857
lambdaB max = 0.33289452039687956
lambdaB min = 0.0028381093903120857
----------------------------------
----------------------------------
Iteration = 30
Distance = 0.0021255822250652034
v max = -1.6976340379255634
v min = -7.714518238357415
d max = 0.07672413793103448
d min = 0.07672413793103448
dF max = 0.07672413793103448
dB max = 0.07672413793103448
hk max = 0.010331966455186503
hk min = 0.010331966455186503
hz max = 0.06641311797346847
hz min = 0.019663756631622845
lambdaF max = 0.3218543744288871
lambdaF min = 0.0028381093903120857
lambdaB max = 0.332913422600666
lambdaB min = 0.0028381093903120857
----------------------------------
----------------------------------
Iteration = 31
Distance = 0.0016539807326338973
v max = -1.6988820355707728
v min = -7.716172219090049
d max = 0.07672413793103448
d min = 0.07672413793103448
dF max = 0.07672413793103448
dB max = 0.07672413793103448
hk max = 0.010331966455186503
hk min = 0.010331966455186503
hz max = 0.06641562893808364
hz min = 0.019663149886530076
lambdaF max = 0.32186776321675653
lambdaF min = 0.0028381093903120857
lambdaB max = 0.33292743005612147
lambdaB min = 0.0028381093903120857
----------------------------------
----------------------------------
Iteration = 32
Distance = 0.0015067380797271213
v max = -1.7002030549205687
v min = -7.717541410606871
d max = 0.07672413793103448
d min = 0.07672413793103448
dF max = 0.07672413793103448
dB max = 0.07672413793103448
hk max = 0.010331966455186503
hk min = 0.010331966455186503
hz max = 0.06641748792602346
hz min = 0.01965089235438621
lambdaF max = 0.3218776782705893
lambdaF min = 0.0028381093903120857
lambdaB max = 0.33293780361331055
lambdaB min = 0.0028381093903120857
----------------------------------
----------------------------------
Iteration = 33
Distance = 0.001185495224454547
v max = -1.7013885501450232
v min = -7.718675647011363
d max = 0.07672413793103448
d min = 0.07672413793103448
dF max = 0.07672413793103448
dB max = 0.07672413793103448
hk max = 0.010331966455186503
hk min = 0.010331966455186503
hz max = 0.06641886423833585
hz min = 0.01967503172941071
lambdaF max = 0.32188502022304316
lambdaF min = 0.0028381093903120857
lambdaB max = 0.3329454855677162
lambdaB min = 0.0028381093903120857
----------------------------------
----------------------------------
Iteration = 34
Distance = 0.0010637101320742914
v max = -1.701911933014124
v min = -7.719615841570229
d max = 0.07672413793103448
d min = 0.07672413793103448
dF max = 0.07672413793103448
dB max = 0.07672413793103448
hk max = 0.010331966455186503
hk min = 0.010331966455186503
hz max = 0.06641988320894128
hz min = 0.019643620028495474
lambdaF max = 0.3218904639168877
lambdaF min = 0.0028381093903120857
lambdaB max = 0.33295118016724184
lambdaB min = 0.0028381093903120857
----------------------------------
----------------------------------
Iteration = 35
Distance = 0.001245707459032408
v max = -1.7031576404731563
v min = -7.720395633238147
d max = 0.07672413793103448
d min = 0.07672413793103448
dF max = 0.07672413793103448
dB max = 0.07672413793103448
hk max = 0.010331966455186503
hk min = 0.010331966455186503
hz max = 0.06642063762368222
hz min = 0.019675648727118314
lambdaF max = 0.3218944884779152
lambdaF min = 0.0028381093903120857
lambdaB max = 0.33295539175294736
lambdaB min = 0.0028381093903120857
----------------------------------
Delta = 5.0
----------------------------------
Iteration = 36
Distance = 0.0004365857499268877
v max = -1.7030109522152537
v min = -7.720751533718203
d max = 0.07672413793103448
d min = 0.07672413793103448
dF max = 0.07672413793103448
dB max = 0.07672413793103448
hk max = 0.010331966455186503
hk min = 0.010331966455186503
hz max = 0.06642119617440126
hz min = 0.01965146408317267
lambdaF max = 0.3218974774134204
lambdaF min = 0.0028381093903120857
lambdaB max = 0.3329585179291029
lambdaB min = 0.0028381093903120857
----------------------------------
----------------------------------
Iteration = 37
Distance = 0.0006441102695735612
v max = -1.7035067167201847
v min = -7.721073821402211
d max = 0.07672413793103448
d min = 0.07672413793103448
dF max = 0.07672413793103448
dB max = 0.07672413793103448
hk max = 0.010331966455186503
hk min = 0.010331966455186503
hz max = 0.06642146012778324
hz min = 0.019651564908174362
lambdaF max = 0.3218989094901367
lambdaF min = 0.0028381093903120857
lambdaB max = 0.33296002505082156
lambdaB min = 0.0028381093903120857
----------------------------------
----------------------------------
Iteration = 38
Distance = 0.000431916333840876
v max = -1.7039386330540256
v min = -7.721365827213537
d max = 0.07672413793103448
d min = 0.07672413793103448
dF max = 0.07672413793103448
dB max = 0.07672413793103448
hk max = 0.010331966455186503
hk min = 0.010331966455186503
hz max = 0.06642167952025126
hz min = 0.019679934412342306
lambdaF max = 0.3219001160017442
lambdaF min = 0.0028381093903120857
lambdaB max = 0.3329612863159056
lambdaB min = 0.0028381093903120857
----------------------------------
----------------------------------
Iteration = 39
Distance = 0.00037688403707392126
v max = -1.7038011616210078
v min = -7.721630466652475
d max = 0.07672413793103448
d min = 0.07672413793103448
dF max = 0.07672413793103448
dB max = 0.07672413793103448
hk max = 0.010331966455186503
hk min = 0.010331966455186503
hz max = 0.06642186268444261
hz min = 0.01964206209277754
lambdaF max = 0.321901114880067
lambdaF min = 0.0028381093903120857
lambdaB max = 0.3329623289390806
lambdaB min = 0.0028381093903120857
----------------------------------
----------------------------------
Iteration = 40
Distance = 0.0006653298702072874
v max = -1.7044655739778842
v min = -7.721870363000102
d max = 0.07672413793103448
d min = 0.07672413793103448
dF max = 0.07672413793103448
dB max = 0.07672413793103448
hk max = 0.010331966455186503
hk min = 0.010331966455186503
hz max = 0.06642201560792521
hz min = 0.019667946833825466
lambdaF max = 0.32190193987823545
lambdaF min = 0.0028381093903120857
lambdaB max = 0.33296318999243424
lambdaB min = 0.0028381093903120857
----------------------------------
Delta = 2.5
----------------------------------
Iteration = 41
Distance = 0.0001537229637180726
v max = -1.7043679677165477
v min = -7.721984761325114
d max = 0.07672413793103448
d min = 0.07672413793103448
dF max = 0.07672413793103448
dB max = 0.07672413793103448
hk max = 0.010331966455186503
hk min = 0.010331966455186503
hz max = 0.0664221432845729
hz min = 0.019670318949162893
lambdaF max = 0.32190262179583085
lambdaF min = 0.0028381093903120857
lambdaB max = 0.3329639019988957
lambdaB min = 0.0028381093903120857
----------------------------------
----------------------------------
Iteration = 42
Distance = 0.0001746629484677964
v max = -1.7043756028324633
v min = -7.722093513045904
d max = 0.07672413793103448
d min = 0.07672413793103448
dF max = 0.07672413793103448
dB max = 0.07672413793103448
hk max = 0.010331966455186503
hk min = 0.010331966455186503
hz max = 0.06642220513655578
hz min = 0.019628742835958415
lambdaF max = 0.3219029538663229
lambdaF min = 0.0028381093903120857
lambdaB max = 0.332964250566898
lambdaB min = 0.0028381093903120857
----------------------------------
----------------------------------
Iteration = 43
Distance = 0.0002840057023132392
v max = -1.7046596085347765
v min = -7.722196916214875
d max = 0.07672413793103448
d min = 0.07672413793103448
dF max = 0.07672413793103448
dB max = 0.07672413793103448
hk max = 0.010331966455186503
hk min = 0.010331966455186503
hz max = 0.06642226093753849
hz min = 0.01969522447362361
lambdaF max = 0.3219032539050485
lambdaF min = 0.0028381093903120857
lambdaB max = 0.3329645644355308
lambdaB min = 0.0028381093903120857
----------------------------------
Delta = 1.25
----------------------------------
Iteration = 44
Distance = 8.291906539015237e-5
v max = -1.7045766894693863
v min = -7.7222473881424225
d max = 0.07672413793103448
d min = 0.07672413793103448
dF max = 0.07672413793103448
dB max = 0.07672413793103448
hk max = 0.010331966455186503
hk min = 0.010331966455186503
hz max = 0.0664223114046542
hz min = 0.019627802575118026
lambdaF max = 0.3219035239018897
lambdaF min = 0.0028381093903120857
lambdaB max = 0.33296484655417535
lambdaB min = 0.0028381093903120857
----------------------------------
----------------------------------
Iteration = 45
Distance = 0.00016494733785932247
v max = -1.7047416368072457
v min = -7.722296582366486
d max = 0.07672413793103448
d min = 0.07672413793103448
dF max = 0.07672413793103448
dB max = 0.07672413793103448
hk max = 0.010331966455186503
hk min = 0.010331966455186503
hz max = 0.06642233621734184
hz min = 0.019683266559055897
lambdaF max = 0.32190365732139925
lambdaF min = 0.0028381093903120857
lambdaB max = 0.33296498636264626
lambdaB min = 0.0028381093903120857
----------------------------------
----------------------------------
Iteration = 46
Distance = 9.910248435418545e-5
v max = -1.704643371827531
v min = -7.722344534799552
d max = 0.07672413793103448
d min = 0.07672413793103448
dF max = 0.07672413793103448
dB max = 0.07672413793103448
hk max = 0.010331966455186503
hk min = 0.010331966455186503
hz max = 0.06642235971138058
hz min = 0.019643976211369592
lambdaF max = 0.32190378340895937
lambdaF min = 0.0028381093903120857
lambdaB max = 0.33296511826100816
lambdaB min = 0.0028381093903120857
----------------------------------
Delta = 0.625
----------------------------------
Iteration = 47
Distance = 0.00012534674782038735
v max = -1.7047248306081617
v min = -7.7223682218404965
d max = 0.07672413793103448
d min = 0.07672413793103448
dF max = 0.07672413793103448
dB max = 0.07672413793103448
hk max = 0.010331966455186503
hk min = 0.010331966455186503
hz max = 0.06642238198615313
hz min = 0.019647968345470355
lambdaF max = 0.32190390250587286
lambdaF min = 0.0028381093903120857
lambdaB max = 0.3329652427485089
lambdaB min = 0.0028381093903120857
----------------------------------
----------------------------------
Iteration = 48
Distance = 7.781033464393516e-5
v max = -1.7048026409428056
v min = -7.72239160519534
d max = 0.07672413793103448
d min = 0.07672413793103448
dF max = 0.07672413793103448
dB max = 0.07672413793103448
hk max = 0.010331966455186503
hk min = 0.010331966455186503
hz max = 0.06642239302719008
hz min = 0.019673565701060207
lambdaF max = 0.32190396176288794
lambdaF min = 0.0028381093903120857
lambdaB max = 0.33296530477602765
lambdaB min = 0.0028381093903120857
----------------------------------
----------------------------------
Iteration = 49
Distance = 7.07456918609406e-5
v max = -1.7047318952509447
v min = -7.722414689473629
d max = 0.07672413793103448
d min = 0.07672413793103448
dF max = 0.07672413793103448
dB max = 0.07672413793103448
hk max = 0.010331966455186503
hk min = 0.010331966455186503
hz max = 0.06642240376157804
hz min = 0.01962960758383413
lambdaF max = 0.32190401925694745
lambdaF min = 0.0028381093903120857
lambdaB max = 0.33296536491873036
lambdaB min = 0.0028381093903120857
----------------------------------
----------------------------------
Iteration = 50
Distance = 0.00010271852250909319
v max = -1.7048320155272292
v min = -7.72243747864983
d max = 0.07672413793103448
d min = 0.07672413793103448
dF max = 0.07672413793103448
dB max = 0.07672413793103448
hk max = 0.010331966455186503
hk min = 0.010331966455186503
hz max = 0.06642241420491792
hz min = 0.019669707308475056
lambdaF max = 0.32190407505750174
lambdaF min = 0.0028381093903120857
lambdaB max = 0.332965423263935
lambdaB min = 0.0028381093903120857
----------------------------------
Delta = 0.3125
----------------------------------
Iteration = 51
Distance = 3.2512578438836925e-5
v max = -1.7048335741582772
v min = -7.722448804009115
d max = 0.07672413793103448
d min = 0.07672413793103448
dF max = 0.07672413793103448
dB max = 0.07672413793103448
hk max = 0.010331966455186503
hk min = 0.010331966455186503
hz max = 0.06642242436510659
hz min = 0.019656867996410112
lambdaF max = 0.32190412922417033
lambdaF min = 0.0028381093903120857
lambdaB max = 0.3329654798797924
lambdaB min = 0.0028381093903120857
----------------------------------
----------------------------------
Iteration = 52
Distance = 2.9977787886492635e-5
v max = -1.7048035963703907
v min = -7.722460056339895
d max = 0.07672413793103448
d min = 0.07672413793103448
dF max = 0.07672413793103448
dB max = 0.07672413793103448
hk max = 0.010331966455186503
hk min = 0.010331966455186503
hz max = 0.06642242942279848
hz min = 0.019633381475664596
lambdaF max = 0.3219041562572626
lambdaF min = 0.0028381093903120857
lambdaB max = 0.3329655081524694
lambdaB min = 0.0028381093903120857
----------------------------------
----------------------------------
Iteration = 53
Distance = 3.8335745355944084e-5
v max = -1.7048408814446374
v min = -7.722471236264804
d max = 0.07672413793103448
d min = 0.07672413793103448
dF max = 0.07672413793103448
dB max = 0.07672413793103448
hk max = 0.010331966455186503
hk min = 0.010331966455186503
hz max = 0.06642243440863767
hz min = 0.01966698754270247
lambdaF max = 0.32190418287050226
lambdaF min = 0.0028381093903120857
lambdaB max = 0.33296553598270456
lambdaB min = 0.0028381093903120857
----------------------------------
Delta = 0.15625
----------------------------------
Iteration = 54
Distance = 8.616351768742092e-6
v max = -1.7048494977964062
v min = -7.722476809185332
d max = 0.07672413793103448
d min = 0.07672413793103448
dF max = 0.07672413793103448
dB max = 0.07672413793103448
hk max = 0.010331966455186503
hk min = 0.010331966455186503
hz max = 0.06642243932532918
hz min = 0.019667022853175783
lambdaF max = 0.32190420907759476
lambdaF min = 0.0028381093903120857
lambdaB max = 0.332965563383989
lambdaB min = 0.0028381093903120857
----------------------------------
    Value Function Converged, Iteration = 54 with gamma=5.0 with rho=1.0 and v=-3.080317530700661
    Natural boundary condition
=============================================================
Convegence time (minutes): 0.11504779823333333
Current Time = 15:59:59
grid points for z:  401
grid size for z:  0.025
-0.7167090142987764
-0.7550807859440088
--- 8.748448371887207 seconds for the elasticity computation ---
-0.005084225057687895
-0.06665430587602257
--- 0.22475409507751465 seconds for the elasticity computation ---
-0.6017428134310959
-0.6884264800679862
--- 0.22422337532043457 seconds for the elasticity computation ---
-0.7964687277959173
-0.7625198017917432
--- 0.22455167770385742 seconds for the elasticity computation ---
Current Time = 16:00:11
grid points for z:  401
grid size for z:  0.025
rho = 1
0.05975971349714089
--- 8.531431436538696 seconds for the elasticity computation ---
0.0
--- 0.06877470016479492 seconds for the elasticity computation ---
0.05975971349714089
--- 0.06733202934265137 seconds for the elasticity computation ---
0.0
--- 0.06685495376586914 seconds for the elasticity computation ---
0.0
--- 0.06678652763366699 seconds for the elasticity computation ---
0.05975971349714089
0.007439015847734282
--- 0.0673973560333252 seconds for the elasticity computation ---
0.05975971349714089
0.007439015847734282
--- 0.06702375411987305 seconds for the elasticity computation ---
0.05975971349714089
0.007439015847734282
--- 0.06698799133300781 seconds for the elasticity computation ---
0.05975971349714089
0.007439015847734282
--- 0.06651091575622559 seconds for the elasticity computation ---
parsed_args = parse_commandline() = Dict{String, Any}("dataname" => "upper_triangular_four_ambiguous_parameters", "clowerlim" => 0.0001, "delta" => 0.02, "boundary" => 0, "Delta" => 10.0, "q" => 0.2, "zmax" => 5.0, "logadjustment" => 1, "zscale" => 2.0, "foc" => 1, "distorted" => 0, "rho" => 1.0, "gamma" => 5.0)
=============================================================
./output/upper_triangular_four_ambiguous_parameters/Delta_10.0_distorted_0/logadjustment_1_boundary_0/zmax_5.0_zscale_2.0/delta_0.02/q_0.2_gamma_5.0_rho_1.0/
=============================================================
solve for structured linear system 
structured_relative_entropy = 0.2023119396710751
=============================================================
solve for unstructured linear system 
q_update = 0.25343536719645204
=============================================================
parsed_args = parse_commandline() = Dict{String, Any}("dataname" => "upper_triangular_four_ambiguous_parameters", "clowerlim" => 0.0001, "delta" => 0.02, "boundary" => 0, "Delta" => 10.0, "q" => 0.2, "zmax" => 5.0, "logadjustment" => 1, "zscale" => 2.0, "foc" => 1, "distorted" => 0, "rho" => 1.0, "gamma" => 5.0)
=============================================================
./output/upper_triangular_four_ambiguous_parameters/Delta_10.0_distorted_0/logadjustment_1_boundary_0/zmax_5.0_zscale_2.0/delta_0.02/q_0.2_gamma_5.0_rho_1.0/
=============================================================
solve for structured linear system 
structured_relative_entropy = 0.2023119396710752
=============================================================
solve for unstructured linear system 
q_update = 0.2534353671964521
=============================================================
Program ends Fri Jan 19 16:00:53 CST 2024
Elapsed time: 0 days 00 hr 01 min 23 sec
