D_10.0_distorted_0_boundary_1_delta_0.015_gamma_12.0_q_0.1_rho_1.0_lower_triangular_four_ambiguous_parameters
Program starts Fri Jan 19 22:21:12 CST 2024
parsed_args = parse_commandline() = Dict{String, Any}("dataname" => "lower_triangular_four_ambiguous_parameters", "clowerlim" => 0.0001, "delta" => 0.015, "boundary" => 1, "Delta" => 10.0, "q" => 0.1, "zmax" => 5.0, "logadjustment" => 1, "zscale" => 2.0, "foc" => 1, "distorted" => 0, "rho" => 1.0, "gamma" => 12.0)
=============================================================
logadjustment: true
reflective_boundary: true
0.1002
sigma_k: [0.011287880226154068, 0.0]
sigma_z: [0.026030751045638307, 0.05916079783099616]
Compute value function WITH ROBUSTNESS
computing undistorted version...
zmax = 5.0, zmin = -5.0, zlength = 401
reflective boundary condition
----------------------------------
Iteration = 1
Distance = 1.2305752996360533
v max = -0.8948432620392035
v min = -3.2305752996360533
d max = 0.07607142857142857
d min = 0.07607142857142857
dF max = 0.07607142857142857
dB max = 0.07607142857142857
hk max = 0.011287880226154068
hk min = 0.011287880226154068
hz max = 0.0
hz min = 0.0
lambdaF max = 0.15963473306270162
lambdaF min = 0.006028620769798678
lambdaB max = 0.15963473306270162
lambdaB min = 0.006028620769798678
----------------------------------
----------------------------------
Iteration = 2
Distance = 0.980018716106184
v max = -0.5975045306932206
v min = -4.210594015742237
d max = 0.07607142857142857
d min = 0.07607142857142857
dF max = 0.07607142857142857
dB max = 0.07607142857142857
hk max = 0.017376944798234765
hk min = 0.015991748740911478
hz max = 0.01383878311836522
hz min = 0.010690610260812302
lambdaF max = 0.31415605317035283
lambdaF min = 0.006028620769798678
lambdaB max = 0.31415605317035283
lambdaB min = 0.006028620769798678
----------------------------------
----------------------------------
Iteration = 3
Distance = 0.7017732045749208
v max = -0.4941736690688401
v min = -4.912367220317158
d max = 0.07607142857142857
d min = 0.07607142857142857
dF max = 0.07607142857142857
dB max = 0.07607142857142857
hk max = 0.022108253680689097
hk min = 0.018077460622615973
hz max = 0.024591757851215985
hz min = 0.015430864537413422
lambdaF max = 0.4193626145923433
lambdaF min = 0.006028620769798678
lambdaB max = 0.4229855222940405
lambdaB min = 0.006028620769798678
----------------------------------
----------------------------------
Iteration = 4
Distance = 0.520043622958009
v max = -0.48667352099263966
v min = -5.432410843275167
d max = 0.07607142857142857
d min = 0.07607142857142857
dF max = 0.07607142857142857
dB max = 0.07607142857142857
hk max = 0.02528609263055176
hk min = 0.018676040672367646
hz max = 0.03181411910090384
hz min = 0.016791273741394493
lambdaF max = 0.4987629186066646
lambdaF min = 0.006028620769798678
lambdaB max = 0.5049113404025827
lambdaB min = 0.006028620769798678
----------------------------------
----------------------------------
Iteration = 5
Distance = 0.39803335075015855
v max = -0.5218707013005088
v min = -5.8304441940253255
d max = 0.07607142857142857
d min = 0.07607142857142857
dF max = 0.07607142857142857
dB max = 0.07607142857142857
hk max = 0.027438202194826903
hk min = 0.01918791503097568
hz max = 0.03670527720152918
hz min = 0.017954624556412762
lambdaF max = 0.5592747441640489
lambdaF min = 0.006028620769798678
lambdaB max = 0.5673785541566331
lambdaB min = 0.006028620769798678
----------------------------------
----------------------------------
Iteration = 6
Distance = 0.3114915369540965
v max = -0.5759372414357063
v min = -6.141935730979422
d max = 0.07607142857142857
d min = 0.07607142857142857
dF max = 0.07607142857142857
dB max = 0.07607142857142857
hk max = 0.028913949677561616
hk min = 0.01932198183178541
hz max = 0.04005924875319898
hz min = 0.018259321830980325
lambdaF max = 0.6065701929293731
lambdaF min = 0.006028620769798678
lambdaB max = 0.6160072032387311
lambdaB min = 0.006028620769798678
----------------------------------
----------------------------------
Iteration = 7
Distance = 0.2480669425724642
v max = -0.6400214069235011
v min = -6.390002673551886
d max = 0.07607142857142857
d min = 0.07607142857142857
dF max = 0.07607142857142857
dB max = 0.07607142857142857
hk max = 0.029930667902935665
hk min = 0.019473732678129074
hz max = 0.042369971992685454
hz min = 0.018604210118125013
lambdaF max = 0.6431665059567037
lambdaF min = 0.006028620769798678
lambdaB max = 0.653320821333011
lambdaB min = 0.006028620769798678
----------------------------------
----------------------------------
Iteration = 8
Distance = 0.20044750375737053
v max = -0.7092055362850698
v min = -6.590450177309257
d max = 0.07607142857142857
d min = 0.07607142857142857
dF max = 0.07607142857142857
dB max = 0.07607142857142857
hk max = 0.030632649710320772
hk min = 0.0195493656313804
hz max = 0.043965385191287974
hz min = 0.018776103193696207
lambdaF max = 0.6700931322819024
lambdaF min = 0.006028620769798678
lambdaB max = 0.6804477140210443
lambdaB min = 0.006028620769798678
----------------------------------
----------------------------------
Iteration = 9
Distance = 0.16397014506399632
v max = -0.7805743895165905
v min = -6.754420322373253
d max = 0.07607142857142857
d min = 0.07607142857142857
dF max = 0.07607142857142857
dB max = 0.07607142857142857
hk max = 0.031117875913549798
hk min = 0.019630915433994905
hz max = 0.04506817201680849
hz min = 0.018961443654183723
lambdaF max = 0.6882523346508236
lambdaF min = 0.006028620769798678
lambdaB max = 0.6985005328592208
lambdaB min = 0.006028620769798678
----------------------------------
----------------------------------
Iteration = 10
Distance = 0.13553652323401089
v max = -0.851505078014519
v min = -6.889956845607264
d max = 0.07607142857142857
d min = 0.07607142857142857
dF max = 0.07607142857142857
dB max = 0.07607142857142857
hk max = 0.03145353473800945
hk min = 0.019688291042908878
hz max = 0.045831032981489515
hz min = 0.019091842765351842
lambdaF max = 0.6993573207609134
lambdaF min = 0.006028620769798678
lambdaB max = 0.7094329458224822
lambdaB min = 0.006028620769798678
----------------------------------
----------------------------------
Iteration = 11
Distance = 0.11302911684265737
v max = -0.9201085601449226
v min = -7.002985962449921
d max = 0.07607142857142857
d min = 0.07607142857142857
dF max = 0.07607142857142857
dB max = 0.07607142857142857
hk max = 0.03168586578992885
hk min = 0.0197377607174615
hz max = 0.046359058099488155
hz min = 0.019204273843880536
lambdaF max = 0.7058638797378013
lambdaF min = 0.006028620769798678
lambdaB max = 0.715869523388167
lambdaB min = 0.006028620769798678
----------------------------------
----------------------------------
Iteration = 12
Distance = 0.09496741914578255
v max = -0.9847297542852269
v min = -7.097953381595704
d max = 0.07607142857142857
d min = 0.07607142857142857
dF max = 0.07607142857142857
dB max = 0.07607142857142857
hk max = 0.0318467356056244
hk min = 0.01977395175984563
hz max = 0.046724671316978036
hz min = 0.019286526212935372
lambdaF max = 0.7101511497492728
lambdaF min = 0.006028620769798678
lambdaB max = 0.7202314061971602
lambdaB min = 0.006028620769798678
----------------------------------
----------------------------------
Iteration = 13
Distance = 0.08029544530379429
v max = -1.0441847812733993
v min = -7.178248826899498
d max = 0.07607142857142857
d min = 0.07607142857142857
dF max = 0.07607142857142857
dB max = 0.07607142857142857
hk max = 0.03195813203970878
hk min = 0.01979985660964329
hz max = 0.046977845030806174
hz min = 0.01934540087156641
lambdaF max = 0.7137429675330488
lambdaF min = 0.006028620769798678
lambdaB max = 0.7239740396655465
lambdaB min = 0.006028620769798678
----------------------------------
----------------------------------
Iteration = 14
Distance = 0.06824674879485748
v max = -1.0978224736281774
v min = -7.246495575694356
d max = 0.07607142857142857
d min = 0.07607142857142857
dF max = 0.07607142857142857
dB max = 0.07607142857142857
hk max = 0.03203525619168494
hk min = 0.019816012613434547
hz max = 0.04715312719438835
hz min = 0.01938211906200109
lambdaF max = 0.7170783710774941
lambdaF min = 0.006028620769798678
lambdaB max = 0.7274299347336142
lambdaB min = 0.006028620769798678
----------------------------------
----------------------------------
Iteration = 15
Distance = 0.058256818953004164
v max = -1.1456709837878258
v min = -7.30475239464736
d max = 0.07607142857142857
d min = 0.07607142857142857
dF max = 0.07607142857142857
dB max = 0.07607142857142857
hk max = 0.03208864483017448
hk min = 0.0198254020213492
hz max = 0.0472744650091373
hz min = 0.019403458625443484
lambdaF max = 0.7198479149641069
lambdaF min = 0.006028620769798678
lambdaB max = 0.7302239504878273
lambdaB min = 0.006028620769798678
----------------------------------
----------------------------------
Iteration = 16
Distance = 0.049904734469905954
v max = -1.188184263385301
v min = -7.354657129117266
d max = 0.07607142857142857
d min = 0.07607142857142857
dF max = 0.07607142857142857
dB max = 0.07607142857142857
hk max = 0.03212561333225637
hk min = 0.0198315621230225
hz max = 0.04735848433205069
hz min = 0.019417458856519167
lambdaF max = 0.7216111315594044
lambdaF min = 0.006028620769798678
lambdaB max = 0.7319255683776215
lambdaB min = 0.006028620769798678
----------------------------------
----------------------------------
Iteration = 17
Distance = 0.04287293324439201
v max = -1.2259603490321818
v min = -7.397530062361658
d max = 0.07607142857142857
d min = 0.07607142857142857
dF max = 0.07607142857142857
dB max = 0.07607142857142857
hk max = 0.03215122488972513
hk min = 0.01983649852614306
hz max = 0.04741669241720698
hz min = 0.019428677954520437
lambdaF max = 0.7222945754643241
lambdaF min = 0.006028620769798678
lambdaB max = 0.7325243726780978
lambdaB min = 0.006028620769798678
----------------------------------
----------------------------------
Iteration = 18
Distance = 0.03691851112841249
v max = -1.2595075753310367
v min = -7.43444857349007
d max = 0.07607142857142857
d min = 0.07607142857142857
dF max = 0.07607142857142857
dB max = 0.07607142857142857
hk max = 0.032168983955687264
hk min = 0.019841081742712957
hz max = 0.04745705393075726
hz min = 0.019439094355815662
lambdaF max = 0.7222888092376549
lambdaF min = 0.006028620769798678
lambdaB max = 0.732474752049047
lambdaB min = 0.006028620769798678
----------------------------------
----------------------------------
Iteration = 19
Distance = 0.03185249373656873
v max = -1.2891859562003227
v min = -7.466301067226639
d max = 0.07607142857142857
d min = 0.07607142857142857
dF max = 0.07607142857142857
dB max = 0.07607142857142857
hk max = 0.03218130239738096
hk min = 0.0198448830962595
hz max = 0.047485050389152045
hz min = 0.019447733795694172
lambdaF max = 0.7221745577954162
lambdaF min = 0.006028620769798678
lambdaB max = 0.732380239038054
lambdaB min = 0.006028620769798678
----------------------------------
----------------------------------
Iteration = 20
Distance = 0.027525172055464786
v max = -1.3152556281248438
v min = -7.493826239282104
d max = 0.07607142857142857
d min = 0.07607142857142857
dF max = 0.07607142857142857
dB max = 0.07607142857142857
hk max = 0.032189839535251875
hk min = 0.019847456672919088
hz max = 0.047504452975222294
hz min = 0.019453582833556873
lambdaF max = 0.722353778464667
lambdaF min = 0.006028620769798678
lambdaB max = 0.7326181435732623
lambdaB min = 0.006028620769798678
----------------------------------
----------------------------------
Iteration = 21
Distance = 0.02381612302039038
v max = -1.3379893164446988
v min = -7.517642362302494
d max = 0.07607142857142857
d min = 0.07607142857142857
dF max = 0.07607142857142857
dB max = 0.07607142857142857
hk max = 0.03219574428653015
hk min = 0.019848558353144134
hz max = 0.04751787286449111
hz min = 0.019456086652250158
lambdaF max = 0.7228600779262188
lambdaF min = 0.006028620769798678
lambdaB max = 0.7331761670935253
lambdaB min = 0.006028620769798678
----------------------------------
----------------------------------
Iteration = 22
Distance = 0.02062756133328225
v max = -1.3577427061380356
v min = -7.538269923635776
d max = 0.07607142857142857
d min = 0.07607142857142857
dF max = 0.07607142857142857
dB max = 0.07607142857142857
hk max = 0.03219982096168451
hk min = 0.019848668713366775
hz max = 0.047527138035296464
hz min = 0.01945633747093797
lambdaF max = 0.723439235892829
lambdaF min = 0.006028620769798678
lambdaB max = 0.7337677823994775
lambdaB min = 0.006028620769798678
----------------------------------
----------------------------------
Iteration = 23
Distance = 0.01787972352174183
v max = -1.3749366350422223
v min = -7.556149647157518
d max = 0.07607142857142857
d min = 0.07607142857142857
dF max = 0.07607142857142857
dB max = 0.07607142857142857
hk max = 0.032202636676101015
hk min = 0.019848532528494667
hz max = 0.047533537386243066
hz min = 0.019456027959865004
lambdaF max = 0.7237941161749427
lambdaF min = 0.006028620769798678
lambdaB max = 0.7340957446569852
lambdaB min = 0.006028620769798678
----------------------------------
----------------------------------
Iteration = 24
Distance = 0.015507285376423319
v max = -1.3899773897079668
v min = -7.571656932533942
d max = 0.07607142857142857
d min = 0.07607142857142857
dF max = 0.07607142857142857
dB max = 0.07607142857142857
hk max = 0.03220458881195278
hk min = 0.01984874006626714
hz max = 0.04753797405863345
hz min = 0.019456499636620626
lambdaF max = 0.7238029701128937
lambdaF min = 0.006028620769798678
lambdaB max = 0.7340640294281326
lambdaB min = 0.006028620769798678
----------------------------------
----------------------------------
Iteration = 25
Distance = 0.01345629943016835
v max = -1.4031848951170012
v min = -7.58511323196411
d max = 0.07607142857142857
d min = 0.07607142857142857
dF max = 0.07607142857142857
dB max = 0.07607142857142857
hk max = 0.03220594976104138
hk min = 0.01984937615039646
hz max = 0.04754106712474391
hz min = 0.019457945282369084
lambdaF max = 0.7235748847937042
lambdaF min = 0.006028620769798678
lambdaB max = 0.7338112849690451
lambdaB min = 0.006028620769798678
----------------------------------
----------------------------------
Iteration = 26
Distance = 0.011681589030263062
v max = -1.414772637255347
v min = -7.596794820994373
d max = 0.07607142857142857
d min = 0.07607142857142857
dF max = 0.07607142857142857
dB max = 0.07607142857142857
hk max = 0.032206901238194
hk min = 0.01985014748080647
hz max = 0.047543229572818035
hz min = 0.019459698306028193
lambdaF max = 0.7233390342856278
lambdaF min = 0.006028620769798678
lambdaB max = 0.7335798850905972
lambdaB min = 0.006028620769798678
----------------------------------
----------------------------------
Iteration = 27
Distance = 0.010144742383648264
v max = -1.4248822816931073
v min = -7.606939563378021
d max = 0.07607142857142857
d min = 0.07607142857142857
dF max = 0.07607142857142857
dB max = 0.07607142857142857
hk max = 0.032207563442640204
hk min = 0.019850660136022873
hz max = 0.04754473458292305
hz min = 0.019460863431520016
lambdaF max = 0.7232744219448038
lambdaF min = 0.006028620769798678
lambdaB max = 0.7335402236911429
lambdaB min = 0.006028620769798678
----------------------------------
----------------------------------
Iteration = 28
Distance = 0.008812781081994459
v max = -1.4336415963128641
v min = -7.615752344460016
d max = 0.07607142857142857
d min = 0.07607142857142857
dF max = 0.07607142857142857
dB max = 0.07607142857142857
hk max = 0.032208018739619065
hk min = 0.019850724264145143
hz max = 0.047545769348784093
hz min = 0.01946100917725245
lambdaF max = 0.7234052186257854
lambdaF min = 0.006028620769798678
lambdaB max = 0.7336961037380354
lambdaB min = 0.006028620769798678
----------------------------------
----------------------------------
Iteration = 29
Distance = 0.007669776846064735
v max = -1.4412043865183617
v min = -7.623409721562175
d max = 0.07607142857142857
d min = 0.07607142857142857
dF max = 0.07607142857142857
dB max = 0.07607142857142857
hk max = 0.03220832771737213
hk min = 0.019850451713144444
hz max = 0.047546471570950155
hz min = 0.019460389743159955
lambdaF max = 0.7236180506308643
lambdaF min = 0.006028620769798678
lambdaB max = 0.7339177747344247
lambdaB min = 0.006028620769798678
----------------------------------
----------------------------------
Iteration = 30
Distance = 0.006698280589691574
v max = -1.447750609826001
v min = -7.630064069356983
d max = 0.07607142857142857
d min = 0.07607142857142857
dF max = 0.07607142857142857
dB max = 0.07607142857142857
hk max = 0.032208537127183946
hk min = 0.019850135594760426
hz max = 0.04754694750234064
hz min = 0.01945967129228718
lambdaF max = 0.7237652537679019
lambdaF min = 0.006028620769798678
lambdaB max = 0.7340550873525638
lambdaB min = 0.006028620769798678
----------------------------------
----------------------------------
Iteration = 31
Distance = 0.005836179479826953
v max = -1.4534561403788102
v min = -7.635847240982871
d max = 0.07607142857142857
d min = 0.07607142857142857
dF max = 0.07607142857142857
dB max = 0.07607142857142857
hk max = 0.03220868201581559
hk min = 0.01985002453212315
hz max = 0.047547276794685275
hz min = 0.01945941887720246
lambdaF max = 0.7237692074306546
lambdaF min = 0.006028620769798678
lambdaB max = 0.7340406527182906
lambdaB min = 0.006028620769798678
----------------------------------
----------------------------------
Iteration = 32
Distance = 0.0050767413244021675
v max = -1.4584597813684474
v min = -7.640873652282478
d max = 0.07607142857142857
d min = 0.07607142857142857
dF max = 0.07607142857142857
dB max = 0.07607142857142857
hk max = 0.03220878588918284
hk min = 0.019850173266119424
hz max = 0.04754751287051996
hz min = 0.019459756909012176
lambdaF max = 0.7236597111774976
lambdaF min = 0.006028620769798678
lambdaB max = 0.7339179950835402
lambdaB min = 0.006028620769798678
----------------------------------
----------------------------------
Iteration = 33
Distance = 0.004411752061103336
v max = -1.4628509225043165
v min = -7.64524274736689
d max = 0.07607142857142857
d min = 0.07607142857142857
dF max = 0.07607142857142857
dB max = 0.07607142857142857
hk max = 0.032208862015835976
hk min = 0.019850448817320836
hz max = 0.0475476858856407
hz min = 0.019460383161742655
lambdaF max = 0.7235335204859333
lambdaF min = 0.006028620769798678
lambdaB max = 0.7337914160533
lambdaB min = 0.006028620769798678
----------------------------------
----------------------------------
Iteration = 34
Distance = 0.0038321626351898175
v max = -1.4666829849169767
v min = -7.649040934342049
d max = 0.07607142857142857
d min = 0.07607142857142857
dF max = 0.07607142857142857
dB max = 0.07607142857142857
hk max = 0.032208916745825884
hk min = 0.019850656938940746
hz max = 0.047547810271981406
hz min = 0.019460856165424274
lambdaF max = 0.7234780000498113
lambdaF min = 0.006028620769798678
lambdaB max = 0.7337459516168079
lambdaB min = 0.006028620769798678
----------------------------------
----------------------------------
Iteration = 35
Distance = 0.003316821714299145
v max = -1.4699998066312758
v min = -7.652343175332917
d max = 0.07607142857142857
d min = 0.07607142857142857
dF max = 0.07607142857142857
dB max = 0.07607142857142857
hk max = 0.03220895362685178
hk min = 0.01985068281134933
hz max = 0.04754789409249479
hz min = 0.019460914966352872
lambdaF max = 0.7235161652365939
lambdaF min = 0.006028620769798678
lambdaB max = 0.7337959389273473
lambdaB min = 0.006028620769798678
----------------------------------
----------------------------------
Iteration = 36
Distance = 0.002888557641299805
v max = -1.4728560934114916
v min = -7.655214409468981
d max = 0.07607142857142857
d min = 0.07607142857142857
dF max = 0.07607142857142857
dB max = 0.07607142857142857
hk max = 0.032208976407331
hk min = 0.019850551281708324
hz max = 0.04754794586631123
hz min = 0.019460616035350587
lambdaF max = 0.723604894904516
lambdaF min = 0.006028620769798678
lambdaB max = 0.7338901928893855
lambdaB min = 0.006028620769798678
----------------------------------
----------------------------------
Iteration = 37
Distance = 0.002525369790434162
v max = -1.475320602949753
v min = -7.657710897601084
d max = 0.07607142857142857
d min = 0.07607142857142857
dF max = 0.07607142857142857
dB max = 0.07607142857142857
hk max = 0.03220898984091238
hk min = 0.019850383366159116
hz max = 0.047547976397178
hz min = 0.019460234409102387
lambdaF max = 0.7236766433684225
lambdaF min = 0.006028620769798678
lambdaB max = 0.7339588522615308
lambdaB min = 0.006028620769798678
----------------------------------
----------------------------------
Iteration = 38
Distance = 0.0022019768843657417
v max = -1.4774642189816674
v min = -7.65988147324402
d max = 0.07607142857142857
d min = 0.07607142857142857
dF max = 0.07607142857142857
dB max = 0.07607142857142857
hk max = 0.03220899866259523
hk min = 0.019850298314944448
hz max = 0.04754799644645719
hz min = 0.019460041110887234
lambdaF max = 0.7236885193588293
lambdaF min = 0.006028620769798678
lambdaB max = 0.7339627970316941
lambdaB min = 0.006028620769798678
----------------------------------
----------------------------------
Iteration = 39
Distance = 0.0019160320354365545
v max = -1.4793444217681229
v min = -7.661768631985486
d max = 0.07607142857142857
d min = 0.07607142857142857
dF max = 0.07607142857142857
dB max = 0.07607142857142857
hk max = 0.03220900608601486
hk min = 0.01985033647167099
hz max = 0.04754801331786545
hz min = 0.019460127830720285
lambdaF max = 0.7236452841831477
lambdaF min = 0.006028620769798678
lambdaB max = 0.7339129511283942
lambdaB min = 0.006028620769798678
----------------------------------
----------------------------------
Iteration = 40
Distance = 0.001665052104727227
v max = -1.4809976229192394
v min = -7.663409411295484
d max = 0.07607142857142857
d min = 0.07607142857142857
dF max = 0.07607142857142857
dB max = 0.07607142857142857
hk max = 0.032209013113831786
hk min = 0.01985044909805577
hz max = 0.04754802929017663
hz min = 0.019460383799776597
lambdaF max = 0.7235865950673136
lambdaF min = 0.006028620769798678
lambdaB max = 0.7338530175484509
lambdaB min = 0.006028620769798678
----------------------------------
----------------------------------
Iteration = 41
Distance = 0.0014460576534316427
v max = -1.4824432906723335
v min = -7.664836074034862
d max = 0.07607142857142857
d min = 0.07607142857142857
dF max = 0.07607142857142857
dB max = 0.07607142857142857
hk max = 0.03220901909414567
hk min = 0.019850548453132562
hz max = 0.0475480428817991
hz min = 0.0194606096067693
lambdaF max = 0.723554040464998
lambdaF min = 0.006028620769798678
lambdaB max = 0.7338243008834757
lambdaB min = 0.006028620769798678
----------------------------------
----------------------------------
Iteration = 42
Distance = 0.0012519323871249544
v max = -1.4836952230594584
v min = -7.666076661208341
d max = 0.07607142857142857
d min = 0.07607142857142857
dF max = 0.07607142857142857
dB max = 0.07607142857142857
hk max = 0.03220902300922736
hk min = 0.019850573078139776
hz max = 0.04754805177971204
hz min = 0.01946066557269479
lambdaF max = 0.7235636062709785
lambdaF min = 0.006028620769798678
lambdaB max = 0.7338392423700932
lambdaB min = 0.006028620769798678
----------------------------------
----------------------------------
Iteration = 43
Distance = 0.0010864003998483085
v max = -1.484771554678309
v min = -7.6671554884980795
d max = 0.07607142857142857
d min = 0.07607142857142857
dF max = 0.07607142857142857
dB max = 0.07607142857142857
hk max = 0.03220902457787537
hk min = 0.019850522589708854
hz max = 0.04754805534482114
hz min = 0.019460550826260876
lambdaF max = 0.7236004859006746
lambdaF min = 0.006028620769798678
lambdaB max = 0.7338792119824074
lambdaB min = 0.006028620769798678
----------------------------------
----------------------------------
Iteration = 44
Distance = 0.0009510409251172192
v max = -1.4856975760072209
v min = -7.668093628264446
d max = 0.07607142857142857
d min = 0.07607142857142857
dF max = 0.07607142857142857
dB max = 0.07607142857142857
hk max = 0.032209024539769066
hk min = 0.019850445531239845
hz max = 0.047548055258215906
hz min = 0.019460375693376768
lambdaF max = 0.7236350566001153
lambdaF min = 0.006028620769798678
lambdaB max = 0.7339130373989697
lambdaB min = 0.006028620769798678
----------------------------------
----------------------------------
Iteration = 45
Distance = 0.000830153470816164
v max = -1.4865012878632988
v min = -7.668909372750763
d max = 0.07607142857142857
d min = 0.07607142857142857
dF max = 0.07607142857142857
dB max = 0.07607142857142857
hk max = 0.0322090241379813
hk min = 0.019850397791559123
hz max = 0.0475480543450619
hz min = 0.019460267194102404
lambdaF max = 0.7236452491917643
lambdaF min = 0.006028620769798678
lambdaB max = 0.7339199201034462
lambdaB min = 0.006028620769798678
----------------------------------
----------------------------------
Iteration = 46
Distance = 0.000722705968840831
v max = -1.4872063323308098
v min = -7.669618646793646
d max = 0.07607142857142857
d min = 0.07607142857142857
dF max = 0.07607142857142857
dB max = 0.07607142857142857
hk max = 0.03220902432526955
hk min = 0.01985040465642293
hz max = 0.047548054770717024
hz min = 0.019460282796065594
lambdaF max = 0.7236294137275328
lambdaF min = 0.006028620769798678
lambdaB max = 0.7339008960736823
lambdaB min = 0.006028620769798678
----------------------------------
----------------------------------
Iteration = 47
Distance = 0.0006280869784647258
v max = -1.4878276811979707
v min = -7.670235342641937
d max = 0.07607142857142857
d min = 0.07607142857142857
dF max = 0.07607142857142857
dB max = 0.07607142857142857
hk max = 0.03220902528520346
hk min = 0.019850450556000824
hz max = 0.04754805695238499
hz min = 0.019460387113288086
lambdaF max = 0.7236032312731125
lambdaF min = 0.006028620769798678
lambdaB max = 0.7338737047777099
lambdaB min = 0.006028620769798678
----------------------------------
----------------------------------
Iteration = 48
Distance = 0.0005453881119938941
v max = -1.4883725343984955
v min = -7.670771575485239
d max = 0.07607142857142857
d min = 0.07607142857142857
dF max = 0.07607142857142857
dB max = 0.07607142857142857
hk max = 0.03220902652784628
hk min = 0.019850497594970845
hz max = 0.04754805977657322
hz min = 0.019460494020038133
lambdaF max = 0.7235859344669847
lambdaF min = 0.006028620769798678
lambdaB max = 0.73385779269333
lambdaB min = 0.006028620769798678
----------------------------------
----------------------------------
Iteration = 49
Distance = 0.0004724142129248765
v max = -1.4888449486114204
v min = -7.6712378839441815
d max = 0.07607142857142857
d min = 0.07607142857142857
dF max = 0.07607142857142857
dB max = 0.07607142857142857
hk max = 0.03220902738793344
hk min = 0.01985051487345122
hz max = 0.04754806173131676
hz min = 0.019460533289311716
lambdaF max = 0.7235870164958014
lambdaF min = 0.006028620769798678
lambdaB max = 0.7338612591652541
lambdaB min = 0.006028620769798678
----------------------------------
----------------------------------
Iteration = 50
Distance = 0.00040846255832294176
v max = -1.489250562268326
v min = -7.671643407841038
d max = 0.07607142857142857
d min = 0.07607142857142857
dF max = 0.07607142857142857
dB max = 0.07607142857142857
hk max = 0.032209027523343293
hk min = 0.019850497229797454
hz max = 0.04754806203906643
hz min = 0.019460493190098613
lambdaF max = 0.7236020194243306
lambdaF min = 0.006028620769798678
lambdaB max = 0.733877884087937
lambdaB min = 0.006028620769798678
----------------------------------
----------------------------------
Iteration = 51
Distance = 0.00035809538796538476
v max = -1.4895984449579929
v min = -7.671996063896696
d max = 0.07607142857142857
d min = 0.07607142857142857
dF max = 0.07607142857142857
dB max = 0.07607142857142857
hk max = 0.032209027091943496
hk min = 0.019850463350686853
hz max = 0.047548061058612354
hz min = 0.01946041619211997
lambdaF max = 0.7236182992704574
lambdaF min = 0.006028620769798678
lambdaB max = 0.7338941194241848
lambdaB min = 0.006028620769798678
----------------------------------
----------------------------------
Iteration = 52
Distance = 0.00031303747430877493
v max = -1.4898995648964977
v min = -7.672302719845317
d max = 0.07607142857142857
d min = 0.07607142857142857
dF max = 0.07607142857142857
dB max = 0.07607142857142857
hk max = 0.032209026559641765
hk min = 0.019850438702780485
hz max = 0.04754805984883568
hz min = 0.01946036017415095
lambdaF max = 0.7236249591496813
lambdaF min = 0.006028620769798678
lambdaB max = 0.7338994375607968
lambdaB min = 0.006028620769798678
----------------------------------
----------------------------------
Iteration = 53
Distance = 0.0002727072753638815
v max = -1.4901636646187912
v min = -7.672569353372633
d max = 0.07607142857142857
d min = 0.07607142857142857
dF max = 0.07607142857142857
dB max = 0.07607142857142857
hk max = 0.032209026342247635
hk min = 0.01985043751542764
hz max = 0.047548059354758115
hz min = 0.01946035747562176
lambdaF max = 0.7236196117105315
lambdaF min = 0.006028620769798678
lambdaB max = 0.7338925926559816
lambdaB min = 0.006028620769798678
----------------------------------
----------------------------------
Iteration = 54
Distance = 0.0002370414508501284
v max = -1.4903969979831087
v min = -7.672801181926299
d max = 0.07607142857142857
d min = 0.07607142857142857
dF max = 0.07607142857142857
dB max = 0.07607142857142857
hk max = 0.03220902655035679
hk min = 0.019850455777469356
hz max = 0.04754805982773347
hz min = 0.019460398980262025
lambdaF max = 0.7236082028912368
lambdaF min = 0.006028620769798678
lambdaB max = 0.7338805410474059
lambdaB min = 0.006028620769798678
----------------------------------
----------------------------------
Iteration = 55
Distance = 0.00020579729373659816
v max = -1.4906023068692438
v min = -7.67300275998646
d max = 0.07607142857142857
d min = 0.07607142857142857
dF max = 0.07607142857142857
dB max = 0.07607142857142857
hk max = 0.03220902698381796
hk min = 0.01985047758572458
hz max = 0.047548060812872495
hz min = 0.01946044854447844
lambdaF max = 0.7235994265236242
lambdaF min = 0.006028620769798678
lambdaB max = 0.7338722222747553
lambdaB min = 0.006028620769798678
----------------------------------
----------------------------------
Iteration = 56
Distance = 0.00017835352716755182
v max = -1.4907806603964113
v min = -7.6731780524892175
d max = 0.07607142857142857
d min = 0.07607142857142857
dF max = 0.07607142857142857
dB max = 0.07607142857142857
hk max = 0.032209027329039526
hk min = 0.019850487967962988
hz max = 0.047548061597466953
hz min = 0.01946047214047482
lambdaF max = 0.7235984819293926
lambdaF min = 0.006028620769798678
lambdaB max = 0.7338723121010687
lambdaB min = 0.006028620769798678
----------------------------------
----------------------------------
Iteration = 57
Distance = 0.00015354021774882654
v max = -1.4909336313853392
v min = -7.673330498338653
d max = 0.07607142857142857
d min = 0.07607142857142857
dF max = 0.07607142857142857
dB max = 0.07607142857142857
hk max = 0.03220902738923463
hk min = 0.01985048247470486
hz max = 0.04754806173427401
hz min = 0.01946045965579726
lambdaF max = 0.7236043891250641
lambdaF min = 0.006028620769798678
lambdaB max = 0.7338790368838358
lambdaB min = 0.006028620769798678
----------------------------------
----------------------------------
Iteration = 58
Distance = 0.00013482702732892093
v max = -1.4910643690574936
v min = -7.673463074129247
d max = 0.07607142857142857
d min = 0.07607142857142857
dF max = 0.07607142857142857
dB max = 0.07607142857142857
hk max = 0.03220902719069714
hk min = 0.01985046793724199
hz max = 0.04754806128305243
hz min = 0.019460426616108913
lambdaF max = 0.7236118904232963
lambdaF min = 0.006028620769798678
lambdaB max = 0.7338866489116624
lambdaB min = 0.006028620769798678
----------------------------------
----------------------------------
Iteration = 59
Distance = 0.00011808503565724493
v max = -1.4911771354714227
v min = -7.6735783595235745
d max = 0.07607142857142857
d min = 0.07607142857142857
dF max = 0.07607142857142857
dB max = 0.07607142857142857
hk max = 0.03220902692113978
hk min = 0.019850455702713307
hz max = 0.04754806067042206
hz min = 0.01946039881036191
lambdaF max = 0.7236157589272264
lambdaF min = 0.006028620769798678
lambdaB max = 0.7338899931033552
lambdaB min = 0.006028620769798678
----------------------------------
----------------------------------
Iteration = 60
Distance = 0.00010296972158663209
v max = -1.491275959339901
v min = -7.67367859872551
d max = 0.07607142857142857
d min = 0.07607142857142857
dF max = 0.07607142857142857
dB max = 0.07607142857142857
hk max = 0.032209026774821924
hk min = 0.019850453298209007
hz max = 0.0475480603378815
hz min = 0.01946039334557941
lambdaF max = 0.7236142076001059
lambdaF min = 0.006028620769798678
lambdaB max = 0.7338877545481673
lambdaB min = 0.006028620769798678
----------------------------------
----------------------------------
Iteration = 61
Distance = 8.952872920042765e-5
v max = -1.491363499641056
v min = -7.673765751281378
d max = 0.07607142857142857
d min = 0.07607142857142857
dF max = 0.07607142857142857
dB max = 0.07607142857142857
hk max = 0.0322090268247453
hk min = 0.019850460290572407
hz max = 0.04754806045134371
hz min = 0.019460409237314406
lambdaF max = 0.7236093554725156
lambdaF min = 0.006028620769798678
lambdaB max = 0.7338825345825573
lambdaB min = 0.006028620769798678
----------------------------------
----------------------------------
Iteration = 62
Distance = 7.77167706265125e-5
v max = -1.4914408472976934
v min = -7.673841529541214
d max = 0.07607142857142857
d min = 0.07607142857142857
dF max = 0.07607142857142857
dB max = 0.07607142857142857
hk max = 0.032209027000015794
hk min = 0.01985047019360913
hz max = 0.04754806084968576
hz min = 0.019460431744216054
lambdaF max = 0.7236050464291661
lambdaF min = 0.006028620769798678
lambdaB max = 0.733878352324343
lambdaB min = 0.006028620769798678
----------------------------------
----------------------------------
Iteration = 63
Distance = 6.738040222731279e-5
v max = -1.4915082276999208
v min = -7.673907425674352
d max = 0.07607142857142857
d min = 0.07607142857142857
dF max = 0.07607142857142857
dB max = 0.07607142857142857
hk max = 0.03220902716175188
hk min = 0.019850475942268735
hz max = 0.04754806121726776
hz min = 0.019460444809351517
lambdaF max = 0.7236039855359746
lambdaF min = 0.006028620769798678
lambdaB max = 0.7338777291113557
lambdaB min = 0.006028620769798678
----------------------------------
----------------------------------
Iteration = 64
Distance = 5.775487655501621e-5
v max = -1.4915659825764758
v min = -7.673964734152856
d max = 0.07607142857142857
d min = 0.07607142857142857
dF max = 0.07607142857142857
dB max = 0.07607142857142857
hk max = 0.03220902720786416
hk min = 0.019850474627422766
hz max = 0.0475480613220684
hz min = 0.01946044182106523
lambdaF max = 0.723606203619014
lambdaF min = 0.006028620769798678
lambdaB max = 0.7338803463657336
lambdaB min = 0.006028620769798678
----------------------------------
----------------------------------
Iteration = 65
Distance = 5.075588739300585e-5
v max = -1.491615151326558
v min = -7.674014574575476
d max = 0.07607142857142857
d min = 0.07607142857142857
dF max = 0.07607142857142857
dB max = 0.07607142857142857
hk max = 0.03220902713237289
hk min = 0.01985046854882227
hz max = 0.047548061150497346
hz min = 0.019460428006064096
lambdaF max = 0.7236095826254885
lambdaF min = 0.006028620769798678
lambdaB max = 0.7338838330647172
lambdaB min = 0.006028620769798678
----------------------------------
----------------------------------
Iteration = 66
Distance = 4.456132365948662e-5
v max = -1.4916573698736488
v min = -7.674057916056724
d max = 0.07607142857142857
d min = 0.07607142857142857
dF max = 0.07607142857142857
dB max = 0.07607142857142857
hk max = 0.03220902700980109
hk min = 0.01985046265008574
hz max = 0.04754806087192505
hz min = 0.019460414599844718
lambdaF max = 0.7236116779272151
lambdaF min = 0.006028620769798678
lambdaB max = 0.7338857336605656
lambdaB min = 0.006028620769798678
----------------------------------
----------------------------------
Iteration = 67
Distance = 3.890742158096927e-5
v max = -1.4916943063783987
v min = -7.674095601018921
d max = 0.07607142857142857
d min = 0.07607142857142857
dF max = 0.07607142857142857
dB max = 0.07607142857142857
hk max = 0.03220902693011124
hk min = 0.01985046074921213
hz max = 0.04754806069081176
hz min = 0.019460410279677414
lambdaF max = 0.7236113822486377
lambdaF min = 0.006028620769798678
lambdaB max = 0.7338851297735317
lambdaB min = 0.006028620769798678
----------------------------------
----------------------------------
Iteration = 68
Distance = 3.384474069978438e-5
v max = -1.4917271092572775
v min = -7.674128365217911
d max = 0.07607142857142857
d min = 0.07607142857142857
dF max = 0.07607142857142857
dB max = 0.07607142857142857
hk max = 0.03220902693682065
hk min = 0.019850463273107164
hz max = 0.04754806070606042
hz min = 0.019460416015802492
lambdaF max = 0.723609376420967
lambdaF min = 0.006028620769798678
lambdaB max = 0.7338829267710896
lambdaB min = 0.006028620769798678
----------------------------------
----------------------------------
Iteration = 69
Distance = 2.9376412941317653e-5
v max = -1.4917562363745929
v min = -7.674156852341727
d max = 0.07607142857142857
d min = 0.07607142857142857
dF max = 0.07607142857142857
dB max = 0.07607142857142857
hk max = 0.03220902700805692
hk min = 0.019850467670196378
hz max = 0.04754806086796103
hz min = 0.01946042600918707
lambdaF max = 0.7236073198588225
lambdaF min = 0.006028620769798678
lambdaB max = 0.7338808902583983
lambdaB min = 0.006028620769798678
----------------------------------
----------------------------------
Iteration = 70
Distance = 2.5472158131867317e-5
v max = -1.4917817085327247
v min = -7.674181624016421
d max = 0.07607142857142857
d min = 0.07607142857142857
dF max = 0.07607142857142857
dB max = 0.07607142857142857
hk max = 0.03220902708420664
hk min = 0.019850470685321482
hz max = 0.04754806104102858
hz min = 0.019460432861744124
lambdaF max = 0.7236065666801356
lambdaF min = 0.006028620769798678
lambdaB max = 0.7338803169463654
lambdaB min = 0.006028620769798678
----------------------------------
----------------------------------
Iteration = 71
Distance = 2.1834588285196688e-5
v max = -1.49180354312101
v min = -7.674203167675315
d max = 0.07607142857142857
d min = 0.07607142857142857
dF max = 0.07607142857142857
dB max = 0.07607142857142857
hk max = 0.032209027114576086
hk min = 0.01985047063024444
hz max = 0.04754806111005004
hz min = 0.019460432736569028
lambdaF max = 0.7236073431638551
lambdaF min = 0.006028620769798678
lambdaB max = 0.7338812829903164
lambdaB min = 0.006028620769798678
----------------------------------
----------------------------------
Iteration = 72
Distance = 1.9103491222249858e-5
v max = -1.4918220548398882
v min = -7.674221904592172
d max = 0.07607142857142857
d min = 0.07607142857142857
dF max = 0.07607142857142857
dB max = 0.07607142857142857
hk max = 0.03220902708870763
hk min = 0.019850468167118808
hz max = 0.047548061051258105
hz min = 0.01946042713855623
lambdaF max = 0.7236088299514704
lambdaF min = 0.006028620769798678
lambdaB max = 0.7338828431966514
lambdaB min = 0.006028620769798678
----------------------------------
----------------------------------
Iteration = 73
Distance = 1.6821711764425373e-5
v max = -1.4918378602148594
v min = -7.674238198888383
d max = 0.07607142857142857
d min = 0.07607142857142857
dF max = 0.07607142857142857
dB max = 0.07607142857142857
hk max = 0.032209027035001836
hk min = 0.01985046539647401
hz max = 0.04754806092919948
hz min = 0.01946042084163624
lambdaF max = 0.7236099107054151
lambdaF min = 0.006028620769798678
lambdaB max = 0.7338838569463416
lambdaB min = 0.006028620769798678
----------------------------------
----------------------------------
Iteration = 74
Distance = 1.4713076132988334e-5
v max = -1.4918516486540285
v min = -7.674252366727997
d max = 0.07607142857142857
d min = 0.07607142857142857
dF max = 0.07607142857142857
dB max = 0.07607142857142857
hk max = 0.03220902699425061
hk min = 0.01985046419138793
hz max = 0.047548060836583056
hz min = 0.019460418102804244
lambdaF max = 0.7236099620900837
lambdaF min = 0.006028620769798678
lambdaB max = 0.7338837733264838
lambdaB min = 0.006028620769798678
----------------------------------
----------------------------------
Iteration = 75
Distance = 1.28076958265666e-5
v max = -1.4918639218628578
v min = -7.6742646842610425
d max = 0.07607142857142857
d min = 0.07607142857142857
dF max = 0.07607142857142857
dB max = 0.07607142857142857
hk max = 0.03220902699045154
hk min = 0.0198504650199589
hz max = 0.0475480608279488
hz min = 0.019460419985920074
lambdaF max = 0.7236091604969602
lambdaF min = 0.006028620769798678
lambdaB max = 0.7338828708107256
lambdaB min = 0.006028620769798678
----------------------------------
----------------------------------
Iteration = 76
Distance = 1.111646749230033e-5
v max = -1.4918748823516423
v min = -7.674275393386172
d max = 0.07607142857142857
d min = 0.07607142857142857
dF max = 0.07607142857142857
dB max = 0.07607142857142857
hk max = 0.03220902701855985
hk min = 0.019850466925996124
hz max = 0.04754806089183133
hz min = 0.01946042431782286
lambdaF max = 0.7236082036739367
lambdaF min = 0.006028620769798678
lambdaB max = 0.7338819061380962
lambdaB min = 0.006028620769798678
----------------------------------
----------------------------------
Iteration = 77
Distance = 9.635749010028505e-6
v max = -1.4918845169587507
v min = -7.674284705495372
d max = 0.07607142857142857
d min = 0.07607142857142857
dF max = 0.07607142857142857
dB max = 0.07607142857142857
hk max = 0.03220902705370772
hk min = 0.019850468444328643
hz max = 0.047548060971712866
hz min = 0.019460427768578585
lambdaF max = 0.7236077484724259
lambdaF min = 0.006028620769798678
lambdaB max = 0.7338815223038733
lambdaB min = 0.006028620769798678
----------------------------------
    Value Function Converged, Iteration = 77 with gamma=12.0 with rho=1.0 and v=-3.7142965177252316
    Reflective boundary condition
=============================================================
Convegence time (minutes): 0.11235547515
Current Time = 22:21:39
grid points for z:  401
grid size for z:  0.025
-0.3670621318796871
-0.6022304120016115
--- 8.404837846755981 seconds for the elasticity computation ---
-0.08060311556199838
-0.28290813057309433
--- 0.06731963157653809 seconds for the elasticity computation ---
-0.10376393754381204
-0.31932228142851726
--- 0.06523275375366211 seconds for the elasticity computation ---
-0.441416732966716
-0.6078743521146885
--- 0.06305909156799316 seconds for the elasticity computation ---
Current Time = 22:21:51
grid points for z:  401
grid size for z:  0.025
rho = 1
0.05935460108702888
--- 8.574076414108276 seconds for the elasticity computation ---
0.0
--- 0.06820845603942871 seconds for the elasticity computation ---
0.05935460108702888
--- 0.06760096549987793 seconds for the elasticity computation ---
0.0
--- 0.06712722778320312 seconds for the elasticity computation ---
0.0
--- 0.06742143630981445 seconds for the elasticity computation ---
0.05935460108702888
0.005643940113077034
--- 0.06754446029663086 seconds for the elasticity computation ---
0.05935460108702888
0.005643940113077034
--- 0.06696653366088867 seconds for the elasticity computation ---
0.05935460108702888
0.005643940113077034
--- 0.06724810600280762 seconds for the elasticity computation ---
0.05935460108702888
0.005643940113077034
--- 0.06735897064208984 seconds for the elasticity computation ---
parsed_args = parse_commandline() = Dict{String, Any}("dataname" => "lower_triangular_four_ambiguous_parameters", "clowerlim" => 0.0001, "delta" => 0.015, "boundary" => 1, "Delta" => 10.0, "q" => 0.1, "zmax" => 5.0, "logadjustment" => 1, "zscale" => 2.0, "foc" => 1, "distorted" => 0, "rho" => 1.0, "gamma" => 12.0)
=============================================================
./output/lower_triangular_four_ambiguous_parameters/Delta_10.0_distorted_0/logadjustment_1_boundary_1/zmax_5.0_zscale_2.0/delta_0.015/q_0.1_gamma_12.0_rho_1.0/
=============================================================
solve for structured linear system 
structured_relative_entropy = 0.10126296951445092
=============================================================
solve for unstructured linear system 
q_update = 0.6275457241029209
=============================================================
parsed_args = parse_commandline() = Dict{String, Any}("dataname" => "lower_triangular_four_ambiguous_parameters", "clowerlim" => 0.0001, "delta" => 0.015, "boundary" => 1, "Delta" => 10.0, "q" => 0.1, "zmax" => 5.0, "logadjustment" => 1, "zscale" => 2.0, "foc" => 1, "distorted" => 0, "rho" => 1.0, "gamma" => 12.0)
=============================================================
./output/lower_triangular_four_ambiguous_parameters/Delta_10.0_distorted_0/logadjustment_1_boundary_1/zmax_5.0_zscale_2.0/delta_0.015/q_0.1_gamma_12.0_rho_1.0/
=============================================================
solve for structured linear system 
structured_relative_entropy = 0.10126296951445095
=============================================================
solve for unstructured linear system 
q_update = 0.6275457241029209
=============================================================
Program ends Fri Jan 19 22:22:32 CST 2024
Elapsed time: 0 days 00 hr 01 min 20 sec
