D_10.0_distorted_0_boundary_0_delta_0.02_gamma_10.0_q_0.3_rho_1.0_upper_triangular_two_ambiguous_parameters
Program starts Fri Jan 19 22:19:03 CST 2024
parsed_args = parse_commandline() = Dict{String, Any}("dataname" => "upper_triangular_two_ambiguous_parameters", "clowerlim" => 0.0001, "delta" => 0.02, "boundary" => 0, "Delta" => 10.0, "q" => 0.3, "zmax" => 5.0, "logadjustment" => 1, "zscale" => 2.0, "foc" => 1, "distorted" => 0, "rho" => 1.0, "gamma" => 10.0)
=============================================================
logadjustment: true
reflective_boundary: false
0.109
U: [1.0331966455186503 0.4546065240282061; 0.0 0.06463435618925897]
L: [1.0331966455186503 0.0; 0.4546065240282061 0.06463435618925897]
[-2.220446049250313e-16 0.0; 0.0 0.0]
sigma_k: [0.010331966455186503, 0.004546065240282061]
sigma_z: [0.0, 0.06463435618925897]
Compute value function WITH ROBUSTNESS
computing undistorted version...
zmax = 5.0, zmin = -5.0, zlength = 401
natural boundary condition
----------------------------------
Iteration = 1
Distance = 1.2153834049693062
v max = -0.9426561322420309
v min = -3.215383404969306
d max = 0.07672413793103448
d min = 0.07672413793103448
dF max = 0.07672413793103448
dB max = 0.07672413793103448
hk max = 0.010331966455186503
hk min = 0.010331966455186503
hz max = 0.004546065240282061
hz min = 0.004546065240282061
lambdaF max = Inf
lambdaF min = 0.0010822033550599306
lambdaB max = Inf
lambdaB min = 0.0010822033550599306
----------------------------------
----------------------------------
Iteration = 2
Distance = 1.6301679320916018
v max = -2.188098284665348
v min = -4.615015337902834
d max = 0.07672413793103448
d min = 0.07672413793103448
dF max = 0.07672413793103448
dB max = 0.07672413793103448
hk max = 0.010331966455186503
hk min = 0.010331966455186503
hz max = 0.019235691646936837
hz min = 0.019235691646927653
lambdaF max = Inf
lambdaF min = 0.0010822033550599306
lambdaB max = Inf
lambdaB min = 0.0010822033550599306
----------------------------------
----------------------------------
Iteration = 3
Distance = 1.0779061579408387
v max = -1.8294794744170186
v min = -5.692921495843673
d max = 0.07672413793103448
d min = 0.07672413793103448
dF max = 0.07672413793103448
dB max = 0.07672413793103448
hk max = 0.010331966455186503
hk min = 0.010331966455186503
hz max = 0.03630597500520856
hz min = -0.0008147008881471693
lambdaF max = Inf
lambdaF min = 0.0009986248489080804
lambdaB max = Inf
lambdaB min = 0.0009936317246635397
----------------------------------
----------------------------------
Iteration = 4
Distance = 0.8432956662071565
v max = -2.0711891106641853
v min = -6.536217162050829
d max = 0.07672413793103448
d min = 0.07672413793103448
dF max = 0.07672413793103448
dB max = 0.07672413793103448
hk max = 0.010331966455186503
hk min = 0.010331966455186503
hz max = 0.04894149324616512
hz min = 0.009479571182892312
lambdaF max = Inf
lambdaF min = 0.0010822033550599306
lambdaB max = Inf
lambdaB min = 0.0010822033550599306
----------------------------------
----------------------------------
Iteration = 5
Distance = 0.7037405461378876
v max = -2.086497233210671
v min = -7.239957708188717
d max = 0.07672413793103448
d min = 0.07672413793103448
dF max = 0.07672413793103448
dB max = 0.07672413793103448
hk max = 0.010331966455186503
hk min = 0.010331966455186503
hz max = 0.058319357326968725
hz min = 0.007155565681025531
lambdaF max = Inf
lambdaF min = 0.0010822033550599306
lambdaB max = Inf
lambdaB min = 0.0010822033550599306
----------------------------------
----------------------------------
Iteration = 6
Distance = 0.6014257699144983
v max = -2.28677930939131
v min = -7.841383478103215
d max = 0.07672413793103448
d min = 0.07672413793103448
dF max = 0.07672413793103448
dB max = 0.07672413793103448
hk max = 0.010331966455186503
hk min = 0.010331966455186503
hz max = 0.0666928946450705
hz min = 0.00843628382769041
lambdaF max = Inf
lambdaF min = 0.0010822033550599306
lambdaB max = Inf
lambdaB min = 0.0010822033550599306
----------------------------------
----------------------------------
Iteration = 7
Distance = 0.518814936314695
v max = -2.3437552136930484
v min = -8.36019841441791
d max = 0.07672413793103448
d min = 0.07672413793103448
dF max = 0.07672413793103448
dB max = 0.07672413793103448
hk max = 0.010331966455186503
hk min = 0.010331966455186503
hz max = 0.07434955593143831
hz min = 0.004850103654088897
lambdaF max = Inf
lambdaF min = 0.0010822033550599306
lambdaB max = Inf
lambdaB min = 0.0010822033550599306
----------------------------------
----------------------------------
Iteration = 8
Distance = 0.4494200934970536
v max = -2.1979434629802026
v min = -8.809618507914964
d max = 0.07672413793103448
d min = 0.07672413793103448
dF max = 0.07672413793103448
dB max = 0.07672413793103448
hk max = 0.010331966455186503
hk min = 0.010331966455186503
hz max = 0.07993606145399973
hz min = 0.004789967733211625
lambdaF max = Inf
lambdaF min = 0.0010822033550599306
lambdaB max = Inf
lambdaB min = 0.0010822033550599306
----------------------------------
----------------------------------
Iteration = 9
Distance = 0.9120848263998869
v max = -2.7418931837268543
v min = -9.199914465139518
d max = 0.07672413793103448
d min = 0.07672413793103448
dF max = 0.07672413793103448
dB max = 0.07672413793103448
hk max = 0.010331966455186503
hk min = 0.010331966455186503
hz max = 0.08577881833314308
hz min = -0.01040069075607777
lambdaF max = Inf
lambdaF min = 0.0010822033550599306
lambdaB max = Inf
lambdaB min = 0.0010822033550599306
----------------------------------
Delta = 5.0
----------------------------------
Iteration = 10
Distance = 1.0174622520260646
v max = -2.7743038891319682
v min = -9.402894573367709
d max = 0.07672413793103448
d min = 0.07672413793103448
dF max = 0.07672413793103448
dB max = 0.07672413793103448
hk max = 0.010331966455186503
hk min = 0.010331966455186503
hz max = 0.08572963854097838
hz min = -0.03581967143454107
lambdaF max = Inf
lambdaF min = 0.0010822033550599306
lambdaB max = Inf
lambdaB min = 0.0010822033550599306
----------------------------------
Delta = 2.5
----------------------------------
Iteration = 11
Distance = 0.3448546900933369
v max = -2.7523412429649565
v min = -9.506352650471595
d max = 0.07672413793103448
d min = 0.07672413793103448
dF max = 0.07672413793103448
dB max = 0.07672413793103448
hk max = 0.010331966455186503
hk min = 0.010331966455186503
hz max = 0.08462301665017946
hz min = -0.025689294745510585
lambdaF max = Inf
lambdaF min = 0.0009992364397821093
lambdaB max = Inf
lambdaB min = 0.0009942402575831984
----------------------------------
----------------------------------
Iteration = 12
Distance = 0.5534660864224161
v max = -2.681858360438764
v min = -9.604858894925
d max = 0.07672413793103448
d min = 0.07672413793103448
dF max = 0.07672413793103448
dB max = 0.07672413793103448
hk max = 0.010331966455186503
hk min = 0.010331966455186503
hz max = 0.08554582047230941
hz min = -0.028026801713299916
lambdaF max = Inf
lambdaF min = 0.0010190113025857518
lambdaB max = Inf
lambdaB min = 0.0010139162460728226
----------------------------------
----------------------------------
Iteration = 13
Distance = 1.1768235774617049
v max = -2.566588947829252
v min = -9.698876135065385
d max = 0.07672413793103448
d min = 0.07672413793103448
dF max = 0.07672413793103448
dB max = 0.07672413793103448
hk max = 0.010331966455186503
hk min = 0.010331966455186503
hz max = 0.12869277645561897
hz min = -0.10629261329670533
lambdaF max = Inf
lambdaF min = 0.0010822033550599306
lambdaB max = Inf
lambdaB min = 0.0010822033550599306
----------------------------------
Delta = 1.25
----------------------------------
Iteration = 14
Distance = 1.252529770378945
v max = -2.4760185653498175
v min = -9.74642016330203
d max = 0.07672413793103448
d min = 0.07672413793103448
dF max = 0.07672413793103448
dB max = 0.07672413793103448
hk max = 0.010331966455186503
hk min = 0.010331966455186503
hz max = 0.1660969682405029
hz min = -0.24024856769155825
lambdaF max = Inf
lambdaF min = 0.0010822033550599306
lambdaB max = Inf
lambdaB min = 0.0010822033550599306
----------------------------------
Delta = 0.625
----------------------------------
Iteration = 15
Distance = 1.0057770220007276
v max = -2.4380161614115874
v min = -9.770307943725566
d max = 0.07672413793103448
d min = 0.07672413793103448
dF max = 0.07672413793103448
dB max = 0.07672413793103448
hk max = 0.010331966455186503
hk min = 0.010331966455186503
hz max = 0.1810794794041194
hz min = -0.28326087780339954
lambdaF max = Inf
lambdaF min = 0.0010318868990953484
lambdaB max = Inf
lambdaB min = 0.0010267274645998717
----------------------------------
----------------------------------
Iteration = 16
Distance = 1.2738553245127204
v max = -2.3898213051953165
v min = -9.793878713098376
d max = 0.07672413793103448
d min = 0.07672413793103448
dF max = 0.07672413793103448
dB max = 0.07672413793103448
hk max = 0.010331966455186503
hk min = 0.010331966455186503
hz max = 0.22550577123692891
hz min = -0.3090213254161083
lambdaF max = Inf
lambdaF min = 0.0010359232147220075
lambdaB max = Inf
lambdaB min = 0.0010305557369255204
----------------------------------
Delta = 0.3125
----------------------------------
Iteration = 17
Distance = 1.3326539538631392
v max = -2.3719379657753077
v min = -9.805699915808646
d max = 0.07672413793103448
d min = 0.07672413793103448
dF max = 0.07672413793103448
dB max = 0.07672413793103448
hk max = 0.010331966455186503
hk min = 0.010331966455186503
hz max = 0.3850029609125937
hz min = -0.3471752594162851
lambdaF max = Inf
lambdaF min = 0.0010047160353058103
lambdaB max = Inf
lambdaB min = 0.0009996672110077914
----------------------------------
Delta = 0.15625
----------------------------------
Iteration = 18
Distance = 1.0453132914078678
v max = -2.4065328453602577
v min = -9.811617829214255
d max = 0.07672413793103448
d min = 0.07672413793103448
dF max = 0.07672413793103448
dB max = 0.07672413793103448
hk max = 0.010331966455186503
hk min = 0.010331966455186503
hz max = 0.4863882324607155
hz min = -0.36260078215613106
lambdaF max = Inf
lambdaF min = 0.0010822033550599306
lambdaB max = Inf
lambdaB min = 0.0010822033550599306
----------------------------------
----------------------------------
Iteration = 19
Distance = 1.3343997669404466
v max = -2.5164183684952075
v min = -9.817515525660827
d max = 0.07672413793103448
d min = 0.07672413793103448
dF max = 0.07672413793103448
dB max = 0.07672413793103448
hk max = 0.010331966455186503
hk min = 0.010331966455186503
hz max = 0.6003652886983118
hz min = -0.38870006051081774
lambdaF max = Inf
lambdaF min = 0.0010822033550599306
lambdaB max = Inf
lambdaB min = 0.0010822033550599306
----------------------------------
Delta = 0.078125
----------------------------------
Iteration = 20
Distance = 0.9752566965727922
v max = -2.56769165576438
v min = -9.82046665359936
d max = 0.07672413793103448
d min = 0.07672413793103448
dF max = 0.07672413793103448
dB max = 0.07672413793103448
hk max = 0.010331966455186503
hk min = 0.010331966455186503
hz max = 0.7685989657011346
hz min = -0.43081039416953565
lambdaF max = Inf
lambdaF min = 0.0010822033550599306
lambdaB max = Inf
lambdaB min = 0.0010822033550599306
----------------------------------
----------------------------------
Iteration = 21
Distance = 1.2128632084762607
v max = -2.6585213881416903
v min = -9.823412716261954
d max = 0.07672413793103448
d min = 0.07672413793103448
dF max = 0.07672413793103448
dB max = 0.07672413793103448
hk max = 0.010331966455186503
hk min = 0.010331966455186503
hz max = 1.0012635603642441
hz min = -0.46887811054180545
lambdaF max = Inf
lambdaF min = 0.0010822033550599306
lambdaB max = Inf
lambdaB min = 0.0010822033550599306
----------------------------------
----------------------------------
Iteration = 22
Distance = 1.4559870223961369
v max = -2.8194736631974955
v min = -9.826353950733532
d max = 0.07672413793103448
d min = 0.07672413793103448
dF max = 0.07672413793103448
dB max = 0.07672413793103448
hk max = 0.010331966455186503
hk min = 0.010331966455186503
hz max = 1.1830731395413223
hz min = -0.5053451272901035
lambdaF max = Inf
lambdaF min = 0.0010822033550599306
lambdaB max = Inf
lambdaB min = 0.0010822033550599306
----------------------------------
Delta = 0.0390625
----------------------------------
Iteration = 23
Distance = 1.065002635146314
v max = -2.907309947322023
v min = -9.82782513598907
d max = 0.07672413793103448
d min = 0.07672413793103448
dF max = 0.07672413793103448
dB max = 0.07672413793103448
hk max = 0.010331966455186503
hk min = 0.010331966455186503
hz max = 1.4650818515389628
hz min = -0.9785456693240085
lambdaF max = Inf
lambdaF min = 0.0010822033550599306
lambdaB max = Inf
lambdaB min = 0.0010822033550599306
----------------------------------
----------------------------------
Iteration = 24
Distance = 1.1278864234667916
v max = -2.9735124251377854
v min = -9.829295055812821
d max = 0.07672413793103448
d min = 0.07672413793103448
dF max = 0.07672413793103448
dB max = 0.07672413793103448
hk max = 0.010331966455186503
hk min = 0.010331966455186503
hz max = 1.6057611408316654
hz min = -1.0762756342066366
lambdaF max = Inf
lambdaF min = 0.0010822033550599306
lambdaB max = Inf
lambdaB min = 0.0010822033550599306
----------------------------------
----------------------------------
Iteration = 25
Distance = 1.3651600182780435
v max = -3.0131111780152238
v min = -9.830763768292817
d max = 0.07672413793103448
d min = 0.07672413793103448
dF max = 0.07672413793103448
dB max = 0.07672413793103448
hk max = 0.010331966455186503
hk min = 0.010331966455186503
hz max = 1.8117154308029715
hz min = -1.2053123731671973
lambdaF max = Inf
lambdaF min = 0.0010822033550599306
lambdaB max = Inf
lambdaB min = 0.0010822033550599306
----------------------------------
Delta = 0.01953125
----------------------------------
Iteration = 26
Distance = 0.8292425958320839
v max = -3.022093588220622
v min = -9.831498266295267
d max = 0.07672413793103448
d min = 0.07672413793103448
dF max = 0.07672413793103448
dB max = 0.07672413793103448
hk max = 0.010331966455186503
hk min = 0.010331966455186503
hz max = 1.9151421559888402
hz min = -1.3826563301630213
lambdaF max = Inf
lambdaF min = 0.0010822033550599306
lambdaB max = Inf
lambdaB min = 0.001076733925758754
----------------------------------
----------------------------------
Iteration = 27
Distance = 0.8541619704364267
v max = -3.029086900783855
v min = -9.832232448050986
d max = 0.07672413793103448
d min = 0.07672413793103448
dF max = 0.07672413793103448
dB max = 0.07672413793103448
hk max = 0.010331966455186503
hk min = 0.010331966455186503
hz max = 1.9404317131175113
hz min = -1.528505403897484
lambdaF max = Inf
lambdaF min = 0.0010822033550599306
lambdaB max = Inf
lambdaB min = 0.0010822033550599306
----------------------------------
----------------------------------
Iteration = 28
Distance = 0.8499353391158868
v max = -3.0365975104583773
v min = -9.832966327933757
d max = 0.07672413793103448
d min = 0.07672413793103448
dF max = 0.07672413793103448
dB max = 0.07672413793103448
hk max = 0.010331966455186503
hk min = 0.010331966455186503
hz max = 1.9764683789830901
hz min = -1.7181836511355932
lambdaF max = Inf
lambdaF min = 0.0010822033550599306
lambdaB max = Inf
lambdaB min = 0.0010822033550599306
----------------------------------
Delta = 0.009765625
----------------------------------
Iteration = 29
Distance = 0.43246666346658547
v max = -3.041253475360458
v min = -9.833333303285448
d max = 0.07672413793103448
d min = 0.07672413793103448
dF max = 0.07672413793103448
dB max = 0.07672413793103448
hk max = 0.010331966455186503
hk min = 0.010331966455186503
hz max = 1.9429009653303888
hz min = -1.9744129916216662
lambdaF max = Inf
lambdaF min = 0.0010822033550599306
lambdaB max = Inf
lambdaB min = 0.0010822033550599306
----------------------------------
----------------------------------
Iteration = 30
Distance = 0.3867984616218303
v max = -3.046621153461231
v min = -9.833700199589378
d max = 0.07672413793103448
d min = 0.07672413793103448
dF max = 0.07672413793103448
dB max = 0.07672413793103448
hk max = 0.010331966455186503
hk min = 0.010331966455186503
hz max = 1.7490302620142653
hz min = -2.1722591470198718
lambdaF max = Inf
lambdaF min = 0.0010822033550599306
lambdaB max = Inf
lambdaB min = 0.0010822033550599306
----------------------------------
----------------------------------
Iteration = 31
Distance = 0.34098640583062245
v max = -3.052795014954442
v min = -9.834067020420447
d max = 0.07672413793103448
d min = 0.07672413793103448
dF max = 0.07672413793103448
dB max = 0.07672413793103448
hk max = 0.010331966455186503
hk min = 0.010331966455186503
hz max = 1.5594568488368263
hz min = -2.4233937351842645
lambdaF max = Inf
lambdaF min = 0.0010822033550599306
lambdaB max = Inf
lambdaB min = 0.0010798279515870186
----------------------------------
----------------------------------
Iteration = 32
Distance = 0.2968108849744757
v max = -3.0598228940572647
v min = -9.83443376579541
d max = 0.07672413793103448
d min = 0.07672413793103448
dF max = 0.07672413793103448
dB max = 0.07672413793103448
hk max = 0.010331966455186503
hk min = 0.010331966455186503
hz max = 1.3870924069280823
hz min = -2.752309832912109
lambdaF max = Inf
lambdaF min = 0.0010822033550599306
lambdaB max = Inf
lambdaB min = 0.0010779020243222037
----------------------------------
----------------------------------
Iteration = 33
Distance = 0.3452509632328056
v max = -3.067709335311999
v min = -9.834800435730964
d max = 0.07672413793103448
d min = 0.07672413793103448
dF max = 0.07672413793103448
dB max = 0.07672413793103448
hk max = 0.010331966455186503
hk min = 0.010331966455186503
hz max = 1.3518114885023798
hz min = -3.2004486866934636
lambdaF max = Inf
lambdaF min = 0.0010822033550599306
lambdaB max = Inf
lambdaB min = 0.0010768694388720982
----------------------------------
Delta = 0.0048828125
----------------------------------
Iteration = 34
Distance = 0.26677711698863327
v max = -3.0720272616128095
v min = -9.8349837795389
d max = 0.07672413793103448
d min = 0.07672413793103448
dF max = 0.07672413793103448
dB max = 0.07672413793103448
hk max = 0.010331966455186503
hk min = 0.010331966455186503
hz max = 1.4087636961272547
hz min = -3.8432171408321043
lambdaF max = Inf
lambdaF min = 0.0010818283452340414
lambdaB max = Inf
lambdaB min = 0.0010759806244489928
----------------------------------
----------------------------------
Iteration = 35
Distance = 0.3499747753718587
v max = -3.0765307933944555
v min = -9.835167103595651
d max = 0.07672413793103448
d min = 0.07672413793103448
dF max = 0.07672413793103448
dB max = 0.07672413793103448
hk max = 0.010331966455186503
hk min = 0.010331966455186503
hz max = 1.7090693793146716
hz min = -4.365597166160123
lambdaF max = Inf
lambdaF min = 0.001080499271054243
lambdaB max = Inf
lambdaB min = 0.00107465873445395
----------------------------------
Delta = 0.00244140625
----------------------------------
Iteration = 36
Distance = 0.24571921162781152
v max = -3.0788632919983594
v min = -9.835258767834128
d max = 0.07672413793103448
d min = 0.07672413793103448
dF max = 0.07672413793103448
dB max = 0.07672413793103448
hk max = 0.010331966455186503
hk min = 0.010331966455186503
hz max = 2.1095361935530317
hz min = -5.0695030962519905
lambdaF max = Inf
lambdaF min = 0.0010793545875552512
lambdaB max = Inf
lambdaB min = 0.001073520238433331
----------------------------------
----------------------------------
Iteration = 37
Distance = 0.30091386095772243
v max = -3.081235672173559
v min = -9.835350427134465
d max = 0.07672413793103448
d min = 0.07672413793103448
dF max = 0.07672413793103448
dB max = 0.07672413793103448
hk max = 0.010331966455186503
hk min = 0.010331966455186503
hz max = 2.412990163825708
hz min = -5.582480823878955
lambdaF max = Inf
lambdaF min = 0.001078862345650244
lambdaB max = Inf
lambdaB min = 0.0010730306572953778
----------------------------------
----------------------------------
Iteration = 38
Distance = 0.3776572761585495
v max = -3.0836463980161284
v min = -9.835442081719098
d max = 0.07672413793103448
d min = 0.07672413793103448
dF max = 0.07672413793103448
dB max = 0.07672413793103448
hk max = 0.010331966455186503
hk min = 0.010331966455186503
hz max = 2.78949369945086
hz min = -6.222634622708422
lambdaF max = Inf
lambdaF min = 0.0010784183614780509
lambdaB max = Inf
lambdaB min = 0.001072589073037629
----------------------------------
Delta = 0.001220703125
----------------------------------
Iteration = 39
Distance = 0.247514428093762
v max = -3.0848682938478102
v min = -9.953021843111284
d max = 0.07672413793103448
d min = 0.07672413793103448
dF max = 0.07672413793103448
dB max = 0.07672413793103448
hk max = 0.010331966455186503
hk min = 0.010331966455186503
hz max = 3.270427749324861
hz min = -7.042082425581416
lambdaF max = Inf
lambdaF min = 0.001078026521779276
lambdaB max = Inf
lambdaB min = 0.00107219935139128
----------------------------------
----------------------------------
Iteration = 40
Distance = 0.2893810378353603
v max = -3.0860985144911335
v min = -10.242402880946644
d max = 0.07672413793103448
d min = 0.07672413793103448
dF max = 0.07672413793103448
dB max = 0.07672413793103448
hk max = 0.010331966455186503
hk min = 0.010331966455186503
hz max = 3.599860655793836
hz min = -7.592598060909964
lambdaF max = Inf
lambdaF min = 0.001077850340064895
lambdaB max = Inf
lambdaB min = 0.0010720241220104902
----------------------------------
----------------------------------
Iteration = 41
Distance = 0.34315363629664475
v max = -3.0873368734183795
v min = -10.585556517243289
d max = 0.07672413793103448
d min = 0.07672413793103448
dF max = 0.07672413793103448
dB max = 0.07672413793103448
hk max = 0.010331966455186503
hk min = 0.010331966455186503
hz max = 3.988932027079735
hz min = -8.243995075957255
lambdaF max = Inf
lambdaF min = 0.001077686408743992
lambdaB max = Inf
lambdaB min = 0.0010718610768048354
----------------------------------
Delta = 0.0006103515625
----------------------------------
Iteration = 42
Distance = 0.20830834853090607
v max = -3.0879596490204038
v min = -10.793864865774195
d max = 0.07672413793103448
d min = 0.07672413793103448
dF max = 0.07672413793103448
dB max = 0.07672413793103448
hk max = 0.010331966455186503
hk min = 0.010331966455186503
hz max = 4.455575797035902
hz min = -9.025914961476154
lambdaF max = Inf
lambdaF min = 0.0010775353314218757
lambdaB max = Inf
lambdaB min = 0.0010717108161168926
----------------------------------
----------------------------------
Iteration = 43
Distance = 0.2318663591539991
v max = -3.0885842777315506
v min = -11.025731224928194
d max = 0.07672413793103448
d min = 0.07672413793103448
dF max = 0.07672413793103448
dB max = 0.07672413793103448
hk max = 0.010331966455186503
hk min = 0.010331966455186503
hz max = 4.7456731847196965
hz min = -9.507492188312975
lambdaF max = Inf
lambdaF min = 0.00107746465430556
lambdaB max = Inf
lambdaB min = 0.0010716405210390433
----------------------------------
----------------------------------
Iteration = 44
Distance = 0.2597681100235292
v max = -3.08921074585944
v min = -11.285499334951723
d max = 0.07672413793103448
d min = 0.07672413793103448
dF max = 0.07672413793103448
dB max = 0.07672413793103448
hk max = 0.010331966455186503
hk min = 0.010331966455186503
hz max = 5.070566847269581
hz min = -10.047163042591047
lambdaF max = Inf
lambdaF min = 0.0010773970421931647
lambdaB max = Inf
lambdaB min = 0.001071573274397526
----------------------------------
Delta = 0.00030517578125
----------------------------------
Iteration = 45
Distance = 0.14709311579464135
v max = -3.089524807886772
v min = -11.432592450746364
d max = 0.07672413793103448
d min = 0.07672413793103448
dF max = 0.07672413793103448
dB max = 0.07672413793103448
hk max = 0.010331966455186503
hk min = 0.010331966455186503
hz max = 5.436922405942864
hz min = -10.655887925559464
lambdaF max = Inf
lambdaF min = 0.0010773326103096952
lambdaB max = Inf
lambdaB min = 0.0010715091907945076
----------------------------------
----------------------------------
Iteration = 46
Distance = 0.15710699692823837
v max = -3.0898393035559493
v min = -11.589699447674603
d max = 0.07672413793103448
d min = 0.07672413793103448
dF max = 0.07672413793103448
dB max = 0.07672413793103448
hk max = 0.010331966455186503
hk min = 0.010331966455186503
hz max = 5.646966162267069
hz min = -11.003295322734006
lambdaF max = Inf
lambdaF min = 0.001077301598054402
lambdaB max = Inf
lambdaB min = 0.0010714783461730265
----------------------------------
----------------------------------
Iteration = 47
Distance = 0.16820749213393782
v max = -3.0901542339640082
v min = -11.75790693980854
d max = 0.07672413793103448
d min = 0.07672413793103448
dF max = 0.07672413793103448
dB max = 0.07672413793103448
hk max = 0.010331966455186503
hk min = 0.010331966455186503
hz max = 5.8720701492943315
hz min = -11.375680099167337
lambdaF max = Inf
lambdaF min = 0.0010772713510520343
lambdaB max = Inf
lambdaB min = 0.0010714482626679692
----------------------------------
Delta = 0.000152587890625
----------------------------------
Iteration = 48
Distance = 0.09044156982754004
v max = -3.0903118970680734
v min = -11.84834850963608
d max = 0.07672413793103448
d min = 0.07672413793103448
dF max = 0.07672413793103448
dB max = 0.07672413793103448
hk max = 0.010331966455186503
hk min = 0.010331966455186503
hz max = 6.113917713851362
hz min = -11.775801150539587
lambdaF max = Inf
lambdaF min = 0.0010772418943367017
lambdaB max = Inf
lambdaB min = 0.0010714189651781251
----------------------------------
----------------------------------
Iteration = 49
Distance = 0.09387284642506266
v max = -3.090469664817128
v min = -11.942221356061143
d max = 0.07672413793103448
d min = 0.07672413793103448
dF max = 0.07672413793103448
dB max = 0.07672413793103448
hk max = 0.010331966455186503
hk min = 0.010331966455186503
hz max = 6.244785299381446
hz min = -11.991821023906622
lambdaF max = Inf
lambdaF min = 0.001077227465284867
lambdaB max = Inf
lambdaB min = 0.0010714046141211654
----------------------------------
----------------------------------
Iteration = 50
Distance = 0.09750866065617103
v max = -3.0906275380717334
v min = -12.039730016717314
d max = 0.07672413793103448
d min = 0.07672413793103448
dF max = 0.07672413793103448
dB max = 0.07672413793103448
hk max = 0.010331966455186503
hk min = 0.010331966455186503
hz max = 6.380859880639832
hz min = -12.216447394764838
lambdaF max = Inf
lambdaF min = 0.0010772132273411895
lambdaB max = Inf
lambdaB min = 0.0010713904531393452
----------------------------------
Delta = 7.62939453125e-5
----------------------------------
Iteration = 51
Distance = 0.05072886398508558
v max = -3.090706523026022
v min = -12.0904588807024
d max = 0.07672413793103448
d min = 0.07672413793103448
dF max = 0.07672413793103448
dB max = 0.07672413793103448
hk max = 0.010331966455186503
hk min = 0.010331966455186503
hz max = 6.522459831916405
hz min = -12.450201111704528
lambdaF max = Inf
lambdaF min = 0.0010771991863357956
lambdaB max = Inf
lambdaB min = 0.0010713764880312777
----------------------------------
----------------------------------
Iteration = 52
Distance = 0.05175007423918032
v max = -3.090785533667352
v min = -12.14220895494158
d max = 0.07672413793103448
d min = 0.07672413793103448
dF max = 0.07672413793103448
dB max = 0.07672413793103448
hk max = 0.010331966455186503
hk min = 0.010331966455186503
hz max = 6.59636547512346
hz min = -12.572066356812181
lambdaF max = Inf
lambdaF min = 0.001077192240448182
lambdaB max = Inf
lambdaB min = 0.0010713695796890025
----------------------------------
----------------------------------
Iteration = 53
Distance = 0.052803320004061405
v max = -3.090864570285357
v min = -12.195012274945642
d max = 0.07672413793103448
d min = 0.07672413793103448
dF max = 0.07672413793103448
dB max = 0.07672413793103448
hk max = 0.010331966455186503
hk min = 0.010331966455186503
hz max = 6.671827772807333
hz min = -12.69650010845907
lambdaF max = Inf
lambdaF min = 0.0010771853423069651
lambdaB max = Inf
lambdaB min = 0.0010713627188350355
----------------------------------
Delta = 3.814697265625e-5
----------------------------------
Iteration = 54
Distance = 0.026957267881362768
v max = -3.090904100531914
v min = -12.221969542827004
d max = 0.07672413793103448
d min = 0.07672413793103448
dF max = 0.07672413793103448
dB max = 0.07672413793103448
hk max = 0.010331966455186503
hk min = 0.010331966455186503
hz max = 6.748896708644995
hz min = -12.823584060469182
lambdaF max = Inf
lambdaF min = 0.0010771784933188446
lambdaB max = Inf
lambdaB min = 0.0010713559068684722
----------------------------------
----------------------------------
Iteration = 55
Distance = 0.027237210005580437
v max = -3.0909436371407444
v min = -12.249206752832585
d max = 0.07672413793103448
d min = 0.07672413793103448
dF max = 0.07672413793103448
dB max = 0.07672413793103448
hk max = 0.010331966455186503
hk min = 0.010331966455186503
hz max = 6.7883061507904765
hz min = -12.888531966694257
lambdaF max = Inf
lambdaF min = 0.0010771750874515543
lambdaB max = Inf
lambdaB min = 0.0010713525194112755
----------------------------------
----------------------------------
Iteration = 56
Distance = 0.02752166229353392
v max = -3.09098318019364
v min = -12.276728415126119
d max = 0.07672413793103448
d min = 0.07672413793103448
dF max = 0.07672413793103448
dB max = 0.07672413793103448
hk max = 0.010331966455186503
hk min = 0.010331966455186503
hz max = 6.8281432704507194
hz min = -12.954184932430918
lambdaF max = Inf
lambdaF min = 0.001077171693516718
lambdaB max = Inf
lambdaB min = 0.001071349143822033
----------------------------------
Delta = 1.9073486328125e-5
----------------------------------
Iteration = 57
Distance = 0.013908538073531318
v max = -3.0910029546864104
v min = -12.29063695319965
d max = 0.07672413793103448
d min = 0.07672413793103448
dF max = 0.07672413793103448
dB max = 0.07672413793103448
hk max = 0.010331966455186503
hk min = 0.010331966455186503
hz max = 6.8684151129848265
hz min = -13.020554467111804
lambdaF max = Inf
lambdaF min = 0.0010771683118598252
lambdaB max = Inf
lambdaB min = 0.0010713457804443665
----------------------------------
----------------------------------
Iteration = 58
Distance = 0.013981922790971879
v max = -3.0910227307623
v min = -12.304618875990622
d max = 0.07672413793103448
d min = 0.07672413793103448
dF max = 0.07672413793103448
dB max = 0.07672413793103448
hk max = 0.010331966455186503
hk min = 0.010331966455186503
hz max = 6.888783787155541
hz min = -13.054113296161836
lambdaF max = Inf
lambdaF min = 0.0010771666256846524
lambdaB max = Inf
lambdaB min = 0.0010713441033836542
----------------------------------
----------------------------------
Iteration = 59
Distance = 0.014055906831940135
v max = -3.091042508442935
v min = -12.318674782822562
d max = 0.07672413793103448
d min = 0.07672413793103448
dF max = 0.07672413793103448
dB max = 0.07672413793103448
hk max = 0.010331966455186503
hk min = 0.010331966455186503
hz max = 6.909264699059354
hz min = -13.087857076646717
lambdaF max = Inf
lambdaF min = 0.0010771649424920575
lambdaB max = Inf
lambdaB min = 0.0010713424292893977
----------------------------------
Delta = 9.5367431640625e-6
----------------------------------
Iteration = 60
Distance = 0.007066056225626838
v max = -3.091052398022573
v min = -12.325740839048189
d max = 0.07672413793103448
d min = 0.07672413793103448
dF max = 0.07672413793103448
dB max = 0.07672413793103448
hk max = 0.010331966455186503
hk min = 0.010331966455186503
hz max = 6.929858785453361
hz min = -13.121787338500399
lambdaF max = Inf
lambdaF min = 0.0010771632623676475
lambdaB max = Inf
lambdaB min = 0.0010713407582467413
----------------------------------
----------------------------------
Iteration = 61
Distance = 0.0070848493681641145
v max = -3.0910622879970586
v min = -12.332825688416353
d max = 0.07672413793103448
d min = 0.07672413793103448
dF max = 0.07672413793103448
dB max = 0.07672413793103448
hk max = 0.010331966455186503
hk min = 0.010331966455186503
hz max = 6.940215888563724
hz min = -13.138849001615577
lambdaF max = Inf
lambdaF min = 0.0010771624234683442
lambdaB max = Inf
lambdaB min = 0.001071339923882029
----------------------------------
----------------------------------
Iteration = 62
Distance = 0.007103719786679008
v max = -3.0910721783719457
v min = -12.339929408203032
d max = 0.07672413793103448
d min = 0.07672413793103448
dF max = 0.07672413793103448
dB max = 0.07672413793103448
hk max = 0.010331966455186503
hk min = 0.010331966455186503
hz max = 6.950601750761239
hz min = -13.155958045094286
lambdaF max = Inf
lambdaF min = 0.0010771615853146187
lambdaB max = Inf
lambdaB min = 0.001071339090258864
----------------------------------
Delta = 4.76837158203125e-6
----------------------------------
Iteration = 63
Distance = 0.003561537654551472
v max = -3.0910771237439363
v min = -12.343490945857583
d max = 0.07672413793103448
d min = 0.07672413793103448
dF max = 0.07672413793103448
dB max = 0.07672413793103448
hk max = 0.010331966455186503
hk min = 0.010331966455186503
hz max = 6.961016492864367
hz min = -13.173114666237161
lambdaF max = Inf
lambdaF min = 0.0010771607479277715
lambdaB max = Inf
lambdaB min = 0.0010713382573984322
----------------------------------
----------------------------------
Iteration = 64
Distance = 0.003566293262645459
v max = -3.0910820692145227
v min = -12.347057239120229
d max = 0.07672413793103448
d min = 0.07672413793103448
dF max = 0.07672413793103448
dB max = 0.07672413793103448
hk max = 0.010331966455186503
hk min = 0.010331966455186503
hz max = 6.966239120920172
hz min = -13.181717499957724
lambdaF max = Inf
lambdaF min = 0.0010771603295250125
lambdaB max = Inf
lambdaB min = 0.0010713378412573098
----------------------------------
----------------------------------
Iteration = 65
Distance = 0.0035710586824109214
v max = -3.0910870147851117
v min = -12.35062829780264
d max = 0.07672413793103448
d min = 0.07672413793103448
dF max = 0.07672413793103448
dB max = 0.07672413793103448
hk max = 0.010331966455186503
hk min = 0.010331966455186503
hz max = 6.971469028499117
hz min = -13.190332325313092
lambdaF max = Inf
lambdaF min = 0.001077159911308638
lambdaB max = Inf
lambdaB min = 0.001071337425301564
----------------------------------
Delta = 2.384185791015625e-6
----------------------------------
Iteration = 66
Distance = 0.0017879681155736904
v max = -3.0910894876165074
v min = -12.352416265918214
d max = 0.07672413793103448
d min = 0.07672413793103448
dF max = 0.07672413793103448
dB max = 0.07672413793103448
hk max = 0.010331966455186503
hk min = 0.010331966455186503
hz max = 6.976706230943306
hz min = -13.198959167356238
lambdaF max = Inf
lambdaF min = 0.0010771594932839617
lambdaB max = Inf
lambdaB min = 0.0010713370095364807
----------------------------------
----------------------------------
Iteration = 67
Distance = 0.0017891642760581306
v max = -3.0910919604725375
v min = -12.354205430194272
d max = 0.07672413793103448
d min = 0.07672413793103448
dF max = 0.07672413793103448
dB max = 0.07672413793103448
hk max = 0.010331966455186503
hk min = 0.010331966455186503
hz max = 6.979328677191604
hz min = -13.203278768769554
lambdaF max = Inf
lambdaF min = 0.0010771592843442904
lambdaB max = Inf
lambdaB min = 0.0010713368017262132
----------------------------------
----------------------------------
Iteration = 68
Distance = 0.0017903616726808735
v max = -3.0910944333535566
v min = -12.355995791866953
d max = 0.07672413793103448
d min = 0.07672413793103448
dF max = 0.07672413793103448
dB max = 0.07672413793103448
hk max = 0.010331966455186503
hk min = 0.010331966455186503
hz max = 6.981952954686833
hz min = -13.207601386648914
lambdaF max = Inf
lambdaF min = 0.0010771590754512133
lambdaB max = Inf
lambdaB min = 0.0010713365939622878
----------------------------------
Delta = 1.1920928955078125e-6
----------------------------------
Iteration = 69
Distance = 0.0008957929674675569
v max = -3.0910956698055867
v min = -12.35689158483442
d max = 0.07672413793103448
d min = 0.07672413793103448
dF max = 0.07672413793103448
dB max = 0.07672413793103448
hk max = 0.010331966455186503
hk min = 0.010331966455186503
hz max = 6.984579065361928
hz min = -13.211927024150723
lambdaF max = Inf
lambdaF min = 0.0010771588666060544
lambdaB max = Inf
lambdaB min = 0.0010713363862460217
----------------------------------
----------------------------------
Iteration = 70
Distance = 0.0008960929207955104
v max = -3.0910969062637736
v min = -12.357787677755216
d max = 0.07672413793103448
d min = 0.07672413793103448
dF max = 0.07672413793103448
dB max = 0.07672413793103448
hk max = 0.010331966455186503
hk min = 0.010331966455186503
hz max = 6.985893085836103
hz min = -13.214091394253645
lambdaF max = Inf
lambdaF min = 0.0010771587622016424
lambdaB max = Inf
lambdaB min = 0.001071336282405958
----------------------------------
----------------------------------
Iteration = 71
Distance = 0.0008963930292562594
v max = -3.0910981427282063
v min = -12.358684070784472
d max = 0.07672413793103448
d min = 0.07672413793103448
dF max = 0.07672413793103448
dB max = 0.07672413793103448
hk max = 0.010331966455186503
hk min = 0.010331966455186503
hz max = 6.987207565552099
hz min = -13.216256520807914
lambdaF max = Inf
lambdaF min = 0.0010771586578088763
lambdaB max = Inf
lambdaB min = 0.0010713361785774768
----------------------------------
Delta = 5.960464477539062e-7
----------------------------------
Iteration = 72
Distance = 0.00044834985341246636
v max = -3.091098760963302
v min = -12.359132420637884
d max = 0.07672413793103448
d min = 0.07672413793103448
dF max = 0.07672413793103448
dB max = 0.07672413793103448
hk max = 0.010331966455186503
hk min = 0.010331966455186503
hz max = 6.988522504752491
hz min = -13.218422404209628
lambdaF max = Inf
lambdaF min = 0.0010771585534280902
lambdaB max = Inf
lambdaB min = 0.0010713360747609112
----------------------------------
----------------------------------
Iteration = 73
Distance = 0.0004484249562661802
v max = -3.0910993791999366
v min = -12.35958084559415
d max = 0.07672413793103448
d min = 0.07672413793103448
dF max = 0.07672413793103448
dB max = 0.07672413793103448
hk max = 0.010331966455186503
hk min = 0.010331966455186503
hz max = 6.989180216123949
hz min = -13.219505734533628
lambdaF max = Inf
lambdaF min = 0.0010771585012422397
lambdaB max = Inf
lambdaB min = 0.0010713360228571465
----------------------------------
----------------------------------
Iteration = 74
Distance = 0.0004485000785532378
v max = -3.091099997438132
v min = -12.360029345672704
d max = 0.07672413793103448
d min = 0.07672413793103448
dF max = 0.07672413793103448
dB max = 0.07672413793103448
hk max = 0.010331966455186503
hk min = 0.010331966455186503
hz max = 6.989838042485208
hz min = -13.220589254263272
lambdaF max = Inf
lambdaF min = 0.0010771584490593016
lambdaB max = Inf
lambdaB min = 0.0010713359709562781
----------------------------------
Delta = 2.980232238769531e-7
----------------------------------
Iteration = 75
Distance = 0.00022428841230492935
v max = -3.0911003065579497
v min = -12.360253634085009
d max = 0.07672413793103448
d min = 0.07672413793103448
dF max = 0.07672413793103448
dB max = 0.07672413793103448
hk max = 0.010331966455186503
hk min = 0.010331966455186503
hz max = 6.9904959838666505
hz min = -13.221672963448173
lambdaF max = Inf
lambdaF min = 0.00107715839687936
lambdaB max = Inf
lambdaB min = 0.0010713359190583905
----------------------------------
----------------------------------
Iteration = 76
Distance = 0.00022430720235533386
v max = -3.0911006156781524
v min = -12.360477941287364
d max = 0.07672413793103448
d min = 0.07672413793103448
dF max = 0.07672413793103448
dB max = 0.07672413793103448
hk max = 0.010331966455186503
hk min = 0.010331966455186503
hz max = 6.990825015061203
hz min = -13.222214915294758
lambdaF max = Inf
lambdaF min = 0.001077158370790528
lambdaB max = Inf
lambdaB min = 0.0010713358931105793
----------------------------------
----------------------------------
Iteration = 77
Distance = 0.00022432599483934723
v max = -3.0911009247987455
v min = -12.360702267282203
d max = 0.07672413793103448
d min = 0.07672413793103448
dF max = 0.07672413793103448
dB max = 0.07672413793103448
hk max = 0.010331966455186503
hk min = 0.010331966455186503
hz max = 6.991154075025663
hz min = -13.22275691452941
lambdaF max = Inf
lambdaF min = 0.0010771583447024224
lambdaB max = Inf
lambdaB min = 0.0010713358671634902
----------------------------------
Delta = 1.4901161193847656e-7
----------------------------------
Iteration = 78
Distance = 0.00011217259547535718
v max = -3.0911010793592224
v min = -12.360814439877679
d max = 0.07672413793103448
d min = 0.07672413793103448
dF max = 0.07672413793103448
dB max = 0.07672413793103448
hk max = 0.010331966455186503
hk min = 0.010331966455186503
hz max = 6.9914831637638315
hz min = -13.223298961158346
lambdaF max = Inf
lambdaF min = 0.0010771583186150605
lambdaB max = Inf
lambdaB min = 0.0010713358412171412
----------------------------------
----------------------------------
Iteration = 79
Distance = 0.0001121772947829669
v max = -3.0911012339197947
v min = -12.360926617172462
d max = 0.07672413793103448
d min = 0.07672413793103448
dF max = 0.07672413793103448
dB max = 0.07672413793103448
hk max = 0.010331966455186503
hk min = 0.010331966455186503
hz max = 6.991647723266511
hz min = -13.223570008798658
lambdaF max = Inf
lambdaF min = 0.001077158305571671
lambdaB max = Inf
lambdaB min = 0.0010713358282442565
----------------------------------
----------------------------------
Iteration = 80
Distance = 0.00011218199439078091
v max = -3.0911013884804652
v min = -12.361038799166852
d max = 0.07672413793103448
d min = 0.07672413793103448
dF max = 0.07672413793103448
dB max = 0.07672413793103448
hk max = 0.010331966455186503
hk min = 0.010331966455186503
hz max = 6.991812289964482
hz min = -13.223841068290577
lambdaF max = Inf
lambdaF min = 0.0010771582925284567
lambdaB max = Inf
lambdaB min = 0.001071335815271546
----------------------------------
Delta = 7.450580596923828e-8
----------------------------------
Iteration = 81
Distance = 5.6093397308387694e-5
v max = -3.091101465760845
v min = -12.36109489256416
d max = 0.07672413793103448
d min = 0.07672413793103448
dF max = 0.07672413793103448
dB max = 0.07672413793103448
hk max = 0.010331966455186503
hk min = 0.010331966455186503
hz max = 6.991976863858203
hz min = -13.22411213963487
lambdaF max = Inf
lambdaF min = 0.001077158279485432
lambdaB max = Inf
lambdaB min = 0.0010713358022990242
----------------------------------
----------------------------------
Iteration = 82
Distance = 5.609457235955517e-5
v max = -3.09110154304125
v min = -12.36115098713652
d max = 0.07672413793103448
d min = 0.07672413793103448
dF max = 0.07672413793103448
dB max = 0.07672413793103448
hk max = 0.010331966455186503
hk min = 0.010331966455186503
hz max = 6.992059154589419
hz min = -13.224247681390015
lambdaF max = Inf
lambdaF min = 0.001077158272963995
lambdaB max = Inf
lambdaB min = 0.0010713357958128385
----------------------------------
----------------------------------
Iteration = 83
Distance = 5.6095747448026145e-5
v max = -3.0911016203216786
v min = -12.361207082883968
d max = 0.07672413793103448
d min = 0.07672413793103448
dF max = 0.07672413793103448
dB max = 0.07672413793103448
hk max = 0.010331966455186503
hk min = 0.010331966455186503
hz max = 6.992141447119806
hz min = -13.224383226108637
lambdaF max = Inf
lambdaF min = 0.0010771582664425969
lambdaB max = Inf
lambdaB min = 0.0010713357893266907
----------------------------------
Delta = 3.725290298461914e-8
----------------------------------
Iteration = 84
Distance = 2.8048473827979592e-5
v max = -3.0911016589619047
v min = -12.361235131357796
d max = 0.07672413793103448
d min = 0.07672413793103448
dF max = 0.07672413793103448
dB max = 0.07672413793103448
hk max = 0.010331966455186503
hk min = 0.010331966455186503
hz max = 6.99222374144942
hz min = -13.224518773790827
lambdaF max = Inf
lambdaF min = 0.0010771582599212477
lambdaB max = Inf
lambdaB min = 0.0010713357828405921
----------------------------------
----------------------------------
Iteration = 85
Distance = 2.8048767617860904e-5
v max = -3.0911016976021366
v min = -12.361263180125414
d max = 0.07672413793103448
d min = 0.07672413793103448
dF max = 0.07672413793103448
dB max = 0.07672413793103448
hk max = 0.010331966455186503
hk min = 0.010331966455186503
hz max = 6.992264889560439
hz min = -13.224586549152864
lambdaF max = Inf
lambdaF min = 0.0010771582566605849
lambdaB max = Inf
lambdaB min = 0.0010713357795975546
----------------------------------
----------------------------------
Iteration = 86
Distance = 2.8049061416624e-5
v max = -3.0911017362423747
v min = -12.36129122918683
d max = 0.07672413793103448
d min = 0.07672413793103448
dF max = 0.07672413793103448
dB max = 0.07672413793103448
hk max = 0.010331966455186503
hk min = 0.010331966455186503
hz max = 6.9923060381212885
hz min = -13.22465432525584
lambdaF max = Inf
lambdaF min = 0.001077158253399937
lambdaB max = Inf
lambdaB min = 0.0010713357763545317
----------------------------------
Delta = 1.862645149230957e-8
----------------------------------
Iteration = 87
Distance = 1.4024680741187012e-5
v max = -3.0911017555624962
v min = -12.361305253867572
d max = 0.07672413793103448
d min = 0.07672413793103448
dF max = 0.07672413793103448
dB max = 0.07672413793103448
hk max = 0.010331966455186503
hk min = 0.010331966455186503
hz max = 6.992347187131992
hz min = -13.224722102099772
lambdaF max = Inf
lambdaF min = 0.001077158250139297
lambdaB max = Inf
lambdaB min = 0.0010713357731115172
----------------------------------
----------------------------------
Iteration = 88
Distance = 1.4024754191765965e-5
v max = -3.09110177488262
v min = -12.361319278621764
d max = 0.07672413793103448
d min = 0.07672413793103448
dF max = 0.07672413793103448
dB max = 0.07672413793103448
hk max = 0.010331966455186503
hk min = 0.010331966455186503
hz max = 6.992367761873906
hz min = -13.224755990901997
lambdaF max = Inf
lambdaF min = 0.0010771582485089848
lambdaB max = Inf
lambdaB min = 0.0010713357714900174
----------------------------------
----------------------------------
Iteration = 89
Distance = 1.402482764589763e-5
v max = -3.091101794202745
v min = -12.36133330344941
d max = 0.07672413793103448
d min = 0.07672413793103448
dF max = 0.07672413793103448
dB max = 0.07672413793103448
hk max = 0.010331966455186503
hk min = 0.010331966455186503
hz max = 6.992388336728282
hz min = -13.224789879889466
lambdaF max = Inf
lambdaF min = 0.0010771582468786756
lambdaB max = Inf
lambdaB min = 0.0010713357698685204
----------------------------------
Delta = 9.313225746154785e-9
----------------------------------
Iteration = 90
Distance = 7.012451334276193e-6
v max = -3.091101803862808
v min = -12.361340315900744
d max = 0.07672413793103448
d min = 0.07672413793103448
dF max = 0.07672413793103448
dB max = 0.07672413793103448
hk max = 0.010331966455186503
hk min = 0.010331966455186503
hz max = 6.992408911695129
hz min = -13.224823769062183
lambdaF max = Inf
lambdaF min = 0.0010771582452483621
lambdaB max = Inf
lambdaB min = 0.0010713357682470195
----------------------------------
    Value Function Converged, Iteration = 90 with gamma=10.0 with rho=1.0 and v=-3.4297970569639937
    Natural boundary condition
=============================================================
Convegence time (minutes): 0.11158941089999999
Current Time = 22:19:30
grid points for z:  401
grid size for z:  0.025
-0.7006663414715724
0.23389644418401795
--- 8.266907215118408 seconds for the elasticity computation ---
-0.08421381851301384
0.15336918219350187
--- 0.064697265625 seconds for the elasticity computation ---
-0.3171334026002917
0.08052726199051607
--- 0.0637197494506836 seconds for the elasticity computation ---
-0.7804260549687132
0.22645742833628368
--- 0.06334161758422852 seconds for the elasticity computation ---
Current Time = 22:19:41
grid points for z:  401
grid size for z:  0.025
rho = 1
0.05975971349714089
--- 8.226900815963745 seconds for the elasticity computation ---
0.0
--- 0.06549572944641113 seconds for the elasticity computation ---
0.05975971349714089
--- 0.06484818458557129 seconds for the elasticity computation ---
0.0
--- 0.06478691101074219 seconds for the elasticity computation ---
0.0
--- 0.06478309631347656 seconds for the elasticity computation ---
0.05975971349714089
0.007439015847734282
--- 0.06891131401062012 seconds for the elasticity computation ---
0.05975971349714089
0.007439015847734282
--- 0.06557631492614746 seconds for the elasticity computation ---
0.05975971349714089
0.007439015847734282
--- 0.0654911994934082 seconds for the elasticity computation ---
0.05975971349714089
0.007439015847734282
--- 0.06507182121276855 seconds for the elasticity computation ---
parsed_args = parse_commandline() = Dict{String, Any}("dataname" => "upper_triangular_two_ambiguous_parameters", "clowerlim" => 0.0001, "delta" => 0.02, "boundary" => 0, "Delta" => 10.0, "q" => 0.3, "zmax" => 5.0, "logadjustment" => 1, "zscale" => 2.0, "foc" => 1, "distorted" => 0, "rho" => 1.0, "gamma" => 10.0)
=============================================================
./output/upper_triangular_two_ambiguous_parameters/Delta_10.0_distorted_0/logadjustment_1_boundary_0/zmax_5.0_zscale_2.0/delta_0.02/q_0.3_gamma_10.0_rho_1.0/
=============================================================
solve for structured linear system 
structured_relative_entropy = 0.3059269646350049
=============================================================
solve for unstructured linear system 
q_update = 0.6956560948807127
=============================================================
parsed_args = parse_commandline() = Dict{String, Any}("dataname" => "upper_triangular_two_ambiguous_parameters", "clowerlim" => 0.0001, "delta" => 0.02, "boundary" => 0, "Delta" => 10.0, "q" => 0.3, "zmax" => 5.0, "logadjustment" => 1, "zscale" => 2.0, "foc" => 1, "distorted" => 0, "rho" => 1.0, "gamma" => 10.0)
=============================================================
./output/upper_triangular_two_ambiguous_parameters/Delta_10.0_distorted_0/logadjustment_1_boundary_0/zmax_5.0_zscale_2.0/delta_0.02/q_0.3_gamma_10.0_rho_1.0/
=============================================================
solve for structured linear system 
structured_relative_entropy = 0.3059269646350048
=============================================================
solve for unstructured linear system 
q_update = 0.7940379811581258
=============================================================
Program ends Fri Jan 19 22:20:21 CST 2024
Elapsed time: 0 days 00 hr 01 min 18 sec
