D_10.0_distorted_0_boundary_1_delta_0.02_gamma_4.0_q_0.1_rho_1.0_upper_triangular_four_ambiguous_parameters
Program starts Fri Jan 19 22:17:22 CST 2024
parsed_args = parse_commandline() = Dict{String, Any}("dataname" => "upper_triangular_four_ambiguous_parameters", "clowerlim" => 0.0001, "delta" => 0.02, "boundary" => 1, "Delta" => 10.0, "q" => 0.1, "zmax" => 5.0, "logadjustment" => 1, "zscale" => 2.0, "foc" => 1, "distorted" => 0, "rho" => 1.0, "gamma" => 4.0)
=============================================================
logadjustment: true
reflective_boundary: true
0.109
U: [1.0331966455186503 0.4546065240282061; 0.0 0.06463435618925897]
L: [1.0331966455186503 0.0; 0.4546065240282061 0.06463435618925897]
[-2.220446049250313e-16 0.0; 0.0 0.0]
sigma_k: [0.010331966455186503, 0.004546065240282061]
sigma_z: [0.0, 0.06463435618925897]
Compute value function WITH ROBUSTNESS
computing undistorted version...
zmax = 5.0, zmin = -5.0, zlength = 401
reflective boundary condition
----------------------------------
Iteration = 1
Distance = 1.2105233260774924
v max = -0.9411453991338404
v min = -3.2105233260774924
d max = 0.07672413793103448
d min = 0.07672413793103448
dF max = 0.07672413793103448
dB max = 0.07672413793103448
hk max = 0.010331966455186503
hk min = 0.010331966455186503
hz max = 0.004546065240282061
hz min = 0.004546065240282061
lambdaF max = 0.1596347330627016
lambdaF min = 0.006028620769798677
lambdaB max = 0.1596347330627016
lambdaB min = 0.006028620769798677
----------------------------------
----------------------------------
Iteration = 2
Distance = 0.9271543572132446
v max = -0.6630473493660421
v min = -4.137677683290737
d max = 0.07672413793103448
d min = 0.07672413793103448
dF max = 0.07672413793103448
dB max = 0.07672413793103448
hk max = 0.010331966455186503
hk min = 0.010331966455186503
hz max = 0.019235691646935688
hz min = 0.015895430289476466
lambdaF max = 0.30879163329564424
lambdaF min = 0.006028620769798677
lambdaB max = 0.30879163329565856
lambdaB min = 0.006028620769798677
----------------------------------
----------------------------------
Iteration = 3
Distance = 0.624133495873858
v max = -0.5604917235685685
v min = -4.761811179164595
d max = 0.07672413793103448
d min = 0.07672413793103448
dF max = 0.07672413793103448
dB max = 0.07672413793103448
hk max = 0.010331966455186503
hk min = 0.010331966455186503
hz max = 0.03035759503123259
hz min = 0.020707203367194237
lambdaF max = 0.4075727139900702
lambdaF min = 0.006028620769798677
lambdaB max = 0.41104832139439873
lambdaB min = 0.006028620769798677
----------------------------------
----------------------------------
Iteration = 4
Distance = 0.4278176601714563
v max = -0.5417098152195897
v min = -5.189628839336051
d max = 0.07672413793103448
d min = 0.07672413793103448
dF max = 0.07672413793103448
dB max = 0.07672413793103448
hk max = 0.010331966455186503
hk min = 0.010331966455186503
hz max = 0.03760487209277041
hz min = 0.02205374622921005
lambdaF max = 0.4714334517672011
lambdaF min = 0.006028620769798677
lambdaB max = 0.4770719051110054
lambdaB min = 0.006028620769798677
----------------------------------
----------------------------------
Iteration = 5
Distance = 0.2998779285012434
v max = -0.5577558163384003
v min = -5.489506767837295
d max = 0.07672413793103448
d min = 0.07672413793103448
dF max = 0.07672413793103448
dB max = 0.07672413793103448
hk max = 0.010331966455186503
hk min = 0.010331966455186503
hz max = 0.042359273944537375
hz min = 0.023158221724730164
lambdaF max = 0.5116608960144765
lambdaF min = 0.006028620769798677
lambdaB max = 0.5188381446912356
lambdaB min = 0.006028620769798677
----------------------------------
----------------------------------
Iteration = 6
Distance = 0.2134593177400399
v max = -0.5864295340794883
v min = -5.7029660855773345
d max = 0.07672413793103448
d min = 0.07672413793103448
dF max = 0.07672413793103448
dB max = 0.07672413793103448
hk max = 0.010331966455186503
hk min = 0.010331966455186503
hz max = 0.04551662048338044
hz min = 0.02342482705378213
lambdaF max = 0.5375746514507105
lambdaF min = 0.006028620769798677
lambdaB max = 0.5458076925669331
lambdaB min = 0.006028620769798677
----------------------------------
----------------------------------
Iteration = 7
Distance = 0.1539972907420033
v max = -0.6189252448830462
v min = -5.856963376319338
d max = 0.07672413793103448
d min = 0.07672413793103448
dF max = 0.07672413793103448
dB max = 0.07672413793103448
hk max = 0.010331966455186503
hk min = 0.010331966455186503
hz max = 0.04762245462265881
hz min = 0.023683948644978532
lambdaF max = 0.5545419436708605
lambdaF min = 0.006028620769798677
lambdaB max = 0.5634933630023541
lambdaB min = 0.006028620769798677
----------------------------------
----------------------------------
Iteration = 8
Distance = 0.11254356988124403
v max = -0.6509253076055269
v min = -5.969506946200582
d max = 0.07672413793103448
d min = 0.07672413793103448
dF max = 0.07672413793103448
dB max = 0.07672413793103448
hk max = 0.010331966455186503
hk min = 0.010331966455186503
hz max = 0.04902927683273239
hz min = 0.02376782696347722
lambdaF max = 0.5657678635472934
lambdaF min = 0.006028620769798677
lambdaB max = 0.5752041344081218
lambdaB min = 0.006028620769798677
----------------------------------
----------------------------------
Iteration = 9
Distance = 0.0833066963916469
v max = -0.6807386187061394
v min = -6.052813642592229
d max = 0.07672413793103448
d min = 0.07672413793103448
dF max = 0.07672413793103448
dB max = 0.07672413793103448
hk max = 0.010331966455186503
hk min = 0.010331966455186503
hz max = 0.04996968640970134
hz min = 0.023847356463784202
lambdaF max = 0.5732405033839362
lambdaF min = 0.006028620769798677
lambdaB max = 0.5830022732926341
lambdaB min = 0.006028620769798677
----------------------------------
----------------------------------
Iteration = 10
Distance = 0.06244972257856851
v max = -0.7075330088010073
v min = -6.115263365170797
d max = 0.07672413793103448
d min = 0.07672413793103448
dF max = 0.07672413793103448
dB max = 0.07672413793103448
hk max = 0.010331966455186503
hk min = 0.010331966455186503
hz max = 0.05059839663172412
hz min = 0.02388390717060821
lambdaF max = 0.5782310124574411
lambdaF min = 0.006028620769798677
lambdaB max = 0.5882106185386534
lambdaB min = 0.006028620769798677
----------------------------------
----------------------------------
Iteration = 11
Distance = 0.04739628826612474
v max = -0.7311659298177289
v min = -6.162659653436922
d max = 0.07672413793103448
d min = 0.07672413793103448
dF max = 0.07672413793103448
dB max = 0.07672413793103448
hk max = 0.010331966455186503
hk min = 0.010331966455186503
hz max = 0.05101867499997137
hz min = 0.023913051251603125
lambdaF max = 0.5815690553770702
lambdaF min = 0.006028620769798677
lambdaB max = 0.591694197300018
lambdaB min = 0.006028620769798677
----------------------------------
----------------------------------
Iteration = 12
Distance = 0.03640006950560348
v max = -0.7517022891453028
v min = -6.1990597229425255
d max = 0.07672413793103448
d min = 0.07672413793103448
dF max = 0.07672413793103448
dB max = 0.07672413793103448
hk max = 0.010331966455186503
hk min = 0.010331966455186503
hz max = 0.051299558488919324
hz min = 0.023929887293280834
lambdaF max = 0.5838030930756015
lambdaF min = 0.006028620769798677
lambdaB max = 0.5940253834640278
lambdaB min = 0.006028620769798677
----------------------------------
----------------------------------
Iteration = 13
Distance = 0.028268021847456914
v max = -0.7693870083522408
v min = -6.227327744789982
d max = 0.07672413793103448
d min = 0.07672413793103448
dF max = 0.07672413793103448
dB max = 0.07672413793103448
hk max = 0.010331966455186503
hk min = 0.010331966455186503
hz max = 0.05148722911982223
hz min = 0.02394181906431908
lambdaF max = 0.5852983373579947
lambdaF min = 0.006028620769798677
lambdaB max = 0.5955854508599174
lambdaB min = 0.006028620769798677
----------------------------------
----------------------------------
Iteration = 14
Distance = 0.02217899866846018
v max = -0.7844996150255154
v min = -6.249506743458443
d max = 0.07672413793103448
d min = 0.07672413793103448
dF max = 0.07672413793103448
dB max = 0.07672413793103448
hk max = 0.010331966455186503
hk min = 0.010331966455186503
hz max = 0.051612584260375065
hz min = 0.023949574517438493
lambdaF max = 0.5862988987391197
lambdaF min = 0.006028620769798677
lambdaB max = 0.5966292594727881
lambdaB min = 0.006028620769798677
----------------------------------
----------------------------------
Iteration = 15
Distance = 0.01756347605300501
v max = -0.7973480151146937
v min = -6.267070219511448
d max = 0.07672413793103448
d min = 0.07672413793103448
dF max = 0.07672413793103448
dB max = 0.07672413793103448
hk max = 0.010331966455186503
hk min = 0.010331966455186503
hz max = 0.051696292494367406
hz min = 0.023954741919704273
lambdaF max = 0.5869682244663694
lambdaF min = 0.006028620769798677
lambdaB max = 0.5973274370739918
lambdaB min = 0.006028620769798677
----------------------------------
----------------------------------
Iteration = 16
Distance = 0.014023175879146699
v max = -0.808223634825731
v min = -6.281093395390594
d max = 0.07672413793103448
d min = 0.07672413793103448
dF max = 0.07672413793103448
dB max = 0.07672413793103448
hk max = 0.010331966455186503
hk min = 0.010331966455186503
hz max = 0.05175217609384986
hz min = 0.023958272639148813
lambdaF max = 0.5874158154707727
lambdaF min = 0.006028620769798677
lambdaB max = 0.5977942767312423
lambdaB min = 0.006028620769798677
----------------------------------
----------------------------------
Iteration = 17
Distance = 0.011277044117018242
v max = -0.8174005699048804
v min = -6.2923704395076125
d max = 0.07672413793103448
d min = 0.07672413793103448
dF max = 0.07672413793103448
dB max = 0.07672413793103448
hk max = 0.010331966455186503
hk min = 0.010331966455186503
hz max = 0.05178947563924731
hz min = 0.023960566506083043
lambdaF max = 0.5877150289871185
lambdaF min = 0.006028620769798677
lambdaB max = 0.5981063326193068
lambdaB min = 0.006028620769798677
----------------------------------
----------------------------------
Iteration = 18
Distance = 0.009124770455933628
v max = -0.8251237557983939
v min = -6.301495209963546
d max = 0.07672413793103448
d min = 0.07672413793103448
dF max = 0.07672413793103448
dB max = 0.07672413793103448
hk max = 0.010331966455186503
hk min = 0.010331966455186503
hz max = 0.05181436648391612
hz min = 0.023962156708517684
lambdaF max = 0.5879149927449075
lambdaF min = 0.006028620769798677
lambdaB max = 0.5983148649643729
lambdaB min = 0.006028620769798677
----------------------------------
----------------------------------
Iteration = 19
Distance = 0.0074220445934658485
v max = -0.8316107091738162
v min = -6.308917254557012
d max = 0.07672413793103448
d min = 0.07672413793103448
dF max = 0.07672413793103448
dB max = 0.07672413793103448
hk max = 0.010331966455186503
hk min = 0.010331966455186503
hz max = 0.05183097407477448
hz min = 0.02396318413841915
lambdaF max = 0.58804859339406
lambdaF min = 0.006028620769798677
lambdaB max = 0.598454182895215
lambdaB min = 0.006028620769798677
----------------------------------
----------------------------------
Iteration = 20
Distance = 0.006063696974436539
v max = -0.8370504554400908
v min = -6.314980951531449
d max = 0.07672413793103448
d min = 0.07672413793103448
dF max = 0.07672413793103448
dB max = 0.07672413793103448
hk max = 0.010331966455186503
hk min = 0.010331966455186503
hz max = 0.051842053515662595
hz min = 0.02396389545158197
lambdaF max = 0.5881378355311006
lambdaF min = 0.006028620769798677
lambdaB max = 0.598547239927525
lambdaB min = 0.006028620769798677
----------------------------------
----------------------------------
Iteration = 21
Distance = 0.004972154371921889
v max = -0.8416063513162954
v min = -6.3199531059033704
d max = 0.07672413793103448
d min = 0.07672413793103448
dF max = 0.07672413793103448
dB max = 0.07672413793103448
hk max = 0.010331966455186503
hk min = 0.010331966455186503
hz max = 0.0518494442136303
hz min = 0.023964356623890626
lambdaF max = 0.5881974361793064
lambdaF min = 0.006028620769798677
lambdaB max = 0.5986093861434828
lambdaB min = 0.006028620769798677
----------------------------------
----------------------------------
Iteration = 22
Distance = 0.0040894900194468065
v max = -0.8454181204232778
v min = -6.324042595922817
d max = 0.07672413793103448
d min = 0.07672413793103448
dF max = 0.07672413793103448
dB max = 0.07672413793103448
hk max = 0.010331966455186503
hk min = 0.010331966455186503
hz max = 0.05185437391185758
hz min = 0.023964673623786435
lambdaF max = 0.5882372345431796
lambdaF min = 0.006028620769798677
lambdaB max = 0.598650883112976
lambdaB min = 0.006028620769798677
----------------------------------
----------------------------------
Iteration = 23
Distance = 0.003371913340562749
v max = -0.8486047604303261
v min = -6.32741450926338
d max = 0.07672413793103448
d min = 0.07672413793103448
dF max = 0.07672413793103448
dB max = 0.07672413793103448
hk max = 0.010331966455186503
hk min = 0.010331966455186503
hz max = 0.05185766191284299
hz min = 0.023964880520500047
lambdaF max = 0.5882638065427132
lambdaF min = 0.006028620769798677
lambdaB max = 0.5986785885663514
lambdaB min = 0.006028620769798677
----------------------------------
----------------------------------
Iteration = 24
Distance = 0.002785921952735748
v max = -0.8512670785939148
v min = -6.330200431216116
d max = 0.07672413793103448
d min = 0.07672413793103448
dF max = 0.07672413793103448
dB max = 0.07672413793103448
hk max = 0.010331966455186503
hk min = 0.010331966455186503
hz max = 0.051859854860718146
hz min = 0.02396502155749737
lambdaF max = 0.5882815458934165
lambdaF min = 0.006028620769798677
lambdaB max = 0.5986970842562018
lambdaB min = 0.006028620769798677
----------------------------------
----------------------------------
Iteration = 25
Distance = 0.0023055914962917257
v max = -0.8534902112767676
v min = -6.3325060227124075
d max = 0.07672413793103448
d min = 0.07672413793103448
dF max = 0.07672413793103448
dB max = 0.07672413793103448
hk max = 0.010331966455186503
hk min = 0.010331966455186503
hz max = 0.05186131742898961
hz min = 0.02396511424988009
lambdaF max = 0.5882933875832135
lambdaF min = 0.006028620769798677
lambdaB max = 0.5987094306415428
lambdaB min = 0.006028620769798677
----------------------------------
----------------------------------
Iteration = 26
Distance = 0.0019106485055608857
v max = -0.8553458492260517
v min = -6.334416671217968
d max = 0.07672413793103448
d min = 0.07672413793103448
dF max = 0.07672413793103448
dB max = 0.07672413793103448
hk max = 0.010331966455186503
hk min = 0.010331966455186503
hz max = 0.0518622928697814
hz min = 0.02396517696756501
lambdaF max = 0.5883012917974587
lambdaF min = 0.006028620769798677
lambdaB max = 0.5987176716321589
lambdaB min = 0.006028620769798677
----------------------------------
----------------------------------
Iteration = 27
Distance = 0.0015850855736916358
v max = -0.8568942355052376
v min = -6.33600175679166
d max = 0.07672413793103448
d min = 0.07672413793103448
dF max = 0.07672413793103448
dB max = 0.07672413793103448
hk max = 0.010331966455186503
hk min = 0.010331966455186503
hz max = 0.05186294342918749
hz min = 0.023965218431986447
lambdaF max = 0.5883065674742608
lambdaF min = 0.006028620769798677
lambdaB max = 0.5987231720344323
lambdaB min = 0.006028620769798677
----------------------------------
----------------------------------
Iteration = 28
Distance = 0.001316154845616424
v max = -0.8581859072099333
v min = -6.337317911637276
d max = 0.07672413793103448
d min = 0.07672413793103448
dF max = 0.07672413793103448
dB max = 0.07672413793103448
hk max = 0.010331966455186503
hk min = 0.010331966455186503
hz max = 0.05186337731720292
hz min = 0.023965246324198018
lambdaF max = 0.5883100885593426
lambdaF min = 0.006028620769798677
lambdaB max = 0.5987268430746824
lambdaB min = 0.006028620769798677
----------------------------------
----------------------------------
Iteration = 29
Distance = 0.0010936276761563946
v max = -0.8592632010703704
v min = -6.338411539313433
d max = 0.07672413793103448
d min = 0.07672413793103448
dF max = 0.07672413793103448
dB max = 0.07672413793103448
hk max = 0.010331966455186503
hk min = 0.010331966455186503
hz max = 0.05186366670188636
hz min = 0.023965264847482647
lambdaF max = 0.5883124385023355
lambdaF min = 0.006028620769798677
lambdaB max = 0.5987292930795391
lambdaB min = 0.006028620769798677
----------------------------------
----------------------------------
Iteration = 30
Distance = 0.0009092433240294184
v max = -0.8601615474856802
v min = -6.339320782637462
d max = 0.07672413793103448
d min = 0.07672413793103448
dF max = 0.07672413793103448
dB max = 0.07672413793103448
hk max = 0.010331966455186503
hk min = 0.010331966455186503
hz max = 0.05186385971304778
hz min = 0.023965277255750168
lambdaF max = 0.5883140067820904
lambdaF min = 0.006028620769798677
lambdaB max = 0.5987309281281089
lambdaB min = 0.006028620769798677
----------------------------------
----------------------------------
Iteration = 31
Distance = 0.0007562933138158812
v max = -0.8609105708186205
v min = -6.340077075951278
d max = 0.07672413793103448
d min = 0.07672413793103448
dF max = 0.07672413793103448
dB max = 0.07672413793103448
hk max = 0.010331966455186503
hk min = 0.010331966455186503
hz max = 0.05186398844890908
hz min = 0.023965285521516843
lambdaF max = 0.5883150533745302
lambdaF min = 0.006028620769798677
lambdaB max = 0.59873201927357
lambdaB min = 0.006028620769798677
----------------------------------
----------------------------------
Iteration = 32
Distance = 0.0006293042710430186
v max = -0.8615350249093948
v min = -6.340706380222321
d max = 0.07672413793103448
d min = 0.07672413793103448
dF max = 0.07672413793103448
dB max = 0.07672413793103448
hk max = 0.010331966455186503
hk min = 0.010331966455186503
hz max = 0.05186407431617333
hz min = 0.02396529104344723
lambdaF max = 0.5883157518022023
lambdaF min = 0.006028620769798677
lambdaB max = 0.5987327474301298
lambdaB min = 0.006028620769798677
----------------------------------
----------------------------------
Iteration = 33
Distance = 0.0005237930912356248
v max = -0.8620555820876403
v min = -6.341230173313557
d max = 0.07672413793103448
d min = 0.07672413793103448
dF max = 0.07672413793103448
dB max = 0.07672413793103448
hk max = 0.010331966455186503
hk min = 0.010331966455186503
hz max = 0.051864131591428
hz min = 0.0239652947288619
lambdaF max = 0.5883162178781723
lambdaF min = 0.006028620769798677
lambdaB max = 0.5987332333432465
lambdaB min = 0.006028620769798677
----------------------------------
----------------------------------
Iteration = 34
Distance = 0.00043607590002014973
v max = -0.8624894990944143
v min = -6.341666249213577
d max = 0.07672413793103448
d min = 0.07672413793103448
dF max = 0.07672413793103448
dB max = 0.07672413793103448
hk max = 0.010331966455186503
hk min = 0.010331966455186503
hz max = 0.051864169796215276
hz min = 0.02396529718696339
lambdaF max = 0.5883165288956573
lambdaF min = 0.006028620769798677
lambdaB max = 0.5987335575973463
lambdaB min = 0.006028620769798677
----------------------------------
----------------------------------
Iteration = 35
Distance = 0.00036311751274364923
v max = -0.8628511762234574
v min = -6.342029366726321
d max = 0.07672413793103448
d min = 0.07672413793103448
dF max = 0.07672413793103448
dB max = 0.07672413793103448
hk max = 0.010331966455186503
hk min = 0.010331966455186503
hz max = 0.05186419528093035
hz min = 0.023965298829176758
lambdaF max = 0.5883167364380771
lambdaF min = 0.006028620769798677
lambdaB max = 0.5987337739720489
lambdaB min = 0.006028620769798677
----------------------------------
----------------------------------
Iteration = 36
Distance = 0.0003024117588994457
v max = -0.8631526269856825
v min = -6.34233177848522
d max = 0.07672413793103448
d min = 0.07672413793103448
dF max = 0.07672413793103448
dB max = 0.07672413793103448
hk max = 0.010331966455186503
hk min = 0.010331966455186503
hz max = 0.05186421228107057
hz min = 0.0239652999236419
lambdaF max = 0.5883168749297663
lambdaF min = 0.006028620769798677
lambdaB max = 0.5987339183571994
lambdaB min = 0.006028620769798677
----------------------------------
----------------------------------
Iteration = 37
Distance = 0.0002518856032471817
v max = -0.8634038714149179
v min = -6.342583664088467
d max = 0.07672413793103448
d min = 0.07672413793103448
dF max = 0.07672413793103448
dB max = 0.07672413793103448
hk max = 0.010331966455186503
hk min = 0.010331966455186503
hz max = 0.0518642236216587
hz min = 0.023965300655112112
lambdaF max = 0.5883169673434504
lambdaF min = 0.006028620769798677
lambdaB max = 0.5987340147033166
lambdaB min = 0.006028620769798677
----------------------------------
----------------------------------
Iteration = 38
Distance = 0.00020982181474327177
v max = -0.8636132654422622
v min = -6.3427934859032105
d max = 0.07672413793103448
d min = 0.07672413793103448
dF max = 0.07672413793103448
dB max = 0.07672413793103448
hk max = 0.010331966455186503
hk min = 0.010331966455186503
hz max = 0.051864231186996186
hz min = 0.023965301142484702
lambdaF max = 0.5883170290092843
lambdaF min = 0.006028620769798677
lambdaB max = 0.5987340789931316
lambdaB min = 0.006028620769798677
----------------------------------
----------------------------------
Iteration = 39
Distance = 0.00017479623657923327
v max = -0.8637877762565123
v min = -6.34296828213979
d max = 0.07672413793103448
d min = 0.07672413793103448
dF max = 0.07672413793103448
dB max = 0.07672413793103448
hk max = 0.010331966455186503
hk min = 0.010331966455186503
hz max = 0.051864236233962184
hz min = 0.023965301468209393
lambdaF max = 0.5883170701574707
lambdaF min = 0.006028620769798677
lambdaB max = 0.5987341218921646
lambdaB min = 0.006028620769798677
----------------------------------
----------------------------------
Iteration = 40
Distance = 0.00014562665317452428
v max = -0.8639332124744867
v min = -6.343113908792964
d max = 0.07672413793103448
d min = 0.07672413793103448
dF max = 0.07672413793103448
dB max = 0.07672413793103448
hk max = 0.010331966455186503
hk min = 0.010331966455186503
hz max = 0.05186423960094685
hz min = 0.02396530168525375
lambdaF max = 0.5883170976145261
lambdaF min = 0.006028620769798677
lambdaB max = 0.5987341505174728
lambdaB min = 0.006028620769798677
----------------------------------
----------------------------------
Iteration = 41
Distance = 0.00012133094116251186
v max = -0.8640544163546946
v min = -6.343235239734127
d max = 0.07672413793103448
d min = 0.07672413793103448
dF max = 0.07672413793103448
dB max = 0.07672413793103448
hk max = 0.010331966455186503
hk min = 0.010331966455186503
hz max = 0.05186424184720074
hz min = 0.02396530183027778
lambdaF max = 0.5883171159356995
lambdaF min = 0.006028620769798677
lambdaB max = 0.5987341696181872
lambdaB min = 0.006028620769798677
----------------------------------
----------------------------------
Iteration = 42
Distance = 0.0001010927031090958
v max = -0.8641554242809447
v min = -6.343336332437236
d max = 0.07672413793103448
d min = 0.07672413793103448
dF max = 0.07672413793103448
dB max = 0.07672413793103448
hk max = 0.010331966455186503
hk min = 0.010331966455186503
hz max = 0.051864243345799414
hz min = 0.023965301926935974
lambdaF max = 0.5883171281608244
lambdaF min = 0.006028620769798677
lambdaB max = 0.5987341823634712
lambdaB min = 0.006028620769798677
----------------------------------
----------------------------------
Iteration = 43
Distance = 8.423296782567036e-5
v max = -0.8642396006839572
v min = -6.3434205654050615
d max = 0.07672413793103448
d min = 0.07672413793103448
dF max = 0.07672413793103448
dB max = 0.07672413793103448
hk max = 0.010331966455186503
hk min = 0.010331966455186503
hz max = 0.05186424434560154
hz min = 0.023965301991500872
lambdaF max = 0.5883171363181936
lambdaF min = 0.006028620769798677
lambdaB max = 0.5987341908678866
lambdaB min = 0.006028620769798677
----------------------------------
----------------------------------
Iteration = 44
Distance = 7.018683318626984e-5
v max = -0.8643097497758926
v min = -6.343490752238248
d max = 0.07672413793103448
d min = 0.07672413793103448
dF max = 0.07672413793103448
dB max = 0.07672413793103448
hk max = 0.010331966455186503
hk min = 0.010331966455186503
hz max = 0.05186424501264836
hz min = 0.02396530203454567
lambdaF max = 0.5883171417612811
lambdaF min = 0.006028620769798677
lambdaB max = 0.5987341965425627
lambdaB min = 0.006028620769798677
----------------------------------
----------------------------------
Iteration = 45
Distance = 5.8484152710924775e-5
v max = -0.8643682087466794
v min = -6.343549236390959
d max = 0.07672413793103448
d min = 0.07672413793103448
dF max = 0.07672413793103448
dB max = 0.07672413793103448
hk max = 0.010331966455186503
hk min = 0.010331966455186503
hz max = 0.05186424545768685
hz min = 0.023965302063289562
lambdaF max = 0.5883171453931993
lambdaF min = 0.006028620769798677
lambdaB max = 0.5987342003289909
lambdaB min = 0.006028620769798677
----------------------------------
----------------------------------
Iteration = 46
Distance = 4.87335413437151e-5
v max = -0.8644169254859653
v min = -6.343597969932302
d max = 0.07672413793103448
d min = 0.07672413793103448
dF max = 0.07672413793103448
dB max = 0.07672413793103448
hk max = 0.010331966455186503
hk min = 0.010331966455186503
hz max = 0.051864245754613396
hz min = 0.023965302082457993
lambdaF max = 0.5883171478166103
lambdaF min = 0.006028620769798677
lambdaB max = 0.598734202855557
lambdaB min = 0.006028620769798677
----------------------------------
----------------------------------
Iteration = 47
Distance = 4.0609114321910056e-5
v max = -0.8644575233894566
v min = -6.343638579046624
d max = 0.07672413793103448
d min = 0.07672413793103448
dF max = 0.07672413793103448
dB max = 0.07672413793103448
hk max = 0.010331966455186503
hk min = 0.010331966455186503
hz max = 0.051864245952722106
hz min = 0.023965302095253976
lambdaF max = 0.5883171494337154
lambdaF min = 0.006028620769798677
lambdaB max = 0.598734204541418
lambdaB min = 0.006028620769798677
----------------------------------
----------------------------------
Iteration = 48
Distance = 3.383948066559839e-5
v max = -0.8644913553898996
v min = -6.34367241852729
d max = 0.07672413793103448
d min = 0.07672413793103448
dF max = 0.07672413793103448
dB max = 0.07672413793103448
hk max = 0.010331966455186503
hk min = 0.010331966455186503
hz max = 0.051864246084895614
hz min = 0.0239653021037898
lambdaF max = 0.5883171505127006
lambdaF min = 0.006028620769798677
lambdaB max = 0.59873420566632
lambdaB min = 0.006028620769798677
----------------------------------
----------------------------------
Iteration = 49
Distance = 2.8198601146556257e-5
v max = -0.8645195489999815
v min = -6.3437006171284365
d max = 0.07672413793103448
d min = 0.07672413793103448
dF max = 0.07672413793103448
dB max = 0.07672413793103448
hk max = 0.010331966455186503
hk min = 0.010331966455186503
hz max = 0.051864246173084
hz min = 0.023965302109486566
lambdaF max = 0.588317151232669
lambdaF min = 0.006028620769798677
lambdaB max = 0.5987342064169052
lambdaB min = 0.006028620769798677
----------------------------------
----------------------------------
Iteration = 50
Distance = 2.3498189691828486e-5
v max = -0.864543043859465
v min = -6.343724115318128
d max = 0.07672413793103448
d min = 0.07672413793103448
dF max = 0.07672413793103448
dB max = 0.07672413793103448
hk max = 0.010331966455186503
hk min = 0.010331966455186503
hz max = 0.051864246231919126
hz min = 0.0239653021132869
lambdaF max = 0.588317151713064
lambdaF min = 0.006028620769798677
lambdaB max = 0.5987342069177171
lambdaB min = 0.006028620769798677
----------------------------------
----------------------------------
Iteration = 51
Distance = 1.9581394649748063e-5
v max = -0.8645626230320871
v min = -6.343743696712778
d max = 0.07672413793103448
d min = 0.07672413793103448
dF max = 0.07672413793103448
dB max = 0.07672413793103448
hk max = 0.010331966455186503
hk min = 0.010331966455186503
hz max = 0.05186424627118082
hz min = 0.023965302115823137
lambdaF max = 0.588317152033608
lambdaF min = 0.006028620769798677
lambdaB max = 0.5987342072519093
lambdaB min = 0.006028620769798677
----------------------------------
----------------------------------
Iteration = 52
Distance = 1.6317541916777145e-5
v max = -0.8645789390913844
v min = -6.343760014254695
d max = 0.07672413793103448
d min = 0.07672413793103448
dF max = 0.07672413793103448
dB max = 0.07672413793103448
hk max = 0.010331966455186503
hk min = 0.010331966455186503
hz max = 0.051864246297374406
hz min = 0.023965302117515776
lambdaF max = 0.5883171522474393
lambdaF min = 0.006028620769798677
lambdaB max = 0.5987342074748498
lambdaB min = 0.006028620769798677
----------------------------------
----------------------------------
Iteration = 53
Distance = 1.3597760129435699e-5
v max = -0.8645925358622538
v min = -6.343773612014824
d max = 0.07672413793103448
d min = 0.07672413793103448
dF max = 0.07672413793103448
dB max = 0.07672413793103448
hk max = 0.010331966455186503
hk min = 0.010331966455186503
hz max = 0.05186424631485364
hz min = 0.02396530211864468
lambdaF max = 0.5883171523901756
lambdaF min = 0.006028620769798677
lambdaB max = 0.5987342076236799
lambdaB min = 0.006028620769798677
----------------------------------
----------------------------------
Iteration = 54
Distance = 1.1331339017317532e-5
v max = -0.8646038665412024
v min = -6.343784943353842
d max = 0.07672413793103448
d min = 0.07672413793103448
dF max = 0.07672413793103448
dB max = 0.07672413793103448
hk max = 0.010331966455186503
hk min = 0.010331966455186503
hz max = 0.051864246326516414
hz min = 0.023965302119398145
lambdaF max = 0.5883171524854214
lambdaF min = 0.006028620769798677
lambdaB max = 0.5987342077229519
lambdaB min = 0.006028620769798677
----------------------------------
----------------------------------
Iteration = 55
Distance = 9.442697281869528e-6
v max = -0.8646133087980519
v min = -6.3437943860511234
d max = 0.07672413793103448
d min = 0.07672413793103448
dF max = 0.07672413793103448
dB max = 0.07672413793103448
hk max = 0.010331966455186503
hk min = 0.010331966455186503
hz max = 0.051864246334293894
hz min = 0.02396530211990132
lambdaF max = 0.58831715254895
lambdaF min = 0.006028620769798677
lambdaB max = 0.5987342077891751
lambdaB min = 0.006028620769798677
----------------------------------
    Value Function Converged, Iteration = 55 with gamma=4.0 with rho=1.0 and v=-2.7835876856933104
    Reflective boundary condition
=============================================================
Convegence time (minutes): 0.11223307076666668
Current Time = 22:17:51
grid points for z:  401
grid size for z:  0.025
-0.1506718739436962
-0.34114639861198426
--- 8.61121654510498 seconds for the elasticity computation ---
-0.0044608531274725185
-0.06011005700093147
--- 0.06632184982299805 seconds for the elasticity computation ---
-0.10333744678260635
-0.28103634161105273
--- 0.06450510025024414 seconds for the elasticity computation ---
-0.23043158744083708
-0.3485854144597185
--- 0.0644369125366211 seconds for the elasticity computation ---
Current Time = 22:18:02
grid points for z:  401
grid size for z:  0.025
rho = 1
0.05975971349714089
--- 8.616434812545776 seconds for the elasticity computation ---
0.0
--- 0.06760478019714355 seconds for the elasticity computation ---
0.05975971349714089
--- 0.06666874885559082 seconds for the elasticity computation ---
0.0
--- 0.06651759147644043 seconds for the elasticity computation ---
0.0
--- 0.06651878356933594 seconds for the elasticity computation ---
0.05975971349714089
0.007439015847734282
--- 0.06702017784118652 seconds for the elasticity computation ---
0.05975971349714089
0.007439015847734282
--- 0.06689977645874023 seconds for the elasticity computation ---
0.05975971349714089
0.007439015847734282
--- 0.0671844482421875 seconds for the elasticity computation ---
0.05975971349714089
0.007439015847734282
--- 0.06726574897766113 seconds for the elasticity computation ---
parsed_args = parse_commandline() = Dict{String, Any}("dataname" => "upper_triangular_four_ambiguous_parameters", "clowerlim" => 0.0001, "delta" => 0.02, "boundary" => 1, "Delta" => 10.0, "q" => 0.1, "zmax" => 5.0, "logadjustment" => 1, "zscale" => 2.0, "foc" => 1, "distorted" => 0, "rho" => 1.0, "gamma" => 4.0)
=============================================================
./output/upper_triangular_four_ambiguous_parameters/Delta_10.0_distorted_0/logadjustment_1_boundary_1/zmax_5.0_zscale_2.0/delta_0.02/q_0.1_gamma_4.0_rho_1.0/
=============================================================
solve for structured linear system 
structured_relative_entropy = 0.1012613928340117
=============================================================
solve for unstructured linear system 
q_update = 0.14146289641202325
=============================================================
parsed_args = parse_commandline() = Dict{String, Any}("dataname" => "upper_triangular_four_ambiguous_parameters", "clowerlim" => 0.0001, "delta" => 0.02, "boundary" => 1, "Delta" => 10.0, "q" => 0.1, "zmax" => 5.0, "logadjustment" => 1, "zscale" => 2.0, "foc" => 1, "distorted" => 0, "rho" => 1.0, "gamma" => 4.0)
=============================================================
./output/upper_triangular_four_ambiguous_parameters/Delta_10.0_distorted_0/logadjustment_1_boundary_1/zmax_5.0_zscale_2.0/delta_0.02/q_0.1_gamma_4.0_rho_1.0/
=============================================================
solve for structured linear system 
structured_relative_entropy = 0.10126139283401171
=============================================================
solve for unstructured linear system 
q_update = 0.14146289641202325
=============================================================
Program ends Fri Jan 19 22:18:44 CST 2024
Elapsed time: 0 days 00 hr 01 min 22 sec
