D_10.0_distorted_0_boundary_1_delta_0.01_gamma_12.0_q_0.05_rho_1.0_lower_triangular_two_ambiguous_parameters
Program starts Fri Jan 19 22:23:08 CST 2024
parsed_args = parse_commandline() = Dict{String, Any}("dataname" => "lower_triangular_two_ambiguous_parameters", "clowerlim" => 0.0001, "delta" => 0.01, "boundary" => 1, "Delta" => 10.0, "q" => 0.05, "zmax" => 5.0, "logadjustment" => 1, "zscale" => 2.0, "foc" => 1, "distorted" => 0, "rho" => 1.0, "gamma" => 12.0)
=============================================================
logadjustment: true
reflective_boundary: true
0.0922
sigma_k: [0.011287880226154068, 0.0]
sigma_z: [0.026030751045638307, 0.05916079783099616]
Compute value function WITH ROBUSTNESS
computing undistorted version...
zmax = 5.0, zmin = -5.0, zlength = 401
reflective boundary condition
----------------------------------
Iteration = 1
Distance = 1.2268397359537517
v max = -0.8207563549735097
v min = -3.2268397359537517
d max = 0.07611111111111112
d min = 0.07611111111111112
dF max = 0.07611111111111112
dB max = 0.07611111111111112
hk max = 0.011287880226154068
hk min = 0.011287880226154068
hz max = 0.0
hz min = 0.0
lambdaF max = Inf
lambdaF min = 0.008624482946382158
lambdaB max = Inf
lambdaB min = 0.008624482946382158
----------------------------------
----------------------------------
Iteration = 2
Distance = 0.9395445268276723
v max = -0.3575504291795858
v min = -4.166384262781424
d max = 0.07611111111111112
d min = 0.07611111111111112
dF max = 0.07611111111111112
dB max = 0.07611111111111112
hk max = 0.017560350357634643
hk min = 0.0161328035037972
hz max = 0.014255613935183127
hz min = 0.011011189267370755
lambdaF max = Inf
lambdaF min = 0.008624482946382158
lambdaB max = Inf
lambdaB min = 0.008624482946382158
----------------------------------
----------------------------------
Iteration = 3
Distance = 0.6697160879304462
v max = -0.14762050839026702
v min = -4.83610035071187
d max = 0.07611111111111112
d min = 0.07611111111111112
dF max = 0.07611111111111112
dB max = 0.07611111111111112
hk max = 0.02224880716895447
hk min = 0.01858391052233886
hz max = 0.024911197597273647
hz min = 0.016581887036783614
lambdaF max = Inf
lambdaF min = 0.008624482946382158
lambdaB max = Inf
lambdaB min = 0.008624482946382158
----------------------------------
----------------------------------
Iteration = 4
Distance = 0.4958630369712873
v max = -0.07263206095553233
v min = -5.331963387683158
d max = 0.07611111111111112
d min = 0.07611111111111112
dF max = 0.07611111111111112
dB max = 0.07611111111111112
hk max = 0.025392573584079915
hk min = 0.01966486403090182
hz max = 0.03205612126801329
hz min = 0.01903859955624489
lambdaF max = Inf
lambdaF min = 0.008624482946382158
lambdaB max = Inf
lambdaB min = 0.008624482946382158
----------------------------------
----------------------------------
Iteration = 5
Distance = 0.38034934790453967
v max = -0.06610028588991206
v min = -5.712312735587697
d max = 0.07611111111111112
d min = 0.07611111111111112
dF max = 0.07611111111111112
dB max = 0.07611111111111112
hk max = 0.027518843584229055
hk min = 0.020313581156241965
hz max = 0.03688855308653407
hz min = 0.020512956659290676
lambdaF max = Inf
lambdaF min = 0.008624482946382158
lambdaB max = Inf
lambdaB min = 0.008624482946382158
----------------------------------
----------------------------------
Iteration = 6
Distance = 0.3000236663760285
v max = -0.09469094410713268
v min = -6.012336401963726
d max = 0.07611111111111112
d min = 0.07611111111111112
dF max = 0.07611111111111112
dB max = 0.07611111111111112
hk max = 0.02902140922094735
hk min = 0.0206168343403971
hz max = 0.040303474988166554
hz min = 0.021202168441461444
lambdaF max = Inf
lambdaF min = 0.008624482946382158
lambdaB max = Inf
lambdaB min = 0.008624482946382158
----------------------------------
----------------------------------
Iteration = 7
Distance = 0.24243401382878726
v max = -0.1435900328907096
v min = -6.254770415792513
d max = 0.07611111111111112
d min = 0.07611111111111112
dF max = 0.07611111111111112
dB max = 0.07611111111111112
hk max = 0.030058583795655652
hk min = 0.020804929930630302
hz max = 0.042660689930685426
hz min = 0.021629658419264168
lambdaF max = Inf
lambdaF min = 0.008624482946382158
lambdaB max = Inf
lambdaB min = 0.008624482946382158
----------------------------------
----------------------------------
Iteration = 8
Distance = 0.20006755033369572
v max = -0.20616324014929518
v min = -6.454837966126209
d max = 0.07611111111111112
d min = 0.07611111111111112
dF max = 0.07611111111111112
dB max = 0.07611111111111112
hk max = 0.030710190417181673
hk min = 0.020930301334929756
hz max = 0.044141614070517296
hz min = 0.021914593429035657
lambdaF max = Inf
lambdaF min = 0.008624482946382158
lambdaB max = Inf
lambdaB min = 0.008624482946382158
----------------------------------
----------------------------------
Iteration = 9
Distance = 0.16814256437794395
v max = -0.2784841084601196
v min = -6.622980530504153
d max = 0.07611111111111112
d min = 0.07611111111111112
dF max = 0.07611111111111112
dB max = 0.07611111111111112
hk max = 0.03109606220410172
hk min = 0.021035781871010968
hz max = 0.04501859540442649
hz min = 0.022154321920129328
lambdaF max = Inf
lambdaF min = 0.008624482946382158
lambdaB max = Inf
lambdaB min = 0.008624482946382158
----------------------------------
----------------------------------
Iteration = 10
Distance = 0.14352526567068402
v max = -0.3567595143804752
v min = -6.766505796174837
d max = 0.07611111111111112
d min = 0.07611111111111112
dF max = 0.07611111111111112
dB max = 0.07611111111111112
hk max = 0.03141448611595261
hk min = 0.021125204370317945
hz max = 0.04574228611317851
hz min = 0.022357554873099726
lambdaF max = Inf
lambdaF min = 0.008624482946382158
lambdaB max = Inf
lambdaB min = 0.008624482946382158
----------------------------------
----------------------------------
Iteration = 11
Distance = 0.12411948216699109
v max = -0.43707051166662253
v min = -6.890625278341828
d max = 0.07611111111111112
d min = 0.07611111111111112
dF max = 0.07611111111111112
dB max = 0.07611111111111112
hk max = 0.03163528355508057
hk min = 0.021196537912013407
hz max = 0.046244098474832976
hz min = 0.02251967655877123
lambdaF max = Inf
lambdaF min = 0.008624482946382158
lambdaB max = Inf
lambdaB min = 0.008624482946382158
----------------------------------
----------------------------------
Iteration = 12
Distance = 0.10849793316777312
v max = -0.5159674845283433
v min = -6.999123211509601
d max = 0.07611111111111112
d min = 0.07611111111111112
dF max = 0.07611111111111112
dB max = 0.07611111111111112
hk max = 0.03180227600963609
hk min = 0.021246864776545762
hz max = 0.04662362678064095
hz min = 0.022634055796344768
lambdaF max = Inf
lambdaF min = 0.008624482946382158
lambdaB max = Inf
lambdaB min = 0.008624482946382158
----------------------------------
----------------------------------
Iteration = 13
Distance = 0.09567243415045823
v max = -0.5910766478934685
v min = -7.094795645660059
d max = 0.07611111111111112
d min = 0.07611111111111112
dF max = 0.07611111111111112
dB max = 0.07611111111111112
hk max = 0.03193101695101467
hk min = 0.021278029578749077
hz max = 0.046916219829228646
hz min = 0.022704884892261388
lambdaF max = Inf
lambdaF min = 0.008624482946382158
lambdaB max = Inf
lambdaB min = 0.008624482946382158
----------------------------------
----------------------------------
Iteration = 14
Distance = 0.08494934917766805
v max = -0.6613018427759735
v min = -7.179744994837727
d max = 0.07611111111111112
d min = 0.07611111111111112
dF max = 0.07611111111111112
dB max = 0.07611111111111112
hk max = 0.032011861804659404
hk min = 0.021295388022468345
hz max = 0.047099958132966684
hz min = 0.022744335900714265
lambdaF max = Inf
lambdaF min = 0.008624482946382158
lambdaB max = Inf
lambdaB min = 0.008624482946382158
----------------------------------
----------------------------------
Iteration = 15
Distance = 0.07583755914427837
v max = -0.7265878458488255
v min = -7.255582553982006
d max = 0.07611111111111112
d min = 0.07611111111111112
dF max = 0.07611111111111112
dB max = 0.07611111111111112
hk max = 0.03203350121068635
hk min = 0.02130558004002092
hz max = 0.04714913860120974
hz min = 0.022767499576970125
lambdaF max = Inf
lambdaF min = 0.008624482946382158
lambdaB max = Inf
lambdaB min = 0.008624482946382158
----------------------------------
----------------------------------
Iteration = 16
Distance = 0.06798759057071724
v max = -0.7873598946914109
v min = -7.323570144552723
d max = 0.07611111111111112
d min = 0.07611111111111112
dF max = 0.07611111111111112
dB max = 0.07611111111111112
hk max = 0.03203759579127937
hk min = 0.02131393307726763
hz max = 0.047158444466193876
hz min = 0.022786483752530826
lambdaF max = Inf
lambdaF min = 0.008624482946382158
lambdaB max = Inf
lambdaB min = 0.008624482946382158
----------------------------------
----------------------------------
Iteration = 17
Distance = 0.061148852693921896
v max = -0.8439555105945858
v min = -7.384718997246645
d max = 0.07611111111111112
d min = 0.07611111111111112
dF max = 0.07611111111111112
dB max = 0.07611111111111112
hk max = 0.03206038549696946
hk min = 0.021322561940206562
hz max = 0.04721023925185318
hz min = 0.022806094804664764
lambdaF max = Inf
lambdaF min = 0.008624482946382158
lambdaB max = Inf
lambdaB min = 0.008624482946382158
----------------------------------
----------------------------------
Iteration = 18
Distance = 0.05513832884051251
v max = -0.8963809567193494
v min = -7.439857326087157
d max = 0.07611111111111112
d min = 0.07611111111111112
dF max = 0.07611111111111112
dB max = 0.07611111111111112
hk max = 0.032078316906645074
hk min = 0.021330487567505614
hz max = 0.04725099245566138
hz min = 0.022824107593980788
lambdaF max = Inf
lambdaF min = 0.008624482946382158
lambdaB max = Inf
lambdaB min = 0.008624482946382158
----------------------------------
----------------------------------
Iteration = 19
Distance = 0.049818124310044176
v max = -0.9444585410872238
v min = -7.489675450397201
d max = 0.07611111111111112
d min = 0.07611111111111112
dF max = 0.07611111111111112
dB max = 0.07611111111111112
hk max = 0.032098928562181744
hk min = 0.02133571069761786
hz max = 0.047297837127335644
hz min = 0.022835978344235893
lambdaF max = Inf
lambdaF min = 0.008624482946382158
lambdaB max = Inf
lambdaB min = 0.008624482946382158
----------------------------------
----------------------------------
Iteration = 20
Distance = 0.045080760132419684
v max = -0.9881355579291692
v min = -7.534756210529621
d max = 0.07611111111111112
d min = 0.07611111111111112
dF max = 0.07611111111111112
dB max = 0.07611111111111112
hk max = 0.03211938311586753
hk min = 0.0213374308336671
hz max = 0.04734432474934879
hz min = 0.022839887744347805
lambdaF max = Inf
lambdaF min = 0.008624482946382158
lambdaB max = Inf
lambdaB min = 0.008624482946382158
----------------------------------
----------------------------------
Iteration = 21
Distance = 0.04084071124860689
v max = -1.0276746990428427
v min = -7.575596921778228
d max = 0.07611111111111112
d min = 0.07611111111111112
dF max = 0.07611111111111112
dB max = 0.07611111111111112
hk max = 0.03212749210935663
hk min = 0.02133673054474524
hz max = 0.04736275428000583
hz min = 0.022838296178616307
lambdaF max = Inf
lambdaF min = 0.008624482946382158
lambdaB max = Inf
lambdaB min = 0.008624482946382158
----------------------------------
----------------------------------
Iteration = 22
Distance = 0.0370549224485881
v max = -1.063603090163618
v min = -7.612626761111544
d max = 0.07611111111111112
d min = 0.07611111111111112
dF max = 0.07611111111111112
dB max = 0.07611111111111112
hk max = 0.03211455937204184
hk min = 0.021335680758152745
hz max = 0.047333361695199506
hz min = 0.022835910299996993
lambdaF max = Inf
lambdaF min = 0.008624482946382158
lambdaB max = Inf
lambdaB min = 0.008624482946382158
----------------------------------
----------------------------------
Iteration = 23
Distance = 0.033726338334405526
v max = -1.0964891998228667
v min = -7.646221034239001
d max = 0.07611111111111112
d min = 0.07611111111111112
dF max = 0.07611111111111112
dB max = 0.07611111111111112
hk max = 0.03210502817137287
hk min = 0.021335886801122105
hz max = 0.04731169987549728
hz min = 0.022836378579472814
lambdaF max = Inf
lambdaF min = 0.008624482946382158
lambdaB max = Inf
lambdaB min = 0.008624482946382158
----------------------------------
----------------------------------
Iteration = 24
Distance = 0.030643598108371695
v max = -1.1267240165005976
v min = -7.676712244043489
d max = 0.07611111111111112
d min = 0.07611111111111112
dF max = 0.07611111111111112
dB max = 0.07611111111111112
hk max = 0.0321066632679718
hk min = 0.021337560836601543
hz max = 0.04731541600413121
hz min = 0.022840183205562442
lambdaF max = Inf
lambdaF min = 0.008624482946382158
lambdaB max = Inf
lambdaB min = 0.008624482946382158
----------------------------------
----------------------------------
Iteration = 25
Distance = 0.02781669963052691
v max = -1.154455544166035
v min = -7.704397702018441
d max = 0.07611111111111112
d min = 0.07611111111111112
dF max = 0.07611111111111112
dB max = 0.07611111111111112
hk max = 0.032108790740874374
hk min = 0.021339674193898282
hz max = 0.04732025116981889
hz min = 0.022844986290327763
lambdaF max = Inf
lambdaF min = 0.008624482946382158
lambdaB max = Inf
lambdaB min = 0.008624482946382158
----------------------------------
----------------------------------
Iteration = 26
Distance = 0.025239812393387684
v max = -1.1796953565594226
v min = -7.729544168454332
d max = 0.07611111111111112
d min = 0.07611111111111112
dF max = 0.07611111111111112
dB max = 0.07611111111111112
hk max = 0.032114398474248684
hk min = 0.02134093883061499
hz max = 0.047332996018396856
hz min = 0.022847860464683914
lambdaF max = Inf
lambdaF min = 0.008624482946382158
lambdaB max = Inf
lambdaB min = 0.008624482946382158
----------------------------------
----------------------------------
Iteration = 27
Distance = 0.022888184061883088
v max = -1.2024915718304343
v min = -7.752390779286798
d max = 0.07611111111111112
d min = 0.07611111111111112
dF max = 0.07611111111111112
dB max = 0.07611111111111112
hk max = 0.032121216036067476
hk min = 0.02134079290042029
hz max = 0.047348490477075934
hz min = 0.022847528805150515
lambdaF max = Inf
lambdaF min = 0.008624482946382158
lambdaB max = Inf
lambdaB min = 0.008624482946382158
----------------------------------
----------------------------------
Iteration = 28
Distance = 0.020925715237006592
v max = -1.22303573598522
v min = -7.77315162362475
d max = 0.07611111111111112
d min = 0.07611111111111112
dF max = 0.07611111111111112
dB max = 0.07611111111111112
hk max = 0.03212223374129864
hk min = 0.02133969292460014
hz max = 0.0473508034435104
hz min = 0.022845028860104713
lambdaF max = Inf
lambdaF min = 0.008624482946382158
lambdaB max = Inf
lambdaB min = 0.008624482946382158
----------------------------------
----------------------------------
Iteration = 29
Distance = 0.01908718984768587
v max = -1.2416412221724886
v min = -7.792018717596398
d max = 0.07611111111111112
d min = 0.07611111111111112
dF max = 0.07611111111111112
dB max = 0.07611111111111112
hk max = 0.03211356265449028
hk min = 0.021338640059069047
hz max = 0.04733109642803685
hz min = 0.02284263598389768
lambdaF max = Inf
lambdaF min = 0.008624482946382158
lambdaB max = Inf
lambdaB min = 0.008624482946382158
----------------------------------
----------------------------------
Iteration = 30
Distance = 0.017369079601453397
v max = -1.2586303153568785
v min = -7.809165261145078
d max = 0.07611111111111112
d min = 0.07611111111111112
dF max = 0.07611111111111112
dB max = 0.07611111111111112
hk max = 0.03210987960373596
hk min = 0.021338407861884325
hz max = 0.047322725858140666
hz min = 0.022842108263023318
lambdaF max = Inf
lambdaF min = 0.008624482946382158
lambdaB max = Inf
lambdaB min = 0.008624482946382158
----------------------------------
----------------------------------
Iteration = 31
Distance = 0.015779622234171065
v max = -1.2742240799725062
v min = -7.824748547219475
d max = 0.07611111111111112
d min = 0.07611111111111112
dF max = 0.07611111111111112
dB max = 0.07611111111111112
hk max = 0.032109997143120565
hk min = 0.021339054407549095
hz max = 0.04732299299310568
hz min = 0.022843577684988698
lambdaF max = Inf
lambdaF min = 0.008624482946382158
lambdaB max = Inf
lambdaB min = 0.008624482946382158
----------------------------------
----------------------------------
Iteration = 32
Distance = 0.014323099397236305
v max = -1.2885114426939939
v min = -7.838911980391055
d max = 0.07611111111111112
d min = 0.07611111111111112
dF max = 0.07611111111111112
dB max = 0.07611111111111112
hk max = 0.03211051349066417
hk min = 0.02134000965352844
hz max = 0.04732416651025024
hz min = 0.022845748698578118
lambdaF max = Inf
lambdaF min = 0.008624482946382158
lambdaB max = Inf
lambdaB min = 0.008624482946382158
----------------------------------
----------------------------------
Iteration = 33
Distance = 0.012994340560503526
v max = -1.3015057832544974
v min = -7.851786167484311
d max = 0.07611111111111112
d min = 0.07611111111111112
dF max = 0.07611111111111112
dB max = 0.07611111111111112
hk max = 0.03211289905042279
hk min = 0.021340581572732685
hz max = 0.04732958823697439
hz min = 0.02284704851495141
lambdaF max = Inf
lambdaF min = 0.008624482946382158
lambdaB max = Inf
lambdaB min = 0.008624482946382158
----------------------------------
----------------------------------
Iteration = 34
Distance = 0.01175048894091102
v max = -1.3132353211123051
v min = -7.863489528010192
d max = 0.07611111111111112
d min = 0.07611111111111112
dF max = 0.07611111111111112
dB max = 0.07611111111111112
hk max = 0.03211578720665955
hk min = 0.021340456994742928
hz max = 0.04733615222842156
hz min = 0.0228467653831565
lambdaF max = Inf
lambdaF min = 0.008624482946382158
lambdaB max = Inf
lambdaB min = 0.008624482946382158
----------------------------------
----------------------------------
Iteration = 35
Distance = 0.010741455578943349
v max = -1.3237998549415453
v min = -7.874128993615518
d max = 0.07611111111111112
d min = 0.07611111111111112
dF max = 0.07611111111111112
dB max = 0.07611111111111112
hk max = 0.03211555543005565
hk min = 0.021339852309530276
hz max = 0.04733562546341269
hz min = 0.022845391098582288
lambdaF max = Inf
lambdaF min = 0.008624482946382158
lambdaB max = Inf
lambdaB min = 0.008624482946382158
----------------------------------
----------------------------------
Iteration = 36
Distance = 0.009797201893454233
v max = -1.333361350353649
v min = -7.8838010969144054
d max = 0.07611111111111112
d min = 0.07611111111111112
dF max = 0.07611111111111112
dB max = 0.07611111111111112
hk max = 0.03211104826819097
hk min = 0.02133927329674209
hz max = 0.047325381913720245
hz min = 0.022844075160427333
lambdaF max = Inf
lambdaF min = 0.008624482946382158
lambdaB max = Inf
lambdaB min = 0.008624482946382158
----------------------------------
----------------------------------
Iteration = 37
Distance = 0.008915280935813286
v max = -1.3420869484022326
v min = -7.892593339995741
d max = 0.07611111111111112
d min = 0.07611111111111112
dF max = 0.07611111111111112
dB max = 0.07611111111111112
hk max = 0.032110236684428806
hk min = 0.021339117522829534
hz max = 0.047323537405169855
hz min = 0.02284372112880788
lambdaF max = Inf
lambdaF min = 0.008624482946382158
lambdaB max = Inf
lambdaB min = 0.008624482946382158
----------------------------------
----------------------------------
Iteration = 38
Distance = 0.008099563938545273
v max = -1.3500925413511955
v min = -7.900585483971796
d max = 0.07611111111111112
d min = 0.07611111111111112
dF max = 0.07611111111111112
dB max = 0.07611111111111112
hk max = 0.03211024518873853
hk min = 0.0213394199953649
hz max = 0.047323556733146505
hz min = 0.022844408566388256
lambdaF max = Inf
lambdaF min = 0.008624482946382158
lambdaB max = Inf
lambdaB min = 0.008624482946382158
----------------------------------
----------------------------------
Iteration = 39
Distance = 0.007352116017665722
v max = -1.3574262529705652
v min = -7.907850453114234
d max = 0.07611111111111112
d min = 0.07611111111111112
dF max = 0.07611111111111112
dB max = 0.07611111111111112
hk max = 0.03211045673690816
hk min = 0.021339893194488525
hz max = 0.04732403752444113
hz min = 0.022845484018941948
lambdaF max = Inf
lambdaF min = 0.008624482946382158
lambdaB max = Inf
lambdaB min = 0.008624482946382158
----------------------------------
----------------------------------
Iteration = 40
Distance = 0.006670356110962894
v max = -1.364096609081528
v min = -7.914454809879535
d max = 0.07611111111111112
d min = 0.07611111111111112
dF max = 0.07611111111111112
dB max = 0.07611111111111112
hk max = 0.03211158628624251
hk min = 0.021340182510118044
hz max = 0.04732660468201921
hz min = 0.02284614155446359
lambdaF max = Inf
lambdaF min = 0.008624482946382158
lambdaB max = Inf
lambdaB min = 0.008624482946382158
----------------------------------
----------------------------------
Iteration = 41
Distance = 0.006029554163856865
v max = -1.3701184990365072
v min = -7.920459010513576
d max = 0.07611111111111112
d min = 0.07611111111111112
dF max = 0.07611111111111112
dB max = 0.07611111111111112
hk max = 0.03211281789388369
hk min = 0.02134012241235493
hz max = 0.0473294037902946
hz min = 0.022846004968638332
lambdaF max = Inf
lambdaF min = 0.008624482946382158
lambdaB max = Inf
lambdaB min = 0.008624482946382158
----------------------------------
----------------------------------
Iteration = 42
Distance = 0.0055112806359893796
v max = -1.3755425628113307
v min = -7.925917720436739
d max = 0.07611111111111112
d min = 0.07611111111111112
dF max = 0.07611111111111112
dB max = 0.07611111111111112
hk max = 0.03211242731992495
hk min = 0.021339816885078425
hz max = 0.04732851612220656
hz min = 0.022845310588464455
lambdaF max = Inf
lambdaF min = 0.008624482946382158
lambdaB max = Inf
lambdaB min = 0.008624482946382158
----------------------------------
----------------------------------
Iteration = 43
Distance = 0.005026704809047544
v max = -1.3804510758934874
v min = -7.930880338259019
d max = 0.07611111111111112
d min = 0.07611111111111112
dF max = 0.07611111111111112
dB max = 0.07611111111111112
hk max = 0.03211027061265866
hk min = 0.021339520285517485
hz max = 0.04732361451478318
hz min = 0.022844636498553225
lambdaF max = Inf
lambdaF min = 0.008624482946382158
lambdaB max = Inf
lambdaB min = 0.008624482946382158
----------------------------------
----------------------------------
Iteration = 44
Distance = 0.004574226697082295
v max = -1.38492939581056
v min = -7.935391671753471
d max = 0.07611111111111112
d min = 0.07611111111111112
dF max = 0.07611111111111112
dB max = 0.07611111111111112
hk max = 0.03211026690229674
hk min = 0.021339435703220284
hz max = 0.04732360608214245
hz min = 0.022844444266059583
lambdaF max = Inf
lambdaF min = 0.008624482946382158
lambdaB max = Inf
lambdaB min = 0.008624482946382158
----------------------------------
----------------------------------
Iteration = 45
Distance = 0.004155802744616022
v max = -1.3890372685481358
v min = -7.939492582565483
d max = 0.07611111111111112
d min = 0.07611111111111112
dF max = 0.07611111111111112
dB max = 0.07611111111111112
hk max = 0.032110267540252035
hk min = 0.021339584060876465
hz max = 0.04732360753204083
hz min = 0.022844781442550907
lambdaF max = Inf
lambdaF min = 0.008624482946382158
lambdaB max = Inf
lambdaB min = 0.008624482946382158
----------------------------------
----------------------------------
Iteration = 46
Distance = 0.0037723981142057106
v max = -1.392800088808589
v min = -7.943220441617497
d max = 0.07611111111111112
d min = 0.07611111111111112
dF max = 0.07611111111111112
dB max = 0.07611111111111112
hk max = 0.03211036647888764
hk min = 0.02133982193119669
hz max = 0.047323832392576294
hz min = 0.02284532205691506
lambdaF max = Inf
lambdaF min = 0.008624482946382158
lambdaB max = Inf
lambdaB min = 0.008624482946382158
----------------------------------
----------------------------------
Iteration = 47
Distance = 0.003422762776290833
v max = -1.3962228515848798
v min = -7.946609369707974
d max = 0.07611111111111112
d min = 0.07611111111111112
dF max = 0.07611111111111112
dB max = 0.07611111111111112
hk max = 0.032110901723250644
hk min = 0.021339969578604963
hz max = 0.04732504885703768
hz min = 0.022845657619206587
lambdaF max = Inf
lambdaF min = 0.008624482946382158
lambdaB max = Inf
lambdaB min = 0.008624482946382158
----------------------------------
----------------------------------
Iteration = 48
Distance = 0.0030937893090250412
v max = -1.3993133824662392
v min = -7.949690367006357
d max = 0.07611111111111112
d min = 0.07611111111111112
dF max = 0.07611111111111112
dB max = 0.07611111111111112
hk max = 0.03211139949437668
hk min = 0.021339941274893054
hz max = 0.047326180155051405
hz min = 0.022845593292588603
lambdaF max = Inf
lambdaF min = 0.008624482946382158
lambdaB max = Inf
lambdaB min = 0.008624482946382158
----------------------------------
----------------------------------
Iteration = 49
Distance = 0.00282765742837654
v max = -1.402097411515856
v min = -7.952491472157515
d max = 0.07611111111111112
d min = 0.07611111111111112
dF max = 0.07611111111111112
dB max = 0.07611111111111112
hk max = 0.03211109142057579
hk min = 0.02133978770453912
hz max = 0.04732547998732211
hz min = 0.022845244269056944
lambdaF max = Inf
lambdaF min = 0.008624482946382158
lambdaB max = Inf
lambdaB min = 0.008624482946382158
----------------------------------
----------------------------------
Iteration = 50
Distance = 0.0025790184428884366
v max = -1.4046167379927073
v min = -7.955038027150749
d max = 0.07611111111111112
d min = 0.07611111111111112
dF max = 0.07611111111111112
dB max = 0.07611111111111112
hk max = 0.032110273728351395
hk min = 0.021339636922440917
hz max = 0.047323621595903025
hz min = 0.022844901582470118
lambdaF max = Inf
lambdaF min = 0.008624482946382158
lambdaB max = Inf
lambdaB min = 0.008624482946382158
----------------------------------
----------------------------------
Iteration = 51
Distance = 0.002346887247462348
v max = -1.4069149064142392
v min = -7.957353020294578
d max = 0.07611111111111112
d min = 0.07611111111111112
dF max = 0.07611111111111112
dB max = 0.07611111111111112
hk max = 0.03211027142402746
hk min = 0.021339592430096317
hz max = 0.047323616358803174
hz min = 0.02284480046350511
lambdaF max = Inf
lambdaF min = 0.008624482946382158
lambdaB max = Inf
lambdaB min = 0.008624482946382158
----------------------------------
----------------------------------
Iteration = 52
Distance = 0.0021322578133826653
v max = -1.4090226334649352
v min = -7.959457414838677
d max = 0.07611111111111112
d min = 0.07611111111111112
dF max = 0.07611111111111112
dB max = 0.07611111111111112
hk max = 0.032110271472191865
hk min = 0.021339666139262362
hz max = 0.047323616468267736
hz min = 0.022844967984337036
lambdaF max = Inf
lambdaF min = 0.008624482946382158
lambdaB max = Inf
lambdaB min = 0.008624482946382158
----------------------------------
----------------------------------
Iteration = 53
Distance = 0.0019355918327641497
v max = -1.4109532250778347
v min = -7.961370382610082
d max = 0.07611111111111112
d min = 0.07611111111111112
dF max = 0.07611111111111112
dB max = 0.07611111111111112
hk max = 0.03211031746983905
hk min = 0.02133978634048812
hz max = 0.04732372100837497
hz min = 0.02284524116894103
lambdaF max = Inf
lambdaF min = 0.008624482946382158
lambdaB max = Inf
lambdaB min = 0.008624482946382158
----------------------------------
----------------------------------
Iteration = 54
Distance = 0.0017562808173170463
v max = -1.4127095058951518
v min = -7.9631094286993624
d max = 0.07611111111111112
d min = 0.07611111111111112
dF max = 0.07611111111111112
dB max = 0.07611111111111112
hk max = 0.03211056408365508
hk min = 0.021339861946417286
hz max = 0.047324281494320476
hz min = 0.022845413000598225
lambdaF max = Inf
lambdaF min = 0.008624482946382158
lambdaB max = Inf
lambdaB min = 0.008624482946382158
----------------------------------
----------------------------------
Iteration = 55
Distance = 0.001587415063875497
v max = -1.4142955643790907
v min = -7.9646904589578105
d max = 0.07611111111111112
d min = 0.07611111111111112
dF max = 0.07611111111111112
dB max = 0.07611111111111112
hk max = 0.032110751511285354
hk min = 0.02133984871710068
hz max = 0.047324707466207476
hz min = 0.022845382933969573
lambdaF max = Inf
lambdaF min = 0.008624482946382158
lambdaB max = Inf
lambdaB min = 0.008624482946382158
----------------------------------
----------------------------------
Iteration = 56
Distance = 0.0014507663396834403
v max = -1.4157244750709124
v min = -7.966127861562951
d max = 0.07611111111111112
d min = 0.07611111111111112
dF max = 0.07611111111111112
dB max = 0.07611111111111112
hk max = 0.032110556732964333
hk min = 0.021339771467915193
hz max = 0.04732426478820516
hz min = 0.022845207367638922
lambdaF max = Inf
lambdaF min = 0.008624482946382158
lambdaB max = Inf
lambdaB min = 0.008624482946382158
----------------------------------
----------------------------------
Iteration = 57
Distance = 0.0013231950426835226
v max = -1.4170174840264416
v min = -7.967434641817968
d max = 0.07611111111111112
d min = 0.07611111111111112
dF max = 0.07611111111111112
dB max = 0.07611111111111112
hk max = 0.03211027417063606
hk min = 0.02133969476560788
hz max = 0.047323622601095454
hz min = 0.022845033044213207
lambdaF max = Inf
lambdaF min = 0.008624482946382158
lambdaB max = Inf
lambdaB min = 0.008624482946382158
----------------------------------
----------------------------------
Iteration = 58
Distance = 0.0012041138710658927
v max = -1.4181968142287449
v min = -7.968622596833163
d max = 0.07611111111111112
d min = 0.07611111111111112
dF max = 0.07611111111111112
dB max = 0.07611111111111112
hk max = 0.032110272960929
hk min = 0.021339671399626746
hz max = 0.04732361985176122
hz min = 0.022844979939710634
lambdaF max = Inf
lambdaF min = 0.008624482946382158
lambdaB max = Inf
lambdaB min = 0.008624482946382158
----------------------------------
----------------------------------
Iteration = 59
Distance = 0.001094019475704311
v max = -1.4192782589486304
v min = -7.969702483509811
d max = 0.07611111111111112
d min = 0.07611111111111112
dF max = 0.07611111111111112
dB max = 0.07611111111111112
hk max = 0.03211027294953549
hk min = 0.02133970806146255
hz max = 0.04732361982586687
hz min = 0.022845063262064733
lambdaF max = Inf
lambdaF min = 0.008624482946382158
lambdaB max = Inf
lambdaB min = 0.008624482946382158
----------------------------------
----------------------------------
Iteration = 60
Distance = 0.000993139008177213
v max = -1.4202687817376838
v min = -7.970684138731168
d max = 0.07611111111111112
d min = 0.07611111111111112
dF max = 0.07611111111111112
dB max = 0.07611111111111112
hk max = 0.032110293521013425
hk min = 0.02133976887153564
hz max = 0.047323666579225813
hz min = 0.022845201466776308
lambdaF max = Inf
lambdaF min = 0.008624482946382158
lambdaB max = Inf
lambdaB min = 0.008624482946382158
----------------------------------
----------------------------------
Iteration = 61
Distance = 0.0009011778808767357
v max = -1.4211699596185605
v min = -7.971576544186383
d max = 0.07611111111111112
d min = 0.07611111111111112
dF max = 0.07611111111111112
dB max = 0.07611111111111112
hk max = 0.03211040248005788
hk min = 0.021339807641428492
hz max = 0.04732391421341777
hz min = 0.02284528958016915
lambdaF max = Inf
lambdaF min = 0.008624482946382158
lambdaB max = Inf
lambdaB min = 0.008624482946382158
----------------------------------
----------------------------------
Iteration = 62
Distance = 0.0008144962599860861
v max = -1.4219839233969964
v min = -7.972387861685859
d max = 0.07611111111111112
d min = 0.07611111111111112
dF max = 0.07611111111111112
dB max = 0.07611111111111112
hk max = 0.032110466889924735
hk min = 0.02133980153810976
hz max = 0.0473240605994788
hz min = 0.022845275708990215
lambdaF max = Inf
lambdaF min = 0.008624482946382158
lambdaB max = Inf
lambdaB min = 0.008624482946382158
----------------------------------
----------------------------------
Iteration = 63
Distance = 0.0007443324447216071
v max = -1.4227173144859855
v min = -7.973125475075319
d max = 0.07611111111111112
d min = 0.07611111111111112
dF max = 0.07611111111111112
dB max = 0.07611111111111112
hk max = 0.03211035986530626
hk min = 0.021339762695487555
hz max = 0.047323817361709535
hz min = 0.02284518743030338
lambdaF max = Inf
lambdaF min = 0.008624482946382158
lambdaB max = Inf
lambdaB min = 0.008624482946382158
----------------------------------
----------------------------------
Iteration = 64
Distance = 0.000678878383960857
v max = -1.4233809313613432
v min = -7.973796058903822
d max = 0.07611111111111112
d min = 0.07611111111111112
dF max = 0.07611111111111112
dB max = 0.07611111111111112
hk max = 0.032110274308635355
hk min = 0.021339723673707223
hz max = 0.047323622914730204
hz min = 0.022845098744438994
lambdaF max = Inf
lambdaF min = 0.008624482946382158
lambdaB max = Inf
lambdaB min = 0.008624482946382158
----------------------------------
----------------------------------
Iteration = 65
Distance = 0.0006177909081026556
v max = -1.4239861159647018
v min = -7.974405667432499
d max = 0.07611111111111112
d min = 0.07611111111111112
dF max = 0.07611111111111112
dB max = 0.07611111111111112
hk max = 0.03211027368348574
hk min = 0.021339711406242322
hz max = 0.04732362149393563
hz min = 0.022845070863836945
lambdaF max = Inf
lambdaF min = 0.008624482946382158
lambdaB max = Inf
lambdaB min = 0.008624482946382158
----------------------------------
----------------------------------
Iteration = 66
Distance = 0.0005613183976937997
v max = -1.4245409886000369
v min = -7.974959820531473
d max = 0.07611111111111112
d min = 0.07611111111111112
dF max = 0.07611111111111112
dB max = 0.07611111111111112
hk max = 0.032110273671797224
hk min = 0.02133972962442133
hz max = 0.047323621467370805
hz min = 0.022845112268789238
lambdaF max = Inf
lambdaF min = 0.008624482946382158
lambdaB max = Inf
lambdaB min = 0.008624482946382158
----------------------------------
----------------------------------
Iteration = 67
Distance = 0.0005095720665893033
v max = -1.4250491918138908
v min = -7.9754635655265265
d max = 0.07611111111111112
d min = 0.07611111111111112
dF max = 0.07611111111111112
dB max = 0.07611111111111112
hk max = 0.0321102822011403
hk min = 0.021339760382962973
hz max = 0.04732364085224145
hz min = 0.022845182174565697
lambdaF max = Inf
lambdaF min = 0.008624482946382158
lambdaB max = Inf
lambdaB min = 0.008624482946382158
----------------------------------
----------------------------------
Iteration = 68
Distance = 0.00046240836814082087
v max = -1.4255116001820316
v min = -7.97592151090599
d max = 0.07611111111111112
d min = 0.07611111111111112
dF max = 0.07611111111111112
dB max = 0.07611111111111112
hk max = 0.03211032764599407
hk min = 0.02133978026206657
hz max = 0.04732374413600002
hz min = 0.022845227354346596
lambdaF max = Inf
lambdaF min = 0.008624482946382158
lambdaB max = Inf
lambdaB min = 0.008624482946382158
----------------------------------
----------------------------------
Iteration = 69
Distance = 0.0004179153559009663
v max = -1.4259293243032118
v min = -7.976337844802756
d max = 0.07611111111111112
d min = 0.07611111111111112
dF max = 0.07611111111111112
dB max = 0.07611111111111112
hk max = 0.032110346336189546
hk min = 0.021339777479919594
hz max = 0.047323786613717
hz min = 0.022845221031285296
lambdaF max = Inf
lambdaF min = 0.008624482946382158
lambdaB max = Inf
lambdaB min = 0.008624482946382158
----------------------------------
----------------------------------
Iteration = 70
Distance = 0.00038188880834599814
v max = -1.426305737938626
v min = -7.976716356545393
d max = 0.07611111111111112
d min = 0.07611111111111112
dF max = 0.07611111111111112
dB max = 0.07611111111111112
hk max = 0.032110294142195656
hk min = 0.02133975795787752
hz max = 0.047323667991003605
hz min = 0.022845176663007855
lambdaF max = Inf
lambdaF min = 0.008624482946382158
lambdaB max = Inf
lambdaB min = 0.008624482946382158
----------------------------------
----------------------------------
Iteration = 71
Distance = 0.0003483053037318662
v max = -1.4266463292538112
v min = -7.977060471647226
d max = 0.07611111111111112
d min = 0.07611111111111112
dF max = 0.07611111111111112
dB max = 0.07611111111111112
hk max = 0.032110274369002476
hk min = 0.02133973811119411
hz max = 0.0473236230519282
hz min = 0.02284513155690919
lambdaF max = Inf
lambdaF min = 0.008624482946382158
lambdaB max = Inf
lambdaB min = 0.008624482946382158
----------------------------------
----------------------------------
Iteration = 72
Distance = 0.00031696778660883496
v max = -1.4269568864138247
v min = -7.977373297164447
d max = 0.07611111111111112
d min = 0.07611111111111112
dF max = 0.07611111111111112
dB max = 0.07611111111111112
hk max = 0.032110274047232865
hk min = 0.02133973167930226
hz max = 0.047323622320633627
hz min = 0.022845116938973165
lambdaF max = Inf
lambdaF min = 0.008624482946382158
lambdaB max = Inf
lambdaB min = 0.008624482946382158
----------------------------------
----------------------------------
Iteration = 73
Distance = 0.0002880011061421328
v max = -1.4272415838958825
v min = -7.977657665618357
d max = 0.07611111111111112
d min = 0.07611111111111112
dF max = 0.07611111111111112
dB max = 0.07611111111111112
hk max = 0.03211027403761034
hk min = 0.02133974072638313
hz max = 0.04732362229876426
hz min = 0.0228451375005206
lambdaF max = Inf
lambdaF min = 0.008624482946382158
lambdaB max = Inf
lambdaB min = 0.008624482946382158
----------------------------------
----------------------------------
Iteration = 74
Distance = 0.00026145761173790305
v max = -1.4275023257797161
v min = -7.977916166816527
d max = 0.07611111111111112
d min = 0.07611111111111112
dF max = 0.07611111111111112
dB max = 0.07611111111111112
hk max = 0.032110277064366165
hk min = 0.021339756280737063
hz max = 0.04732362917775477
hz min = 0.022845172851324997
lambdaF max = Inf
lambdaF min = 0.008624482946382158
lambdaB max = Inf
lambdaB min = 0.008624482946382158
----------------------------------
----------------------------------
Iteration = 75
Distance = 0.00023726847137850449
v max = -1.4277395942510946
v min = -7.978151165373548
d max = 0.07611111111111112
d min = 0.07611111111111112
dF max = 0.07611111111111112
dB max = 0.07611111111111112
hk max = 0.03211029465526344
hk min = 0.02133976646979325
hz max = 0.04732366915706676
hz min = 0.022845196008270872
lambdaF max = Inf
lambdaF min = 0.008624482946382158
lambdaB max = Inf
lambdaB min = 0.008624482946382158
----------------------------------
----------------------------------
Iteration = 76
Distance = 0.0002144314448067064
v max = -1.4279539683947498
v min = -7.978364810379703
d max = 0.07611111111111112
d min = 0.07611111111111112
dF max = 0.07611111111111112
dB max = 0.07611111111111112
hk max = 0.032110298502465884
hk min = 0.02133976521738757
hz max = 0.04732367790070867
hz min = 0.02284519316189432
lambdaF max = Inf
lambdaF min = 0.008624482946382158
lambdaB max = Inf
lambdaB min = 0.008624482946382158
----------------------------------
----------------------------------
Iteration = 77
Distance = 0.00019593376937709905
v max = -1.4281471624069035
v min = -7.978559046484964
d max = 0.07611111111111112
d min = 0.07611111111111112
dF max = 0.07611111111111112
dB max = 0.07611111111111112
hk max = 0.032110276038272205
hk min = 0.021339755408262235
hz max = 0.04732362684572305
hz min = 0.022845170868427658
lambdaF max = Inf
lambdaF min = 0.008624482946382158
lambdaB max = Inf
lambdaB min = 0.008624482946382158
----------------------------------
----------------------------------
Iteration = 78
Distance = 0.00017870236005501638
v max = -1.4283219656515305
v min = -7.978735631730232
d max = 0.07611111111111112
d min = 0.07611111111111112
dF max = 0.07611111111111112
dB max = 0.07611111111111112
hk max = 0.032110274397057145
hk min = 0.02133974531632996
hz max = 0.04732362311568882
hz min = 0.02284514793221794
lambdaF max = Inf
lambdaF min = 0.008624482946382158
lambdaB max = Inf
lambdaB min = 0.008624482946382158
----------------------------------
----------------------------------
Iteration = 79
Distance = 0.0001626264487839535
v max = -1.4284813318826644
v min = -7.978896160662449
d max = 0.07611111111111112
d min = 0.07611111111111112
dF max = 0.07611111111111112
dB max = 0.07611111111111112
hk max = 0.0321102742319511
hk min = 0.021339741948818186
hz max = 0.04732362274044781
hz min = 0.022845140278782095
lambdaF max = Inf
lambdaF min = 0.008624482946382158
lambdaB max = Inf
lambdaB min = 0.008624482946382158
----------------------------------
----------------------------------
Iteration = 80
Distance = 0.000147767663056797
v max = -1.4286274067485618
v min = -7.979042086793202
d max = 0.07611111111111112
d min = 0.07611111111111112
dF max = 0.07611111111111112
dB max = 0.07611111111111112
hk max = 0.0321102742254359
hk min = 0.021339746439271775
hz max = 0.04732362272564053
hz min = 0.02284515048435843
lambdaF max = Inf
lambdaF min = 0.008624482946382158
lambdaB max = Inf
lambdaB min = 0.008624482946382158
----------------------------------
----------------------------------
Iteration = 81
Distance = 0.00013415211283085426
v max = -1.4287611848647606
v min = -7.979174738968927
d max = 0.07611111111111112
d min = 0.07611111111111112
dF max = 0.07611111111111112
dB max = 0.07611111111111112
hk max = 0.03211027493363145
hk min = 0.021339754303736157
hz max = 0.047323624335175875
hz min = 0.02284516835814111
lambdaF max = Inf
lambdaF min = 0.008624482946382158
lambdaB max = Inf
lambdaB min = 0.008624482946382158
----------------------------------
----------------------------------
Iteration = 82
Distance = 0.00012174580107116029
v max = -1.4288829306658317
v min = -7.979295330474697
d max = 0.07611111111111112
d min = 0.07611111111111112
dF max = 0.07611111111111112
dB max = 0.07611111111111112
hk max = 0.03211028099195853
hk min = 0.021339759524467393
hz max = 0.04732363810410105
hz min = 0.022845180223439374
lambdaF max = Inf
lambdaF min = 0.008624482946382158
lambdaB max = Inf
lambdaB min = 0.008624482946382158
----------------------------------
----------------------------------
Iteration = 83
Distance = 0.00011002507516000293
v max = -1.4289929461666557
v min = -7.979404964089845
d max = 0.07611111111111112
d min = 0.07611111111111112
dF max = 0.07611111111111112
dB max = 0.07611111111111112
hk max = 0.032110281020282315
hk min = 0.021339758969460478
hz max = 0.0473236381684733
hz min = 0.02284517896206002
lambdaF max = Inf
lambdaF min = 0.008624482946382158
lambdaB max = Inf
lambdaB min = 0.008624482946382158
----------------------------------
----------------------------------
Iteration = 84
Distance = 0.00010052752535116838
v max = -1.4290921025344976
v min = -7.979504637789659
d max = 0.07611111111111112
d min = 0.07611111111111112
dF max = 0.07611111111111112
dB max = 0.07611111111111112
hk max = 0.03211027452404024
hk min = 0.021339754041721445
hz max = 0.047323623404286766
hz min = 0.022845167762653135
lambdaF max = Inf
lambdaF min = 0.008624482946382158
lambdaB max = Inf
lambdaB min = 0.008624482946382158
----------------------------------
----------------------------------
Iteration = 85
Distance = 9.168595491315656e-5
v max = -1.4291818175331372
v min = -7.97959525383386
d max = 0.07611111111111112
d min = 0.07611111111111112
dF max = 0.07611111111111112
dB max = 0.07611111111111112
hk max = 0.032110274410250314
hk min = 0.021339748910874104
hz max = 0.047323623145673295
hz min = 0.02284515610163645
lambdaF max = Inf
lambdaF min = 0.008624482946382158
lambdaB max = Inf
lambdaB min = 0.008624482946382158
----------------------------------
----------------------------------
Iteration = 86
Distance = 8.343869940707904e-5
v max = -1.4292635984462203
v min = -7.979677630546802
d max = 0.07611111111111112
d min = 0.07611111111111112
dF max = 0.07611111111111112
dB max = 0.07611111111111112
hk max = 0.032110274325388995
hk min = 0.021339747149947637
hz max = 0.04732362295280666
hz min = 0.022845152099530842
lambdaF max = Inf
lambdaF min = 0.008624482946382158
lambdaB max = Inf
lambdaB min = 0.008624482946382158
----------------------------------
----------------------------------
Iteration = 87
Distance = 7.581681942214757e-5
v max = -1.429338547954886
v min = -7.9797525138008885
d max = 0.07611111111111112
d min = 0.07611111111111112
dF max = 0.07611111111111112
dB max = 0.07611111111111112
hk max = 0.03211027432104892
hk min = 0.02133974937754986
hz max = 0.04732362294294285
hz min = 0.02284515716226317
lambdaF max = Inf
lambdaF min = 0.008624482946382158
lambdaB max = Inf
lambdaB min = 0.008624482946382158
----------------------------------
----------------------------------
Iteration = 88
Distance = 6.883262650170252e-5
v max = -1.429407185259924
v min = -7.979820585436979
d max = 0.07611111111111112
d min = 0.07611111111111112
dF max = 0.07611111111111112
dB max = 0.07611111111111112
hk max = 0.032110274386791884
hk min = 0.021339753353346164
hz max = 0.047323623092358685
hz min = 0.02284516619816386
lambdaF max = Inf
lambdaF min = 0.008624482946382158
lambdaB max = Inf
lambdaB min = 0.008624482946382158
----------------------------------
----------------------------------
Iteration = 89
Distance = 6.246944409005195e-5
v max = -1.429469654704014
v min = -7.979882467992985
d max = 0.07611111111111112
d min = 0.07611111111111112
dF max = 0.07611111111111112
dB max = 0.07611111111111112
hk max = 0.03211027592102076
hk min = 0.021339756027623072
hz max = 0.04732362657924249
hz min = 0.022845172276065927
lambdaF max = Inf
lambdaF min = 0.008624482946382158
lambdaB max = Inf
lambdaB min = 0.008624482946382158
----------------------------------
----------------------------------
Iteration = 90
Distance = 5.645911919582858e-5
v max = -1.4295261138232098
v min = -7.979938727346172
d max = 0.07611111111111112
d min = 0.07611111111111112
dF max = 0.07611111111111112
dB max = 0.07611111111111112
hk max = 0.03211027550534993
hk min = 0.021339755786715722
hz max = 0.04732362563453606
hz min = 0.022845171728549222
lambdaF max = Inf
lambdaF min = 0.008624482946382158
lambdaB max = Inf
lambdaB min = 0.008624482946382158
----------------------------------
----------------------------------
Iteration = 91
Distance = 5.157763965435436e-5
v max = -1.4295770054433872
v min = -7.979989875646652
d max = 0.07611111111111112
d min = 0.07611111111111112
dF max = 0.07611111111111112
dB max = 0.07611111111111112
hk max = 0.03211027447362025
hk min = 0.021339753311722158
hz max = 0.04732362328969588
hz min = 0.022845166103563852
lambdaF max = Inf
lambdaF min = 0.008624482946382158
lambdaB max = Inf
lambdaB min = 0.008624482946382158
----------------------------------
----------------------------------
Iteration = 92
Distance = 4.7040914022300484e-5
v max = -1.4296230502115637
v min = -7.980036375950304
d max = 0.07611111111111112
d min = 0.07611111111111112
dF max = 0.07611111111111112
dB max = 0.07611111111111112
hk max = 0.03211027441639468
hk min = 0.021339750703556752
hz max = 0.04732362315963774
hz min = 0.022845160175915195
lambdaF max = Inf
lambdaF min = 0.008624482946382158
lambdaB max = Inf
lambdaB min = 0.008624482946382158
----------------------------------
----------------------------------
Iteration = 93
Distance = 4.280988355720439e-5
v max = -1.4296650172646572
v min = -7.980078648222648
d max = 0.07611111111111112
d min = 0.07611111111111112
dF max = 0.07611111111111112
dB max = 0.07611111111111112
hk max = 0.03211027437282929
hk min = 0.021339749783782662
hz max = 0.04732362306062551
hz min = 0.02284515808551954
lambdaF max = Inf
lambdaF min = 0.008624482946382158
lambdaB max = Inf
lambdaB min = 0.008624482946382158
----------------------------------
----------------------------------
Iteration = 94
Distance = 3.890024681618698e-5
v max = -1.4297034732069132
v min = -7.980117075210168
d max = 0.07611111111111112
d min = 0.07611111111111112
dF max = 0.07611111111111112
dB max = 0.07611111111111112
hk max = 0.03211027437024725
hk min = 0.021339750888196382
hz max = 0.04732362305475724
hz min = 0.02284516059555072
lambdaF max = Inf
lambdaF min = 0.008624482946382158
lambdaB max = Inf
lambdaB min = 0.008624482946382158
----------------------------------
----------------------------------
Iteration = 95
Distance = 3.5317644941468274e-5
v max = -1.4297386888974246
v min = -7.980152006771157
d max = 0.07611111111111112
d min = 0.07611111111111112
dF max = 0.07611111111111112
dB max = 0.07611111111111112
hk max = 0.032110274403185785
hk min = 0.021339752897818386
hz max = 0.04732362312961754
hz min = 0.02284516516287346
lambdaF max = Inf
lambdaF min = 0.008624482946382158
lambdaB max = Inf
lambdaB min = 0.008624482946382158
----------------------------------
----------------------------------
Iteration = 96
Distance = 3.2053907721874e-5
v max = -1.4297707428051465
v min = -7.9801837623308245
d max = 0.07611111111111112
d min = 0.07611111111111112
dF max = 0.07611111111111112
dB max = 0.07611111111111112
hk max = 0.032110274451597115
hk min = 0.02133975426732084
hz max = 0.04732362323964329
hz min = 0.02284516827537904
lambdaF max = Inf
lambdaF min = 0.008624482946382158
lambdaB max = Inf
lambdaB min = 0.008624482946382158
----------------------------------
----------------------------------
Iteration = 97
Distance = 2.8974308545315353e-5
v max = -1.4297997171136918
v min = -7.980212632261718
d max = 0.07611111111111112
d min = 0.07611111111111112
dF max = 0.07611111111111112
dB max = 0.07611111111111112
hk max = 0.032110274460813645
hk min = 0.02133975416567837
hz max = 0.04732362326058996
hz min = 0.02284516804437342
lambdaF max = Inf
lambdaF min = 0.008624482946382158
lambdaB max = Inf
lambdaB min = 0.008624482946382158
----------------------------------
----------------------------------
Iteration = 98
Distance = 2.6462977698926693e-5
v max = -1.4298258369642232
v min = -7.98023887939318
d max = 0.07611111111111112
d min = 0.07611111111111112
dF max = 0.07611111111111112
dB max = 0.07611111111111112
hk max = 0.03211027444794231
hk min = 0.02133975292286631
hz max = 0.04732362323133692
hz min = 0.022845165219800557
lambdaF max = Inf
lambdaF min = 0.008624482946382158
lambdaB max = Inf
lambdaB min = 0.008624482946382158
----------------------------------
----------------------------------
Iteration = 99
Distance = 2.413510061893831e-5
v max = -1.4298494686772798
v min = -7.980262741373412
d max = 0.07611111111111112
d min = 0.07611111111111112
dF max = 0.07611111111111112
dB max = 0.07611111111111112
hk max = 0.03211027441911913
hk min = 0.021339751597269568
hz max = 0.04732362316582969
hz min = 0.022845162207080685
lambdaF max = Inf
lambdaF min = 0.008624482946382158
lambdaB max = Inf
lambdaB min = 0.008624482946382158
----------------------------------
----------------------------------
Iteration = 100
Distance = 2.196453749503391e-5
v max = -1.429871004717294
v min = -7.980284433729397
d max = 0.07611111111111112
d min = 0.07611111111111112
dF max = 0.07611111111111112
dB max = 0.07611111111111112
hk max = 0.03211027439686664
hk min = 0.021339751117362263
hz max = 0.04732362311525585
hz min = 0.02284516111638227
lambdaF max = Inf
lambdaF min = 0.008624482946382158
lambdaB max = Inf
lambdaB min = 0.008624482946382158
----------------------------------
----------------------------------
Iteration = 101
Distance = 1.9959046422712845e-5
v max = -1.4298907361892141
v min = -7.980304152868904
d max = 0.07611111111111112
d min = 0.07611111111111112
dF max = 0.07611111111111112
dB max = 0.07611111111111112
hk max = 0.03211027439525933
hk min = 0.021339751664579375
hz max = 0.047323623111602896
hz min = 0.02284516236005752
lambdaF max = Inf
lambdaF min = 0.008624482946382158
lambdaB max = Inf
lambdaB min = 0.008624482946382158
----------------------------------
----------------------------------
Iteration = 102
Distance = 1.812131413014839e-5
v max = -1.4299088043119232
v min = -7.980322078307504
d max = 0.07611111111111112
d min = 0.07611111111111112
dF max = 0.07611111111111112
dB max = 0.07611111111111112
hk max = 0.03211027441175773
hk min = 0.021339752680216872
hz max = 0.04732362314909925
hz min = 0.022845164668324563
lambdaF max = Inf
lambdaF min = 0.008624482946382158
lambdaB max = Inf
lambdaB min = 0.008624482946382158
----------------------------------
----------------------------------
Iteration = 103
Distance = 1.644727778793431e-5
v max = -1.4299252515897112
v min = -7.980338373942971
d max = 0.07611111111111112
d min = 0.07611111111111112
dF max = 0.07611111111111112
dB max = 0.07611111111111112
hk max = 0.03211027443194053
hk min = 0.021339753381352057
hz max = 0.04732362319496924
hz min = 0.022845166261813613
lambdaF max = Inf
lambdaF min = 0.008624482946382158
lambdaB max = Inf
lambdaB min = 0.008624482946382158
----------------------------------
----------------------------------
Iteration = 104
Distance = 1.4869310902998478e-5
v max = -1.4299401209006142
v min = -7.980353188776064
d max = 0.07611111111111112
d min = 0.07611111111111112
dF max = 0.07611111111111112
dB max = 0.07611111111111112
hk max = 0.0321102744411136
hk min = 0.02133975334019623
hz max = 0.04732362321581712
hz min = 0.022845166168277645
lambdaF max = Inf
lambdaF min = 0.008624482946382158
lambdaB max = Inf
lambdaB min = 0.008624482946382158
----------------------------------
----------------------------------
Iteration = 105
Distance = 1.357740399754448e-5
v max = -1.4299535267349084
v min = -7.980366657687436
d max = 0.07611111111111112
d min = 0.07611111111111112
dF max = 0.07611111111111112
dB max = 0.07611111111111112
hk max = 0.0321102744347852
hk min = 0.021339752716260416
hz max = 0.04732362320143441
hz min = 0.022845164750241703
lambdaF max = Inf
lambdaF min = 0.008624482946382158
lambdaB max = Inf
lambdaB min = 0.008624482946382158
----------------------------------
----------------------------------
Iteration = 106
Distance = 1.2382915662190186e-5
v max = -1.4299656553101612
v min = -7.980378902641968
d max = 0.07611111111111112
d min = 0.07611111111111112
dF max = 0.07611111111111112
dB max = 0.07611111111111112
hk max = 0.032110274420304716
hk min = 0.021339752042635662
hz max = 0.04732362316852422
hz min = 0.02284516321927636
lambdaF max = Inf
lambdaF min = 0.008624482946382158
lambdaB max = Inf
lambdaB min = 0.008624482946382158
----------------------------------
----------------------------------
Iteration = 107
Distance = 1.1269412059977668e-5
v max = -1.4299767068822704
v min = -7.980390034248478
d max = 0.07611111111111112
d min = 0.07611111111111112
dF max = 0.07611111111111112
dB max = 0.07611111111111112
hk max = 0.0321102744089408
hk min = 0.021339751792488655
hz max = 0.04732362314269713
hz min = 0.022845162650760434
lambdaF max = Inf
lambdaF min = 0.008624482946382158
lambdaB max = Inf
lambdaB min = 0.008624482946382158
----------------------------------
----------------------------------
Iteration = 108
Distance = 1.0240662422944524e-5
v max = -1.4299868309923376
v min = -7.980400153294446
d max = 0.07611111111111112
d min = 0.07611111111111112
dF max = 0.07611111111111112
dB max = 0.07611111111111112
hk max = 0.03211027440797346
hk min = 0.02133975206345194
hz max = 0.04732362314049863
hz min = 0.022845163266586085
lambdaF max = Inf
lambdaF min = 0.008624482946382158
lambdaB max = Inf
lambdaB min = 0.008624482946382158
----------------------------------
----------------------------------
Iteration = 109
Distance = 9.297971196087218e-6
v max = -1.42999610122635
v min = -7.980409351891212
d max = 0.07611111111111112
d min = 0.07611111111111112
dF max = 0.07611111111111112
dB max = 0.07611111111111112
hk max = 0.03211027441623653
hk min = 0.021339752576663536
hz max = 0.047323623159278336
hz min = 0.02284516443297607
lambdaF max = Inf
lambdaF min = 0.008624482946382158
lambdaB max = Inf
lambdaB min = 0.008624482946382158
----------------------------------
    Value Function Converged, Iteration = 109 with gamma=12.0 with rho=1.0 and v=-4.011178922621972
    Reflective boundary condition
=============================================================
Convegence time (minutes): 0.11283718466666667
Current Time = 22:23:34
grid points for z:  401
grid size for z:  0.025
-0.2797713238065559
-0.5246102394634653
--- 8.457132339477539 seconds for the elasticity computation ---
-0.10070166365165678
-0.3152443807020446
--- 0.06459426879882812 seconds for the elasticity computation ---
-0.04480287082351099
-0.20936585876142078
--- 0.06359982490539551 seconds for the elasticity computation ---
-0.34915059188922476
-0.5302541795765424
--- 0.06399178504943848 seconds for the elasticity computation ---
Current Time = 22:23:45
grid points for z:  401
grid size for z:  0.025
rho = 1
0.05937926808266887
--- 8.453327894210815 seconds for the elasticity computation ---
0.0
--- 0.06789636611938477 seconds for the elasticity computation ---
0.05937926808266887
--- 0.06622719764709473 seconds for the elasticity computation ---
0.0
--- 0.06584763526916504 seconds for the elasticity computation ---
0.0
--- 0.0656275749206543 seconds for the elasticity computation ---
0.05937926808266887
0.005643940113077034
--- 0.06658816337585449 seconds for the elasticity computation ---
0.05937926808266887
0.005643940113077034
--- 0.0659327507019043 seconds for the elasticity computation ---
0.05937926808266887
0.005643940113077034
--- 0.0660252571105957 seconds for the elasticity computation ---
0.05937926808266887
0.005643940113077034
--- 0.06618952751159668 seconds for the elasticity computation ---
parsed_args = parse_commandline() = Dict{String, Any}("dataname" => "lower_triangular_two_ambiguous_parameters", "clowerlim" => 0.0001, "delta" => 0.01, "boundary" => 1, "Delta" => 10.0, "q" => 0.05, "zmax" => 5.0, "logadjustment" => 1, "zscale" => 2.0, "foc" => 1, "distorted" => 0, "rho" => 1.0, "gamma" => 12.0)
=============================================================
./output/lower_triangular_two_ambiguous_parameters/Delta_10.0_distorted_0/logadjustment_1_boundary_1/zmax_5.0_zscale_2.0/delta_0.01/q_0.05_gamma_12.0_rho_1.0/
=============================================================
solve for structured linear system 
structured_relative_entropy = 0.05128118719572531
=============================================================
solve for unstructured linear system 
q_update = 0.6290770178996272
=============================================================
parsed_args = parse_commandline() = Dict{String, Any}("dataname" => "lower_triangular_two_ambiguous_parameters", "clowerlim" => 0.0001, "delta" => 0.01, "boundary" => 1, "Delta" => 10.0, "q" => 0.05, "zmax" => 5.0, "logadjustment" => 1, "zscale" => 2.0, "foc" => 1, "distorted" => 0, "rho" => 1.0, "gamma" => 12.0)
=============================================================
./output/lower_triangular_two_ambiguous_parameters/Delta_10.0_distorted_0/logadjustment_1_boundary_1/zmax_5.0_zscale_2.0/delta_0.01/q_0.05_gamma_12.0_rho_1.0/
=============================================================
solve for structured linear system 
structured_relative_entropy = 0.051281187195725296
=============================================================
solve for unstructured linear system 
q_update = 0.6290770178996272
=============================================================
Program ends Fri Jan 19 22:24:26 CST 2024
Elapsed time: 0 days 00 hr 01 min 18 sec
