D_10.0_distorted_0_boundary_0_delta_0.01_gamma_8.0_q_0.05_rho_1.0_lower_triangular_four_ambiguous_parameters
Program starts Fri Jan 19 22:21:04 CST 2024
parsed_args = parse_commandline() = Dict{String, Any}("dataname" => "lower_triangular_four_ambiguous_parameters", "clowerlim" => 0.0001, "delta" => 0.01, "boundary" => 0, "Delta" => 10.0, "q" => 0.05, "zmax" => 5.0, "logadjustment" => 1, "zscale" => 2.0, "foc" => 1, "distorted" => 0, "rho" => 1.0, "gamma" => 8.0)
=============================================================
logadjustment: true
reflective_boundary: false
0.0922
sigma_k: [0.011287880226154068, 0.0]
sigma_z: [0.026030751045638307, 0.05916079783099616]
Compute value function WITH ROBUSTNESS
computing undistorted version...
zmax = 5.0, zmin = -5.0, zlength = 401
natural boundary condition
----------------------------------
Iteration = 1
Distance = 1.2263006636629776
v max = -0.8166621094461026
v min = -3.2263006636629776
d max = 0.07611111111111112
d min = 0.07611111111111112
dF max = 0.07611111111111112
dB max = 0.07611111111111112
hk max = 0.011287880226154068
hk min = 0.011287880226154068
hz max = 0.0
hz min = 0.0
lambdaF max = 0.31926946612540325
lambdaF min = 0.012254949671879824
lambdaB max = 0.31926946612540325
lambdaB min = 0.012254949671879824
----------------------------------
----------------------------------
Iteration = 2
Distance = 0.8855587157562543
v max = -0.2740725226669734
v min = -4.111859379419232
d max = 0.07611111111111112
d min = 0.07611111111111112
dF max = 0.07611111111111112
dB max = 0.07611111111111112
hk max = 0.017560350357634643
hk min = 0.017560350357631867
hz max = 0.014255613935183127
hz min = 0.014255613935176822
lambdaF max = 0.6397427191312295
lambdaF min = 0.012254949671879824
lambdaB max = 0.6397427191312006
lambdaB min = 0.012254949671879824
----------------------------------
----------------------------------
Iteration = 3
Distance = 0.6043915958645281
v max = -0.0017650872760133433
v min = -4.71625097528376
d max = 0.07611111111111112
d min = 0.07611111111111112
dF max = 0.07611111111111112
dB max = 0.07611111111111112
hk max = 0.022001952666818834
hk min = 0.02055390263235693
hz max = 0.024350164637874476
hz min = 0.02105914183227924
lambdaF max = 0.8782713885513045
lambdaF min = 0.012254949671879824
lambdaB max = 0.8819576963389154
lambdaB min = 0.012254949671879824
----------------------------------
----------------------------------
Iteration = 4
Distance = 0.42503085240176386
v max = 0.12038914519594118
v min = -5.141281827685524
d max = 0.07611111111111112
d min = 0.07611111111111112
dF max = 0.07611111111111112
dB max = 0.07611111111111112
hk max = 0.024898501265816008
hk min = 0.022189152144844605
hz max = 0.030933229635595322
hz min = 0.024775617997023956
lambdaF max = 1.0359383260726893
lambdaF min = 0.012254949671879824
lambdaB max = 1.0425440414843796
lambdaB min = 0.012254949671879824
----------------------------------
----------------------------------
Iteration = 5
Distance = 0.3081061989249223
v max = 0.16172266930758236
v min = -5.449388026610446
d max = 0.07611111111111112
d min = 0.07611111111111112
dF max = 0.07611111111111112
dB max = 0.07611111111111112
hk max = 0.026798420729216788
hk min = 0.023073682277323947
hz max = 0.03525122841605165
hz min = 0.026785913752658815
lambdaF max = 1.1415972523758227
lambdaF min = 0.012254949671879824
lambdaB max = 1.1504148571936699
lambdaB min = 0.012254949671879824
----------------------------------
----------------------------------
Iteration = 6
Distance = 0.22959942285116242
v max = 0.15994885791302146
v min = -5.678987449461609
d max = 0.07611111111111112
d min = 0.07611111111111112
dF max = 0.07611111111111112
dB max = 0.07611111111111112
hk max = 0.028052206637124932
hk min = 0.02355700291738553
hz max = 0.038100741843115606
hz min = 0.027884369752798777
lambdaF max = 1.2139541149273627
lambdaF min = 0.012254949671879824
lambdaB max = 1.224194956822075
lambdaB min = 0.012254949671879824
----------------------------------
----------------------------------
Iteration = 7
Distance = 0.17578297096267992
v max = 0.13508802845377027
v min = -5.8547704204242885
d max = 0.07611111111111112
d min = 0.07611111111111112
dF max = 0.07611111111111112
dB max = 0.07611111111111112
hk max = 0.028881494791989055
hk min = 0.02383021372850376
hz max = 0.03998548764962498
hz min = 0.028505303414431124
lambdaF max = 1.2644007351267188
lambdaF min = 0.012254949671879824
lambdaB max = 1.2750671415919792
lambdaB min = 0.012254949671879824
----------------------------------
----------------------------------
Iteration = 8
Distance = 0.1381762848557484
v max = 0.09788533763031525
v min = -5.992946705280037
d max = 0.07611111111111112
d min = 0.07611111111111112
dF max = 0.07611111111111112
dB max = 0.07611111111111112
hk max = 0.029430615427738806
hk min = 0.0239936734138521
hz max = 0.04123348909451078
hz min = 0.028876802699313718
lambdaF max = 1.299128907392985
lambdaF min = 0.012254949671879824
lambdaB max = 1.3102172904463065
lambdaB min = 0.012254949671879824
----------------------------------
----------------------------------
Iteration = 9
Distance = 0.11136353030722468
v max = 0.05437832051505911
v min = -6.104310235587262
d max = 0.07611111111111112
d min = 0.07611111111111112
dF max = 0.07611111111111112
dB max = 0.07611111111111112
hk max = 0.029794461684053697
hk min = 0.024098002641141744
hz max = 0.04206041240431735
hz min = 0.029113914579517456
lambdaF max = 1.3228437562952435
lambdaF min = 0.012254949671879824
lambdaB max = 1.334246053720057
lambdaB min = 0.012254949671879824
----------------------------------
----------------------------------
Iteration = 10
Distance = 0.09182510374544073
v max = 0.00818156742799007
v min = -6.196135339332702
d max = 0.07611111111111112
d min = 0.07611111111111112
dF max = 0.07611111111111112
dB max = 0.07611111111111112
hk max = 0.030035657143394172
hk min = 0.0241680715947825
hz max = 0.04260858390281843
hz min = 0.029273162201428265
lambdaF max = 1.3388671147500117
lambdaF min = 0.012254949671879824
lambdaB max = 1.350449215019481
lambdaB min = 0.012254949671879824
----------------------------------
----------------------------------
Iteration = 11
Distance = 0.07724784172442689
v max = -0.03843373208303282
v min = -6.273383181057129
d max = 0.07611111111111112
d min = 0.07611111111111112
dF max = 0.07611111111111112
dB max = 0.07611111111111112
hk max = 0.030195603957222872
hk min = 0.024216435443855128
hz max = 0.04297209938879275
hz min = 0.02938308004022969
lambdaF max = 1.3495902985751798
lambdaF min = 0.012254949671879824
lambdaB max = 1.3612773831456386
lambdaB min = 0.012254949671879824
----------------------------------
----------------------------------
Iteration = 12
Distance = 0.06609859792487871
v max = -0.08402093805935681
v min = -6.339481778982008
d max = 0.07611111111111112
d min = 0.07611111111111112
dF max = 0.07611111111111112
dB max = 0.07611111111111112
hk max = 0.030301702453693014
hk min = 0.024250096008406708
hz max = 0.04321323233531579
hz min = 0.029459581323301457
lambdaF max = 1.3567204501433348
lambdaF min = 0.012254949671879824
lambdaB max = 1.3684719592783092
lambdaB min = 0.012254949671879824
----------------------------------
----------------------------------
Iteration = 13
Distance = 0.05735376621015398
v max = -0.12767907031404258
v min = -6.396835545192162
d max = 0.07611111111111112
d min = 0.07611111111111112
dF max = 0.07611111111111112
dB max = 0.07611111111111112
hk max = 0.03037209885357135
hk min = 0.024273462299026077
hz max = 0.0433732241532211
hz min = 0.02951268652925457
lambdaF max = 1.3614481711923185
lambdaF min = 0.012254949671879824
lambdaB max = 1.373241499067721
lambdaB min = 0.012254949671879824
----------------------------------
----------------------------------
Iteration = 14
Distance = 0.05032498831039334
v max = -0.1688814561122783
v min = -6.447160533502555
d max = 0.07611111111111112
d min = 0.07611111111111112
dF max = 0.07611111111111112
dB max = 0.07611111111111112
hk max = 0.030418816847684604
hk min = 0.024289548472489236
hz max = 0.04347940141256941
hz min = 0.029549246014398112
lambdaF max = 1.3645829424590912
lambdaF min = 0.012254949671879824
lambdaB max = 1.3764044461386902
lambdaB min = 0.012254949671879824
----------------------------------
----------------------------------
Iteration = 15
Distance = 0.04454568320922814
v max = -0.2073605934641891
v min = -6.491706216711783
d max = 0.07611111111111112
d min = 0.07611111111111112
dF max = 0.07611111111111112
dB max = 0.07611111111111112
hk max = 0.03044982658255523
hk min = 0.024300502347129972
hz max = 0.04354987808272992
hz min = 0.029574141184036146
lambdaF max = 1.3666644016374558
lambdaF min = 0.012254949671879824
lambdaB max = 1.3785050919472532
lambdaB min = 0.012254949671879824
----------------------------------
----------------------------------
Iteration = 16
Distance = 0.03969665847922066
v max = -0.24302626501991662
v min = -6.531402875191004
d max = 0.07611111111111112
d min = 0.07611111111111112
dF max = 0.07611111111111112
dB max = 0.07611111111111112
hk max = 0.030470413029142
hk min = 0.024307881422309077
hz max = 0.04359666546133622
hz min = 0.029590911809443208
lambdaF max = 1.3680484931922379
lambdaF min = 0.012254949671879824
lambdaB max = 1.379902148252921
lambdaB min = 0.012254949671879824
----------------------------------
----------------------------------
Iteration = 17
Distance = 0.03555710266064427
v max = -0.275905432237607
v min = -6.566959977851648
d max = 0.07611111111111112
d min = 0.07611111111111112
dF max = 0.07611111111111112
dB max = 0.07611111111111112
hk max = 0.030484081652267528
hk min = 0.024312811436625194
hz max = 0.04362773051389423
hz min = 0.029602116387434384
lambdaF max = 1.3689695509493813
lambdaF min = 0.012254949671879824
lambdaB max = 1.380831846528563
lambdaB min = 0.012254949671879824
----------------------------------
----------------------------------
Iteration = 18
Distance = 0.03197217967540489
v max = -0.30609832241902224
v min = -6.598932157527053
d max = 0.07611111111111112
d min = 0.07611111111111112
dF max = 0.07611111111111112
dB max = 0.07611111111111112
hk max = 0.030493158179861552
hk min = 0.024316089669001523
hz max = 0.04364835898569884
hz min = 0.029609566915562404
lambdaF max = 1.3695824296628907
lambdaF min = 0.012254949671879824
lambdaB max = 1.3814504213899443
lambdaB min = 0.012254949671879824
----------------------------------
----------------------------------
Iteration = 19
Distance = 0.028831536647255795
v max = -0.3337474256779561
v min = -6.627763694174309
d max = 0.07611111111111112
d min = 0.07611111111111112
dF max = 0.07611111111111112
dB max = 0.07611111111111112
hk max = 0.030499185977768982
hk min = 0.024318266004905456
hz max = 0.04366205852639753
hz min = 0.02961451313352589
lambdaF max = 1.3699900051956666
lambdaF min = 0.012254949671879824
lambdaB max = 1.3818617366110926
lambdaB min = 0.012254949671879824
----------------------------------
----------------------------------
Iteration = 20
Distance = 0.02605501082524686
v max = -0.359016565234058
v min = -6.653818704999556
d max = 0.07611111111111112
d min = 0.07611111111111112
dF max = 0.07611111111111112
dB max = 0.07611111111111112
hk max = 0.03050318943197367
hk min = 0.024319711264989906
hz max = 0.04367115728595365
hz min = 0.029617797815535998
lambdaF max = 1.3702608718215274
lambdaF min = 0.012254949671879824
lambdaB max = 1.3821350638471699
lambdaB min = 0.012254949671879824
----------------------------------
----------------------------------
Iteration = 21
Distance = 0.023583097748758775
v max = -0.38207736650645263
v min = -6.677401802748315
d max = 0.07611111111111112
d min = 0.07611111111111112
dF max = 0.07611111111111112
dB max = 0.07611111111111112
hk max = 0.030505848579021232
hk min = 0.02432067199478704
hz max = 0.04367720080197083
hz min = 0.029619981292347664
lambdaF max = 1.3704408072233116
lambdaF min = 0.012254949671879824
lambdaB max = 1.3823166270064766
lambdaB min = 0.012254949671879824
----------------------------------
----------------------------------
Iteration = 22
Distance = 0.02137057479746396
v max = -0.40310085374725024
v min = -6.698772377545779
d max = 0.07611111111111112
d min = 0.07611111111111112
dF max = 0.07611111111111112
dB max = 0.07611111111111112
hk max = 0.030507614926085672
hk min = 0.0243213111403461
hz max = 0.04368121522711729
hz min = 0.029621433895890985
lambdaF max = 1.3705603244149467
lambdaF min = 0.012254949671879824
lambdaB max = 1.3824372264722113
lambdaB min = 0.012254949671879824
----------------------------------
----------------------------------
Iteration = 23
Distance = 0.019382219616026042
v max = -0.4222524452675397
v min = -6.718154597161805
d max = 0.07611111111111112
d min = 0.07611111111111112
dF max = 0.07611111111111112
dB max = 0.07611111111111112
hk max = 0.030508788286890853
hk min = 0.02432173642376404
hz max = 0.04368388195621997
hz min = 0.029622400449113583
lambdaF max = 1.3706397205510519
lambdaF min = 0.012254949671879824
lambdaB max = 1.3825173440980794
lambdaB min = 0.012254949671879824
----------------------------------
----------------------------------
Iteration = 24
Distance = 0.01758992172795537
v max = -0.4396891336619439
v min = -6.73574451888976
d max = 0.07611111111111112
d min = 0.07611111111111112
dF max = 0.07611111111111112
dB max = 0.07611111111111112
hk max = 0.030509567767456627
hk min = 0.024322019306781933
hz max = 0.04368565350296037
hz min = 0.029623043365063332
lambdaF max = 1.3706924749480531
lambdaF min = 0.012254949671879824
lambdaB max = 1.3825705794691636
lambdaB min = 0.012254949671879824
----------------------------------
----------------------------------
Iteration = 25
Distance = 0.01597072238510755
v max = -0.4555580472433864
v min = -6.7517152412748676
d max = 0.07611111111111112
d min = 0.07611111111111112
dF max = 0.07611111111111112
dB max = 0.07611111111111112
hk max = 0.03051008560567297
hk min = 0.0243222073645351
hz max = 0.04368683040799751
hz min = 0.029623470769047804
lambdaF max = 1.3707275328879152
lambdaF min = 0.012254949671879824
lambdaB max = 1.3826059575360647
lambdaB min = 0.012254949671879824
----------------------------------
----------------------------------
Iteration = 26
Distance = 0.014505474181874867
v max = -0.46999587796834796
v min = -6.766220715456742
d max = 0.07611111111111112
d min = 0.07611111111111112
dF max = 0.07611111111111112
dB max = 0.07611111111111112
hk max = 0.030510429634950757
hk min = 0.024322332323931228
hz max = 0.04368761229271976
hz min = 0.029623754767675366
lambdaF max = 1.3707508318020976
lambdaF min = 0.012254949671879824
lambdaB max = 1.3826294691301433
lambdaB min = 0.012254949671879824
----------------------------------
----------------------------------
Iteration = 27
Distance = 0.013177915550369512
v max = -0.48312884856580623
v min = -6.779398631007112
d max = 0.07611111111111112
d min = 0.07611111111111112
dF max = 0.07611111111111112
dB max = 0.07611111111111112
hk max = 0.030510658198531562
hk min = 0.024322415336566094
hz max = 0.043688131755403405
hz min = 0.02962394343275461
lambdaF max = 1.3707663151767613
lambdaF min = 0.012254949671879824
lambdaB max = 1.3826450936382246
lambdaB min = 0.012254949671879824
----------------------------------
----------------------------------
Iteration = 28
Distance = 0.011974023900394926
v max = -0.4950730084932419
v min = -6.791372654907507
d max = 0.07611111111111112
d min = 0.07611111111111112
dF max = 0.07611111111111112
dB max = 0.07611111111111112
hk max = 0.030510810052852187
hk min = 0.024322470483246424
hz max = 0.04368847687885937
hz min = 0.029624068766118998
lambdaF max = 1.370776603810922
lambdaF min = 0.012254949671879824
lambdaB max = 1.3826554759094947
lambdaB min = 0.012254949671879824
----------------------------------
----------------------------------
Iteration = 29
Distance = 0.010881556704076978
v max = -0.5059347216972098
v min = -6.802254211611584
d max = 0.07611111111111112
d min = 0.07611111111111112
dF max = 0.07611111111111112
dB max = 0.07611111111111112
hk max = 0.030510910944274713
hk min = 0.024322507122968805
hz max = 0.04368870617754693
hz min = 0.029624152038215317
lambdaF max = 1.3707834400319598
lambdaF min = 0.012254949671879824
lambdaB max = 1.3826623742866586
lambdaB min = 0.012254949671879824
----------------------------------
----------------------------------
Iteration = 30
Distance = 0.009889720052163042
v max = -0.5158112565617994
v min = -6.812143931663747
d max = 0.07611111111111112
d min = 0.07611111111111112
dF max = 0.07611111111111112
dB max = 0.07611111111111112
hk max = 0.03051097797702791
hk min = 0.02432253147011628
hz max = 0.04368885852471329
hz min = 0.0296242073726414
lambdaF max = 1.3707879821393187
lambdaF min = 0.012254949671879824
lambdaB max = 1.3826669576830475
lambdaB min = 0.012254949671879824
----------------------------------
----------------------------------
Iteration = 31
Distance = 0.008988924291003286
v max = -0.5247914199561646
v min = -6.82113285595475
d max = 0.07611111111111112
d min = 0.07611111111111112
dF max = 0.07611111111111112
dB max = 0.07611111111111112
hk max = 0.030511022514395848
hk min = 0.024322547650120374
hz max = 0.04368895974600405
hz min = 0.029624244145377978
lambdaF max = 1.37079099999805
lambdaF min = 0.012254949671879824
lambdaB max = 1.3826700029841306
lambdaB min = 0.012254949671879824
----------------------------------
----------------------------------
Iteration = 32
Distance = 0.008170599698800629
v max = -0.5329561985482857
v min = -6.829303455653551
d max = 0.07611111111111112
d min = 0.07611111111111112
dF max = 0.07611111111111112
dB max = 0.07611111111111112
hk max = 0.03051105210581853
hk min = 0.024322558402580415
hz max = 0.04368902699923743
hz min = 0.029624268582787154
lambdaF max = 1.3707930051659598
lambdaF min = 0.012254949671879824
lambdaB max = 1.3826720263948507
lambdaB min = 0.012254949671879824
----------------------------------
----------------------------------
Iteration = 33
Distance = 0.007427054042855374
v max = -0.5403793848272445
v min = -6.836730509696406
d max = 0.07611111111111112
d min = 0.07611111111111112
dF max = 0.07611111111111112
dB max = 0.07611111111111112
hk max = 0.03051107176703069
hk min = 0.024322565547738022
hz max = 0.04368907168381051
hz min = 0.02962428482178172
lambdaF max = 1.3707943375031033
lambdaF min = 0.012254949671879824
lambdaB max = 1.3826733708580203
lambdaB min = 0.012254949671879824
----------------------------------
----------------------------------
Iteration = 34
Distance = 0.006751359775437393
v max = -0.5471281747126815
v min = -6.843481869471844
d max = 0.07611111111111112
d min = 0.07611111111111112
dF max = 0.07611111111111112
dB max = 0.07611111111111112
hk max = 0.030511084830463494
hk min = 0.02432257029546176
hz max = 0.043689101373430524
hz min = 0.02962429561206294
lambdaF max = 1.3707952227906643
lambdaF min = 0.012254949671879824
lambdaB max = 1.3826742642037062
lambdaB min = 0.012254949671879824
----------------------------------
----------------------------------
Iteration = 35
Distance = 0.006137262571493274
v max = -0.5532637297439493
v min = -6.849619132043337
d max = 0.07611111111111112
d min = 0.07611111111111112
dF max = 0.07611111111111112
dB max = 0.07611111111111112
hk max = 0.030511093510197238
hk min = 0.02432257345001404
hz max = 0.04368912110009812
hz min = 0.029624302781499946
lambdaF max = 1.370795811031256
lambdaF min = 0.012254949671879824
lambdaB max = 1.382674857798051
lambdaB min = 0.012254949671879824
----------------------------------
----------------------------------
Iteration = 36
Distance = 0.005579105546473784
v max = -0.5588417007254098
v min = -6.855198237589811
d max = 0.07611111111111112
d min = 0.07611111111111112
dF max = 0.07611111111111112
dB max = 0.07611111111111112
hk max = 0.03051109927729431
hk min = 0.02432257554597473
hz max = 0.04368913420713692
hz min = 0.029624307545046965
lambdaF max = 1.3707962018916968
lambdaF min = 0.012254949671879824
lambdaB max = 1.382675252214976
lambdaB min = 0.012254949671879824
----------------------------------
----------------------------------
Iteration = 37
Distance = 0.005071765256700722
v max = -0.5639127121248974
v min = -6.860270002846511
d max = 0.07611111111111112
d min = 0.07611111111111112
dF max = 0.07611111111111112
dB max = 0.07611111111111112
hk max = 0.030511103109151578
hk min = 0.02432257693859552
hz max = 0.04368914291590344
hz min = 0.029624310710094214
lambdaF max = 1.3707964615983024
lambdaF min = 0.012254949671879824
lambdaB max = 1.3826755142843625
lambdaB min = 0.012254949671879824
----------------------------------
----------------------------------
Iteration = 38
Distance = 0.004610596768626074
v max = -0.5685228079958716
v min = -6.864880599615137
d max = 0.07611111111111112
d min = 0.07611111111111112
dF max = 0.07611111111111112
dB max = 0.07611111111111112
hk max = 0.030511105655177957
hk min = 0.024322577863914813
hz max = 0.04368914870232703
hz min = 0.029624312813092604
lambdaF max = 1.3707966341585103
lambdaF min = 0.012254949671879824
lambdaB max = 1.3826756884142684
lambdaB min = 0.012254949671879824
----------------------------------
----------------------------------
Iteration = 39
Distance = 0.004191385881950005
v max = -0.5727138610586451
v min = -6.869071985497087
d max = 0.07611111111111112
d min = 0.07611111111111112
dF max = 0.07611111111111112
dB max = 0.07611111111111112
hk max = 0.03051110734685277
hk min = 0.024322578478748302
hz max = 0.04368915254704252
hz min = 0.029624314210441444
lambdaF max = 1.3707967488145736
lambdaF min = 0.012254949671879824
lambdaB max = 1.3826758041132847
lambdaB min = 0.012254949671879824
----------------------------------
----------------------------------
Iteration = 40
Distance = 0.003810307130827084
v max = -0.576523947049684
v min = -6.8728822926279145
d max = 0.07611111111111112
d min = 0.07611111111111112
dF max = 0.07611111111111112
dB max = 0.07611111111111112
hk max = 0.03051110847086712
hk min = 0.02432257888728096
hz max = 0.04368915510162059
hz min = 0.029624315138924766
lambdaF max = 1.37079682499671
lambdaF min = 0.012254949671879824
lambdaB max = 1.3826758809885218
lambdaB min = 0.012254949671879824
----------------------------------
----------------------------------
Iteration = 41
Distance = 0.0034638865567240273
v max = -0.5799876866715262
v min = -6.8763461791846385
d max = 0.07611111111111112
d min = 0.07611111111111112
dF max = 0.07611111111111112
dB max = 0.07611111111111112
hk max = 0.03051110921770721
hk min = 0.024322579158733235
hz max = 0.04368915679898442
hz min = 0.02962431575586175
lambdaF max = 1.370796875615519
lambdaF min = 0.012254949671879824
lambdaB max = 1.3826759320678712
lambdaB min = 0.012254949671879824
----------------------------------
----------------------------------
Iteration = 42
Distance = 0.0031489684988930122
v max = -0.5831365575405489
v min = -6.8794951476835315
d max = 0.07611111111111112
d min = 0.07611111111111112
dF max = 0.07611111111111112
dB max = 0.07611111111111112
hk max = 0.030511109713938125
hk min = 0.0243225793391003
hz max = 0.043689157926781956
hz min = 0.029624316165786896
lambdaF max = 1.3707969092490062
lambdaF min = 0.012254949671879824
lambdaB max = 1.3826759660073644
lambdaB min = 0.012254949671879824
----------------------------------
----------------------------------
Iteration = 43
Distance = 0.002862685824958966
v max = -0.5859991784959856
v min = -6.8823578335084905
d max = 0.07611111111111112
d min = 0.07611111111111112
dF max = 0.07611111111111112
dB max = 0.07611111111111112
hk max = 0.030511110043654525
hk min = 0.024322579458944303
hz max = 0.04368915867613741
hz min = 0.029624316438159628
lambdaF max = 1.370796931596683
lambdaF min = 0.012254949671879824
lambdaB max = 1.382675988558386
lambdaB min = 0.012254949671879824
----------------------------------
----------------------------------
Iteration = 44
Distance = 0.0026024331472598305
v max = -0.5886015685411102
v min = -6.88496026665575
d max = 0.07611111111111112
d min = 0.07611111111111112
dF max = 0.07611111111111112
dB max = 0.07611111111111112
hk max = 0.030511110262731785
hk min = 0.024322579538573808
hz max = 0.043689159174040273
hz min = 0.029624316619135775
lambdaF max = 1.370796946445562
lambdaF min = 0.012254949671879824
lambdaB max = 1.382676003542335
lambdaB min = 0.012254949671879824
----------------------------------
----------------------------------
Iteration = 45
Distance = 0.0023658426601107507
v max = -0.5909673825622552
v min = -6.887326109315861
d max = 0.07611111111111112
d min = 0.07611111111111112
dF max = 0.07611111111111112
dB max = 0.07611111111111112
hk max = 0.030511110408295922
hk min = 0.02432257959148289
hz max = 0.04368915950486786
hz min = 0.02962431673938369
lambdaF max = 1.370796956311766
lambdaF min = 0.012254949671879824
lambdaB max = 1.3826760134982896
lambdaB min = 0.012254949671879824
----------------------------------
----------------------------------
Iteration = 46
Distance = 0.0021507622968321982
v max = -0.5931181258300909
v min = -6.889476871612693
d max = 0.07611111111111112
d min = 0.07611111111111112
dF max = 0.07611111111111112
dB max = 0.07611111111111112
hk max = 0.030511110505015003
hk min = 0.024322579626637933
hz max = 0.04368915972468395
hz min = 0.029624316819281515
lambdaF max = 1.3707969628672656
lambdaF min = 0.012254949671879824
lambdaB max = 1.3826760201134363
lambdaB min = 0.012254949671879824
----------------------------------
----------------------------------
Iteration = 47
Distance = 0.0019552359548091758
v max = -0.5950733491411937
v min = -6.8914321075675025
d max = 0.07611111111111112
d min = 0.07611111111111112
dF max = 0.07611111111111112
dB max = 0.07611111111111112
hk max = 0.03051111056927922
hk min = 0.024322579649996595
hz max = 0.043689159870738986
hz min = 0.02962431687236939
lambdaF max = 1.3707969672230575
lambdaF min = 0.012254949671879824
lambdaB max = 1.3826760245088503
lambdaB min = 0.012254949671879824
----------------------------------
----------------------------------
Iteration = 48
Distance = 0.0017774855726209182
v max = -0.5968508263127849
v min = -6.893209593140123
d max = 0.07611111111111112
d min = 0.07611111111111112
dF max = 0.07611111111111112
dB max = 0.07611111111111112
hk max = 0.03051111061197992
hk min = 0.02432257966551725
hz max = 0.04368915996778604
hz min = 0.029624316907643604
lambdaF max = 1.3707969701172247
lambdaF min = 0.012254949671879824
lambdaB max = 1.3826760274293963
lambdaB min = 0.012254949671879824
----------------------------------
----------------------------------
Iteration = 49
Distance = 0.001615894872792012
v max = -0.5984667156035592
v min = -6.894825488012915
d max = 0.07611111111111112
d min = 0.07611111111111112
dF max = 0.07611111111111112
dB max = 0.07611111111111112
hk max = 0.030511110640350874
hk min = 0.024322579675829792
hz max = 0.04368916003226548
hz min = 0.029624316931081193
lambdaF max = 1.3707969720402382
lambdaF min = 0.012254949671879824
lambdaB max = 1.3826760293698674
lambdaB min = 0.012254949671879824
----------------------------------
----------------------------------
Iteration = 50
Distance = 0.0014689946064692094
v max = -0.5999357065010927
v min = -6.896294482619385
d max = 0.07611111111111112
d min = 0.07611111111111112
dF max = 0.07611111111111112
dB max = 0.07611111111111112
hk max = 0.030511110659201958
hk min = 0.024322579682681963
hz max = 0.04368916007510885
hz min = 0.02962431694665432
lambdaF max = 1.370796973317956
lambdaF min = 0.012254949671879824
lambdaB max = 1.3826760306592432
lambdaB min = 0.012254949671879824
----------------------------------
----------------------------------
Iteration = 51
Distance = 0.0013354491555856995
v max = -0.6012711531922957
v min = -6.89762993177497
d max = 0.07611111111111112
d min = 0.07611111111111112
dF max = 0.07611111111111112
dB max = 0.07611111111111112
hk max = 0.030511110671728348
hk min = 0.02432257968723463
hz max = 0.043689160103577915
hz min = 0.029624316957001285
lambdaF max = 1.3707969741669561
lambdaF min = 0.012254949671879824
lambdaB max = 1.382676031515951
lambdaB min = 0.012254949671879824
----------------------------------
----------------------------------
Iteration = 52
Distance = 0.0012140443635368925
v max = -0.6024851959183907
v min = -6.898843976138507
d max = 0.07611111111111112
d min = 0.07611111111111112
dF max = 0.07611111111111112
dB max = 0.07611111111111112
hk max = 0.030511110680050607
hk min = 0.024322579690259992
hz max = 0.04368916012249214
hz min = 0.029624316963877104
lambdaF max = 1.370796974731047
lambdaF min = 0.012254949671879824
lambdaB max = 1.3826760320851796
lambdaB min = 0.012254949671879824
----------------------------------
----------------------------------
Iteration = 53
Distance = 0.0011036764792713427
v max = -0.6035888713096719
v min = -6.8999476526177785
d max = 0.07611111111111112
d min = 0.07611111111111112
dF max = 0.07611111111111112
dB max = 0.07611111111111112
hk max = 0.030511110685579972
hk min = 0.024322579692269926
hz max = 0.043689160135058885
hz min = 0.029624316968445134
lambdaF max = 1.3707969751058795
lambdaF min = 0.012254949671879824
lambdaB max = 1.3826760324634055
lambdaB min = 0.012254949671879824
----------------------------------
----------------------------------
Iteration = 54
Distance = 0.0010033421111277363
v max = -0.6045922126978892
v min = -6.900950994728906
d max = 0.07611111111111112
d min = 0.07611111111111112
dF max = 0.07611111111111112
dB max = 0.07611111111111112
hk max = 0.030511110689254196
hk min = 0.024322579693605566
hz max = 0.043689160143409386
hz min = 0.02962431697148068
lambdaF max = 1.370796975354908
lambdaF min = 0.012254949671879824
lambdaB max = 1.3826760327147376
lambdaB min = 0.012254949671879824
----------------------------------
----------------------------------
Iteration = 55
Distance = 0.0009121290970721674
v max = -0.6055043413146337
v min = -6.901863123825978
d max = 0.07611111111111112
d min = 0.07611111111111112
dF max = 0.07611111111111112
dB max = 0.07611111111111112
hk max = 0.030511110691695664
hk min = 0.024322579694492908
hz max = 0.04368916014895818
hz min = 0.02962431697349737
lambdaF max = 1.3707969755204024
lambdaF min = 0.012254949671879824
lambdaB max = 1.3826760328817151
lambdaB min = 0.012254949671879824
----------------------------------
----------------------------------
Iteration = 56
Distance = 0.0008292082070449069
v max = -0.6063335492025241
v min = -6.902692332033023
d max = 0.07611111111111112
d min = 0.07611111111111112
dF max = 0.07611111111111112
dB max = 0.07611111111111112
hk max = 0.03051111069331776
hk min = 0.024322579695082468
hz max = 0.04368916015264476
hz min = 0.029624316974837278
lambdaF max = 1.3707969756303438
lambdaF min = 0.012254949671879824
lambdaB max = 1.3826760329926764
lambdaB min = 0.012254949671879824
----------------------------------
----------------------------------
Iteration = 57
Distance = 0.0007538256008920996
v max = -0.6070873745913558
v min = -6.9034461576339154
d max = 0.07611111111111112
d min = 0.07611111111111112
dF max = 0.07611111111111112
dB max = 0.07611111111111112
hk max = 0.03051111069439515
hk min = 0.024322579695474234
hz max = 0.04368916015509337
hz min = 0.029624316975727656
lambdaF max = 1.3707969757033651
lambdaF min = 0.012254949671879824
lambdaB max = 1.3826760330663883
lambdaB min = 0.012254949671879824
----------------------------------
----------------------------------
Iteration = 58
Distance = 0.0006852959729819474
v max = -0.6077726704234385
v min = -6.904131453606897
d max = 0.07611111111111112
d min = 0.07611111111111112
dF max = 0.07611111111111112
dB max = 0.07611111111111112
hk max = 0.03051111069511279
hk min = 0.024322579695734564
hz max = 0.04368916015672438
hz min = 0.02962431697631932
lambdaF max = 1.3707969757519305
lambdaF min = 0.012254949671879824
lambdaB max = 1.3826760331153514
lambdaB min = 0.012254949671879824
----------------------------------
----------------------------------
Iteration = 59
Distance = 0.000622996320588598
v max = -0.6083956666504069
v min = -6.904754449927486
d max = 0.07611111111111112
d min = 0.07611111111111112
dF max = 0.07611111111111112
dB max = 0.07611111111111112
hk max = 0.030511110695587214
hk min = 0.02432257969590762
hz max = 0.04368916015780261
hz min = 0.02962431697671262
lambdaF max = 1.370796975784192
lambdaF min = 0.012254949671879824
lambdaB max = 1.382676033147909
lambdaB min = 0.012254949671879824
----------------------------------
----------------------------------
Iteration = 60
Distance = 0.0005663602791594613
v max = -0.6089620268673616
v min = -6.9053208102066455
d max = 0.07611111111111112
d min = 0.07611111111111112
dF max = 0.07611111111111112
dB max = 0.07611111111111112
hk max = 0.030511110695903496
hk min = 0.024322579696022292
hz max = 0.04368916015852143
hz min = 0.029624316976973243
lambdaF max = 1.3707969758056262
lambdaF min = 0.012254949671879824
lambdaB max = 1.382676033169541
lambdaB min = 0.012254949671879824
----------------------------------
----------------------------------
Iteration = 61
Distance = 0.0005148729728903234
v max = -0.6094768997989227
v min = -6.905835683179536
d max = 0.07611111111111112
d min = 0.07611111111111112
dF max = 0.07611111111111112
dB max = 0.07611111111111112
hk max = 0.030511110696114348
hk min = 0.02432257969609905
hz max = 0.043689160159000644
hz min = 0.029624316977147694
lambdaF max = 1.3707969758198846
lambdaF min = 0.012254949671879824
lambdaB max = 1.3826760331838988
lambdaB min = 0.012254949671879824
----------------------------------
----------------------------------
Iteration = 62
Distance = 0.0004680663335765445
v max = -0.6099449661050296
v min = -6.906303749513112
d max = 0.07611111111111112
d min = 0.07611111111111112
dF max = 0.07611111111111112
dB max = 0.07611111111111112
hk max = 0.030511110696254916
hk min = 0.024322579696149337
hz max = 0.04368916015932012
hz min = 0.02962431697726198
lambdaF max = 1.370796975829327
lambdaF min = 0.012254949671879824
lambdaB max = 1.3826760331934398
lambdaB min = 0.012254949671879824
----------------------------------
----------------------------------
Iteration = 63
Distance = 0.0004255148450980073
v max = -0.6103704809318778
v min = -6.90672926435821
d max = 0.07611111111111112
d min = 0.07611111111111112
dF max = 0.07611111111111112
dB max = 0.07611111111111112
hk max = 0.030511110696347397
hk min = 0.024322579696183323
hz max = 0.0436891601595303
hz min = 0.029624316977339225
lambdaF max = 1.370796975835622
lambdaF min = 0.012254949671879824
lambdaB max = 1.3826760331998003
lambdaB min = 0.012254949671879824
----------------------------------
----------------------------------
Iteration = 64
Distance = 0.0003868316749660039
v max = -0.6107573125947199
v min = -6.907116096033176
d max = 0.07611111111111112
d min = 0.07611111111111112
dF max = 0.07611111111111112
dB max = 0.07611111111111112
hk max = 0.03051111069640751
hk min = 0.024322579696205635
hz max = 0.043689160159666916
hz min = 0.02962431697738993
lambdaF max = 1.3707969758398082
lambdaF min = 0.012254949671879824
lambdaB max = 1.382676033203988
lambdaB min = 0.012254949671879824
----------------------------------
----------------------------------
Iteration = 65
Distance = 0.0003516651574688723
v max = -0.6111089777441334
v min = -6.907467761190645
d max = 0.07611111111111112
d min = 0.07611111111111112
dF max = 0.07611111111111112
dB max = 0.07611111111111112
hk max = 0.030511110696449125
hk min = 0.024322579696220547
hz max = 0.0436891601597615
hz min = 0.02962431697742382
lambdaF max = 1.3707969758425465
lambdaF min = 0.012254949671879824
lambdaB max = 1.3826760332067904
lambdaB min = 0.012254949671879824
----------------------------------
----------------------------------
Iteration = 66
Distance = 0.0003196955966480175
v max = -0.6114286733354226
v min = -6.907787456787293
d max = 0.07611111111111112
d min = 0.07611111111111112
dF max = 0.07611111111111112
dB max = 0.07611111111111112
hk max = 0.03051111069647687
hk min = 0.024322579696230487
hz max = 0.043689160159824554
hz min = 0.029624316977446417
lambdaF max = 1.3707969758444036
lambdaF min = 0.012254949671879824
lambdaB max = 1.3826760332086483
lambdaB min = 0.012254949671879824
----------------------------------
----------------------------------
Iteration = 67
Distance = 0.0002906323598796945
v max = -0.611719305691748
v min = -6.908078089147173
d max = 0.07611111111111112
d min = 0.07611111111111112
dF max = 0.07611111111111112
dB max = 0.07611111111111112
hk max = 0.03051111069649444
hk min = 0.02432257969623696
hz max = 0.04368916015986449
hz min = 0.029624316977461127
lambdaF max = 1.3707969758456309
lambdaF min = 0.012254949671879824
lambdaB max = 1.382676033209939
lambdaB min = 0.012254949671879824
----------------------------------
----------------------------------
Iteration = 68
Distance = 0.0002642112357920112
v max = -0.6119835169251758
v min = -6.908342300382965
d max = 0.07611111111111112
d min = 0.07611111111111112
dF max = 0.07611111111111112
dB max = 0.07611111111111112
hk max = 0.03051111069650646
hk min = 0.024322579696241586
hz max = 0.04368916015989181
hz min = 0.029624316977471636
lambdaF max = 1.370796975846449
lambdaF min = 0.012254949671879824
lambdaB max = 1.3826760332107577
lambdaB min = 0.012254949671879824
----------------------------------
----------------------------------
Iteration = 69
Distance = 0.00024019203221925522
v max = -0.6122237089558306
v min = -6.908582492415184
d max = 0.07611111111111112
d min = 0.07611111111111112
dF max = 0.07611111111111112
dB max = 0.07611111111111112
hk max = 0.030511110696514784
hk min = 0.024322579696244247
hz max = 0.04368916015991073
hz min = 0.02962431697747768
lambdaF max = 1.3707969758469527
lambdaF min = 0.012254949671879824
lambdaB max = 1.3826760332111356
lambdaB min = 0.012254949671879824
----------------------------------
----------------------------------
Iteration = 70
Distance = 0.0002183563927280474
v max = -0.6124420653475141
v min = -6.908800848807912
d max = 0.07611111111111112
d min = 0.07611111111111112
dF max = 0.07611111111111112
dB max = 0.07611111111111112
hk max = 0.030511110696520335
hk min = 0.02432257969624621
hz max = 0.04368916015992334
hz min = 0.029624316977482145
lambdaF max = 1.3707969758473304
lambdaF min = 0.012254949671879824
lambdaB max = 1.3826760332115764
lambdaB min = 0.012254949671879824
----------------------------------
----------------------------------
Iteration = 71
Distance = 0.00019850581143288082
v max = -0.6126405711582535
v min = -6.908999354619345
d max = 0.07611111111111112
d min = 0.07611111111111112
dF max = 0.07611111111111112
dB max = 0.07611111111111112
hk max = 0.030511110696523108
hk min = 0.02432257969624748
hz max = 0.043689160159929644
hz min = 0.029624316977485035
lambdaF max = 1.3707969758475822
lambdaF min = 0.012254949671879824
lambdaB max = 1.38267603321186
lambdaB min = 0.012254949671879824
----------------------------------
----------------------------------
Iteration = 72
Distance = 0.00018045982847691988
v max = -0.6128210309862763
v min = -6.909179814447822
d max = 0.07611111111111112
d min = 0.07611111111111112
dF max = 0.07611111111111112
dB max = 0.07611111111111112
hk max = 0.030511110696525883
hk min = 0.024322579696248292
hz max = 0.04368916015993595
hz min = 0.029624316977486874
lambdaF max = 1.3707969758477712
lambdaF min = 0.012254949671879824
lambdaB max = 1.3826760332120487
lambdaB min = 0.012254949671879824
----------------------------------
----------------------------------
Iteration = 73
Distance = 0.00016405438947231232
v max = -0.6129850853754397
v min = -6.909343868837294
d max = 0.07611111111111112
d min = 0.07611111111111112
dF max = 0.07611111111111112
dB max = 0.07611111111111112
hk max = 0.03051111069652681
hk min = 0.024322579696248986
hz max = 0.043689160159938054
hz min = 0.029624316977488453
lambdaF max = 1.370796975847897
lambdaF min = 0.012254949671879824
lambdaB max = 1.3826760332121433
lambdaB min = 0.012254949671879824
----------------------------------
----------------------------------
Iteration = 74
Distance = 0.00014914035402391335
v max = -0.6131342257292572
v min = -6.909493009191318
d max = 0.07611111111111112
d min = 0.07611111111111112
dF max = 0.07611111111111112
dB max = 0.07611111111111112
hk max = 0.030511110696527732
hk min = 0.024322579696249333
hz max = 0.043689160159940156
hz min = 0.02962431697748924
lambdaF max = 1.3707969758479284
lambdaF min = 0.012254949671879824
lambdaB max = 1.382676033212206
lambdaB min = 0.012254949671879824
----------------------------------
----------------------------------
Iteration = 75
Distance = 0.00013558213999242952
v max = -0.6132698078691156
v min = -6.909628591331311
d max = 0.07611111111111112
d min = 0.07611111111111112
dF max = 0.07611111111111112
dB max = 0.07611111111111112
hk max = 0.03051111069652958
hk min = 0.024322579696249447
hz max = 0.04368916015994436
hz min = 0.029624316977489504
lambdaF max = 1.3707969758479601
lambdaF min = 0.012254949671879824
lambdaB max = 1.3826760332122692
lambdaB min = 0.012254949671879824
----------------------------------
----------------------------------
Iteration = 76
Distance = 0.0001232564908928424
v max = -0.6133930643599118
v min = -6.909751847822202
d max = 0.07611111111111112
d min = 0.07611111111111112
dF max = 0.07611111111111112
dB max = 0.07611111111111112
hk max = 0.030511110696530508
hk min = 0.024322579696249562
hz max = 0.043689160159946464
hz min = 0.029624316977489764
lambdaF max = 1.3707969758480232
lambdaF min = 0.012254949671879824
lambdaB max = 1.382676033212301
lambdaB min = 0.012254949671879824
----------------------------------
----------------------------------
Iteration = 77
Distance = 0.00011205135534098076
v max = -0.6135051157151934
v min = -6.909863899177542
d max = 0.07611111111111112
d min = 0.07611111111111112
dF max = 0.07611111111111112
dB max = 0.07611111111111112
hk max = 0.030511110696530508
hk min = 0.02432257969624991
hz max = 0.043689160159946464
hz min = 0.029624316977490555
lambdaF max = 1.3707969758480232
lambdaF min = 0.012254949671879824
lambdaB max = 1.382676033212332
lambdaB min = 0.012254949671879824
----------------------------------
----------------------------------
Iteration = 78
Distance = 0.00010186486848962062
v max = -0.6136069805836406
v min = -6.9099657640460315
d max = 0.07611111111111112
d min = 0.07611111111111112
dF max = 0.07611111111111112
dB max = 0.07611111111111112
hk max = 0.03051111069652958
hk min = 0.02432257969624991
hz max = 0.04368916015994436
hz min = 0.029624316977490555
lambdaF max = 1.3707969758480545
lambdaF min = 0.012254949671879824
lambdaB max = 1.382676033212332
lambdaB min = 0.012254949671879824
----------------------------------
----------------------------------
Iteration = 79
Distance = 9.260442589464901e-5
v max = -0.6136995850095049
v min = -6.9100583684719235
d max = 0.07611111111111112
d min = 0.07611111111111112
dF max = 0.07611111111111112
dB max = 0.07611111111111112
hk max = 0.030511110696530508
hk min = 0.02432257969624991
hz max = 0.043689160159946464
hz min = 0.029624316977490555
lambdaF max = 1.370796975848086
lambdaF min = 0.012254949671879824
lambdaB max = 1.3826760332122692
lambdaB min = 0.012254949671879824
----------------------------------
----------------------------------
Iteration = 80
Distance = 8.418584171465682e-5
v max = -0.6137837708511995
v min = -6.910142554313635
d max = 0.07611111111111112
d min = 0.07611111111111112
dF max = 0.07611111111111112
dB max = 0.07611111111111112
hk max = 0.030511110696530508
hk min = 0.02432257969624991
hz max = 0.043689160159946464
hz min = 0.029624316977490555
lambdaF max = 1.3707969758480545
lambdaF min = 0.012254949671879824
lambdaB max = 1.382676033212301
lambdaB min = 0.012254949671879824
----------------------------------
----------------------------------
Iteration = 81
Distance = 7.65325833755881e-5
v max = -0.6138603034345596
v min = -6.910219086897011
d max = 0.07611111111111112
d min = 0.07611111111111112
dF max = 0.07611111111111112
dB max = 0.07611111111111112
hk max = 0.030511110696530508
hk min = 0.02432257969624991
hz max = 0.043689160159946464
hz min = 0.029624316977490555
lambdaF max = 1.3707969758480545
lambdaF min = 0.012254949671879824
lambdaB max = 1.382676033212332
lambdaB min = 0.012254949671879824
----------------------------------
----------------------------------
Iteration = 82
Distance = 6.957507579485878e-5
v max = -0.6139298785103426
v min = -6.910288661972802
d max = 0.07611111111111112
d min = 0.07611111111111112
dF max = 0.07611111111111112
dB max = 0.07611111111111112
hk max = 0.03051111069653143
hk min = 0.024322579696250027
hz max = 0.04368916015994856
hz min = 0.029624316977490815
lambdaF max = 1.3707969758480545
lambdaF min = 0.012254949671879824
lambdaB max = 1.3826760332123953
lambdaB min = 0.012254949671879824
----------------------------------
----------------------------------
Iteration = 83
Distance = 6.325006890328666e-5
v max = -0.6139931285792377
v min = -6.910351912041701
d max = 0.07611111111111112
d min = 0.07611111111111112
dF max = 0.07611111111111112
dB max = 0.07611111111111112
hk max = 0.030511110696530508
hk min = 0.024322579696249794
hz max = 0.043689160159946464
hz min = 0.02962431697749029
lambdaF max = 1.370796975848086
lambdaF min = 0.012254949671879824
lambdaB max = 1.3826760332123953
lambdaB min = 0.012254949671879824
----------------------------------
----------------------------------
Iteration = 84
Distance = 5.7500062640158944e-5
v max = -0.6140506286418695
v min = -6.910409412104333
d max = 0.07611111111111112
d min = 0.07611111111111112
dF max = 0.07611111111111112
dB max = 0.07611111111111112
hk max = 0.03051111069652958
hk min = 0.024322579696250027
hz max = 0.04368916015994436
hz min = 0.029624316977490815
lambdaF max = 1.370796975848086
lambdaF min = 0.012254949671879824
lambdaB max = 1.3826760332123953
lambdaB min = 0.012254949671879824
----------------------------------
----------------------------------
Iteration = 85
Distance = 5.22727842184878e-5
v max = -0.614102901426081
v min = -6.910461684888551
d max = 0.07611111111111112
d min = 0.07611111111111112
dF max = 0.07611111111111112
dB max = 0.07611111111111112
hk max = 0.030511110696530508
hk min = 0.02432257969624991
hz max = 0.043689160159946464
hz min = 0.029624316977490555
lambdaF max = 1.370796975848086
lambdaF min = 0.012254949671879824
lambdaB max = 1.3826760332123638
lambdaB min = 0.012254949671879824
----------------------------------
----------------------------------
Iteration = 86
Distance = 4.752071293001592e-5
v max = -0.6141504221390041
v min = -6.910509205601477
d max = 0.07611111111111112
d min = 0.07611111111111112
dF max = 0.07611111111111112
dB max = 0.07611111111111112
hk max = 0.030511110696530508
hk min = 0.02432257969625014
hz max = 0.043689160159946464
hz min = 0.02962431697749108
lambdaF max = 1.370796975848086
lambdaF min = 0.012254949671879824
lambdaB max = 1.3826760332123638
lambdaB min = 0.012254949671879824
----------------------------------
----------------------------------
Iteration = 87
Distance = 4.320064811658142e-5
v max = -0.6141936227871156
v min = -6.910552406249583
d max = 0.07611111111111112
d min = 0.07611111111111112
dF max = 0.07611111111111112
dB max = 0.07611111111111112
hk max = 0.03051111069652958
hk min = 0.024322579696249794
hz max = 0.04368916015994436
hz min = 0.02962431697749029
lambdaF max = 1.370796975848086
lambdaF min = 0.012254949671879824
lambdaB max = 1.3826760332123953
lambdaB min = 0.012254949671879824
----------------------------------
----------------------------------
Iteration = 88
Distance = 3.927331646824683e-5
v max = -0.6142328961035821
v min = -6.910591679566046
d max = 0.07611111111111112
d min = 0.07611111111111112
dF max = 0.07611111111111112
dB max = 0.07611111111111112
hk max = 0.03051111069652958
hk min = 0.02432257969625014
hz max = 0.04368916015994436
hz min = 0.02962431697749108
lambdaF max = 1.370796975848086
lambdaF min = 0.012254949671879824
lambdaB max = 1.3826760332123953
lambdaB min = 0.012254949671879824
----------------------------------
----------------------------------
Iteration = 89
Distance = 3.570301497202166e-5
v max = -0.61426859911855
v min = -6.910627382581013
d max = 0.07611111111111112
d min = 0.07611111111111112
dF max = 0.07611111111111112
dB max = 0.07611111111111112
hk max = 0.03051111069652958
hk min = 0.024322579696250027
hz max = 0.04368916015994436
hz min = 0.029624316977490815
lambdaF max = 1.3707969758481173
lambdaF min = 0.012254949671879824
lambdaB max = 1.3826760332124266
lambdaB min = 0.012254949671879824
----------------------------------
----------------------------------
Iteration = 90
Distance = 3.245728633860523e-5
v max = -0.6143010564048831
v min = -6.91065983986735
d max = 0.07611111111111112
d min = 0.07611111111111112
dF max = 0.07611111111111112
dB max = 0.07611111111111112
hk max = 0.03051111069652958
hk min = 0.024322579696250027
hz max = 0.04368916015994436
hz min = 0.029624316977490815
lambdaF max = 1.370796975848086
lambdaF min = 0.012254949671879824
lambdaB max = 1.3826760332123953
lambdaB min = 0.012254949671879824
----------------------------------
----------------------------------
Iteration = 91
Distance = 2.9506623944186572e-5
v max = -0.6143305630288225
v min = -6.910689346491288
d max = 0.07611111111111112
d min = 0.07611111111111112
dF max = 0.07611111111111112
dB max = 0.07611111111111112
hk max = 0.030511110696530508
hk min = 0.02432257969624991
hz max = 0.043689160159946464
hz min = 0.029624316977490555
lambdaF max = 1.370796975848086
lambdaF min = 0.012254949671879824
lambdaB max = 1.3826760332123638
lambdaB min = 0.012254949671879824
----------------------------------
----------------------------------
Iteration = 92
Distance = 2.6824203586350848e-5
v max = -0.6143573872324058
v min = -6.910716170694869
d max = 0.07611111111111112
d min = 0.07611111111111112
dF max = 0.07611111111111112
dB max = 0.07611111111111112
hk max = 0.030511110696530508
hk min = 0.02432257969625014
hz max = 0.043689160159946464
hz min = 0.02962431697749108
lambdaF max = 1.3707969758480545
lambdaF min = 0.012254949671879824
lambdaB max = 1.3826760332123638
lambdaB min = 0.012254949671879824
----------------------------------
----------------------------------
Iteration = 93
Distance = 2.438563962314788e-5
v max = -0.6143817728720263
v min = -6.910740556334488
d max = 0.07611111111111112
d min = 0.07611111111111112
dF max = 0.07611111111111112
dB max = 0.07611111111111112
hk max = 0.030511110696530508
hk min = 0.024322579696250027
hz max = 0.043689160159946464
hz min = 0.029624316977490815
lambdaF max = 1.3707969758480545
lambdaF min = 0.012254949671879824
lambdaB max = 1.3826760332123638
lambdaB min = 0.012254949671879824
----------------------------------
----------------------------------
Iteration = 94
Distance = 2.2168763306851247e-5
v max = -0.6144039416353178
v min = -6.910762725097789
d max = 0.07611111111111112
d min = 0.07611111111111112
dF max = 0.07611111111111112
dB max = 0.07611111111111112
hk max = 0.030511110696530508
hk min = 0.024322579696250027
hz max = 0.043689160159946464
hz min = 0.029624316977490815
lambdaF max = 1.3707969758480545
lambdaF min = 0.012254949671879824
lambdaB max = 1.3826760332123638
lambdaB min = 0.012254949671879824
----------------------------------
----------------------------------
Iteration = 95
Distance = 2.0153421179447406e-5
v max = -0.6144240950564921
v min = -6.910782878518961
d max = 0.07611111111111112
d min = 0.07611111111111112
dF max = 0.07611111111111112
dB max = 0.07611111111111112
hk max = 0.03051111069652958
hk min = 0.024322579696250027
hz max = 0.04368916015994436
hz min = 0.029624316977490815
lambdaF max = 1.3707969758481173
lambdaF min = 0.012254949671879824
lambdaB max = 1.3826760332123953
lambdaB min = 0.012254949671879824
----------------------------------
----------------------------------
Iteration = 96
Distance = 1.8321291979983556e-5
v max = -0.6144424163484683
v min = -6.910801199810928
d max = 0.07611111111111112
d min = 0.07611111111111112
dF max = 0.07611111111111112
dB max = 0.07611111111111112
hk max = 0.030511110696530508
hk min = 0.02432257969625014
hz max = 0.043689160159946464
hz min = 0.02962431697749108
lambdaF max = 1.3707969758480545
lambdaF min = 0.012254949671879824
lambdaB max = 1.382676033212332
lambdaB min = 0.012254949671879824
----------------------------------
----------------------------------
Iteration = 97
Distance = 1.665571998543669e-5
v max = -0.6144590720684452
v min = -6.910817855530906
d max = 0.07611111111111112
d min = 0.07611111111111112
dF max = 0.07611111111111112
dB max = 0.07611111111111112
hk max = 0.030511110696530508
hk min = 0.024322579696250027
hz max = 0.043689160159946464
hz min = 0.029624316977490815
lambdaF max = 1.3707969758480232
lambdaF min = 0.012254949671879824
lambdaB max = 1.382676033212332
lambdaB min = 0.012254949671879824
----------------------------------
----------------------------------
Iteration = 98
Distance = 1.5141563624254673e-5
v max = -0.6144742136320603
v min = -6.91083299709452
d max = 0.07611111111111112
d min = 0.07611111111111112
dF max = 0.07611111111111112
dB max = 0.07611111111111112
hk max = 0.030511110696530508
hk min = 0.024322579696250027
hz max = 0.043689160159946464
hz min = 0.029624316977490815
lambdaF max = 1.370796975848086
lambdaF min = 0.012254949671879824
lambdaB max = 1.3826760332123638
lambdaB min = 0.012254949671879824
----------------------------------
----------------------------------
Iteration = 99
Distance = 1.3765057838455164e-5
v max = -0.6144879786898931
v min = -6.910846762152351
d max = 0.07611111111111112
d min = 0.07611111111111112
dF max = 0.07611111111111112
dB max = 0.07611111111111112
hk max = 0.030511110696530508
hk min = 0.02432257969625014
hz max = 0.043689160159946464
hz min = 0.02962431697749108
lambdaF max = 1.370796975848086
lambdaF min = 0.012254949671879824
lambdaB max = 1.3826760332123638
lambdaB min = 0.012254949671879824
----------------------------------
----------------------------------
Iteration = 100
Distance = 1.2513688957049851e-5
v max = -0.614500492378835
v min = -6.910859275841303
d max = 0.07611111111111112
d min = 0.07611111111111112
dF max = 0.07611111111111112
dB max = 0.07611111111111112
hk max = 0.030511110696530508
hk min = 0.024322579696250027
hz max = 0.043689160159946464
hz min = 0.029624316977490815
lambdaF max = 1.370796975848086
lambdaF min = 0.012254949671879824
lambdaB max = 1.3826760332123953
lambdaB min = 0.012254949671879824
----------------------------------
----------------------------------
Iteration = 101
Distance = 1.1376080859548665e-5
v max = -0.6145118684596896
v min = -6.91087065192216
d max = 0.07611111111111112
d min = 0.07611111111111112
dF max = 0.07611111111111112
dB max = 0.07611111111111112
hk max = 0.03051111069652958
hk min = 0.024322579696250027
hz max = 0.04368916015994436
hz min = 0.029624316977490815
lambdaF max = 1.3707969758481489
lambdaF min = 0.012254949671879824
lambdaB max = 1.3826760332123638
lambdaB min = 0.012254949671879824
----------------------------------
----------------------------------
Iteration = 102
Distance = 1.034189169102362e-5
v max = -0.6145222103513721
v min = -6.910880993813845
d max = 0.07611111111111112
d min = 0.07611111111111112
dF max = 0.07611111111111112
dB max = 0.07611111111111112
hk max = 0.03051111069652958
hk min = 0.02432257969624991
hz max = 0.04368916015994436
hz min = 0.029624316977490555
lambdaF max = 1.3707969758481804
lambdaF min = 0.012254949671879824
lambdaB max = 1.3826760332123638
lambdaB min = 0.012254949671879824
----------------------------------
----------------------------------
Iteration = 103
Distance = 9.401719717416768e-6
v max = -0.6145316120710841
v min = -6.910890395533552
d max = 0.07611111111111112
d min = 0.07611111111111112
dF max = 0.07611111111111112
dB max = 0.07611111111111112
hk max = 0.030511110696530508
hk min = 0.024322579696250027
hz max = 0.043689160159946464
hz min = 0.029624316977490815
lambdaF max = 1.370796975848086
lambdaF min = 0.012254949671879824
lambdaB max = 1.382676033212301
lambdaB min = 0.012254949671879824
----------------------------------
    Value Function Converged, Iteration = 103 with gamma=8.0 with rho=1.0 and v=-3.261958297386227
    Natural boundary condition
=============================================================
Convegence time (minutes): 0.11698137204999999
Current Time = 22:21:33
grid points for z:  401
grid size for z:  0.025
-0.12108388754333496
-0.34525148231799435
--- 8.34657096862793 seconds for the elasticity computation ---
-0.040876349394605216
-0.20083971552495672
--- 0.06369161605834961 seconds for the elasticity computation ---
-0.021262288090220408
-0.14441176679303763
--- 0.06818008422851562 seconds for the elasticity computation ---
-0.19046315562600383
-0.3508954224310714
--- 0.06349539756774902 seconds for the elasticity computation ---
Current Time = 22:21:44
grid points for z:  401
grid size for z:  0.025
rho = 1
0.05937926808266887
--- 8.36279559135437 seconds for the elasticity computation ---
0.0
--- 0.06919574737548828 seconds for the elasticity computation ---
0.05937926808266887
--- 0.0724632740020752 seconds for the elasticity computation ---
0.0
--- 0.06771469116210938 seconds for the elasticity computation ---
0.0
--- 0.06746268272399902 seconds for the elasticity computation ---
0.05937926808266887
0.005643940113077034
--- 0.06729745864868164 seconds for the elasticity computation ---
0.05937926808266887
0.005643940113077034
--- 0.06664299964904785 seconds for the elasticity computation ---
0.05937926808266887
0.005643940113077034
--- 0.06643819808959961 seconds for the elasticity computation ---
0.05937926808266887
0.005643940113077034
--- 0.06641674041748047 seconds for the elasticity computation ---
parsed_args = parse_commandline() = Dict{String, Any}("dataname" => "lower_triangular_four_ambiguous_parameters", "clowerlim" => 0.0001, "delta" => 0.01, "boundary" => 0, "Delta" => 10.0, "q" => 0.05, "zmax" => 5.0, "logadjustment" => 1, "zscale" => 2.0, "foc" => 1, "distorted" => 0, "rho" => 1.0, "gamma" => 8.0)
=============================================================
./output/lower_triangular_four_ambiguous_parameters/Delta_10.0_distorted_0/logadjustment_1_boundary_0/zmax_5.0_zscale_2.0/delta_0.01/q_0.05_gamma_8.0_rho_1.0/
=============================================================
solve for structured linear system 
structured_relative_entropy = 0.0506473661741952
=============================================================
solve for unstructured linear system 
q_update = 0.36547627186974513
=============================================================
parsed_args = parse_commandline() = Dict{String, Any}("dataname" => "lower_triangular_four_ambiguous_parameters", "clowerlim" => 0.0001, "delta" => 0.01, "boundary" => 0, "Delta" => 10.0, "q" => 0.05, "zmax" => 5.0, "logadjustment" => 1, "zscale" => 2.0, "foc" => 1, "distorted" => 0, "rho" => 1.0, "gamma" => 8.0)
=============================================================
./output/lower_triangular_four_ambiguous_parameters/Delta_10.0_distorted_0/logadjustment_1_boundary_0/zmax_5.0_zscale_2.0/delta_0.01/q_0.05_gamma_8.0_rho_1.0/
=============================================================
solve for structured linear system 
structured_relative_entropy = 0.0506473661741952
=============================================================
solve for unstructured linear system 
q_update = 0.36547627186974513
=============================================================
Program ends Fri Jan 19 22:22:25 CST 2024
Elapsed time: 0 days 00 hr 01 min 21 sec
