D_10.0_distorted_0_boundary_0_delta_0.01_gamma_2.0_q_0.1_rho_1.0_lower_triangular_two_ambiguous_parameters
Program starts Fri Jan 19 22:23:04 CST 2024
parsed_args = parse_commandline() = Dict{String, Any}("dataname" => "lower_triangular_two_ambiguous_parameters", "clowerlim" => 0.0001, "delta" => 0.01, "boundary" => 0, "Delta" => 10.0, "q" => 0.1, "zmax" => 5.0, "logadjustment" => 1, "zscale" => 2.0, "foc" => 1, "distorted" => 0, "rho" => 1.0, "gamma" => 2.0)
=============================================================
logadjustment: true
reflective_boundary: false
0.0922
sigma_k: [0.011287880226154068, 0.0]
sigma_z: [0.026030751045638307, 0.05916079783099616]
Compute value function WITH ROBUSTNESS
computing undistorted version...
zmax = 5.0, zmin = -5.0, zlength = 401
natural boundary condition
----------------------------------
Iteration = 1
Distance = 1.222825675299339
v max = -0.8131871210824672
v min = -3.222825675299339
d max = 0.07611111111111112
d min = 0.07611111111111112
dF max = 0.07611111111111112
dB max = 0.07611111111111112
hk max = 0.011287880226154068
hk min = 0.011287880226154068
hz max = 0.0
hz min = 0.0
lambdaF max = Inf
lambdaF min = 0.004177590819662044
lambdaB max = Inf
lambdaB min = 0.004177590819662044
----------------------------------
----------------------------------
Iteration = 2
Distance = 1.0594191526044052
v max = -0.6085462868484675
v min = -4.282244827903744
d max = 0.07611111111111112
d min = 0.07611111111111112
dF max = 0.07611111111111112
dB max = 0.07611111111111112
hk max = 0.01756035035763418
hk min = 0.0175603503576321
hz max = 0.014255613935182078
hz min = 0.014255613935177347
lambdaF max = Inf
lambdaF min = 0.004177590819662044
lambdaB max = Inf
lambdaB min = 0.004177590819662044
----------------------------------
----------------------------------
Iteration = 3
Distance = 0.7695078473789172
v max = -0.5124570987934797
v min = -5.051752675282661
d max = 0.07611111111111112
d min = 0.07611111111111112
dF max = 0.07611111111111112
dB max = 0.07611111111111112
hk max = 0.02298115683707587
hk min = 0.018720430043018856
hz max = 0.026575628661185922
hz min = 0.016892158674692702
lambdaF max = Inf
lambdaF min = 0.004177590819662044
lambdaB max = Inf
lambdaB min = 0.004177590819662044
----------------------------------
----------------------------------
Iteration = 4
Distance = 0.566947094996384
v max = -0.4864599440202117
v min = -5.618699770279045
d max = 0.07611111111111112
d min = 0.07611111111111112
dF max = 0.07611111111111112
dB max = 0.07611111111111112
hk max = 0.026883127793738807
hk min = 0.019312858937825368
hz max = 0.0354437444717835
hz min = 0.01823858798107114
lambdaF max = Inf
lambdaF min = 0.004177590819662044
lambdaB max = Inf
lambdaB min = 0.004177590819662044
----------------------------------
----------------------------------
Iteration = 5
Distance = 0.42612701985161383
v max = -0.4877180728557125
v min = -6.044826790130659
d max = 0.07611111111111112
d min = 0.07611111111111112
dF max = 0.07611111111111112
dB max = 0.07611111111111112
hk max = 0.029720575381293964
hk min = 0.019545077582646547
hz max = 0.04189248898895431
hz min = 0.018766357628392
lambdaF max = Inf
lambdaF min = 0.004177590819662044
lambdaB max = Inf
lambdaB min = 0.004177590819662044
----------------------------------
----------------------------------
Iteration = 6
Distance = 0.3235645742973752
v max = -0.5016344317118482
v min = -6.368391364428034
d max = 0.07611111111111112
d min = 0.07611111111111112
dF max = 0.07611111111111112
dB max = 0.07611111111111112
hk max = 0.03181715319666776
hk min = 0.019650580963579613
hz max = 0.046657438569349306
hz min = 0.019006138039603517
lambdaF max = Inf
lambdaF min = 0.004177590819662044
lambdaB max = Inf
lambdaB min = 0.004177590819662044
----------------------------------
----------------------------------
Iteration = 7
Distance = 0.24755689696026106
v max = -0.5221207919620522
v min = -6.615948261388295
d max = 0.07611111111111112
d min = 0.07611111111111112
dF max = 0.07611111111111112
dB max = 0.07611111111111112
hk max = 0.033374789380514594
hk min = 0.019709811578323723
hz max = 0.05019752080536483
hz min = 0.019140753073112856
lambdaF max = Inf
lambdaF min = 0.004177590819662044
lambdaB max = Inf
lambdaB min = 0.004177590819662044
----------------------------------
----------------------------------
Iteration = 8
Distance = 0.1907530378104294
v max = -0.545866503330347
v min = -6.806701299198725
d max = 0.07611111111111112
d min = 0.07611111111111112
dF max = 0.07611111111111112
dB max = 0.07611111111111112
hk max = 0.034534413198237926
hk min = 0.019747956578025798
hz max = 0.052833029482008784
hz min = 0.019227446254253936
lambdaF max = Inf
lambdaF min = 0.004177590819662044
lambdaB max = Inf
lambdaB min = 0.004177590819662044
----------------------------------
----------------------------------
Iteration = 9
Distance = 0.1480655273519229
v max = -0.5708314355866831
v min = -6.954766826550648
d max = 0.07611111111111112
d min = 0.07611111111111112
dF max = 0.07611111111111112
dB max = 0.07611111111111112
hk max = 0.03539835514466656
hk min = 0.019772660865409474
hz max = 0.05479653390571024
hz min = 0.01928359236194411
lambdaF max = Inf
lambdaF min = 0.004177590819662044
lambdaB max = Inf
lambdaB min = 0.004177590819662044
----------------------------------
----------------------------------
Iteration = 10
Distance = 0.11583989677287132
v max = -0.5958652989385693
v min = -7.070606723323519
d max = 0.07611111111111112
d min = 0.07611111111111112
dF max = 0.07611111111111112
dB max = 0.07611111111111112
hk max = 0.03604204747060962
hk min = 0.019789249213437998
hz max = 0.056259471010126266
hz min = 0.019321293152918025
lambdaF max = Inf
lambdaF min = 0.004177590819662044
lambdaB max = Inf
lambdaB min = 0.004177590819662044
----------------------------------
----------------------------------
Iteration = 11
Distance = 0.091405492813327
v max = -0.6202848388554443
v min = -7.162012216136846
d max = 0.07611111111111112
d min = 0.07611111111111112
dF max = 0.07611111111111112
dB max = 0.07611111111111112
hk max = 0.036521483848426836
hk min = 0.019801037928186938
hz max = 0.057349099141529025
hz min = 0.01934808568643834
lambdaF max = Inf
lambdaF min = 0.004177590819662044
lambdaB max = Inf
lambdaB min = 0.004177590819662044
----------------------------------
----------------------------------
Iteration = 12
Distance = 0.07279284988552082
v max = -0.6436598097428687
v min = -7.234805066022367
d max = 0.07611111111111112
d min = 0.07611111111111112
dF max = 0.07611111111111112
dB max = 0.07611111111111112
hk max = 0.036878376593231135
hk min = 0.01980934471022998
hz max = 0.05816021901608425
hz min = 0.01936696473653616
lambdaF max = Inf
lambdaF min = 0.004177590819662044
lambdaB max = Inf
lambdaB min = 0.004177590819662044
----------------------------------
----------------------------------
Iteration = 13
Distance = 0.05854199364570967
v max = -0.6657562820771975
v min = -7.2933470596680765
d max = 0.07611111111111112
d min = 0.07611111111111112
dF max = 0.07611111111111112
dB max = 0.07611111111111112
hk max = 0.037143855838615535
hk min = 0.0198152501900978
hz max = 0.058763580937412435
hz min = 0.01938038628169031
lambdaF max = Inf
lambdaF min = 0.004177590819662044
lambdaB max = Inf
lambdaB min = 0.004177590819662044
----------------------------------
----------------------------------
Iteration = 14
Distance = 0.047567157396436244
v max = -0.6864579903149494
v min = -7.340914217064513
d max = 0.07611111111111112
d min = 0.07611111111111112
dF max = 0.07611111111111112
dB max = 0.07611111111111112
hk max = 0.03734117334776413
hk min = 0.019819554166325824
hz max = 0.05921202982184106
hz min = 0.0193901680458449
lambdaF max = Inf
lambdaF min = 0.004177590819662044
lambdaB max = Inf
lambdaB min = 0.004177590819662044
----------------------------------
----------------------------------
Iteration = 15
Distance = 0.039059159032264645
v max = -0.7057210912058762
v min = -7.379973376096777
d max = 0.07611111111111112
d min = 0.07611111111111112
dF max = 0.07611111111111112
dB max = 0.07611111111111112
hk max = 0.03748769974019672
hk min = 0.019822650872545484
hz max = 0.059545044350096964
hz min = 0.019397206014525943
lambdaF max = Inf
lambdaF min = 0.004177590819662044
lambdaB max = Inf
lambdaB min = 0.004177590819662044
----------------------------------
----------------------------------
Iteration = 16
Distance = 0.03241402310510466
v max = -0.7235562317335489
v min = -7.412387399201882
d max = 0.07611111111111112
d min = 0.07611111111111112
dF max = 0.07611111111111112
dB max = 0.07611111111111112
hk max = 0.037596409055796254
hk min = 0.01982489852346023
hz max = 0.059792110976459534
hz min = 0.019402314312059465
lambdaF max = Inf
lambdaF min = 0.004177590819662044
lambdaB max = Inf
lambdaB min = 0.004177590819662044
----------------------------------
----------------------------------
Iteration = 17
Distance = 0.027180373603737706
v max = -0.7400053964766417
v min = -7.43956777280562
d max = 0.07611111111111112
d min = 0.07611111111111112
dF max = 0.07611111111111112
dB max = 0.07611111111111112
hk max = 0.03767698647171139
hk min = 0.019826542644941873
hz max = 0.059975241467175734
hz min = 0.019406050951790467
lambdaF max = Inf
lambdaF min = 0.004177590819662044
lambdaB max = Inf
lambdaB min = 0.004177590819662044
----------------------------------
----------------------------------
Iteration = 18
Distance = 0.023020470173498175
v max = -0.7551304957044068
v min = -7.462588242979118
d max = 0.07611111111111112
d min = 0.07611111111111112
dF max = 0.07611111111111112
dB max = 0.07611111111111112
hk max = 0.03773665672751893
hk min = 0.019827733471436265
hz max = 0.06011085568492014
hz min = 0.019408757375641357
lambdaF max = Inf
lambdaF min = 0.004177590819662044
lambdaB max = Inf
lambdaB min = 0.004177590819662044
----------------------------------
----------------------------------
Iteration = 19
Distance = 0.01968126309501006
v max = -0.7690058770787065
v min = -7.482269506074128
d max = 0.07611111111111112
d min = 0.07611111111111112
dF max = 0.07611111111111112
dB max = 0.07611111111111112
hk max = 0.03778080446071533
hk min = 0.01982860531906233
hz max = 0.06021119144218469
hz min = 0.019410738847518778
lambdaF max = Inf
lambdaF min = 0.004177590819662044
lambdaB max = Inf
lambdaB min = 0.004177590819662044
----------------------------------
----------------------------------
Iteration = 20
Distance = 0.01697285349845501
v max = -0.7817111877404519
v min = -7.499242359572583
d max = 0.07611111111111112
d min = 0.07611111111111112
dF max = 0.07611111111111112
dB max = 0.07611111111111112
hk max = 0.03781343897141641
hk min = 0.019829241420418905
hz max = 0.06028536078468716
hz min = 0.019412184532420083
lambdaF max = Inf
lambdaF min = 0.004177590819662044
lambdaB max = Inf
lambdaB min = 0.004177590819662044
----------------------------------
----------------------------------
Iteration = 21
Distance = 0.014752449568490533
v max = -0.7933282098057466
v min = -7.5139948091410735
d max = 0.07611111111111112
d min = 0.07611111111111112
dF max = 0.07611111111111112
dB max = 0.07611111111111112
hk max = 0.03783754243274151
hk min = 0.019829704830013898
hz max = 0.060340141378607826
hz min = 0.019413237736045072
lambdaF max = Inf
lambdaF min = 0.004177590819662044
lambdaB max = Inf
lambdaB min = 0.004177590819662044
----------------------------------
----------------------------------
Iteration = 22
Distance = 0.012912411849824501
v max = -0.8039379300067325
v min = -7.526907220990898
d max = 0.07611111111111112
d min = 0.07611111111111112
dF max = 0.07611111111111112
dB max = 0.07611111111111112
hk max = 0.037855330674775464
hk min = 0.019830044600343953
hz max = 0.06038056920141228
hz min = 0.019414009941340647
lambdaF max = Inf
lambdaF min = 0.004177590819662044
lambdaB max = Inf
lambdaB min = 0.004177590819662044
----------------------------------
----------------------------------
Iteration = 23
Distance = 0.011371345047011872
v max = -0.8136187475246752
v min = -7.53827856603791
d max = 0.07611111111111112
d min = 0.07611111111111112
dF max = 0.07611111111111112
dB max = 0.07611111111111112
hk max = 0.03786844835918882
hk min = 0.01983029206692389
hz max = 0.06041038212053352
hz min = 0.01941457236538596
lambdaF max = Inf
lambdaF min = 0.004177590819662044
lambdaB max = Inf
lambdaB min = 0.004177590819662044
----------------------------------
----------------------------------
Iteration = 24
Distance = 0.010067460898937064
v max = -0.8224455573515278
v min = -7.548346026936847
d max = 0.07611111111111112
d min = 0.07611111111111112
dF max = 0.07611111111111112
dB max = 0.07611111111111112
hk max = 0.03787811491996308
hk min = 0.019830473279007145
hz max = 0.06043235157683869
hz min = 0.019414984211029728
lambdaF max = Inf
lambdaF min = 0.004177590819662044
lambdaB max = Inf
lambdaB min = 0.004177590819662044
----------------------------------
----------------------------------
Iteration = 25
Distance = 0.008953634199287741
v max = -0.8304889703714404
v min = -7.557299661136135
d max = 0.07611111111111112
d min = 0.07611111111111112
dF max = 0.07611111111111112
dB max = 0.07611111111111112
hk max = 0.03788523357555849
hk min = 0.019830605737413704
hz max = 0.06044853033955551
hz min = 0.019415285252862815
lambdaF max = Inf
lambdaF min = 0.004177590819662044
lambdaB max = Inf
lambdaB min = 0.004177590819662044
----------------------------------
----------------------------------
Iteration = 26
Distance = 0.007993720762467404
v max = -0.8378150901694191
v min = -7.565293381898602
d max = 0.07611111111111112
d min = 0.07611111111111112
dF max = 0.07611111111111112
dB max = 0.07611111111111112
hk max = 0.037890472663574634
hk min = 0.019830702443468316
hz max = 0.060460437357774025
hz min = 0.01941550503935057
lambdaF max = Inf
lambdaF min = 0.004177590819662044
lambdaB max = Inf
lambdaB min = 0.004177590819662044
----------------------------------
----------------------------------
Iteration = 27
Distance = 0.007159815498319233
v max = -0.8444853844923605
v min = -7.572453197396921
d max = 0.07611111111111112
d min = 0.07611111111111112
dF max = 0.07611111111111112
dB max = 0.07611111111111112
hk max = 0.03789432625198629
hk min = 0.019830773313656933
hz max = 0.06046919551325506
hz min = 0.019415666107961062
lambdaF max = Inf
lambdaF min = 0.004177590819662044
lambdaB max = Inf
lambdaB min = 0.004177590819662044
----------------------------------
----------------------------------
Iteration = 28
Distance = 0.0064302104250471
v max = -0.8505567326449699
v min = -7.5788834078219685
d max = 0.07611111111111112
d min = 0.07611111111111112
dF max = 0.07611111111111112
dB max = 0.07611111111111112
hk max = 0.03789715925157848
hk min = 0.019830825019072962
hz max = 0.06047563414869186
hz min = 0.01941578362027022
lambdaF max = Inf
lambdaF min = 0.004177590819662044
lambdaB max = Inf
lambdaB min = 0.004177590819662044
----------------------------------
----------------------------------
Iteration = 29
Distance = 0.005787873483928507
v max = -0.8560815882423993
v min = -7.584671281305897
d max = 0.07611111111111112
d min = 0.07611111111111112
dF max = 0.07611111111111112
dB max = 0.07611111111111112
hk max = 0.037899240951478425
hk min = 0.019830862897220275
hz max = 0.060480365284828086
hz min = 0.01941586970696866
lambdaF max = Inf
lambdaF min = 0.004177590819662044
lambdaB max = Inf
lambdaB min = 0.004177590819662044
----------------------------------
----------------------------------
Iteration = 30
Distance = 0.005219314639581363
v max = -0.8611081663236274
v min = -7.589890595945478
d max = 0.07611111111111112
d min = 0.07611111111111112
dF max = 0.07611111111111112
dB max = 0.07611111111111112
hk max = 0.03790076991855704
hk min = 0.01983089057829722
hz max = 0.06048384021000676
hz min = 0.019415932618507162
lambdaF max = Inf
lambdaF min = 0.004177590819662044
lambdaB max = Inf
lambdaB min = 0.004177590819662044
----------------------------------
----------------------------------
Iteration = 31
Distance = 0.00471373983733514
v max = -0.8656806965784805
v min = -7.5946043357828135
d max = 0.07611111111111112
d min = 0.07611111111111112
dF max = 0.07611111111111112
dB max = 0.07611111111111112
hk max = 0.037901892463005765
hk min = 0.019830910819163085
hz max = 0.06048639144739023
hz min = 0.019415978620475043
lambdaF max = Inf
lambdaF min = 0.004177590819662044
lambdaB max = Inf
lambdaB min = 0.004177590819662044
----------------------------------
----------------------------------
Iteration = 32
Distance = 0.004262418839928728
v max = -0.8698396732396338
v min = -7.598866754622742
d max = 0.07611111111111112
d min = 0.07611111111111112
dF max = 0.07611111111111112
dB max = 0.07611111111111112
hk max = 0.0379027163171078
hk min = 0.019830925639754735
hz max = 0.060488263843076685
hz min = 0.01941601230363788
lambdaF max = Inf
lambdaF min = 0.004177590819662044
lambdaB max = Inf
lambdaB min = 0.004177590819662044
----------------------------------
----------------------------------
Iteration = 33
Distance = 0.0038582119514591895
v max = -0.8736221196435667
v min = -7.602724966574201
d max = 0.07611111111111112
d min = 0.07611111111111112
dF max = 0.07611111111111112
dB max = 0.07611111111111112
hk max = 0.037903320757260994
hk min = 0.019830936463502945
hz max = 0.06048963757069757
hz min = 0.01941603690306563
lambdaF max = Inf
lambdaF min = 0.004177590819662044
lambdaB max = Inf
lambdaB min = 0.004177590819662044
----------------------------------
----------------------------------
Iteration = 34
Distance = 0.0034952147842082226
v max = -0.8770618477199627
v min = -7.60622018135841
d max = 0.07611111111111112
d min = 0.07611111111111112
dF max = 0.07611111111111112
dB max = 0.07611111111111112
hk max = 0.037903764086479115
hk min = 0.019830944393739423
hz max = 0.06049064513710239
hz min = 0.019416054926330355
lambdaF max = Inf
lambdaF min = 0.004177590819662044
lambdaB max = Inf
lambdaB min = 0.004177590819662044
----------------------------------
----------------------------------
Iteration = 35
Distance = 0.003168490754319464
v max = -0.8801897071045045
v min = -7.609388672112729
d max = 0.07611111111111112
d min = 0.07611111111111112
dF max = 0.07611111111111112
dB max = 0.07611111111111112
hk max = 0.0379040891604616
hk min = 0.019830950186863087
hz max = 0.06049138394160803
hz min = 0.019416068092520496
lambdaF max = Inf
lambdaF min = 0.004177590819662044
lambdaB max = Inf
lambdaB min = 0.004177590819662044
----------------------------------
----------------------------------
Iteration = 36
Distance = 0.0028738688221698894
v max = -0.8830338258991062
v min = -7.612262540934899
d max = 0.07611111111111112
d min = 0.07611111111111112
dF max = 0.07611111111111112
dB max = 0.07611111111111112
hk max = 0.037904327465162244
hk min = 0.019830954428066025
hz max = 0.06049192554320041
hz min = 0.019416077731618093
lambdaF max = Inf
lambdaF min = 0.004177590819662044
lambdaB max = Inf
lambdaB min = 0.004177590819662044
----------------------------------
----------------------------------
Iteration = 37
Distance = 0.0026077898085246076
v max = -0.8856198347078362
v min = -7.614870330743424
d max = 0.07611111111111112
d min = 0.07611111111111112
dF max = 0.07611111111111112
dB max = 0.07611111111111112
hk max = 0.037904502123085757
hk min = 0.019830957530105386
hz max = 0.06049232249302657
hz min = 0.019416084781707543
lambdaF max = Inf
lambdaF min = 0.004177590819662044
lambdaB max = Inf
lambdaB min = 0.004177590819662044
----------------------------------
----------------------------------
Iteration = 38
Distance = 0.002367188931872377
v max = -0.8879710783431954
v min = -7.617237519675296
d max = 0.07611111111111112
d min = 0.07611111111111112
dF max = 0.07611111111111112
dB max = 0.07611111111111112
hk max = 0.037904630108085646
hk min = 0.01983095979835572
hz max = 0.06049261336802631
hz min = 0.019416089936821944
lambdaF max = Inf
lambdaF min = 0.004177590819662044
lambdaB max = Inf
lambdaB min = 0.004177590819662044
----------------------------------
----------------------------------
Iteration = 39
Distance = 0.0021494054115622774
v max = -0.8901088114282971
v min = -7.619386925086858
d max = 0.07611111111111112
d min = 0.07611111111111112
dF max = 0.07611111111111112
dB max = 0.07611111111111112
hk max = 0.037904723875915466
hk min = 0.019830961459248286
hz max = 0.06049282647673045
hz min = 0.019416093711577775
lambdaF max = Inf
lambdaF min = 0.004177590819662044
lambdaB max = Inf
lambdaB min = 0.004177590819662044
----------------------------------
----------------------------------
Iteration = 40
Distance = 0.0019521123496550885
v max = -0.8920523798717278
v min = -7.621339037436513
d max = 0.07611111111111112
d min = 0.07611111111111112
dF max = 0.07611111111111112
dB max = 0.07611111111111112
hk max = 0.03790479256389996
hk min = 0.019830962672837307
hz max = 0.06049298258578613
hz min = 0.019416096469734634
lambdaF max = Inf
lambdaF min = 0.004177590819662044
lambdaB max = Inf
lambdaB min = 0.004177590819662044
----------------------------------
----------------------------------
Iteration = 41
Distance = 0.00177326185836435
v max = -0.8938193881343157
v min = -7.623112299294878
d max = 0.07611111111111112
d min = 0.07611111111111112
dF max = 0.07611111111111112
dB max = 0.07611111111111112
hk max = 0.037904842873062936
hk min = 0.019830963561767646
hz max = 0.0604930969247929
hz min = 0.01941609849003086
lambdaF max = Inf
lambdaF min = 0.004177590819662044
lambdaB max = Inf
lambdaB min = 0.004177590819662044
----------------------------------
----------------------------------
Iteration = 42
Distance = 0.0016110416975552155
v max = -0.8954258527927935
v min = -7.624723340992433
d max = 0.07611111111111112
d min = 0.07611111111111112
dF max = 0.07611111111111112
dB max = 0.07611111111111112
hk max = 0.037904879716443074
hk min = 0.019830964211401632
hz max = 0.06049318065974776
hz min = 0.01941609996647174
lambdaF max = Inf
lambdaF min = 0.004177590819662044
lambdaB max = Inf
lambdaB min = 0.004177590819662044
----------------------------------
----------------------------------
Iteration = 43
Distance = 0.0014638406459868136
v max = -0.896886343643412
v min = -7.62618718163842
d max = 0.07611111111111112
d min = 0.07611111111111112
dF max = 0.07611111111111112
dB max = 0.07611111111111112
hk max = 0.03790490669531403
hk min = 0.01983096468700793
hz max = 0.06049324197536357
hz min = 0.019416101047395145
lambdaF max = Inf
lambdaF min = 0.004177590819662044
lambdaB max = Inf
lambdaB min = 0.004177590819662044
----------------------------------
----------------------------------
Iteration = 44
Distance = 0.0013302205396845679
v max = -0.8982141126503118
v min = -7.627517402178104
d max = 0.07611111111111112
d min = 0.07611111111111112
dF max = 0.07611111111111112
dB max = 0.07611111111111112
hk max = 0.037904926448876525
hk min = 0.019830965034860083
hz max = 0.06049328686982378
hz min = 0.019416101837968217
lambdaF max = Inf
lambdaF min = 0.004177590819662044
lambdaB max = Inf
lambdaB min = 0.004177590819662044
----------------------------------
----------------------------------
Iteration = 45
Distance = 0.0012088934358320813
v max = -0.8994212120091511
v min = -7.628726295613936
d max = 0.07611111111111112
d min = 0.07611111111111112
dF max = 0.07611111111111112
dB max = 0.07611111111111112
hk max = 0.037904940910904544
hk min = 0.019830965289304975
hz max = 0.06049331973806928
hz min = 0.01941610241625206
lambdaF max = Inf
lambdaF min = 0.004177590819662044
lambdaB max = Inf
lambdaB min = 0.004177590819662044
----------------------------------
----------------------------------
Iteration = 46
Distance = 0.0010987027482913803
v max = -0.9005186018554456
v min = -7.629824998362228
d max = 0.07611111111111112
d min = 0.07611111111111112
dF max = 0.07611111111111112
dB max = 0.07611111111111112
hk max = 0.037904951498059246
hk min = 0.01983096547556404
hz max = 0.06049334379978451
hz min = 0.019416102839568124
lambdaF max = Inf
lambdaF min = 0.004177590819662044
lambdaB max = Inf
lambdaB min = 0.004177590819662044
----------------------------------
----------------------------------
Iteration = 47
Distance = 0.000998607488988057
v max = -0.9015162485899212
v min = -7.630823605851216
d max = 0.07611111111111112
d min = 0.07611111111111112
dF max = 0.07611111111111112
dB max = 0.07611111111111112
hk max = 0.0379049592480223
hk min = 0.019830965611715122
hz max = 0.060493361413336895
hz min = 0.019416103149002398
lambdaF max = Inf
lambdaF min = 0.004177590819662044
lambdaB max = Inf
lambdaB min = 0.004177590819662044
----------------------------------
----------------------------------
Iteration = 48
Distance = 0.0009076689617453226
v max = -0.9024232145091848
v min = -7.631731274812961
d max = 0.07611111111111112
d min = 0.07611111111111112
dF max = 0.07611111111111112
dB max = 0.07611111111111112
hk max = 0.03790496492077054
hk min = 0.01983096571142569
hz max = 0.06049337430594655
hz min = 0.01941610337561733
lambdaF max = Inf
lambdaF min = 0.004177590819662044
lambdaB max = Inf
lambdaB min = 0.004177590819662044
----------------------------------
----------------------------------
Iteration = 49
Distance = 0.0008250394135460581
v max = -0.9032477394723172
v min = -7.632556314226507
d max = 0.07611111111111112
d min = 0.07611111111111112
dF max = 0.07611111111111112
dB max = 0.07611111111111112
hk max = 0.03790496907283544
hk min = 0.019830965784301977
hz max = 0.060493383742457676
hz min = 0.019416103541245247
lambdaF max = Inf
lambdaF min = 0.004177590819662044
lambdaB max = Inf
lambdaB min = 0.004177590819662044
----------------------------------
----------------------------------
Iteration = 50
Distance = 0.0007499522656431168
v max = -0.903997315297974
v min = -7.63330626649215
d max = 0.07611111111111112
d min = 0.07611111111111112
dF max = 0.07611111111111112
dB max = 0.07611111111111112
hk max = 0.037904972111718144
hk min = 0.019830965837665367
hz max = 0.06049339064900927
hz min = 0.01941610366252568
lambdaF max = Inf
lambdaF min = 0.004177590819662044
lambdaB max = Inf
lambdaB min = 0.004177590819662044
----------------------------------
----------------------------------
Iteration = 51
Distance = 0.00068171363451075
v max = -0.9046787534822379
v min = -7.633987980126661
d max = 0.07611111111111112
d min = 0.07611111111111112
dF max = 0.07611111111111112
dB max = 0.07611111111111112
hk max = 0.03790497433577423
hk min = 0.019830965876683752
hz max = 0.060493395703682194
hz min = 0.01941610375120383
lambdaF max = Inf
lambdaF min = 0.004177590819662044
lambdaB max = Inf
lambdaB min = 0.004177590819662044
----------------------------------
----------------------------------
Iteration = 52
Distance = 0.0006196949177663669
v max = -0.9052982468500246
v min = -7.634607675044427
d max = 0.07611111111111112
d min = 0.07611111111111112
dF max = 0.07611111111111112
dB max = 0.07611111111111112
hk max = 0.0379049759634262
hk min = 0.019830965905238047
hz max = 0.060493399402891224
hz min = 0.019416103816099956
lambdaF max = Inf
lambdaF min = 0.004177590819662044
lambdaB max = Inf
lambdaB min = 0.004177590819662044
----------------------------------
----------------------------------
Iteration = 53
Distance = 0.0005633262698916397
v max = -0.9058614256449047
v min = -7.635171001314319
d max = 0.07611111111111112
d min = 0.07611111111111112
dF max = 0.07611111111111112
dB max = 0.07611111111111112
hk max = 0.03790497715456609
hk min = 0.01983096592613097
hz max = 0.06049340211002734
hz min = 0.01941610386358387
lambdaF max = Inf
lambdaF min = 0.004177590819662044
lambdaB max = Inf
lambdaB min = 0.004177590819662044
----------------------------------
----------------------------------
Iteration = 54
Distance = 0.0005120908288605008
v max = -0.9063734085670074
v min = -7.6356830921431795
d max = 0.07611111111111112
d min = 0.07611111111111112
dF max = 0.07611111111111112
dB max = 0.07611111111111112
hk max = 0.03790497802623358
hk min = 0.019830965941410254
hz max = 0.060493404091089796
hz min = 0.01941610389830951
lambdaF max = Inf
lambdaF min = 0.004177590819662044
lambdaB max = Inf
lambdaB min = 0.004177590819662044
----------------------------------
----------------------------------
Iteration = 55
Distance = 0.000465519583408458
v max = -0.9068388491962734
v min = -7.636148611726588
d max = 0.07611111111111112
d min = 0.07611111111111112
dF max = 0.07611111111111112
dB max = 0.07611111111111112
hk max = 0.037904978664099157
hk min = 0.01983096595259684
hz max = 0.060493405540784306
hz min = 0.019416103923733576
lambdaF max = Inf
lambdaF min = 0.004177590819662044
lambdaB max = Inf
lambdaB min = 0.004177590819662044
----------------------------------
----------------------------------
Iteration = 56
Distance = 0.0004231867914503695
v max = -0.9072619782183052
v min = -7.636571798518038
d max = 0.07611111111111112
d min = 0.07611111111111112
dF max = 0.07611111111111112
dB max = 0.07611111111111112
hk max = 0.03790497913086416
hk min = 0.019830965960773904
hz max = 0.06049340660161385
hz min = 0.019416103942317815
lambdaF max = Inf
lambdaF min = 0.004177590819662044
lambdaB max = Inf
lambdaB min = 0.004177590819662044
----------------------------------
----------------------------------
Iteration = 57
Distance = 0.00038470587722905236
v max = -0.9076466418270287
v min = -7.636956504395267
d max = 0.07611111111111112
d min = 0.07611111111111112
dF max = 0.07611111111111112
dB max = 0.07611111111111112
hk max = 0.037904979472415196
hk min = 0.01983096596676255
hz max = 0.060493407377866217
hz min = 0.01941610395592837
lambdaF max = Inf
lambdaF min = 0.004177590819662044
lambdaB max = Inf
lambdaB min = 0.004177590819662044
----------------------------------
----------------------------------
Iteration = 58
Distance = 0.0003497257466458237
v max = -0.9079963366469032
v min = -7.637306230141913
d max = 0.07611111111111112
d min = 0.07611111111111112
dF max = 0.07611111111111112
dB max = 0.07611111111111112
hk max = 0.037904979722340026
hk min = 0.0198309659711395
hz max = 0.06049340794587718
hz min = 0.019416103965875994
lambdaF max = Inf
lambdaF min = 0.004177590819662044
lambdaB max = Inf
lambdaB min = 0.004177590819662044
----------------------------------
----------------------------------
Iteration = 59
Distance = 0.00031792747091063944
v max = -0.9083142414897307
v min = -7.637624157612824
d max = 0.07611111111111112
d min = 0.07611111111111112
dF max = 0.07611111111111112
dB max = 0.07611111111111112
hk max = 0.03790497990521514
hk min = 0.019830965974344972
hz max = 0.060493408361502445
hz min = 0.019416103973161142
lambdaF max = Inf
lambdaF min = 0.004177590819662044
lambdaB max = Inf
lambdaB min = 0.004177590819662044
----------------------------------
----------------------------------
Iteration = 60
Distance = 0.0002890212960746652
v max = -0.9086032462295938
v min = -7.6379131789088985
d max = 0.07611111111111112
d min = 0.07611111111111112
dF max = 0.07611111111111112
dB max = 0.07611111111111112
hk max = 0.037904980039026016
hk min = 0.019830965976688174
hz max = 0.06049340866561808
hz min = 0.01941610397848661
lambdaF max = Inf
lambdaF min = 0.004177590819662044
lambdaB max = Inf
lambdaB min = 0.004177590819662044
----------------------------------
----------------------------------
Iteration = 61
Distance = 0.0002627439420450628
v max = -0.9088659780581174
v min = -7.638175922850944
d max = 0.07611111111111112
d min = 0.07611111111111112
dF max = 0.07611111111111112
dB max = 0.07611111111111112
hk max = 0.03790498013693624
hk min = 0.019830965978403794
hz max = 0.0604934088881413
hz min = 0.01941610398238574
lambdaF max = Inf
lambdaF min = 0.004177590819662044
lambdaB max = Inf
lambdaB min = 0.004177590819662044
----------------------------------
----------------------------------
Iteration = 62
Distance = 0.00023885616036611879
v max = -0.9091048253555122
v min = -7.63841477901131
d max = 0.07611111111111112
d min = 0.07611111111111112
dF max = 0.07611111111111112
dB max = 0.07611111111111112
hk max = 0.037904980208574794
hk min = 0.019830965979658048
hz max = 0.0604934090509562
hz min = 0.019416103985236327
lambdaF max = Inf
lambdaF min = 0.004177590819662044
lambdaB max = Inf
lambdaB min = 0.004177590819662044
----------------------------------
----------------------------------
Iteration = 63
Distance = 0.0002171405234827617
v max = -0.9093219593943573
v min = -7.6386319195347925
d max = 0.07611111111111112
d min = 0.07611111111111112
dF max = 0.07611111111111112
dB max = 0.07611111111111112
hk max = 0.03790498026099327
hk min = 0.019830965980576605
hz max = 0.06049340917008911
hz min = 0.019416103987323952
lambdaF max = Inf
lambdaF min = 0.004177590819662044
lambdaB max = Inf
lambdaB min = 0.004177590819662044
----------------------------------
----------------------------------
Iteration = 64
Distance = 0.0001973994219381936
v max = -0.9095193540717754
v min = -7.638829318956731
d max = 0.07611111111111112
d min = 0.07611111111111112
dF max = 0.07611111111111112
dB max = 0.07611111111111112
hk max = 0.0379049802993465
hk min = 0.019830965981247894
hz max = 0.06049340925725553
hz min = 0.019416103988849607
lambdaF max = Inf
lambdaF min = 0.004177590819662044
lambdaB max = Inf
lambdaB min = 0.004177590819662044
----------------------------------
----------------------------------
Iteration = 65
Distance = 0.00017945324879864444
v max = -0.9096988038492374
v min = -7.639008772205529
d max = 0.07611111111111112
d min = 0.07611111111111112
dF max = 0.07611111111111112
dB max = 0.07611111111111112
hk max = 0.03790498032740949
hk min = 0.019830965981739654
hz max = 0.06049340932103507
hz min = 0.019416103989967244
lambdaF max = Inf
lambdaF min = 0.004177590819662044
lambdaB max = Inf
lambdaB min = 0.004177590819662044
----------------------------------
----------------------------------
Iteration = 66
Distance = 0.00016313875287732316
v max = -0.909861940062309
v min = -7.639171910958407
d max = 0.07611111111111112
d min = 0.07611111111111112
dF max = 0.07611111111111112
dB max = 0.07611111111111112
hk max = 0.03790498034794186
hk min = 0.019830965982098707
hz max = 0.060493409367699535
hz min = 0.019416103990783275
lambdaF max = Inf
lambdaF min = 0.004177590819662044
lambdaB max = Inf
lambdaB min = 0.004177590819662044
----------------------------------
----------------------------------
Iteration = 67
Distance = 0.0001483075443520221
v max = -0.9100102457484098
v min = -7.639320218502759
d max = 0.07611111111111112
d min = 0.07611111111111112
dF max = 0.07611111111111112
dB max = 0.07611111111111112
hk max = 0.037904980362965204
hk min = 0.01983096598236216
hz max = 0.0604934094018435
hz min = 0.01941610399138203
lambdaF max = Inf
lambdaF min = 0.004177590819662044
lambdaB max = Inf
lambdaB min = 0.004177590819662044
----------------------------------
----------------------------------
Iteration = 68
Distance = 0.000134824738282191
v max = -0.9101450691271056
v min = -7.639455043241041
d max = 0.07611111111111112
d min = 0.07611111111111112
dF max = 0.07611111111111112
dB max = 0.07611111111111112
hk max = 0.037904980373957356
hk min = 0.019830965982554287
hz max = 0.06049340942682566
hz min = 0.01941610399181868
lambdaF max = Inf
lambdaF min = 0.004177590819662044
lambdaB max = Inf
lambdaB min = 0.004177590819662044
----------------------------------
----------------------------------
Iteration = 69
Distance = 0.00012256772290353268
v max = -0.9102676358552759
v min = -7.639577610963944
d max = 0.07611111111111112
d min = 0.07611111111111112
dF max = 0.07611111111111112
dB max = 0.07611111111111112
hk max = 0.037904980381999395
hk min = 0.01983096598269543
hz max = 0.060493409445103036
hz min = 0.019416103992139472
lambdaF max = Inf
lambdaF min = 0.004177590819662044
lambdaB max = Inf
lambdaB min = 0.004177590819662044
----------------------------------
----------------------------------
Iteration = 70
Distance = 0.0001114250409530726
v max = -0.9103790601684351
v min = -7.6396890360048975
d max = 0.07611111111111112
d min = 0.07611111111111112
dF max = 0.07611111111111112
dB max = 0.07611111111111112
hk max = 0.03790498038788297
hk min = 0.019830965982798203
hz max = 0.06049340945847477
hz min = 0.019416103992373035
lambdaF max = Inf
lambdaF min = 0.004177590819662044
lambdaB max = Inf
lambdaB min = 0.004177590819662044
----------------------------------
----------------------------------
Iteration = 71
Distance = 0.00010129537347758344
v max = -0.9104803550094297
v min = -7.639790331378375
d max = 0.07611111111111112
d min = 0.07611111111111112
dF max = 0.07611111111111112
dB max = 0.07611111111111112
hk max = 0.03790498039218883
hk min = 0.019830965982873573
hz max = 0.06049340946826082
hz min = 0.019416103992544332
lambdaF max = Inf
lambdaF min = 0.004177590819662044
lambdaB max = Inf
lambdaB min = 0.004177590819662044
----------------------------------
----------------------------------
Iteration = 72
Distance = 9.208661660320416e-5
v max = -0.9105724412364513
v min = -7.639882417994978
d max = 0.07611111111111112
d min = 0.07611111111111112
dF max = 0.07611111111111112
dB max = 0.07611111111111112
hk max = 0.03790498039533868
hk min = 0.019830965982928946
hz max = 0.0604934094754196
hz min = 0.01941610399267018
lambdaF max = Inf
lambdaF min = 0.004177590819662044
lambdaB max = Inf
lambdaB min = 0.004177590819662044
----------------------------------
----------------------------------
Iteration = 73
Distance = 8.371504268112062e-5
v max = -0.9106561559940947
v min = -7.639966133037659
d max = 0.07611111111111112
d min = 0.07611111111111112
dF max = 0.07611111111111112
dB max = 0.07611111111111112
hk max = 0.037904980397642354
hk min = 0.01983096598296894
hz max = 0.060493409480655215
hz min = 0.019416103992761082
lambdaF max = Inf
lambdaF min = 0.004177590819662044
lambdaB max = Inf
lambdaB min = 0.004177590819662044
----------------------------------
----------------------------------
Iteration = 74
Distance = 7.610453792583627e-5
v max = -0.910732260323473
v min = -7.640042237575585
d max = 0.07611111111111112
d min = 0.07611111111111112
dF max = 0.07611111111111112
dB max = 0.07611111111111112
hk max = 0.03790498039932826
hk min = 0.019830965982998883
hz max = 0.06049340948448682
hz min = 0.01941610399282913
lambdaF max = Inf
lambdaF min = 0.004177590819662044
lambdaB max = Inf
lambdaB min = 0.004177590819662044
----------------------------------
----------------------------------
Iteration = 75
Distance = 6.918590967242011e-5
v max = -0.9108014460805617
v min = -7.640111423485258
d max = 0.07611111111111112
d min = 0.07611111111111112
dF max = 0.07611111111111112
dB max = 0.07611111111111112
hk max = 0.03790498040056195
hk min = 0.01983096598302015
hz max = 0.060493409487290636
hz min = 0.01941610399287747
lambdaF max = Inf
lambdaF min = 0.004177590819662044
lambdaB max = Inf
lambdaB min = 0.004177590819662044
----------------------------------
----------------------------------
Iteration = 76
Distance = 6.289625671485055e-5
v max = -0.9108643422256427
v min = -7.6401743197419725
d max = 0.07611111111111112
d min = 0.07611111111111112
dF max = 0.07611111111111112
dB max = 0.07611111111111112
hk max = 0.03790498040146455
hk min = 0.01983096598303622
hz max = 0.06049340948934201
hz min = 0.019416103992913988
lambdaF max = Inf
lambdaF min = 0.004177590819662044
lambdaB max = Inf
lambdaB min = 0.004177590819662044
----------------------------------
----------------------------------
Iteration = 77
Distance = 5.717839705443595e-5
v max = -0.9109215205410177
v min = -7.640231498139027
d max = 0.07611111111111112
d min = 0.07611111111111112
dF max = 0.07611111111111112
dB max = 0.07611111111111112
hk max = 0.03790498040212578
hk min = 0.019830965983047552
hz max = 0.06049340949084481
hz min = 0.019416103992939734
lambdaF max = Inf
lambdaF min = 0.004177590819662044
lambdaB max = Inf
lambdaB min = 0.004177590819662044
----------------------------------
----------------------------------
Iteration = 78
Distance = 5.1980347679503325e-5
v max = -0.9109735008289391
v min = -7.640283478486706
d max = 0.07611111111111112
d min = 0.07611111111111112
dF max = 0.07611111111111112
dB max = 0.07611111111111112
hk max = 0.03790498040260945
hk min = 0.01983096598305622
hz max = 0.06049340949194405
hz min = 0.01941610399295944
lambdaF max = Inf
lambdaF min = 0.004177590819662044
lambdaB max = Inf
lambdaB min = 0.004177590819662044
----------------------------------
----------------------------------
Iteration = 79
Distance = 4.7254851816447285e-5
v max = -0.9110207556370282
v min = -7.640330733338523
d max = 0.07611111111111112
d min = 0.07611111111111112
dF max = 0.07611111111111112
dB max = 0.07611111111111112
hk max = 0.037904980402963646
hk min = 0.019830965983062117
hz max = 0.06049340949274905
hz min = 0.01941610399297284
lambdaF max = Inf
lambdaF min = 0.004177590819662044
lambdaB max = Inf
lambdaB min = 0.004177590819662044
----------------------------------
----------------------------------
Iteration = 80
Distance = 4.295894908601383e-5
v max = -0.9110637145541278
v min = -7.640373692287609
d max = 0.07611111111111112
d min = 0.07611111111111112
dF max = 0.07611111111111112
dB max = 0.07611111111111112
hk max = 0.03790498040322166
hk min = 0.01983096598306697
hz max = 0.060493409493335454
hz min = 0.019416103992983873
lambdaF max = Inf
lambdaF min = 0.004177590819662044
lambdaB max = Inf
lambdaB min = 0.004177590819662044
----------------------------------
----------------------------------
Iteration = 81
Distance = 3.905358487710231e-5
v max = -0.9111027681156034
v min = -7.640412745872486
d max = 0.07611111111111112
d min = 0.07611111111111112
dF max = 0.07611111111111112
dB max = 0.07611111111111112
hk max = 0.037904980403410324
hk min = 0.01983096598306986
hz max = 0.06049340949376423
hz min = 0.01941610399299044
lambdaF max = Inf
lambdaF min = 0.004177590819662044
lambdaB max = Inf
lambdaB min = 0.004177590819662044
----------------------------------
----------------------------------
Iteration = 82
Distance = 3.550325517753805e-5
v max = -0.9111382713536578
v min = -7.6404482491276635
d max = 0.07611111111111112
d min = 0.07611111111111112
dF max = 0.07611111111111112
dB max = 0.07611111111111112
hk max = 0.037904980403548116
hk min = 0.019830965983072983
hz max = 0.060493409494077395
hz min = 0.019416103992997535
lambdaF max = Inf
lambdaF min = 0.004177590819662044
lambdaB max = Inf
lambdaB min = 0.004177590819662044
----------------------------------
----------------------------------
Iteration = 83
Distance = 3.227568374075673e-5
v max = -0.9111705470248699
v min = -7.640480524811404
d max = 0.07611111111111112
d min = 0.07611111111111112
dF max = 0.07611111111111112
dB max = 0.07611111111111112
hk max = 0.037904980403648925
hk min = 0.01983096598307379
hz max = 0.060493409494306496
hz min = 0.019416103992999374
lambdaF max = Inf
lambdaF min = 0.004177590819662044
lambdaB max = Inf
lambdaB min = 0.004177590819662044
----------------------------------
----------------------------------
Iteration = 84
Distance = 2.9341528639648118e-5
v max = -0.9111998885443421
v min = -7.640509866340044
d max = 0.07611111111111112
d min = 0.07611111111111112
dF max = 0.07611111111111112
dB max = 0.07611111111111112
hk max = 0.03790498040372383
hk min = 0.019830965983076217
hz max = 0.06049340949447674
hz min = 0.01941610399300489
lambdaF max = Inf
lambdaF min = 0.004177590819662044
lambdaB max = Inf
lambdaB min = 0.004177590819662044
----------------------------------
----------------------------------
Iteration = 85
Distance = 2.667411545331788e-5
v max = -0.9112265626530863
v min = -7.640536540455497
d max = 0.07611111111111112
d min = 0.07611111111111112
dF max = 0.07611111111111112
dB max = 0.07611111111111112
hk max = 0.03790498040377932
hk min = 0.01983096598307587
hz max = 0.06049340949460285
hz min = 0.019416103993004103
lambdaF max = Inf
lambdaF min = 0.004177590819662044
lambdaB max = Inf
lambdaB min = 0.004177590819662044
----------------------------------
----------------------------------
Iteration = 86
Distance = 2.4249194773950933e-5
v max = -0.9112508118429582
v min = -7.640560789650271
d max = 0.07611111111111112
d min = 0.07611111111111112
dF max = 0.07611111111111112
dB max = 0.07611111111111112
hk max = 0.03790498040382001
hk min = 0.01983096598307795
hz max = 0.06049340949469533
hz min = 0.019416103993008832
lambdaF max = Inf
lambdaF min = 0.004177590819662044
lambdaB max = Inf
lambdaB min = 0.004177590819662044
----------------------------------
----------------------------------
Iteration = 87
Distance = 2.2044721727176864e-5
v max = -0.9112728565610904
v min = -7.640582834371998
d max = 0.07611111111111112
d min = 0.07611111111111112
dF max = 0.07611111111111112
dB max = 0.07611111111111112
hk max = 0.03790498040384868
hk min = 0.01983096598307703
hz max = 0.06049340949476049
hz min = 0.01941610399300673
lambdaF max = Inf
lambdaF min = 0.004177590819662044
lambdaB max = Inf
lambdaB min = 0.004177590819662044
----------------------------------
----------------------------------
Iteration = 88
Distance = 2.004065552796419e-5
v max = -0.911292897213998
v min = -7.640602875027526
d max = 0.07611111111111112
d min = 0.07611111111111112
dF max = 0.07611111111111112
dB max = 0.07611111111111112
hk max = 0.03790498040386994
hk min = 0.019830965983078878
hz max = 0.060493409494808824
hz min = 0.019416103993010934
lambdaF max = Inf
lambdaF min = 0.004177590819662044
lambdaB max = Inf
lambdaB min = 0.004177590819662044
----------------------------------
----------------------------------
Iteration = 89
Distance = 1.821877732854915e-5
v max = -0.9113111159894022
v min = -7.640621093804855
d max = 0.07611111111111112
d min = 0.07611111111111112
dF max = 0.07611111111111112
dB max = 0.07611111111111112
hk max = 0.03790498040388474
hk min = 0.019830965983077722
hz max = 0.06049340949484246
hz min = 0.019416103993008308
lambdaF max = Inf
lambdaF min = 0.004177590819662044
lambdaB max = Inf
lambdaB min = 0.004177590819662044
----------------------------------
----------------------------------
Iteration = 90
Distance = 1.6562524531416045e-5
v max = -0.9113276785125323
v min = -7.640637656329386
d max = 0.07611111111111112
d min = 0.07611111111111112
dF max = 0.07611111111111112
dB max = 0.07611111111111112
hk max = 0.03790498040389584
hk min = 0.01983096598307911
hz max = 0.06049340949486768
hz min = 0.019416103993011462
lambdaF max = Inf
lambdaF min = 0.004177590819662044
lambdaB max = Inf
lambdaB min = 0.004177590819662044
----------------------------------
----------------------------------
Iteration = 91
Distance = 1.5056840258154125e-5
v max = -0.9113427353517572
v min = -7.6406527131696444
d max = 0.07611111111111112
d min = 0.07611111111111112
dF max = 0.07611111111111112
dB max = 0.07611111111111112
hk max = 0.037904980403904165
hk min = 0.0198309659830783
hz max = 0.060493409494886595
hz min = 0.01941610399300962
lambdaF max = Inf
lambdaF min = 0.004177590819662044
lambdaB max = Inf
lambdaB min = 0.004177590819662044
----------------------------------
----------------------------------
Iteration = 92
Distance = 1.368803643231331e-5
v max = -0.9113564233874352
v min = -7.640666401206077
d max = 0.07611111111111112
d min = 0.07611111111111112
dF max = 0.07611111111111112
dB max = 0.07611111111111112
hk max = 0.037904980403909716
hk min = 0.01983096598307934
hz max = 0.0604934094948992
hz min = 0.019416103993011986
lambdaF max = Inf
lambdaF min = 0.004177590819662044
lambdaB max = Inf
lambdaB min = 0.004177590819662044
----------------------------------
----------------------------------
Iteration = 93
Distance = 1.2443669359818443e-5
v max = -0.9113688670562401
v min = -7.640678844875437
d max = 0.07611111111111112
d min = 0.07611111111111112
dF max = 0.07611111111111112
dB max = 0.07611111111111112
hk max = 0.03790498040391527
hk min = 0.01983096598307853
hz max = 0.06049340949491182
hz min = 0.019416103993010147
lambdaF max = Inf
lambdaF min = 0.004177590819662044
lambdaB max = Inf
lambdaB min = 0.004177590819662044
----------------------------------
----------------------------------
Iteration = 94
Distance = 1.131242659457854e-5
v max = -0.9113801794824379
v min = -7.640690157302031
d max = 0.07611111111111112
d min = 0.07611111111111112
dF max = 0.07611111111111112
dB max = 0.07611111111111112
hk max = 0.03790498040391896
hk min = 0.01983096598307957
hz max = 0.06049340949492022
hz min = 0.01941610399301251
lambdaF max = Inf
lambdaF min = 0.004177590819662044
lambdaB max = Inf
lambdaB min = 0.004177590819662044
----------------------------------
----------------------------------
Iteration = 95
Distance = 1.0284024113182966e-5
v max = -0.9113904635062572
v min = -7.640700441326144
d max = 0.07611111111111112
d min = 0.07611111111111112
dF max = 0.07611111111111112
dB max = 0.07611111111111112
hk max = 0.03790498040392081
hk min = 0.01983096598307853
hz max = 0.060493409494924426
hz min = 0.019416103993010147
lambdaF max = Inf
lambdaF min = 0.004177590819662044
lambdaB max = Inf
lambdaB min = 0.004177590819662044
----------------------------------
----------------------------------
Iteration = 96
Distance = 9.349112788825664e-6
v max = -0.9113998126188291
v min = -7.640709790438933
d max = 0.07611111111111112
d min = 0.07611111111111112
dF max = 0.07611111111111112
dB max = 0.07611111111111112
hk max = 0.037904980403921734
hk min = 0.01983096598307957
hz max = 0.06049340949492653
hz min = 0.01941610399301251
lambdaF max = Inf
lambdaF min = 0.004177590819662044
lambdaB max = Inf
lambdaB min = 0.004177590819662044
----------------------------------
    Value Function Converged, Iteration = 96 with gamma=2.0 with rho=1.0 and v=-2.6814647764665085
    Natural boundary condition
=============================================================
Convegence time (minutes): 0.12048151354999999
Current Time = 22:23:31
grid points for z:  401
grid size for z:  0.025
-0.25683708361235585
-0.5048430477965004
--- 8.834707736968994 seconds for the elasticity computation ---
-0.0004321042763057269
-0.02078567990437583
--- 0.06437468528747559 seconds for the elasticity computation ---
-0.2362604673284166
-0.48405736789212456
--- 0.06423401832580566 seconds for the elasticity computation ---
-0.3262163516950247
-0.5104869879095774
--- 0.06363964080810547 seconds for the elasticity computation ---
Current Time = 22:23:43
grid points for z:  401
grid size for z:  0.025
rho = 1
0.05937926808266887
--- 8.792208194732666 seconds for the elasticity computation ---
0.0
--- 0.06833267211914062 seconds for the elasticity computation ---
0.05937926808266887
--- 0.06818985939025879 seconds for the elasticity computation ---
0.0
--- 0.06839346885681152 seconds for the elasticity computation ---
0.0
--- 0.06827926635742188 seconds for the elasticity computation ---
0.05937926808266887
0.005643940113077034
--- 0.06823158264160156 seconds for the elasticity computation ---
0.05937926808266887
0.005643940113077034
--- 0.07151246070861816 seconds for the elasticity computation ---
0.05937926808266887
0.005643940113077034
--- 0.07183527946472168 seconds for the elasticity computation ---
0.05937926808266887
0.005643940113077034
--- 0.06763005256652832 seconds for the elasticity computation ---
parsed_args = parse_commandline() = Dict{String, Any}("dataname" => "lower_triangular_two_ambiguous_parameters", "clowerlim" => 0.0001, "delta" => 0.01, "boundary" => 0, "Delta" => 10.0, "q" => 0.1, "zmax" => 5.0, "logadjustment" => 1, "zscale" => 2.0, "foc" => 1, "distorted" => 0, "rho" => 1.0, "gamma" => 2.0)
=============================================================
./output/lower_triangular_two_ambiguous_parameters/Delta_10.0_distorted_0/logadjustment_1_boundary_0/zmax_5.0_zscale_2.0/delta_0.01/q_0.1_gamma_2.0_rho_1.0/
=============================================================
solve for structured linear system 
structured_relative_entropy = 0.10247915075642719
=============================================================
solve for unstructured linear system 
q_update = 0.05611346707281719
=============================================================
parsed_args = parse_commandline() = Dict{String, Any}("dataname" => "lower_triangular_two_ambiguous_parameters", "clowerlim" => 0.0001, "delta" => 0.01, "boundary" => 0, "Delta" => 10.0, "q" => 0.1, "zmax" => 5.0, "logadjustment" => 1, "zscale" => 2.0, "foc" => 1, "distorted" => 0, "rho" => 1.0, "gamma" => 2.0)
=============================================================
./output/lower_triangular_two_ambiguous_parameters/Delta_10.0_distorted_0/logadjustment_1_boundary_0/zmax_5.0_zscale_2.0/delta_0.01/q_0.1_gamma_2.0_rho_1.0/
=============================================================
solve for structured linear system 
structured_relative_entropy = 0.10247915075642715
=============================================================
solve for unstructured linear system 
q_update = 0.05611346707281719
=============================================================
Program ends Fri Jan 19 22:24:25 CST 2024
Elapsed time: 0 days 00 hr 01 min 21 sec
