D_10.0_distorted_0_boundary_1_delta_0.02_gamma_1.0_q_0.05_rho_1.0_lower_triangular_four_ambiguous_parameters
Program starts Fri Jan 19 22:21:12 CST 2024
parsed_args = parse_commandline() = Dict{String, Any}("dataname" => "lower_triangular_four_ambiguous_parameters", "clowerlim" => 0.0001, "delta" => 0.02, "boundary" => 1, "Delta" => 10.0, "q" => 0.05, "zmax" => 5.0, "logadjustment" => 1, "zscale" => 2.0, "foc" => 1, "distorted" => 0, "rho" => 1.0, "gamma" => 1.0)
=============================================================
logadjustment: true
reflective_boundary: true
0.109
sigma_k: [0.011287880226154068, 0.0]
sigma_z: [0.026030751045638307, 0.05916079783099616]
Compute value function WITH ROBUSTNESS
computing undistorted version...
zmax = 5.0, zmin = -5.0, zlength = 401
reflective boundary condition
----------------------------------
Iteration = 1
Distance = 1.2089306230774937
v max = -0.9395526961338416
v min = -3.2089306230774937
d max = 0.07672413793103448
d min = 0.07672413793103448
dF max = 0.07672413793103448
dB max = 0.07672413793103448
hk max = 0.011287880226154068
hk min = 0.011287880226154068
hz max = 0.0
hz min = 0.0
lambdaF max = 0.31926946612540325
lambdaF min = 0.012254949671879824
lambdaB max = 0.31926946612540325
lambdaB min = 0.012254949671879824
----------------------------------
----------------------------------
Iteration = 2
Distance = 0.8224679673949731
v max = -0.49367178127460354
v min = -4.031398590472467
d max = 0.07672413793103448
d min = 0.07672413793103448
dF max = 0.07672413793103448
dB max = 0.07672413793103448
hk max = 0.0172039600092557
hk min = 0.015858707778865326
hz max = 0.013445635870685532
hz min = 0.01038824443798013
lambdaF max = 0.6175832665912598
lambdaF min = 0.012254949671879824
lambdaB max = 0.6175832665912885
lambdaB min = 0.012254949671879824
----------------------------------
----------------------------------
Iteration = 3
Distance = 0.5192323629042219
v max = -0.28389725043474906
v min = -4.550630953376689
d max = 0.07672413793103448
d min = 0.07672413793103448
dF max = 0.07672413793103448
dB max = 0.07672413793103448
hk max = 0.0211684390790051
hk min = 0.01813848499009204
hz max = 0.022455815574661434
hz min = 0.015569556281677211
lambdaF max = 0.8277645286331907
lambdaF min = 0.012254949671879824
lambdaB max = 0.8311536138735479
lambdaB min = 0.012254949671879824
----------------------------------
----------------------------------
Iteration = 4
Distance = 0.3322579751371375
v max = -0.19472979295465637
v min = -4.882888928513826
d max = 0.07672413793103448
d min = 0.07672413793103448
dF max = 0.07672413793103448
dB max = 0.07672413793103448
hk max = 0.02360298892135155
hk min = 0.019227099293900325
hz max = 0.027988883398176095
hz min = 0.018043679699423314
lambdaF max = 0.9516394915252228
lambdaF min = 0.012254949671879824
lambdaB max = 0.9572916137937831
lambdaB min = 0.012254949671879824
----------------------------------
----------------------------------
Iteration = 5
Distance = 0.21622602207804675
v max = -0.16490400832288582
v min = -5.099114950591873
d max = 0.07672413793103448
d min = 0.07672413793103448
dF max = 0.07672413793103448
dB max = 0.07672413793103448
hk max = 0.02510469800472057
hk min = 0.019817605546133533
hz max = 0.03140185858765115
hz min = 0.019385739363589696
lambdaF max = 1.023071706210173
lambdaF min = 0.012254949671879824
lambdaB max = 1.0301906519419552
lambdaB min = 0.012254949671879824
----------------------------------
----------------------------------
Iteration = 6
Distance = 0.14294963771322156
v max = -0.16301245811576026
v min = -5.2420645883050945
d max = 0.07672413793103448
d min = 0.07672413793103448
dF max = 0.07672413793103448
dB max = 0.07672413793103448
hk max = 0.026036024160674298
hk min = 0.020111641847993834
hz max = 0.03351850894209144
hz min = 0.020054003685999473
lambdaF max = 1.0641870001035503
lambdaF min = 0.012254949671879824
lambdaB max = 1.0722445752144996
lambdaB min = 0.012254949671879824
----------------------------------
----------------------------------
Iteration = 7
Distance = 0.09616601589501617
v max = -0.17342598613704388
v min = -5.338230604200111
d max = 0.07672413793103448
d min = 0.07672413793103448
dF max = 0.07672413793103448
dB max = 0.07672413793103448
hk max = 0.026614043343742712
hk min = 0.02026478571777232
hz max = 0.03483218890361056
hz min = 0.02040205793549603
lambdaF max = 1.087884598618952
lambdaF min = 0.012254949671879824
lambdaB max = 1.0965281290197675
lambdaB min = 0.012254949671879824
----------------------------------
----------------------------------
Iteration = 8
Distance = 0.06598731872098806
v max = -0.1884581092170497
v min = -5.404217922921099
d max = 0.07672413793103448
d min = 0.07672413793103448
dF max = 0.07672413793103448
dB max = 0.07672413793103448
hk max = 0.026972329153641384
hk min = 0.020344266255938402
hz max = 0.035646474835198456
hz min = 0.02058269552223713
lambdaF max = 1.1015701503874253
lambdaF min = 0.012254949671879824
lambdaB max = 1.110572445078233
lambdaB min = 0.012254949671879824
----------------------------------
----------------------------------
Iteration = 9
Distance = 0.04628655318982666
v max = -0.2044126266767901
v min = -5.450504476110925
d max = 0.07672413793103448
d min = 0.07672413793103448
dF max = 0.07672413793103448
dB max = 0.07672413793103448
hk max = 0.027193872418871383
hk min = 0.020386582928753512
hz max = 0.036149982256175724
hz min = 0.0206788697786351
lambdaF max = 1.1094887947501064
lambdaF min = 0.012254949671879824
lambdaB max = 1.118707773986609
lambdaB min = 0.012254949671879824
----------------------------------
----------------------------------
Iteration = 10
Distance = 0.03323726969738772
v max = -0.21958675028705227
v min = -5.483741745808313
d max = 0.07672413793103448
d min = 0.07672413793103448
dF max = 0.07672413793103448
dB max = 0.07672413793103448
hk max = 0.027330421084664675
hk min = 0.020409443868264866
hz max = 0.03646032013297866
hz min = 0.020730826459342728
lambdaF max = 1.1140782571725842
lambdaF min = 0.012254949671879824
lambdaB max = 1.1234268707534731
lambdaB min = 0.012254949671879824
----------------------------------
----------------------------------
Iteration = 11
Distance = 0.024439948777074783
v max = -0.23327581584496937
v min = -5.508181694585388
d max = 0.07672413793103448
d min = 0.07672413793103448
dF max = 0.07672413793103448
dB max = 0.07672413793103448
hk max = 0.027414279700643637
hk min = 0.020422009965205056
hz max = 0.036650907896567206
hz min = 0.02075938577057043
lambdaF max = 1.1167467313931865
lambdaF min = 0.012254949671879824
lambdaB max = 1.1261675378075364
lambdaB min = 0.012254949671879824
----------------------------------
----------------------------------
Iteration = 12
Distance = 0.01838538461722994
v max = -0.24526989168636834
v min = -5.526567079202618
d max = 0.07672413793103448
d min = 0.07672413793103448
dF max = 0.07672413793103448
dB max = 0.07672413793103448
hk max = 0.02746557435617092
hk min = 0.020429006307124138
hz max = 0.03676748665912921
hz min = 0.020775286547659255
lambdaF max = 1.1183266224391868
lambdaF min = 0.012254949671879824
lambdaB max = 1.1277607567167682
lambdaB min = 0.012254949671879824
----------------------------------
----------------------------------
Iteration = 13
Distance = 0.014121277755050343
v max = -0.2555973617145574
v min = -5.540688356957668
d max = 0.07672413793103448
d min = 0.07672413793103448
dF max = 0.07672413793103448
dB max = 0.07672413793103448
hk max = 0.027496811400782074
hk min = 0.020432943938077937
hz max = 0.03683847994233638
hz min = 0.020784235708917888
lambdaF max = 1.1192457748866171
lambdaF min = 0.012254949671879824
lambdaB max = 1.1286876630774443
lambdaB min = 0.012254949671879824
----------------------------------
----------------------------------
Iteration = 14
Distance = 0.011044046969789001
v max = -0.2643932526646841
v min = -5.551732403927457
d max = 0.07672413793103448
d min = 0.07672413793103448
dF max = 0.07672413793103448
dB max = 0.07672413793103448
hk max = 0.02751575228204393
hk min = 0.02043517853662298
hz max = 0.036881527399749696
hz min = 0.020789314341974802
lambdaF max = 1.1197808584134548
lambdaF min = 0.012254949671879824
lambdaB max = 1.1292272605358475
lambdaB min = 0.012254949671879824
----------------------------------
----------------------------------
Iteration = 15
Distance = 0.008768611321976927
v max = -0.2718319491607909
v min = -5.560501015249434
d max = 0.07672413793103448
d min = 0.07672413793103448
dF max = 0.07672413793103448
dB max = 0.07672413793103448
hk max = 0.027527189004714382
hk min = 0.02043645491121875
hz max = 0.03690751995127345
hz min = 0.020792215193328828
lambdaF max = 1.120092513207731
lambdaF min = 0.012254949671879824
lambdaB max = 1.129541544430709
lambdaB min = 0.012254949671879824
----------------------------------
----------------------------------
Iteration = 16
Distance = 0.007046952168479059
v max = -0.2780935109121374
v min = -5.567547967417913
d max = 0.07672413793103448
d min = 0.07672413793103448
dF max = 0.07672413793103448
dB max = 0.07672413793103448
hk max = 0.027534066854676836
hk min = 0.020437187602399008
hz max = 0.03692315142846084
hz min = 0.020793880400556682
lambdaF max = 1.1202741063509694
lambdaF min = 0.012254949671879824
lambdaB max = 1.1297246694824818
lambdaB min = 0.012254949671879824
----------------------------------
----------------------------------
Iteration = 17
Distance = 0.005717233963452806
v max = -0.2833476673071239
v min = -5.573265201381366
d max = 0.07672413793103448
d min = 0.07672413793103448
dF max = 0.07672413793103448
dB max = 0.07672413793103448
hk max = 0.027538187458763387
hk min = 0.020437609805511674
hz max = 0.03693251643774846
hz min = 0.020794839953085474
lambdaF max = 1.1203799494610627
lambdaF min = 0.012254949671879824
lambdaB max = 1.129831405478511
lambdaB min = 0.012254949671879824
----------------------------------
----------------------------------
Iteration = 18
Distance = 0.004672053367214879
v max = -0.2877470839151393
v min = -5.577937254748581
d max = 0.07672413793103448
d min = 0.07672413793103448
dF max = 0.07672413793103448
dB max = 0.07672413793103448
hk max = 0.027540647557763902
hk min = 0.0204378538058914
hz max = 0.03693810757184054
hz min = 0.020795394499403035
lambdaF max = 1.1204416564923991
lambdaF min = 0.012254949671879824
lambdaB max = 1.1298936330665506
lambdaB min = 0.012254949671879824
----------------------------------
----------------------------------
Iteration = 19
Distance = 0.0038386366199540944
v max = -0.2914254178620743
v min = -5.581775891368535
d max = 0.07672413793103448
d min = 0.07672413793103448
dF max = 0.07672413793103448
dB max = 0.07672413793103448
hk max = 0.027542111637956505
hk min = 0.020437995133475426
hz max = 0.036941435026823725
hz min = 0.020795715698457642
lambdaF max = 1.1204776391235918
lambdaF min = 0.012254949671879824
lambdaB max = 1.1299299192449963
lambdaB min = 0.012254949671879824
----------------------------------
----------------------------------
Iteration = 20
Distance = 0.003166480357808865
v max = -0.2944977552240654
v min = -5.584942371726344
d max = 0.07672413793103448
d min = 0.07672413793103448
dF max = 0.07672413793103448
dB max = 0.07672413793103448
hk max = 0.027542980475600845
hk min = 0.020438077131440135
hz max = 0.0369434096578336
hz min = 0.020795902057468337
lambdaF max = 1.120498624626889
lambdaF min = 0.012254949671879824
lambdaB max = 1.1299510817807026
lambdaB min = 0.012254949671879824
----------------------------------
----------------------------------
Iteration = 21
Distance = 0.00261961745826067
v max = -0.2970621407801242
v min = -5.5875619891846044
d max = 0.07672413793103448
d min = 0.07672413793103448
dF max = 0.07672413793103448
dB max = 0.07672413793103448
hk max = 0.02754349477172597
hk min = 0.0204381247684959
hz max = 0.03694457851266342
hz min = 0.020796010323504165
lambdaF max = 1.1205108651456306
lambdaF min = 0.012254949671879824
lambdaB max = 1.129963425559704
lambdaB min = 0.012254949671879824
----------------------------------
----------------------------------
Iteration = 22
Distance = 0.0021717511540835233
v max = -0.2992015171417234
v min = -5.589733740338688
d max = 0.07672413793103448
d min = 0.07672413793103448
dF max = 0.07672413793103448
dB max = 0.07672413793103448
hk max = 0.02754379852615582
hk min = 0.020438152471125317
hz max = 0.03694526886364036
hz min = 0.02079607328402557
lambdaF max = 1.1205180055524764
lambdaF min = 0.012254949671879824
lambdaB max = 1.1299706262025802
lambdaB min = 0.012254949671879824
----------------------------------
----------------------------------
Iteration = 23
Distance = 0.0018031667774298654
v max = -0.30098572147200503
v min = -5.591536907116118
d max = 0.07672413793103448
d min = 0.07672413793103448
dF max = 0.07672413793103448
dB max = 0.07672413793103448
hk max = 0.027543977583593365
hk min = 0.02043816859357998
hz max = 0.03694567581236204
hz min = 0.020796109925967986
lambdaF max = 1.120522171174607
lambdaF min = 0.012254949671879824
lambdaB max = 1.129974826965642
lambdaB min = 0.012254949671879824
----------------------------------
----------------------------------
Iteration = 24
Distance = 0.001498746558926456
v max = -0.302473368566483
v min = -5.593035653675044
d max = 0.07672413793103448
d min = 0.07672413793103448
dF max = 0.07672413793103448
dB max = 0.07672413793103448
hk max = 0.02754408295871799
hk min = 0.020438177982146866
hz max = 0.03694591530128165
hz min = 0.02079613126362
lambdaF max = 1.1205246014950871
lambdaF min = 0.012254949671879824
lambdaB max = 1.1299772777881556
lambdaB min = 0.012254949671879824
----------------------------------
----------------------------------
Iteration = 25
Distance = 0.001246671472888039
v max = -0.3037135466112734
v min = -5.594282325147932
d max = 0.07672413793103448
d min = 0.07672413793103448
dF max = 0.07672413793103448
dB max = 0.07672413793103448
hk max = 0.02754414488349896
hk min = 0.020438183451893677
hz max = 0.036946056039420215
hz min = 0.020796143694862754
lambdaF max = 1.12052601946943
lambdaF min = 0.012254949671879824
lambdaB max = 1.1299787077244423
lambdaB min = 0.012254949671879824
----------------------------------
----------------------------------
Iteration = 26
Distance = 0.0010375540017797391
v max = -0.30474730354030144
v min = -5.595319879149712
d max = 0.07672413793103448
d min = 0.07672413793103448
dF max = 0.07672413793103448
dB max = 0.07672413793103448
hk max = 0.027544181230190406
hk min = 0.020438186639688116
hz max = 0.03694613864553714
hz min = 0.02079615093985011
lambdaF max = 1.1205268468207874
lambdaF min = 0.012254949671879824
lambdaB max = 1.1299795420552847
lambdaB min = 0.012254949671879824
----------------------------------
----------------------------------
Iteration = 27
Distance = 0.0008638441078421266
v max = -0.30560892812399143
v min = -5.596183723257554
d max = 0.07672413793103448
d min = 0.07672413793103448
dF max = 0.07672413793103448
dB max = 0.07672413793103448
hk max = 0.027544202542063512
hk min = 0.020438188498067028
hz max = 0.03694618708161238
hz min = 0.020796155163438548
lambdaF max = 1.1205273295736815
lambdaF min = 0.012254949671879824
lambdaB max = 1.129980028880652
lambdaB min = 0.012254949671879824
----------------------------------
----------------------------------
Iteration = 28
Distance = 0.0007194110581725255
v max = -0.30632704219629686
v min = -5.596903134315727
d max = 0.07672413793103448
d min = 0.07672413793103448
dF max = 0.07672413793103448
dB max = 0.07672413793103448
hk max = 0.02754421502757984
hk min = 0.020438189581675967
hz max = 0.036946215457785855
hz min = 0.020796157626186144
lambdaF max = 1.1205276112629357
lambdaF min = 0.012254949671879824
lambdaB max = 1.1299803129462196
lambdaB min = 0.012254949671879824
----------------------------------
----------------------------------
Iteration = 29
Distance = 0.0005992406812662665
v max = -0.3069255251745706
v min = -5.597502374996993
d max = 0.07672413793103448
d min = 0.07672413793103448
dF max = 0.07672413793103448
dB max = 0.07672413793103448
hk max = 0.0275442223369691
hk min = 0.020438190213628974
hz max = 0.03694623207003417
hz min = 0.02079615906244297
lambdaF max = 1.120527775633494
lambdaF min = 0.012254949671879824
lambdaB max = 1.1299804787033976
lambdaB min = 0.012254949671879824
----------------------------------
----------------------------------
Iteration = 30
Distance = 0.0004992102147651778
v max = -0.3074242928302173
v min = -5.598001585211758
d max = 0.07672413793103448
d min = 0.07672413793103448
dF max = 0.07672413793103448
dB max = 0.07672413793103448
hk max = 0.027544226613570075
hk min = 0.020438190582228566
hz max = 0.03694624178958184
hz min = 0.020796159900169316
lambdaF max = 1.1205278715480442
lambdaF min = 0.012254949671879824
lambdaB max = 1.1299805754270775
lambdaB min = 0.012254949671879824
----------------------------------
----------------------------------
Iteration = 31
Distance = 0.00041591673329399725
v max = -0.3078399511180552
v min = -5.598417501945052
d max = 0.07672413793103448
d min = 0.07672413793103448
dF max = 0.07672413793103448
dB max = 0.07672413793103448
hk max = 0.027544229114514398
hk min = 0.020438190797244342
hz max = 0.03694624747354621
hz min = 0.02079616038884154
lambdaF max = 1.120527927517322
lambdaF min = 0.012254949671879824
lambdaB max = 1.1299806318685084
lambdaB min = 0.012254949671879824
----------------------------------
----------------------------------
Iteration = 32
Distance = 0.0003465436490106555
v max = -0.308186343861333
v min = -5.598764045594063
d max = 0.07672413793103448
d min = 0.07672413793103448
dF max = 0.07672413793103448
dB max = 0.07672413793103448
hk max = 0.027544230576474
hk min = 0.020438190922680136
hz max = 0.03694625079618167
hz min = 0.020796160673922887
lambdaF max = 1.12052796017758
lambdaF min = 0.012254949671879824
lambdaB max = 1.1299806648042863
lambdaB min = 0.012254949671879824
----------------------------------
----------------------------------
Iteration = 33
Distance = 0.00028875504553926845
v max = -0.30847501080334755
v min = -5.599052800639602
d max = 0.07672413793103448
d min = 0.07672413793103448
dF max = 0.07672413793103448
dB max = 0.07672413793103448
hk max = 0.02754423143079967
hk min = 0.02043819099586172
hz max = 0.03694625273783091
hz min = 0.020796160840244667
lambdaF max = 1.1205279792362612
lambdaF min = 0.012254949671879824
lambdaB max = 1.1299806840237452
lambdaB min = 0.012254949671879824
----------------------------------
----------------------------------
Iteration = 34
Distance = 0.00024061090694793563
v max = -0.3087155702773999
v min = -5.59929341154655
d max = 0.07672413793103448
d min = 0.07672413793103448
dF max = 0.07672413793103448
dB max = 0.07672413793103448
hk max = 0.02754423192990763
hk min = 0.02043819103855924
hz max = 0.03694625387216719
hz min = 0.020796160937284487
lambdaF max = 1.1205279903578924
lambdaF min = 0.012254949671879824
lambdaB max = 1.1299806952391978
lambdaB min = 0.012254949671879824
----------------------------------
----------------------------------
Iteration = 35
Distance = 0.00020049840402958097
v max = -0.3089160386582817
v min = -5.59949390995058
d max = 0.07672413793103448
d min = 0.07672413793103448
dF max = 0.07672413793103448
dB max = 0.07672413793103448
hk max = 0.02754423222142802
hk min = 0.020438191063471972
hz max = 0.03694625453471353
hz min = 0.020796160993904328
lambdaF max = 1.120527996847906
lambdaF min = 0.012254949671879824
lambdaB max = 1.1299807017839607
lambdaB min = 0.012254949671879824
----------------------------------
----------------------------------
Iteration = 36
Distance = 0.00016707576456731488
v max = -0.309083096898341
v min = -5.599660985715147
d max = 0.07672413793103448
d min = 0.07672413793103448
dF max = 0.07672413793103448
dB max = 0.07672413793103448
hk max = 0.027544232391673168
hk min = 0.020438191078008407
hz max = 0.03694625492163432
hz min = 0.02079616102694169
lambdaF max = 1.1205280006351859
lambdaF min = 0.012254949671879824
lambdaB max = 1.1299807056031899
lambdaB min = 0.012254949671879824
----------------------------------
----------------------------------
Iteration = 37
Distance = 0.00013922616150541245
v max = -0.3092223128312763
v min = -5.599800211876652
d max = 0.07672413793103448
d min = 0.07672413793103448
dF max = 0.07672413793103448
dB max = 0.07672413793103448
hk max = 0.027544232491078787
hk min = 0.02043819108649037
hz max = 0.03694625514755618
hz min = 0.020796161046218866
lambdaF max = 1.1205280028452465
lambdaF min = 0.012254949671879824
lambdaB max = 1.1299807078318946
lambdaB min = 0.012254949671879824
----------------------------------
----------------------------------
Iteration = 38
Distance = 0.00011601967499696997
v max = -0.3093383265363789
v min = -5.599916231551649
d max = 0.07672413793103448
d min = 0.07672413793103448
dF max = 0.07672413793103448
dB max = 0.07672413793103448
hk max = 0.02754423254911449
hk min = 0.020438191091439774
hz max = 0.036946255279455505
hz min = 0.02079616105746751
lambdaF max = 1.1205280041349126
lambdaF min = 0.012254949671879824
lambdaB max = 1.1299807091324403
lambdaB min = 0.012254949671879824
----------------------------------
----------------------------------
Iteration = 39
Distance = 9.668182134703329e-5
v max = -0.3094350048735159
v min = -5.600012913372996
d max = 0.07672413793103448
d min = 0.07672413793103448
dF max = 0.07672413793103448
dB max = 0.07672413793103448
hk max = 0.027544232582994464
hk min = 0.020438191094327915
hz max = 0.03694625535645545
hz min = 0.020796161064031475
lambdaF max = 1.1205280048875157
lambdaF min = 0.012254949671879824
lambdaB max = 1.1299807098913923
lambdaB min = 0.012254949671879824
----------------------------------
----------------------------------
Iteration = 40
Distance = 8.056746001905424e-5
v max = -0.30951557030008575
v min = -5.600093480833015
d max = 0.07672413793103448
d min = 0.07672413793103448
dF max = 0.07672413793103448
dB max = 0.07672413793103448
hk max = 0.027544232602771272
hk min = 0.02043819109601307
hz max = 0.03694625540140274
hz min = 0.020796161067861373
lambdaF max = 1.1205280053267157
lambdaF min = 0.012254949671879824
lambdaB max = 1.1299807103342974
lambdaB min = 0.012254949671879824
----------------------------------
----------------------------------
Iteration = 41
Distance = 6.713912718137038e-5
v max = -0.30958270824053946
v min = -5.600160619960197
d max = 0.07672413793103448
d min = 0.07672413793103448
dF max = 0.07672413793103448
dB max = 0.07672413793103448
hk max = 0.027544232614315524
hk min = 0.020438191096996537
hz max = 0.03694625542763968
hz min = 0.020796161070096523
lambdaF max = 1.1205280055830067
lambdaF min = 0.012254949671879824
lambdaB max = 1.1299807105927502
lambdaB min = 0.012254949671879824
----------------------------------
----------------------------------
Iteration = 42
Distance = 5.59490258709161e-5
v max = -0.30963865657384027
v min = -5.600216568986068
d max = 0.07672413793103448
d min = 0.07672413793103448
dF max = 0.07672413793103448
dB max = 0.07672413793103448
hk max = 0.02754423262105268
hk min = 0.020438191097570488
hz max = 0.036946255442951395
hz min = 0.02079616107140096
lambdaF max = 1.1205280057326001
lambdaF min = 0.012254949671879824
lambdaB max = 1.129980710743606
lambdaB min = 0.012254949671879824
----------------------------------
----------------------------------
Iteration = 43
Distance = 4.6624044196974523e-5
v max = -0.30968528021386077
v min = -5.600263193030265
d max = 0.07672413793103448
d min = 0.07672413793103448
dF max = 0.07672413793103448
dB max = 0.07672413793103448
hk max = 0.027544232624985846
hk min = 0.020438191097905324
hz max = 0.03694625545189041
hz min = 0.020796161072161947
lambdaF max = 1.1205280058198865
lambdaF min = 0.012254949671879824
lambdaB max = 1.1299807108316284
lambdaB min = 0.012254949671879824
----------------------------------
----------------------------------
Iteration = 44
Distance = 3.8853286107531915e-5
v max = -0.30972413326409803
v min = -5.600302046316372
d max = 0.07672413793103448
d min = 0.07672413793103448
dF max = 0.07672413793103448
dB max = 0.07672413793103448
hk max = 0.027544232627280268
hk min = 0.020438191098100803
hz max = 0.03694625545710501
hz min = 0.02079616107260622
lambdaF max = 1.1205280058708087
lambdaF min = 0.012254949671879824
lambdaB max = 1.1299807108829802
lambdaB min = 0.012254949671879824
----------------------------------
----------------------------------
Iteration = 45
Distance = 3.237768936603658e-5
v max = -0.309756510815816
v min = -5.600334424005738
d max = 0.07672413793103448
d min = 0.07672413793103448
dF max = 0.07672413793103448
dB max = 0.07672413793103448
hk max = 0.027544232628619377
hk min = 0.02043819109821484
hz max = 0.03694625546014844
hz min = 0.020796161072865398
lambdaF max = 1.120528005900547
lambdaF min = 0.012254949671879824
lambdaB max = 1.1299807109129694
lambdaB min = 0.012254949671879824
----------------------------------
----------------------------------
Iteration = 46
Distance = 2.6981379178003806e-5
v max = -0.30978349211466316
v min = -5.600361405384916
d max = 0.07672413793103448
d min = 0.07672413793103448
dF max = 0.07672413793103448
dB max = 0.07672413793103448
hk max = 0.027544232629400832
hk min = 0.02043819109828137
hz max = 0.03694625546192447
hz min = 0.020796161073016597
lambdaF max = 1.1205280059178735
lambdaF min = 0.012254949671879824
lambdaB max = 1.1299807109304423
lambdaB min = 0.012254949671879824
----------------------------------
----------------------------------
Iteration = 47
Distance = 2.2484465937999687e-5
v max = -0.3098059765337247
v min = -5.600383889850854
d max = 0.07672413793103448
d min = 0.07672413793103448
dF max = 0.07672413793103448
dB max = 0.07672413793103448
hk max = 0.027544232629856755
hk min = 0.020438191098320152
hz max = 0.03694625546296066
hz min = 0.02079616107310474
lambdaF max = 1.1205280059280145
lambdaF min = 0.012254949671879824
lambdaB max = 1.1299807109406688
lambdaB min = 0.012254949671879824
----------------------------------
----------------------------------
Iteration = 48
Distance = 1.873704519894659e-5
v max = -0.3098247135515687
v min = -5.600402626896053
d max = 0.07672413793103448
d min = 0.07672413793103448
dF max = 0.07672413793103448
dB max = 0.07672413793103448
hk max = 0.027544232630124024
hk min = 0.02043819109834287
hz max = 0.036946255463568084
hz min = 0.02079616107315637
lambdaF max = 1.1205280059339249
lambdaF min = 0.012254949671879824
lambdaB max = 1.129980710946629
lambdaB min = 0.012254949671879824
----------------------------------
----------------------------------
Iteration = 49
Distance = 1.561419864515301e-5
v max = -0.3098403277342472
v min = -5.600418241094698
d max = 0.07672413793103448
d min = 0.07672413793103448
dF max = 0.07672413793103448
dB max = 0.07672413793103448
hk max = 0.02754423263027939
hk min = 0.020438191098356102
hz max = 0.03694625546392119
hz min = 0.02079616107318645
lambdaF max = 1.1205280059373466
lambdaF min = 0.012254949671879824
lambdaB max = 1.1299807109500792
lambdaB min = 0.012254949671879824
----------------------------------
----------------------------------
Iteration = 50
Distance = 1.3011828882802945e-5
v max = -0.30985333955381084
v min = -5.600431252923581
d max = 0.07672413793103448
d min = 0.07672413793103448
dF max = 0.07672413793103448
dB max = 0.07672413793103448
hk max = 0.02754423263037002
hk min = 0.02043819109836385
hz max = 0.036946255464127165
hz min = 0.020796161073204054
lambdaF max = 1.1205280059393687
lambdaF min = 0.012254949671879824
lambdaB max = 1.1299807109521187
lambdaB min = 0.012254949671879824
----------------------------------
----------------------------------
Iteration = 51
Distance = 1.084318879751578e-5
v max = -0.309864182737171
v min = -5.600442096112379
d max = 0.07672413793103448
d min = 0.07672413793103448
dF max = 0.07672413793103448
dB max = 0.07672413793103448
hk max = 0.027544232630423656
hk min = 0.0204381910983683
hz max = 0.036946255464249074
hz min = 0.020796161073214168
lambdaF max = 1.1205280059404885
lambdaF min = 0.012254949671879824
lambdaB max = 1.129980710953248
lambdaB min = 0.012254949671879824
----------------------------------
----------------------------------
Iteration = 52
Distance = 9.035989532613087e-6
v max = -0.3098732187235321
v min = -5.600451132101911
d max = 0.07672413793103448
d min = 0.07672413793103448
dF max = 0.07672413793103448
dB max = 0.07672413793103448
hk max = 0.027544232630454177
hk min = 0.020438191098370903
hz max = 0.036946255464318435
hz min = 0.02079616107322008
lambdaF max = 1.120528005941235
lambdaF min = 0.012254949671879824
lambdaB max = 1.1299807109540008
lambdaB min = 0.012254949671879824
----------------------------------
    Value Function Converged, Iteration = 52 with gamma=1.0 with rho=1.0 and v=-2.551167395658207
    Reflective boundary condition
=============================================================
Convegence time (minutes): 0.11297336838333334
Current Time = 22:21:38
grid points for z:  401
grid size for z:  0.025
-0.02121990111689437
-0.14494234815060433
--- 8.631961822509766 seconds for the elasticity computation ---
0.0
0.0
--- 0.06402230262756348 seconds for the elasticity computation ---
-0.02121990111689437
-0.14494234815060433
--- 0.06334161758422852 seconds for the elasticity computation ---
-0.10097961461403526
-0.15058628826368137
--- 0.06341171264648438 seconds for the elasticity computation ---
Current Time = 22:21:49
grid points for z:  401
grid size for z:  0.025
rho = 1
0.05975971349714089
--- 8.645156383514404 seconds for the elasticity computation ---
0.0
--- 0.06813573837280273 seconds for the elasticity computation ---
0.05975971349714089
--- 0.06693434715270996 seconds for the elasticity computation ---
0.0
--- 0.0666971206665039 seconds for the elasticity computation ---
0.0
--- 0.06659531593322754 seconds for the elasticity computation ---
0.05975971349714089
0.005643940113077034
--- 0.06682777404785156 seconds for the elasticity computation ---
0.05975971349714089
0.005643940113077034
--- 0.06716012954711914 seconds for the elasticity computation ---
0.05975971349714089
0.005643940113077034
--- 0.06707477569580078 seconds for the elasticity computation ---
0.05975971349714089
0.005643940113077034
--- 0.06705164909362793 seconds for the elasticity computation ---
parsed_args = parse_commandline() = Dict{String, Any}("dataname" => "lower_triangular_four_ambiguous_parameters", "clowerlim" => 0.0001, "delta" => 0.02, "boundary" => 1, "Delta" => 10.0, "q" => 0.05, "zmax" => 5.0, "logadjustment" => 1, "zscale" => 2.0, "foc" => 1, "distorted" => 0, "rho" => 1.0, "gamma" => 1.0)
=============================================================
./output/lower_triangular_four_ambiguous_parameters/Delta_10.0_distorted_0/logadjustment_1_boundary_1/zmax_5.0_zscale_2.0/delta_0.02/q_0.05_gamma_1.0_rho_1.0/
=============================================================
solve for structured linear system 
structured_relative_entropy = 0.05064730829036432
=============================================================
solve for unstructured linear system 
q_update = 0.0
=============================================================
parsed_args = parse_commandline() = Dict{String, Any}("dataname" => "lower_triangular_four_ambiguous_parameters", "clowerlim" => 0.0001, "delta" => 0.02, "boundary" => 1, "Delta" => 10.0, "q" => 0.05, "zmax" => 5.0, "logadjustment" => 1, "zscale" => 2.0, "foc" => 1, "distorted" => 0, "rho" => 1.0, "gamma" => 1.0)
=============================================================
./output/lower_triangular_four_ambiguous_parameters/Delta_10.0_distorted_0/logadjustment_1_boundary_1/zmax_5.0_zscale_2.0/delta_0.02/q_0.05_gamma_1.0_rho_1.0/
=============================================================
solve for structured linear system 
structured_relative_entropy = 0.0506473082903643
=============================================================
solve for unstructured linear system 
q_update = 0.0
=============================================================
Program ends Fri Jan 19 22:22:31 CST 2024
Elapsed time: 0 days 00 hr 01 min 19 sec
