D_10.0_distorted_0_boundary_1_delta_0.01_gamma_10.0_q_0.05_rho_1.0_lower_triangular_four_ambiguous_parameters
Program starts Fri Jan 19 22:21:04 CST 2024
parsed_args = parse_commandline() = Dict{String, Any}("dataname" => "lower_triangular_four_ambiguous_parameters", "clowerlim" => 0.0001, "delta" => 0.01, "boundary" => 1, "Delta" => 10.0, "q" => 0.05, "zmax" => 5.0, "logadjustment" => 1, "zscale" => 2.0, "foc" => 1, "distorted" => 0, "rho" => 1.0, "gamma" => 10.0)
=============================================================
logadjustment: true
reflective_boundary: true
0.0922
sigma_k: [0.011287880226154068, 0.0]
sigma_z: [0.026030751045638307, 0.05916079783099616]
Compute value function WITH ROBUSTNESS
computing undistorted version...
zmax = 5.0, zmin = -5.0, zlength = 401
reflective boundary condition
----------------------------------
Iteration = 1
Distance = 1.2256814064992048
v max = -0.8195980255189652
v min = -3.2256814064992048
d max = 0.07611111111111112
d min = 0.07611111111111112
dF max = 0.07611111111111112
dB max = 0.07611111111111112
hk max = 0.011287880226154068
hk min = 0.011287880226154068
hz max = 0.0
hz min = 0.0
lambdaF max = 0.31926946612540325
lambdaF min = 0.012254949671879824
lambdaB max = 0.31926946612540325
lambdaB min = 0.012254949671879824
----------------------------------
----------------------------------
Iteration = 2
Distance = 0.888412540423368
v max = -0.2819317564076209
v min = -4.114093946922573
d max = 0.07611111111111112
d min = 0.07611111111111112
dF max = 0.07611111111111112
dB max = 0.07611111111111112
hk max = 0.01756035035763418
hk min = 0.016132803503796735
hz max = 0.014255613935182078
hz min = 0.011011189267369704
lambdaF max = 0.6397427191312006
lambdaF min = 0.012254949671879824
lambdaB max = 0.6397427191311718
lambdaB min = 0.012254949671879824
----------------------------------
----------------------------------
Iteration = 3
Distance = 0.6124019278507582
v max = -0.01737823507597922
v min = -4.726495874773331
d max = 0.07611111111111112
d min = 0.07611111111111112
dF max = 0.07611111111111112
dB max = 0.07611111111111112
hk max = 0.022001771056852658
hk min = 0.018735505041363985
hz max = 0.024349751887951347
hz min = 0.016926420034567995
lambdaF max = 0.8782713885513045
lambdaF min = 0.012254949671879824
lambdaB max = 0.8819576963389459
lambdaB min = 0.012254949671879824
----------------------------------
----------------------------------
Iteration = 4
Distance = 0.4370357590322431
v max = 0.09569829920919601
v min = -5.163531633805574
d max = 0.07611111111111112
d min = 0.07611111111111112
dF max = 0.07611111111111112
dB max = 0.07611111111111112
hk max = 0.024898216031219028
hk min = 0.02006442711031487
hz max = 0.03093258137514764
hz min = 0.019946697464001822
lambdaF max = 1.0384817049898587
lambdaF min = 0.012254949671879824
lambdaB max = 1.0451718334037257
lambdaB min = 0.012254949671879824
----------------------------------
----------------------------------
Iteration = 5
Distance = 0.3226314175058489
v max = 0.12722250496301543
v min = -5.486163051311423
d max = 0.07611111111111112
d min = 0.07611111111111112
dF max = 0.07611111111111112
dB max = 0.07611111111111112
hk max = 0.02679832370194548
hk min = 0.020830055140245027
hz max = 0.03525100789952594
hz min = 0.02168676116838855
lambdaF max = 1.148472114950237
lambdaF min = 0.012254949671879824
lambdaB max = 1.1574763083029964
lambdaB min = 0.012254949671879824
----------------------------------
----------------------------------
Iteration = 6
Distance = 0.24540295886573915
v max = 0.11524278978999264
v min = -5.731566010177162
d max = 0.07611111111111112
d min = 0.07611111111111112
dF max = 0.07611111111111112
dB max = 0.07611111111111112
hk max = 0.028052628477880683
hk min = 0.021239757965327337
hz max = 0.03810170057210595
hz min = 0.022617903952666524
lambdaF max = 1.2258508591948831
lambdaF min = 0.012254949671879824
lambdaB max = 1.2361920612890522
lambdaB min = 0.012254949671879824
----------------------------------
----------------------------------
Iteration = 7
Distance = 0.1919561963504517
v max = 0.07972736030218631
v min = -5.923522206527614
d max = 0.07611111111111112
d min = 0.07611111111111112
dF max = 0.07611111111111112
dB max = 0.07611111111111112
hk max = 0.028882652907095116
hk min = 0.021476980076596312
hz max = 0.03998811972941148
hz min = 0.023157045114641464
lambdaF max = 1.2806401191077816
lambdaF min = 0.012254949671879824
lambdaB max = 1.2914435200127599
lambdaB min = 0.012254949671879824
----------------------------------
----------------------------------
Iteration = 8
Distance = 0.15411051070192183
v max = 0.03135164047315547
v min = -6.077632717229536
d max = 0.07611111111111112
d min = 0.07611111111111112
dF max = 0.07611111111111112
dB max = 0.07611111111111112
hk max = 0.029432573585582336
hk min = 0.02162166449769612
hz max = 0.041237939453246074
hz min = 0.023485873344413755
lambdaF max = 1.3185532376130835
lambdaF min = 0.012254949671879824
lambdaB max = 1.3296764712428526
lambdaB min = 0.012254949671879824
----------------------------------
----------------------------------
Iteration = 9
Distance = 0.12667915024247822
v max = -0.023796118463008647
v min = -6.204311867472014
d max = 0.07611111111111112
d min = 0.07611111111111112
dF max = 0.07611111111111112
dB max = 0.07611111111111112
hk max = 0.029797164817390358
hk min = 0.02171790844848053
hz max = 0.04206655588917339
hz min = 0.02370460959619651
lambdaF max = 1.3441534310399648
lambdaF min = 0.012254949671879824
lambdaB max = 1.3554926263194658
lambdaB min = 0.012254949671879824
----------------------------------
----------------------------------
Iteration = 10
Distance = 0.10630421273854473
v max = -0.08189311792106968
v min = -6.310616080210559
d max = 0.07611111111111112
d min = 0.07611111111111112
dF max = 0.07611111111111112
dB max = 0.07611111111111112
hk max = 0.030038987582850663
hk min = 0.021785334452425004
hz max = 0.04261615308340136
hz min = 0.02385785051425213
lambdaF max = 1.3610053680733292
lambdaF min = 0.012254949671879824
lambdaB max = 1.3724867252522435
lambdaB min = 0.012254949671879824
----------------------------------
----------------------------------
Iteration = 11
Distance = 0.09078148260918528
v max = -0.14037898720964304
v min = -6.401397562819744
d max = 0.07611111111111112
d min = 0.07611111111111112
dF max = 0.07611111111111112
dB max = 0.07611111111111112
hk max = 0.030199427663158477
hk min = 0.021833542450924153
hz max = 0.04298078962955548
hz min = 0.02396741414720474
lambdaF max = 1.3719304094014122
lambdaF min = 0.012254949671879824
lambdaB max = 1.3835039295538345
lambdaB min = 0.012254949671879824
----------------------------------
----------------------------------
Iteration = 12
Distance = 0.07864876203309201
v max = -0.19752047702250447
v min = -6.480046324852836
d max = 0.07611111111111112
d min = 0.07611111111111112
dF max = 0.07611111111111112
dB max = 0.07611111111111112
hk max = 0.030305896094429
hk min = 0.02186779285912558
hz max = 0.0432227633369885
hz min = 0.024045255984026168
lambdaF max = 1.3790277407890499
lambdaF min = 0.012254949671879824
lambdaB max = 1.390661133590464
lambdaB min = 0.012254949671879824
----------------------------------
----------------------------------
Iteration = 13
Distance = 0.06892717006418447
v max = -0.2521863384627588
v min = -6.54897349491702
d max = 0.07611111111111112
d min = 0.07611111111111112
dF max = 0.07611111111111112
dB max = 0.07611111111111112
hk max = 0.030376560746600917
hk min = 0.021891678948009627
hz max = 0.0433833648191974
hz min = 0.024099542549671726
lambdaF max = 1.3837172751325229
lambdaF min = 0.012254949671879824
lambdaB max = 1.3953902285558588
lambdaB min = 0.012254949671879824
----------------------------------
----------------------------------
Iteration = 14
Distance = 0.06095542109131724
v max = -0.3036986894193926
v min = -6.609928916008338
d max = 0.07611111111111112
d min = 0.07611111111111112
dF max = 0.07611111111111112
dB max = 0.07611111111111112
hk max = 0.030423468276496526
hk min = 0.021907936113610315
hz max = 0.04348997284168741
hz min = 0.024136490653309656
lambdaF max = 1.3868778614973045
lambdaF min = 0.012254949671879824
lambdaB max = 1.3985774774318986
lambdaB min = 0.012254949671879824
----------------------------------
----------------------------------
Iteration = 15
Distance = 0.05428233084626566
v max = -0.3517192910907948
v min = -6.664211246854603
d max = 0.07611111111111112
d min = 0.07611111111111112
dF max = 0.07611111111111112
dB max = 0.07611111111111112
hk max = 0.030454608922718465
hk min = 0.021918734547360867
hz max = 0.04356074703764637
hz min = 0.02416103254819728
lambdaF max = 1.3890277443649237
lambdaF min = 0.012254949671879824
lambdaB max = 1.400745496578533
lambdaB min = 0.012254949671879824
----------------------------------
----------------------------------
Iteration = 16
Distance = 0.04859650835715623
v max = -0.396152090956384
v min = -6.7128077552117595
d max = 0.07611111111111112
d min = 0.07611111111111112
dF max = 0.07611111111111112
dB max = 0.07611111111111112
hk max = 0.030475283817933404
hk min = 0.02192579224476001
hz max = 0.04360773543586213
hz min = 0.02417707276955896
lambdaF max = 1.3904802463052852
lambdaF min = 0.012254949671879824
lambdaB max = 1.402210251735503
lambdaB min = 0.012254949671879824
----------------------------------
----------------------------------
Iteration = 17
Distance = 0.04368009907522641
v max = -0.4370581736676844
v min = -6.756487854286986
d max = 0.07611111111111112
d min = 0.07611111111111112
dF max = 0.07611111111111112
dB max = 0.07611111111111112
hk max = 0.030489010904960746
hk min = 0.021930400292003886
hz max = 0.043638933360924274
hz min = 0.024187545604204136
lambdaF max = 1.3914442734418373
lambdaF min = 0.012254949671879824
lambdaB max = 1.4031824113454046
lambdaB min = 0.012254949671879824
----------------------------------
----------------------------------
Iteration = 18
Distance = 0.039378211742771896
v max = -0.4745886285110605
v min = -6.795866066029758
d max = 0.07611111111111112
d min = 0.07611111111111112
dF max = 0.07611111111111112
dB max = 0.07611111111111112
hk max = 0.03049812528152794
hk min = 0.021933447069611207
hz max = 0.04365964785312245
hz min = 0.024194470098766227
lambdaF max = 1.3920729828960627
lambdaF min = 0.012254949671879824
lambdaB max = 1.4038164245537337
lambdaB min = 0.012254949671879824
----------------------------------
----------------------------------
Iteration = 19
Distance = 0.03557863018984353
v max = -0.5089391083460751
v min = -6.831444696219601
d max = 0.07611111111111112
d min = 0.07611111111111112
dF max = 0.07611111111111112
dB max = 0.07611111111111112
hk max = 0.030504177140699792
hk min = 0.021935493492796485
hz max = 0.04367340207851302
hz min = 0.024199121060550947
lambdaF max = 1.392480563978195
lambdaF min = 0.012254949671879824
lambdaB max = 1.4042274439646878
lambdaB min = 0.012254949671879824
----------------------------------
----------------------------------
Iteration = 20
Distance = 0.032198299528907626
v max = -0.5403232385201199
v min = -6.863642995748509
d max = 0.07611111111111112
d min = 0.07611111111111112
dF max = 0.07611111111111112
dB max = 0.07611111111111112
hk max = 0.03050819566493821
hk min = 0.02193687859822187
hz max = 0.043682535088145784
hz min = 0.02420226902742683
lambdaF max = 1.392747520960915
lambdaF min = 0.012254949671879824
lambdaB max = 1.404496652980017
lambdaB min = 0.012254949671879824
----------------------------------
----------------------------------
Iteration = 21
Distance = 0.029174291742840808
v max = -0.5689585582886436
v min = -6.89281728749135
d max = 0.07611111111111112
d min = 0.07611111111111112
dF max = 0.07611111111111112
dB max = 0.07611111111111112
hk max = 0.030510864131812938
hk min = 0.021937811711273902
hz max = 0.043688599785588346
hz min = 0.024204389738908722
lambdaF max = 1.3929259466390016
lambdaF min = 0.012254949671879824
lambdaB max = 1.4046765838460973
lambdaB min = 0.012254949671879824
----------------------------------
----------------------------------
Iteration = 22
Distance = 0.026457743011061297
v max = -0.5950592308475942
v min = -6.919275030502411
d max = 0.07611111111111112
d min = 0.07611111111111112
dF max = 0.07611111111111112
dB max = 0.07611111111111112
hk max = 0.030512636165402347
hk min = 0.021938431860409807
hz max = 0.04369262713465519
hz min = 0.02420579916876305
lambdaF max = 1.393047145048
lambdaF min = 0.012254949671879824
lambdaB max = 1.4047988046773845
lambdaB min = 0.012254949671879824
----------------------------------
----------------------------------
Iteration = 23
Distance = 0.024009767610463584
v max = -0.6188318511884927
v min = -6.943284798112875
d max = 0.07611111111111112
d min = 0.07611111111111112
dF max = 0.07611111111111112
dB max = 0.07611111111111112
hk max = 0.030513812932505095
hk min = 0.021938838274974302
hz max = 0.043695301605343254
hz min = 0.024206722838227803
lambdaF max = 1.3931295642795831
lambdaF min = 0.012254949671879824
lambdaB max = 1.4048819191925117
lambdaB min = 0.012254949671879824
----------------------------------
----------------------------------
Iteration = 24
Distance = 0.02179868883453917
v max = -0.6404726420312771
v min = -6.965083486947414
d max = 0.07611111111111112
d min = 0.07611111111111112
dF max = 0.07611111111111112
dB max = 0.07611111111111112
hk max = 0.030514594398581774
hk min = 0.02193910318008225
hz max = 0.04369707766460843
hz min = 0.02420732489529132
lambdaF max = 1.3931848240641636
lambdaF min = 0.012254949671879824
lambdaB max = 1.40493764514522
lambdaB min = 0.012254949671879824
----------------------------------
----------------------------------
Iteration = 25
Distance = 0.019798148708606078
v max = -0.6601655691771002
v min = -6.98488163565602
d max = 0.07611111111111112
d min = 0.07611111111111112
dF max = 0.07611111111111112
dB max = 0.07611111111111112
hk max = 0.030515113349648303
hk min = 0.021939277123157554
hz max = 0.04369825709885054
hz min = 0.02420772022046247
lambdaF max = 1.3932211260874938
lambdaF min = 0.012254949671879824
lambdaB max = 1.404974253410176
lambdaB min = 0.012254949671879824
----------------------------------
----------------------------------
Iteration = 26
Distance = 0.01798580514589787
v max = -0.6780813542384853
v min = -7.002867440801918
d max = 0.07611111111111112
d min = 0.07611111111111112
dF max = 0.07611111111111112
dB max = 0.07611111111111112
hk max = 0.03051545796944202
hk min = 0.021939393124820673
hz max = 0.04369904032565444
hz min = 0.024207983860605926
lambdaF max = 1.3932446397623404
lambdaF min = 0.012254949671879824
lambdaB max = 1.4049979654449303
lambdaB min = 0.012254949671879824
----------------------------------
----------------------------------
Iteration = 27
Distance = 0.016342422946448387
v max = -0.6943773109373417
v min = -7.019209863748366
d max = 0.07611111111111112
d min = 0.07611111111111112
dF max = 0.07611111111111112
dB max = 0.07611111111111112
hk max = 0.030515686822455017
hk min = 0.021939471491495714
hz max = 0.043699560446138534
hz min = 0.02420816196668556
lambdaF max = 1.3932598959501696
lambdaF min = 0.012254949671879824
lambdaB max = 1.4050133503330176
lambdaB min = 0.012254949671879824
----------------------------------
----------------------------------
Iteration = 28
Distance = 0.014851230053728237
v max = -0.7091977777581586
v min = -7.034061093802094
d max = 0.07611111111111112
d min = 0.07611111111111112
dF max = 0.07611111111111112
dB max = 0.07611111111111112
hk max = 0.03051583880062645
hk min = 0.021939524517520008
hz max = 0.043699905851073605
hz min = 0.024208282480377145
lambdaF max = 1.3932699702296392
lambdaF min = 0.012254949671879824
lambdaB max = 1.405023509598486
lambdaB min = 0.012254949671879824
----------------------------------
----------------------------------
Iteration = 29
Distance = 0.01349745358133525
v max = -0.722674871945829
v min = -7.04755854738343
d max = 0.07611111111111112
d min = 0.07611111111111112
dF max = 0.07611111111111112
dB max = 0.07611111111111112
hk max = 0.030515939729629994
hk min = 0.021939560021994632
hz max = 0.04370013523517256
hz min = 0.024208363172364925
lambdaF max = 1.393276770424829
lambdaF min = 0.012254949671879824
lambdaB max = 1.405030367159702
lambdaB min = 0.012254949671879824
----------------------------------
----------------------------------
Iteration = 30
Distance = 0.012267978609489916
v max = -0.7349293506709454
v min = -7.05982652599292
d max = 0.07611111111111112
d min = 0.07611111111111112
dF max = 0.07611111111111112
dB max = 0.07611111111111112
hk max = 0.03051600675785538
hk min = 0.02193958341936318
hz max = 0.04370028757204845
hz min = 0.024208416348202536
lambdaF max = 1.3932814118185786
lambdaF min = 0.012254949671879824
lambdaB max = 1.4050350477079625
lambdaB min = 0.012254949671879824
----------------------------------
----------------------------------
Iteration = 31
Distance = 0.011151091586414807
v max = -0.7460714639258741
v min = -7.070977617579334
d max = 0.07611111111111112
d min = 0.07611111111111112
dF max = 0.07611111111111112
dB max = 0.07611111111111112
hk max = 0.030516051272167177
hk min = 0.021939598662861277
hz max = 0.043700388740938886
hz min = 0.024208450992516395
lambdaF max = 1.3932845583583733
lambdaF min = 0.012254949671879824
lambdaB max = 1.4050382207917724
lambdaB min = 0.012254949671879824
----------------------------------
----------------------------------
Iteration = 32
Distance = 0.01013628266546096
v max = -0.7562017628186609
v min = -7.081113900244795
d max = 0.07611111111111112
d min = 0.07611111111111112
dF max = 0.07611111111111112
dB max = 0.07611111111111112
hk max = 0.03051608083429781
hk min = 0.021939608601368864
hz max = 0.04370045592759941
hz min = 0.024208473580033633
lambdaF max = 1.393286649771024
lambdaF min = 0.012254949671879824
lambdaB max = 1.405040329847451
lambdaB min = 0.012254949671879824
----------------------------------
----------------------------------
Iteration = 33
Distance = 0.009214089647382018
v max = -0.7654118652149066
v min = -7.090327989892177
d max = 0.07611111111111112
d min = 0.07611111111111112
dF max = 0.07611111111111112
dB max = 0.07611111111111112
hk max = 0.030516100466288196
hk min = 0.02193961516731343
hz max = 0.04370050054575939
hz min = 0.02420848850263492
lambdaF max = 1.3932880114860993
lambdaF min = 0.012254949671879824
lambdaB max = 1.4050417030498707
lambdaB min = 0.012254949671879824
----------------------------------
----------------------------------
Iteration = 34
Distance = 0.008375971783632252
v max = -0.7737851864391844
v min = -7.09870396167581
d max = 0.07611111111111112
d min = 0.07611111111111112
dF max = 0.07611111111111112
dB max = 0.07611111111111112
hk max = 0.030516113503636148
hk min = 0.021939619579986067
hz max = 0.043700530176095646
hz min = 0.02420849853143637
lambdaF max = 1.393288890392278
lambdaF min = 0.012254949671879824
lambdaB max = 1.4050425893704475
lambdaB min = 0.012254949671879824
----------------------------------
----------------------------------
Iteration = 35
Distance = 0.007614205445875655
v max = -0.781397635292886
v min = -7.106318167121685
d max = 0.07611111111111112
d min = 0.07611111111111112
dF max = 0.07611111111111112
dB max = 0.07611111111111112
hk max = 0.030516122161627888
hk min = 0.021939622573187677
hz max = 0.0437005498533496
hz min = 0.024208505334167303
lambdaF max = 1.393289463287903
lambdaF min = 0.012254949671879824
lambdaB max = 1.4050431670989845
lambdaB min = 0.012254949671879824
----------------------------------
----------------------------------
Iteration = 36
Distance = 0.00692179617828792
v max = -0.7883182693909202
v min = -7.113239963299973
d max = 0.07611111111111112
d min = 0.07611111111111112
dF max = 0.07611111111111112
dB max = 0.07611111111111112
hk max = 0.03051612791143956
hk min = 0.02193962459435683
hz max = 0.0437005629211034
hz min = 0.02420850992773355
lambdaF max = 1.3932898453909157
lambdaF min = 0.012254949671879824
lambdaB max = 1.4050435524253948
lambdaB min = 0.012254949671879824
----------------------------------
----------------------------------
Iteration = 37
Distance = 0.0062924033291551495
v max = -0.7946099033903082
v min = -7.119532366629128
d max = 0.07611111111111112
d min = 0.07611111111111112
dF max = 0.07611111111111112
dB max = 0.07611111111111112
hk max = 0.030516131729990834
hk min = 0.02193962593866108
hz max = 0.04370057159962902
hz min = 0.024208512982970488
lambdaF max = 1.3932901054719569
lambdaF min = 0.012254949671879824
lambdaB max = 1.4050438147004636
lambdaB min = 0.012254949671879824
----------------------------------
----------------------------------
Iteration = 38
Distance = 0.005720274582828644
v max = -0.800329667229279
v min = -7.125252641211957
d max = 0.07611111111111112
d min = 0.07611111111111112
dF max = 0.07611111111111112
dB max = 0.07611111111111112
hk max = 0.03051613426597668
hk min = 0.021939626818272
hz max = 0.04370057736323321
hz min = 0.024208514982086208
lambdaF max = 1.3932902831793252
lambdaF min = 0.012254949671879824
lambdaB max = 1.4050439939069606
lambdaB min = 0.012254949671879824
----------------------------------
----------------------------------
Iteration = 39
Distance = 0.005200188470697142
v max = -0.8055295155840978
v min = -7.130452829682654
d max = 0.07611111111111112
d min = 0.07611111111111112
dF max = 0.07611111111111112
dB max = 0.07611111111111112
hk max = 0.030516135950167105
hk min = 0.02193962738961154
hz max = 0.043700581190938725
hz min = 0.024208516280585173
lambdaF max = 1.3932904028701423
lambdaF min = 0.012254949671879824
lambdaB max = 1.4050441146074815
lambdaB min = 0.012254949671879824
----------------------------------
----------------------------------
Iteration = 40
Distance = 0.004727403455379253
v max = -0.8102566922489749
v min = -7.135180233138033
d max = 0.07611111111111112
d min = 0.07611111111111112
dF max = 0.07611111111111112
dB max = 0.07611111111111112
hk max = 0.03051613706864469
hk min = 0.02193962776334671
hz max = 0.043700583732933236
hz min = 0.024208517129983283
lambdaF max = 1.393290481636755
lambdaF min = 0.012254949671879824
lambdaB max = 1.4050441940385645
lambdaB min = 0.012254949671879824
----------------------------------
----------------------------------
Iteration = 41
Distance = 0.004297612536968032
v max = -0.814554153758629
v min = -7.139477845675001
d max = 0.07611111111111112
d min = 0.07611111111111112
dF max = 0.07611111111111112
dB max = 0.07611111111111112
hk max = 0.030516137811417515
hk min = 0.02193962801214363
hz max = 0.043700585421053297
hz min = 0.024208517695430823
lambdaF max = 1.3932905325440401
lambdaF min = 0.012254949671879824
lambdaB max = 1.4050442453753005
lambdaB min = 0.012254949671879824
----------------------------------
----------------------------------
Iteration = 42
Distance = 0.00390690257865689
v max = -0.8184609560754054
v min = -7.143384748253658
d max = 0.07611111111111112
d min = 0.07611111111111112
dF max = 0.07611111111111112
dB max = 0.07611111111111112
hk max = 0.030516138304686302
hk min = 0.021939628180466353
hz max = 0.04370058654211872
hz min = 0.02420851807798247
lambdaF max = 1.393290565407476
lambdaF min = 0.012254949671879824
lambdaB max = 1.40504427851597
lambdaB min = 0.012254949671879824
----------------------------------
----------------------------------
Iteration = 43
Distance = 0.00355171772288454
v max = -0.8220126074321781
v min = -7.146936465976543
d max = 0.07611111111111112
d min = 0.07611111111111112
dF max = 0.07611111111111112
dB max = 0.07611111111111112
hk max = 0.03051613863226549
hk min = 0.021939628294782836
hz max = 0.04370058728661688
hz min = 0.02420851833779266
lambdaF max = 1.393290587006857
lambdaF min = 0.012254949671879824
lambdaB max = 1.4050443002975626
lambdaB min = 0.012254949671879824
----------------------------------
----------------------------------
Iteration = 44
Distance = 0.0032288263943272
v max = -0.8252413899335213
v min = -7.15016529237087
d max = 0.07611111111111112
d min = 0.07611111111111112
dF max = 0.07611111111111112
dB max = 0.07611111111111112
hk max = 0.03051613884981591
hk min = 0.02193962837160454
hz max = 0.043700587781049655
hz min = 0.02420851851238744
lambdaF max = 1.3932906015706452
lambdaF min = 0.012254949671879824
lambdaB max = 1.4050443149842098
lambdaB min = 0.012254949671879824
----------------------------------
----------------------------------
Iteration = 45
Distance = 0.002935291476076074
v max = -0.8281766523258428
v min = -7.153100583846946
d max = 0.07611111111111112
d min = 0.07611111111111112
dF max = 0.07611111111111112
dB max = 0.07611111111111112
hk max = 0.030516138994294336
hk min = 0.02193962842230382
hz max = 0.04370058810940971
hz min = 0.024208518627613074
lambdaF max = 1.3932906115420085
lambdaF min = 0.012254949671879824
lambdaB max = 1.4050443250396907
lambdaB min = 0.012254949671879824
----------------------------------
----------------------------------
Iteration = 46
Distance = 0.0026684433124808393
v max = -0.8308450763019576
v min = -7.155769027159427
d max = 0.07611111111111112
d min = 0.07611111111111112
dF max = 0.07611111111111112
dB max = 0.07611111111111112
hk max = 0.030516139090245833
hk min = 0.021939628455281076
hz max = 0.0437005883274813
hz min = 0.02420851870256139
lambdaF max = 1.3932906183363556
lambdaF min = 0.012254949671879824
lambdaB max = 1.4050443318913544
lambdaB min = 0.012254949671879824
----------------------------------
----------------------------------
Iteration = 47
Distance = 0.0024258552431479785
v max = -0.8332709186545827
v min = -7.158194882402575
d max = 0.07611111111111112
d min = 0.07611111111111112
dF max = 0.07611111111111112
dB max = 0.07611111111111112
hk max = 0.030516139153970893
hk min = 0.0219396284766979
hz max = 0.043700588472310974
hz min = 0.024208518751235978
lambdaF max = 1.3932906228700994
lambdaF min = 0.012254949671879824
lambdaB max = 1.4050443364633445
lambdaB min = 0.012254949671879824
----------------------------------
----------------------------------
Iteration = 48
Distance = 0.00220532141185803
v max = -0.8354762314710555
v min = -7.160400203814433
d max = 0.07611111111111112
d min = 0.07611111111111112
dF max = 0.07611111111111112
dB max = 0.07611111111111112
hk max = 0.030516139196287803
hk min = 0.021939628490794363
hz max = 0.04370058856848577
hz min = 0.0242085187832734
lambdaF max = 1.3932906258232882
lambdaF min = 0.012254949671879824
lambdaB max = 1.4050443394414465
lambdaB min = 0.012254949671879824
----------------------------------
----------------------------------
Iteration = 49
Distance = 0.0020048366268072826
v max = -0.8374810623802262
v min = -7.16240504044124
d max = 0.07611111111111112
d min = 0.07611111111111112
dF max = 0.07611111111111112
dB max = 0.07611111111111112
hk max = 0.030516139224391493
hk min = 0.021939628500257935
hz max = 0.04370058863235779
hz min = 0.024208518804781524
lambdaF max = 1.3932906277226689
lambdaF min = 0.012254949671879824
lambdaB max = 1.4050443413568503
lambdaB min = 0.012254949671879824
----------------------------------
----------------------------------
Iteration = 50
Distance = 0.0018225780739884456
v max = -0.8393036366641953
v min = -7.164227618515229
d max = 0.07611111111111112
d min = 0.07611111111111112
dF max = 0.07611111111111112
dB max = 0.07611111111111112
hk max = 0.030516139243053915
hk min = 0.02193962850669199
hz max = 0.04370058867477239
hz min = 0.024208518819404366
lambdaF max = 1.393290628954002
lambdaF min = 0.012254949671879824
lambdaB max = 1.4050443425985706
lambdaB min = 0.012254949671879824
----------------------------------
----------------------------------
Iteration = 51
Distance = 0.001656888708136961
v max = -0.8409605228659536
v min = -7.165884507223366
d max = 0.07611111111111112
d min = 0.07611111111111112
dF max = 0.07611111111111112
dB max = 0.07611111111111112
hk max = 0.030516139255448983
hk min = 0.021939628511053914
hz max = 0.043700588702943
hz min = 0.024208518829317835
lambdaF max = 1.3932906297723595
lambdaF min = 0.012254949671879824
lambdaB max = 1.405044343423832
lambdaB min = 0.012254949671879824
----------------------------------
----------------------------------
Iteration = 52
Distance = 0.001506262163065486
v max = -0.8424667833709136
v min = -7.167390769386431
d max = 0.07611111111111112
d min = 0.07611111111111112
dF max = 0.07611111111111112
dB max = 0.07611111111111112
hk max = 0.03051613926368061
hk min = 0.021939628513964367
hz max = 0.043700588721651244
hz min = 0.024208518835932506
lambdaF max = 1.3932906303298171
lambdaF min = 0.012254949671879824
lambdaB max = 1.405044343985992
lambdaB min = 0.012254949671879824
----------------------------------
----------------------------------
Iteration = 53
Distance = 0.0013693290406626701
v max = -0.8438361113114468
v min = -7.168760098427094
d max = 0.07611111111111112
d min = 0.07611111111111112
dF max = 0.07611111111111112
dB max = 0.07611111111111112
hk max = 0.03051613926914709
hk min = 0.021939628515869683
hz max = 0.04370058873407506
hz min = 0.024208518840262767
lambdaF max = 1.3932906307124275
lambdaF min = 0.012254949671879824
lambdaB max = 1.4050443443718301
lambdaB min = 0.012254949671879824
----------------------------------
----------------------------------
Iteration = 54
Distance = 0.0012448444506034662
v max = -0.845080955029513
v min = -7.170004942877697
d max = 0.07611111111111112
d min = 0.07611111111111112
dF max = 0.07611111111111112
dB max = 0.07611111111111112
hk max = 0.030516139272776924
hk min = 0.02193962851710371
hz max = 0.04370058874232468
hz min = 0.024208518843067375
lambdaF max = 1.393290630971375
lambdaF min = 0.012254949671879824
lambdaB max = 1.4050443446329623
lambdaB min = 0.012254949671879824
----------------------------------
----------------------------------
Iteration = 55
Distance = 0.0011316766857252247
v max = -0.8462126312265548
v min = -7.1711366195634225
d max = 0.07611111111111112
d min = 0.07611111111111112
dF max = 0.07611111111111112
dB max = 0.07611111111111112
hk max = 0.030516139275187874
hk min = 0.021939628517907823
hz max = 0.04370058874780411
hz min = 0.024208518844894902
lambdaF max = 1.3932906311422537
lambdaF min = 0.012254949671879824
lambdaB max = 1.4050443448052823
lambdaB min = 0.012254949671879824
----------------------------------
----------------------------------
Iteration = 56
Distance = 0.0010287969289031196
v max = -0.847241427829776
v min = -7.172165416492326
d max = 0.07611111111111112
d min = 0.07611111111111112
dF max = 0.07611111111111112
dB max = 0.07611111111111112
hk max = 0.03051613927679055
hk min = 0.02193962851844155
hz max = 0.043700588751446556
hz min = 0.02420851884610791
lambdaF max = 1.3932906312525921
lambdaF min = 0.012254949671879824
lambdaB max = 1.4050443449165517
lambdaB min = 0.012254949671879824
----------------------------------
----------------------------------
Iteration = 57
Distance = 0.0009352698967592943
v max = -0.8481766975102168
v min = -7.173100686389085
d max = 0.07611111111111112
d min = 0.07611111111111112
dF max = 0.07611111111111112
dB max = 0.07611111111111112
hk max = 0.030516139277852218
hk min = 0.02193962851880268
hz max = 0.04370058875385944
hz min = 0.024208518846928668
lambdaF max = 1.3932906313234636
lambdaF min = 0.012254949671879824
lambdaB max = 1.4050443449880212
lambdaB min = 0.012254949671879824
----------------------------------
----------------------------------
Iteration = 58
Distance = 0.0008502453350551775
v max = -0.8490269427020836
v min = -7.17395093172414
d max = 0.07611111111111112
d min = 0.07611111111111112
dF max = 0.07611111111111112
dB max = 0.07611111111111112
hk max = 0.030516139278558764
hk min = 0.021939628519048793
hz max = 0.043700588755465224
hz min = 0.024208518847488016
lambdaF max = 1.3932906313697344
lambdaF min = 0.012254949671879824
lambdaB max = 1.4050443450346821
lambdaB min = 0.012254949671879824
----------------------------------
----------------------------------
Iteration = 59
Distance = 0.0007729502875566396
v max = -0.8497998928950061
v min = -7.174723882011697
d max = 0.07611111111111112
d min = 0.07611111111111112
dF max = 0.07611111111111112
dB max = 0.07611111111111112
hk max = 0.030516139279027635
hk min = 0.02193962851921491
hz max = 0.04370058875653084
hz min = 0.024208518847865554
lambdaF max = 1.393290631400918
lambdaF min = 0.012254949671879824
lambdaB max = 1.4050443450661285
lambdaB min = 0.012254949671879824
----------------------------------
----------------------------------
Iteration = 60
Distance = 0.0007026820683062596
v max = -0.850502574900637
v min = -7.175426564080003
d max = 0.07611111111111112
d min = 0.07611111111111112
dF max = 0.07611111111111112
dB max = 0.07611111111111112
hk max = 0.030516139279340215
hk min = 0.02193962851932473
hz max = 0.043700588757241254
hz min = 0.024208518848115142
lambdaF max = 1.3932906314223055
lambdaF min = 0.012254949671879824
lambdaB max = 1.4050443450876968
lambdaB min = 0.012254949671879824
----------------------------------
----------------------------------
Iteration = 61
Distance = 0.0006388018727534472
v max = -0.85114137673175
v min = -7.1760653659527565
d max = 0.07611111111111112
d min = 0.07611111111111112
dF max = 0.07611111111111112
dB max = 0.07611111111111112
hk max = 0.030516139279547373
hk min = 0.021939628519396286
hz max = 0.04370058875771206
hz min = 0.024208518848277773
lambdaF max = 1.3932906314370153
lambdaF min = 0.012254949671879824
lambdaB max = 1.4050443451025303
lambdaB min = 0.012254949671879824
----------------------------------
----------------------------------
Iteration = 62
Distance = 0.0005807289702470797
v max = -0.8517221056742287
v min = -7.1766460949230035
d max = 0.07611111111111112
d min = 0.07611111111111112
dF max = 0.07611111111111112
dB max = 0.07611111111111112
hk max = 0.030516139279684242
hk min = 0.021939628519442294
hz max = 0.04370058875802313
hz min = 0.024208518848382335
lambdaF max = 1.3932906314468425
lambdaF min = 0.012254949671879824
lambdaB max = 1.4050443451124406
lambdaB min = 0.012254949671879824
----------------------------------
----------------------------------
Iteration = 63
Distance = 0.0005279354241745082
v max = -0.8522500410798827
v min = -7.177174030347178
d max = 0.07611111111111112
d min = 0.07611111111111112
dF max = 0.07611111111111112
dB max = 0.07611111111111112
hk max = 0.030516139279773948
hk min = 0.02193962851947258
hz max = 0.04370058875822701
hz min = 0.024208518848451172
lambdaF max = 1.393290631453205
lambdaF min = 0.012254949671879824
lambdaB max = 1.405044345118857
lambdaB min = 0.012254949671879824
----------------------------------
----------------------------------
Iteration = 64
Distance = 0.0004799412925073909
v max = -0.8527299823600589
v min = -7.177653971639685
d max = 0.07611111111111112
d min = 0.07611111111111112
dF max = 0.07611111111111112
dB max = 0.07611111111111112
hk max = 0.030516139279834983
hk min = 0.021939628519492813
hz max = 0.04370058875836572
hz min = 0.02420851884849715
lambdaF max = 1.393290631457363
lambdaF min = 0.012254949671879824
lambdaB max = 1.4050443451230499
lambdaB min = 0.012254949671879824
----------------------------------
----------------------------------
Iteration = 65
Distance = 0.00043631026446000476
v max = -0.8531662926163366
v min = -7.178090281904145
d max = 0.07611111111111112
d min = 0.07611111111111112
dF max = 0.07611111111111112
dB max = 0.07611111111111112
hk max = 0.030516139279875676
hk min = 0.021939628519506683
hz max = 0.043700588758458205
hz min = 0.024208518848528676
lambdaF max = 1.3932906314600404
lambdaF min = 0.012254949671879824
lambdaB max = 1.4050443451257497
lambdaB min = 0.012254949671879824
----------------------------------
----------------------------------
Iteration = 66
Distance = 0.0003966456939945573
v max = -0.8535629383049222
v min = -7.17848692759814
d max = 0.07611111111111112
d min = 0.07611111111111112
dF max = 0.07611111111111112
dB max = 0.07611111111111112
hk max = 0.030516139279902495
hk min = 0.021939628519516162
hz max = 0.043700588758519156
hz min = 0.024208518848550218
lambdaF max = 1.3932906314618043
lambdaF min = 0.012254949671879824
lambdaB max = 1.4050443451275287
lambdaB min = 0.012254949671879824
----------------------------------
----------------------------------
Iteration = 67
Distance = 0.0003605869938958506
v max = -0.8539235252952444
v min = -7.178847514592036
d max = 0.07611111111111112
d min = 0.07611111111111112
dF max = 0.07611111111111112
dB max = 0.07611111111111112
hk max = 0.03051613927991914
hk min = 0.021939628519522407
hz max = 0.043700588758556994
hz min = 0.024208518848564405
lambdaF max = 1.3932906314629696
lambdaF min = 0.012254949671879824
lambdaB max = 1.4050443451287038
lambdaB min = 0.012254949671879824
----------------------------------
----------------------------------
Iteration = 68
Distance = 0.0003278063576521717
v max = -0.854251331650536
v min = -7.179175320949688
d max = 0.07611111111111112
d min = 0.07611111111111112
dF max = 0.07611111111111112
dB max = 0.07611111111111112
hk max = 0.03051613927993209
hk min = 0.021939628519526567
hz max = 0.043700588758586414
hz min = 0.024208518848573866
lambdaF max = 1.3932906314637885
lambdaF min = 0.012254949671879824
lambdaB max = 1.4050443451295298
lambdaB min = 0.012254949671879824
----------------------------------
----------------------------------
Iteration = 69
Distance = 0.0002980057794079727
v max = -0.8545493374283641
v min = -7.179473326729096
d max = 0.07611111111111112
d min = 0.07611111111111112
dF max = 0.07611111111111112
dB max = 0.07611111111111112
hk max = 0.030516139279939486
hk min = 0.02193962851952911
hz max = 0.04370058875860323
hz min = 0.024208518848579642
lambdaF max = 1.393290631464324
lambdaF min = 0.012254949671879824
lambdaB max = 1.4050443451300696
lambdaB min = 0.012254949671879824
----------------------------------
----------------------------------
Iteration = 70
Distance = 0.0002709143447257034
v max = -0.8548202517720355
v min = -7.179744241073822
d max = 0.07611111111111112
d min = 0.07611111111111112
dF max = 0.07611111111111112
dB max = 0.07611111111111112
hk max = 0.03051613927994596
hk min = 0.02193962851953096
hz max = 0.043700588758617945
hz min = 0.024208518848583847
lambdaF max = 1.3932906314646707
lambdaF min = 0.012254949671879824
lambdaB max = 1.405044345130419
lambdaB min = 0.012254949671879824
----------------------------------
----------------------------------
Iteration = 71
Distance = 0.0002462857678056096
v max = -0.8550665375391421
v min = -7.179990526841627
d max = 0.07611111111111112
d min = 0.07611111111111112
dF max = 0.07611111111111112
dB max = 0.07611111111111112
hk max = 0.030516139279948735
hk min = 0.021939628519532
hz max = 0.043700588758624245
hz min = 0.024208518848586214
lambdaF max = 1.3932906314648912
lambdaF min = 0.012254949671879824
lambdaB max = 1.4050443451306414
lambdaB min = 0.012254949671879824
----------------------------------
----------------------------------
Iteration = 72
Distance = 0.0002238961524660965
v max = -0.8552904336911455
v min = -7.180214422994093
d max = 0.07611111111111112
d min = 0.07611111111111112
dF max = 0.07611111111111112
dB max = 0.07611111111111112
hk max = 0.03051613927994966
hk min = 0.021939628519532926
hz max = 0.04370058875862635
hz min = 0.024208518848588313
lambdaF max = 1.3932906314650484
lambdaF min = 0.012254949671879824
lambdaB max = 1.4050443451308003
lambdaB min = 0.012254949671879824
----------------------------------
----------------------------------
Iteration = 73
Distance = 0.0002035419567354424
v max = -0.8554939756475737
v min = -7.180417964950829
d max = 0.07611111111111112
d min = 0.07611111111111112
dF max = 0.07611111111111112
dB max = 0.07611111111111112
hk max = 0.030516139279952434
hk min = 0.021939628519533273
hz max = 0.043700588758632655
hz min = 0.024208518848589104
lambdaF max = 1.3932906314651745
lambdaF min = 0.012254949671879824
lambdaB max = 1.4050443451309274
lambdaB min = 0.012254949671879824
----------------------------------
----------------------------------
Iteration = 74
Distance = 0.00018503814245018901
v max = -0.8556790137898169
v min = -7.180603003093279
d max = 0.07611111111111112
d min = 0.07611111111111112
dF max = 0.07611111111111112
dB max = 0.07611111111111112
hk max = 0.030516139279954283
hk min = 0.02193962851953373
hz max = 0.04370058875863686
hz min = 0.024208518848590155
lambdaF max = 1.3932906314652376
lambdaF min = 0.012254949671879824
lambdaB max = 1.4050443451309906
lambdaB min = 0.012254949671879824
----------------------------------
----------------------------------
Iteration = 75
Distance = 0.00016821649311271614
v max = -0.8558472302827929
v min = -7.180771219586392
d max = 0.07611111111111112
d min = 0.07611111111111112
dF max = 0.07611111111111112
dB max = 0.07611111111111112
hk max = 0.030516139279953357
hk min = 0.02193962851953385
hz max = 0.04370058875863476
hz min = 0.024208518848590415
lambdaF max = 1.3932906314653004
lambdaF min = 0.012254949671879824
lambdaB max = 1.4050443451310546
lambdaB min = 0.012254949671879824
----------------------------------
----------------------------------
Iteration = 76
Distance = 0.00015292408463096763
v max = -0.8560001543673345
v min = -7.180924143671022
d max = 0.07611111111111112
d min = 0.07611111111111112
dF max = 0.07611111111111112
dB max = 0.07611111111111112
hk max = 0.030516139279953357
hk min = 0.021939628519534196
hz max = 0.04370058875863476
hz min = 0.024208518848591203
lambdaF max = 1.3932906314653004
lambdaF min = 0.012254949671879824
lambdaB max = 1.4050443451310546
lambdaB min = 0.012254949671879824
----------------------------------
----------------------------------
Iteration = 77
Distance = 0.00013902189510694996
v max = -0.8561391762623818
v min = -7.181063165566129
d max = 0.07611111111111112
d min = 0.07611111111111112
dF max = 0.07611111111111112
dB max = 0.07611111111111112
hk max = 0.030516139279954283
hk min = 0.021939628519534196
hz max = 0.04370058875863686
hz min = 0.024208518848591203
lambdaF max = 1.3932906314653322
lambdaF min = 0.012254949671879824
lambdaB max = 1.4050443451310863
lambdaB min = 0.012254949671879824
----------------------------------
----------------------------------
Iteration = 78
Distance = 0.00012638354099792082
v max = -0.8562655598033407
v min = -7.181189549107127
d max = 0.07611111111111112
d min = 0.07611111111111112
dF max = 0.07611111111111112
dB max = 0.07611111111111112
hk max = 0.030516139279953357
hk min = 0.02193962851953431
hz max = 0.04370058875863476
hz min = 0.024208518848591466
lambdaF max = 1.3932906314653322
lambdaF min = 0.012254949671879824
lambdaB max = 1.4050443451310863
lambdaB min = 0.012254949671879824
----------------------------------
----------------------------------
Iteration = 79
Distance = 0.00011489412817500266
v max = -0.8563804539314893
v min = -7.181304443235301
d max = 0.07611111111111112
d min = 0.07611111111111112
dF max = 0.07611111111111112
dB max = 0.07611111111111112
hk max = 0.030516139279954283
hk min = 0.02193962851953431
hz max = 0.04370058875863686
hz min = 0.024208518848591466
lambdaF max = 1.3932906314653635
lambdaF min = 0.012254949671879824
lambdaB max = 1.405044345131118
lambdaB min = 0.012254949671879824
----------------------------------
----------------------------------
Iteration = 80
Distance = 0.00010444920742802566
v max = -0.8564849031389029
v min = -7.181408892442725
d max = 0.07611111111111112
d min = 0.07611111111111112
dF max = 0.07611111111111112
dB max = 0.07611111111111112
hk max = 0.030516139279955206
hk min = 0.021939628519534425
hz max = 0.04370058875863896
hz min = 0.02420851884859173
lambdaF max = 1.393290631465395
lambdaF min = 0.012254949671879824
lambdaB max = 1.4050443451311498
lambdaB min = 0.012254949671879824
----------------------------------
----------------------------------
Iteration = 81
Distance = 9.495382493707183e-5
v max = -0.8565798569638262
v min = -7.1815038462676615
d max = 0.07611111111111112
d min = 0.07611111111111112
dF max = 0.07611111111111112
dB max = 0.07611111111111112
hk max = 0.030516139279954283
hk min = 0.021939628519534425
hz max = 0.04370058875863686
hz min = 0.02420851884859173
lambdaF max = 1.3932906314653635
lambdaF min = 0.012254949671879824
lambdaB max = 1.405044345131118
lambdaB min = 0.012254949671879824
----------------------------------
----------------------------------
Iteration = 82
Distance = 8.632165904032263e-5
v max = -0.8566661786228461
v min = -7.181590167926701
d max = 0.07611111111111112
d min = 0.07611111111111112
dF max = 0.07611111111111112
dB max = 0.07611111111111112
hk max = 0.030516139279954283
hk min = 0.02193962851953431
hz max = 0.04370058875863686
hz min = 0.024208518848591466
lambdaF max = 1.3932906314653635
lambdaF min = 0.012254949671879824
lambdaB max = 1.405044345131118
lambdaB min = 0.012254949671879824
----------------------------------
----------------------------------
Iteration = 83
Distance = 7.847423548756893e-5
v max = -0.8567446528583221
v min = -7.181668642162184
d max = 0.07611111111111112
d min = 0.07611111111111112
dF max = 0.07611111111111112
dB max = 0.07611111111111112
hk max = 0.030516139279954283
hk min = 0.021939628519534543
hz max = 0.04370058875863686
hz min = 0.024208518848591994
lambdaF max = 1.3932906314653635
lambdaF min = 0.012254949671879824
lambdaB max = 1.405044345131118
lambdaB min = 0.012254949671879824
----------------------------------
----------------------------------
Iteration = 84
Distance = 7.134021407484425e-5
v max = -0.8568159930723905
v min = -7.181739982376257
d max = 0.07611111111111112
d min = 0.07611111111111112
dF max = 0.07611111111111112
dB max = 0.07611111111111112
hk max = 0.030516139279955206
hk min = 0.021939628519534425
hz max = 0.04370058875863896
hz min = 0.02420851884859173
lambdaF max = 1.3932906314653635
lambdaF min = 0.012254949671879824
lambdaB max = 1.405044345131118
lambdaB min = 0.012254949671879824
----------------------------------
----------------------------------
Iteration = 85
Distance = 6.485474006767689e-5
v max = -0.8568808478124559
v min = -7.181804837116321
d max = 0.07611111111111112
d min = 0.07611111111111112
dF max = 0.07611111111111112
dB max = 0.07611111111111112
hk max = 0.030516139279955206
hk min = 0.021939628519534425
hz max = 0.04370058875863896
hz min = 0.02420851884859173
lambdaF max = 1.3932906314653322
lambdaF min = 0.012254949671879824
lambdaB max = 1.4050443451310863
lambdaB min = 0.012254949671879824
----------------------------------
----------------------------------
Iteration = 86
Distance = 5.895885460827088e-5
v max = -0.8569398066670585
v min = -7.181863795970926
d max = 0.07611111111111112
d min = 0.07611111111111112
dF max = 0.07611111111111112
dB max = 0.07611111111111112
hk max = 0.030516139279955206
hk min = 0.02193962851953431
hz max = 0.04370058875863896
hz min = 0.024208518848591466
lambdaF max = 1.393290631465395
lambdaF min = 0.012254949671879824
lambdaB max = 1.4050443451311498
lambdaB min = 0.012254949671879824
----------------------------------
----------------------------------
Iteration = 87
Distance = 5.3598958747791414e-5
v max = -0.8569934056257891
v min = -7.181917394929674
d max = 0.07611111111111112
d min = 0.07611111111111112
dF max = 0.07611111111111112
dB max = 0.07611111111111112
hk max = 0.030516139279956132
hk min = 0.021939628519534425
hz max = 0.043700588758641065
hz min = 0.02420851884859173
lambdaF max = 1.393290631465395
lambdaF min = 0.012254949671879824
lambdaB max = 1.4050443451311498
lambdaB min = 0.012254949671879824
----------------------------------
----------------------------------
Iteration = 88
Distance = 4.8726326122849883e-5
v max = -0.8570421319519076
v min = -7.1819661212557815
d max = 0.07611111111111112
d min = 0.07611111111111112
dF max = 0.07611111111111112
dB max = 0.07611111111111112
hk max = 0.030516139279955206
hk min = 0.021939628519534425
hz max = 0.04370058875863896
hz min = 0.02420851884859173
lambdaF max = 1.393290631465395
lambdaF min = 0.012254949671879824
lambdaB max = 1.4050443451311498
lambdaB min = 0.012254949671879824
----------------------------------
----------------------------------
Iteration = 89
Distance = 4.429666011285249e-5
v max = -0.8570864286120169
v min = -7.182010417915889
d max = 0.07611111111111112
d min = 0.07611111111111112
dF max = 0.07611111111111112
dB max = 0.07611111111111112
hk max = 0.030516139279956132
hk min = 0.021939628519534425
hz max = 0.043700588758641065
hz min = 0.02420851884859173
lambdaF max = 1.393290631465395
lambdaF min = 0.012254949671879824
lambdaB max = 1.4050443451311498
lambdaB min = 0.012254949671879824
----------------------------------
----------------------------------
Iteration = 90
Distance = 4.026969101111888e-5
v max = -0.8571266983030246
v min = -7.182050687606893
d max = 0.07611111111111112
d min = 0.07611111111111112
dF max = 0.07611111111111112
dB max = 0.07611111111111112
hk max = 0.030516139279956132
hk min = 0.021939628519534425
hz max = 0.043700588758641065
hz min = 0.02420851884859173
lambdaF max = 1.3932906314653635
lambdaF min = 0.012254949671879824
lambdaB max = 1.405044345131118
lambdaB min = 0.012254949671879824
----------------------------------
----------------------------------
Iteration = 91
Distance = 3.660881001188443e-5
v max = -0.8571633071130306
v min = -7.1820872964169045
d max = 0.07611111111111112
d min = 0.07611111111111112
dF max = 0.07611111111111112
dB max = 0.07611111111111112
hk max = 0.030516139279955206
hk min = 0.021939628519534425
hz max = 0.04370058875863896
hz min = 0.02420851884859173
lambdaF max = 1.3932906314653635
lambdaF min = 0.012254949671879824
lambdaB max = 1.405044345131118
lambdaB min = 0.012254949671879824
----------------------------------
----------------------------------
Iteration = 92
Distance = 3.3280736375207454e-5
v max = -0.8571965878494007
v min = -7.182120577153274
d max = 0.07611111111111112
d min = 0.07611111111111112
dF max = 0.07611111111111112
dB max = 0.07611111111111112
hk max = 0.030516139279956132
hk min = 0.021939628519534425
hz max = 0.043700588758641065
hz min = 0.02420851884859173
lambdaF max = 1.3932906314653635
lambdaF min = 0.012254949671879824
lambdaB max = 1.405044345131118
lambdaB min = 0.012254949671879824
----------------------------------
----------------------------------
Iteration = 93
Distance = 3.025521488719818e-5
v max = -0.8572268430642837
v min = -7.182150832368152
d max = 0.07611111111111112
d min = 0.07611111111111112
dF max = 0.07611111111111112
dB max = 0.07611111111111112
hk max = 0.03051613927995706
hk min = 0.021939628519534425
hz max = 0.04370058875864317
hz min = 0.02420851884859173
lambdaF max = 1.3932906314653635
lambdaF min = 0.012254949671879824
lambdaB max = 1.405044345131118
lambdaB min = 0.012254949671879824
----------------------------------
----------------------------------
Iteration = 94
Distance = 2.7504740805373018e-5
v max = -0.857254347805086
v min = -7.182178337108954
d max = 0.07611111111111112
d min = 0.07611111111111112
dF max = 0.07611111111111112
dB max = 0.07611111111111112
hk max = 0.030516139279954283
hk min = 0.021939628519534425
hz max = 0.04370058875863686
hz min = 0.02420851884859173
lambdaF max = 1.393290631465395
lambdaF min = 0.012254949671879824
lambdaB max = 1.4050443451311498
lambdaB min = 0.012254949671879824
----------------------------------
----------------------------------
Iteration = 95
Distance = 2.5004309823106752e-5
v max = -0.8572793521149066
v min = -7.182203341418767
d max = 0.07611111111111112
d min = 0.07611111111111112
dF max = 0.07611111111111112
dB max = 0.07611111111111112
hk max = 0.030516139279955206
hk min = 0.021939628519534425
hz max = 0.04370058875863896
hz min = 0.02420851884859173
lambdaF max = 1.393290631465395
lambdaF min = 0.012254949671879824
lambdaB max = 1.4050443451311498
lambdaB min = 0.012254949671879824
----------------------------------
----------------------------------
Iteration = 96
Distance = 2.2731190750135966e-5
v max = -0.8573020833056526
v min = -7.182226072609513
d max = 0.07611111111111112
d min = 0.07611111111111112
dF max = 0.07611111111111112
dB max = 0.07611111111111112
hk max = 0.030516139279955206
hk min = 0.021939628519534425
hz max = 0.04370058875863896
hz min = 0.02420851884859173
lambdaF max = 1.393290631465395
lambdaF min = 0.012254949671879824
lambdaB max = 1.4050443451311498
lambdaB min = 0.012254949671879824
----------------------------------
----------------------------------
Iteration = 97
Distance = 2.0664718863194764e-5
v max = -0.8573227480245132
v min = -7.182246737328372
d max = 0.07611111111111112
d min = 0.07611111111111112
dF max = 0.07611111111111112
dB max = 0.07611111111111112
hk max = 0.030516139279954283
hk min = 0.021939628519534425
hz max = 0.04370058875863686
hz min = 0.02420851884859173
lambdaF max = 1.393290631465395
lambdaF min = 0.012254949671879824
lambdaB max = 1.4050443451311498
lambdaB min = 0.012254949671879824
----------------------------------
----------------------------------
Iteration = 98
Distance = 1.8786108057611273e-5
v max = -0.8573415341325684
v min = -7.182265523436426
d max = 0.07611111111111112
d min = 0.07611111111111112
dF max = 0.07611111111111112
dB max = 0.07611111111111112
hk max = 0.030516139279955206
hk min = 0.021939628519534543
hz max = 0.04370058875863896
hz min = 0.024208518848591994
lambdaF max = 1.3932906314653635
lambdaF min = 0.012254949671879824
lambdaB max = 1.405044345131118
lambdaB min = 0.012254949671879824
----------------------------------
----------------------------------
Iteration = 99
Distance = 1.707828004970935e-5
v max = -0.8573586124126175
v min = -7.182282601716475
d max = 0.07611111111111112
d min = 0.07611111111111112
dF max = 0.07611111111111112
dB max = 0.07611111111111112
hk max = 0.030516139279955206
hk min = 0.021939628519534425
hz max = 0.04370058875863896
hz min = 0.02420851884859173
lambdaF max = 1.3932906314653635
lambdaF min = 0.012254949671879824
lambdaB max = 1.405044345131118
lambdaB min = 0.012254949671879824
----------------------------------
----------------------------------
Iteration = 100
Distance = 1.5525709138763943e-5
v max = -0.8573741381217521
v min = -7.1822981274256135
d max = 0.07611111111111112
d min = 0.07611111111111112
dF max = 0.07611111111111112
dB max = 0.07611111111111112
hk max = 0.030516139279955206
hk min = 0.021939628519534425
hz max = 0.04370058875863896
hz min = 0.02420851884859173
lambdaF max = 1.3932906314653635
lambdaF min = 0.012254949671879824
lambdaB max = 1.405044345131118
lambdaB min = 0.012254949671879824
----------------------------------
----------------------------------
Iteration = 101
Distance = 1.4114281039923071e-5
v max = -0.8573882524027829
v min = -7.182312241706651
d max = 0.07611111111111112
d min = 0.07611111111111112
dF max = 0.07611111111111112
dB max = 0.07611111111111112
hk max = 0.030516139279956132
hk min = 0.021939628519534425
hz max = 0.043700588758641065
hz min = 0.02420851884859173
lambdaF max = 1.3932906314653635
lambdaF min = 0.012254949671879824
lambdaB max = 1.405044345131118
lambdaB min = 0.012254949671879824
----------------------------------
----------------------------------
Iteration = 102
Distance = 1.2831164577509213e-5
v max = -0.8574010835673558
v min = -7.182325072871226
d max = 0.07611111111111112
d min = 0.07611111111111112
dF max = 0.07611111111111112
dB max = 0.07611111111111112
hk max = 0.03051613927995706
hk min = 0.021939628519534425
hz max = 0.04370058875864317
hz min = 0.02420851884859173
lambdaF max = 1.3932906314653635
lambdaF min = 0.012254949671879824
lambdaB max = 1.405044345131118
lambdaB min = 0.012254949671879824
----------------------------------
----------------------------------
Iteration = 103
Distance = 1.1664695076074594e-5
v max = -0.8574127482624231
v min = -7.182336737566292
d max = 0.07611111111111112
d min = 0.07611111111111112
dF max = 0.07611111111111112
dB max = 0.07611111111111112
hk max = 0.030516139279955206
hk min = 0.021939628519534425
hz max = 0.04370058875863896
hz min = 0.02420851884859173
lambdaF max = 1.393290631465395
lambdaF min = 0.012254949671879824
lambdaB max = 1.4050443451311498
lambdaB min = 0.012254949671879824
----------------------------------
----------------------------------
Iteration = 104
Distance = 1.0604268248837201e-5
v max = -0.8574233525306656
v min = -7.182347341834528
d max = 0.07611111111111112
d min = 0.07611111111111112
dF max = 0.07611111111111112
dB max = 0.07611111111111112
hk max = 0.030516139279954283
hk min = 0.021939628519534425
hz max = 0.04370058875863686
hz min = 0.02420851884859173
lambdaF max = 1.3932906314653635
lambdaF min = 0.012254949671879824
lambdaB max = 1.405044345131118
lambdaB min = 0.012254949671879824
----------------------------------
----------------------------------
Iteration = 105
Distance = 9.64024386274076e-6
v max = -0.8574329927745226
v min = -7.182356982078389
d max = 0.07611111111111112
d min = 0.07611111111111112
dF max = 0.07611111111111112
dB max = 0.07611111111111112
hk max = 0.030516139279955206
hk min = 0.021939628519534425
hz max = 0.04370058875863896
hz min = 0.02420851884859173
lambdaF max = 1.3932906314653004
lambdaF min = 0.012254949671879824
lambdaB max = 1.4050443451310546
lambdaB min = 0.012254949671879824
----------------------------------
    Value Function Converged, Iteration = 105 with gamma=10.0 with rho=1.0 and v=-3.533956550359315
    Reflective boundary condition
=============================================================
Convegence time (minutes): 0.11184265398333333
Current Time = 22:21:33
grid points for z:  401
grid size for z:  0.025
-0.1678053092597005
-0.4063235848190624
--- 8.429826736450195 seconds for the elasticity computation ---
-0.06961056440364485
-0.26197153517494043
--- 0.06406497955322266 seconds for the elasticity computation ---
-0.02126579808515926
-0.14435204964412193
--- 0.0676579475402832 seconds for the elasticity computation ---
-0.23718457734236936
-0.4119675249321394
--- 0.06390881538391113 seconds for the elasticity computation ---
Current Time = 22:21:45
grid points for z:  401
grid size for z:  0.025
rho = 1
0.05937926808266887
--- 8.3610520362854 seconds for the elasticity computation ---
0.0
--- 0.06826043128967285 seconds for the elasticity computation ---
0.05937926808266887
--- 0.0721127986907959 seconds for the elasticity computation ---
0.0
--- 0.06804203987121582 seconds for the elasticity computation ---
0.0
--- 0.06886696815490723 seconds for the elasticity computation ---
0.05937926808266887
0.005643940113077034
--- 0.07016706466674805 seconds for the elasticity computation ---
0.05937926808266887
0.005643940113077034
--- 0.06960105895996094 seconds for the elasticity computation ---
0.05937926808266887
0.005643940113077034
--- 0.0703582763671875 seconds for the elasticity computation ---
0.05937926808266887
0.005643940113077034
--- 0.07007789611816406 seconds for the elasticity computation ---
parsed_args = parse_commandline() = Dict{String, Any}("dataname" => "lower_triangular_four_ambiguous_parameters", "clowerlim" => 0.0001, "delta" => 0.01, "boundary" => 1, "Delta" => 10.0, "q" => 0.05, "zmax" => 5.0, "logadjustment" => 1, "zscale" => 2.0, "foc" => 1, "distorted" => 0, "rho" => 1.0, "gamma" => 10.0)
=============================================================
./output/lower_triangular_four_ambiguous_parameters/Delta_10.0_distorted_0/logadjustment_1_boundary_1/zmax_5.0_zscale_2.0/delta_0.01/q_0.05_gamma_10.0_rho_1.0/
=============================================================
solve for structured linear system 
structured_relative_entropy = 0.05064741691976893
=============================================================
solve for unstructured linear system 
q_update = 0.4747055338174952
=============================================================
parsed_args = parse_commandline() = Dict{String, Any}("dataname" => "lower_triangular_four_ambiguous_parameters", "clowerlim" => 0.0001, "delta" => 0.01, "boundary" => 1, "Delta" => 10.0, "q" => 0.05, "zmax" => 5.0, "logadjustment" => 1, "zscale" => 2.0, "foc" => 1, "distorted" => 0, "rho" => 1.0, "gamma" => 10.0)
=============================================================
./output/lower_triangular_four_ambiguous_parameters/Delta_10.0_distorted_0/logadjustment_1_boundary_1/zmax_5.0_zscale_2.0/delta_0.01/q_0.05_gamma_10.0_rho_1.0/
=============================================================
solve for structured linear system 
structured_relative_entropy = 0.050647416919768914
=============================================================
solve for unstructured linear system 
q_update = 0.47470553381749525
=============================================================
Program ends Fri Jan 19 22:22:26 CST 2024
Elapsed time: 0 days 00 hr 01 min 22 sec
