D_10.0_distorted_0_boundary_1_delta_0.02_gamma_7.0_q_0.05_rho_1.0_upper_triangular_four_ambiguous_parameters
Program starts Fri Jan 19 15:59:32 CST 2024
parsed_args = parse_commandline() = Dict{String, Any}("dataname" => "upper_triangular_four_ambiguous_parameters", "clowerlim" => 0.0001, "delta" => 0.02, "boundary" => 1, "Delta" => 10.0, "q" => 0.05, "zmax" => 5.0, "logadjustment" => 1, "zscale" => 2.0, "foc" => 1, "distorted" => 0, "rho" => 1.0, "gamma" => 7.0)
=============================================================
logadjustment: true
reflective_boundary: true
0.109
U: [1.0331966455186503 0.4546065240282061; 0.0 0.06463435618925897]
L: [1.0331966455186503 0.0; 0.4546065240282061 0.06463435618925897]
[-2.220446049250313e-16 0.0; 0.0 0.0]
sigma_k: [0.010331966455186503, 0.004546065240282061]
sigma_z: [0.0, 0.06463435618925897]
Compute value function WITH ROBUSTNESS
computing undistorted version...
zmax = 5.0, zmin = -5.0, zlength = 401
reflective boundary condition
----------------------------------
Iteration = 1
Distance = 1.2121160290774937
v max = -0.9427381021338403
v min = -3.2121160290774937
d max = 0.07672413793103448
d min = 0.07672413793103448
dF max = 0.07672413793103448
dB max = 0.07672413793103448
hk max = 0.010331966455186503
hk min = 0.010331966455186503
hz max = 0.004546065240282061
hz min = 0.004546065240282061
lambdaF max = 0.3192694661254032
lambdaF min = 0.01225494967187982
lambdaB max = 0.3192694661254032
lambdaB min = 0.01225494967187982
----------------------------------
----------------------------------
Iteration = 2
Distance = 0.8338152185181653
v max = -0.5082044383977907
v min = -4.045931247595659
d max = 0.07672413793103448
d min = 0.07672413793103448
dF max = 0.07672413793103448
dB max = 0.07672413793103448
hk max = 0.010331966455186503
hk min = 0.010331966455186503
hz max = 0.01923569164693454
hz min = 0.015895430289476466
lambdaF max = 0.6175832665912885
lambdaF min = 0.01225494967187982
lambdaB max = 0.6175832665912885
lambdaB min = 0.01225494967187982
----------------------------------
----------------------------------
Iteration = 3
Distance = 0.5405039708163706
v max = -0.315332501317397
v min = -4.58643521841203
d max = 0.07672413793103448
d min = 0.07672413793103448
dF max = 0.07672413793103448
dB max = 0.07672413793103448
hk max = 0.010331966455186503
hk min = 0.010331966455186503
hz max = 0.029079492067548264
hz min = 0.021617832968281563
lambdaF max = 0.8277645286331908
lambdaF min = 0.01225494967187982
lambdaB max = 0.831153613873578
lambdaB min = 0.01225494967187982
----------------------------------
----------------------------------
Iteration = 4
Distance = 0.3595920155124377
v max = -0.24503605216039429
v min = -4.946027233924467
d max = 0.07672413793103448
d min = 0.07672413793103448
dF max = 0.07672413793103448
dB max = 0.07672413793103448
hk max = 0.010331966455186503
hk min = 0.010331966455186503
hz max = 0.03512528172950185
hz min = 0.024353717324697554
lambdaF max = 0.9578165450909037
lambdaF min = 0.01225494967187982
lambdaB max = 0.9636849588107833
lambdaB min = 0.01225494967187982
----------------------------------
----------------------------------
Iteration = 5
Distance = 0.24575179623308685
v max = -0.2338776999309398
v min = -5.191779030157554
d max = 0.07672413793103448
d min = 0.07672413793103448
dF max = 0.07672413793103448
dB max = 0.07672413793103448
hk max = 0.010331966455186503
hk min = 0.010331966455186503
hz max = 0.03885666677907205
hz min = 0.025850166161255628
lambdaF max = 1.0386906796456996
lambdaF min = 0.01225494967187982
lambdaB max = 1.0462979572259092
lambdaB min = 0.01225494967187982
----------------------------------
----------------------------------
Iteration = 6
Distance = 0.17197204960595336
v max = -0.24954066217675158
v min = -5.3637510797635075
d max = 0.07672413793103448
d min = 0.07672413793103448
dF max = 0.07672413793103448
dB max = 0.07672413793103448
hk max = 0.010331966455186503
hk min = 0.010331966455186503
hz max = 0.04117435412198198
hz min = 0.02659775221763093
lambdaF max = 1.089724170689921
lambdaF min = 0.01225494967187982
lambdaB max = 1.0985087364049742
lambdaB min = 0.01225494967187982
----------------------------------
----------------------------------
Iteration = 7
Distance = 0.12310413398885878
v max = -0.27619368754829526
v min = -5.486855213752366
d max = 0.07672413793103448
d min = 0.07672413793103448
dF max = 0.07672413793103448
dB max = 0.07672413793103448
hk max = 0.010331966455186503
hk min = 0.010331966455186503
hz max = 0.042617327156168824
hz min = 0.026996865653819757
lambdaF max = 1.12230331487993
lambdaF min = 0.01225494967187982
lambdaB max = 1.1317709962891933
lambdaB min = 0.01225494967187982
----------------------------------
----------------------------------
Iteration = 8
Distance = 0.0900772588332277
v max = -0.30617077697440354
v min = -5.576932472585594
d max = 0.07672413793103448
d min = 0.07672413793103448
dF max = 0.07672413793103448
dB max = 0.07672413793103448
hk max = 0.010331966455186503
hk min = 0.010331966455186503
hz max = 0.043516621729993994
hz min = 0.027213871595416723
lambdaF max = 1.1433589352019824
lambdaF min = 0.01225494967187982
lambdaB max = 1.153004240523107
lambdaB min = 0.01225494967187982
----------------------------------
----------------------------------
Iteration = 9
Distance = 0.06729513092110917
v max = -0.3358073068708783
v min = -5.644227603506703
d max = 0.07672413793103448
d min = 0.07672413793103448
dF max = 0.07672413793103448
dB max = 0.07672413793103448
hk max = 0.010331966455186503
hk min = 0.010331966455186503
hz max = 0.044077373015481446
hz min = 0.027339395394242853
lambdaF max = 1.1567730482458374
lambdaF min = 0.01225494967187982
lambdaB max = 1.1665315141956472
lambdaB min = 0.01225494967187982
----------------------------------
----------------------------------
Iteration = 10
Distance = 0.05124479464311538
v max = -0.36339488615693494
v min = -5.6954723981498185
d max = 0.07672413793103448
d min = 0.07672413793103448
dF max = 0.07672413793103448
dB max = 0.07672413793103448
hk max = 0.010331966455186503
hk min = 0.010331966455186503
hz max = 0.04442713645231047
hz min = 0.027415183158773056
lambdaF max = 1.1652860092331512
lambdaF min = 0.01225494967187982
lambdaB max = 1.1751162899957737
lambdaB min = 0.01225494967187982
----------------------------------
----------------------------------
Iteration = 11
Distance = 0.03969202380576231
v max = -0.38821540496989104
v min = -5.735164421955581
d max = 0.07672413793103448
d min = 0.07672413793103448
dF max = 0.07672413793103448
dB max = 0.07672413793103448
hk max = 0.010331966455186503
hk min = 0.010331966455186503
hz max = 0.044645348108452415
hz min = 0.027462524506058426
lambdaF max = 1.1706665094527924
lambdaF min = 0.01225494967187982
lambdaB max = 1.1805421797827687
lambdaB min = 0.01225494967187982
----------------------------------
----------------------------------
Iteration = 12
Distance = 0.031198636560550774
v max = -0.4100685990565489
v min = -5.766363058516132
d max = 0.07672413793103448
d min = 0.07672413793103448
dF max = 0.07672413793103448
dB max = 0.07672413793103448
hk max = 0.010331966455186503
hk min = 0.010331966455186503
hz max = 0.044781513687951774
hz min = 0.027492585665043406
lambdaF max = 1.1740555024797583
lambdaF min = 0.01225494967187982
lambdaB max = 1.1839597621454803
lambdaB min = 0.01225494967187982
----------------------------------
----------------------------------
Iteration = 13
Distance = 0.024827170997082426
v max = -0.42902784391662985
v min = -5.791190229513214
d max = 0.07672413793103448
d min = 0.07672413793103448
dF max = 0.07672413793103448
dB max = 0.07672413793103448
hk max = 0.010331966455186503
hk min = 0.010331966455186503
hz max = 0.04486649798093452
hz min = 0.027511804277514134
lambdaF max = 1.1761847765551983
lambdaF min = 0.01225494967187982
lambdaB max = 1.1861069986454376
lambdaB min = 0.01225494967187982
----------------------------------
----------------------------------
Iteration = 14
Distance = 0.019957991482281834
v max = -0.4453050178448175
v min = -5.811148220995496
d max = 0.07672413793103448
d min = 0.07672413793103448
dF max = 0.07672413793103448
dB max = 0.07672413793103448
hk max = 0.010331966455186503
hk min = 0.010331966455186503
hz max = 0.04491954870461847
hz min = 0.02752409951185083
lambdaF max = 1.1775203941470185
lambdaF min = 0.01225494967187982
lambdaB max = 1.1874538834247248
lambdaB min = 0.01225494967187982
----------------------------------
----------------------------------
Iteration = 15
Distance = 0.016175052443569093
v max = -0.45917327381438094
v min = -5.827323273439065
d max = 0.07672413793103448
d min = 0.07672413793103448
dF max = 0.07672413793103448
dB max = 0.07672413793103448
hk max = 0.010331966455186503
hk min = 0.010331966455186503
hz max = 0.04495267134730996
hz min = 0.027531945604703928
lambdaF max = 1.178357354683935
lambdaF min = 0.01225494967187982
lambdaB max = 1.1882979045090094
lambdaB min = 0.01225494967187982
----------------------------------
----------------------------------
Iteration = 16
Distance = 0.013194045605491311
v max = -0.47092267509681257
v min = -5.840517319044556
d max = 0.07672413793103448
d min = 0.07672413793103448
dF max = 0.07672413793103448
dB max = 0.07672413793103448
hk max = 0.010331966455186503
hk min = 0.010331966455186503
hz max = 0.04497335553177351
hz min = 0.027536932264570442
lambdaF max = 1.1788815365230771
lambdaF min = 0.01225494967187982
lambdaB max = 1.1888265083137537
lambdaB min = 0.01225494967187982
----------------------------------
----------------------------------
Iteration = 17
Distance = 0.010816904353624146
v max = -0.48083532365102216
v min = -5.85133422339818
d max = 0.07672413793103448
d min = 0.07672413793103448
dF max = 0.07672413793103448
dB max = 0.07672413793103448
hk max = 0.010331966455186503
hk min = 0.010331966455186503
hz max = 0.04498627453393608
hz min = 0.027540088050245434
lambdaF max = 1.1792097193507414
lambdaF min = 0.01225494967187982
lambdaB max = 1.1891574596714714
lambdaB min = 0.01225494967187982
----------------------------------
----------------------------------
Iteration = 18
Distance = 0.008902791294591594
v max = -0.4891722930844256
v min = -5.860237014692772
d max = 0.07672413793103448
d min = 0.07672413793103448
dF max = 0.07672413793103448
dB max = 0.07672413793103448
hk max = 0.010331966455186503
hk min = 0.010331966455186503
hz max = 0.044994344892015245
hz min = 0.02754207789047243
lambdaF max = 1.179415146987982
lambdaF min = 0.01225494967187982
lambdaB max = 1.189364620283565
lambdaB min = 0.01225494967187982
----------------------------------
----------------------------------
Iteration = 19
Distance = 0.0073494453253761804
v max = -0.49616775378757666
v min = -5.867586460018148
d max = 0.07672413793103448
d min = 0.07672413793103448
dF max = 0.07672413793103448
dB max = 0.07672413793103448
hk max = 0.010331966455186503
hk min = 0.010331966455186503
hz max = 0.04499938714956346
hz min = 0.027543329115458173
lambdaF max = 1.1795437160244693
lambdaF min = 0.01225494967187982
lambdaB max = 1.1894942739204988
lambdaB min = 0.01225494967187982
----------------------------------
----------------------------------
Iteration = 20
Distance = 0.006081072280116118
v max = -0.5020273926410465
v min = -5.873667532298264
d max = 0.07672413793103448
d min = 0.07672413793103448
dF max = 0.07672413793103448
dB max = 0.07672413793103448
hk max = 0.010331966455186503
hk min = 0.010331966455186503
hz max = 0.04500253794415213
hz min = 0.02754411441953543
lambdaF max = 1.1796241726740881
lambdaF min = 0.01225494967187982
lambdaB max = 1.1895754092974418
lambdaB min = 0.01225494967187982
----------------------------------
----------------------------------
Iteration = 21
Distance = 0.005040392044260322
v max = -0.5069292756358521
v min = -5.878707924342525
d max = 0.07672413793103448
d min = 0.07672413793103448
dF max = 0.07672413793103448
dB max = 0.07672413793103448
hk max = 0.010331966455186503
hk min = 0.010331966455186503
hz max = 0.04500450706387969
hz min = 0.0275446067099887
lambdaF max = 1.1796745163421198
lambdaF min = 0.01225494967187982
lambdaB max = 1.189626177661546
lambdaB min = 0.01225494967187982
----------------------------------
----------------------------------
Iteration = 22
Distance = 0.004183343400526063
v max = -0.51102598252151
v min = -5.882891267743051
d max = 0.07672413793103448
d min = 0.07672413793103448
dF max = 0.07672413793103448
dB max = 0.07672413793103448
hk max = 0.010331966455186503
hk min = 0.010331966455186503
hz max = 0.0450057378289741
hz min = 0.027544915093914296
lambdaF max = 1.1797060150747702
lambdaF min = 0.01225494967187982
lambdaB max = 1.1896579421155584
lambdaB min = 0.01225494967187982
----------------------------------
----------------------------------
Iteration = 23
Distance = 0.003475501989715468
v max = -0.5144472947268436
v min = -5.886366769732766
d max = 0.07672413793103448
d min = 0.07672413793103448
dF max = 0.07672413793103448
dB max = 0.07672413793103448
hk max = 0.010331966455186503
hk min = 0.010331966455186503
hz max = 0.04500650717804257
hz min = 0.027545108190743656
lambdaF max = 1.17972572176855
lambdaF min = 0.01225494967187982
lambdaB max = 1.1896778150537892
lambdaB min = 0.01225494967187982
----------------------------------
----------------------------------
Iteration = 24
Distance = 0.0028896133588194317
v max = -0.5173030134993845
v min = -5.889256383091586
d max = 0.07672413793103448
d min = 0.07672413793103448
dF max = 0.07672413793103448
dB max = 0.07672413793103448
hk max = 0.010331966455186503
hk min = 0.010331966455186503
hz max = 0.04500698814074862
hz min = 0.027545229067457537
lambdaF max = 1.1797380503482404
lambdaF min = 0.01225494967187982
lambdaB max = 1.1896902476366158
lambdaB min = 0.01225494967187982
----------------------------------
----------------------------------
Iteration = 25
Distance = 0.0024038604482017334
v max = -0.5196856736841546
v min = -5.891660243539787
d max = 0.07672413793103448
d min = 0.07672413793103448
dF max = 0.07672413793103448
dB max = 0.07672413793103448
hk max = 0.010331966455186503
hk min = 0.010331966455186503
hz max = 0.045007288841121686
hz min = 0.027545304721460478
lambdaF max = 1.1797457628601584
lambdaF min = 0.01225494967187982
lambdaB max = 1.189698025210808
lambdaB min = 0.01225494967187982
----------------------------------
----------------------------------
Iteration = 26
Distance = 0.0020006216236776453
v max = -0.52167303507435
v min = -5.893660865163465
d max = 0.07672413793103448
d min = 0.07672413793103448
dF max = 0.07672413793103448
dB max = 0.07672413793103448
hk max = 0.010331966455186503
hk min = 0.010331966455186503
hz max = 0.04500747685350441
hz min = 0.027545352065303074
lambdaF max = 1.1797505875113996
lambdaF min = 0.01225494967187982
lambdaB max = 1.1897028905625089
lambdaB min = 0.01225494967187982
----------------------------------
----------------------------------
Iteration = 27
Distance = 0.0016655616985010724
v max = -0.5233303028348629
v min = -5.895326426861966
d max = 0.07672413793103448
d min = 0.07672413793103448
dF max = 0.07672413793103448
dB max = 0.07672413793103448
hk max = 0.010331966455186503
hk min = 0.010331966455186503
hz max = 0.04500759441489462
hz min = 0.02754538168973792
lambdaF max = 1.1797536055588573
lambdaF min = 0.01225494967187982
lambdaB max = 1.1897059340700282
lambdaB min = 0.01225494967187982
----------------------------------
----------------------------------
Iteration = 28
Distance = 0.0013869531402237456
v max = -0.524712068325921
v min = -5.89671338000219
d max = 0.07672413793103448
d min = 0.07672413793103448
dF max = 0.07672413793103448
dB max = 0.07672413793103448
hk max = 0.010331966455186503
hk min = 0.010331966455186503
hz max = 0.0450076679280323
hz min = 0.027545400225090614
lambdaF max = 1.1797554934558154
lambdaF min = 0.01225494967187982
lambdaB max = 1.1897078378931685
lambdaB min = 0.01225494967187982
----------------------------------
----------------------------------
Iteration = 29
Distance = 0.0011551595638170653
v max = -0.5258639831420499
v min = -5.897868539566007
d max = 0.07672413793103448
d min = 0.07672413793103448
dF max = 0.07672413793103448
dB max = 0.07672413793103448
hk max = 0.010331966455186503
hk min = 0.010331966455186503
hz max = 0.04500771389904197
hz min = 0.027545411821494527
lambdaF max = 1.1797566743858112
lambdaF min = 0.01225494967187982
lambdaB max = 1.1897090287854166
lambdaB min = 0.01225494967187982
----------------------------------
----------------------------------
Iteration = 30
Distance = 0.0009622360202374836
v max = -0.5268241896487519
v min = -5.898830775586244
d max = 0.07672413793103448
d min = 0.07672413793103448
dF max = 0.07672413793103448
dB max = 0.07672413793103448
hk max = 0.010331966455186503
hk min = 0.010331966455186503
hz max = 0.04500774264779288
hz min = 0.02754541907626704
lambdaF max = 1.1797574130802135
lambdaF min = 0.01225494967187982
lambdaB max = 1.1897097737113995
lambdaB min = 0.01225494967187982
----------------------------------
----------------------------------
Iteration = 31
Distance = 0.0008016150944296641
v max = -0.5276245353279196
v min = -5.899632390680674
d max = 0.07672413793103448
d min = 0.07672413793103448
dF max = 0.07672413793103448
dB max = 0.07672413793103448
hk max = 0.010331966455186503
hk min = 0.010331966455186503
hz max = 0.04500776062687128
hz min = 0.02754542361471406
lambdaF max = 1.1797578751431999
lambdaF min = 0.01225494967187982
lambdaB max = 1.1897102396723207
lambdaB min = 0.01225494967187982
----------------------------------
----------------------------------
Iteration = 32
Distance = 0.0006678573141600808
v max = -0.5282915986499644
v min = -5.900300247994834
d max = 0.07672413793103448
d min = 0.07672413793103448
dF max = 0.07672413793103448
dB max = 0.07672413793103448
hk max = 0.010331966455186503
hk min = 0.010331966455186503
hz max = 0.045007771871031985
hz min = 0.027545426453794323
lambdaF max = 1.1797581641673824
lambdaF min = 0.01225494967187982
lambdaB max = 1.1897105311346934
lambdaB min = 0.01225494967187982
----------------------------------
----------------------------------
Iteration = 33
Distance = 0.0005564506543702663
v max = -0.5288475526784672
v min = -5.900856698649204
d max = 0.07672413793103448
d min = 0.07672413793103448
dF max = 0.07672413793103448
dB max = 0.07672413793103448
hk max = 0.010331966455186503
hk min = 0.010331966455186503
hz max = 0.045007778903317114
hz min = 0.02754542822977281
lambdaF max = 1.1797583449530942
lambdaF min = 0.01225494967187982
lambdaB max = 1.189710713445502
lambdaB min = 0.01225494967187982
----------------------------------
----------------------------------
Iteration = 34
Distance = 0.00046364814364885376
v max = -0.5293108901923501
v min = -5.901320346792853
d max = 0.07672413793103448
d min = 0.07672413793103448
dF max = 0.07672413793103448
dB max = 0.07672413793103448
hk max = 0.010331966455186503
hk min = 0.010331966455186503
hz max = 0.04500778330151004
hz min = 0.02754542934071084
lambdaF max = 1.1797584580347575
lambdaF min = 0.01225494967187982
lambdaB max = 1.1897108274811152
lambdaB min = 0.01225494967187982
----------------------------------
----------------------------------
Iteration = 35
Distance = 0.00038633546641353433
v max = -0.529697031365694
v min = -5.901706682259267
d max = 0.07672413793103448
d min = 0.07672413793103448
dF max = 0.07672413793103448
dB max = 0.07672413793103448
hk max = 0.010331966455186503
hk min = 0.010331966455186503
hz max = 0.04500778605229657
hz min = 0.027545430035632125
lambdaF max = 1.179758528767068
lambdaF min = 0.01225494967187982
lambdaB max = 1.189710898810119
lambdaB min = 0.01225494967187982
----------------------------------
----------------------------------
Iteration = 36
Distance = 0.00032192246308770933
v max = -0.5300188323020053
v min = -5.9020286047223545
d max = 0.07672413793103448
d min = 0.07672413793103448
dF max = 0.07672413793103448
dB max = 0.07672413793103448
hk max = 0.010331966455186503
hk min = 0.010331966455186503
hz max = 0.045007787772765796
hz min = 0.027545430470318443
lambdaF max = 1.1797585730097944
lambdaF min = 0.01225494967187982
lambdaB max = 1.1897109434260744
lambdaB min = 0.01225494967187982
----------------------------------
----------------------------------
Iteration = 37
Distance = 0.0002682538589873218
v max = -0.5302870101481356
v min = -5.902296858581342
d max = 0.07672413793103448
d min = 0.07672413793103448
dF max = 0.07672413793103448
dB max = 0.07672413793103448
hk max = 0.010331966455186503
hk min = 0.010331966455186503
hz max = 0.04500778884884094
hz min = 0.02754543074222049
lambdaF max = 1.1797586006833067
lambdaF min = 0.01225494967187982
lambdaB max = 1.1897109713330387
lambdaB min = 0.01225494967187982
----------------------------------
----------------------------------
Iteration = 38
Distance = 0.0002235355879314227
v max = -0.5305104981913273
v min = -5.902520394169273
d max = 0.07672413793103448
d min = 0.07672413793103448
dF max = 0.07672413793103448
dB max = 0.07672413793103448
hk max = 0.010331966455186503
hk min = 0.010331966455186503
hz max = 0.04500778952188104
hz min = 0.027545430912297438
lambdaF max = 1.1797586179929633
lambdaF min = 0.01225494967187982
lambdaB max = 1.1897109887887187
lambdaB min = 0.01225494967187982
----------------------------------
----------------------------------
Iteration = 39
Distance = 0.0001862738431608335
v max = -0.5306967422960485
v min = -5.902706668012434
d max = 0.07672413793103448
d min = 0.07672413793103448
dF max = 0.07672413793103448
dB max = 0.07672413793103448
hk max = 0.010331966455186503
hk min = 0.010331966455186503
hz max = 0.04500778994283851
hz min = 0.02754543101868121
lambdaF max = 1.1797586288199702
lambdaF min = 0.01225494967187982
lambdaB max = 1.1897109997070616
lambdaB min = 0.01225494967187982
----------------------------------
----------------------------------
Iteration = 40
Distance = 0.00015522456648575655
v max = -0.5308519482616316
v min = -5.90286189257892
d max = 0.07672413793103448
d min = 0.07672413793103448
dF max = 0.07672413793103448
dB max = 0.07672413793103448
hk max = 0.010331966455186503
hk min = 0.010331966455186503
hz max = 0.04500779020613383
hz min = 0.027545431085224063
lambdaF max = 1.179758635592117
lambdaF min = 0.01225494967187982
lambdaB max = 1.1897110065363377
lambdaB min = 0.01225494967187982
----------------------------------
----------------------------------
Iteration = 41
Distance = 0.00012935153108450947
v max = -0.5309812881581606
v min = -5.902991244110004
d max = 0.07672413793103448
d min = 0.07672413793103448
dF max = 0.07672413793103448
dB max = 0.07672413793103448
hk max = 0.010331966455186503
hk min = 0.010331966455186503
hz max = 0.04500779037082028
hz min = 0.02754543112684632
lambdaF max = 1.1797586398280608
lambdaF min = 0.01225494967187982
lambdaB max = 1.1897110108080158
lambdaB min = 0.01225494967187982
----------------------------------
----------------------------------
Iteration = 42
Distance = 0.00010779152005646608
v max = -0.5310890724009771
v min = -5.903099035630061
d max = 0.07672413793103448
d min = 0.07672413793103448
dF max = 0.07672413793103448
dB max = 0.07672413793103448
hk max = 0.010331966455186503
hk min = 0.010331966455186503
hz max = 0.04500779047382423
hz min = 0.02754543115288147
lambdaF max = 1.1797586424775466
lambdaF min = 0.01225494967187982
lambdaB max = 1.1897110134798525
lambdaB min = 0.01225494967187982
----------------------------------
----------------------------------
Iteration = 43
Distance = 8.982537694546266e-5
v max = -0.5311788932261331
v min = -5.903188861007006
d max = 0.07672413793103448
d min = 0.07672413793103448
dF max = 0.07672413793103448
dB max = 0.07672413793103448
hk max = 0.010331966455186503
hk min = 0.010331966455186503
hz max = 0.045007790538250776
hz min = 0.027545431169165493
lambdaF max = 1.179758644134771
lambdaF min = 0.01225494967187982
lambdaB max = 1.189711015151057
lambdaB min = 0.01225494967187982
----------------------------------
----------------------------------
Iteration = 44
Distance = 7.485392427231119e-5
v max = -0.5312537443033258
v min = -5.9032637149312785
d max = 0.07672413793103448
d min = 0.07672413793103448
dF max = 0.07672413793103448
dB max = 0.07672413793103448
hk max = 0.010331966455186503
hk min = 0.010331966455186503
hz max = 0.04500779057855038
hz min = 0.027545431179351765
lambdaF max = 1.1797586451713593
lambdaF min = 0.01225494967187982
lambdaB max = 1.18971101619639
lambdaB min = 0.01225494967187982
----------------------------------
----------------------------------
Iteration = 45
Distance = 6.237792213248383e-5
v max = -0.5313161204446534
v min = -5.903326092853411
d max = 0.07672413793103448
d min = 0.07672413793103448
dF max = 0.07672413793103448
dB max = 0.07672413793103448
hk max = 0.010331966455186503
hk min = 0.010331966455186503
hz max = 0.045007790603754275
hz min = 0.027545431185722488
lambdaF max = 1.1797586458198086
lambdaF min = 0.01225494967187982
lambdaB max = 1.1897110168503096
lambdaB min = 0.01225494967187982
----------------------------------
----------------------------------
Iteration = 46
Distance = 5.198138404782782e-5
v max = -0.5313681007148374
v min = -5.903378074237459
d max = 0.07672413793103448
d min = 0.07672413793103448
dF max = 0.07672413793103448
dB max = 0.07672413793103448
hk max = 0.010331966455186503
hk min = 0.010331966455186503
hz max = 0.045007790619522786
hz min = 0.027545431189707956
lambdaF max = 1.1797586462253662
lambdaF min = 0.01225494967187982
lambdaB max = 1.1897110172592884
lambdaB min = 0.01225494967187982
----------------------------------
----------------------------------
Iteration = 47
Distance = 4.3317683859456224e-5
v max = -0.5314114177019899
v min = -5.903421391921318
d max = 0.07672413793103448
d min = 0.07672413793103448
dF max = 0.07672413793103448
dB max = 0.07672413793103448
hk max = 0.010331966455186503
hk min = 0.010331966455186503
hz max = 0.04500779062938299
hz min = 0.027545431192200563
lambdaF max = 1.179758646479027
lambdaF min = 0.01225494967187982
lambdaB max = 1.1897110175150891
lambdaB min = 0.01225494967187982
----------------------------------
----------------------------------
Iteration = 48
Distance = 3.609798470005643e-5
v max = -0.5314475152509115
v min = -5.903457489906018
d max = 0.07672413793103448
d min = 0.07672413793103448
dF max = 0.07672413793103448
dB max = 0.07672413793103448
hk max = 0.010331966455186503
hk min = 0.010331966455186503
hz max = 0.04500779063555078
hz min = 0.027545431193759733
lambdaF max = 1.1797586466376666
lambdaF min = 0.01225494967187982
lambdaB max = 1.189711017675067
lambdaB min = 0.01225494967187982
----------------------------------
----------------------------------
Iteration = 49
Distance = 3.0081600638887096e-5
v max = -0.5314775965789761
v min = -5.903487571506657
d max = 0.07672413793103448
d min = 0.07672413793103448
dF max = 0.07672413793103448
dB max = 0.07672413793103448
hk max = 0.010331966455186503
hk min = 0.010331966455186503
hz max = 0.04500779063940852
hz min = 0.027545431194734786
lambdaF max = 1.1797586467369021
lambdaF min = 0.01225494967187982
lambdaB max = 1.1897110177751398
lambdaB min = 0.01225494967187982
----------------------------------
----------------------------------
Iteration = 50
Distance = 2.506796720602722e-5
v max = -0.5315026643756916
v min = -5.903512639473863
d max = 0.07672413793103448
d min = 0.07672413793103448
dF max = 0.07672413793103448
dB max = 0.07672413793103448
hk max = 0.010331966455186503
hk min = 0.010331966455186503
hz max = 0.0450077906418219
hz min = 0.027545431195344736
lambdaF max = 1.1797586467989596
lambdaF min = 0.01225494967187982
lambdaB max = 1.1897110178377206
lambdaB min = 0.01225494967187982
----------------------------------
----------------------------------
Iteration = 51
Distance = 2.088995182614184e-5
v max = -0.5315235542208795
v min = -5.903533529425689
d max = 0.07672413793103448
d min = 0.07672413793103448
dF max = 0.07672413793103448
dB max = 0.07672413793103448
hk max = 0.010331966455186503
hk min = 0.010331966455186503
hz max = 0.045007790643330554
hz min = 0.027545431195726205
lambdaF max = 1.1797586468378234
lambdaF min = 0.01225494967187982
lambdaB max = 1.1897110178769124
lambdaB min = 0.01225494967187982
----------------------------------
----------------------------------
Iteration = 52
Distance = 1.7408280157837908e-5
v max = -0.5315409624343298
v min = -5.903550937705847
d max = 0.07672413793103448
d min = 0.07672413793103448
dF max = 0.07672413793103448
dB max = 0.07672413793103448
hk max = 0.010331966455186503
hk min = 0.010331966455186503
hz max = 0.04500779064427432
hz min = 0.0275454311959653
lambdaF max = 1.1797586468621406
lambdaF min = 0.01225494967187982
lambdaB max = 1.1897110179014347
lambdaB min = 0.01225494967187982
----------------------------------
----------------------------------
Iteration = 53
Distance = 1.4506891968579794e-5
v max = -0.5315554692845809
v min = -5.903565444597816
d max = 0.07672413793103448
d min = 0.07672413793103448
dF max = 0.07672413793103448
dB max = 0.07672413793103448
hk max = 0.010331966455186503
hk min = 0.010331966455186503
hz max = 0.045007790644866756
hz min = 0.027545431196114273
lambdaF max = 1.1797586468772805
lambdaF min = 0.01225494967187982
lambdaB max = 1.1897110179167023
lambdaB min = 0.01225494967187982
----------------------------------
----------------------------------
Iteration = 54
Distance = 1.2089071545595687e-5
v max = -0.5315675583300289
v min = -5.903577533669361
d max = 0.07672413793103448
d min = 0.07672413793103448
dF max = 0.07672413793103448
dB max = 0.07672413793103448
hk max = 0.010331966455186503
hk min = 0.010331966455186503
hz max = 0.04500779064523646
hz min = 0.02754543119620756
lambdaF max = 1.1797586468867702
lambdaF min = 0.01225494967187982
lambdaB max = 1.189711017926272
lambdaB min = 0.01225494967187982
----------------------------------
----------------------------------
Iteration = 55
Distance = 1.0074223101064206e-5
v max = -0.5315776325367992
v min = -5.9035876078924625
d max = 0.07672413793103448
d min = 0.07672413793103448
dF max = 0.07672413793103448
dB max = 0.07672413793103448
hk max = 0.010331966455186503
hk min = 0.010331966455186503
hz max = 0.04500779064546609
hz min = 0.027545431196266117
lambdaF max = 1.1797586468927324
lambdaF min = 0.01225494967187982
lambdaB max = 1.1897110179322843
lambdaB min = 0.01225494967187982
----------------------------------
----------------------------------
Iteration = 56
Distance = 8.395183909826187e-6
v max = -0.5315860277105062
v min = -5.903596003076372
d max = 0.07672413793103448
d min = 0.07672413793103448
dF max = 0.07672413793103448
dB max = 0.07672413793103448
hk max = 0.010331966455186503
hk min = 0.010331966455186503
hz max = 0.04500779064560616
hz min = 0.027545431196302567
lambdaF max = 1.179758646896447
lambdaF min = 0.01225494967187982
lambdaB max = 1.1897110179360304
lambdaB min = 0.01225494967187982
----------------------------------
    Value Function Converged, Iteration = 56 with gamma=7.0 with rho=1.0 and v=-2.819156365889684
    Reflective boundary condition
=============================================================
Convegence time (minutes): 0.11203619258333333
Current Time = 16:00:01
grid points for z:  401
grid size for z:  0.025
-0.08902347293541306
-0.2607782251136437
--- 8.738078832626343 seconds for the elasticity computation ---
-0.0233167263050053
-0.1344251861997186
--- 0.22268009185791016 seconds for the elasticity computation ---
-0.021227595965172544
-0.1263530389139251
--- 0.22219109535217285 seconds for the elasticity computation ---
-0.16878318643255397
-0.268217240961378
--- 0.22124528884887695 seconds for the elasticity computation ---
Current Time = 16:00:13
grid points for z:  401
grid size for z:  0.025
rho = 1
0.05975971349714089
--- 8.619904518127441 seconds for the elasticity computation ---
0.0
--- 0.06756186485290527 seconds for the elasticity computation ---
0.05975971349714089
--- 0.06648707389831543 seconds for the elasticity computation ---
0.0
--- 0.06636834144592285 seconds for the elasticity computation ---
0.0
--- 0.06615734100341797 seconds for the elasticity computation ---
0.05975971349714089
0.007439015847734282
--- 0.06642889976501465 seconds for the elasticity computation ---
0.05975971349714089
0.007439015847734282
--- 0.06731390953063965 seconds for the elasticity computation ---
0.05975971349714089
0.007439015847734282
--- 0.06622529029846191 seconds for the elasticity computation ---
0.05975971349714089
0.007439015847734282
--- 0.0662696361541748 seconds for the elasticity computation ---
parsed_args = parse_commandline() = Dict{String, Any}("dataname" => "upper_triangular_four_ambiguous_parameters", "clowerlim" => 0.0001, "delta" => 0.02, "boundary" => 1, "Delta" => 10.0, "q" => 0.05, "zmax" => 5.0, "logadjustment" => 1, "zscale" => 2.0, "foc" => 1, "distorted" => 0, "rho" => 1.0, "gamma" => 7.0)
=============================================================
./output/upper_triangular_four_ambiguous_parameters/Delta_10.0_distorted_0/logadjustment_1_boundary_1/zmax_5.0_zscale_2.0/delta_0.02/q_0.05_gamma_7.0_rho_1.0/
=============================================================
solve for structured linear system 
structured_relative_entropy = 0.0506473923324922
=============================================================
solve for unstructured linear system 
q_update = 0.2679558080786714
=============================================================
parsed_args = parse_commandline() = Dict{String, Any}("dataname" => "upper_triangular_four_ambiguous_parameters", "clowerlim" => 0.0001, "delta" => 0.02, "boundary" => 1, "Delta" => 10.0, "q" => 0.05, "zmax" => 5.0, "logadjustment" => 1, "zscale" => 2.0, "foc" => 1, "distorted" => 0, "rho" => 1.0, "gamma" => 7.0)
=============================================================
./output/upper_triangular_four_ambiguous_parameters/Delta_10.0_distorted_0/logadjustment_1_boundary_1/zmax_5.0_zscale_2.0/delta_0.02/q_0.05_gamma_7.0_rho_1.0/
=============================================================
solve for structured linear system 
structured_relative_entropy = 0.0506473923324922
=============================================================
solve for unstructured linear system 
q_update = 0.2679558080786714
=============================================================
Program ends Fri Jan 19 16:00:54 CST 2024
Elapsed time: 0 days 00 hr 01 min 22 sec
