D_10.0_distorted_0_boundary_1_delta_0.02_gamma_5.0_q_0.1_rho_1.0_upper_triangular_four_ambiguous_parameters
Program starts Fri Jan 19 22:17:23 CST 2024
parsed_args = parse_commandline() = Dict{String, Any}("dataname" => "upper_triangular_four_ambiguous_parameters", "clowerlim" => 0.0001, "delta" => 0.02, "boundary" => 1, "Delta" => 10.0, "q" => 0.1, "zmax" => 5.0, "logadjustment" => 1, "zscale" => 2.0, "foc" => 1, "distorted" => 0, "rho" => 1.0, "gamma" => 5.0)
=============================================================
logadjustment: true
reflective_boundary: true
0.109
U: [1.0331966455186503 0.4546065240282061; 0.0 0.06463435618925897]
L: [1.0331966455186503 0.0; 0.4546065240282061 0.06463435618925897]
[-2.220446049250313e-16 0.0; 0.0 0.0]
sigma_k: [0.010331966455186503, 0.004546065240282061]
sigma_z: [0.0, 0.06463435618925897]
Compute value function WITH ROBUSTNESS
computing undistorted version...
zmax = 5.0, zmin = -5.0, zlength = 401
reflective boundary condition
----------------------------------
Iteration = 1
Distance = 1.211054227077493
v max = -0.9416763001338415
v min = -3.211054227077493
d max = 0.07672413793103448
d min = 0.07672413793103448
dF max = 0.07672413793103448
dB max = 0.07672413793103448
hk max = 0.010331966455186503
hk min = 0.010331966455186503
hz max = 0.004546065240282061
hz min = 0.004546065240282061
lambdaF max = 0.1596347330627016
lambdaF min = 0.006028620769798677
lambdaB max = 0.1596347330627016
lambdaB min = 0.006028620769798677
----------------------------------
----------------------------------
Iteration = 2
Distance = 0.9290455657337691
v max = -0.665469458886574
v min = -4.140099792811262
d max = 0.07672413793103448
d min = 0.07672413793103448
dF max = 0.07672413793103448
dB max = 0.07672413793103448
hk max = 0.010331966455186503
hk min = 0.010331966455186503
hz max = 0.019235691646935688
hz min = 0.015895430289476466
lambdaF max = 0.3087916332956299
lambdaF min = 0.006028620769798677
lambdaB max = 0.30879163329564424
lambdaB min = 0.006028620769798677
----------------------------------
----------------------------------
Iteration = 3
Distance = 0.627986335927126
v max = -0.5653077445540285
v min = -4.768086128738388
d max = 0.07672413793103448
d min = 0.07672413793103448
dF max = 0.07672413793103448
dB max = 0.07672413793103448
hk max = 0.010331966455186503
hk min = 0.010331966455186503
hz max = 0.030357594812216306
hz min = 0.02071748932481339
lambdaF max = 0.4075727139901005
lambdaF min = 0.006028620769798677
lambdaB max = 0.41104832139439873
lambdaB min = 0.006028620769798677
----------------------------------
----------------------------------
Iteration = 4
Distance = 0.4330491770735003
v max = -0.5489923647069751
v min = -5.2011353058118885
d max = 0.07672413793103448
d min = 0.07672413793103448
dF max = 0.07672413793103448
dB max = 0.07672413793103448
hk max = 0.010331966455186503
hk min = 0.010331966455186503
hz max = 0.03760515014678792
hz min = 0.022061426163866072
lambdaF max = 0.4725005731593878
lambdaF min = 0.006028620769798677
lambdaB max = 0.47816152706039544
lambdaB min = 0.006028620769798677
----------------------------------
----------------------------------
Iteration = 5
Distance = 0.30577926585663384
v max = -0.5674384049577736
v min = -5.506914571668522
d max = 0.07672413793103448
d min = 0.07672413793103448
dF max = 0.07672413793103448
dB max = 0.07672413793103448
hk max = 0.010331966455186503
hk min = 0.010331966455186503
hz max = 0.042360391512525436
hz min = 0.023172425944853754
lambdaF max = 0.5143122005803198
lambdaF min = 0.006028620769798677
lambdaB max = 0.5215480162250438
lambdaB min = 0.006028620769798677
----------------------------------
----------------------------------
Iteration = 6
Distance = 0.21948156648855388
v max = -0.598452617807051
v min = -5.726396138157076
d max = 0.07672413793103448
d min = 0.07672413793103448
dF max = 0.07672413793103448
dB max = 0.07672413793103448
hk max = 0.010331966455186503
hk min = 0.010331966455186503
hz max = 0.04551925940238908
hz min = 0.023438987802557217
lambdaF max = 0.541922727983033
lambdaF min = 0.006028620769798677
lambdaB max = 0.5502514169511857
lambdaB min = 0.006028620769798677
----------------------------------
----------------------------------
Iteration = 7
Distance = 0.15977607813289296
v max = -0.6333047999857301
v min = -5.886172216289969
d max = 0.07672413793103448
d min = 0.07672413793103448
dF max = 0.07672413793103448
dB max = 0.07672413793103448
hk max = 0.010331966455186503
hk min = 0.010331966455186503
hz max = 0.047627226315221836
hz min = 0.023704530252434138
lambdaF max = 0.5604641922352308
lambdaF min = 0.006028620769798677
lambdaB max = 0.569543234776024
lambdaB min = 0.006028620769798677
----------------------------------
----------------------------------
Iteration = 8
Distance = 0.1178675377289009
v max = -0.6676782098066704
v min = -6.00403975401887
d max = 0.07672413793103448
d min = 0.07672413793103448
dF max = 0.07672413793103448
dB max = 0.07672413793103448
hk max = 0.010331966455186503
hk min = 0.010331966455186503
hz max = 0.049036605009989534
hz min = 0.02379321211137398
lambdaF max = 0.5730314938576766
lambdaF min = 0.006028620769798677
lambdaB max = 0.5826204586506334
lambdaB min = 0.006028620769798677
----------------------------------
----------------------------------
Iteration = 9
Distance = 0.08807523863175248
v max = -0.6998480652355471
v min = -6.092114992650623
d max = 0.07672413793103448
d min = 0.07672413793103448
dF max = 0.07672413793103448
dB max = 0.07672413793103448
hk max = 0.010331966455186503
hk min = 0.010331966455186503
hz max = 0.04997977171146667
hz min = 0.023879304132138113
lambdaF max = 0.5815836527557037
lambdaF min = 0.006028620769798677
lambdaB max = 0.5915167387689914
lambdaB min = 0.006028620769798677
----------------------------------
----------------------------------
Iteration = 10
Distance = 0.06663561996981393
v max = -0.7289195255367973
v min = -6.1587506126204365
d max = 0.07672413793103448
d min = 0.07672413793103448
dF max = 0.07672413793103448
dB max = 0.07672413793103448
hk max = 0.010331966455186503
hk min = 0.010331966455186503
hz max = 0.05061123770798164
hz min = 0.02392095841255013
lambdaF max = 0.5874083710183227
lambdaF min = 0.006028620769798677
lambdaB max = 0.59757271550481
lambdaB min = 0.006028620769798677
----------------------------------
----------------------------------
Iteration = 11
Distance = 0.05101722217310112
v max = -0.7547043329095473
v min = -6.209767834793538
d max = 0.07672413793103448
d min = 0.07672413793103448
dF max = 0.07672413793103448
dB max = 0.07672413793103448
hk max = 0.010331966455186503
hk min = 0.010331966455186503
hz max = 0.05103411703073462
hz min = 0.023954686093715132
lambdaF max = 0.591372183882309
lambdaF min = 0.006028620769798677
lambdaB max = 0.6016915990423962
lambdaB min = 0.006028620769798677
----------------------------------
----------------------------------
Iteration = 12
Distance = 0.039498607744742564
v max = -0.7772302066193262
v min = -6.24926644253828
d max = 0.07672413793103448
d min = 0.07672413793103448
dF max = 0.07672413793103448
dB max = 0.07672413793103448
hk max = 0.010331966455186503
hk min = 0.010331966455186503
hz max = 0.05131734790501486
hz min = 0.02397504736066722
lambdaF max = 0.594065379881283
lambdaF min = 0.006028620769798677
lambdaB max = 0.604488684507232
lambdaB min = 0.006028620769798677
----------------------------------
----------------------------------
Iteration = 13
Distance = 0.030898361085490045
v max = -0.7967224147288832
v min = -6.28016480362377
d max = 0.07672413793103448
d min = 0.07672413793103448
dF max = 0.07672413793103448
dB max = 0.07672413793103448
hk max = 0.010331966455186503
hk min = 0.010331966455186503
hz max = 0.051507062373070595
hz min = 0.023989753324150202
lambdaF max = 0.5958920096402798
lambdaF min = 0.006028620769798677
lambdaB max = 0.6063849045134087
lambdaB min = 0.006028620769798677
----------------------------------
----------------------------------
Iteration = 14
Distance = 0.02439864409988335
v max = -0.813451173637914
v min = -6.304563447723654
d max = 0.07672413793103448
d min = 0.07672413793103448
dF max = 0.07672413793103448
dB max = 0.07672413793103448
hk max = 0.010331966455186503
hk min = 0.010331966455186503
hz max = 0.05163414548245969
hz min = 0.023999589941869303
lambdaF max = 0.5971287894256687
lambdaF min = 0.006028620769798677
lambdaB max = 0.6076683101356779
lambdaB min = 0.006028620769798677
----------------------------------
----------------------------------
Iteration = 15
Distance = 0.019428335256551854
v max = -0.8277265863087144
v min = -6.3239917829802055
d max = 0.07672413793103448
d min = 0.07672413793103448
dF max = 0.07672413793103448
dB max = 0.07672413793103448
hk max = 0.010331966455186503
hk min = 0.010331966455186503
hz max = 0.05171927926716478
hz min = 0.024006279819095196
lambdaF max = 0.5979649277954912
lambdaF min = 0.006028620769798677
lambdaB max = 0.6085357003489583
lambdaB min = 0.006028620769798677
----------------------------------
----------------------------------
Iteration = 16
Distance = 0.015584915101693575
v max = -0.8398485662420463
v min = -6.339576698081899
d max = 0.07672413793103448
d min = 0.07672413793103448
dF max = 0.07672413793103448
dB max = 0.07672413793103448
hk max = 0.010331966455186503
hk min = 0.010331966455186503
hz max = 0.05177631483070605
hz min = 0.024010924481174464
lambdaF max = 0.5985294861744418
lambdaF min = 0.006028620769798677
lambdaB max = 0.6091212147262156
lambdaB min = 0.006028620769798677
----------------------------------
----------------------------------
Iteration = 17
Distance = 0.012581885360870793
v max = -0.8501047340620957
v min = -6.35215858344277
d max = 0.07672413793103448
d min = 0.07672413793103448
dF max = 0.07672413793103448
dB max = 0.07672413793103448
hk max = 0.010331966455186503
hk min = 0.010331966455186503
hz max = 0.05181452894250957
hz min = 0.024014002217699806
lambdaF max = 0.5989102738973058
lambdaF min = 0.006028620769798677
lambdaB max = 0.6095160599734418
lambdaB min = 0.006028620769798677
----------------------------------
----------------------------------
Iteration = 18
Distance = 0.010213166421470632
v max = -0.8587556789153508
v min = -6.3623717498642405
d max = 0.07672413793103448
d min = 0.07672413793103448
dF max = 0.07672413793103448
dB max = 0.07672413793103448
hk max = 0.010331966455186503
hk min = 0.010331966455186503
hz max = 0.05184013489293674
hz min = 0.02401615415577523
lambdaF max = 0.599166892303654
lambdaF min = 0.006028620769798677
lambdaB max = 0.6097821113710591
lambdaB min = 0.006028620769798677
----------------------------------
----------------------------------
Iteration = 19
Distance = 0.008328858227541147
v max = -0.8660355906589283
v min = -6.370700608091782
d max = 0.07672413793103448
d min = 0.07672413793103448
dF max = 0.07672413793103448
dB max = 0.07672413793103448
hk max = 0.010331966455186503
hk min = 0.010331966455186503
hz max = 0.05185729427188731
hz min = 0.024017568976320285
lambdaF max = 0.599339713554871
lambdaF min = 0.006028620769798677
lambdaB max = 0.6099612640294529
lambdaB min = 0.006028620769798677
----------------------------------
----------------------------------
Iteration = 20
Distance = 0.0068186457292309655
v max = -0.872149849726533
v min = -6.377519253821013
d max = 0.07672413793103448
d min = 0.07672413793103448
dF max = 0.07672413793103448
dB max = 0.07672413793103448
hk max = 0.010331966455186503
hk min = 0.010331966455186503
hz max = 0.05186879457772305
hz min = 0.024018553707884766
lambdaF max = 0.5994560380461961
lambdaF min = 0.006028620769798677
lambdaB max = 0.6100818389617796
lambdaB min = 0.006028620769798677
----------------------------------
----------------------------------
Iteration = 21
Distance = 0.005600370126616738
v max = -0.8772773168435412
v min = -6.383119623947629
d max = 0.07672413793103448
d min = 0.07672413793103448
dF max = 0.07672413793103448
dB max = 0.07672413793103448
hk max = 0.010331966455186503
hk min = 0.010331966455186503
hz max = 0.051876503026935625
hz min = 0.02401920162388354
lambdaF max = 0.5995343013325327
lambdaF min = 0.006028620769798677
lambdaB max = 0.6101629560764316
lambdaB min = 0.006028620769798677
----------------------------------
----------------------------------
Iteration = 22
Distance = 0.004612105877197514
v max = -0.8815719089301084
v min = -6.387731729824827
d max = 0.07672413793103448
d min = 0.07672413793103448
dF max = 0.07672413793103448
dB max = 0.07672413793103448
hk max = 0.010331966455186503
hk min = 0.010331966455186503
hz max = 0.05188167047440039
hz min = 0.024019648972196214
lambdaF max = 0.5995869389321071
lambdaF min = 0.006028620769798677
lambdaB max = 0.6102175099772543
lambdaB min = 0.006028620769798677
----------------------------------
----------------------------------
Iteration = 23
Distance = 0.0038066274759787078
v max = -0.8851653748919014
v min = -6.3915383573008056
d max = 0.07672413793103448
d min = 0.07672413793103448
dF max = 0.07672413793103448
dB max = 0.07672413793103448
hk max = 0.010331966455186503
hk min = 0.010331966455186503
hz max = 0.05188513494773067
hz min = 0.02401994455170719
lambdaF max = 0.5996223317529558
lambdaF min = 0.006028620769798677
lambdaB max = 0.6102541896486642
lambdaB min = 0.006028620769798677
----------------------------------
----------------------------------
Iteration = 24
Distance = 0.003147513193803242
v max = -0.8881697776321131
v min = -6.394685870494609
d max = 0.07672413793103448
d min = 0.07672413793103448
dF max = 0.07672413793103448
dB max = 0.07672413793103448
hk max = 0.010331966455186503
hk min = 0.010331966455186503
hz max = 0.05188745795345711
hz min = 0.02402014698325447
lambdaF max = 0.5996461241906981
lambdaF min = 0.006028620769798677
lambdaB max = 0.6102788462795612
lambdaB min = 0.006028620769798677
----------------------------------
----------------------------------
Iteration = 25
Distance = 0.002606376246102826
v max = -0.8906800763246668
v min = -6.397292246740712
d max = 0.07672413793103448
d min = 0.07672413793103448
dF max = 0.07672413793103448
dB max = 0.07672413793103448
hk max = 0.010331966455186503
hk min = 0.010331966455186503
hz max = 0.05188901576287081
hz min = 0.02402028140362951
lambdaF max = 0.5996621155674443
lambdaF min = 0.006028620769798677
lambdaB max = 0.6102954180259437
lambdaB min = 0.006028620769798677
----------------------------------
----------------------------------
Iteration = 26
Distance = 0.002160877306265796
v max = -0.892776450708143
v min = -6.399453124046977
d max = 0.07672413793103448
d min = 0.07672413793103448
dF max = 0.07672413793103448
dB max = 0.07672413793103448
hk max = 0.010331966455186503
hk min = 0.010331966455186503
hz max = 0.05189006055004418
hz min = 0.02402037283245495
lambdaF max = 0.5996728621520846
lambdaF min = 0.006028620769798677
lambdaB max = 0.610306554377227
lambdaB min = 0.006028620769798677
----------------------------------
----------------------------------
Iteration = 27
Distance = 0.0017932823666244602
v max = -0.8945264275839974
v min = -6.401246406413602
d max = 0.07672413793103448
d min = 0.07672413793103448
dF max = 0.07672413793103448
dB max = 0.07672413793103448
hk max = 0.010331966455186503
hk min = 0.010331966455186503
hz max = 0.0518907613415263
hz min = 0.024020433814663057
lambdaF max = 0.5996800832669659
lambdaF min = 0.006028620769798677
lambdaB max = 0.6103140372545861
lambdaB min = 0.006028620769798677
----------------------------------
----------------------------------
Iteration = 28
Distance = 0.0014894042961994813
v max = -0.8959867577100481
v min = -6.402735810709801
d max = 0.07672413793103448
d min = 0.07672413793103448
dF max = 0.07672413793103448
dB max = 0.07672413793103448
hk max = 0.010331966455186503
hk min = 0.010331966455186503
hz max = 0.05189123144659879
hz min = 0.024020475074924243
lambdaF max = 0.5996849349938989
lambdaF min = 0.006028620769798677
lambdaB max = 0.6103190647781833
lambdaB min = 0.006028620769798677
----------------------------------
----------------------------------
Iteration = 29
Distance = 0.0012378167934494755
v max = -0.8972050542013084
v min = -6.403973627503251
d max = 0.07672413793103448
d min = 0.07672413793103448
dF max = 0.07672413793103448
dB max = 0.07672413793103448
hk max = 0.010331966455186503
hk min = 0.010331966455186503
hz max = 0.05189154683347634
hz min = 0.02402050269030855
lambdaF max = 0.599688194516756
lambdaF min = 0.006028620769798677
lambdaB max = 0.610322442363793
lambdaB min = 0.006028620769798677
----------------------------------
----------------------------------
Iteration = 30
Distance = 0.001029263638343103
v max = -0.898221212048083
v min = -6.405002891141594
d max = 0.07672413793103448
d min = 0.07672413793103448
dF max = 0.07672413793103448
dB max = 0.07672413793103448
hk max = 0.010331966455186503
hk min = 0.010331966455186503
hz max = 0.0518917584415125
hz min = 0.02402052130508332
lambdaF max = 0.5996903842093888
lambdaF min = 0.006028620769798677
lambdaB max = 0.61032471134549
lambdaB min = 0.006028620769798677
----------------------------------
----------------------------------
Iteration = 31
Distance = 0.0008562094718271851
v max = -0.8990686220253208
v min = -6.405859100613421
d max = 0.07672413793103448
d min = 0.07672413793103448
dF max = 0.07672413793103448
dB max = 0.07672413793103448
hk max = 0.010331966455186503
hk min = 0.010331966455186503
hz max = 0.05189190043149955
hz min = 0.024020533793778685
lambdaF max = 0.5996918551273264
lambdaF min = 0.006028620769798677
lambdaB max = 0.6103262355124148
lambdaB min = 0.006028620769798677
----------------------------------
----------------------------------
Iteration = 32
Distance = 0.0007124943034808595
v max = -0.899775208219659
v min = -6.406571594916902
d max = 0.07672413793103448
d min = 0.07672413793103448
dF max = 0.07672413793103448
dB max = 0.07672413793103448
hk max = 0.010331966455186503
hk min = 0.010331966455186503
hz max = 0.051891995714971294
hz min = 0.024020542191507614
lambdaF max = 0.5996928431656777
lambdaF min = 0.006028620769798677
lambdaB max = 0.6103272593115416
lambdaB min = 0.006028620769798677
----------------------------------
----------------------------------
Iteration = 33
Distance = 0.0005930649399825683
v max = -0.9003643062111065
v min = -6.4071646598568845
d max = 0.07672413793103448
d min = 0.07672413793103448
dF max = 0.07672413793103448
dB max = 0.07672413793103448
hk max = 0.010331966455186503
hk min = 0.010331966455186503
hz max = 0.05189205966031067
hz min = 0.024020547833891043
lambdaF max = 0.5996935068205884
lambdaF min = 0.006028620769798677
lambdaB max = 0.6103279469824131
lambdaB min = 0.006028620769798677
----------------------------------
----------------------------------
Iteration = 34
Distance = 0.0004937641377500412
v max = -0.9008554067974371
v min = -6.407658423994635
d max = 0.07672413793103448
d min = 0.07672413793103448
dF max = 0.07672413793103448
dB max = 0.07672413793103448
hk max = 0.010331966455186503
hk min = 0.010331966455186503
hz max = 0.051892102577285625
hz min = 0.02402055162248159
lambdaF max = 0.5996939525759977
lambdaF min = 0.006028620769798677
lambdaB max = 0.6103284088661989
lambdaB min = 0.006028620769798677
----------------------------------
----------------------------------
Iteration = 35
Distance = 0.0004111635858539131
v max = -0.9012647819173905
v min = -6.4080695875804885
d max = 0.07672413793103448
d min = 0.07672413793103448
dF max = 0.07672413793103448
dB max = 0.07672413793103448
hk max = 0.010331966455186503
hk min = 0.010331966455186503
hz max = 0.05189213138279812
hz min = 0.024020554169966676
lambdaF max = 0.5996942519671098
lambdaF min = 0.006028620769798677
lambdaB max = 0.6103287190885327
lambdaB min = 0.006028620769798677
----------------------------------
----------------------------------
Iteration = 36
Distance = 0.0003424305509520664
v max = -0.9016060115939206
v min = -6.408412018131441
d max = 0.07672413793103448
d min = 0.07672413793103448
dF max = 0.07672413793103448
dB max = 0.07672413793103448
hk max = 0.010331966455186503
hk min = 0.010331966455186503
hz max = 0.051892150717874314
hz min = 0.0240205558792232
lambdaF max = 0.5996944530479723
lambdaF min = 0.006028620769798677
lambdaB max = 0.6103289274432714
lambdaB min = 0.006028620769798677
----------------------------------
----------------------------------
Iteration = 37
Distance = 0.0002852206546215541
v max = -0.9018904258927976
v min = -6.408697238786062
d max = 0.07672413793103448
d min = 0.07672413793103448
dF max = 0.07672413793103448
dB max = 0.07672413793103448
hk max = 0.010331966455186503
hk min = 0.010331966455186503
hz max = 0.05189216369677559
hz min = 0.02402055702885316
lambdaF max = 0.5996945880978323
lambdaF min = 0.006028620769798677
lambdaB max = 0.6103290673779425
lambdaB min = 0.006028620769798677
----------------------------------
----------------------------------
Iteration = 38
Distance = 0.00023759114083699018
v max = -0.9021274755886963
v min = -6.408934829926899
d max = 0.07672413793103448
d min = 0.07672413793103448
dF max = 0.07672413793103448
dB max = 0.07672413793103448
hk max = 0.010331966455186503
hk min = 0.010331966455186503
hz max = 0.05189217240941175
hz min = 0.02402055780000642
lambdaF max = 0.5996946787983838
lambdaF min = 0.006028620769798677
lambdaB max = 0.6103291613589328
lambdaB min = 0.006028620769798677
----------------------------------
----------------------------------
Iteration = 39
Distance = 0.00019793035623028032
v max = -0.9023250423723402
v min = -6.409132760283129
d max = 0.07672413793103448
d min = 0.07672413793103448
dF max = 0.07672413793103448
dB max = 0.07672413793103448
hk max = 0.010331966455186503
hk min = 0.010331966455186503
hz max = 0.05189217825837197
hz min = 0.02402055831865225
lambdaF max = 0.5996947397126823
lambdaF min = 0.006028620769798677
lambdaB max = 0.6103292244762172
lambdaB min = 0.006028620769798677
----------------------------------
----------------------------------
Iteration = 40
Distance = 0.00016490016231074378
v max = -0.9024896984010073
v min = -6.40929766044544
d max = 0.07672413793103448
d min = 0.07672413793103448
dF max = 0.07672413793103448
dB max = 0.07672413793103448
hk max = 0.010331966455186503
hk min = 0.010331966455186503
hz max = 0.051892182185032
hz min = 0.024020558666561814
lambdaF max = 0.5996947806220966
lambdaF min = 0.006028620769798677
lambdaB max = 0.610329266865029
lambdaB min = 0.006028620769798677
----------------------------------
----------------------------------
Iteration = 41
Distance = 0.00013738873648083683
v max = -0.9026269232028528
v min = -6.409435049181921
d max = 0.07672413793103448
d min = 0.07672413793103448
dF max = 0.07672413793103448
dB max = 0.07672413793103448
hk max = 0.010331966455186503
hk min = 0.010331966455186503
hz max = 0.051892184821252844
hz min = 0.024020558900499568
lambdaF max = 0.5996948080960923
lambdaF min = 0.006028620769798677
lambdaB max = 0.6103292953325206
lambdaB min = 0.006028620769798677
----------------------------------
----------------------------------
Iteration = 42
Distance = 0.00011447177008339082
v max = -0.9027412848914155
v min = -6.409549520952004
d max = 0.07672413793103448
d min = 0.07672413793103448
dF max = 0.07672413793103448
dB max = 0.07672413793103448
hk max = 0.010331966455186503
hk min = 0.010331966455186503
hz max = 0.051892186591172326
hz min = 0.02402055905745389
lambdaF max = 0.5996948265469544
lambdaF min = 0.006028620769798677
lambdaB max = 0.6103293144505955
lambdaB min = 0.006028620769798677
----------------------------------
----------------------------------
Iteration = 43
Distance = 9.538048951629463e-5
v max = -0.902836591460827
v min = -6.409644901441521
d max = 0.07672413793103448
d min = 0.07672413793103448
dF max = 0.07672413793103448
dB max = 0.07672413793103448
hk max = 0.010331966455186503
hk min = 0.010331966455186503
hz max = 0.0518921877795031
hz min = 0.024020559162960774
lambdaF max = 0.5996948389380378
lambdaF min = 0.006028620769798677
lambdaB max = 0.6103293272897011
lambdaB min = 0.006028620769798677
----------------------------------
----------------------------------
Iteration = 44
Distance = 7.947524599760669e-5
v max = -0.9029160170690897
v min = -6.409724376687518
d max = 0.07672413793103448
d min = 0.07672413793103448
dF max = 0.07672413793103448
dB max = 0.07672413793103448
hk max = 0.010331966455186503
hk min = 0.010331966455186503
hz max = 0.05189218857736863
hz min = 0.024020559233764935
lambdaF max = 0.5996948472594341
lambdaF min = 0.006028620769798677
lambdaB max = 0.6103293359119548
lambdaB min = 0.006028620769798677
----------------------------------
----------------------------------
Iteration = 45
Distance = 6.62236674875416e-5
v max = -0.9029822074043593
v min = -6.409790600355006
d max = 0.07672413793103448
d min = 0.07672413793103448
dF max = 0.07672413793103448
dB max = 0.07672413793103448
hk max = 0.010331966455186503
hk min = 0.010331966455186503
hz max = 0.05189218911307778
hz min = 0.024020559281345732
lambdaF max = 0.5996948528477639
lambdaF min = 0.006028620769798677
lambdaB max = 0.6103293417023644
lambdaB min = 0.006028620769798677
----------------------------------
----------------------------------
Iteration = 46
Distance = 5.518255941527883e-5
v max = -0.9030373675807866
v min = -6.409845782914421
d max = 0.07672413793103448
d min = 0.07672413793103448
dF max = 0.07672413793103448
dB max = 0.07672413793103448
hk max = 0.010331966455186503
hk min = 0.010331966455186503
hz max = 0.05189218947277986
hz min = 0.024020559313284603
lambdaF max = 0.599694856600642
lambdaF min = 0.006028620769798677
lambdaB max = 0.6103293455909508
lambdaB min = 0.006028620769798677
----------------------------------
----------------------------------
Iteration = 47
Distance = 4.598289433666025e-5
v max = -0.90308333544462
v min = -6.409891765808758
d max = 0.07672413793103448
d min = 0.07672413793103448
dF max = 0.07672413793103448
dB max = 0.07672413793103448
hk max = 0.010331966455186503
hk min = 0.010331966455186503
hz max = 0.051892189714301915
hz min = 0.024020559334741846
lambdaF max = 0.5996948591209301
lambdaF min = 0.006028620769798677
lambdaB max = 0.6103293482023456
lambdaB min = 0.006028620769798677
----------------------------------
----------------------------------
Iteration = 48
Distance = 3.8317351658712084e-5
v max = -0.9031216427030418
v min = -6.4099300831604165
d max = 0.07672413793103448
d min = 0.07672413793103448
dF max = 0.07672413793103448
dB max = 0.07672413793103448
hk max = 0.010331966455186503
hk min = 0.010331966455186503
hz max = 0.05189218987647395
hz min = 0.024020559349148093
lambdaF max = 0.5996948608134102
lambdaF min = 0.006028620769798677
lambdaB max = 0.610329349956025
lambdaB min = 0.006028620769798677
----------------------------------
----------------------------------
Iteration = 49
Distance = 3.19299667754791e-5
v max = -0.9031535658920111
v min = -6.409962013127192
d max = 0.07672413793103448
d min = 0.07672413793103448
dF max = 0.07672413793103448
dB max = 0.07672413793103448
hk max = 0.010331966455186503
hk min = 0.010331966455186503
hz max = 0.051892189985367834
hz min = 0.02402055935882459
lambdaF max = 0.5996948619499984
lambdaF min = 0.006028620769798677
lambdaB max = 0.6103293511336874
lambdaB min = 0.006028620769798677
----------------------------------
----------------------------------
Iteration = 50
Distance = 2.660752697103419e-5
v max = -0.9031801688675392
v min = -6.409988620654163
d max = 0.07672413793103448
d min = 0.07672413793103448
dF max = 0.07672413793103448
dB max = 0.07672413793103448
hk max = 0.010331966455186503
hk min = 0.010331966455186503
hz max = 0.05189219005848807
hz min = 0.024020559365322183
lambdaF max = 0.5996948627132483
lambdaF min = 0.006028620769798677
lambdaB max = 0.6103293519245397
lambdaB min = 0.006028620769798677
----------------------------------
----------------------------------
Iteration = 51
Distance = 2.2172416264787387e-5
v max = -0.9032023382274109
v min = -6.410010793070428
d max = 0.07672413793103448
d min = 0.07672413793103448
dF max = 0.07672413793103448
dB max = 0.07672413793103448
hk max = 0.010331966455186503
hk min = 0.010331966455186503
hz max = 0.05189219010758929
hz min = 0.024020559369685675
lambdaF max = 0.5996948632258409
lambdaF min = 0.006028620769798677
lambdaB max = 0.6103293524556941
lambdaB min = 0.006028620769798677
----------------------------------
----------------------------------
Iteration = 52
Distance = 1.8476662442701297e-5
v max = -0.9032208128374071
v min = -6.4100292697328705
d max = 0.07672413793103448
d min = 0.07672413793103448
dF max = 0.07672413793103448
dB max = 0.07672413793103448
hk max = 0.010331966455186503
hk min = 0.010331966455186503
hz max = 0.05189219014055919
hz min = 0.024020559372616296
lambdaF max = 0.599694863570079
lambdaF min = 0.006028620769798677
lambdaB max = 0.6103293528123408
lambdaB min = 0.006028620769798677
----------------------------------
----------------------------------
Iteration = 53
Distance = 1.5396982928628233e-5
v max = -0.9032362084420655
v min = -6.410044666715799
d max = 0.07672413793103448
d min = 0.07672413793103448
dF max = 0.07672413793103448
dB max = 0.07672413793103448
hk max = 0.010331966455186503
hk min = 0.010331966455186503
hz max = 0.05189219016269756
hz min = 0.02402055937458449
lambdaF max = 0.5996948638012266
lambdaF min = 0.006028620769798677
lambdaB max = 0.6103293530518669
lambdaB min = 0.006028620769798677
----------------------------------
----------------------------------
Iteration = 54
Distance = 1.2830660775620117e-5
v max = -0.9032490381773001
v min = -6.410057497376575
d max = 0.07672413793103448
d min = 0.07672413793103448
dF max = 0.07672413793103448
dB max = 0.07672413793103448
hk max = 0.010331966455186503
hk min = 0.010331966455186503
hz max = 0.05189219017756593
hz min = 0.024020559375905418
lambdaF max = 0.5996948639564601
lambdaF min = 0.006028620769798677
lambdaB max = 0.6103293532126925
lambdaB min = 0.006028620769798677
----------------------------------
----------------------------------
Iteration = 55
Distance = 1.0692110997467807e-5
v max = -0.9032597296667689
v min = -6.410068189487572
d max = 0.07672413793103448
d min = 0.07672413793103448
dF max = 0.07672413793103448
dB max = 0.07672413793103448
hk max = 0.010331966455186503
hk min = 0.010331966455186503
hz max = 0.051892190187547836
hz min = 0.024020559376793215
lambdaF max = 0.5996948640606936
lambdaF min = 0.006028620769798677
lambdaB max = 0.6103293533207124
lambdaB min = 0.006028620769798677
----------------------------------
----------------------------------
Iteration = 56
Distance = 8.910021102259691e-6
v max = -0.9032686392705017
v min = -6.410077099508674
d max = 0.07672413793103448
d min = 0.07672413793103448
dF max = 0.07672413793103448
dB max = 0.07672413793103448
hk max = 0.010331966455186503
hk min = 0.010331966455186503
hz max = 0.05189219019425295
hz min = 0.024020559377389387
lambdaF max = 0.5996948641307192
lambdaF min = 0.006028620769798677
lambdaB max = 0.6103293533932519
lambdaB min = 0.006028620769798677
----------------------------------
    Value Function Converged, Iteration = 56 with gamma=5.0 with rho=1.0 and v=-2.837369604833787
    Reflective boundary condition
=============================================================
Convegence time (minutes): 0.10628961698333333
Current Time = 22:17:50
grid points for z:  401
grid size for z:  0.025
-0.16908926153279255
-0.36140410993183236
--- 8.217979669570923 seconds for the elasticity computation ---
-0.008065338910492477
-0.08071117541093953
--- 0.06311559677124023 seconds for the elasticity computation ---
-0.10336552422177821
-0.28069293452089283
--- 0.06241440773010254 seconds for the elasticity computation ---
-0.24884897502993344
-0.3688431257795667
--- 0.062372446060180664 seconds for the elasticity computation ---
Current Time = 22:18:01
grid points for z:  401
grid size for z:  0.025
rho = 1
0.05975971349714089
--- 8.228387355804443 seconds for the elasticity computation ---
0.0
--- 0.0666351318359375 seconds for the elasticity computation ---
0.05975971349714089
--- 0.06607484817504883 seconds for the elasticity computation ---
0.0
--- 0.06588554382324219 seconds for the elasticity computation ---
0.0
--- 0.06851673126220703 seconds for the elasticity computation ---
0.05975971349714089
0.007439015847734282
--- 0.06730365753173828 seconds for the elasticity computation ---
0.05975971349714089
0.007439015847734282
--- 0.06615710258483887 seconds for the elasticity computation ---
0.05975971349714089
0.007439015847734282
--- 0.06633353233337402 seconds for the elasticity computation ---
0.05975971349714089
0.007439015847734282
--- 0.06606245040893555 seconds for the elasticity computation ---
parsed_args = parse_commandline() = Dict{String, Any}("dataname" => "upper_triangular_four_ambiguous_parameters", "clowerlim" => 0.0001, "delta" => 0.02, "boundary" => 1, "Delta" => 10.0, "q" => 0.1, "zmax" => 5.0, "logadjustment" => 1, "zscale" => 2.0, "foc" => 1, "distorted" => 0, "rho" => 1.0, "gamma" => 5.0)
=============================================================
./output/upper_triangular_four_ambiguous_parameters/Delta_10.0_distorted_0/logadjustment_1_boundary_1/zmax_5.0_zscale_2.0/delta_0.02/q_0.1_gamma_5.0_rho_1.0/
=============================================================
solve for structured linear system 
structured_relative_entropy = 0.1012616017034974
=============================================================
solve for unstructured linear system 
q_update = 0.19488344236608726
=============================================================
parsed_args = parse_commandline() = Dict{String, Any}("dataname" => "upper_triangular_four_ambiguous_parameters", "clowerlim" => 0.0001, "delta" => 0.02, "boundary" => 1, "Delta" => 10.0, "q" => 0.1, "zmax" => 5.0, "logadjustment" => 1, "zscale" => 2.0, "foc" => 1, "distorted" => 0, "rho" => 1.0, "gamma" => 5.0)
=============================================================
./output/upper_triangular_four_ambiguous_parameters/Delta_10.0_distorted_0/logadjustment_1_boundary_1/zmax_5.0_zscale_2.0/delta_0.02/q_0.1_gamma_5.0_rho_1.0/
=============================================================
solve for structured linear system 
structured_relative_entropy = 0.10126160170349739
=============================================================
solve for unstructured linear system 
q_update = 0.19488344236608726
=============================================================
Program ends Fri Jan 19 22:18:41 CST 2024
Elapsed time: 0 days 00 hr 01 min 18 sec
