D_10.0_distorted_0_boundary_0_delta_0.02_gamma_2.0_q_0.1_rho_1.0_lower_triangular_two_ambiguous_parameters
Program starts Fri Jan 19 22:23:21 CST 2024
parsed_args = parse_commandline() = Dict{String, Any}("dataname" => "lower_triangular_two_ambiguous_parameters", "clowerlim" => 0.0001, "delta" => 0.02, "boundary" => 0, "Delta" => 10.0, "q" => 0.1, "zmax" => 5.0, "logadjustment" => 1, "zscale" => 2.0, "foc" => 1, "distorted" => 0, "rho" => 1.0, "gamma" => 2.0)
=============================================================
logadjustment: true
reflective_boundary: false
0.109
sigma_k: [0.011287880226154068, 0.0]
sigma_z: [0.026030751045638307, 0.05916079783099616]
Compute value function WITH ROBUSTNESS
computing undistorted version...
zmax = 5.0, zmin = -5.0, zlength = 401
natural boundary condition
----------------------------------
Iteration = 1
Distance = 1.211136196969302
v max = -0.93840892424203
v min = -3.211136196969302
d max = 0.07672413793103448
d min = 0.07672413793103448
dF max = 0.07672413793103448
dB max = 0.07672413793103448
hk max = 0.011287880226154068
hk min = 0.011287880226154068
hz max = 0.0
hz min = 0.0
lambdaF max = Inf
lambdaF min = 0.004177590819662044
lambdaB max = Inf
lambdaB min = 0.004177590819662044
----------------------------------
----------------------------------
Iteration = 2
Distance = 0.9968617785758589
v max = -0.8130437569024902
v min = -4.207997975545161
d max = 0.07672413793103448
d min = 0.07672413793103448
dF max = 0.07672413793103448
dB max = 0.07672413793103448
hk max = 0.01720396000925524
hk min = 0.017203960009252003
hz max = 0.01344563587068448
hz min = 0.013445635870677125
lambdaF max = Inf
lambdaF min = 0.004177590819662044
lambdaB max = Inf
lambdaB min = 0.004177590819662044
----------------------------------
----------------------------------
Iteration = 3
Distance = 0.6874358581157649
v max = -0.7720543881611143
v min = -4.895433833660926
d max = 0.07672413793103448
d min = 0.07672413793103448
dF max = 0.07672413793103448
dB max = 0.07672413793103448
hk max = 0.02206158789373701
hk min = 0.01818881417393705
hz max = 0.024485699244506692
hz min = 0.015683940790415872
lambdaF max = Inf
lambdaF min = 0.004177590819662044
lambdaB max = Inf
lambdaB min = 0.004177590819662044
----------------------------------
----------------------------------
Iteration = 4
Distance = 0.4799916021703936
v max = -0.7832873317182485
v min = -5.375425435831319
d max = 0.07672413793103448
d min = 0.07672413793103448
dF max = 0.07672413793103448
dB max = 0.07672413793103448
hk max = 0.025349920521221515
hk min = 0.01868298703066263
hz max = 0.03195918248878965
hz min = 0.016807060919337646
lambdaF max = Inf
lambdaF min = 0.004177590819662044
lambdaB max = Inf
lambdaB min = 0.004177590819662044
----------------------------------
----------------------------------
Iteration = 5
Distance = 0.34223470931429567
v max = -0.8097365584294578
v min = -5.717660145145615
d max = 0.07672413793103448
d min = 0.07672413793103448
dF max = 0.07672413793103448
dB max = 0.07672413793103448
hk max = 0.027593280410642355
hk min = 0.018866272355322417
hz max = 0.03705772769201884
hz min = 0.017223618475382618
lambdaF max = Inf
lambdaF min = 0.004177590819662044
lambdaB max = Inf
lambdaB min = 0.004177590819662044
----------------------------------
----------------------------------
Iteration = 6
Distance = 0.24667872335897112
v max = -0.8399325438238964
v min = -5.964338868504586
d max = 0.07672413793103448
d min = 0.07672413793103448
dF max = 0.07672413793103448
dB max = 0.07672413793103448
hk max = 0.02915067811164284
hk min = 0.018944211981768114
hz max = 0.04059726792156539
hz min = 0.017400753990031926
lambdaF max = Inf
lambdaF min = 0.004177590819662044
lambdaB max = Inf
lambdaB min = 0.004177590819662044
----------------------------------
----------------------------------
Iteration = 7
Distance = 0.17919786212065603
v max = -0.8697316714764961
v min = -6.143536730625242
d max = 0.07672413793103448
d min = 0.07672413793103448
dF max = 0.07672413793103448
dB max = 0.07672413793103448
hk max = 0.030238768638580334
hk min = 0.018984446914915173
hz max = 0.04307020093733242
hz min = 0.0174921970199116
lambdaF max = Inf
lambdaF min = 0.004177590819662044
lambdaB max = Inf
lambdaB min = 0.004177590819662044
----------------------------------
----------------------------------
Iteration = 8
Distance = 0.13108724208614841
v max = -0.8974005579455606
v min = -6.274623972711391
d max = 0.07672413793103448
d min = 0.07672413793103448
dF max = 0.07672413793103448
dB max = 0.07672413793103448
hk max = 0.031000940699867197
hk min = 0.0190085904345361
hz max = 0.044802410167529845
hz min = 0.017547068655413712
lambdaF max = Inf
lambdaF min = 0.004177590819662044
lambdaB max = Inf
lambdaB min = 0.004177590819662044
----------------------------------
----------------------------------
Iteration = 9
Distance = 0.0965516776326254
v max = -0.922195750602451
v min = -6.371175650344016
d max = 0.07672413793103448
d min = 0.07672413793103448
dF max = 0.07672413793103448
dB max = 0.07672413793103448
hk max = 0.03153540259671479
hk min = 0.019023173784161407
hz max = 0.04601709629672894
hz min = 0.017580212631834867
lambdaF max = Inf
lambdaF min = 0.004177590819662044
lambdaB max = Inf
lambdaB min = 0.004177590819662044
----------------------------------
----------------------------------
Iteration = 10
Distance = 0.07161394534553267
v max = -0.943977738983653
v min = -6.442789595689549
d max = 0.07672413793103448
d min = 0.07672413793103448
dF max = 0.07672413793103448
dB max = 0.07672413793103448
hk max = 0.03191031770619483
hk min = 0.01903223565417274
hz max = 0.04686917609100175
hz min = 0.017600807790951526
lambdaF max = Inf
lambdaF min = 0.004177590819662044
lambdaB max = Inf
lambdaB min = 0.004177590819662044
----------------------------------
----------------------------------
Iteration = 11
Distance = 0.05350370558294948
v max = -0.9628752140048327
v min = -6.496293301272498
d max = 0.07672413793103448
d min = 0.07672413793103448
dF max = 0.07672413793103448
dB max = 0.07672413793103448
hk max = 0.032173292074975074
hk min = 0.019038272643654375
hz max = 0.047466845110956835
hz min = 0.017614528221591607
lambdaF max = Inf
lambdaF min = 0.004177590819662044
lambdaB max = Inf
lambdaB min = 0.004177590819662044
----------------------------------
----------------------------------
Iteration = 12
Distance = 0.04027462122762504
v max = -0.9791140394062251
v min = -6.536567922500123
d max = 0.07672413793103448
d min = 0.07672413793103448
dF max = 0.07672413793103448
dB max = 0.07672413793103448
hk max = 0.03235768216427423
hk min = 0.019042247007887543
hz max = 0.04788591349572765
hz min = 0.017623560867576087
lambdaF max = Inf
lambdaF min = 0.004177590819662044
lambdaB max = Inf
lambdaB min = 0.004177590819662044
----------------------------------
----------------------------------
Iteration = 13
Distance = 0.030551385317354907
v max = -0.9929764245575106
v min = -6.567119307817478
d max = 0.07672413793103448
d min = 0.07672413793103448
dF max = 0.07672413793103448
dB max = 0.07672413793103448
hk max = 0.03248690029559378
hk min = 0.019044867208411375
hz max = 0.04817959106690844
hz min = 0.01762951586876661
lambdaF max = Inf
lambdaF min = 0.004177590819662044
lambdaB max = Inf
lambdaB min = 0.004177590819662044
----------------------------------
----------------------------------
Iteration = 14
Distance = 0.023357913286739418
v max = -1.0047531620002597
v min = -6.5904772211042175
d max = 0.07672413793103448
d min = 0.07672413793103448
dF max = 0.07672413793103448
dB max = 0.07672413793103448
hk max = 0.03257739303116459
hk min = 0.019046665042752774
hz max = 0.048385256375023916
hz min = 0.017633601855906157
lambdaF max = Inf
lambdaF min = 0.004177590819662044
lambdaB max = Inf
lambdaB min = 0.004177590819662044
----------------------------------
----------------------------------
Iteration = 15
Distance = 0.017998831093080092
v max = -1.0147182848223024
v min = -6.608476052197298
d max = 0.07672413793103448
d min = 0.07672413793103448
dF max = 0.07672413793103448
dB max = 0.07672413793103448
hk max = 0.032640716986254176
hk min = 0.019047871841908186
hz max = 0.048529174454772984
hz min = 0.017636344581259362
lambdaF max = Inf
lambdaF min = 0.004177590819662044
lambdaB max = Inf
lambdaB min = 0.004177590819662044
----------------------------------
----------------------------------
Iteration = 16
Distance = 0.013976954647686668
v max = -1.0231258541196806
v min = -6.622453006844984
d max = 0.07672413793103448
d min = 0.07672413793103448
dF max = 0.07672413793103448
dB max = 0.07672413793103448
hk max = 0.03268499199279247
hk min = 0.019048688116938294
hz max = 0.048629799469632744
hz min = 0.01763819975178233
lambdaF max = Inf
lambdaF min = 0.004177590819662044
lambdaB max = Inf
lambdaB min = 0.004177590819662044
----------------------------------
----------------------------------
Iteration = 17
Distance = 0.01093548238539821
v max = -1.0302026977707759
v min = -6.6333884892303825
d max = 0.07672413793103448
d min = 0.07672413793103448
dF max = 0.07672413793103448
dB max = 0.07672413793103448
hk max = 0.03271592110415632
hk min = 0.019049251235812817
hz max = 0.04870009290455058
hz min = 0.017639479567406254
lambdaF max = Inf
lambdaF min = 0.004177590819662044
lambdaB max = Inf
lambdaB min = 0.004177590819662044
----------------------------------
----------------------------------
Iteration = 18
Distance = 0.008617332950979772
v max = -1.036147959793253
v min = -6.642005822181362
d max = 0.07672413793103448
d min = 0.07672413793103448
dF max = 0.07672413793103448
dB max = 0.07672413793103448
hk max = 0.03273750769559393
hk min = 0.019049630407691982
hz max = 0.04874915333963605
hz min = 0.017640341321677085
lambdaF max = Inf
lambdaF min = 0.004177590819662044
lambdaB max = Inf
lambdaB min = 0.004177590819662044
----------------------------------
----------------------------------
Iteration = 19
Distance = 0.006836456831462279
v max = -1.0411352703078425
v min = -6.6488422790128245
d max = 0.07672413793103448
d min = 0.07672413793103448
dF max = 0.07672413793103448
dB max = 0.07672413793103448
hk max = 0.03275256004704898
hk min = 0.019049891117646846
hz max = 0.04878336322930664
hz min = 0.017640933844301772
lambdaF max = Inf
lambdaF min = 0.004177590819662044
lambdaB max = Inf
lambdaB min = 0.004177590819662044
----------------------------------
----------------------------------
Iteration = 20
Distance = 0.005457547466489743
v max = -1.0453138015555743
v min = -6.654299826479314
d max = 0.07672413793103448
d min = 0.07672413793103448
dF max = 0.07672413793103448
dB max = 0.07672413793103448
hk max = 0.03276304651305241
hk min = 0.01905006975579413
hz max = 0.04880719610658714
hz min = 0.017641339840091055
lambdaF max = Inf
lambdaF min = 0.004177590819662044
lambdaB max = Inf
lambdaB min = 0.004177590819662044
----------------------------------
----------------------------------
Iteration = 21
Distance = 0.004381662391332419
v max = -1.0488112696267455
v min = -6.658681488870647
d max = 0.07672413793103448
d min = 0.07672413793103448
dF max = 0.07672413793103448
dB max = 0.07672413793103448
hk max = 0.0327703455146185
hk min = 0.019050190862166676
hz max = 0.048823784746510085
hz min = 0.017641615081846838
lambdaF max = Inf
lambdaF min = 0.004177590819662044
lambdaB max = Inf
lambdaB min = 0.004177590819662044
----------------------------------
----------------------------------
Iteration = 22
Distance = 0.003536011978681586
v max = -1.0517363748951771
v min = -6.662217500849328
d max = 0.07672413793103448
d min = 0.07672413793103448
dF max = 0.07672413793103448
dB max = 0.07672413793103448
hk max = 0.032775421443612215
hk min = 0.019050274735546983
hz max = 0.04883532094876852
hz min = 0.01764180570316572
lambdaF max = Inf
lambdaF min = 0.004177590819662044
lambdaB max = Inf
lambdaB min = 0.004177590819662044
----------------------------------
----------------------------------
Iteration = 23
Distance = 0.0028666921271760515
v max = -1.0541811559038696
v min = -6.665084192976504
d max = 0.07672413793103448
d min = 0.07672413793103448
dF max = 0.07672413793103448
dB max = 0.07672413793103448
hk max = 0.03277894836921799
hk min = 0.0190503316491941
hz max = 0.048843336688781644
hz min = 0.017641935052363715
lambdaF max = Inf
lambdaF min = 0.004177590819662044
lambdaB max = Inf
lambdaB min = 0.004177590819662044
----------------------------------
----------------------------------
Iteration = 24
Distance = 0.002333499617630963
v max = -1.0562234237461354
v min = -6.667417692594135
d max = 0.07672413793103448
d min = 0.07672413793103448
dF max = 0.07672413793103448
dB max = 0.07672413793103448
hk max = 0.0327813969739368
hk min = 0.019050370784620088
hz max = 0.0488489016995062
hz min = 0.017642023996513687
lambdaF max = Inf
lambdaF min = 0.004177590819662044
lambdaB max = Inf
lambdaB min = 0.004177590819662044
----------------------------------
----------------------------------
Iteration = 25
Distance = 0.0019062229562116784
v max = -1.057928698317076
v min = -6.669323915550347
d max = 0.07672413793103448
d min = 0.07672413793103448
dF max = 0.07672413793103448
dB max = 0.07672413793103448
hk max = 0.032783095597607004
hk min = 0.01905039768684263
hz max = 0.04885276220784758
hz min = 0.017642085137928556
lambdaF max = Inf
lambdaF min = 0.004177590819662044
lambdaB max = Inf
lambdaB min = 0.004177590819662044
----------------------------------
----------------------------------
Iteration = 26
Distance = 0.0015619801517079424
v max = -1.059352081263243
v min = -6.670885895702055
d max = 0.07672413793103448
d min = 0.07672413793103448
dF max = 0.07672413793103448
dB max = 0.07672413793103448
hk max = 0.03278427306086629
hk min = 0.01905041597611965
hz max = 0.04885543826070959
hz min = 0.017642126704467236
lambdaF max = Inf
lambdaF min = 0.004177590819662044
lambdaB max = Inf
lambdaB min = 0.004177590819662044
----------------------------------
----------------------------------
Iteration = 27
Distance = 0.001283300656759856
v max = -1.0605398286951129
v min = -6.672169196358815
d max = 0.07672413793103448
d min = 0.07672413793103448
dF max = 0.07672413793103448
dB max = 0.07672413793103448
hk max = 0.032785088676608315
hk min = 0.019050428652122416
hz max = 0.04885729193285058
hz min = 0.01764215551356443
lambdaF max = Inf
lambdaF min = 0.004177590819662044
lambdaB max = Inf
lambdaB min = 0.004177590819662044
----------------------------------
----------------------------------
Iteration = 28
Distance = 0.0010567373694847504
v max = -1.0615307081759546
v min = -6.6732259337282995
d max = 0.07672413793103448
d min = 0.07672413793103448
dF max = 0.07672413793103448
dB max = 0.07672413793103448
hk max = 0.03278565326071947
hk min = 0.019050437260807622
hz max = 0.048858575078557745
hz min = 0.017642175078758083
lambdaF max = Inf
lambdaF min = 0.004177590819662044
lambdaB max = Inf
lambdaB min = 0.004177590819662044
----------------------------------
----------------------------------
Iteration = 29
Distance = 0.0008718571402726027
v max = -1.062357191730793
v min = -6.674097790868572
d max = 0.07672413793103448
d min = 0.07672413793103448
dF max = 0.07672413793103448
dB max = 0.07672413793103448
hk max = 0.03278604382584824
hk min = 0.019050443200846093
hz max = 0.04885946272657767
hz min = 0.017642188578845513
lambdaF max = Inf
lambdaF min = 0.004177590819662044
lambdaB max = Inf
lambdaB min = 0.004177590819662044
----------------------------------
----------------------------------
Iteration = 30
Distance = 0.0007205023759002671
v max = -1.0630464413827347
v min = -6.674818293244472
d max = 0.07672413793103448
d min = 0.07672413793103448
dF max = 0.07672413793103448
dB max = 0.07672413793103448
hk max = 0.0327863138464713
hk min = 0.019050447273962365
hz max = 0.048860076409811895
hz min = 0.01764219783592795
lambdaF max = Inf
lambdaF min = 0.004177590819662044
lambdaB max = Inf
lambdaB min = 0.004177590819662044
----------------------------------
----------------------------------
Iteration = 31
Distance = 0.0005962475085787844
v max = -1.0636211688719155
v min = -6.675414540753051
d max = 0.07672413793103448
d min = 0.07672413793103448
dF max = 0.07672413793103448
dB max = 0.07672413793103448
hk max = 0.03278650042245321
hk min = 0.019050450054059292
hz max = 0.04886050044613441
hz min = 0.017642204154330054
lambdaF max = Inf
lambdaF min = 0.004177590819662044
lambdaB max = Inf
lambdaB min = 0.004177590819662044
----------------------------------
----------------------------------
Iteration = 32
Distance = 0.0004939961237058199
v max = -1.0641003506234552
v min = -6.675908536876757
d max = 0.07672413793103448
d min = 0.07672413793103448
dF max = 0.07672413793103448
dB max = 0.07672413793103448
hk max = 0.03278662927296881
hk min = 0.019050451979771132
hz max = 0.04886079328821534
hz min = 0.017642208530947875
lambdaF max = Inf
lambdaF min = 0.004177590819662044
lambdaB max = Inf
lambdaB min = 0.004177590819662044
----------------------------------
----------------------------------
Iteration = 33
Distance = 0.00040968011435182916
v max = -1.0644998345706604
v min = -6.676318216991109
d max = 0.07672413793103448
d min = 0.07672413793103448
dF max = 0.07672413793103448
dB max = 0.07672413793103448
hk max = 0.03278671821438025
hk min = 0.019050453286232186
hz max = 0.04886099542778678
hz min = 0.017642211500177543
lambdaF max = Inf
lambdaF min = 0.004177590819662044
lambdaB max = Inf
lambdaB min = 0.004177590819662044
----------------------------------
----------------------------------
Iteration = 34
Distance = 0.0003400332519571947
v max = -1.0648328520653731
v min = -6.676658250243066
d max = 0.07672413793103448
d min = 0.07672413793103448
dF max = 0.07672413793103448
dB max = 0.07672413793103448
hk max = 0.03278677957991641
hk min = 0.019050454192416133
hz max = 0.04886113489491443
hz min = 0.017642213559686516
lambdaF max = Inf
lambdaF min = 0.004177590819662044
lambdaB max = Inf
lambdaB min = 0.004177590819662044
----------------------------------
----------------------------------
Iteration = 35
Distance = 0.00028241937288342456
v max = -1.0651104447180224
v min = -6.6769406696159495
d max = 0.07672413793103448
d min = 0.07672413793103448
dF max = 0.07672413793103448
dB max = 0.07672413793103448
hk max = 0.03278682190154035
hk min = 0.01905045480981987
hz max = 0.048861231080423374
hz min = 0.017642214962876823
lambdaF max = Inf
lambdaF min = 0.004177590819662044
lambdaB max = Inf
lambdaB min = 0.004177590819662044
----------------------------------
----------------------------------
Iteration = 36
Distance = 0.00023470092393740316
v max = -1.0653418257071716
v min = -6.677175370539887
d max = 0.07672413793103448
d min = 0.07672413793103448
dF max = 0.07672413793103448
dB max = 0.07672413793103448
hk max = 0.03278685107791089
hk min = 0.019050455234533605
hz max = 0.048861297390356426
hz min = 0.017642215928135318
lambdaF max = Inf
lambdaF min = 0.004177590819662044
lambdaB max = Inf
lambdaB min = 0.004177590819662044
----------------------------------
----------------------------------
Iteration = 37
Distance = 0.00019513755285238688
v max = -1.0655346800272225
v min = -6.677370508092739
d max = 0.07672413793103448
d min = 0.07672413793103448
dF max = 0.07672413793103448
dB max = 0.07672413793103448
hk max = 0.03278687118478323
hk min = 0.019050455527093703
hz max = 0.048861343087793566
hz min = 0.017642216593044626
lambdaF max = Inf
lambdaF min = 0.004177590819662044
lambdaB max = Inf
lambdaB min = 0.004177590819662044
----------------------------------
----------------------------------
Iteration = 38
Distance = 0.0001623072417142879
v max = -1.0656954172572903
v min = -6.6775328153344535
d max = 0.07672413793103448
d min = 0.07672413793103448
dF max = 0.07672413793103448
dB max = 0.07672413793103448
hk max = 0.032786885036850524
hk min = 0.019050455726147233
hz max = 0.048861374569764686
hz min = 0.01764221704543902
lambdaF max = Inf
lambdaF min = 0.004177590819662044
lambdaB max = Inf
lambdaB min = 0.004177590819662044
----------------------------------
----------------------------------
Iteration = 39
Distance = 0.0001350444936463191
v max = -1.0658293823367804
v min = -6.6776678598281
d max = 0.07672413793103448
d min = 0.07672413793103448
dF max = 0.07672413793103448
dB max = 0.07672413793103448
hk max = 0.03278689457695441
hk min = 0.019050455864517833
hz max = 0.04886139625181898
hz min = 0.017642217359917646
lambdaF max = Inf
lambdaF min = 0.004177590819662044
lambdaB max = Inf
lambdaB min = 0.004177590819662044
----------------------------------
----------------------------------
Iteration = 40
Distance = 0.00011239152774678018
v max = -1.0659410318044684
v min = -6.677780251355847
d max = 0.07672413793103448
d min = 0.07672413793103448
dF max = 0.07672413793103448
dB max = 0.07672413793103448
hk max = 0.03278690114552772
hk min = 0.019050455958188082
hz max = 0.04886141118039467
hz min = 0.017642217572804583
lambdaF max = Inf
lambdaF min = 0.004177590819662044
lambdaB max = Inf
lambdaB min = 0.004177590819662044
----------------------------------
----------------------------------
Iteration = 41
Distance = 9.355948047051754e-5
v max = -1.066034081231932
v min = -6.677873810836317
d max = 0.07672413793103448
d min = 0.07672413793103448
dF max = 0.07672413793103448
dB max = 0.07672413793103448
hk max = 0.0327869056669884
hk min = 0.01905045602331976
hz max = 0.04886142145644167
hz min = 0.017642217720831122
lambdaF max = Inf
lambdaF min = 0.004177590819662044
lambdaB max = Inf
lambdaB min = 0.004177590819662044
----------------------------------
----------------------------------
Iteration = 42
Distance = 7.789736790630997e-5
v max = -1.0661116280284304
v min = -6.6779517082042235
d max = 0.07672413793103448
d min = 0.07672413793103448
dF max = 0.07672413793103448
dB max = 0.07672413793103448
hk max = 0.03278690877860092
hk min = 0.01905045606763377
hz max = 0.04886142852828831
hz min = 0.017642217821544782
lambdaF max = Inf
lambdaF min = 0.004177590819662044
lambdaB max = Inf
lambdaB min = 0.004177590819662044
----------------------------------
----------------------------------
Iteration = 43
Distance = 6.486711552433633e-5
v max = -1.0661762542245412
v min = -6.678016575319748
d max = 0.07672413793103448
d min = 0.07672413793103448
dF max = 0.07672413793103448
dB max = 0.07672413793103448
hk max = 0.032786910919521364
hk min = 0.019050456098159273
hz max = 0.048861433394016586
hz min = 0.017642217890920926
lambdaF max = Inf
lambdaF min = 0.004177590819662044
lambdaB max = Inf
lambdaB min = 0.004177590819662044
----------------------------------
----------------------------------
Iteration = 44
Distance = 5.402336733162372e-5
v max = -1.0662301120339088
v min = -6.678070598687079
d max = 0.07672413793103448
d min = 0.07672413793103448
dF max = 0.07672413793103448
dB max = 0.07672413793103448
hk max = 0.032786912392278905
hk min = 0.019050456119187795
hz max = 0.048861436741192824
hz min = 0.01764221793871302
lambdaF max = Inf
lambdaF min = 0.004177590819662044
lambdaB max = Inf
lambdaB min = 0.004177590819662044
----------------------------------
----------------------------------
Iteration = 45
Distance = 4.499708652438983e-5
v max = -1.0662749953608086
v min = -6.678115595773604
d max = 0.07672413793103448
d min = 0.07672413793103448
dF max = 0.07672413793103448
dB max = 0.07672413793103448
hk max = 0.03278691340522594
hk min = 0.01905045613348078
hz max = 0.04886143904334516
hz min = 0.017642217971197076
lambdaF max = Inf
lambdaF min = 0.004177590819662044
lambdaB max = Inf
lambdaB min = 0.004177590819662044
----------------------------------
----------------------------------
Iteration = 46
Distance = 3.7482183606663e-5
v max = -1.0663123993831034
v min = -6.6781530779572105
d max = 0.07672413793103448
d min = 0.07672413793103448
dF max = 0.07672413793103448
dB max = 0.07672413793103448
hk max = 0.032786914101807875
hk min = 0.01905045614344802
hz max = 0.04886144062648593
hz min = 0.017642217993849896
lambdaF max = Inf
lambdaF min = 0.004177590819662044
lambdaB max = Inf
lambdaB min = 0.004177590819662044
----------------------------------
----------------------------------
Iteration = 47
Distance = 3.1224575961275036e-5
v max = -1.0663435702574526
v min = -6.678184302533172
d max = 0.07672413793103448
d min = 0.07672413793103448
dF max = 0.07672413793103448
dB max = 0.07672413793103448
hk max = 0.03278691458076171
hk min = 0.019050456150163212
hz max = 0.04886144171501738
hz min = 0.017642218009111692
lambdaF max = Inf
lambdaF min = 0.004177590819662044
lambdaB max = Inf
lambdaB min = 0.004177590819662044
----------------------------------
----------------------------------
Iteration = 48
Distance = 2.601321071704632e-5
v max = -1.0663695465763559
v min = -6.678210315743889
d max = 0.07672413793103448
d min = 0.07672413793103448
dF max = 0.07672413793103448
dB max = 0.07672413793103448
hk max = 0.032786914910037906
hk min = 0.01905045615486396
hz max = 0.048861442463372366
hz min = 0.017642218019795212
lambdaF max = Inf
lambdaF min = 0.004177590819662044
lambdaB max = Inf
lambdaB min = 0.004177590819662044
----------------------------------
----------------------------------
Iteration = 49
Distance = 2.167268011543655e-5
v max = -1.06639119391174
v min = -6.678231988424004
d max = 0.07672413793103448
d min = 0.07672413793103448
dF max = 0.07672413793103448
dB max = 0.07672413793103448
hk max = 0.03278691513638593
hk min = 0.019050456158038562
hz max = 0.04886144297779969
hz min = 0.017642218027010215
lambdaF max = Inf
lambdaF min = 0.004177590819662044
lambdaB max = Inf
lambdaB min = 0.004177590819662044
----------------------------------
----------------------------------
Iteration = 50
Distance = 1.8057134098192762e-5
v max = -1.0664092336362891
v min = -6.678250045558102
d max = 0.07672413793103448
d min = 0.07672413793103448
dF max = 0.07672413793103448
dB max = 0.07672413793103448
hk max = 0.03278691529196193
hk min = 0.019050456160242122
hz max = 0.04886144333138152
hz min = 0.01764221803201831
lambdaF max = Inf
lambdaF min = 0.004177590819662044
lambdaB max = Inf
lambdaB min = 0.004177590819662044
----------------------------------
----------------------------------
Iteration = 51
Distance = 1.5045253163314953e-5
v max = -1.0664242669301576
v min = -6.678265090811266
d max = 0.07672413793103448
d min = 0.07672413793103448
dF max = 0.07672413793103448
dB max = 0.07672413793103448
hk max = 0.032786915398883384
hk min = 0.019050456161751394
hz max = 0.048861443574384815
hz min = 0.01764221803544847
lambdaF max = Inf
lambdaF min = 0.004177590819662044
lambdaB max = Inf
lambdaB min = 0.004177590819662044
----------------------------------
----------------------------------
Iteration = 52
Distance = 1.253609047413562e-5
v max = -1.06643679480612
v min = -6.67827762690174
d max = 0.07672413793103448
d min = 0.07672413793103448
dF max = 0.07672413793103448
dB max = 0.07672413793103448
hk max = 0.03278691547236136
hk min = 0.019050456162779304
hz max = 0.048861443741380226
hz min = 0.017642218037784638
lambdaF max = Inf
lambdaF min = 0.004177590819662044
lambdaB max = Inf
lambdaB min = 0.004177590819662044
----------------------------------
----------------------------------
Iteration = 53
Distance = 1.0445628753963376e-5
v max = -1.066447234792573
v min = -6.678288072530494
d max = 0.07672413793103448
d min = 0.07672413793103448
dF max = 0.07672413793103448
dB max = 0.07672413793103448
hk max = 0.03278691552285348
hk min = 0.019050456163499263
hz max = 0.04886144385613505
hz min = 0.0176422180394209
lambdaF max = Inf
lambdaF min = 0.004177590819662044
lambdaB max = Inf
lambdaB min = 0.004177590819662044
----------------------------------
----------------------------------
Iteration = 54
Distance = 8.703925798769774e-6
v max = -1.0664559348429132
v min = -6.678296776456293
d max = 0.07672413793103448
d min = 0.07672413793103448
dF max = 0.07672413793103448
dB max = 0.07672413793103448
hk max = 0.03278691555754636
hk min = 0.01905045616397854
hz max = 0.04886144393498249
hz min = 0.017642218040510162
lambdaF max = Inf
lambdaF min = 0.004177590819662044
lambdaB max = Inf
lambdaB min = 0.004177590819662044
----------------------------------
    Value Function Converged, Iteration = 54 with gamma=2.0 with rho=1.0 and v=-2.650102393355001
    Natural boundary condition
=============================================================
Convegence time (minutes): 0.1152229444
Current Time = 22:23:49
grid points for z:  401
grid size for z:  0.025
-0.2540841103848685
-0.5031069688125068
--- 8.656695365905762 seconds for the elasticity computation ---
-0.0003653531524159744
-0.019109875741689517
--- 0.06529831886291504 seconds for the elasticity computation ---
-0.23524617091774264
-0.4839970930708173
--- 0.06414246559143066 seconds for the elasticity computation ---
-0.3338438238820094
-0.5087509089255838
--- 0.06415319442749023 seconds for the elasticity computation ---
Current Time = 22:24:00
grid points for z:  401
grid size for z:  0.025
rho = 1
0.05975971349714089
--- 8.575348138809204 seconds for the elasticity computation ---
0.0
--- 0.06724691390991211 seconds for the elasticity computation ---
0.05975971349714089
--- 0.06622004508972168 seconds for the elasticity computation ---
0.0
--- 0.06621217727661133 seconds for the elasticity computation ---
0.0
--- 0.06599783897399902 seconds for the elasticity computation ---
0.05975971349714089
0.005643940113077034
--- 0.06620359420776367 seconds for the elasticity computation ---
0.05975971349714089
0.005643940113077034
--- 0.06585073471069336 seconds for the elasticity computation ---
0.05975971349714089
0.005643940113077034
--- 0.06582522392272949 seconds for the elasticity computation ---
0.05975971349714089
0.005643940113077034
--- 0.06568741798400879 seconds for the elasticity computation ---
parsed_args = parse_commandline() = Dict{String, Any}("dataname" => "lower_triangular_two_ambiguous_parameters", "clowerlim" => 0.0001, "delta" => 0.02, "boundary" => 0, "Delta" => 10.0, "q" => 0.1, "zmax" => 5.0, "logadjustment" => 1, "zscale" => 2.0, "foc" => 1, "distorted" => 0, "rho" => 1.0, "gamma" => 2.0)
=============================================================
./output/lower_triangular_two_ambiguous_parameters/Delta_10.0_distorted_0/logadjustment_1_boundary_0/zmax_5.0_zscale_2.0/delta_0.02/q_0.1_gamma_2.0_rho_1.0/
=============================================================
solve for structured linear system 
structured_relative_entropy = 0.10248098427333241
=============================================================
solve for unstructured linear system 
q_update = 0.04732134731619377
=============================================================
parsed_args = parse_commandline() = Dict{String, Any}("dataname" => "lower_triangular_two_ambiguous_parameters", "clowerlim" => 0.0001, "delta" => 0.02, "boundary" => 0, "Delta" => 10.0, "q" => 0.1, "zmax" => 5.0, "logadjustment" => 1, "zscale" => 2.0, "foc" => 1, "distorted" => 0, "rho" => 1.0, "gamma" => 2.0)
=============================================================
./output/lower_triangular_two_ambiguous_parameters/Delta_10.0_distorted_0/logadjustment_1_boundary_0/zmax_5.0_zscale_2.0/delta_0.02/q_0.1_gamma_2.0_rho_1.0/
=============================================================
solve for structured linear system 
structured_relative_entropy = 0.10248098427333234
=============================================================
solve for unstructured linear system 
q_update = 0.04732134731619375
=============================================================
Program ends Fri Jan 19 22:24:41 CST 2024
Elapsed time: 0 days 00 hr 01 min 20 sec
