D_10.0_distorted_0_boundary_0_delta_0.01_gamma_5.0_q_0.05_rho_1.0_lower_triangular_two_ambiguous_parameters
Program starts Fri Jan 19 22:23:04 CST 2024
parsed_args = parse_commandline() = Dict{String, Any}("dataname" => "lower_triangular_two_ambiguous_parameters", "clowerlim" => 0.0001, "delta" => 0.01, "boundary" => 0, "Delta" => 10.0, "q" => 0.05, "zmax" => 5.0, "logadjustment" => 1, "zscale" => 2.0, "foc" => 1, "distorted" => 0, "rho" => 1.0, "gamma" => 5.0)
=============================================================
logadjustment: true
reflective_boundary: false
0.0922
sigma_k: [0.011287880226154068, 0.0]
sigma_z: [0.026030751045638307, 0.05916079783099616]
Compute value function WITH ROBUSTNESS
computing undistorted version...
zmax = 5.0, zmin = -5.0, zlength = 401
natural boundary condition
----------------------------------
Iteration = 1
Distance = 1.2245631694811596
v max = -0.8149246152642851
v min = -3.2245631694811596
d max = 0.07611111111111112
d min = 0.07611111111111112
dF max = 0.07611111111111112
dB max = 0.07611111111111112
hk max = 0.011287880226154068
hk min = 0.011287880226154068
hz max = 0.0
hz min = 0.0
lambdaF max = Inf
lambdaF min = 0.008624482946382158
lambdaB max = Inf
lambdaB min = 0.008624482946382158
----------------------------------
----------------------------------
Iteration = 2
Distance = 0.925534408459642
v max = -0.33575190914525416
v min = -4.150097577940802
d max = 0.07611111111111112
d min = 0.07611111111111112
dF max = 0.07611111111111112
dB max = 0.07611111111111112
hk max = 0.01756035035763418
hk min = 0.0175603503576321
hz max = 0.014255613935182078
hz min = 0.014255613935177347
lambdaF max = Inf
lambdaF min = 0.008624482946382158
lambdaB max = Inf
lambdaB min = 0.008624482946382158
----------------------------------
----------------------------------
Iteration = 3
Distance = 0.6375780070622241
v max = -0.10122580626823556
v min = -4.787675585003026
d max = 0.07611111111111112
d min = 0.07611111111111112
dF max = 0.07611111111111112
dB max = 0.07611111111111112
hk max = 0.02224882965112067
hk min = 0.02018498730247243
hz max = 0.024911248693105917
hz min = 0.020220697900723554
lambdaF max = Inf
lambdaF min = 0.008624482946382158
lambdaB max = Inf
lambdaB min = 0.008624482946382158
----------------------------------
----------------------------------
Iteration = 4
Distance = 0.4488092566015096
v max = 0.0020879120783563396
v min = -5.236484841604535
d max = 0.07611111111111112
d min = 0.07611111111111112
dF max = 0.07611111111111112
dB max = 0.07611111111111112
hk max = 0.025392338500876292
hk min = 0.021554346582109724
hz max = 0.032055586988005064
hz min = 0.0233328780817174
lambdaF max = Inf
lambdaF min = 0.008624482946382158
lambdaB max = Inf
lambdaB min = 0.008624482946382158
----------------------------------
----------------------------------
Iteration = 5
Distance = 0.323316588028959
v max = 0.03881150275110948
v min = -5.559801429633494
d max = 0.07611111111111112
d min = 0.07611111111111112
dF max = 0.07611111111111112
dB max = 0.07611111111111112
hk max = 0.02751568467712465
hk min = 0.02225019828843884
hz max = 0.036881373752205876
hz min = 0.024914359232465395
lambdaF max = Inf
lambdaF min = 0.008624482946382158
lambdaB max = Inf
lambdaB min = 0.008624482946382158
----------------------------------
----------------------------------
Iteration = 6
Distance = 0.2374348434633653
v max = 0.04197314670736734
v min = -5.79723627309686
d max = 0.07611111111111112
d min = 0.07611111111111112
dF max = 0.07611111111111112
dB max = 0.07611111111111112
hk max = 0.028962221383931966
hk min = 0.022606049883832885
hz max = 0.04016895717676795
hz min = 0.02572311285836095
lambdaF max = Inf
lambdaF min = 0.008624482946382158
lambdaB max = Inf
lambdaB min = 0.008624482946382158
----------------------------------
----------------------------------
Iteration = 7
Distance = 0.17771351436564853
v max = 0.027923685827953904
v min = -5.974949787462508
d max = 0.07611111111111112
d min = 0.07611111111111112
dF max = 0.07611111111111112
dB max = 0.07611111111111112
hk max = 0.02995080222348744
hk min = 0.02279514483339662
hz max = 0.042415731812121306
hz min = 0.026152874107369436
lambdaF max = Inf
lambdaF min = 0.008624482946382158
lambdaB max = Inf
lambdaB min = 0.008624482946382158
----------------------------------
----------------------------------
Iteration = 8
Distance = 0.13565498722124314
v max = 0.00482499220589893
v min = -6.110604774683751
d max = 0.07611111111111112
d min = 0.07611111111111112
dF max = 0.07611111111111112
dB max = 0.07611111111111112
hk max = 0.03062739487064387
hk min = 0.022903462707837687
hz max = 0.04395344237384047
hz min = 0.026399051094735504
lambdaF max = Inf
lambdaF min = 0.008624482946382158
lambdaB max = Inf
lambdaB min = 0.008624482946382158
----------------------------------
----------------------------------
Iteration = 9
Distance = 0.1056660325948231
v max = -0.022998441858967853
v min = -6.216270807278574
d max = 0.07611111111111112
d min = 0.07611111111111112
dF max = 0.07611111111111112
dB max = 0.07611111111111112
hk max = 0.03109084041139612
hk min = 0.022971450911314903
hz max = 0.04500672769373194
hz min = 0.026553569739001904
lambdaF max = Inf
lambdaF min = 0.008624482946382158
lambdaB max = Inf
lambdaB min = 0.008624482946382158
----------------------------------
----------------------------------
Iteration = 10
Distance = 0.08399618894010796
v max = -0.05303461035145381
v min = -6.300266996218682
d max = 0.07611111111111112
d min = 0.07611111111111112
dF max = 0.07611111111111112
dB max = 0.07611111111111112
hk max = 0.03140846203606258
hk min = 0.02301734034116984
hz max = 0.04572859502251936
hz min = 0.02665786389776312
lambdaF max = Inf
lambdaF min = 0.008624482946382158
lambdaB max = Inf
lambdaB min = 0.008624482946382158
----------------------------------
----------------------------------
Iteration = 11
Distance = 0.06810418642204397
v max = -0.0837113251818365
v min = -6.368371182640726
d max = 0.07611111111111112
d min = 0.07611111111111112
dF max = 0.07611111111111112
dB max = 0.07611111111111112
hk max = 0.031626238632572835
hk min = 0.023049567234385608
hz max = 0.046223541832769936
hz min = 0.02673110683688987
lambdaF max = Inf
lambdaF min = 0.008624482946382158
lambdaB max = Inf
lambdaB min = 0.008624482946382158
----------------------------------
----------------------------------
Iteration = 12
Distance = 0.05625605644981935
v max = -0.11401391225174934
v min = -6.424627239090546
d max = 0.07611111111111112
d min = 0.07611111111111112
dF max = 0.07611111111111112
dB max = 0.07611111111111112
hk max = 0.03177561509151079
hk min = 0.02307256700115671
hz max = 0.046563033784901654
hz min = 0.02678337903409692
lambdaF max = Inf
lambdaF min = 0.008624482946382158
lambdaB max = Inf
lambdaB min = 0.008624482946382158
----------------------------------
----------------------------------
Iteration = 13
Distance = 0.04726230353251104
v max = -0.14329186408487948
v min = -6.471889542623057
d max = 0.07611111111111112
d min = 0.07611111111111112
dF max = 0.07611111111111112
dB max = 0.07611111111111112
hk max = 0.03187811338967842
hk min = 0.023089055529405655
hz max = 0.046795984462555354
hz min = 0.026820852961935433
lambdaF max = Inf
lambdaF min = 0.008624482946382158
lambdaB max = Inf
lambdaB min = 0.008624482946382158
----------------------------------
----------------------------------
Iteration = 14
Distance = 0.04030305165285952
v max = -0.1711436933481508
v min = -6.512192594275916
d max = 0.07611111111111112
d min = 0.07611111111111112
dF max = 0.07611111111111112
dB max = 0.07611111111111112
hk max = 0.03194847145574525
hk min = 0.02310086241290283
hz max = 0.046955889158161804
hz min = 0.026847686788065372
lambdaF max = Inf
lambdaF min = 0.008624482946382158
lambdaB max = Inf
lambdaB min = 0.008624482946382158
----------------------------------
----------------------------------
Iteration = 15
Distance = 0.03481050319728585
v max = -0.19734134332429887
v min = -6.547003097473202
d max = 0.07611111111111112
d min = 0.07611111111111112
dF max = 0.07611111111111112
dB max = 0.07611111111111112
hk max = 0.03199678559813798
hk min = 0.023109281719724935
hz max = 0.047065694027236184
hz min = 0.02686682157629743
lambdaF max = Inf
lambdaF min = 0.008624482946382158
lambdaB max = Inf
lambdaB min = 0.008624482946382158
----------------------------------
----------------------------------
Iteration = 16
Distance = 0.030389395003616926
v max = -0.22177765479692169
v min = -6.577392492476819
d max = 0.07611111111111112
d min = 0.07611111111111112
dF max = 0.07611111111111112
dB max = 0.07611111111111112
hk max = 0.032029974832438954
hk min = 0.023115253099221567
hz max = 0.04714112410519292
hz min = 0.026880392893335228
lambdaF max = Inf
lambdaF min = 0.008624482946382158
lambdaB max = Inf
lambdaB min = 0.008624482946382158
----------------------------------
----------------------------------
Iteration = 17
Distance = 0.02676292337668773
v max = -0.24442855275010936
v min = -6.604155415853507
d max = 0.07611111111111112
d min = 0.07611111111111112
dF max = 0.07611111111111112
dB max = 0.07611111111111112
hk max = 0.032052782469179066
hk min = 0.02311946536616654
hz max = 0.04719295964323864
hz min = 0.026889966227301075
lambdaF max = Inf
lambdaF min = 0.008624482946382158
lambdaB max = Inf
lambdaB min = 0.008624482946382158
----------------------------------
----------------------------------
Iteration = 18
Distance = 0.023735862434586252
v max = -0.2653255164782559
v min = -6.627891278288093
d max = 0.07611111111111112
d min = 0.07611111111111112
dF max = 0.07611111111111112
dB max = 0.07611111111111112
hk max = 0.03206846148493578
hk min = 0.02312242227674312
hz max = 0.04722859376995845
hz min = 0.02689668647861149
lambdaF max = Inf
lambdaF min = 0.008624482946382158
lambdaB max = Inf
lambdaB min = 0.008624482946382158
----------------------------------
----------------------------------
Iteration = 19
Distance = 0.021169344712792082
v max = -0.28453565479702625
v min = -6.649060623000885
d max = 0.07611111111111112
d min = 0.07611111111111112
dF max = 0.07611111111111112
dB max = 0.07611111111111112
hk max = 0.03207924365338083
hk min = 0.02312448943290136
hz max = 0.04725309869824266
hz min = 0.026901384560789308
lambdaF max = Inf
lambdaF min = 0.008624482946382158
lambdaB max = Inf
lambdaB min = 0.008624482946382158
----------------------------------
----------------------------------
Iteration = 20
Distance = 0.018963578753322885
v max = -0.30214749275117697
v min = -6.668024201754208
d max = 0.07611111111111112
d min = 0.07611111111111112
dF max = 0.07611111111111112
dB max = 0.07611111111111112
hk max = 0.032086660750034364
hk min = 0.02312592978000378
hz max = 0.047269955736091586
hz min = 0.02690465807693117
lambdaF max = Inf
lambdaF min = 0.008624482946382158
lambdaB max = Inf
lambdaB min = 0.008624482946382158
----------------------------------
----------------------------------
Iteration = 21
Distance = 0.017045981664575827
v max = -0.31826102257751926
v min = -6.685070183418784
d max = 0.07611111111111112
d min = 0.07611111111111112
dF max = 0.07611111111111112
dB max = 0.07611111111111112
hk max = 0.03209176453975872
hk min = 0.023126930786932464
hz max = 0.04728155525819239
hz min = 0.02690693309267818
lambdaF max = Inf
lambdaF min = 0.008624482946382158
lambdaB max = Inf
lambdaB min = 0.008624482946382158
----------------------------------
----------------------------------
Iteration = 22
Distance = 0.015363013154061633
v max = -0.3329808938287354
v min = -6.700433196572845
d max = 0.07611111111111112
d min = 0.07611111111111112
dF max = 0.07611111111111112
dB max = 0.07611111111111112
hk max = 0.03209527749291068
hk min = 0.023127625094592635
hz max = 0.04728953924262868
hz min = 0.02690851106463311
lambdaF max = Inf
lambdaF min = 0.008624482946382158
lambdaB max = Inf
lambdaB min = 0.008624482946382158
----------------------------------
----------------------------------
Iteration = 23
Distance = 0.013874543878911183
v max = -0.3464118754589292
v min = -6.714307740451757
d max = 0.07611111111111112
d min = 0.07611111111111112
dF max = 0.07611111111111112
dB max = 0.07611111111111112
hk max = 0.032097696081988994
hk min = 0.02312810596526262
hz max = 0.04729503603598847
hz min = 0.026909603952519442
lambdaF max = Inf
lambdaF min = 0.008624482946382158
lambdaB max = Inf
lambdaB min = 0.008624482946382158
----------------------------------
----------------------------------
Iteration = 24
Distance = 0.012549961569821022
v max = -0.3586559341055607
v min = -6.726857702021578
d max = 0.07611111111111112
d min = 0.07611111111111112
dF max = 0.07611111111111112
dB max = 0.07611111111111112
hk max = 0.03209936160774077
hk min = 0.023128438650837385
hz max = 0.04729882132178797
hz min = 0.026910360056098447
lambdaF max = Inf
lambdaF min = 0.008624482946382158
lambdaB max = Inf
lambdaB min = 0.008624482946382158
----------------------------------
----------------------------------
Iteration = 25
Distance = 0.011365470476293105
v max = -0.3698104430274602
v min = -6.738223172497871
d max = 0.07611111111111112
d min = 0.07611111111111112
dF max = 0.07611111111111112
dB max = 0.07611111111111112
hk max = 0.03210050878312305
hk min = 0.023128668633741536
hz max = 0.04730142853856588
hz min = 0.026910882744516976
lambdaF max = Inf
lambdaF min = 0.008624482946382158
lambdaB max = Inf
lambdaB min = 0.008624482946382158
----------------------------------
----------------------------------
Iteration = 26
Distance = 0.010302211503152137
v max = -0.3799671690288588
v min = -6.748525384001023
d max = 0.07611111111111112
d min = 0.07611111111111112
dF max = 0.07611111111111112
dB max = 0.07611111111111112
hk max = 0.03210129907520878
hk min = 0.023128827527367387
hz max = 0.04730322465694254
hz min = 0.02691124386639391
lambdaF max = Inf
lambdaF min = 0.008624482946382158
lambdaB max = Inf
lambdaB min = 0.008624482946382158
----------------------------------
----------------------------------
Iteration = 27
Distance = 0.009344947703388229
v max = -0.3892117853967008
v min = -6.757870331704411
d max = 0.07611111111111112
d min = 0.07611111111111112
dF max = 0.07611111111111112
dB max = 0.07611111111111112
hk max = 0.03210184359737059
hk min = 0.023128937259729768
hz max = 0.04730446220731027
hz min = 0.0269114932581266
lambdaF max = Inf
lambdaF min = 0.008624482946382158
lambdaB max = Inf
lambdaB min = 0.008624482946382158
----------------------------------
----------------------------------
Iteration = 28
Distance = 0.00848113996827049
v max = -0.39762373332293094
v min = -6.766351471672682
d max = 0.07611111111111112
d min = 0.07611111111111112
dF max = 0.07611111111111112
dB max = 0.07611111111111112
hk max = 0.03210221883387267
hk min = 0.02312901301787642
hz max = 0.04730531501754228
hz min = 0.02691166543573262
lambdaF max = Inf
lambdaF min = 0.008624482946382158
lambdaB max = Inf
lambdaB min = 0.008624482946382158
----------------------------------
----------------------------------
Iteration = 29
Distance = 0.0077002926210640865
v max = -0.40527630823975114
v min = -6.774051764293746
d max = 0.07611111111111112
d min = 0.07611111111111112
dF max = 0.07611111111111112
dB max = 0.07611111111111112
hk max = 0.032102477445718994
hk min = 0.0231290653087036
hz max = 0.04730590277173848
hz min = 0.026911784278521676
lambdaF max = Inf
lambdaF min = 0.008624482946382158
lambdaB max = Inf
lambdaB min = 0.008624482946382158
----------------------------------
----------------------------------
Iteration = 30
Distance = 0.006993486203016097
v max = -0.4122368860050753
v min = -6.781045250496762
d max = 0.07611111111111112
d min = 0.07611111111111112
dF max = 0.07611111111111112
dB max = 0.07611111111111112
hk max = 0.032102655699419176
hk min = 0.023129101395516046
hz max = 0.04730630789378435
hz min = 0.0269118662940045
lambdaF max = Inf
lambdaF min = 0.008624482946382158
lambdaB max = Inf
lambdaB min = 0.008624482946382158
----------------------------------
----------------------------------
Iteration = 31
Distance = 0.006353040509456953
v max = -0.4185672310332854
v min = -6.787398291006219
d max = 0.07611111111111112
d min = 0.07611111111111112
dF max = 0.07611111111111112
dB max = 0.07611111111111112
hk max = 0.0321027785760353
hk min = 0.023129126296504446
hz max = 0.047306587158820995
hz min = 0.026911922887159948
lambdaF max = Inf
lambdaF min = 0.008624482946382158
lambdaB max = Inf
lambdaB min = 0.008624482946382158
----------------------------------
----------------------------------
Iteration = 32
Distance = 0.005772268618742693
v max = -0.4243238474384654
v min = -6.793170559624961
d max = 0.07611111111111112
d min = 0.07611111111111112
dF max = 0.07611111111111112
dB max = 0.07611111111111112
hk max = 0.03210286328607856
hk min = 0.02312914347728609
hz max = 0.04730677968164657
hz min = 0.02691196193439097
lambdaF max = Inf
lambdaF min = 0.008624482946382158
lambdaB max = Inf
lambdaB min = 0.008624482946382158
----------------------------------
----------------------------------
Iteration = 33
Distance = 0.005245294805217959
v max = -0.4295583474072343
v min = -6.798415854430179
d max = 0.07611111111111112
d min = 0.07611111111111112
dF max = 0.07611111111111112
dB max = 0.07611111111111112
hk max = 0.03210292168847391
hk min = 0.023129155330529956
hz max = 0.04730691241436327
hz min = 0.02691198887358157
lambdaF max = Inf
lambdaF min = 0.008624482946382158
lambdaB max = Inf
lambdaB min = 0.008624482946382158
----------------------------------
----------------------------------
Iteration = 34
Distance = 0.00476691757992409
v max = -0.43431782006890673
v min = -6.8031827720101035
d max = 0.07611111111111112
d min = 0.07611111111111112
dF max = 0.07611111111111112
dB max = 0.07611111111111112
hk max = 0.0321029619557459
hk min = 0.023129163507767628
hz max = 0.047307003930890525
hz min = 0.026912007458212636
lambdaF max = Inf
lambdaF min = 0.008624482946382158
lambdaB max = Inf
lambdaB min = 0.008624482946382158
----------------------------------
----------------------------------
Iteration = 35
Distance = 0.004332504852176733
v max = -0.4386451903168266
v min = -6.80751527686228
d max = 0.07611111111111112
d min = 0.07611111111111112
dF max = 0.07611111111111112
dB max = 0.07611111111111112
hk max = 0.03210298972062861
hk min = 0.023129169148772936
hz max = 0.04730706703289671
hz min = 0.026912020278679245
lambdaF max = Inf
lambdaF min = 0.008624482946382158
lambdaB max = Inf
lambdaB min = 0.008624482946382158
----------------------------------
----------------------------------
Iteration = 36
Distance = 0.003937912165761226
v max = -0.4425795612307255
v min = -6.811453189028041
d max = 0.07611111111111112
d min = 0.07611111111111112
dF max = 0.07611111111111112
dB max = 0.07611111111111112
hk max = 0.032103008865759064
hk min = 0.023129173040039402
hz max = 0.04730711054455683
hz min = 0.026912029122466673
lambdaF max = Inf
lambdaF min = 0.008624482946382158
lambdaB max = Inf
lambdaB min = 0.008624482946382158
----------------------------------
----------------------------------
Iteration = 37
Distance = 0.0035794176961356783
v max = -0.4461565365701486
v min = -6.815032606724177
d max = 0.07611111111111112
d min = 0.07611111111111112
dF max = 0.07611111111111112
dB max = 0.07611111111111112
hk max = 0.03210302206766928
hk min = 0.02312917572422818
hz max = 0.04730714054889823
hz min = 0.026912035222895717
lambdaF max = Inf
lambdaF min = 0.008624482946382158
lambdaB max = Inf
lambdaB min = 0.008624482946382158
----------------------------------
----------------------------------
Iteration = 38
Distance = 0.0032536695827021234
v max = -0.4494085216820624
v min = -6.818286276306879
d max = 0.07611111111111112
d min = 0.07611111111111112
dF max = 0.07611111111111112
dB max = 0.07611111111111112
hk max = 0.0321030311716005
hk min = 0.023129177575734745
hz max = 0.04730716123965098
hz min = 0.026912039430865183
lambdaF max = Inf
lambdaF min = 0.008624482946382158
lambdaB max = Inf
lambdaB min = 0.008624482946382158
----------------------------------
----------------------------------
Iteration = 39
Distance = 0.002957642476212108
v max = -0.45236500238951105
v min = -6.821243918783091
d max = 0.07611111111111112
d min = 0.07611111111111112
dF max = 0.07611111111111112
dB max = 0.07611111111111112
hk max = 0.03210303744976502
hk min = 0.02312917885284797
hz max = 0.04730717550820671
hz min = 0.026912042333395236
lambdaF max = Inf
lambdaF min = 0.008624482946382158
lambdaB max = Inf
lambdaB min = 0.008624482946382158
----------------------------------
----------------------------------
Iteration = 40
Distance = 0.0026886010871685073
v max = -0.4550528022092968
v min = -6.82393251987026
d max = 0.07611111111111112
d min = 0.07611111111111112
dF max = 0.07611111111111112
dB max = 0.07611111111111112
hk max = 0.0321030417793486
hk min = 0.023129179733748867
hz max = 0.04730718534816939
hz min = 0.026912044335442725
lambdaF max = Inf
lambdaF min = 0.008624482946382158
lambdaB max = Inf
lambdaB min = 0.008624482946382158
----------------------------------
----------------------------------
Iteration = 41
Distance = 0.0024440691505898116
v max = -0.4574963187272046
v min = -6.82637658902085
d max = 0.07611111111111112
d min = 0.07611111111111112
dF max = 0.07611111111111112
dB max = 0.07611111111111112
hk max = 0.032103044765198756
hk min = 0.023129180341351013
hz max = 0.04730719213419248
hz min = 0.026912045716356695
lambdaF max = Inf
lambdaF min = 0.008624482946382158
lambdaB max = Inf
lambdaB min = 0.008624482946382158
----------------------------------
----------------------------------
Iteration = 42
Distance = 0.0022218026612934594
v max = -0.4597177402377248
v min = -6.828598391682143
d max = 0.07611111111111112
d min = 0.07611111111111112
dF max = 0.07611111111111112
dB max = 0.07611111111111112
hk max = 0.03210304682439016
hk min = 0.02312918076044094
hz max = 0.04730719681417296
hz min = 0.026912046668833796
lambdaF max = Inf
lambdaF min = 0.008624482946382158
lambdaB max = Inf
lambdaB min = 0.008624482946382158
----------------------------------
----------------------------------
Iteration = 43
Distance = 0.0020197665413199672
v max = -0.4617372438987724
v min = -6.830618158223463
d max = 0.07611111111111112
d min = 0.07611111111111112
dF max = 0.07611111111111112
dB max = 0.07611111111111112
hk max = 0.03210304824453318
hk min = 0.02312918104950327
hz max = 0.04730720004177071
hz min = 0.02691204732579365
lambdaF max = Inf
lambdaF min = 0.008624482946382158
lambdaB max = Inf
lambdaB min = 0.008624482946382158
----------------------------------
----------------------------------
Iteration = 44
Distance = 0.001836114117240939
v max = -0.46357317670674203
v min = -6.832454272340704
d max = 0.07611111111111112
d min = 0.07611111111111112
dF max = 0.07611111111111112
dB max = 0.07611111111111112
hk max = 0.032103049223958124
hk min = 0.02312918124887927
hz max = 0.047307202267736506
hz min = 0.02691204777892092
lambdaF max = Inf
lambdaF min = 0.008624482946382158
lambdaB max = Inf
lambdaB min = 0.008624482946382158
----------------------------------
----------------------------------
Iteration = 45
Distance = 0.0016691689378829366
v max = -0.46524222059490616
v min = -6.834123441278587
d max = 0.07611111111111112
d min = 0.07611111111111112
dF max = 0.07611111111111112
dB max = 0.07611111111111112
hk max = 0.03210304989944357
hk min = 0.02312918138639472
hz max = 0.0473072038029307
hz min = 0.026912048091456028
lambdaF max = Inf
lambdaF min = 0.008624482946382158
lambdaB max = Inf
lambdaB min = 0.008624482946382158
----------------------------------
----------------------------------
Iteration = 46
Distance = 0.0015174085724183328
v max = -0.46675954291992083
v min = -6.835640849851005
d max = 0.07611111111111112
d min = 0.07611111111111112
dF max = 0.07611111111111112
dB max = 0.07611111111111112
hk max = 0.03210305036531244
hk min = 0.0231291814812427
hz max = 0.04730720486172359
hz min = 0.026912048307019622
lambdaF max = Inf
lambdaF min = 0.008624482946382158
lambdaB max = Inf
lambdaB min = 0.008624482946382158
----------------------------------
----------------------------------
Iteration = 47
Distance = 0.00137945010705387
v max = -0.46813893354165087
v min = -6.837020299958059
d max = 0.07611111111111112
d min = 0.07611111111111112
dF max = 0.07611111111111112
dB max = 0.07611111111111112
hk max = 0.03210305068661318
hk min = 0.02312918154666164
hz max = 0.047307205591952534
hz min = 0.02691204845569904
lambdaF max = Inf
lambdaF min = 0.008624482946382158
lambdaB max = Inf
lambdaB min = 0.008624482946382158
----------------------------------
----------------------------------
Iteration = 48
Distance = 0.0012540371158573649
v max = -0.46939292963010654
v min = -6.8382743370739165
d max = 0.07611111111111112
d min = 0.07611111111111112
dF max = 0.07611111111111112
dB max = 0.07611111111111112
hk max = 0.032103050908211445
hk min = 0.023129181591782424
hz max = 0.04730720609558495
hz min = 0.02691204855824627
lambdaF max = Inf
lambdaF min = 0.008624482946382158
lambdaB max = Inf
lambdaB min = 0.008624482946382158
----------------------------------
----------------------------------
Iteration = 49
Distance = 0.0011400279233999555
v max = -0.47053292925662477
v min = -6.8394143649973165
d max = 0.07611111111111112
d min = 0.07611111111111112
dF max = 0.07611111111111112
dB max = 0.07611111111111112
hk max = 0.032103051061047265
hk min = 0.023129181622903266
hz max = 0.04730720644293909
hz min = 0.026912048628975452
lambdaF max = Inf
lambdaF min = 0.008624482946382158
lambdaB max = Inf
lambdaB min = 0.008624482946382158
----------------------------------
----------------------------------
Iteration = 50
Distance = 0.0010363850083976445
v max = -0.47156929474846226
v min = -6.840450750005714
d max = 0.07611111111111112
d min = 0.07611111111111112
dF max = 0.07611111111111112
dB max = 0.07611111111111112
hk max = 0.032103051166455746
hk min = 0.02312918164436771
hz max = 0.04730720668250382
hz min = 0.026912048677758288
lambdaF max = Inf
lambdaF min = 0.008624482946382158
lambdaB max = Inf
lambdaB min = 0.008624482946382158
----------------------------------
----------------------------------
Iteration = 51
Distance = 0.0009421654217840469
v max = -0.4725114467095154
v min = -6.841392915427498
d max = 0.07611111111111112
d min = 0.07611111111111112
dF max = 0.07611111111111112
dB max = 0.07611111111111112
hk max = 0.032103051239156896
hk min = 0.02312918165917211
hz max = 0.04730720684773371
hz min = 0.026912048711404648
lambdaF max = Inf
lambdaF min = 0.008624482946382158
lambdaB max = Inf
lambdaB min = 0.008624482946382158
----------------------------------
----------------------------------
Iteration = 52
Distance = 0.0008565121109214147
v max = -0.4733679495364657
v min = -6.84224942753842
d max = 0.07611111111111112
d min = 0.07611111111111112
dF max = 0.07611111111111112
dB max = 0.07611111111111112
hk max = 0.03210305128929759
hk min = 0.023129181669383037
hz max = 0.04730720696168985
hz min = 0.0269120487346113
lambdaF max = Inf
lambdaF min = 0.008624482946382158
lambdaB max = Inf
lambdaB min = 0.008624482946382158
----------------------------------
----------------------------------
Iteration = 53
Distance = 0.0007786460570127218
v max = -0.474146589190244
v min = -6.843028073595432
d max = 0.07611111111111112
d min = 0.07611111111111112
dF max = 0.07611111111111112
dB max = 0.07611111111111112
hk max = 0.0321030513238795
hk min = 0.023129181676425546
hz max = 0.04730720704028507
hz min = 0.026912048750617007
lambdaF max = Inf
lambdaF min = 0.008624482946382158
lambdaB max = Inf
lambdaB min = 0.008624482946382158
----------------------------------
----------------------------------
Iteration = 54
Distance = 0.0007078591437936765
v max = -0.4748544439176724
v min = -6.843735932739226
d max = 0.07611111111111112
d min = 0.07611111111111112
dF max = 0.07611111111111112
dB max = 0.07611111111111112
hk max = 0.03210305134773189
hk min = 0.023129181681282994
hz max = 0.047307207094495055
hz min = 0.026912048761656652
lambdaF max = Inf
lambdaF min = 0.008624482946382158
lambdaB max = Inf
lambdaB min = 0.008624482946382158
----------------------------------
----------------------------------
Iteration = 55
Distance = 0.0006435076862612021
v max = -0.4754979485579295
v min = -6.844379440425487
d max = 0.07611111111111112
d min = 0.07611111111111112
dF max = 0.07611111111111112
dB max = 0.07611111111111112
hk max = 0.03210305136418312
hk min = 0.023129181684633016
hz max = 0.047307207131884216
hz min = 0.02691204876927034
lambdaF max = Inf
lambdaF min = 0.008624482946382158
lambdaB max = Inf
lambdaB min = 0.008624482946382158
----------------------------------
----------------------------------
Iteration = 56
Distance = 0.0005850065555614847
v max = -0.4760829530126352
v min = -6.844964446981049
d max = 0.07611111111111112
d min = 0.07611111111111112
dF max = 0.07611111111111112
dB max = 0.07611111111111112
hk max = 0.03210305137552946
hk min = 0.023129181686943737
hz max = 0.04730720715767137
hz min = 0.026912048774521986
lambdaF max = Inf
lambdaF min = 0.008624482946382158
lambdaB max = Inf
lambdaB min = 0.008624482946382158
----------------------------------
----------------------------------
Iteration = 57
Distance = 0.000531823843507695
v max = -0.4766147754071605
v min = -6.845496270824556
d max = 0.07611111111111112
d min = 0.07611111111111112
dF max = 0.07611111111111112
dB max = 0.07611111111111112
hk max = 0.032103051383355105
hk min = 0.023129181688537455
hz max = 0.04730720717545692
hz min = 0.026912048778144067
lambdaF max = Inf
lambdaF min = 0.008624482946382158
lambdaB max = Inf
lambdaB min = 0.008624482946382158
----------------------------------
----------------------------------
Iteration = 58
Distance = 0.00048347601589249223
v max = -0.47709825042368004
v min = -6.845979746840449
d max = 0.07611111111111112
d min = 0.07611111111111112
dF max = 0.07611111111111112
dB max = 0.07611111111111112
hk max = 0.03210305138875223
hk min = 0.023129181689636694
hz max = 0.047307207187723105
hz min = 0.026912048780642333
lambdaF max = Inf
lambdaF min = 0.008624482946382158
lambdaB max = Inf
lambdaB min = 0.008624482946382158
----------------------------------
----------------------------------
Iteration = 59
Distance = 0.00043952350909659543
v max = -0.477537773243498
v min = -6.8464192703495454
d max = 0.07611111111111112
d min = 0.07611111111111112
dF max = 0.07611111111111112
dB max = 0.07611111111111112
hk max = 0.032103051392474546
hk min = 0.023129181690394914
hz max = 0.0473072071961829
hz min = 0.02691204878236556
lambdaF max = Inf
lambdaF min = 0.008624482946382158
lambdaB max = Inf
lambdaB min = 0.008624482946382158
----------------------------------
----------------------------------
Iteration = 60
Distance = 0.00039956672870733456
v max = -0.47793733949680184
v min = -6.846818837078253
d max = 0.07611111111111112
d min = 0.07611111111111112
dF max = 0.07611111111111112
dB max = 0.07611111111111112
hk max = 0.032103051395041785
hk min = 0.023129181690917596
hz max = 0.04730720720201754
hz min = 0.026912048783553476
lambdaF max = Inf
lambdaF min = 0.008624482946382158
lambdaB max = Inf
lambdaB min = 0.008624482946382158
----------------------------------
----------------------------------
Iteration = 61
Distance = 0.00036324241322560624
v max = -0.47830058158213845
v min = -6.847182079491478
d max = 0.07611111111111112
d min = 0.07611111111111112
dF max = 0.07611111111111112
dB max = 0.07611111111111112
hk max = 0.03210305139681277
hk min = 0.02312918169127827
hz max = 0.04730720720604251
hz min = 0.026912048784373185
lambdaF max = Inf
lambdaF min = 0.008624482946382158
lambdaB max = Inf
lambdaB min = 0.008624482946382158
----------------------------------
----------------------------------
Iteration = 62
Distance = 0.00033022032916552035
v max = -0.4786308016851565
v min = -6.847512299820644
d max = 0.07611111111111112
d min = 0.07611111111111112
dF max = 0.07611111111111112
dB max = 0.07611111111111112
hk max = 0.03210305139803443
hk min = 0.023129181691527036
hz max = 0.04730720720881901
hz min = 0.026912048784938573
lambdaF max = Inf
lambdaF min = 0.008624482946382158
lambdaB max = Inf
lambdaB min = 0.008624482946382158
----------------------------------
----------------------------------
Iteration = 63
Distance = 0.00030020026717192394
v max = -0.47893100179635073
v min = -6.847812500087816
d max = 0.07611111111111112
d min = 0.07611111111111112
dF max = 0.07611111111111112
dB max = 0.07611111111111112
hk max = 0.03210305139887692
hk min = 0.023129181691698704
hz max = 0.04730720721073376
hz min = 0.026912048785328723
lambdaF max = Inf
lambdaF min = 0.008624482946382158
lambdaB max = Inf
lambdaB min = 0.008624482946382158
----------------------------------
----------------------------------
Iteration = 64
Distance = 0.0002729093116720094
v max = -0.47920391100044274
v min = -6.848085409399488
d max = 0.07611111111111112
d min = 0.07611111111111112
dF max = 0.07611111111111112
dB max = 0.07611111111111112
hk max = 0.0321030513994577
hk min = 0.023129181691816846
hz max = 0.0473072072120537
hz min = 0.02691204878559723
lambdaF max = Inf
lambdaF min = 0.008624482946382158
lambdaB max = Inf
lambdaB min = 0.008624482946382158
----------------------------------
----------------------------------
Iteration = 65
Distance = 0.0002480993589939473
v max = -0.47945201028523654
v min = -6.848333508758482
d max = 0.07611111111111112
d min = 0.07611111111111112
dF max = 0.07611111111111112
dB max = 0.07611111111111112
hk max = 0.0321030513998572
hk min = 0.023129181691898575
hz max = 0.04730720721296168
hz min = 0.026912048785782978
lambdaF max = Inf
lambdaF min = 0.008624482946382158
lambdaB max = Inf
lambdaB min = 0.008624482946382158
----------------------------------
----------------------------------
Iteration = 66
Distance = 0.0002255448612888955
v max = -0.47967755509535215
v min = -6.848559053619771
d max = 0.07611111111111112
d min = 0.07611111111111112
dF max = 0.07611111111111112
dB max = 0.07611111111111112
hk max = 0.032103051400132795
hk min = 0.023129181691954756
hz max = 0.047307207213588026
hz min = 0.026912048785910664
lambdaF max = Inf
lambdaF min = 0.008624482946382158
lambdaB max = Inf
lambdaB min = 0.008624482946382158
----------------------------------
----------------------------------
Iteration = 67
Distance = 0.00020504077573413326
v max = -0.4798825958357924
v min = -6.848764094395505
d max = 0.07611111111111112
d min = 0.07611111111111112
dF max = 0.07611111111111112
dB max = 0.07611111111111112
hk max = 0.032103051400325155
hk min = 0.023129181691993714
hz max = 0.0473072072140252
hz min = 0.0269120487859992
lambdaF max = Inf
lambdaF min = 0.008624482946382158
lambdaB max = Inf
lambdaB min = 0.008624482946382158
----------------------------------
----------------------------------
Iteration = 68
Distance = 0.00018640070020481403
v max = -0.4800689965116581
v min = -6.84895049509571
d max = 0.07611111111111112
d min = 0.07611111111111112
dF max = 0.07611111111111112
dB max = 0.07611111111111112
hk max = 0.032103051400456474
hk min = 0.02312918169202036
hz max = 0.04730720721432366
hz min = 0.02691204878605976
lambdaF max = Inf
lambdaF min = 0.008624482946382158
lambdaB max = Inf
lambdaB min = 0.008624482946382158
----------------------------------
----------------------------------
Iteration = 69
Distance = 0.0001694551785522691
v max = -0.48023845167342394
v min = -6.849119950274262
d max = 0.07611111111111112
d min = 0.07611111111111112
dF max = 0.07611111111111112
dB max = 0.07611111111111112
hk max = 0.0321030514005471
hk min = 0.023129181692038914
hz max = 0.047307207214529634
hz min = 0.026912048786101928
lambdaF max = Inf
lambdaF min = 0.008624482946382158
lambdaB max = Inf
lambdaB min = 0.008624482946382158
----------------------------------
----------------------------------
Iteration = 70
Distance = 0.00015405015994041094
v max = -0.48039250182178544
v min = -6.849274000434202
d max = 0.07611111111111112
d min = 0.07611111111111112
dF max = 0.07611111111111112
dB max = 0.07611111111111112
hk max = 0.03210305140060907
hk min = 0.023129181692051685
hz max = 0.04730720721467046
hz min = 0.02691204878613096
lambdaF max = Inf
lambdaF min = 0.008624482946382158
lambdaB max = Inf
lambdaB min = 0.008624482946382158
----------------------------------
----------------------------------
Iteration = 71
Distance = 0.0001400455983056048
v max = -0.48053254741210377
v min = -6.849414046032508
d max = 0.07611111111111112
d min = 0.07611111111111112
dF max = 0.07611111111111112
dB max = 0.07611111111111112
hk max = 0.0321030514006516
hk min = 0.023129181692060415
hz max = 0.04730720721476714
hz min = 0.026912048786150795
lambdaF max = Inf
lambdaF min = 0.008624482946382158
lambdaB max = Inf
lambdaB min = 0.008624482946382158
----------------------------------
----------------------------------
Iteration = 72
Distance = 0.00012731417914313425
v max = -0.4806598615857402
v min = -6.849541360211651
d max = 0.07611111111111112
d min = 0.07611111111111112
dF max = 0.07611111111111112
dB max = 0.07611111111111112
hk max = 0.03210305140068212
hk min = 0.023129181692066486
hz max = 0.0473072072148365
hz min = 0.02691204878616459
lambdaF max = Inf
lambdaF min = 0.008624482946382158
lambdaB max = Inf
lambdaB min = 0.008624482946382158
----------------------------------
----------------------------------
Iteration = 73
Distance = 0.00011574016208459881
v max = -0.48077560174401723
v min = -6.849657100373736
d max = 0.07611111111111112
d min = 0.07611111111111112
dF max = 0.07611111111111112
dB max = 0.07611111111111112
hk max = 0.03210305140070155
hk min = 0.023129181692070705
hz max = 0.04730720721488064
hz min = 0.02691204878617418
lambdaF max = Inf
lambdaF min = 0.008624482946382158
lambdaB max = Inf
lambdaB min = 0.008624482946382158
----------------------------------
----------------------------------
Iteration = 74
Distance = 0.00010521832862675495
v max = -0.4808808200700194
v min = -6.849762318702362
d max = 0.07611111111111112
d min = 0.07611111111111112
dF max = 0.07611111111111112
dB max = 0.07611111111111112
hk max = 0.032103051400717265
hk min = 0.02312918169207348
hz max = 0.047307207214916366
hz min = 0.026912048786180483
lambdaF max = Inf
lambdaF min = 0.008624482946382158
lambdaB max = Inf
lambdaB min = 0.008624482946382158
----------------------------------
----------------------------------
Iteration = 75
Distance = 9.565302564329414e-5
v max = -0.4809764730938618
v min = -6.849857971728006
d max = 0.07611111111111112
d min = 0.07611111111111112
dF max = 0.07611111111111112
dB max = 0.07611111111111112
hk max = 0.032103051400726515
hk min = 0.02312918169207556
hz max = 0.047307207214937384
hz min = 0.02691204878618521
lambdaF max = Inf
lambdaF min = 0.008624482946382158
lambdaB max = Inf
lambdaB min = 0.008624482946382158
----------------------------------
----------------------------------
Iteration = 76
Distance = 8.695729578800382e-5
v max = -0.4810634303884042
v min = -6.849944929023794
d max = 0.07611111111111112
d min = 0.07611111111111112
dF max = 0.07611111111111112
dB max = 0.07611111111111112
hk max = 0.03210305140073299
hk min = 0.023129181692076888
hz max = 0.0473072072149521
hz min = 0.026912048786188233
lambdaF max = Inf
lambdaF min = 0.008624482946382158
lambdaB max = Inf
lambdaB min = 0.008624482946382158
----------------------------------
----------------------------------
Iteration = 77
Distance = 7.905208690583976e-5
v max = -0.481142482474448
v min = -6.8500239811106995
d max = 0.07611111111111112
d min = 0.07611111111111112
dF max = 0.07611111111111112
dB max = 0.07611111111111112
hk max = 0.03210305140073762
hk min = 0.023129181692077873
hz max = 0.04730720721496261
hz min = 0.026912048786190468
lambdaF max = Inf
lambdaF min = 0.008624482946382158
lambdaB max = Inf
lambdaB min = 0.008624482946382158
----------------------------------
----------------------------------
Iteration = 78
Distance = 7.18655334281948e-5
v max = -0.4812143480072811
v min = -6.850095846644128
d max = 0.07611111111111112
d min = 0.07611111111111112
dF max = 0.07611111111111112
dB max = 0.07611111111111112
hk max = 0.03210305140074131
hk min = 0.023129181692078504
hz max = 0.04730720721497102
hz min = 0.02691204878619191
lambdaF max = Inf
lambdaF min = 0.008624482946382158
lambdaB max = Inf
lambdaB min = 0.008624482946382158
----------------------------------
----------------------------------
Iteration = 79
Distance = 6.533230302885329e-5
v max = -0.4812796803099027
v min = -6.850161178947157
d max = 0.07611111111111112
d min = 0.07611111111111112
dF max = 0.07611111111111112
dB max = 0.07611111111111112
hk max = 0.032103051400744084
hk min = 0.023129181692078914
hz max = 0.047307207214977325
hz min = 0.02691204878619283
lambdaF max = Inf
lambdaF min = 0.008624482946382158
lambdaB max = Inf
lambdaB min = 0.008624482946382158
----------------------------------
----------------------------------
Iteration = 80
Distance = 5.939300270352277e-5
v max = -0.48133907331231907
v min = -6.85022057194986
d max = 0.07611111111111112
d min = 0.07611111111111112
dF max = 0.07611111111111112
dB max = 0.07611111111111112
hk max = 0.03210305140074594
hk min = 0.02312918169207926
hz max = 0.04730720721498152
hz min = 0.026912048786193618
lambdaF max = Inf
lambdaF min = 0.008624482946382158
lambdaB max = Inf
lambdaB min = 0.008624482946382158
----------------------------------
----------------------------------
Iteration = 81
Distance = 5.3993638774230135e-5
v max = -0.4813930669509014
v min = -6.850274565588634
d max = 0.07611111111111112
d min = 0.07611111111111112
dF max = 0.07611111111111112
dB max = 0.07611111111111112
hk max = 0.03210305140074686
hk min = 0.02312918169207949
hz max = 0.047307207214983625
hz min = 0.026912048786194145
lambdaF max = Inf
lambdaF min = 0.008624482946382158
lambdaB max = Inf
lambdaB min = 0.008624482946382158
----------------------------------
----------------------------------
Iteration = 82
Distance = 4.9085126131664936e-5
v max = -0.481442152076898
v min = -6.850323650714766
d max = 0.07611111111111112
d min = 0.07611111111111112
dF max = 0.07611111111111112
dB max = 0.07611111111111112
hk max = 0.03210305140074779
hk min = 0.023129181692079663
hz max = 0.04730720721498573
hz min = 0.026912048786194537
lambdaF max = Inf
lambdaF min = 0.008624482946382158
lambdaB max = Inf
lambdaB min = 0.008624482946382158
----------------------------------
----------------------------------
Iteration = 83
Distance = 4.4622841917529854e-5
v max = -0.4814867749187239
v min = -6.8503682735566835
d max = 0.07611111111111112
d min = 0.07611111111111112
dF max = 0.07611111111111112
dB max = 0.07611111111111112
hk max = 0.032103051400748706
hk min = 0.023129181692079663
hz max = 0.04730720721498783
hz min = 0.026912048786194537
lambdaF max = Inf
lambdaF min = 0.008624482946382158
lambdaB max = Inf
lambdaB min = 0.008624482946382158
----------------------------------
----------------------------------
Iteration = 84
Distance = 4.0566219915660895e-5
v max = -0.4815273411385733
v min = -6.850408839776598
d max = 0.07611111111111112
d min = 0.07611111111111112
dF max = 0.07611111111111112
dB max = 0.07611111111111112
hk max = 0.032103051400748706
hk min = 0.02312918169207972
hz max = 0.04730720721498783
hz min = 0.02691204878619467
lambdaF max = Inf
lambdaF min = 0.008624482946382158
lambdaB max = Inf
lambdaB min = 0.008624482946382158
----------------------------------
----------------------------------
Iteration = 85
Distance = 3.687838173238589e-5
v max = -0.4815642195202616
v min = -6.850445718158331
d max = 0.07611111111111112
d min = 0.07611111111111112
dF max = 0.07611111111111112
dB max = 0.07611111111111112
hk max = 0.032103051400748706
hk min = 0.02312918169207995
hz max = 0.04730720721498783
hz min = 0.026912048786195197
lambdaF max = Inf
lambdaF min = 0.008624482946382158
lambdaB max = Inf
lambdaB min = 0.008624482946382158
----------------------------------
----------------------------------
Iteration = 86
Distance = 3.3525801567790836e-5
v max = -0.4815977453217986
v min = -6.850479243959898
d max = 0.07611111111111112
d min = 0.07611111111111112
dF max = 0.07611111111111112
dB max = 0.07611111111111112
hk max = 0.032103051400748706
hk min = 0.023129181692079837
hz max = 0.04730720721498783
hz min = 0.026912048786194933
lambdaF max = Inf
lambdaF min = 0.008624482946382158
lambdaB max = Inf
lambdaB min = 0.008624482946382158
----------------------------------
----------------------------------
Iteration = 87
Distance = 3.0478001428413393e-5
v max = -0.4816282233231982
v min = -6.8505097219613225
d max = 0.07611111111111112
d min = 0.07611111111111112
dF max = 0.07611111111111112
dB max = 0.07611111111111112
hk max = 0.032103051400748706
hk min = 0.023129181692079892
hz max = 0.04730720721498783
hz min = 0.026912048786195065
lambdaF max = Inf
lambdaF min = 0.008624482946382158
lambdaB max = Inf
lambdaB min = 0.008624482946382158
----------------------------------
----------------------------------
Iteration = 88
Distance = 2.770727401824047e-5
v max = -0.48165593059719813
v min = -6.850537429235339
d max = 0.07611111111111112
d min = 0.07611111111111112
dF max = 0.07611111111111112
dB max = 0.07611111111111112
hk max = 0.032103051400749635
hk min = 0.023129181692079892
hz max = 0.04730720721498993
hz min = 0.026912048786195065
lambdaF max = Inf
lambdaF min = 0.008624482946382158
lambdaB max = Inf
lambdaB min = 0.008624482946382158
----------------------------------
----------------------------------
Iteration = 89
Distance = 2.518843093390899e-5
v max = -0.48168111902810895
v min = -6.8505626176662675
d max = 0.07611111111111112
d min = 0.07611111111111112
dF max = 0.07611111111111112
dB max = 0.07611111111111112
hk max = 0.032103051400748706
hk min = 0.02312918169207995
hz max = 0.04730720721498783
hz min = 0.026912048786195197
lambdaF max = Inf
lambdaF min = 0.008624482946382158
lambdaB max = Inf
lambdaB min = 0.008624482946382158
----------------------------------
----------------------------------
Iteration = 90
Distance = 2.2898573575069747e-5
v max = -0.4817040176016631
v min = -6.850585516239835
d max = 0.07611111111111112
d min = 0.07611111111111112
dF max = 0.07611111111111112
dB max = 0.07611111111111112
hk max = 0.032103051400748706
hk min = 0.023129181692079837
hz max = 0.04730720721498783
hz min = 0.026912048786194933
lambdaF max = Inf
lambdaF min = 0.008624482946382158
lambdaB max = Inf
lambdaB min = 0.008624482946382158
----------------------------------
----------------------------------
Iteration = 91
Distance = 2.0816885061059054e-5
v max = -0.4817248344867167
v min = -6.850606333124882
d max = 0.07611111111111112
d min = 0.07611111111111112
dF max = 0.07611111111111112
dB max = 0.07611111111111112
hk max = 0.032103051400749635
hk min = 0.02312918169207995
hz max = 0.04730720721498993
hz min = 0.026912048786195197
lambdaF max = Inf
lambdaF min = 0.008624482946382158
lambdaB max = Inf
lambdaB min = 0.008624482946382158
----------------------------------
----------------------------------
Iteration = 92
Distance = 1.8924440963630218e-5
v max = -0.4817437589276758
v min = -6.850625257565842
d max = 0.07611111111111112
d min = 0.07611111111111112
dF max = 0.07611111111111112
dB max = 0.07611111111111112
hk max = 0.032103051400749635
hk min = 0.02312918169208001
hz max = 0.04730720721498993
hz min = 0.026912048786195325
lambdaF max = Inf
lambdaF min = 0.008624482946382158
lambdaB max = Inf
lambdaB min = 0.008624482946382158
----------------------------------
----------------------------------
Iteration = 93
Distance = 1.7204037240148295e-5
v max = -0.48176096296490917
v min = -6.8506424616030746
d max = 0.07611111111111112
d min = 0.07611111111111112
dF max = 0.07611111111111112
dB max = 0.07611111111111112
hk max = 0.032103051400748706
hk min = 0.023129181692079837
hz max = 0.04730720721498783
hz min = 0.026912048786194933
lambdaF max = Inf
lambdaF min = 0.008624482946382158
lambdaB max = Inf
lambdaB min = 0.008624482946382158
----------------------------------
----------------------------------
Iteration = 94
Distance = 1.5640033855568447e-5
v max = -0.4817766029987565
v min = -6.850658101636927
d max = 0.07611111111111112
d min = 0.07611111111111112
dF max = 0.07611111111111112
dB max = 0.07611111111111112
hk max = 0.032103051400748706
hk min = 0.023129181692079892
hz max = 0.04730720721498783
hz min = 0.026912048786195065
lambdaF max = Inf
lambdaF min = 0.008624482946382158
lambdaB max = Inf
lambdaB min = 0.008624482946382158
----------------------------------
----------------------------------
Iteration = 95
Distance = 1.4218212594840907e-5
v max = -0.4817908212113457
v min = -6.850672319849517
d max = 0.07611111111111112
d min = 0.07611111111111112
dF max = 0.07611111111111112
dB max = 0.07611111111111112
hk max = 0.032103051400748706
hk min = 0.023129181692079892
hz max = 0.04730720721498783
hz min = 0.026912048786195065
lambdaF max = Inf
lambdaF min = 0.008624482946382158
lambdaB max = Inf
lambdaB min = 0.008624482946382158
----------------------------------
----------------------------------
Iteration = 96
Distance = 1.2925647811634633e-5
v max = -0.4818037468591553
v min = -6.850685245497323
d max = 0.07611111111111112
d min = 0.07611111111111112
dF max = 0.07611111111111112
dB max = 0.07611111111111112
hk max = 0.032103051400749635
hk min = 0.02312918169208001
hz max = 0.04730720721498993
hz min = 0.026912048786195325
lambdaF max = Inf
lambdaF min = 0.008624482946382158
lambdaB max = Inf
lambdaB min = 0.008624482946382158
----------------------------------
----------------------------------
Iteration = 97
Distance = 1.1750588919667848e-5
v max = -0.4818154974480714
v min = -6.85069699608624
d max = 0.07611111111111112
d min = 0.07611111111111112
dF max = 0.07611111111111112
dB max = 0.07611111111111112
hk max = 0.032103051400748706
hk min = 0.02312918169207995
hz max = 0.04730720721498783
hz min = 0.026912048786195197
lambdaF max = Inf
lambdaF min = 0.008624482946382158
lambdaB max = Inf
lambdaB min = 0.008624482946382158
----------------------------------
----------------------------------
Iteration = 98
Distance = 1.0682353565272251e-5
v max = -0.4818261798016335
v min = -6.8507076784398
d max = 0.07611111111111112
d min = 0.07611111111111112
dF max = 0.07611111111111112
dB max = 0.07611111111111112
hk max = 0.032103051400748706
hk min = 0.02312918169207995
hz max = 0.04730720721498783
hz min = 0.026912048786195197
lambdaF max = Inf
lambdaF min = 0.008624482946382158
lambdaB max = Inf
lambdaB min = 0.008624482946382158
----------------------------------
----------------------------------
Iteration = 99
Distance = 9.711230523734571e-6
v max = -0.4818358910321435
v min = -6.850717389670322
d max = 0.07611111111111112
d min = 0.07611111111111112
dF max = 0.07611111111111112
dB max = 0.07611111111111112
hk max = 0.032103051400748706
hk min = 0.02312918169207995
hz max = 0.04730720721498783
hz min = 0.026912048786195197
lambdaF max = Inf
lambdaF min = 0.008624482946382158
lambdaB max = Inf
lambdaB min = 0.008624482946382158
----------------------------------
    Value Function Converged, Iteration = 99 with gamma=5.0 with rho=1.0 and v=-2.8904752257167035
    Natural boundary condition
=============================================================
Convegence time (minutes): 0.11578462889999999
Current Time = 22:23:34
grid points for z:  401
grid size for z:  0.025
-0.10082540554590956
-0.3154157715606469
--- 8.461437463760376 seconds for the elasticity computation ---
-0.011247540512780558
-0.10560854061367393
--- 0.06316900253295898 seconds for the elasticity computation ---
-0.04474096203160731
-0.20980723094697296
--- 0.06632876396179199 seconds for the elasticity computation ---
-0.17020467362857844
-0.32105971167372394
--- 0.06234025955200195 seconds for the elasticity computation ---
Current Time = 22:23:45
grid points for z:  401
grid size for z:  0.025
rho = 1
0.05937926808266887
--- 8.455826044082642 seconds for the elasticity computation ---
0.0
--- 0.06959819793701172 seconds for the elasticity computation ---
0.05937926808266887
--- 0.06746077537536621 seconds for the elasticity computation ---
0.0
--- 0.06739974021911621 seconds for the elasticity computation ---
0.0
--- 0.06722187995910645 seconds for the elasticity computation ---
0.05937926808266887
0.005643940113077034
--- 0.06748175621032715 seconds for the elasticity computation ---
0.05937926808266887
0.005643940113077034
--- 0.06701159477233887 seconds for the elasticity computation ---
0.05937926808266887
0.005643940113077034
--- 0.06723332405090332 seconds for the elasticity computation ---
0.05937926808266887
0.005643940113077034
--- 0.06721067428588867 seconds for the elasticity computation ---
parsed_args = parse_commandline() = Dict{String, Any}("dataname" => "lower_triangular_two_ambiguous_parameters", "clowerlim" => 0.0001, "delta" => 0.01, "boundary" => 0, "Delta" => 10.0, "q" => 0.05, "zmax" => 5.0, "logadjustment" => 1, "zscale" => 2.0, "foc" => 1, "distorted" => 0, "rho" => 1.0, "gamma" => 5.0)
=============================================================
./output/lower_triangular_two_ambiguous_parameters/Delta_10.0_distorted_0/logadjustment_1_boundary_0/zmax_5.0_zscale_2.0/delta_0.01/q_0.05_gamma_5.0_rho_1.0/
=============================================================
solve for structured linear system 
structured_relative_entropy = 0.05128060162079068
=============================================================
solve for unstructured linear system 
q_update = 0.22100251831731071
=============================================================
parsed_args = parse_commandline() = Dict{String, Any}("dataname" => "lower_triangular_two_ambiguous_parameters", "clowerlim" => 0.0001, "delta" => 0.01, "boundary" => 0, "Delta" => 10.0, "q" => 0.05, "zmax" => 5.0, "logadjustment" => 1, "zscale" => 2.0, "foc" => 1, "distorted" => 0, "rho" => 1.0, "gamma" => 5.0)
=============================================================
./output/lower_triangular_two_ambiguous_parameters/Delta_10.0_distorted_0/logadjustment_1_boundary_0/zmax_5.0_zscale_2.0/delta_0.01/q_0.05_gamma_5.0_rho_1.0/
=============================================================
solve for structured linear system 
structured_relative_entropy = 0.05128060162079069
=============================================================
solve for unstructured linear system 
q_update = 0.22100251831731063
=============================================================
Program ends Fri Jan 19 22:24:27 CST 2024
Elapsed time: 0 days 00 hr 01 min 23 sec
