D_10.0_distorted_0_boundary_1_delta_0.02_gamma_4.0_q_0.1_rho_1.0_lower_triangular_four_ambiguous_parameters
Program starts Fri Jan 19 22:21:16 CST 2024
parsed_args = parse_commandline() = Dict{String, Any}("dataname" => "lower_triangular_four_ambiguous_parameters", "clowerlim" => 0.0001, "delta" => 0.02, "boundary" => 1, "Delta" => 10.0, "q" => 0.1, "zmax" => 5.0, "logadjustment" => 1, "zscale" => 2.0, "foc" => 1, "distorted" => 0, "rho" => 1.0, "gamma" => 4.0)
=============================================================
logadjustment: true
reflective_boundary: true
0.109
sigma_k: [0.011287880226154068, 0.0]
sigma_z: [0.026030751045638307, 0.05916079783099616]
Compute value function WITH ROBUSTNESS
computing undistorted version...
zmax = 5.0, zmin = -5.0, zlength = 401
reflective boundary condition
----------------------------------
Iteration = 1
Distance = 1.2105233260774924
v max = -0.9411453991338404
v min = -3.2105233260774924
d max = 0.07672413793103448
d min = 0.07672413793103448
dF max = 0.07672413793103448
dB max = 0.07672413793103448
hk max = 0.011287880226154068
hk min = 0.011287880226154068
hz max = 0.0
hz min = 0.0
lambdaF max = 0.15963473306270162
lambdaF min = 0.006028620769798678
lambdaB max = 0.15963473306270162
lambdaB min = 0.006028620769798678
----------------------------------
----------------------------------
Iteration = 2
Distance = 0.9271543572132446
v max = -0.6630473493660427
v min = -4.137677683290737
d max = 0.07672413793103448
d min = 0.07672413793103448
dF max = 0.07672413793103448
dB max = 0.07672413793103448
hk max = 0.01720396000925524
hk min = 0.015858707778865788
hz max = 0.01344563587068448
hz min = 0.01038824443798118
lambdaF max = 0.30879163329564424
lambdaF min = 0.006028620769798678
lambdaB max = 0.30879163329565856
lambdaB min = 0.006028620769798678
----------------------------------
----------------------------------
Iteration = 3
Distance = 0.624133495873858
v max = -0.560491723568568
v min = -4.761811179164595
d max = 0.07672413793103448
d min = 0.07672413793103448
dF max = 0.07672413793103448
dB max = 0.07672413793103448
hk max = 0.021683179966247496
hk min = 0.017796594600348367
hz max = 0.023625681227485065
hz min = 0.014792532668623412
lambdaF max = 0.4075727139900703
lambdaF min = 0.006028620769798678
lambdaB max = 0.4110483213943988
lambdaB min = 0.006028620769798678
----------------------------------
----------------------------------
Iteration = 4
Distance = 0.4278176601714563
v max = -0.5417098152195894
v min = -5.189628839336051
d max = 0.07672413793103448
d min = 0.07672413793103448
dF max = 0.07672413793103448
dB max = 0.07672413793103448
hk max = 0.024601938287213125
hk min = 0.018338899406646413
hz max = 0.03025922286604332
hz min = 0.01602504359202806
lambdaF max = 0.4714334517672011
lambdaF min = 0.006028620769798678
lambdaB max = 0.4770719051110055
lambdaB min = 0.006028620769798678
----------------------------------
----------------------------------
Iteration = 5
Distance = 0.2998779285012434
v max = -0.5577558163384013
v min = -5.489506767837295
d max = 0.07672413793103448
d min = 0.07672413793103448
dF max = 0.07672413793103448
dB max = 0.07672413793103448
hk max = 0.026516719500657537
hk min = 0.018783714337202956
hz max = 0.034610998351144256
hz min = 0.017035986616020207
lambdaF max = 0.5116608960144765
lambdaF min = 0.006028620769798678
lambdaB max = 0.5188381446912356
lambdaB min = 0.006028620769798678
----------------------------------
----------------------------------
Iteration = 6
Distance = 0.2134593177400399
v max = -0.5864295340794884
v min = -5.7029660855773345
d max = 0.07672413793103448
d min = 0.07672413793103448
dF max = 0.07672413793103448
dB max = 0.07672413793103448
hk max = 0.027788304870468798
hk min = 0.01889108659798128
hz max = 0.0375009651007153
hz min = 0.017280014481425486
lambdaF max = 0.5375746514507105
lambdaF min = 0.006028620769798678
lambdaB max = 0.5458076925669332
lambdaB min = 0.006028620769798678
----------------------------------
----------------------------------
Iteration = 7
Distance = 0.1539972907420033
v max = -0.6189252448830459
v min = -5.856963376319338
d max = 0.07672413793103448
d min = 0.07672413793103448
dF max = 0.07672413793103448
dB max = 0.07672413793103448
hk max = 0.02863640559359584
hk min = 0.018995444868546124
hz max = 0.039428466744185854
hz min = 0.01751719236907286
lambdaF max = 0.5545419436708605
lambdaF min = 0.006028620769798678
lambdaB max = 0.5634933630023541
lambdaB min = 0.006028620769798678
----------------------------------
----------------------------------
Iteration = 8
Distance = 0.11254356988124403
v max = -0.6509253076055272
v min = -5.969506946200582
d max = 0.07672413793103448
d min = 0.07672413793103448
dF max = 0.07672413793103448
dB max = 0.07672413793103448
hk max = 0.029202987220999527
hk min = 0.01902922590630525
hz max = 0.04071615226101242
hz min = 0.017593967454889056
lambdaF max = 0.5657678635472934
lambdaF min = 0.006028620769798678
lambdaB max = 0.5752041344081219
lambdaB min = 0.006028620769798678
----------------------------------
----------------------------------
Iteration = 9
Distance = 0.083306696391646
v max = -0.6807386187061392
v min = -6.052813642592228
d max = 0.07672413793103448
d min = 0.07672413793103448
dF max = 0.07672413793103448
dB max = 0.07672413793103448
hk max = 0.029581726470870495
hk min = 0.019061255507052153
hz max = 0.041576923283446435
hz min = 0.017666762002041106
lambdaF max = 0.5732405033839363
lambdaF min = 0.006028620769798678
lambdaB max = 0.5830022732926343
lambdaB min = 0.006028620769798678
----------------------------------
----------------------------------
Iteration = 10
Distance = 0.062449722578567624
v max = -0.7075330088010052
v min = -6.1152633651707955
d max = 0.07672413793103448
d min = 0.07672413793103448
dF max = 0.07672413793103448
dB max = 0.07672413793103448
hk max = 0.02983493235446283
hk min = 0.019075975888069013
hz max = 0.04215239120070174
hz min = 0.01770021741344306
lambdaF max = 0.5782310124574569
lambdaF min = 0.006028620769798678
lambdaB max = 0.5882106185386378
lambdaB min = 0.006028620769798678
----------------------------------
----------------------------------
Iteration = 11
Distance = 0.047396288266127407
v max = -0.7311659298177251
v min = -6.162659653436923
d max = 0.07672413793103448
d min = 0.07672413793103448
dF max = 0.07672413793103448
dB max = 0.07672413793103448
hk max = 0.030004194682094858
hk min = 0.01908771333486273
hz max = 0.04253707830895635
hz min = 0.017726893428883325
lambdaF max = 0.5815690553770391
lambdaF min = 0.006028620769798678
lambdaB max = 0.5916941973000027
lambdaB min = 0.006028620769798678
----------------------------------
----------------------------------
Iteration = 12
Distance = 0.03640006950561503
v max = -0.7517022891452991
v min = -6.199059722942538
d max = 0.07672413793103448
d min = 0.07672413793103448
dF max = 0.07672413793103448
dB max = 0.07672413793103448
hk max = 0.03011731730920489
hk min = 0.019094493858957968
hz max = 0.04279417518875187
hz min = 0.017742303710917957
lambdaF max = 0.5838030930756016
lambdaF min = 0.006028620769798678
lambdaB max = 0.5940253834640434
lambdaB min = 0.006028620769798678
----------------------------------
----------------------------------
Iteration = 13
Distance = 0.028268021847447145
v max = -0.769387008352237
v min = -6.227327744789985
d max = 0.07672413793103448
d min = 0.07672413793103448
dF max = 0.07672413793103448
dB max = 0.07672413793103448
hk max = 0.03019289951903408
hk min = 0.01909929924389165
hz max = 0.042965952938363666
hz min = 0.01775322504031269
lambdaF max = 0.5852983373579479
lambdaF min = 0.006028620769798678
lambdaB max = 0.5955854508599018
lambdaB min = 0.006028620769798678
----------------------------------
----------------------------------
Iteration = 14
Distance = 0.022178998668458405
v max = -0.7844996150255122
v min = -6.2495067434584435
d max = 0.07672413793103448
d min = 0.07672413793103448
dF max = 0.07672413793103448
dB max = 0.07672413793103448
hk max = 0.03024338487463145
hk min = 0.019102422664333853
hz max = 0.043080692382903144
hz min = 0.017760323723135876
lambdaF max = 0.5862988987391041
lambdaF min = 0.006028620769798678
lambdaB max = 0.5966292594727725
lambdaB min = 0.006028620769798678
----------------------------------
----------------------------------
Iteration = 15
Distance = 0.01756347605300057
v max = -0.7973480151146924
v min = -6.267070219511444
d max = 0.07672413793103448
d min = 0.07672413793103448
dF max = 0.07672413793103448
dB max = 0.07672413793103448
hk max = 0.030277097412791255
hk min = 0.01910450377676184
hz max = 0.0431573117878118
hz min = 0.01776505352410858
lambdaF max = 0.5869682244663694
lambdaF min = 0.006028620769798678
lambdaB max = 0.5973274370740074
lambdaB min = 0.006028620769798678
----------------------------------
----------------------------------
Iteration = 16
Distance = 0.014023175879149363
v max = -0.8082236348257325
v min = -6.281093395390593
d max = 0.07672413793103448
d min = 0.07672413793103448
dF max = 0.07672413793103448
dB max = 0.07672413793103448
hk max = 0.030299603896207016
hk min = 0.019105925733818183
hz max = 0.04320846288648398
hz min = 0.017768285244691172
lambdaF max = 0.5874158154707728
lambdaF min = 0.006028620769798678
lambdaB max = 0.5977942767312581
lambdaB min = 0.006028620769798678
----------------------------------
----------------------------------
Iteration = 17
Distance = 0.011277044117023571
v max = -0.817400569904887
v min = -6.292370439507617
d max = 0.07672413793103448
d min = 0.07672413793103448
dF max = 0.07672413793103448
dB max = 0.07672413793103448
hk max = 0.030314625863434985
hk min = 0.019106849562608587
hz max = 0.043242603721093
hz min = 0.017770384855578452
lambdaF max = 0.5877150289871498
lambdaF min = 0.006028620769798678
lambdaB max = 0.5981063326193381
lambdaB min = 0.006028620769798678
----------------------------------
----------------------------------
Iteration = 18
Distance = 0.009124770455933628
v max = -0.8251237557984012
v min = -6.301495209963551
d max = 0.07672413793103448
d min = 0.07672413793103448
dF max = 0.07672413793103448
dB max = 0.07672413793103448
hk max = 0.030324650367722965
hk min = 0.01910748999853363
hz max = 0.043265386685383864
hz min = 0.017771840391771737
lambdaF max = 0.587914992744939
lambdaF min = 0.006028620769798678
lambdaB max = 0.5983148649643887
lambdaB min = 0.006028620769798678
----------------------------------
----------------------------------
Iteration = 19
Distance = 0.007422044593468513
v max = -0.8316107091738192
v min = -6.308917254557019
d max = 0.07672413793103448
d min = 0.07672413793103448
dF max = 0.07672413793103448
dB max = 0.07672413793103448
hk max = 0.030331338885851558
hk min = 0.01910790378422817
hz max = 0.04328058786294885
hz min = 0.017772780813804782
lambdaF max = 0.5880485933940757
lambdaF min = 0.006028620769798678
lambdaB max = 0.5984541828951994
lambdaB min = 0.006028620769798678
----------------------------------
----------------------------------
Iteration = 20
Distance = 0.006063696974433874
v max = -0.8370504554400907
v min = -6.314980951531453
d max = 0.07672413793103448
d min = 0.07672413793103448
dF max = 0.07672413793103448
dB max = 0.07672413793103448
hk max = 0.030335801004522604
hk min = 0.01910819025750579
hz max = 0.04329072904174668
hz min = 0.017773431889435736
lambdaF max = 0.5881378355311006
lambdaF min = 0.006028620769798678
lambdaB max = 0.5985472399275095
lambdaB min = 0.006028620769798678
----------------------------------
----------------------------------
Iteration = 21
Distance = 0.004972154371920112
v max = -0.8416063513162951
v min = -6.319953105903373
d max = 0.07672413793103448
d min = 0.07672413793103448
dF max = 0.07672413793103448
dB max = 0.07672413793103448
hk max = 0.03033877752398058
hk min = 0.019108375989402314
hz max = 0.04329749385869662
hz min = 0.017773854007382385
lambdaF max = 0.5881974361792908
lambdaF min = 0.006028620769798678
lambdaB max = 0.5986093861434673
lambdaB min = 0.006028620769798678
----------------------------------
----------------------------------
Iteration = 22
Distance = 0.004089490019434372
v max = -0.8454181204232764
v min = -6.3240425959228075
d max = 0.07672413793103448
d min = 0.07672413793103448
dF max = 0.07672413793103448
dB max = 0.07672413793103448
hk max = 0.03034076290381338
hk min = 0.019108503657501077
hz max = 0.04330200608558935
hz min = 0.017774144162152294
lambdaF max = 0.588237234543164
lambdaF min = 0.006028620769798678
lambdaB max = 0.598650883112976
lambdaB min = 0.006028620769798678
----------------------------------
----------------------------------
Iteration = 23
Distance = 0.0033719133405707424
v max = -0.8486047604303222
v min = -6.327414509263378
d max = 0.07672413793103448
d min = 0.07672413793103448
dF max = 0.07672413793103448
dB max = 0.07672413793103448
hk max = 0.0303420871087721
hk min = 0.019108586982796927
hz max = 0.04330501564231371
hz min = 0.017774333537824684
lambdaF max = 0.5882638065427287
lambdaF min = 0.006028620769798678
lambdaB max = 0.5986785885663202
lambdaB min = 0.006028620769798678
----------------------------------
----------------------------------
Iteration = 24
Distance = 0.0027859219527384127
v max = -0.8512670785939145
v min = -6.330200431216117
d max = 0.07672413793103448
d min = 0.07672413793103448
dF max = 0.07672413793103448
dB max = 0.07672413793103448
hk max = 0.03034297029356235
hk min = 0.019108643783841674
hz max = 0.04330702288047337
hz min = 0.0177744626311082
lambdaF max = 0.5882815458934167
lambdaF min = 0.006028620769798678
lambdaB max = 0.5986970842562018
lambdaB min = 0.006028620769798678
----------------------------------
----------------------------------
Iteration = 25
Distance = 0.0023055914962908375
v max = -0.8534902112767688
v min = -6.3325060227124075
d max = 0.07672413793103448
d min = 0.07672413793103448
dF max = 0.07672413793103448
dB max = 0.07672413793103448
hk max = 0.030343559326281265
hk min = 0.019108681114643446
hz max = 0.043308361591198184
hz min = 0.017774547473839497
lambdaF max = 0.5882933875832136
lambdaF min = 0.006028620769798678
lambdaB max = 0.5987094306415427
lambdaB min = 0.006028620769798678
----------------------------------
----------------------------------
Iteration = 26
Distance = 0.001910648505562662
v max = -0.8553458492260537
v min = -6.33441667121797
d max = 0.07672413793103448
d min = 0.07672413793103448
dF max = 0.07672413793103448
dB max = 0.07672413793103448
hk max = 0.030343952173954972
hk min = 0.01910870637347696
hz max = 0.043309254426820244
hz min = 0.0177746048802793
lambdaF max = 0.5883012917974587
lambdaF min = 0.006028620769798678
lambdaB max = 0.5987176716321434
lambdaB min = 0.006028620769798678
----------------------------------
----------------------------------
Iteration = 27
Distance = 0.001585085573692524
v max = -0.8568942355052399
v min = -6.336001756791663
d max = 0.07672413793103448
d min = 0.07672413793103448
dF max = 0.07672413793103448
dB max = 0.07672413793103448
hk max = 0.030344214179346834
hk min = 0.019108723072800475
hz max = 0.043309849893619926
hz min = 0.01777464283328729
lambdaF max = 0.5883065674742453
lambdaF min = 0.006028620769798678
lambdaB max = 0.598723172034448
lambdaB min = 0.006028620769798678
----------------------------------
----------------------------------
Iteration = 28
Distance = 0.0013161548456146477
v max = -0.8581859072099335
v min = -6.337317911637277
d max = 0.07672413793103448
d min = 0.07672413793103448
dF max = 0.07672413793103448
dB max = 0.07672413793103448
hk max = 0.03034438892280584
hk min = 0.019108734306071226
hz max = 0.04331024703784494
hz min = 0.01777466836344809
lambdaF max = 0.5883100885593583
lambdaF min = 0.006028620769798678
lambdaB max = 0.5987268430746824
lambdaB min = 0.006028620769798678
----------------------------------
----------------------------------
Iteration = 29
Distance = 0.0010936276761519537
v max = -0.8592632010703697
v min = -6.338411539313429
d max = 0.07672413793103448
d min = 0.07672413793103448
dF max = 0.07672413793103448
dB max = 0.07672413793103448
hk max = 0.030344505469192234
hk min = 0.019108741766113095
hz max = 0.043310511915995845
hz min = 0.0177746853180887
lambdaF max = 0.5883124385023201
lambdaF min = 0.006028620769798678
lambdaB max = 0.5987292930795237
lambdaB min = 0.006028620769798678
----------------------------------
----------------------------------
Iteration = 30
Distance = 0.0009092433240329711
v max = -0.8601615474856792
v min = -6.339320782637462
d max = 0.07672413793103448
d min = 0.07672413793103448
dF max = 0.07672413793103448
dB max = 0.07672413793103448
hk max = 0.030344583202239924
hk min = 0.01910874676340156
hz max = 0.04331068858201332
hz min = 0.017774696675562487
lambdaF max = 0.5883140067821061
lambdaF min = 0.006028620769798678
lambdaB max = 0.5987309281281089
lambdaB min = 0.006028620769798678
----------------------------------
----------------------------------
Iteration = 31
Distance = 0.0007562933138141048
v max = -0.8609105708186209
v min = -6.340077075951276
d max = 0.07672413793103448
d min = 0.07672413793103448
dF max = 0.07672413793103448
dB max = 0.07672413793103448
hk max = 0.03034463504914231
hk min = 0.01910875009234521
hz max = 0.04331080641588238
hz min = 0.017774704241343506
lambdaF max = 0.5883150533745146
lambdaF min = 0.006028620769798678
lambdaB max = 0.5987320192735702
lambdaB min = 0.006028620769798678
----------------------------------
----------------------------------
Iteration = 32
Distance = 0.0006293042710421304
v max = -0.861535024909394
v min = -6.3407063802223185
d max = 0.07672413793103448
d min = 0.07672413793103448
dF max = 0.07672413793103448
dB max = 0.07672413793103448
hk max = 0.030344669631206248
hk min = 0.019108752316239687
hz max = 0.04331088501148223
hz min = 0.017774709295649137
lambdaF max = 0.5883157518021868
lambdaF min = 0.006028620769798678
lambdaB max = 0.5987327474301298
lambdaB min = 0.006028620769798678
----------------------------------
----------------------------------
Iteration = 33
Distance = 0.0005237930912338484
v max = -0.8620555820876434
v min = -6.341230173313552
d max = 0.07672413793103448
d min = 0.07672413793103448
dF max = 0.07672413793103448
dB max = 0.07672413793103448
hk max = 0.030344692698162947
hk min = 0.019108753800498483
hz max = 0.043310937436383826
hz min = 0.017774712668964583
lambdaF max = 0.588316217878188
lambdaF min = 0.006028620769798678
lambdaB max = 0.5987332333432308
lambdaB min = 0.006028620769798678
----------------------------------
----------------------------------
Iteration = 34
Distance = 0.0004360759000183734
v max = -0.8624894990944176
v min = -6.341666249213571
d max = 0.07672413793103448
d min = 0.07672413793103448
dF max = 0.07672413793103448
dB max = 0.07672413793103448
hk max = 0.030344708084706032
hk min = 0.019108754790470868
hz max = 0.04331097240579993
hz min = 0.017774714918901827
lambdaF max = 0.5883165288956885
lambdaF min = 0.006028620769798678
lambdaB max = 0.5987335575973463
lambdaB min = 0.006028620769798678
----------------------------------
----------------------------------
Iteration = 35
Distance = 0.0003631175127454256
v max = -0.8628511762234587
v min = -6.342029366726316
d max = 0.07672413793103448
d min = 0.07672413793103448
dF max = 0.07672413793103448
dB max = 0.07672413793103448
hk max = 0.030344718348383017
hk min = 0.019108755451853723
hz max = 0.04331099573233853
hz min = 0.017774716422044673
lambdaF max = 0.5883167364380617
lambdaF min = 0.006028620769798678
lambdaB max = 0.5987337739720645
lambdaB min = 0.006028620769798678
----------------------------------
----------------------------------
Iteration = 36
Distance = 0.00030241175890122207
v max = -0.8631526269856846
v min = -6.342331778485217
d max = 0.07672413793103448
d min = 0.07672413793103448
dF max = 0.07672413793103448
dB max = 0.07672413793103448
hk max = 0.03034472519499686
hk min = 0.019108755892636983
hz max = 0.043311011292824525
hz min = 0.017774717423824807
lambdaF max = 0.5883168749297663
lambdaF min = 0.006028620769798678
lambdaB max = 0.5987339183571995
lambdaB min = 0.006028620769798678
----------------------------------
----------------------------------
Iteration = 37
Distance = 0.00025188560324806986
v max = -0.863403871414921
v min = -6.342583664088465
d max = 0.07672413793103448
d min = 0.07672413793103448
dF max = 0.07672413793103448
dB max = 0.07672413793103448
hk max = 0.030344729762290527
hk min = 0.01910875618722828
hz max = 0.043311021673037416
hz min = 0.017774718093350485
lambdaF max = 0.5883169673434347
lambdaF min = 0.006028620769798678
lambdaB max = 0.5987340147033168
lambdaB min = 0.006028620769798678
----------------------------------
----------------------------------
Iteration = 38
Distance = 0.00020982181475126538
v max = -0.8636132654422682
v min = -6.342793485903217
d max = 0.07672413793103448
d min = 0.07672413793103448
dF max = 0.07672413793103448
dB max = 0.07672413793103448
hk max = 0.03034473280914499
hk min = 0.019108756383511928
hz max = 0.04331102859770665
hz min = 0.017774718539449685
lambdaF max = 0.5883170290092844
lambdaF min = 0.006028620769798678
lambdaB max = 0.5987340789931317
lambdaB min = 0.006028620769798678
----------------------------------
----------------------------------
Iteration = 39
Distance = 0.00017479623657568055
v max = -0.8637877762565229
v min = -6.342968282139792
d max = 0.07672413793103448
d min = 0.07672413793103448
dF max = 0.07672413793103448
dB max = 0.07672413793103448
hk max = 0.030344734841753082
hk min = 0.01910875651469407
hz max = 0.0433110332172705
hz min = 0.017774718837590915
lambdaF max = 0.5883170701575021
lambdaF min = 0.006028620769798678
lambdaB max = 0.5987341218921959
lambdaB min = 0.006028620769798678
----------------------------------
----------------------------------
Iteration = 40
Distance = 0.00014562665317097157
v max = -0.863933212474497
v min = -6.343113908792963
d max = 0.07672413793103448
d min = 0.07672413793103448
dF max = 0.07672413793103448
dB max = 0.07672413793103448
hk max = 0.030344736197766897
hk min = 0.0191087566021061
hz max = 0.04331103629912007
hz min = 0.017774719036254615
lambdaF max = 0.5883170976144795
lambdaF min = 0.006028620769798678
lambdaB max = 0.5987341505174417
lambdaB min = 0.006028620769798678
----------------------------------
----------------------------------
Iteration = 41
Distance = 0.00012133094116340004
v max = -0.8640544163546983
v min = -6.343235239734127
d max = 0.07672413793103448
d min = 0.07672413793103448
dF max = 0.07672413793103448
dB max = 0.07672413793103448
hk max = 0.030344737102420073
hk min = 0.01910875666051276
hz max = 0.043311038355150024
hz min = 0.017774719168997026
lambdaF max = 0.5883171159357308
lambdaF min = 0.006028620769798678
lambdaB max = 0.5987341696182185
lambdaB min = 0.006028620769798678
----------------------------------
----------------------------------
Iteration = 42
Distance = 0.00010109270311353669
v max = -0.8641554242809476
v min = -6.34333633243724
d max = 0.07672413793103448
d min = 0.07672413793103448
dF max = 0.07672413793103448
dB max = 0.07672413793103448
hk max = 0.030344737705963628
hk min = 0.019108756699440975
hz max = 0.04331103972683992
hz min = 0.01777471925747025
lambdaF max = 0.5883171281608401
lambdaF min = 0.006028620769798678
lambdaB max = 0.5987341823634712
lambdaB min = 0.006028620769798678
----------------------------------
----------------------------------
Iteration = 43
Distance = 8.423296782567036e-5
v max = -0.8642396006839608
v min = -6.343420565405066
d max = 0.07672413793103448
d min = 0.07672413793103448
dF max = 0.07672413793103448
dB max = 0.07672413793103448
hk max = 0.03034473810862255
hk min = 0.01910875672544364
hz max = 0.04331104064197383
hz min = 0.01777471931656721
lambdaF max = 0.5883171363182091
lambdaF min = 0.006028620769798678
lambdaB max = 0.598734190867871
lambdaB min = 0.006028620769798678
----------------------------------
----------------------------------
Iteration = 44
Distance = 7.018683319692798e-5
v max = -0.8643097497758996
v min = -6.343490752238263
d max = 0.07672413793103448
d min = 0.07672413793103448
dF max = 0.07672413793103448
dB max = 0.07672413793103448
hk max = 0.030344738377268064
hk min = 0.019108756742779558
hz max = 0.04331104125253181
hz min = 0.01777471935596702
lambdaF max = 0.5883171417612969
lambdaF min = 0.006028620769798678
lambdaB max = 0.598734196542547
lambdaB min = 0.006028620769798678
----------------------------------
----------------------------------
Iteration = 45
Distance = 5.8484152705595704e-5
v max = -0.8643682087466869
v min = -6.3435492363909685
d max = 0.07672413793103448
d min = 0.07672413793103448
dF max = 0.07672413793103448
dB max = 0.07672413793103448
hk max = 0.030344738556502247
hk min = 0.0191087567543556
hz max = 0.043311041659882234
hz min = 0.017774719382276212
lambdaF max = 0.5883171453932305
lambdaF min = 0.006028620769798678
lambdaB max = 0.5987342003290222
lambdaB min = 0.006028620769798678
----------------------------------
----------------------------------
Iteration = 46
Distance = 4.873354135526142e-5
v max = -0.8644169254859655
v min = -6.343597969932324
d max = 0.07672413793103448
d min = 0.07672413793103448
dF max = 0.07672413793103448
dB max = 0.07672413793103448
hk max = 0.03034473867608511
hk min = 0.019108756762075584
hz max = 0.043311041931661465
hz min = 0.01777471939982163
lambdaF max = 0.5883171478166728
lambdaF min = 0.006028620769798678
lambdaB max = 0.5987342028555728
lambdaB min = 0.006028620769798678
----------------------------------
----------------------------------
Iteration = 47
Distance = 4.060911430947556e-5
v max = -0.8644575233894572
v min = -6.343638579046633
d max = 0.07672413793103448
d min = 0.07672413793103448
dF max = 0.07672413793103448
dB max = 0.07672413793103448
hk max = 0.030344738755870213
hk min = 0.01910875676722902
hz max = 0.04331104211299124
hz min = 0.017774719411533985
lambdaF max = 0.5883171494337308
lambdaF min = 0.006028620769798678
lambdaB max = 0.5987342045414493
lambdaB min = 0.006028620769798678
----------------------------------
----------------------------------
Iteration = 48
Distance = 3.3839480661157495e-5
v max = -0.8644913553898955
v min = -6.343672418527294
d max = 0.07672413793103448
d min = 0.07672413793103448
dF max = 0.07672413793103448
dB max = 0.07672413793103448
hk max = 0.030344738809102514
hk min = 0.019108756770666726
hz max = 0.043311042233973744
hz min = 0.017774719419346954
lambdaF max = 0.5883171505127163
lambdaF min = 0.006028620769798678
lambdaB max = 0.5987342056663354
lambdaB min = 0.006028620769798678
----------------------------------
----------------------------------
Iteration = 49
Distance = 2.819860113856265e-5
v max = -0.8645195489999793
v min = -6.343700617128433
d max = 0.07672413793103448
d min = 0.07672413793103448
dF max = 0.07672413793103448
dB max = 0.07672413793103448
hk max = 0.030344738844617532
hk min = 0.019108756772961033
hz max = 0.0433110423146897
hz min = 0.01777471942456129
lambdaF max = 0.5883171512326535
lambdaF min = 0.006028620769798678
lambdaB max = 0.5987342064168896
lambdaB min = 0.006028620769798678
----------------------------------
----------------------------------
Iteration = 50
Distance = 2.3498189685611237e-5
v max = -0.8645430438594652
v min = -6.3437241153181185
d max = 0.07672413793103448
d min = 0.07672413793103448
dF max = 0.07672413793103448
dB max = 0.07672413793103448
hk max = 0.030344738868316408
hk min = 0.019108756774491576
hz max = 0.04331104236855078
hz min = 0.017774719428039792
lambdaF max = 0.588317151713064
lambdaF min = 0.006028620769798678
lambdaB max = 0.5987342069177327
lambdaB min = 0.006028620769798678
----------------------------------
----------------------------------
Iteration = 51
Distance = 1.958139465685349e-5
v max = -0.8645626230320952
v min = -6.343743696712775
d max = 0.07672413793103448
d min = 0.07672413793103448
dF max = 0.07672413793103448
dB max = 0.07672413793103448
hk max = 0.030344738884126754
hk min = 0.019108756775513012
hz max = 0.043311042404483385
hz min = 0.017774719430361244
lambdaF max = 0.5883171520335925
lambdaF min = 0.006028620769798678
lambdaB max = 0.5987342072519092
lambdaB min = 0.006028620769798678
----------------------------------
----------------------------------
Iteration = 52
Distance = 1.631754191944168e-5
v max = -0.864578939091391
v min = -6.343760014254695
d max = 0.07672413793103448
d min = 0.07672413793103448
dF max = 0.07672413793103448
dB max = 0.07672413793103448
hk max = 0.030344738894677776
hk min = 0.019108756776194707
hz max = 0.04331104242846298
hz min = 0.017774719431910547
lambdaF max = 0.5883171522475019
lambdaF min = 0.006028620769798678
lambdaB max = 0.598734207474881
lambdaB min = 0.006028620769798678
----------------------------------
----------------------------------
Iteration = 53
Distance = 1.3597760132988412e-5
v max = -0.8645925358622597
v min = -6.343773612014828
d max = 0.07672413793103448
d min = 0.07672413793103448
dF max = 0.07672413793103448
dB max = 0.07672413793103448
hk max = 0.030344738901716413
hk min = 0.01910875677664936
hz max = 0.04331104244445989
hz min = 0.01777471943294385
lambdaF max = 0.5883171523901912
lambdaF min = 0.006028620769798678
lambdaB max = 0.5987342076236956
lambdaB min = 0.006028620769798678
----------------------------------
----------------------------------
Iteration = 54
Distance = 1.1331339023534781e-5
v max = -0.8646038665412044
v min = -6.343784943353851
d max = 0.07672413793103448
d min = 0.07672413793103448
dF max = 0.07672413793103448
dB max = 0.07672413793103448
hk max = 0.030344738906413465
hk min = 0.019108756776952812
hz max = 0.043311042455135
hz min = 0.017774719433633505
lambdaF max = 0.5883171524854058
lambdaF min = 0.006028620769798678
lambdaB max = 0.5987342077229677
lambdaB min = 0.006028620769798678
----------------------------------
----------------------------------
Iteration = 55
Distance = 9.442697279204992e-6
v max = -0.864613308798055
v min = -6.3437943860511306
d max = 0.07672413793103448
d min = 0.07672413793103448
dF max = 0.07672413793103448
dB max = 0.07672413793103448
hk max = 0.030344738909545754
hk min = 0.01910875677715534
hz max = 0.04331104246225384
hz min = 0.017774719434093804
lambdaF max = 0.5883171525489655
lambdaF min = 0.006028620769798678
lambdaB max = 0.5987342077891907
lambdaB min = 0.006028620769798678
----------------------------------
    Value Function Converged, Iteration = 55 with gamma=4.0 with rho=1.0 and v=-2.7835876856933113
    Reflective boundary condition
=============================================================
Convegence time (minutes): 0.11595263878333334
Current Time = 22:21:45
grid points for z:  401
grid size for z:  0.025
-0.1506718739436962
-0.3868348852204227
--- 8.844115257263184 seconds for the elasticity computation ---
-0.004460853127472519
-0.06674503427433397
--- 0.06401562690734863 seconds for the elasticity computation ---
-0.10333744678260638
-0.3200898509460887
--- 0.06299662590026855 seconds for the elasticity computation ---
-0.23043158744083708
-0.39247882533349976
--- 0.06287479400634766 seconds for the elasticity computation ---
Current Time = 22:21:57
grid points for z:  401
grid size for z:  0.025
rho = 1
0.05975971349714089
--- 8.834470987319946 seconds for the elasticity computation ---
0.0
--- 0.06923127174377441 seconds for the elasticity computation ---
0.05975971349714089
--- 0.06792593002319336 seconds for the elasticity computation ---
0.0
--- 0.06752204895019531 seconds for the elasticity computation ---
0.0
--- 0.06783413887023926 seconds for the elasticity computation ---
0.05975971349714089
0.005643940113077034
--- 0.06798219680786133 seconds for the elasticity computation ---
0.05975971349714089
0.005643940113077034
--- 0.06737112998962402 seconds for the elasticity computation ---
0.05975971349714089
0.005643940113077034
--- 0.06879186630249023 seconds for the elasticity computation ---
0.05975971349714089
0.005643940113077034
--- 0.06919670104980469 seconds for the elasticity computation ---
parsed_args = parse_commandline() = Dict{String, Any}("dataname" => "lower_triangular_four_ambiguous_parameters", "clowerlim" => 0.0001, "delta" => 0.02, "boundary" => 1, "Delta" => 10.0, "q" => 0.1, "zmax" => 5.0, "logadjustment" => 1, "zscale" => 2.0, "foc" => 1, "distorted" => 0, "rho" => 1.0, "gamma" => 4.0)
=============================================================
./output/lower_triangular_four_ambiguous_parameters/Delta_10.0_distorted_0/logadjustment_1_boundary_1/zmax_5.0_zscale_2.0/delta_0.02/q_0.1_gamma_4.0_rho_1.0/
=============================================================
solve for structured linear system 
structured_relative_entropy = 0.10126139283401173
=============================================================
solve for unstructured linear system 
q_update = 0.14146289641202356
=============================================================
parsed_args = parse_commandline() = Dict{String, Any}("dataname" => "lower_triangular_four_ambiguous_parameters", "clowerlim" => 0.0001, "delta" => 0.02, "boundary" => 1, "Delta" => 10.0, "q" => 0.1, "zmax" => 5.0, "logadjustment" => 1, "zscale" => 2.0, "foc" => 1, "distorted" => 0, "rho" => 1.0, "gamma" => 4.0)
=============================================================
./output/lower_triangular_four_ambiguous_parameters/Delta_10.0_distorted_0/logadjustment_1_boundary_1/zmax_5.0_zscale_2.0/delta_0.02/q_0.1_gamma_4.0_rho_1.0/
=============================================================
solve for structured linear system 
structured_relative_entropy = 0.10126139283401173
=============================================================
solve for unstructured linear system 
q_update = 0.14146289641202353
=============================================================
Program ends Fri Jan 19 22:22:40 CST 2024
Elapsed time: 0 days 00 hr 01 min 24 sec
