D_10.0_distorted_0_boundary_1_delta_0.02_gamma_10.0_q_0.05_rho_1.0_upper_triangular_two_ambiguous_parameters
Program starts Fri Jan 19 22:19:03 CST 2024
parsed_args = parse_commandline() = Dict{String, Any}("dataname" => "upper_triangular_two_ambiguous_parameters", "clowerlim" => 0.0001, "delta" => 0.02, "boundary" => 1, "Delta" => 10.0, "q" => 0.05, "zmax" => 5.0, "logadjustment" => 1, "zscale" => 2.0, "foc" => 1, "distorted" => 0, "rho" => 1.0, "gamma" => 10.0)
=============================================================
logadjustment: true
reflective_boundary: true
0.109
U: [1.0331966455186503 0.4546065240282061; 0.0 0.06463435618925897]
L: [1.0331966455186503 0.0; 0.4546065240282061 0.06463435618925897]
[-2.220446049250313e-16 0.0; 0.0 0.0]
sigma_k: [0.010331966455186503, 0.004546065240282061]
sigma_z: [0.0, 0.06463435618925897]
Compute value function WITH ROBUSTNESS
computing undistorted version...
zmax = 5.0, zmin = -5.0, zlength = 401
reflective boundary condition
----------------------------------
Iteration = 1
Distance = 1.2137087320774964
v max = -0.9443308051338414
v min = -3.2137087320774964
d max = 0.07672413793103448
d min = 0.07672413793103448
dF max = 0.07672413793103448
dB max = 0.07672413793103448
hk max = 0.010331966455186503
hk min = 0.010331966455186503
hz max = 0.004546065240282061
hz min = 0.004546065240282061
lambdaF max = Inf
lambdaF min = 0.008624482946382156
lambdaB max = Inf
lambdaB min = 0.008624482946382156
----------------------------------
----------------------------------
Iteration = 2
Distance = 0.8819538301485648
v max = -0.5789679114525842
v min = -4.095662562226061
d max = 0.07672413793103448
d min = 0.07672413793103448
dF max = 0.07672413793103448
dB max = 0.07672413793103448
hk max = 0.010331966455186503
hk min = 0.010331966455186503
hz max = 0.019235691646936837
hz min = 0.015895430289476466
lambdaF max = Inf
lambdaF min = 0.008624482946382156
lambdaB max = Inf
lambdaB min = 0.008624482946382156
----------------------------------
----------------------------------
Iteration = 3
Distance = 0.5915474014017947
v max = -0.4349379283253256
v min = -4.687209963627856
d max = 0.07672413793103448
d min = 0.07672413793103448
dF max = 0.07672413793103448
dB max = 0.07672413793103448
hk max = 0.010331966455186503
hk min = 0.010331966455186503
hz max = 0.02963775970996161
hz min = 0.021296029702775356
lambdaF max = Inf
lambdaF min = 0.008624482946382156
lambdaB max = Inf
lambdaB min = 0.008624482946382156
----------------------------------
----------------------------------
Iteration = 4
Distance = 0.40867230581366965
v max = -0.3981963120180985
v min = -5.095882269441526
d max = 0.07672413793103448
d min = 0.07672413793103448
dF max = 0.07672413793103448
dB max = 0.07672413793103448
hk max = 0.010331966455186503
hk min = 0.010331966455186503
hz max = 0.03620356937979832
hz min = 0.023509523907305194
lambdaF max = Inf
lambdaF min = 0.008624482946382156
lambdaB max = Inf
lambdaB min = 0.008624482946382156
----------------------------------
----------------------------------
Iteration = 5
Distance = 0.29063479670478465
v max = -0.4091678696248189
v min = -5.38651706614631
d max = 0.07672413793103448
d min = 0.07672413793103448
dF max = 0.07672413793103448
dB max = 0.07672413793103448
hk max = 0.010331966455186503
hk min = 0.010331966455186503
hz max = 0.04037427762961525
hz min = 0.024793822025329836
lambdaF max = Inf
lambdaF min = 0.008624482946382156
lambdaB max = Inf
lambdaB min = 0.008624482946382156
----------------------------------
----------------------------------
Iteration = 6
Distance = 0.21136856996070996
v max = -0.43947448307832754
v min = -5.59788563610702
d max = 0.07672413793103448
d min = 0.07672413793103448
dF max = 0.07672413793103448
dB max = 0.07672413793103448
hk max = 0.010331966455186503
hk min = 0.010331966455186503
hz max = 0.0430483097564989
hz min = 0.025343488336220327
lambdaF max = Inf
lambdaF min = 0.008624482946382156
lambdaB max = Inf
lambdaB min = 0.008624482946382156
----------------------------------
----------------------------------
Iteration = 7
Distance = 0.15673921643207311
v max = -0.4768164260980948
v min = -5.754624852539093
d max = 0.07672413793103448
d min = 0.07672413793103448
dF max = 0.07672413793103448
dB max = 0.07672413793103448
hk max = 0.010331966455186503
hk min = 0.010331966455186503
hz max = 0.04476894440587242
hz min = 0.02565625608526658
lambdaF max = Inf
lambdaF min = 0.008624482946382156
lambdaB max = Inf
lambdaB min = 0.008624482946382156
----------------------------------
----------------------------------
Iteration = 8
Distance = 0.11828229395251189
v max = -0.5158828863913812
v min = -5.872907146491605
d max = 0.07672413793103448
d min = 0.07672413793103448
dF max = 0.07672413793103448
dB max = 0.07672413793103448
hk max = 0.010331966455186503
hk min = 0.010331966455186503
hz max = 0.04587888410595422
hz min = 0.025829385931605404
lambdaF max = Inf
lambdaF min = 0.008624482946382156
lambdaB max = Inf
lambdaB min = 0.008624482946382156
----------------------------------
----------------------------------
Iteration = 9
Distance = 0.09068150744846548
v max = -0.5542604806340995
v min = -5.963588653940071
d max = 0.07672413793103448
d min = 0.07672413793103448
dF max = 0.07672413793103448
dB max = 0.07672413793103448
hk max = 0.010331966455186503
hk min = 0.010331966455186503
hz max = 0.046593285699598835
hz min = 0.02595202924507068
lambdaF max = Inf
lambdaF min = 0.008624482946382156
lambdaB max = Inf
lambdaB min = 0.008624482946382156
----------------------------------
----------------------------------
Iteration = 10
Distance = 0.07050598226958549
v max = -0.5905638225488092
v min = -6.034094636209656
d max = 0.07672413793103448
d min = 0.07672413793103448
dF max = 0.07672413793103448
dB max = 0.07672413793103448
hk max = 0.010331966455186503
hk min = 0.010331966455186503
hz max = 0.047054962921658484
hz min = 0.026041708288894266
lambdaF max = Inf
lambdaF min = 0.008624482946382156
lambdaB max = Inf
lambdaB min = 0.008624482946382156
----------------------------------
----------------------------------
Iteration = 11
Distance = 0.05549870995265138
v max = -0.6239212768269127
v min = -6.0895933461623075
d max = 0.07672413793103448
d min = 0.07672413793103448
dF max = 0.07672413793103448
dB max = 0.07672413793103448
hk max = 0.010331966455186503
hk min = 0.010331966455186503
hz max = 0.04735300670316851
hz min = 0.026108528752959347
lambdaF max = Inf
lambdaF min = 0.008624482946382156
lambdaB max = Inf
lambdaB min = 0.008624482946382156
----------------------------------
----------------------------------
Iteration = 12
Distance = 0.04415111071557298
v max = -0.6538415215980918
v min = -6.1337444568778805
d max = 0.07672413793103448
d min = 0.07672413793103448
dF max = 0.07672413793103448
dB max = 0.07672413793103448
hk max = 0.010331966455186503
hk min = 0.010331966455186503
hz max = 0.047545452694651394
hz min = 0.026155787357145972
lambdaF max = Inf
lambdaF min = 0.008624482946382156
lambdaB max = Inf
lambdaB min = 0.008624482946382156
----------------------------------
----------------------------------
Iteration = 13
Distance = 0.03543983633274106
v max = -0.6801616844625822
v min = -6.169184293210622
d max = 0.07672413793103448
d min = 0.07672413793103448
dF max = 0.07672413793103448
dB max = 0.07672413793103448
hk max = 0.010331966455186503
hk min = 0.010331966455186503
hz max = 0.0476697317376834
hz min = 0.02618771689306428
lambdaF max = Inf
lambdaF min = 0.008624482946382156
lambdaB max = Inf
lambdaB min = 0.008624482946382156
----------------------------------
----------------------------------
Iteration = 14
Distance = 0.028660380824423015
v max = -0.7029663172972118
v min = -6.197844674035045
d max = 0.07672413793103448
d min = 0.07672413793103448
dF max = 0.07672413793103448
dB max = 0.07672413793103448
hk max = 0.010331966455186503
hk min = 0.010331966455186503
hz max = 0.04774999661000952
hz min = 0.02620832601290426
lambdaF max = Inf
lambdaF min = 0.008624482946382156
lambdaB max = Inf
lambdaB min = 0.008624482946382156
----------------------------------
----------------------------------
Iteration = 15
Distance = 0.023320301936912813
v max = -0.7225058073053358
v min = -6.221164975971957
d max = 0.07672413793103448
d min = 0.07672413793103448
dF max = 0.07672413793103448
dB max = 0.07672413793103448
hk max = 0.010331966455186503
hk min = 0.010331966455186503
hz max = 0.047801837151105225
hz min = 0.026221151706048253
lambdaF max = Inf
lambdaF min = 0.008624482946382156
lambdaB max = Inf
lambdaB min = 0.008624482946382156
----------------------------------
----------------------------------
Iteration = 16
Distance = 0.019069900215265
v max = -0.7391205292054768
v min = -6.240234876187222
d max = 0.07672413793103448
d min = 0.07672413793103448
dF max = 0.07672413793103448
dB max = 0.07672413793103448
hk max = 0.010331966455186503
hk min = 0.010331966455186503
hz max = 0.04783531941835098
hz min = 0.0262290111773706
lambdaF max = Inf
lambdaF min = 0.008624482946382156
lambdaB max = Inf
lambdaB min = 0.008624482946382156
----------------------------------
----------------------------------
Iteration = 17
Distance = 0.01565676242080194
v max = -0.753179186054724
v min = -6.255891638608024
d max = 0.07672413793103448
d min = 0.07672413793103448
dF max = 0.07672413793103448
dB max = 0.07672413793103448
hk max = 0.010331966455186503
hk min = 0.010331966455186503
hz max = 0.047856944338367575
hz min = 0.026233908212345995
lambdaF max = Inf
lambdaF min = 0.008624482946382156
lambdaB max = Inf
lambdaB min = 0.008624482946382156
----------------------------------
----------------------------------
Iteration = 18
Distance = 0.012895666412025442
v max = -0.7650369933195292
v min = -6.26878730502005
d max = 0.07672413793103448
d min = 0.07672413793103448
dF max = 0.07672413793103448
dB max = 0.07672413793103448
hk max = 0.010331966455186503
hk min = 0.010331966455186503
hz max = 0.047870910923262795
hz min = 0.026237090743111993
lambdaF max = Inf
lambdaF min = 0.008624482946382156
lambdaB max = Inf
lambdaB min = 0.008624482946382156
----------------------------------
----------------------------------
Iteration = 19
Distance = 0.010648459997137039
v max = -0.7750150947264639
v min = -6.279435765017187
d max = 0.07672413793103448
d min = 0.07672413793103448
dF max = 0.07672413793103448
dB max = 0.07672413793103448
hk max = 0.010331966455186503
hk min = 0.010331966455186503
hz max = 0.047879931404732054
hz min = 0.02623923492798662
lambdaF max = Inf
lambdaF min = 0.008624482946382156
lambdaB max = Inf
lambdaB min = 0.008624482946382156
----------------------------------
----------------------------------
Iteration = 20
Distance = 0.008810467817529144
v max = -0.7833949702768958
v min = -6.288246232834716
d max = 0.07672413793103448
d min = 0.07672413793103448
dF max = 0.07672413793103448
dB max = 0.07672413793103448
hk max = 0.010331966455186503
hk min = 0.010331966455186503
hz max = 0.047885757546044266
hz min = 0.026240692706370534
lambdaF max = Inf
lambdaF min = 0.008624482946382156
lambdaB max = Inf
lambdaB min = 0.008624482946382156
----------------------------------
----------------------------------
Iteration = 21
Distance = 0.007301204501066749
v max = -0.7904203030127066
v min = -6.295547437335783
d max = 0.07672413793103448
d min = 0.07672413793103448
dF max = 0.07672413793103448
dB max = 0.07672413793103448
hk max = 0.010331966455186503
hk min = 0.010331966455186503
hz max = 0.04788952065682821
hz min = 0.026241664521760473
lambdaF max = Inf
lambdaF min = 0.008624482946382156
lambdaB max = Inf
lambdaB min = 0.008624482946382156
----------------------------------
----------------------------------
Iteration = 22
Distance = 0.0060579509963520906
v max = -0.796301153119444
v min = -6.301605388332135
d max = 0.07672413793103448
d min = 0.07672413793103448
dF max = 0.07672413793103448
dB max = 0.07672413793103448
hk max = 0.010331966455186503
hk min = 0.010331966455186503
hz max = 0.04789195131053441
hz min = 0.026242289811897357
lambdaF max = Inf
lambdaF min = 0.008624482946382156
lambdaB max = Inf
lambdaB min = 0.008624482946382156
----------------------------------
----------------------------------
Iteration = 23
Distance = 0.005031250339067483
v max = -0.801218067928823
v min = -6.306636638671202
d max = 0.07672413793103448
d min = 0.07672413793103448
dF max = 0.07672413793103448
dB max = 0.07672413793103448
hk max = 0.010331966455186503
hk min = 0.010331966455186503
hz max = 0.04789352130885089
hz min = 0.02624267835684411
lambdaF max = Inf
lambdaF min = 0.008624482946382156
lambdaB max = Inf
lambdaB min = 0.008624482946382156
----------------------------------
----------------------------------
Iteration = 24
Distance = 0.0041817018572256615
v max = -0.8053255055568497
v min = -6.310818340528428
d max = 0.07672413793103448
d min = 0.07672413793103448
dF max = 0.07672413793103448
dB max = 0.07672413793103448
hk max = 0.010331966455186503
hk min = 0.010331966455186503
hz max = 0.04789453537196368
hz min = 0.02624291599719403
lambdaF max = Inf
lambdaF min = 0.008624482946382156
lambdaB max = Inf
lambdaB min = 0.008624482946382156
----------------------------------
----------------------------------
Iteration = 25
Distance = 0.0034776428979688134
v max = -0.8087547664655137
v min = -6.314295983426397
d max = 0.07672413793103448
d min = 0.07672413793103448
dF max = 0.07672413793103448
dB max = 0.07672413793103448
hk max = 0.010331966455186503
hk min = 0.010331966455186503
hz max = 0.04789519033315178
hz min = 0.026243063547686563
lambdaF max = Inf
lambdaF min = 0.008624482946382156
lambdaB max = Inf
lambdaB min = 0.008624482946382156
----------------------------------
----------------------------------
Iteration = 26
Distance = 0.0028934446074533327
v max = -0.8116167468552518
v min = -6.31718942803385
d max = 0.07672413793103448
d min = 0.07672413793103448
dF max = 0.07672413793103448
dB max = 0.07672413793103448
hk max = 0.010331966455186503
hk min = 0.010331966455186503
hz max = 0.047895613346594035
hz min = 0.026243158955110295
lambdaF max = Inf
lambdaF min = 0.008624482946382156
lambdaB max = Inf
lambdaB min = 0.008624482946382156
----------------------------------
----------------------------------
Iteration = 27
Distance = 0.0024082385246417815
v max = -0.8140046376062706
v min = -6.319597666558492
d max = 0.07672413793103448
d min = 0.07672413793103448
dF max = 0.07672413793103448
dB max = 0.07672413793103448
hk max = 0.010331966455186503
hk min = 0.010331966455186503
hz max = 0.04789588655280595
hz min = 0.026243223211465872
lambdaF max = Inf
lambdaF min = 0.008624482946382156
lambdaB max = Inf
lambdaB min = 0.008624482946382156
----------------------------------
----------------------------------
Iteration = 28
Distance = 0.0020049501229273403
v max = -0.8159965133407492
v min = -6.321602616681419
d max = 0.07672413793103448
d min = 0.07672413793103448
dF max = 0.07672413793103448
dB max = 0.07672413793103448
hk max = 0.010331966455186503
hk min = 0.010331966455186503
hz max = 0.047896063008546465
hz min = 0.02624326716067552
lambdaF max = Inf
lambdaF min = 0.008624482946382156
lambdaB max = Inf
lambdaB min = 0.008624482946382156
----------------------------------
----------------------------------
Iteration = 29
Distance = 0.0016695546246410231
v max = -0.8176576987411259
v min = -6.32327217130606
d max = 0.07672413793103448
d min = 0.07672413793103448
dF max = 0.07672413793103448
dB max = 0.07672413793103448
hk max = 0.010331966455186503
hk min = 0.010331966455186503
hz max = 0.04789617697997924
hz min = 0.026243296736077174
lambdaF max = Inf
lambdaF min = 0.008624482946382156
lambdaB max = Inf
lambdaB min = 0.008624482946382156
----------------------------------
----------------------------------
Iteration = 30
Distance = 0.0013904964264792596
v max = -0.8190428320083148
v min = -6.3246626677325395
d max = 0.07672413793103448
d min = 0.07672413793103448
dF max = 0.07672413793103448
dB max = 0.07672413793103448
hk max = 0.010331966455186503
hk min = 0.010331966455186503
hz max = 0.047896250595452654
hz min = 0.026243315918035835
lambdaF max = Inf
lambdaF min = 0.008624482946382156
lambdaB max = Inf
lambdaB min = 0.008624482946382156
----------------------------------
----------------------------------
Iteration = 31
Distance = 0.001158230891122436
v max = -0.8201976069786618
v min = -6.325820898623662
d max = 0.07672413793103448
d min = 0.07672413793103448
dF max = 0.07672413793103448
dB max = 0.07672413793103448
hk max = 0.010331966455186503
hk min = 0.010331966455186503
hz max = 0.04789629814491851
hz min = 0.026243327875129795
lambdaF max = Inf
lambdaF min = 0.008624482946382156
lambdaB max = Inf
lambdaB min = 0.008624482946382156
----------------------------------
----------------------------------
Iteration = 32
Distance = 0.000964859057961398
v max = -0.8211602234987398
v min = -6.326785757681623
d max = 0.07672413793103448
d min = 0.07672413793103448
dF max = 0.07672413793103448
dB max = 0.07672413793103448
hk max = 0.010331966455186503
hk min = 0.010331966455186503
hz max = 0.04789632885733928
hz min = 0.02624333515502641
lambdaF max = Inf
lambdaF min = 0.008624482946382156
lambdaB max = Inf
lambdaB min = 0.008624482946382156
----------------------------------
----------------------------------
Iteration = 33
Distance = 0.0008038339212737
v max = -0.8219625957149951
v min = -6.327589591602897
d max = 0.07672413793103448
d min = 0.07672413793103448
dF max = 0.07672413793103448
dB max = 0.07672413793103448
hk max = 0.010331966455186503
hk min = 0.010331966455186503
hz max = 0.047896348693923924
hz min = 0.02624333962176913
lambdaF max = Inf
lambdaF min = 0.008624482946382156
lambdaB max = Inf
lambdaB min = 0.008624482946382156
----------------------------------
----------------------------------
Iteration = 34
Distance = 0.0006697225541953955
v max = -0.8226313660305777
v min = -6.328259314157092
d max = 0.07672413793103448
d min = 0.07672413793103448
dF max = 0.07672413793103448
dB max = 0.07672413793103448
hk max = 0.010331966455186503
hk min = 0.010331966455186503
hz max = 0.04789636150557841
hz min = 0.026243342472643913
lambdaF max = Inf
lambdaF min = 0.008624482946382156
lambdaB max = Inf
lambdaB min = 0.008624482946382156
----------------------------------
----------------------------------
Iteration = 35
Distance = 0.0005580123224495637
v max = -0.8231887612529163
v min = -6.328817326479542
d max = 0.07672413793103448
d min = 0.07672413793103448
dF max = 0.07672413793103448
dB max = 0.07672413793103448
hk max = 0.010331966455186503
hk min = 0.010331966455186503
hz max = 0.047896369780005194
hz min = 0.02624334438170523
lambdaF max = Inf
lambdaF min = 0.008624482946382156
lambdaB max = Inf
lambdaB min = 0.008624482946382156
----------------------------------
----------------------------------
Iteration = 36
Distance = 0.00046495226307197157
v max = -0.8236533164462309
v min = -6.329282278742614
d max = 0.07672413793103448
d min = 0.07672413793103448
dF max = 0.07672413793103448
dB max = 0.07672413793103448
hk max = 0.010331966455186503
hk min = 0.010331966455186503
hz max = 0.04789637512413884
hz min = 0.02624334569329309
lambdaF max = Inf
lambdaF min = 0.008624482946382156
lambdaB max = Inf
lambdaB min = 0.008624482946382156
----------------------------------
----------------------------------
Iteration = 37
Distance = 0.00038742275215941646
v max = -0.8240404850361032
v min = -6.329669701494773
d max = 0.07672413793103448
d min = 0.07672413793103448
dF max = 0.07672413793103448
dB max = 0.07672413793103448
hk max = 0.010331966455186503
hk min = 0.010331966455186503
hz max = 0.047896378575826154
hz min = 0.02624334658594793
lambdaF max = Inf
lambdaF min = 0.008624482946382156
lambdaB max = Inf
lambdaB min = 0.008624482946382156
----------------------------------
----------------------------------
Iteration = 38
Distance = 0.0003228280926279581
v max = -0.8243631505035258
v min = -6.329992529587401
d max = 0.07672413793103448
d min = 0.07672413793103448
dF max = 0.07672413793103448
dB max = 0.07672413793103448
hk max = 0.010331966455186503
hk min = 0.010331966455186503
hz max = 0.047896380805294285
hz min = 0.0262433471721929
lambdaF max = Inf
lambdaF min = 0.008624482946382156
lambdaB max = Inf
lambdaB min = 0.008624482946382156
----------------------------------
----------------------------------
Iteration = 39
Distance = 0.0002690077791198675
v max = -0.8246320537208163
v min = -6.330261537366521
d max = 0.07672413793103448
d min = 0.07672413793103448
dF max = 0.07672413793103448
dB max = 0.07672413793103448
hk max = 0.010331966455186503
hk min = 0.010331966455186503
hz max = 0.04789638224534717
hz min = 0.026243347540691426
lambdaF max = Inf
lambdaF min = 0.008624482946382156
lambdaB max = Inf
lambdaB min = 0.008624482946382156
----------------------------------
----------------------------------
Iteration = 40
Distance = 0.0002241630533861283
v max = -0.8248561490382098
v min = -6.330485700419907
d max = 0.07672413793103448
d min = 0.07672413793103448
dF max = 0.07672413793103448
dB max = 0.07672413793103448
hk max = 0.010331966455186503
hk min = 0.010331966455186503
hz max = 0.04789638317549183
hz min = 0.026243347765000903
lambdaF max = Inf
lambdaF min = 0.008624482946382156
lambdaB max = Inf
lambdaB min = 0.008624482946382156
----------------------------------
----------------------------------
Iteration = 41
Distance = 0.00018679602409665819
v max = -0.8250429009214614
v min = -6.330672496444004
d max = 0.07672413793103448
d min = 0.07672413793103448
dF max = 0.07672413793103448
dB max = 0.07672413793103448
hk max = 0.010331966455186503
hk min = 0.010331966455186503
hz max = 0.047896383776261306
hz min = 0.02624334790123968
lambdaF max = Inf
lambdaF min = 0.008624482946382156
lambdaB max = Inf
lambdaB min = 0.008624482946382156
----------------------------------
----------------------------------
Iteration = 42
Distance = 0.0001556591422682274
v max = -0.8251985312697097
v min = -6.330828155586272
d max = 0.07672413793103448
d min = 0.07672413793103448
dF max = 0.07672413793103448
dB max = 0.07672413793103448
hk max = 0.010331966455186503
hk min = 0.010331966455186503
hz max = 0.047896384164274136
hz min = 0.026243347986880352
lambdaF max = Inf
lambdaF min = 0.008624482946382156
lambdaB max = Inf
lambdaB min = 0.008624482946382156
----------------------------------
----------------------------------
Iteration = 43
Distance = 0.0001297132320887684
v max = -0.825328225801676
v min = -6.330957868818361
d max = 0.07672413793103448
d min = 0.07672413793103448
dF max = 0.07672413793103448
dB max = 0.07672413793103448
hk max = 0.010331966455186503
hk min = 0.010331966455186503
hz max = 0.04789638441487566
hz min = 0.02624334804363247
lambdaF max = Inf
lambdaF min = 0.008624482946382156
lambdaB max = Inf
lambdaB min = 0.008624482946382156
----------------------------------
----------------------------------
Iteration = 44
Distance = 0.0001080926033720786
v max = -0.8254363063505271
v min = -6.331065961421733
d max = 0.07672413793103448
d min = 0.07672413793103448
dF max = 0.07672413793103448
dB max = 0.07672413793103448
hk max = 0.010331966455186503
hk min = 0.010331966455186503
hz max = 0.04789638457672392
hz min = 0.02624334808264185
lambdaF max = Inf
lambdaF min = 0.008624482946382156
lambdaB max = Inf
lambdaB min = 0.008624482946382156
----------------------------------
----------------------------------
Iteration = 45
Distance = 9.007603479282977e-5
v max = -0.8255263746651962
v min = -6.331156037456526
d max = 0.07672413793103448
d min = 0.07672413793103448
dF max = 0.07672413793103448
dB max = 0.07672413793103448
hk max = 0.010331966455186503
hk min = 0.010331966455186503
hz max = 0.047896384681264066
hz min = 0.026243348109451992
lambdaF max = Inf
lambdaF min = 0.008624482946382156
lambdaB max = Inf
lambdaB min = 0.008624482946382156
----------------------------------
----------------------------------
Iteration = 46
Distance = 7.506262940459862e-5
v max = -0.8256014323603145
v min = -6.3312311000859305
d max = 0.07672413793103448
d min = 0.07672413793103448
dF max = 0.07672413793103448
dB max = 0.07672413793103448
hk max = 0.010331966455186503
hk min = 0.010331966455186503
hz max = 0.04789638474877681
hz min = 0.026243348127293464
lambdaF max = Inf
lambdaF min = 0.008624482946382156
lambdaB max = Inf
lambdaB min = 0.008624482946382156
----------------------------------
----------------------------------
Iteration = 47
Distance = 6.255171776636814e-5
v max = -0.8256639809123771
v min = -6.331293651803697
d max = 0.07672413793103448
d min = 0.07672413793103448
dF max = 0.07672413793103448
dB max = 0.07672413793103448
hk max = 0.010331966455186503
hk min = 0.010331966455186503
hz max = 0.04789638479238993
hz min = 0.026243348138630454
lambdaF max = Inf
lambdaF min = 0.008624482946382156
lambdaB max = Inf
lambdaB min = 0.008624482946382156
----------------------------------
----------------------------------
Iteration = 48
Distance = 5.2126125707374626e-5
v max = -0.8257161049914504
v min = -6.331345777929404
d max = 0.07672413793103448
d min = 0.07672413793103448
dF max = 0.07672413793103448
dB max = 0.07672413793103448
hk max = 0.010331966455186503
hk min = 0.010331966455186503
hz max = 0.04789638482055832
hz min = 0.026243348145553146
lambdaF max = Inf
lambdaF min = 0.008624482946382156
lambdaB max = Inf
lambdaB min = 0.008624482946382156
----------------------------------
----------------------------------
Iteration = 49
Distance = 4.3438240614257495e-5
v max = -0.825759541899321
v min = -6.3313892161700185
d max = 0.07672413793103448
d min = 0.07672413793103448
dF max = 0.07672413793103448
dB max = 0.07672413793103448
hk max = 0.010331966455186503
hk min = 0.010331966455186503
hz max = 0.047896384838756294
hz min = 0.026243348149726623
lambdaF max = Inf
lambdaF min = 0.008624482946382156
lambdaB max = Inf
lambdaB min = 0.008624482946382156
----------------------------------
----------------------------------
Iteration = 50
Distance = 3.619840630708637e-5
v max = -0.8257957394354106
v min = -6.331425414576326
d max = 0.07672413793103448
d min = 0.07672413793103448
dF max = 0.07672413793103448
dB max = 0.07672413793103448
hk max = 0.010331966455186503
hk min = 0.010331966455186503
hz max = 0.04789638485050403
hz min = 0.02624334815230993
lambdaF max = Inf
lambdaF min = 0.008624482946382156
lambdaB max = Inf
lambdaB min = 0.008624482946382156
----------------------------------
----------------------------------
Iteration = 51
Distance = 3.0165256223568804e-5
v max = -0.8258259041252859
v min = -6.331455579832549
d max = 0.07672413793103448
d min = 0.07672413793103448
dF max = 0.07672413793103448
dB max = 0.07672413793103448
hk max = 0.010331966455186503
hk min = 0.010331966455186503
hz max = 0.0478963848580978
hz min = 0.0262433481539997
lambdaF max = Inf
lambdaF min = 0.008624482946382156
lambdaB max = Inf
lambdaB min = 0.008624482946382156
----------------------------------
----------------------------------
Iteration = 52
Distance = 2.513766031775333e-5
v max = -0.8258510414197515
v min = -6.331480717492867
d max = 0.07672413793103448
d min = 0.07672413793103448
dF max = 0.07672413793103448
dB max = 0.07672413793103448
hk max = 0.010331966455186503
hk min = 0.010331966455186503
hz max = 0.047896384862998055
hz min = 0.026243348155157883
lambdaF max = Inf
lambdaF min = 0.008624482946382156
lambdaB max = Inf
lambdaB min = 0.008624482946382156
----------------------------------
----------------------------------
Iteration = 53
Distance = 2.094801590946105e-5
v max = -0.8258719892011173
v min = -6.331501665508776
d max = 0.07672413793103448
d min = 0.07672413793103448
dF max = 0.07672413793103448
dB max = 0.07672413793103448
hk max = 0.010331966455186503
hk min = 0.010331966455186503
hz max = 0.047896384866162316
hz min = 0.02624334815595986
lambdaF max = Inf
lambdaF min = 0.008624482946382156
lambdaB max = Inf
lambdaB min = 0.008624482946382156
----------------------------------
----------------------------------
Iteration = 54
Distance = 1.7456657716685697e-5
v max = -0.8258894457090434
v min = -6.331519122166493
d max = 0.07672413793103448
d min = 0.07672413793103448
dF max = 0.07672413793103448
dB max = 0.07672413793103448
hk max = 0.010331966455186503
hk min = 0.010331966455186503
hz max = 0.0478963848682083
hz min = 0.026243348156501204
lambdaF max = Inf
lambdaF min = 0.008624482946382156
lambdaB max = Inf
lambdaB min = 0.008624482946382156
----------------------------------
----------------------------------
Iteration = 55
Distance = 1.4547200422931894e-5
v max = -0.8259039928135743
v min = -6.331533669366916
d max = 0.07672413793103448
d min = 0.07672413793103448
dF max = 0.07672413793103448
dB max = 0.07672413793103448
hk max = 0.010331966455186503
hk min = 0.010331966455186503
hz max = 0.04789638486952866
hz min = 0.026243348156849377
lambdaF max = Inf
lambdaF min = 0.008624482946382156
lambdaB max = Inf
lambdaB min = 0.008624482946382156
----------------------------------
----------------------------------
Iteration = 56
Distance = 1.2122657764734868e-5
v max = -0.8259161154094814
v min = -6.331545792024681
d max = 0.07672413793103448
d min = 0.07672413793103448
dF max = 0.07672413793103448
dB max = 0.07672413793103448
hk max = 0.010331966455186503
hk min = 0.010331966455186503
hz max = 0.04789638487038057
hz min = 0.026243348157063216
lambdaF max = Inf
lambdaF min = 0.008624482946382156
lambdaB max = Inf
lambdaB min = 0.008624482946382156
----------------------------------
----------------------------------
Iteration = 57
Distance = 1.0102208824136483e-5
v max = -0.8259262175780706
v min = -6.331555894233505
d max = 0.07672413793103448
d min = 0.07672413793103448
dF max = 0.07672413793103448
dB max = 0.07672413793103448
hk max = 0.010331966455186503
hk min = 0.010331966455186503
hz max = 0.04789638487092709
hz min = 0.02624334815719152
lambdaF max = Inf
lambdaF min = 0.008624482946382156
lambdaB max = Inf
lambdaB min = 0.008624482946382156
----------------------------------
----------------------------------
Iteration = 58
Distance = 8.418503492535478e-6
v max = -0.8259346360552744
v min = -6.331564312736997
d max = 0.07672413793103448
d min = 0.07672413793103448
dF max = 0.07672413793103448
dB max = 0.07672413793103448
hk max = 0.010331966455186503
hk min = 0.010331966455186503
hz max = 0.0478963848712853
hz min = 0.026243348157269596
lambdaF max = Inf
lambdaF min = 0.008624482946382156
lambdaB max = Inf
lambdaB min = 0.008624482946382156
----------------------------------
    Value Function Converged, Iteration = 58 with gamma=10.0 with rho=1.0 and v=-3.0046549212437688
    Reflective boundary condition
=============================================================
Convegence time (minutes): 0.10847687158333333
Current Time = 22:19:30
grid points for z:  401
grid size for z:  0.025
-0.18767961466457603
-0.3794967784548079
--- 8.356892824172974 seconds for the elasticity computation ---
-0.04925165602383134
-0.19637430145153262
--- 0.06399655342102051 seconds for the elasticity computation ---
-0.044678334849999876
-0.18312247700327525
--- 0.06366348266601562 seconds for the elasticity computation ---
-0.2674393281617169
-0.38693579430254216
--- 0.06644010543823242 seconds for the elasticity computation ---
Current Time = 22:19:41
grid points for z:  401
grid size for z:  0.025
rho = 1
0.05975971349714089
--- 8.343437433242798 seconds for the elasticity computation ---
0.0
--- 0.06668806076049805 seconds for the elasticity computation ---
0.05975971349714089
--- 0.06588125228881836 seconds for the elasticity computation ---
0.0
--- 0.06933021545410156 seconds for the elasticity computation ---
0.0
--- 0.0660092830657959 seconds for the elasticity computation ---
0.05975971349714089
0.007439015847734282
--- 0.06635451316833496 seconds for the elasticity computation ---
0.05975971349714089
0.007439015847734282
--- 0.0659494400024414 seconds for the elasticity computation ---
0.05975971349714089
0.007439015847734282
--- 0.06617355346679688 seconds for the elasticity computation ---
0.05975971349714089
0.007439015847734282
--- 0.06622719764709473 seconds for the elasticity computation ---
parsed_args = parse_commandline() = Dict{String, Any}("dataname" => "upper_triangular_two_ambiguous_parameters", "clowerlim" => 0.0001, "delta" => 0.02, "boundary" => 1, "Delta" => 10.0, "q" => 0.05, "zmax" => 5.0, "logadjustment" => 1, "zscale" => 2.0, "foc" => 1, "distorted" => 0, "rho" => 1.0, "gamma" => 10.0)
=============================================================
./output/upper_triangular_two_ambiguous_parameters/Delta_10.0_distorted_0/logadjustment_1_boundary_1/zmax_5.0_zscale_2.0/delta_0.02/q_0.05_gamma_10.0_rho_1.0/
=============================================================
solve for structured linear system 
structured_relative_entropy = 0.051281205514485145
=============================================================
solve for unstructured linear system 
q_update = 0.44066675165143143
=============================================================
parsed_args = parse_commandline() = Dict{String, Any}("dataname" => "upper_triangular_two_ambiguous_parameters", "clowerlim" => 0.0001, "delta" => 0.02, "boundary" => 1, "Delta" => 10.0, "q" => 0.05, "zmax" => 5.0, "logadjustment" => 1, "zscale" => 2.0, "foc" => 1, "distorted" => 0, "rho" => 1.0, "gamma" => 10.0)
=============================================================
./output/upper_triangular_two_ambiguous_parameters/Delta_10.0_distorted_0/logadjustment_1_boundary_1/zmax_5.0_zscale_2.0/delta_0.02/q_0.05_gamma_10.0_rho_1.0/
=============================================================
solve for structured linear system 
structured_relative_entropy = 0.05128120551448511
=============================================================
solve for unstructured linear system 
q_update = 0.44066675165143143
=============================================================
Program ends Fri Jan 19 22:20:22 CST 2024
Elapsed time: 0 days 00 hr 01 min 19 sec
