D_10.0_distorted_0_boundary_0_delta_0.015_gamma_3.0_q_0.05_rho_1.0_lower_triangular_four_ambiguous_parameters
Program starts Fri Jan 19 22:21:09 CST 2024
parsed_args = parse_commandline() = Dict{String, Any}("dataname" => "lower_triangular_four_ambiguous_parameters", "clowerlim" => 0.0001, "delta" => 0.015, "boundary" => 0, "Delta" => 10.0, "q" => 0.05, "zmax" => 5.0, "logadjustment" => 1, "zscale" => 2.0, "foc" => 1, "distorted" => 0, "rho" => 1.0, "gamma" => 3.0)
=============================================================
logadjustment: true
reflective_boundary: false
0.1002
sigma_k: [0.011287880226154068, 0.0]
sigma_z: [0.026030751045638307, 0.05916079783099616]
Compute value function WITH ROBUSTNESS
computing undistorted version...
zmax = 5.0, zmin = -5.0, zlength = 401
natural boundary condition
----------------------------------
Iteration = 1
Distance = 1.2273140712429216
v max = -0.8881327846932061
v min = -3.2273140712429216
d max = 0.07607142857142857
d min = 0.07607142857142857
dF max = 0.07607142857142857
dB max = 0.07607142857142857
hk max = 0.011287880226154068
hk min = 0.011287880226154068
hz max = 0.0
hz min = 0.0
lambdaF max = 0.31926946612540325
lambdaF min = 0.012254949671879824
lambdaB max = 0.31926946612540325
lambdaB min = 0.012254949671879824
----------------------------------
----------------------------------
Iteration = 2
Distance = 0.8593189733924822
v max = -0.40175021984743164
v min = -4.086633044635404
d max = 0.07607142857142857
d min = 0.07607142857142857
dF max = 0.07607142857142857
dB max = 0.07607142857142857
hk max = 0.017376944798234303
hk min = 0.01737694479823199
hz max = 0.013838783118364171
hz min = 0.013838783118358917
lambdaF max = 0.6283121063407057
lambdaF min = 0.012254949671879824
lambdaB max = 0.6283121063407344
lambdaB min = 0.012254949671879824
----------------------------------
----------------------------------
Iteration = 3
Distance = 0.5614144971995536
v max = -0.16538474261546185
v min = -4.648047541834957
d max = 0.07607142857142857
d min = 0.07607142857142857
dF max = 0.07607142857142857
dB max = 0.07607142857142857
hk max = 0.02156970668591871
hk min = 0.02019010725526973
hz max = 0.023367787408556013
hz min = 0.020232334157081054
lambdaF max = 0.8520316478648949
lambdaF min = 0.012254949671879824
lambdaB max = 0.8555642600498082
lambdaB min = 0.012254949671879824
----------------------------------
----------------------------------
Iteration = 4
Distance = 0.37355684485933516
v max = -0.06190916443150539
v min = -5.0216043866942925
d max = 0.07607142857142857
d min = 0.07607142857142857
dF max = 0.07607142857142857
dB max = 0.07607142857142857
hk max = 0.02422185067357039
hk min = 0.021683717979994598
hz max = 0.02939538738049165
hz min = 0.02362690398600121
lambdaF max = 0.9899001488255139
lambdaF min = 0.012254949671879824
lambdaB max = 0.995945214588894
lambdaB min = 0.012254949671879824
----------------------------------
----------------------------------
Iteration = 5
Distance = 0.2537823637502674
v max = -0.026499587309290105
v min = -5.27538675044456
d max = 0.07607142857142857
d min = 0.07607142857142857
dF max = 0.07607142857142857
dB max = 0.07607142857142857
hk max = 0.025907938722630718
hk min = 0.022467489407190573
hz max = 0.03322740567381058
hz min = 0.025408202684173882
lambdaF max = 1.073937194003867
lambdaF min = 0.012254949671879824
lambdaB max = 1.0817177056558973
lambdaB min = 0.012254949671879824
----------------------------------
----------------------------------
Iteration = 6
Distance = 0.17582441508098157
v max = -0.02491347655236534
v min = -5.4512111655255415
d max = 0.07607142857142857
d min = 0.07607142857142857
dF max = 0.07607142857142857
dB max = 0.07607142857142857
hk max = 0.02698585462994154
hk min = 0.02287970842998387
hz max = 0.03567721455406245
hz min = 0.02634506409961319
lambdaF max = 1.1254693229265802
lambdaF min = 0.012254949671879824
lambdaB max = 1.1344282146727651
lambdaB min = 0.012254949671879824
----------------------------------
----------------------------------
Iteration = 7
Distance = 0.12439654745833817
v max = -0.03944139857331697
v min = -5.57560771298388
d max = 0.07607142857142857
d min = 0.07607142857142857
dF max = 0.07607142857142857
dB max = 0.07607142857142857
hk max = 0.027675884984387406
hk min = 0.02309965055530054
hz max = 0.03724546535962123
hz min = 0.026844932566241993
lambdaF max = 1.1572870994499926
lambdaF min = 0.012254949671879824
lambdaB max = 1.1670271604058362
lambdaB min = 0.012254949671879824
----------------------------------
----------------------------------
Iteration = 8
Distance = 0.09003460843901223
v max = -0.060967220201968673
v min = -5.665642321422892
d max = 0.07607142857142857
d min = 0.07607142857142857
dF max = 0.07607142857142857
dB max = 0.07607142857142857
hk max = 0.028117511329427927
hk min = 0.023219829391696353
hz max = 0.038249161598349686
hz min = 0.027118066285323383
lambdaF max = 1.1773572031135995
lambdaF min = 0.012254949671879824
lambdaB max = 1.1872893157218332
lambdaB min = 0.012254949671879824
----------------------------------
----------------------------------
Iteration = 9
Distance = 0.06674449536837912
v max = -0.08479717131735962
v min = -5.732386816791271
d max = 0.07607142857142857
d min = 0.07607142857142857
dF max = 0.07607142857142857
dB max = 0.07607142857142857
hk max = 0.028399896192971952
hk min = 0.023287414494073788
hz max = 0.038890945379131556
hz min = 0.027271668790726643
lambdaF max = 1.1898909668571351
lambdaF min = 0.012254949671879824
lambdaB max = 1.2001099188397397
lambdaB min = 0.012254949671879824
----------------------------------
----------------------------------
Iteration = 10
Distance = 0.05069173661190618
v max = -0.10853057658648442
v min = -5.783078553403177
d max = 0.07607142857142857
d min = 0.07607142857142857
dF max = 0.07607142857142857
dB max = 0.07607142857142857
hk max = 0.028580228720740265
hk min = 0.023326509559919068
hz max = 0.039300792033150456
hz min = 0.02736052121310228
lambdaF max = 1.1977289652993115
lambdaF min = 0.012254949671879824
lambdaB max = 1.2081468481615372
lambdaB min = 0.012254949671879824
----------------------------------
----------------------------------
Iteration = 11
Distance = 0.03940937220643281
v max = -0.1309773126415988
v min = -5.82248792560961
d max = 0.07607142857142857
d min = 0.07607142857142857
dF max = 0.07607142857142857
dB max = 0.07607142857142857
hk max = 0.028695223838370833
hk min = 0.02334966661647321
hz max = 0.03956214457321993
hz min = 0.02741315088708897
lambdaF max = 1.2026387663415903
lambdaF min = 0.012254949671879824
lambdaB max = 1.2131828864220378
lambdaB min = 0.012254949671879824
----------------------------------
----------------------------------
Iteration = 12
Distance = 0.031303394082780045
v max = -0.15159825458941312
v min = -5.85379131969239
d max = 0.07607142857142857
d min = 0.07607142857142857
dF max = 0.07607142857142857
dB max = 0.07607142857142857
hk max = 0.02876844448156208
hk min = 0.023363632627692192
hz max = 0.0397285551259273
hz min = 0.02744489182167756
lambdaF max = 1.2057178531396684
lambdaF min = 0.012254949671879824
lambdaB max = 1.21634183588191
lambdaB min = 0.012254949671879824
----------------------------------
----------------------------------
Iteration = 13
Distance = 0.02533939368399274
v max = -0.17020760935931892
v min = -5.879130713376383
d max = 0.07607142857142857
d min = 0.07607142857142857
dF max = 0.07607142857142857
dB max = 0.07607142857142857
hk max = 0.028814997249469385
hk min = 0.023372165630506543
hz max = 0.03983435687117118
hz min = 0.027464285009891995
lambdaF max = 1.207650359242127
lambdaF min = 0.012254949671879824
lambdaB max = 1.2183247668737454
lambdaB min = 0.012254949671879824
----------------------------------
----------------------------------
Iteration = 14
Distance = 0.020842598508206578
v max = -0.18680979842659673
v min = -5.899973311884589
d max = 0.07607142857142857
d min = 0.07607142857142857
dF max = 0.07607142857142857
dB max = 0.07607142857142857
hk max = 0.028844553278825128
hk min = 0.023377426857182363
hz max = 0.03990152966516151
hz min = 0.02747624234324613
lambdaF max = 1.2088639014234825
lambdaF min = 0.012254949671879824
lambdaB max = 1.2195701064340667
lambdaB min = 0.012254949671879824
----------------------------------
----------------------------------
Iteration = 15
Distance = 0.017369823750134294
v max = -0.2015080322977653
v min = -5.917343135634724
d max = 0.07607142857142857
d min = 0.07607142857142857
dF max = 0.07607142857142857
dB max = 0.07607142857142857
hk max = 0.02886329371611554
hk min = 0.023380691237889033
hz max = 0.03994412156809426
hz min = 0.027483661390306745
lambdaF max = 1.209626249098161
lambdaF min = 0.012254949671879824
lambdaB max = 1.2203524883954238
lambdaB min = 0.012254949671879824
----------------------------------
----------------------------------
Iteration = 16
Distance = 0.01462734410297184
v max = -0.21445244679808437
v min = -5.9319704797376955
d max = 0.07607142857142857
d min = 0.07607142857142857
dF max = 0.07607142857142857
dB max = 0.07607142857142857
hk max = 0.028875162287174516
hk min = 0.023382725342405396
hz max = 0.0399710955932283
hz min = 0.027488284355116653
lambdaF max = 1.2101052846078766
lambdaF min = 0.012254949671879824
lambdaB max = 1.220844139704126
lambdaB min = 0.012254949671879824
----------------------------------
----------------------------------
Iteration = 17
Distance = 0.012418179259731765
v max = -0.22581068936377874
v min = -5.944388658997427
d max = 0.07607142857142857
d min = 0.07607142857142857
dF max = 0.07607142857142857
dB max = 0.07607142857142857
hk max = 0.028882670859420118
hk min = 0.023383996503228484
hz max = 0.03998816053015012
hz min = 0.027491173356987312
lambdaF max = 1.210406353717604
lambdaF min = 0.012254949671879824
lambdaB max = 1.221153150133218
lambdaB min = 0.012254949671879824
----------------------------------
----------------------------------
Iteration = 18
Distance = 0.010608241338348812
v max = -0.23575149707373763
v min = -5.954996900335776
d max = 0.07607142857142857
d min = 0.07607142857142857
dF max = 0.07607142857142857
dB max = 0.07607142857142857
hk max = 0.028887416682160313
hk min = 0.023384792426575762
hz max = 0.03999894649092329
hz min = 0.027492982273685674
lambdaF max = 1.210595599435226
lambdaF min = 0.012254949671879824
lambdaB max = 1.2213473934202614
lambdaB min = 0.012254949671879824
----------------------------------
----------------------------------
Iteration = 19
Distance = 0.009104578447313827
v max = -0.24443587756231197
v min = -5.96410147878309
d max = 0.07607142857142857
d min = 0.07607142857142857
dF max = 0.07607142857142857
dB max = 0.07607142857142857
hk max = 0.028890413867152808
hk min = 0.023385291436868075
hz max = 0.04000575827499714
hz min = 0.027494116387986385
lambdaF max = 1.2107145678088593
lambdaF min = 0.012254949671879824
lambdaB max = 1.2214695062610121
lambdaB min = 0.012254949671879824
----------------------------------
----------------------------------
Iteration = 20
Distance = 0.007841372291607307
v max = -0.25201275047716276
v min = -5.971942851074697
d max = 0.07607142857142857
d min = 0.07607142857142857
dF max = 0.07607142857142857
dB max = 0.07607142857142857
hk max = 0.02889230539353891
hk min = 0.02338560457194285
hz max = 0.040010057198601914
hz min = 0.027494828058610872
lambdaF max = 1.2107893625995496
lambdaF min = 0.012254949671879824
lambdaB max = 1.2215462792960623
lambdaB min = 0.012254949671879824
----------------------------------
----------------------------------
Iteration = 21
Distance = 0.006770904087137097
v max = -0.258617187277872
v min = -5.978713755161834
d max = 0.07607142857142857
d min = 0.07607142857142857
dF max = 0.07607142857142857
dB max = 0.07607142857142857
hk max = 0.028893498426632552
hk min = 0.02338580118673666
hz max = 0.0400127686374511
hz min = 0.027495274910414983
lambdaF max = 1.2108363885305073
lambdaF min = 0.012254949671879824
lambdaB max = 1.2215945496635254
lambdaB min = 0.012254949671879824
----------------------------------
----------------------------------
Iteration = 22
Distance = 0.005857703258443259
v max = -0.2643701353330229
v min = -5.984571458420278
d max = 0.07607142857142857
d min = 0.07607142857142857
dF max = 0.07607142857142857
dB max = 0.07607142857142857
hk max = 0.02889425052281452
hk min = 0.023385924691040734
hz max = 0.040014477946955576
hz min = 0.02749555560201515
lambdaF max = 1.2108659566485618
lambdaF min = 0.012254949671879824
lambdaB max = 1.221624900555212
lambdaB min = 0.012254949671879824
----------------------------------
----------------------------------
Iteration = 23
Distance = 0.005074735818419995
v max = -0.26937895782182447
v min = -5.989646194238698
d max = 0.07607142857142857
d min = 0.07607142857142857
dF max = 0.07607142857142857
dB max = 0.07607142857142857
hk max = 0.02889472444802831
hk min = 0.023386002293479886
hz max = 0.040015555049714185
hz min = 0.027495731971195047
lambdaF max = 1.210884548632118
lambdaF min = 0.012254949671879824
lambdaB max = 1.2216439848928127
lambdaB min = 0.012254949671879824
----------------------------------
----------------------------------
Iteration = 24
Distance = 0.004400901414314262
v max = -0.27373838966484415
v min = -5.994047095653012
d max = 0.07607142857142857
d min = 0.07607142857142857
dF max = 0.07607142857142857
dB max = 0.07607142857142857
hk max = 0.028895022980715425
hk min = 0.02338605106424073
hz max = 0.040016233533094005
hz min = 0.027495842813833323
lambdaF max = 1.2108962393219338
lambdaF min = 0.012254949671879824
lambdaB max = 1.221655985254832
lambdaB min = 0.012254949671879824
----------------------------------
----------------------------------
Iteration = 25
Distance = 0.00381937193229831
v max = -0.27753167296675557
v min = -5.99786646758531
d max = 0.07607142857142857
d min = 0.07607142857142857
dF max = 0.07607142857142857
dB max = 0.07607142857142857
hk max = 0.028895210975338467
hk min = 0.023386081719825123
hz max = 0.04001666079360092
hz min = 0.027495912485616038
lambdaF max = 1.2109035906248293
lambdaF min = 0.012254949671879824
lambdaB max = 1.2216635313243254
lambdaB min = 0.012254949671879824
----------------------------------
----------------------------------
Iteration = 26
Distance = 0.0033164732864090496
v max = -0.28083173490277896
v min = -6.001182940871719
d max = 0.07607142857142857
d min = 0.07607142857142857
dF max = 0.07607142857142857
dB max = 0.07607142857142857
hk max = 0.028895329331911628
hk min = 0.023386100991002544
hz max = 0.040016929785812644
hz min = 0.027495956283746546
lambdaF max = 1.2109082133307145
lambdaF min = 0.012254949671879824
lambdaB max = 1.2216682765246736
lambdaB min = 0.012254949671879824
----------------------------------
----------------------------------
Iteration = 27
Distance = 0.002880919737481946
v max = -0.28370233145670937
v min = -6.004063860609201
d max = 0.07607142857142857
d min = 0.07607142857142857
dF max = 0.07607142857142857
dB max = 0.07607142857142857
hk max = 0.0288954038310552
hk min = 0.023386113106555265
hz max = 0.04001709910204804
hz min = 0.02749598381909363
lambdaF max = 1.2109111202596017
lambdaF min = 0.012254949671879824
lambdaB max = 1.221671260492485
lambdaB min = 0.012254949671879824
----------------------------------
----------------------------------
Iteration = 28
Distance = 0.002503278777781226
v max = -0.28619911696428635
v min = -6.006567139386982
d max = 0.07607142857142857
d min = 0.07607142857142857
dF max = 0.07607142857142857
dB max = 0.07607142857142857
hk max = 0.028895450716457646
hk min = 0.023386120723938225
hz max = 0.04001720565978087
hz min = 0.027496001131327635
lambdaF max = 1.2109129482650958
lambdaF min = 0.012254949671879824
lambdaB max = 1.2216731369485798
lambdaB min = 0.012254949671879824
----------------------------------
----------------------------------
Iteration = 29
Distance = 0.0021755883818999067
v max = -0.2883706212373965
v min = -6.008742727768882
d max = 0.07607142857142857
d min = 0.07607142857142857
dF max = 0.07607142857142857
dB max = 0.07607142857142857
hk max = 0.02889548021934109
hk min = 0.023386125513430583
hz max = 0.0400172727117887
hz min = 0.027496012016537535
lambdaF max = 1.2109140978063555
lambdaF min = 0.012254949671879824
lambdaB max = 1.2216743169604758
lambdaB min = 0.012254949671879824
----------------------------------
----------------------------------
Iteration = 30
Distance = 0.0018910763051342983
v max = -0.2902591288150088
v min = -6.010633804074017
d max = 0.07607142857142857
d min = 0.07607142857142857
dF max = 0.07607142857142857
dB max = 0.07607142857142857
hk max = 0.028895498782095692
hk min = 0.023386128524977352
hz max = 0.04001731489986734
hz min = 0.027496018860962017
lambdaF max = 1.2109148207007019
lambdaF min = 0.012254949671879824
lambdaB max = 1.2216750590177874
lambdaB min = 0.012254949671879824
----------------------------------
----------------------------------
Iteration = 31
Distance = 0.0016439488772883593
v max = -0.29190146211370666
v min = -6.012277752951305
d max = 0.07607142857142857
d min = 0.07607142857142857
dF max = 0.07607142857142857
dB max = 0.07607142857142857
hk max = 0.02889551046041869
hk min = 0.023386130418639798
hz max = 0.040017341441510514
hz min = 0.0274960231647403
lambdaF max = 1.2109152752987569
lambdaF min = 0.012254949671879824
lambdaB max = 1.2216755256672756
lambdaB min = 0.012254949671879824
----------------------------------
----------------------------------
Iteration = 32
Distance = 0.0014292280775505262
v max = -0.293329674107695
v min = -6.0137069810288555
d max = 0.07607142857142857
d min = 0.07607142857142857
dF max = 0.07607142857142857
dB max = 0.07607142857142857
hk max = 0.0288955178070098
hk min = 0.023386131609403414
hz max = 0.040017358138308486
hz min = 0.02749602587102124
lambdaF max = 1.2109155611779763
lambdaF min = 0.012254949671879824
lambdaB max = 1.2216758191255073
lambdaB min = 0.012254949671879824
----------------------------------
----------------------------------
Iteration = 33
Distance = 0.0012426229262603172
v max = -0.29457165800039536
v min = -6.014949603955116
d max = 0.07607142857142857
d min = 0.07607142857142857
dF max = 0.07607142857142857
dB max = 0.07607142857142857
hk max = 0.02889552242831445
hk min = 0.0233861323581876
hz max = 0.04001736864127361
hz min = 0.027496027572803488
lambdaF max = 1.2109157409570577
lambdaF min = 0.012254949671879824
lambdaB max = 1.2216760036709262
lambdaB min = 0.012254949671879824
----------------------------------
----------------------------------
Iteration = 34
Distance = 0.0010804258826411228
v max = -0.29565168198845665
v min = -6.016030029837757
d max = 0.07607142857142857
d min = 0.07607142857142857
dF max = 0.07607142857142857
dB max = 0.07607142857142857
hk max = 0.028895525335160037
hk min = 0.023386132829050204
hz max = 0.04001737524774084
hz min = 0.027496028642945772
lambdaF max = 1.2109158540140064
lambdaF min = 0.012254949671879824
lambdaB max = 1.2216761197252612
lambdaB min = 0.012254949671879824
----------------------------------
----------------------------------
Iteration = 35
Distance = 0.0009394279394507876
v max = -0.2965908571751309
v min = -6.016969457777208
d max = 0.07607142857142857
d min = 0.07607142857142857
dF max = 0.07607142857142857
dB max = 0.07607142857142857
hk max = 0.02889552716351908
hk min = 0.023386133125148867
hz max = 0.04001737940310231
hz min = 0.027496029315897275
lambdaF max = 1.2109159251117771
lambdaF min = 0.012254949671879824
lambdaB max = 1.2216761927081232
lambdaB min = 0.012254949671879824
----------------------------------
----------------------------------
Iteration = 36
Distance = 0.0008168480559991309
v max = -0.2974075462755019
v min = -6.017786305833207
d max = 0.07607142857142857
d min = 0.07607142857142857
dF max = 0.07607142857142857
dB max = 0.07607142857142857
hk max = 0.028895528313490664
hk min = 0.02338613331135054
hz max = 0.04001738201667409
hz min = 0.027496029739082894
lambdaF max = 1.2109159698229688
lambdaF min = 0.012254949671879824
lambdaB max = 1.2216762386047457
lambdaB min = 0.012254949671879824
----------------------------------
----------------------------------
Iteration = 37
Distance = 0.0007102738497986039
v max = -0.2981177201591835
v min = -6.018496579683005
d max = 0.07607142857142857
d min = 0.07607142857142857
dF max = 0.07607142857142857
dB max = 0.07607142857142857
hk max = 0.028895529036760424
hk min = 0.02338613342844413
hz max = 0.040017383660468996
hz min = 0.0274960300052047
lambdaF max = 1.2109159979404165
lambdaF min = 0.012254949671879824
lambdaB max = 1.2216762674677935
lambdaB min = 0.012254949671879824
----------------------------------
----------------------------------
Iteration = 38
Distance = 0.0006176113170370812
v max = -0.2987352686085677
v min = -6.0191141910000425
d max = 0.07607142857142857
d min = 0.07607142857142857
dF max = 0.07607142857142857
dB max = 0.07607142857142857
hk max = 0.02889552949164824
hk min = 0.02338613350207939
hz max = 0.04001738469430494
hz min = 0.027496030172557546
lambdaF max = 1.2109160156226848
lambdaF min = 0.012254949671879824
lambdaB max = 1.2216762856189078
lambdaB min = 0.012254949671879824
----------------------------------
----------------------------------
Iteration = 39
Distance = 0.000537041924856041
v max = -0.2992722709968065
v min = -6.019651232924899
d max = 0.07607142857142857
d min = 0.07607142857142857
dF max = 0.07607142857142857
dB max = 0.07607142857142857
hk max = 0.02889552977773729
hk min = 0.0233861335483857
hz max = 0.040017385344507335
hz min = 0.02749603027779917
lambdaF max = 1.2109160267425765
lambdaF min = 0.012254949671879824
lambdaB max = 1.2216762970335935
lambdaB min = 0.012254949671879824
----------------------------------
----------------------------------
Iteration = 40
Distance = 0.0004669858122463566
v max = -0.29973923194509305
v min = -6.020118218737145
d max = 0.07607142857142857
d min = 0.07607142857142857
dF max = 0.07607142857142857
dB max = 0.07607142857142857
hk max = 0.028895529957661377
hk min = 0.023386133577506088
hz max = 0.04001738575342571
hz min = 0.027496030343981872
lambdaF max = 1.2109160337355283
lambdaF min = 0.012254949671879824
lambdaB max = 1.2216763042119951
lambdaB min = 0.012254949671879824
----------------------------------
----------------------------------
Iteration = 41
Distance = 0.0004060701127359678
v max = -0.3001452864213258
v min = -6.020524288849881
d max = 0.07607142857142857
d min = 0.07607142857142857
dF max = 0.07607142857142857
dB max = 0.07607142857142857
hk max = 0.02889553007081782
hk min = 0.023386133595818884
hz max = 0.04001738601059944
hz min = 0.027496030385601854
lambdaF max = 1.2109160381332078
lambdaF min = 0.012254949671879824
lambdaB max = 1.2216763087262956
lambdaB min = 0.012254949671879824
----------------------------------
----------------------------------
Iteration = 42
Distance = 0.0003531016116831154
v max = -0.30049837819951564
v min = -6.020877390461564
d max = 0.07607142857142857
d min = 0.07607142857142857
dF max = 0.07607142857142857
dB max = 0.07607142857142857
hk max = 0.028895530141981953
hk min = 0.02338613360733522
hz max = 0.040017386172336106
hz min = 0.027496030411775348
lambdaF max = 1.2109160408987905
lambdaF min = 0.012254949671879824
lambdaB max = 1.2216763115651779
lambdaB min = 0.012254949671879824
----------------------------------
----------------------------------
Iteration = 43
Distance = 0.0003070430973481919
v max = -0.30080541511278086
v min = -6.021184433558912
d max = 0.07607142857142857
d min = 0.07607142857142857
dF max = 0.07607142857142857
dB max = 0.07607142857142857
hk max = 0.02889553018673663
hk min = 0.023386133614577427
hz max = 0.040017386274051284
hz min = 0.027496030428234914
lambdaF max = 1.2109160426380077
lambdaF min = 0.012254949671879824
lambdaB max = 1.2216763133504949
lambdaB min = 0.012254949671879824
----------------------------------
----------------------------------
Iteration = 44
Distance = 0.0002669928767815577
v max = -0.3010724041005248
v min = -6.021451426435694
d max = 0.07607142857142857
d min = 0.07607142857142857
dF max = 0.07607142857142857
dB max = 0.07607142857142857
hk max = 0.028895530214881008
hk min = 0.023386133619131885
hz max = 0.040017386338015784
hz min = 0.027496030438585953
lambdaF max = 1.2109160437317528
lambdaF min = 0.012254949671879824
lambdaB max = 1.221676314473259
lambdaB min = 0.012254949671879824
----------------------------------
----------------------------------
Iteration = 45
Distance = 0.00023216701401462814
v max = -0.3013045686688124
v min = -6.021683593449708
d max = 0.07607142857142857
d min = 0.07607142857142857
dF max = 0.07607142857142857
dB max = 0.07607142857142857
hk max = 0.028895530232581644
hk min = 0.02338613362199604
hz max = 0.0400173863782445
hz min = 0.027496030445095403
lambdaF max = 1.2109160444195604
lambdaF min = 0.012254949671879824
lambdaB max = 1.2216763151793273
lambdaB min = 0.012254949671879824
----------------------------------
----------------------------------
Iteration = 46
Distance = 0.00020188391669595518
v max = -0.30150645104744905
v min = -6.021885477366404
d max = 0.07607142857142857
d min = 0.07607142857142857
dF max = 0.07607142857142857
dB max = 0.07607142857142857
hk max = 0.028895530243713437
hk min = 0.02338613362379726
hz max = 0.04001738640354403
hz min = 0.027496030449189076
lambdaF max = 1.2109160448521057
lambdaF min = 0.012254949671879824
lambdaB max = 1.221676315623334
lambdaB min = 0.012254949671879824
----------------------------------
----------------------------------
Iteration = 47
Distance = 0.00017555095312005164
v max = -0.301682001033319
v min = -6.022061028319524
d max = 0.07607142857142857
d min = 0.07607142857142857
dF max = 0.07607142857142857
dB max = 0.07607142857142857
hk max = 0.028895530250713234
hk min = 0.023386133624929906
hz max = 0.040017386419452655
hz min = 0.027496030451763274
lambdaF max = 1.2109160451241274
lambdaF min = 0.012254949671879824
lambdaB max = 1.2216763159025388
lambdaB min = 0.012254949671879824
----------------------------------
----------------------------------
Iteration = 48
Distance = 0.00015265282738763375
v max = -0.30183465325242764
v min = -6.022213681146912
d max = 0.07607142857142857
d min = 0.07607142857142857
dF max = 0.07607142857142857
dB max = 0.07607142857142857
hk max = 0.028895530255115272
hk min = 0.02338613362564229
hz max = 0.04001738642945729
hz min = 0.027496030453382326
lambdaF max = 1.2109160452952505
lambdaF min = 0.012254949671879824
lambdaB max = 1.2216763160781956
lambdaB min = 0.012254949671879824
----------------------------------
----------------------------------
Iteration = 49
Distance = 0.00013274147877506692
v max = -0.30196739434866876
v min = -6.022346422625687
d max = 0.07607142857142857
d min = 0.07607142857142857
dF max = 0.07607142857142857
dB max = 0.07607142857142857
hk max = 0.028895530257885042
hk min = 0.023386133626090183
hz max = 0.04001738643575222
hz min = 0.02749603045440026
lambdaF max = 1.2109160454027774
lambdaF min = 0.012254949671879824
lambdaB max = 1.2216763161885635
lambdaB min = 0.012254949671879824
----------------------------------
----------------------------------
Iteration = 50
Distance = 0.00011542730351177255
v max = -0.3020828214116107
v min = -6.022461849929199
d max = 0.07607142857142857
d min = 0.07607142857142857
dF max = 0.07607142857142857
dB max = 0.07607142857142857
hk max = 0.028895530259627364
hk min = 0.023386133626372013
hz max = 0.04001738643971204
hz min = 0.02749603045504079
lambdaF max = 1.2109160454704386
lambdaF min = 0.012254949671879824
lambdaB max = 1.2216763162580444
lambdaB min = 0.012254949671879824
----------------------------------
----------------------------------
Iteration = 51
Distance = 0.00010037152466146892
v max = -0.3021831927849856
v min = -6.02256222145386
d max = 0.07607142857142857
d min = 0.07607142857142857
dF max = 0.07607142857142857
dB max = 0.07607142857142857
hk max = 0.0288955302607214
hk min = 0.023386133626549052
hz max = 0.04001738644219849
hz min = 0.027496030455443157
lambdaF max = 1.210916045512993
lambdaF min = 0.012254949671879824
lambdaB max = 1.2216763163017474
lambdaB min = 0.012254949671879824
----------------------------------
----------------------------------
Iteration = 52
Distance = 8.727955924126007e-5
v max = -0.30227047224908504
v min = -6.022649501013102
d max = 0.07607142857142857
d min = 0.07607142857142857
dF max = 0.07607142857142857
dB max = 0.07607142857142857
hk max = 0.02889553026140945
hk min = 0.02338613362666049
hz max = 0.04001738644376224
hz min = 0.027496030455696426
lambdaF max = 1.210916045539726
lambdaF min = 0.012254949671879824
lambdaB max = 1.2216763163291828
lambdaB min = 0.012254949671879824
----------------------------------
----------------------------------
Iteration = 53
Distance = 7.589525165663247e-5
v max = -0.30234636744091253
v min = -6.022725396264758
d max = 0.07607142857142857
d min = 0.07607142857142857
dF max = 0.07607142857142857
dB max = 0.07607142857142857
hk max = 0.028895530261842255
hk min = 0.0233861336267306
hz max = 0.04001738644474589
hz min = 0.027496030455855767
lambdaF max = 1.2109160455565477
lambdaF min = 0.012254949671879824
lambdaB max = 1.2216763163464515
lambdaB min = 0.012254949671879824
----------------------------------
----------------------------------
Iteration = 54
Distance = 6.599586015987313e-5
v max = -0.302412363263448
v min = -6.022791392124918
d max = 0.07607142857142857
d min = 0.07607142857142857
dF max = 0.07607142857142857
dB max = 0.07607142857142857
hk max = 0.02889553026211507
hk min = 0.02338613362677465
hz max = 0.04001738644536592
hz min = 0.027496030455955868
lambdaF max = 1.210916045567147
lambdaF min = 0.012254949671879824
lambdaB max = 1.2216763163573068
lambdaB min = 0.012254949671879824
----------------------------------
----------------------------------
Iteration = 55
Distance = 5.738769767038576e-5
v max = -0.30246975093745443
v min = -6.0228487798225885
d max = 0.07607142857142857
d min = 0.07607142857142857
dF max = 0.07607142857142857
dB max = 0.07607142857142857
hk max = 0.028895530262286157
hk min = 0.02338613362680239
hz max = 0.040017386445754755
hz min = 0.02749603045601892
lambdaF max = 1.2109160455738068
lambdaF min = 0.012254949671879824
lambdaB max = 1.2216763163641267
lambdaB min = 0.012254949671879824
----------------------------------
----------------------------------
Iteration = 56
Distance = 4.990234150348272e-5
v max = -0.30251965326408387
v min = -6.022898682164092
d max = 0.07607142857142857
d min = 0.07607142857142857
dF max = 0.07607142857142857
dB max = 0.07607142857142857
hk max = 0.02889553026239436
hk min = 0.023386133626819676
hz max = 0.04001738644600067
hz min = 0.0274960304560582
lambdaF max = 1.2109160455779966
lambdaF min = 0.012254949671879824
lambdaB max = 1.2216763163684123
lambdaB min = 0.012254949671879824
----------------------------------
----------------------------------
Iteration = 57
Distance = 4.3393337753272476e-5
v max = -0.3025630465924721
v min = -6.022942075501845
d max = 0.07607142857142857
d min = 0.07607142857142857
dF max = 0.07607142857142857
dB max = 0.07607142857142857
hk max = 0.028895530262461867
hk min = 0.023386133626830827
hz max = 0.0400173864461541
hz min = 0.02749603045608355
lambdaF max = 1.2109160455806853
lambdaF min = 0.012254949671879824
lambdaB max = 1.2216763163711968
lambdaB min = 0.012254949671879824
----------------------------------
----------------------------------
Iteration = 58
Distance = 3.773333547396618e-5
v max = -0.30260077992206114
v min = -6.022979808837319
d max = 0.07607142857142857
d min = 0.07607142857142857
dF max = 0.07607142857142857
dB max = 0.07607142857142857
hk max = 0.02889553026250441
hk min = 0.023386133626837533
hz max = 0.04001738644625078
hz min = 0.027496030456098792
lambdaF max = 1.2109160455822803
lambdaF min = 0.012254949671879824
lambdaB max = 1.2216763163728548
lambdaB min = 0.012254949671879824
----------------------------------
----------------------------------
Iteration = 59
Distance = 3.281159500101438e-5
v max = -0.30263359151335667
v min = -6.02301262043232
d max = 0.07607142857142857
d min = 0.07607142857142857
dF max = 0.07607142857142857
dB max = 0.07607142857142857
hk max = 0.02889553026253123
hk min = 0.02338613362684204
hz max = 0.04001738644631173
hz min = 0.027496030456109037
lambdaF max = 1.210916045583312
lambdaF min = 0.012254949671879824
lambdaB max = 1.2216763163739184
lambdaB min = 0.012254949671879824
----------------------------------
----------------------------------
Iteration = 60
Distance = 2.8531821071098307e-5
v max = -0.30266212333209447
v min = -6.023041152253391
d max = 0.07607142857142857
d min = 0.07607142857142857
dF max = 0.07607142857142857
dB max = 0.07607142857142857
hk max = 0.028895530262547875
hk min = 0.0233861336268447
hz max = 0.04001738644634957
hz min = 0.02749603045611508
lambdaF max = 1.2109160455839687
lambdaF min = 0.012254949671879824
lambdaB max = 1.2216763163745439
lambdaB min = 0.012254949671879824
----------------------------------
----------------------------------
Iteration = 61
Distance = 2.4810278762110727e-5
v max = -0.30268693360939675
v min = -6.023065962532153
d max = 0.07607142857142857
d min = 0.07607142857142857
dF max = 0.07607142857142857
dB max = 0.07607142857142857
hk max = 0.028895530262558047
hk min = 0.023386133626846377
hz max = 0.04001738644637269
hz min = 0.02749603045611889
lambdaF max = 1.2109160455843435
lambdaF min = 0.012254949671879824
lambdaB max = 1.221676316374982
lambdaB min = 0.012254949671879824
----------------------------------
----------------------------------
Iteration = 62
Distance = 2.157415518322381e-5
v max = -0.30270850776366043
v min = -6.023087536687337
d max = 0.07607142857142857
d min = 0.07607142857142857
dF max = 0.07607142857142857
dB max = 0.07607142857142857
hk max = 0.028895530262565448
hk min = 0.023386133626847536
hz max = 0.040017386446389504
hz min = 0.027496030456121517
lambdaF max = 1.2109160455846253
lambdaF min = 0.012254949671879824
lambdaB max = 1.2216763163752635
lambdaB min = 0.012254949671879824
----------------------------------
----------------------------------
Iteration = 63
Distance = 1.8760134774531423e-5
v max = -0.30272726789785775
v min = -6.023106296822111
d max = 0.07607142857142857
d min = 0.07607142857142857
dF max = 0.07607142857142857
dB max = 0.07607142857142857
hk max = 0.028895530262569146
hk min = 0.023386133626848053
hz max = 0.040017386446397914
hz min = 0.0274960304561227
lambdaF max = 1.2109160455848127
lambdaF min = 0.012254949671879824
lambdaB max = 1.2216763163754198
lambdaB min = 0.012254949671879824
----------------------------------
----------------------------------
Iteration = 64
Distance = 1.6313160559278117e-5
v max = -0.3027435810580611
v min = -6.0231226099826705
d max = 0.07607142857142857
d min = 0.07607142857142857
dF max = 0.07607142857142857
dB max = 0.07607142857142857
hk max = 0.028895530262571918
hk min = 0.023386133626848632
hz max = 0.040017386446404214
hz min = 0.02749603045612401
lambdaF max = 1.2109160455849377
lambdaF min = 0.012254949671879824
lambdaB max = 1.221676316375545
lambdaB min = 0.012254949671879824
----------------------------------
----------------------------------
Iteration = 65
Distance = 1.4185356956630812e-5
v max = -0.3027577664147842
v min = -6.023136795339627
d max = 0.07607142857142857
d min = 0.07607142857142857
dF max = 0.07607142857142857
dB max = 0.07607142857142857
hk max = 0.028895530262571918
hk min = 0.02338613362684892
hz max = 0.040017386446404214
hz min = 0.02749603045612467
lambdaF max = 1.2109160455850316
lambdaF min = 0.012254949671879824
lambdaB max = 1.221676316375639
lambdaB min = 0.012254949671879824
----------------------------------
----------------------------------
Iteration = 66
Distance = 1.2335092957727056e-5
v max = -0.30277010150760003
v min = -6.023149130432585
d max = 0.07607142857142857
d min = 0.07607142857142857
dF max = 0.07607142857142857
dB max = 0.07607142857142857
hk max = 0.028895530262574694
hk min = 0.02338613362684898
hz max = 0.04001738644641052
hz min = 0.0274960304561248
lambdaF max = 1.2109160455850316
lambdaF min = 0.012254949671879824
lambdaB max = 1.2216763163756703
lambdaB min = 0.012254949671879824
----------------------------------
----------------------------------
Iteration = 67
Distance = 1.0726167766428318e-5
v max = -0.30278082767527403
v min = -6.023159856600351
d max = 0.07607142857142857
d min = 0.07607142857142857
dF max = 0.07607142857142857
dB max = 0.07607142857142857
hk max = 0.028895530262574694
hk min = 0.023386133626849208
hz max = 0.04001738644641052
hz min = 0.027496030456125326
lambdaF max = 1.2109160455850316
lambdaF min = 0.012254949671879824
lambdaB max = 1.2216763163757014
lambdaB min = 0.012254949671879824
----------------------------------
----------------------------------
Iteration = 68
Distance = 9.327102383771546e-6
v max = -0.30279015477760285
v min = -6.023169183702734
d max = 0.07607142857142857
d min = 0.07607142857142857
dF max = 0.07607142857142857
dB max = 0.07607142857142857
hk max = 0.02889553026257562
hk min = 0.023386133626849208
hz max = 0.040017386446412624
hz min = 0.027496030456125326
lambdaF max = 1.2109160455850627
lambdaF min = 0.012254949671879824
lambdaB max = 1.2216763163757014
lambdaB min = 0.012254949671879824
----------------------------------
    Value Function Converged, Iteration = 68 with gamma=3.0 with rho=1.0 and v=-2.706263070897642
    Natural boundary condition
=============================================================
Convegence time (minutes): 0.11599428085
Current Time = 22:21:35
grid points for z:  401
grid size for z:  0.025
-0.03936211214164571
-0.19722236826715844
--- 8.638285160064697 seconds for the elasticity computation ---
-0.0027751348345306437
-0.052467106546340805
--- 0.0645911693572998 seconds for the elasticity computation ---
-0.021237941491772053
-0.14475526172081762
--- 0.06336259841918945 seconds for the elasticity computation ---
-0.11371671322867458
-0.20286630838023545
--- 0.06313514709472656 seconds for the elasticity computation ---
Current Time = 22:21:46
grid points for z:  401
grid size for z:  0.025
rho = 1
0.05935460108702888
--- 8.62141752243042 seconds for the elasticity computation ---
0.0
--- 0.06748270988464355 seconds for the elasticity computation ---
0.05935460108702888
--- 0.06612133979797363 seconds for the elasticity computation ---
0.0
--- 0.06612038612365723 seconds for the elasticity computation ---
0.0
--- 0.06622099876403809 seconds for the elasticity computation ---
0.05935460108702888
0.005643940113077034
--- 0.06663298606872559 seconds for the elasticity computation ---
0.05935460108702888
0.005643940113077034
--- 0.06646943092346191 seconds for the elasticity computation ---
0.05935460108702888
0.005643940113077034
--- 0.06683063507080078 seconds for the elasticity computation ---
0.05935460108702888
0.005643940113077034
--- 0.06651449203491211 seconds for the elasticity computation ---
parsed_args = parse_commandline() = Dict{String, Any}("dataname" => "lower_triangular_four_ambiguous_parameters", "clowerlim" => 0.0001, "delta" => 0.015, "boundary" => 0, "Delta" => 10.0, "q" => 0.05, "zmax" => 5.0, "logadjustment" => 1, "zscale" => 2.0, "foc" => 1, "distorted" => 0, "rho" => 1.0, "gamma" => 3.0)
=============================================================
./output/lower_triangular_four_ambiguous_parameters/Delta_10.0_distorted_0/logadjustment_1_boundary_0/zmax_5.0_zscale_2.0/delta_0.015/q_0.05_gamma_3.0_rho_1.0/
=============================================================
solve for structured linear system 
structured_relative_entropy = 0.05064728749739482
=============================================================
solve for unstructured linear system 
q_update = 0.08954296586554675
=============================================================
parsed_args = parse_commandline() = Dict{String, Any}("dataname" => "lower_triangular_four_ambiguous_parameters", "clowerlim" => 0.0001, "delta" => 0.015, "boundary" => 0, "Delta" => 10.0, "q" => 0.05, "zmax" => 5.0, "logadjustment" => 1, "zscale" => 2.0, "foc" => 1, "distorted" => 0, "rho" => 1.0, "gamma" => 3.0)
=============================================================
./output/lower_triangular_four_ambiguous_parameters/Delta_10.0_distorted_0/logadjustment_1_boundary_0/zmax_5.0_zscale_2.0/delta_0.015/q_0.05_gamma_3.0_rho_1.0/
=============================================================
solve for structured linear system 
structured_relative_entropy = 0.05064728749739481
=============================================================
solve for unstructured linear system 
q_update = 0.08954296586554675
=============================================================
Program ends Fri Jan 19 22:22:28 CST 2024
Elapsed time: 0 days 00 hr 01 min 19 sec
