D_10.0_distorted_0_boundary_0_delta_0.015_gamma_12.0_q_0.05_rho_1.0_upper_triangular_four_ambiguous_parameters
Program starts Fri Jan 19 22:17:20 CST 2024
parsed_args = parse_commandline() = Dict{String, Any}("dataname" => "upper_triangular_four_ambiguous_parameters", "clowerlim" => 0.0001, "delta" => 0.015, "boundary" => 0, "Delta" => 10.0, "q" => 0.05, "zmax" => 5.0, "logadjustment" => 1, "zscale" => 2.0, "foc" => 1, "distorted" => 0, "rho" => 1.0, "gamma" => 12.0)
=============================================================
logadjustment: true
reflective_boundary: false
0.1002
U: [1.0331966455186503 0.4546065240282061; 0.0 0.06463435618925897]
L: [1.0331966455186503 0.0; 0.4546065240282061 0.06463435618925897]
[-2.220446049250313e-16 0.0; 0.0 0.0]
sigma_k: [0.010331966455186503, 0.004546065240282061]
sigma_z: [0.0, 0.06463435618925897]
Compute value function WITH ROBUSTNESS
computing undistorted version...
zmax = 5.0, zmin = -5.0, zlength = 401
natural boundary condition
----------------------------------
Iteration = 1
Distance = 1.2322999241124872
v max = -0.8931186375627728
v min = -3.2322999241124872
d max = 0.07607142857142857
d min = 0.07607142857142857
dF max = 0.07607142857142857
dB max = 0.07607142857142857
hk max = 0.010331966455186503
hk min = 0.010331966455186503
hz max = 0.004546065240282061
hz min = 0.004546065240282061
lambdaF max = 0.3192694661254032
lambdaF min = 0.01225494967187982
lambdaB max = 0.3192694661254032
lambdaB min = 0.01225494967187982
----------------------------------
----------------------------------
Iteration = 2
Distance = 0.8779783454462828
v max = -0.4253954447707978
v min = -4.11027826955877
d max = 0.07607142857142857
d min = 0.07607142857142857
dF max = 0.07607142857142857
dB max = 0.07607142857142857
hk max = 0.010331966455186503
hk min = 0.010331966455186503
hz max = 0.01966521288689622
hz min = 0.01966521288688933
lambdaF max = 0.6283121063407056
lambdaF min = 0.01225494967187982
lambdaB max = 0.6283121063407056
lambdaB min = 0.01225494967187982
----------------------------------
----------------------------------
Iteration = 3
Distance = 0.5978523847801958
v max = -0.21796060172442033
v min = -4.708130654338966
d max = 0.07607142857142857
d min = 0.07607142857142857
dF max = 0.07607142857142857
dB max = 0.07607142857142857
hk max = 0.010331966455186503
hk min = 0.010331966455186503
hz max = 0.030075840870324375
hz min = 0.026650295412846456
lambdaF max = 0.8520316478648948
lambdaF min = 0.01225494967187982
lambdaB max = 0.8555642600498082
lambdaB min = 0.01225494967187982
----------------------------------
----------------------------------
Iteration = 4
Distance = 0.42229962269789034
v max = -0.1481757379436719
v min = -5.130430277036856
d max = 0.07607142857142857
d min = 0.07607142857142857
dF max = 0.07607142857142857
dB max = 0.07607142857142857
hk max = 0.010331966455186503
hk min = 0.010331966455186503
hz max = 0.03666245730504781
hz min = 0.030360139404672776
lambdaF max = 1.0001822008765109
lambdaF min = 0.01225494967187982
lambdaB max = 1.006577942240854
lambdaB min = 0.01225494967187982
----------------------------------
----------------------------------
Iteration = 5
Distance = 0.30864034542536434
v max = -0.14763370554666408
v min = -5.4390706224622205
d max = 0.07607142857142857
d min = 0.07607142857142857
dF max = 0.07607142857142857
dB max = 0.07607142857142857
hk max = 0.010331966455186503
hk min = 0.010331966455186503
hz max = 0.04085308839289277
hz min = 0.03231274885393571
lambdaF max = 1.1008906844138813
lambdaF min = 0.01225494967187982
lambdaB max = 1.1094476526927823
lambdaB min = 0.01225494967187982
----------------------------------
----------------------------------
Iteration = 6
Distance = 0.23208339237981157
v max = -0.18067397123093465
v min = -5.671154014842032
d max = 0.07607142857142857
d min = 0.07607142857142857
dF max = 0.07607142857142857
dB max = 0.07607142857142857
hk max = 0.010331966455186503
hk min = 0.010331966455186503
hz max = 0.04353670750459401
hz min = 0.033355360058264324
lambdaF max = 1.1706661405552186
lambdaF min = 0.01225494967187982
lambdaB max = 1.1805418077731975
lambdaB min = 0.01225494967187982
----------------------------------
----------------------------------
Iteration = 7
Distance = 0.17896754641817925
v max = -0.22939698780210294
v min = -5.850121561260211
d max = 0.07607142857142857
d min = 0.07607142857142857
dF max = 0.07607142857142857
dB max = 0.07607142857142857
hk max = 0.010331966455186503
hk min = 0.010331966455186503
hz max = 0.045259633561120546
hz min = 0.033939792810888006
lambdaF max = 1.218920663934589
lambdaF min = 0.01225494967187982
lambdaB max = 1.2292034033298083
lambdaB min = 0.01225494967187982
----------------------------------
----------------------------------
Iteration = 8
Distance = 0.1411231792988037
v max = -0.2847771040191234
v min = -5.991244740559015
d max = 0.07607142857142857
d min = 0.07607142857142857
dF max = 0.07607142857142857
dB max = 0.07607142857142857
hk max = 0.010331966455186503
hk min = 0.010331966455186503
hz max = 0.046367098891710756
hz min = 0.034296114056799394
lambdaF max = 1.2509261715515492
lambdaF min = 0.01225494967187982
lambdaB max = 1.2614789074311779
lambdaB min = 0.01225494967187982
----------------------------------
----------------------------------
Iteration = 9
Distance = 0.1134627966118531
v max = -0.3419538078303617
v min = -6.104707537170868
d max = 0.07607142857142857
d min = 0.07607142857142857
dF max = 0.07607142857142857
dB max = 0.07607142857142857
hk max = 0.010331966455186503
hk min = 0.010331966455186503
hz max = 0.04707941211732269
hz min = 0.03453359683832034
lambdaF max = 1.2712180620594062
lambdaF min = 0.01225494967187982
lambdaB max = 1.2819419790733797
lambdaB min = 0.01225494967187982
----------------------------------
----------------------------------
Iteration = 10
Distance = 0.09273927237957746
v max = -0.39803621879373835
v min = -6.197446809550446
d max = 0.07607142857142857
d min = 0.07607142857142857
dF max = 0.07607142857142857
dB max = 0.07607142857142857
hk max = 0.010331966455186503
hk min = 0.010331966455186503
hz max = 0.047537743882774555
hz min = 0.03470029377504675
lambdaF max = 1.283597408105114
lambdaF min = 0.01225494967187982
lambdaB max = 1.2944257565173218
lambdaB min = 0.01225494967187982
----------------------------------
----------------------------------
Iteration = 11
Distance = 0.07684199549387305
v max = -0.4512175398765658
v min = -6.274288805044319
d max = 0.07607142857142857
d min = 0.07607142857142857
dF max = 0.07607142857142857
dB max = 0.07607142857142857
hk max = 0.010331966455186503
hk min = 0.010331966455186503
hz max = 0.04783273372800491
hz min = 0.03481784188060658
lambdaF max = 1.2911392448832173
lambdaF min = 0.01225494967187982
lambdaB max = 1.3020312157644218
lambdaB min = 0.01225494967187982
----------------------------------
----------------------------------
Iteration = 12
Distance = 0.06437719827337496
v max = -0.5004229699821978
v min = -6.338666003317694
d max = 0.07607142857142857
d min = 0.07607142857142857
dF max = 0.07607142857142857
dB max = 0.07607142857142857
hk max = 0.010331966455186503
hk min = 0.010331966455186503
hz max = 0.04802263353286899
hz min = 0.03489872110788254
lambdaF max = 1.2959720049481338
lambdaF min = 0.01225494967187982
lambdaB max = 1.3069047446945954
lambdaB min = 0.01225494967187982
----------------------------------
----------------------------------
Iteration = 13
Distance = 0.05441003101038344
v max = -0.5451198266133812
v min = -6.393076034328077
d max = 0.07607142857142857
d min = 0.07607142857142857
dF max = 0.07607142857142857
dB max = 0.07607142857142857
hk max = 0.010331966455186503
hk min = 0.010331966455186503
hz max = 0.048144899316145746
hz min = 0.03495236411753179
lambdaF max = 1.2992836344127603
lambdaF min = 0.01225494967187982
lambdaB max = 1.3102443108607364
lambdaB min = 0.01225494967187982
----------------------------------
----------------------------------
Iteration = 14
Distance = 0.04630300819695865
v max = -0.58517680072335
v min = -6.439379042525036
d max = 0.07607142857142857
d min = 0.07607142857142857
dF max = 0.07607142857142857
dB max = 0.07607142857142857
hk max = 0.010331966455186503
hk min = 0.010331966455186503
hz max = 0.04822362490787825
hz min = 0.03498653624263983
lambdaF max = 1.3016081212158936
lambdaF min = 0.01225494967187982
lambdaB max = 1.3125884068908946
lambdaB min = 0.01225494967187982
----------------------------------
----------------------------------
Iteration = 15
Distance = 0.03961352282431818
v max = -0.6207438279078288
v min = -6.478992565349354
d max = 0.07607142857142857
d min = 0.07607142857142857
dF max = 0.07607142857142857
dB max = 0.07607142857142857
hk max = 0.010331966455186503
hk min = 0.010331966455186503
hz max = 0.04827431574144255
hz min = 0.03500763360196443
lambdaF max = 1.3031744407620867
lambdaF min = 0.01225494967187982
lambdaB max = 1.3141679398119854
lambdaB min = 0.01225494967187982
----------------------------------
----------------------------------
Iteration = 16
Distance = 0.03402818466646007
v max = -0.6521398113677199
v min = -6.513020750015814
d max = 0.07607142857142857
d min = 0.07607142857142857
dF max = 0.07607142857142857
dB max = 0.07607142857142857
hk max = 0.010331966455186503
hk min = 0.010331966455186503
hz max = 0.0483069547082016
hz min = 0.035020673614141865
lambdaF max = 1.3041424634940122
lambdaF min = 0.01225494967187982
lambdaB max = 1.3151441287238563
lambdaB min = 0.01225494967187982
----------------------------------
----------------------------------
Iteration = 17
Distance = 0.029320365296302775
v max = -0.6797547795279777
v min = -6.542341115312117
d max = 0.07607142857142857
d min = 0.07607142857142857
dF max = 0.07607142857142857
dB max = 0.07607142857142857
hk max = 0.010331966455186503
hk min = 0.010331966455186503
hz max = 0.048327970876158755
hz min = 0.03502910016858662
lambdaF max = 1.3046890587717805
lambdaF min = 0.01225494967187982
lambdaB max = 1.3156953350456102
lambdaB min = 0.01225494967187982
----------------------------------
----------------------------------
Iteration = 18
Distance = 0.02532249574575296
v max = -0.7039838095491641
v min = -6.56766361105787
d max = 0.07607142857142857
d min = 0.07607142857142857
dF max = 0.07607142857142857
dB max = 0.07607142857142857
hk max = 0.010331966455186503
hk min = 0.010331966455186503
hz max = 0.04834150442884594
hz min = 0.03503484369513222
lambdaF max = 1.304991909008395
lambdaF min = 0.01225494967187982
lambdaB max = 1.3160007401081055
lambdaB min = 0.01225494967187982
----------------------------------
----------------------------------
Iteration = 19
Distance = 0.021907827829323878
v max = -0.725197198747697
v min = -6.5895714388871935
d max = 0.07607142857142857
d min = 0.07607142857142857
dF max = 0.07607142857142857
dB max = 0.07607142857142857
hk max = 0.010331966455186503
hk min = 0.010331966455186503
hz max = 0.04835022067934567
hz min = 0.0350388026243292
lambdaF max = 1.305183951506485
lambdaF min = 0.01225494967187982
lambdaB max = 1.3161944026648411
lambdaB min = 0.01225494967187982
----------------------------------
----------------------------------
Iteration = 20
Distance = 0.01897832555969714
v max = -0.7437345746644635
v min = -6.608549764446891
d max = 0.07607142857142857
d min = 0.07607142857142857
dF max = 0.07607142857142857
dB max = 0.07607142857142857
hk max = 0.010331966455186503
hk min = 0.010331966455186503
hz max = 0.04835583489121001
hz min = 0.035041418712767176
lambdaF max = 1.305332314242899
lambdaF min = 0.01225494967187982
lambdaB max = 1.3163440169801317
lambdaB min = 0.01225494967187982
----------------------------------
----------------------------------
Iteration = 21
Distance = 0.016456559542268323
v max = -0.7599075377847142
v min = -6.625006323989159
d max = 0.07607142857142857
d min = 0.07607142857142857
dF max = 0.07607142857142857
dB max = 0.07607142857142857
hk max = 0.010331966455186503
hk min = 0.010331966455186503
hz max = 0.0483594509439726
hz min = 0.03504302680326885
lambdaF max = 1.3054528331003228
lambdaF min = 0.01225494967187982
lambdaB max = 1.316465552527189
lambdaB min = 0.01225494967187982
----------------------------------
----------------------------------
Iteration = 22
Distance = 0.014280225727313578
v max = -0.7740019098949595
v min = -6.639286549716473
d max = 0.07607142857142857
d min = 0.07607142857142857
dF max = 0.07607142857142857
dB max = 0.07607142857142857
hk max = 0.010331966455186503
hk min = 0.010331966455186503
hz max = 0.048361779629818864
hz min = 0.03504395430302502
lambdaF max = 1.305540322499843
lambdaF min = 0.01225494967187982
lambdaB max = 1.3165537799818767
lambdaB min = 0.01225494967187982
----------------------------------
----------------------------------
Iteration = 23
Distance = 0.012398385673972001
v max = -0.786277335759763
v min = -6.651684935390445
d max = 0.07607142857142857
d min = 0.07607142857142857
dF max = 0.07607142857142857
dB max = 0.07607142857142857
hk max = 0.010331966455186503
hk min = 0.010331966455186503
hz max = 0.04836327899003096
hz min = 0.03504449233937953
lambdaF max = 1.3055920608072742
lambdaF min = 0.01225494967187982
lambdaB max = 1.3166059547504723
lambdaB min = 0.01225494967187982
----------------------------------
----------------------------------
Iteration = 24
Distance = 0.010768837821489186
v max = -0.7969657119983526
v min = -6.662453773211934
d max = 0.07607142857142857
d min = 0.07607142857142857
dF max = 0.07607142857142857
dB max = 0.07607142857142857
hk max = 0.010331966455186503
hk min = 0.010331966455186503
hz max = 0.0483642443281144
hz min = 0.035044844301037395
lambdaF max = 1.3056154424639517
lambdaF min = 0.01225494967187982
lambdaB max = 1.3166295336533604
lambdaB min = 0.01225494967187982
----------------------------------
----------------------------------
Iteration = 25
Distance = 0.009356237723054939
v max = -0.8062707671598963
v min = -6.671810010934989
d max = 0.07607142857142857
d min = 0.07607142857142857
dF max = 0.07607142857142857
dB max = 0.07607142857142857
hk max = 0.010331966455186503
hk min = 0.010331966455186503
hz max = 0.048364865961380156
hz min = 0.03504510980185951
lambdaF max = 1.3056236126341234
lambdaF min = 0.01225494967187982
lambdaB max = 1.316637772746583
lambdaB min = 0.01225494967187982
----------------------------------
----------------------------------
Iteration = 26
Distance = 0.008130722764335019
v max = -0.8143698457855908
v min = -6.679940733699324
d max = 0.07607142857142857
d min = 0.07607142857142857
dF max = 0.07607142857142857
dB max = 0.07607142857142857
hk max = 0.010331966455186503
hk min = 0.010331966455186503
hz max = 0.04836526640564002
hz min = 0.03504531420853133
lambdaF max = 1.3056278868347873
lambdaF min = 0.01225494967187982
lambdaB max = 1.3166420830041394
lambdaB min = 0.01225494967187982
----------------------------------
----------------------------------
Iteration = 27
Distance = 0.007066884648870619
v max = -0.8214172480515163
v min = -6.687007618348194
d max = 0.07607142857142857
d min = 0.07607142857142857
dF max = 0.07607142857142857
dB max = 0.07607142857142857
hk max = 0.010331966455186503
hk min = 0.010331966455186503
hz max = 0.048365524435012665
hz min = 0.035045455641091634
lambdaF max = 1.3056335564274746
lambdaF min = 0.01225494967187982
lambdaB max = 1.3166478004251605
lambdaB min = 0.01225494967187982
----------------------------------
----------------------------------
Iteration = 28
Distance = 0.006142986878148626
v max = -0.8275478027255271
v min = -6.693150605226343
d max = 0.07607142857142857
d min = 0.07607142857142857
dF max = 0.07607142857142857
dB max = 0.07607142857142857
hk max = 0.010331966455186503
hk min = 0.010331966455186503
hz max = 0.048365690687543816
hz min = 0.03504553737271027
lambdaF max = 1.305640539749713
lambdaF min = 0.01225494967187982
lambdaB max = 1.3166548426582736
lambdaB min = 0.01225494967187982
----------------------------------
----------------------------------
Iteration = 29
Distance = 0.005340357367003001
v max = -0.8328797582134261
v min = -6.698490962593346
d max = 0.07607142857142857
d min = 0.07607142857142857
dF max = 0.07607142857142857
dB max = 0.07607142857142857
hk max = 0.010331966455186503
hk min = 0.010331966455186503
hz max = 0.048365797757202476
hz min = 0.03504557562206219
lambdaF max = 1.3056465841018947
lambdaF min = 0.01225494967187982
lambdaB max = 1.3166609380002368
lambdaB min = 0.01225494967187982
----------------------------------
----------------------------------
Iteration = 30
Distance = 0.004642907433884957
v max = -0.8375168118374301
v min = -6.703133870027231
d max = 0.07607142857142857
d min = 0.07607142857142857
dF max = 0.07607142857142857
dB max = 0.07607142857142857
hk max = 0.010331966455186503
hk min = 0.010331966455186503
hz max = 0.04836586667080767
hz min = 0.035045591756007244
lambdaF max = 1.3056500911972726
lambdaF min = 0.01225494967187982
lambdaB max = 1.3166644746812546
lambdaB min = 0.01225494967187982
----------------------------------
----------------------------------
Iteration = 31
Distance = 0.004036743091124784
v max = -0.8415495836549367
v min = -6.707170613118356
d max = 0.07607142857142857
d min = 0.07607142857142857
dF max = 0.07607142857142857
dB max = 0.07607142857142857
hk max = 0.010331966455186503
hk min = 0.010331966455186503
hz max = 0.04836591101426912
hz min = 0.03504560211853752
lambdaF max = 1.305651118336909
lambdaF min = 0.01225494967187982
lambdaB max = 1.3166655104857776
lambdaB min = 0.01225494967187982
----------------------------------
----------------------------------
Iteration = 32
Distance = 0.003509845251252308
v max = -0.8450569271619855
v min = -6.710680458369608
d max = 0.07607142857142857
d min = 0.07607142857142857
dF max = 0.07607142857142857
dB max = 0.07607142857142857
hk max = 0.010331966455186503
hk min = 0.010331966455186503
hz max = 0.04836593955963448
hz min = 0.03504561354415522
lambdaF max = 1.3056508208737603
lambdaF min = 0.01225494967187982
lambdaB max = 1.316665210513248
lambdaB min = 0.01225494967187982
----------------------------------
----------------------------------
Iteration = 33
Distance = 0.0030518030410497943
v max = -0.8481072848202481
v min = -6.713732261410658
d max = 0.07607142857142857
d min = 0.07607142857142857
dF max = 0.07607142857142857
dB max = 0.07607142857142857
hk max = 0.010331966455186503
hk min = 0.010331966455186503
hz max = 0.04836595795313056
hz min = 0.03504562544732808
lambdaF max = 1.3056504023051028
lambdaF min = 0.01225494967187982
lambdaB max = 1.316664788413571
lambdaB min = 0.01225494967187982
----------------------------------
----------------------------------
Iteration = 34
Distance = 0.00265358937904292
v max = -0.8507600703195864
v min = -6.716385850789701
d max = 0.07607142857142857
d min = 0.07607142857142857
dF max = 0.07607142857142857
dB max = 0.07607142857142857
hk max = 0.010331966455186503
hk min = 0.010331966455186503
hz max = 0.0483659698155882
hz min = 0.03504563478637247
lambdaF max = 1.3056504510470017
lambdaF min = 0.01225494967187982
lambdaB max = 1.3166648375666539
lambdaB min = 0.01225494967187982
----------------------------------
----------------------------------
Iteration = 35
Distance = 0.0023073709617733584
v max = -0.853066952172739
v min = -6.718693221751474
d max = 0.07607142857142857
d min = 0.07607142857142857
dF max = 0.07607142857142857
dB max = 0.07607142857142857
hk max = 0.010331966455186503
hk min = 0.010331966455186503
hz max = 0.04836597746597048
hz min = 0.035045639859115005
lambdaF max = 1.3056509120621123
lambdaF min = 0.01225494967187982
lambdaB max = 1.3166653024708592
lambdaB min = 0.01225494967187982
----------------------------------
----------------------------------
Iteration = 36
Distance = 0.002006346569671358
v max = -0.8550729401850129
v min = -6.7206995683211455
d max = 0.07607142857142857
d min = 0.07607142857142857
dF max = 0.07607142857142857
dB max = 0.07607142857142857
hk max = 0.010331966455186503
hk min = 0.010331966455186503
hz max = 0.0483659823940561
hz min = 0.03504564129463677
lambdaF max = 1.3056514408076816
lambdaF min = 0.01225494967187982
lambdaB max = 1.3166658356768934
lambdaB min = 0.01225494967187982
----------------------------------
----------------------------------
Iteration = 37
Distance = 0.0017446087780879083
v max = -0.8568172605415583
v min = -6.722444177099233
d max = 0.07607142857142857
d min = 0.07607142857142857
dF max = 0.07607142857142857
dB max = 0.07607142857142857
hk max = 0.010331966455186503
hk min = 0.010331966455186503
hz max = 0.04836598556301931
hz min = 0.03504564099758995
lambdaF max = 1.3056517628716475
lambdaF min = 0.01225494967187982
lambdaB max = 1.3166661604577712
lambdaB min = 0.01225494967187982
----------------------------------
----------------------------------
Iteration = 38
Distance = 0.0015170251061276119
v max = -0.8583340693630078
v min = -6.723961202205361
d max = 0.07607142857142857
d min = 0.07607142857142857
dF max = 0.07607142857142857
dB max = 0.07607142857142857
hk max = 0.010331966455186503
hk min = 0.010331966455186503
hz max = 0.04836598759876921
hz min = 0.035045640663214625
lambdaF max = 1.305651823650749
lambdaF min = 0.01225494967187982
lambdaB max = 1.3166662217496017
lambdaB min = 0.01225494967187982
----------------------------------
----------------------------------
Iteration = 39
Distance = 0.001319135462544807
v max = -0.8596530684708381
v min = -6.725280337667906
d max = 0.07607142857142857
d min = 0.07607142857142857
dF max = 0.07607142857142857
dB max = 0.07607142857142857
hk max = 0.010331966455186503
hk min = 0.010331966455186503
hz max = 0.04836598890767961
hz min = 0.035045640992895505
lambdaF max = 1.3056517334988558
lambdaF min = 0.01225494967187982
lambdaB max = 1.3166661308371925
lambdaB min = 0.01225494967187982
----------------------------------
----------------------------------
Iteration = 40
Distance = 0.001147063428012629
v max = -0.8608000638780011
v min = -6.726427401095918
d max = 0.07607142857142857
d min = 0.07607142857142857
dF max = 0.07607142857142857
dB max = 0.07607142857142857
hk max = 0.010331966455186503
hk min = 0.010331966455186503
hz max = 0.0483659897514729
hz min = 0.03504564180417672
lambdaF max = 1.305651634012589
lambdaF min = 0.01225494967187982
lambdaB max = 1.3166660305116655
lambdaB min = 0.01225494967187982
----------------------------------
----------------------------------
Iteration = 41
Distance = 0.0009974394161593736
v max = -0.8617974766958768
v min = -6.727424840512078
d max = 0.07607142857142857
d min = 0.07607142857142857
dF max = 0.07607142857142857
dB max = 0.07607142857142857
hk max = 0.010331966455186503
hk min = 0.010331966455186503
hz max = 0.04836599029689759
hz min = 0.03504564259342089
lambdaF max = 1.3056516024806193
lambdaF min = 0.01225494967187982
lambdaB max = 1.3166659987136942
lambdaB min = 0.01225494967187982
----------------------------------
----------------------------------
Iteration = 42
Distance = 0.0008673340932920937
v max = -0.8626647990238528
v min = -6.72829217460537
d max = 0.07607142857142857
d min = 0.07607142857142857
dF max = 0.07607142857142857
dB max = 0.07607142857142857
hk max = 0.010331966455186503
hk min = 0.010331966455186503
hz max = 0.048365990649618995
hz min = 0.03504564302223592
lambdaF max = 1.3056516361841382
lambdaF min = 0.01225494967187982
lambdaB max = 1.3166660327015336
lambdaB min = 0.01225494967187982
----------------------------------
----------------------------------
Iteration = 43
Distance = 0.0007542006657192957
v max = -0.8634189876423282
v min = -6.729046375271089
d max = 0.07607142857142857
d min = 0.07607142857142857
dF max = 0.07607142857142857
dB max = 0.07607142857142857
hk max = 0.010331966455186503
hk min = 0.010331966455186503
hz max = 0.04836599087705801
hz min = 0.0350456430742847
lambdaF max = 1.305651691164372
lambdaF min = 0.01225494967187982
lambdaB max = 1.3166660881455776
lambdaB min = 0.01225494967187982
----------------------------------
----------------------------------
Iteration = 44
Distance = 0.0006558248209165285
v max = -0.8640747974657318
v min = -6.729702200092006
d max = 0.07607142857142857
d min = 0.07607142857142857
dF max = 0.07607142857142857
dB max = 0.07607142857142857
hk max = 0.010331966455186503
hk min = 0.010331966455186503
hz max = 0.04836599102299079
hz min = 0.03504564293870954
lambdaF max = 1.3056517281711049
lambdaF min = 0.01225494967187982
lambdaB max = 1.316666125464497
lambdaB min = 0.01225494967187982
----------------------------------
----------------------------------
Iteration = 45
Distance = 0.0005702816116741616
v max = -0.8646450646762209
v min = -6.730272481361477
d max = 0.07607142857142857
d min = 0.07607142857142857
dF max = 0.07607142857142857
dB max = 0.07607142857142857
hk max = 0.010331966455186503
hk min = 0.010331966455186503
hz max = 0.04836599111630905
hz min = 0.03504564281519356
lambdaF max = 1.3056517350081605
lambdaF min = 0.01225494967187982
lambdaB max = 1.3166661323592295
lambdaB min = 0.01225494967187982
----------------------------------
----------------------------------
Iteration = 46
Distance = 0.0004958973222217722
v max = -0.8651409514512662
v min = -6.730768377349378
d max = 0.07607142857142857
d min = 0.07607142857142857
dF max = 0.07607142857142857
dB max = 0.07607142857142857
hk max = 0.010331966455186503
hk min = 0.010331966455186503
hz max = 0.04836599117607646
hz min = 0.03504564279530783
lambdaF max = 1.3056517223552193
lambdaF min = 0.01225494967187982
lambdaB max = 1.3166661195995486
lambdaB min = 0.01225494967187982
----------------------------------
----------------------------------
Iteration = 47
Distance = 0.00043121484503272356
v max = -0.8655721612147537
v min = -6.731199590748917
d max = 0.07607142857142857
d min = 0.07607142857142857
dF max = 0.07607142857142857
dB max = 0.07607142857142857
hk max = 0.010331966455186503
hk min = 0.010331966455186503
hz max = 0.0483659912146263
hz min = 0.03504564285941261
lambdaF max = 1.3056517074413658
lambdaF min = 0.01225494967187982
lambdaB max = 1.316666104559883
lambdaB min = 0.01225494967187982
----------------------------------
----------------------------------
Iteration = 48
Distance = 0.0003749690361387614
v max = -0.8659471289912137
v min = -6.731574558593925
d max = 0.07607142857142857
d min = 0.07607142857142857
dF max = 0.07607142857142857
dB max = 0.07607142857142857
hk max = 0.010331966455186503
hk min = 0.010331966455186503
hz max = 0.04836599123969472
hz min = 0.03504564294066339
lambdaF max = 1.3056517008940323
lambdaF min = 0.01225494967187982
lambdaB max = 1.3166660979573166
lambdaB min = 0.01225494967187982
----------------------------------
----------------------------------
Iteration = 49
Distance = 0.00032605963395737625
v max = -0.8662731886152351
v min = -6.73190061737826
d max = 0.07607142857142857
d min = 0.07607142857142857
dF max = 0.07607142857142857
dB max = 0.07607142857142857
hk max = 0.010331966455186503
hk min = 0.010331966455186503
hz max = 0.048365991256032706
hz min = 0.03504564298821347
lambdaF max = 1.3056517033505932
lambdaF min = 0.01225494967187982
lambdaB max = 1.3166661004346012
lambdaB min = 0.01225494967187982
----------------------------------
----------------------------------
Iteration = 50
Distance = 0.0002835293608758338
v max = -0.8665567179761109
v min = -6.732184146622635
d max = 0.07607142857142857
d min = 0.07607142857142857
dF max = 0.07607142857142857
dB max = 0.07607142857142857
hk max = 0.010331966455186503
hk min = 0.010331966455186503
hz max = 0.04836599126660934
hz min = 0.03504564299205198
lambdaF max = 1.305651709578376
lambdaF min = 0.01225494967187982
lambdaB max = 1.316666106714921
lambdaB min = 0.01225494967187982
----------------------------------
----------------------------------
Iteration = 51
Distance = 0.0002465473288650877
v max = -0.8668032642414439
v min = -6.73243069370831
d max = 0.07607142857142857
d min = 0.07607142857142857
dF max = 0.07607142857142857
dB max = 0.07607142857142857
hk max = 0.010331966455186503
hk min = 0.010331966455186503
hz max = 0.04836599127336498
hz min = 0.03504564297170757
lambdaF max = 1.3056517142939017
lambdaF min = 0.01225494967187982
lambdaB max = 1.3166661114702265
lambdaB min = 0.01225494967187982
----------------------------------
----------------------------------
Iteration = 52
Distance = 0.00021438914008786725
v max = -0.8670176518149278
v min = -6.732645082425611
d max = 0.07607142857142857
d min = 0.07607142857142857
dF max = 0.07607142857142857
dB max = 0.07607142857142857
hk max = 0.010331966455186503
hk min = 0.010331966455186503
hz max = 0.04836599127763146
hz min = 0.03504564295180577
lambdaF max = 1.305651715415393
lambdaF min = 0.01225494967187982
lambdaB max = 1.3166661126011787
lambdaB min = 0.01225494967187982
----------------------------------
----------------------------------
Iteration = 53
Distance = 0.00018642537749213872
v max = -0.8672040759280947
v min = -6.7328315073625316
d max = 0.07607142857142857
d min = 0.07607142857142857
dF max = 0.07607142857142857
dB max = 0.07607142857142857
hk max = 0.010331966455186503
hk min = 0.010331966455186503
hz max = 0.048365991280329576
hz min = 0.0350456429452212
lambdaF max = 1.3056517139235149
lambdaF min = 0.01225494967187982
lambdaB max = 1.316666111096715
lambdaB min = 0.01225494967187982
----------------------------------
----------------------------------
Iteration = 54
Distance = 0.00016210899853952299
v max = -0.8673661842747237
v min = -6.732993615979986
d max = 0.07607142857142857
d min = 0.07607142857142857
dF max = 0.07607142857142857
dB max = 0.07607142857142857
hk max = 0.010331966455186503
hk min = 0.010331966455186503
hz max = 0.04836599128206556
hz min = 0.035045642950690924
lambdaF max = 1.3056517119227156
lambdaF min = 0.01225494967187982
lambdaB max = 1.3166661090790373
lambdaB min = 0.01225494967187982
----------------------------------
----------------------------------
Iteration = 55
Distance = 0.0001409642968623892
v max = -0.867507148395281
v min = -6.733134579979478
d max = 0.07607142857142857
d min = 0.07607142857142857
dF max = 0.07607142857142857
dB max = 0.07607142857142857
hk max = 0.010331966455186503
hk min = 0.010331966455186503
hz max = 0.048365991283215996
hz min = 0.03504564295998222
lambdaF max = 1.3056517108773993
lambdaF min = 0.01225494967187982
lambdaB max = 1.3166661080249027
lambdaB min = 0.01225494967187982
----------------------------------
----------------------------------
Iteration = 56
Distance = 0.0001225775983302313
v max = -0.8676297259904744
v min = -6.7332571573601845
d max = 0.07607142857142857
d min = 0.07607142857142857
dF max = 0.07607142857142857
dB max = 0.07607142857142857
hk max = 0.010331966455186503
hk min = 0.010331966455186503
hz max = 0.048365991283980656
hz min = 0.03504564296604812
lambdaF max = 1.3056517110144576
lambdaF min = 0.01225494967187982
lambdaB max = 1.316666108163117
lambdaB min = 0.01225494967187982
----------------------------------
----------------------------------
Iteration = 57
Distance = 0.00010658912400340892
v max = -0.8677363151144778
v min = -6.73336374638069
d max = 0.07607142857142857
d min = 0.07607142857142857
dF max = 0.07607142857142857
dB max = 0.07607142857142857
hk max = 0.010331966455186503
hk min = 0.010331966455186503
hz max = 0.048365991284478944
hz min = 0.03504564296682167
lambdaF max = 1.3056517117380875
lambdaF min = 0.01225494967187982
lambdaB max = 1.3166661088928513
lambdaB min = 0.01225494967187982
----------------------------------
----------------------------------
Iteration = 58
Distance = 9.268615306989858e-5
v max = -0.8678290011733254
v min = -6.733456432481805
d max = 0.07607142857142857
d min = 0.07607142857142857
dF max = 0.07607142857142857
dB max = 0.07607142857142857
hk max = 0.010331966455186503
hk min = 0.010331966455186503
hz max = 0.04836599128479813
hz min = 0.03504564296429491
lambdaF max = 1.3056517123573144
lambdaF min = 0.01225494967187982
lambdaB max = 1.3166661095173022
lambdaB min = 0.01225494967187982
----------------------------------
----------------------------------
Iteration = 59
Distance = 8.059667680093696e-5
v max = -0.8679095976692043
v min = -6.733537029089238
d max = 0.07607142857142857
d min = 0.07607142857142857
dF max = 0.07607142857142857
dB max = 0.07607142857142857
hk max = 0.010331966455186503
hk min = 0.010331966455186503
hz max = 0.048365991284991014
hz min = 0.03504564296153307
lambdaF max = 1.3056517125483793
lambdaF min = 0.01225494967187982
lambdaB max = 1.316666109709979
lambdaB min = 0.01225494967187982
----------------------------------
----------------------------------
Iteration = 60
Distance = 7.008407278741302e-5
v max = -0.8679796815827451
v min = -6.733607113094204
d max = 0.07607142857142857
d min = 0.07607142857142857
dF max = 0.07607142857142857
dB max = 0.07607142857142857
hk max = 0.010331966455186503
hk min = 0.010331966455186503
hz max = 0.04836599128511042
hz min = 0.03504564296035996
lambdaF max = 1.3056517123884939
lambdaF min = 0.01225494967187982
lambdaB max = 1.3166661095487446
lambdaB min = 0.01225494967187982
----------------------------------
----------------------------------
Iteration = 61
Distance = 6.094266945266824e-5
v max = -0.8680406241641024
v min = -6.733668055706137
d max = 0.07607142857142857
d min = 0.07607142857142857
dF max = 0.07607142857142857
dB max = 0.07607142857142857
hk max = 0.010331966455186503
hk min = 0.010331966455186503
hz max = 0.0483659912851862
hz min = 0.03504564296081147
lambdaF max = 1.3056517121319924
lambdaF min = 0.01225494967187982
lambdaB max = 1.3166661092900793
lambdaB min = 0.01225494967187982
----------------------------------
----------------------------------
Iteration = 62
Distance = 5.299361957833426e-5
v max = -0.8680936177570469
v min = -6.733721049280934
d max = 0.07607142857142857
d min = 0.07607142857142857
dF max = 0.07607142857142857
dB max = 0.07607142857142857
hk max = 0.010331966455186503
hk min = 0.010331966455186503
hz max = 0.04836599128523671
hz min = 0.035045642961913676
lambdaF max = 1.3056517119781983
lambdaF min = 0.01225494967187982
lambdaB max = 1.3166661091349883
lambdaB min = 0.01225494967187982
----------------------------------
----------------------------------
Iteration = 63
Distance = 4.6081401883224515e-5
v max = -0.868139699157827
v min = -6.733767130649798
d max = 0.07607142857142857
d min = 0.07607142857142857
dF max = 0.07607142857142857
dB max = 0.07607142857142857
hk max = 0.010331966455186503
hk min = 0.010331966455186503
hz max = 0.048365991285273455
hz min = 0.03504564296272283
lambdaF max = 1.3056517119754978
lambdaF min = 0.01225494967187982
lambdaB max = 1.316666109132265
lambdaB min = 0.01225494967187982
----------------------------------
----------------------------------
Iteration = 64
Distance = 4.0070773969280715e-5
v max = -0.8681797699317962
v min = -6.733807201405031
d max = 0.07607142857142857
d min = 0.07607142857142857
dF max = 0.07607142857142857
dB max = 0.07607142857142857
hk max = 0.010331966455186503
hk min = 0.010331966455186503
hz max = 0.04836599128530101
hz min = 0.0350456429628873
lambdaF max = 1.3056517120590831
lambdaF min = 0.01225494967187982
lambdaB max = 1.3166661092165552
lambdaB min = 0.01225494967187982
----------------------------------
----------------------------------
Iteration = 65
Distance = 3.48441418940304e-5
v max = -0.8682146140657095
v min = -6.733842045539867
d max = 0.07607142857142857
d min = 0.07607142857142857
dF max = 0.07607142857142857
dB max = 0.07607142857142857
hk max = 0.010331966455186503
hk min = 0.010331966455186503
hz max = 0.048365991285317086
hz min = 0.03504564296259911
lambdaF max = 1.3056517121404703
lambdaF min = 0.01225494967187982
lambdaB max = 1.316666109298629
lambdaB min = 0.01225494967187982
----------------------------------
----------------------------------
Iteration = 66
Distance = 3.0299256908339345e-5
v max = -0.8682449133013774
v min = -6.733872344787474
d max = 0.07607142857142857
d min = 0.07607142857142857
dF max = 0.07607142857142857
dB max = 0.07607142857142857
hk max = 0.010331966455186503
hk min = 0.010331966455186503
hz max = 0.048365991285326274
hz min = 0.03504564296223573
lambdaF max = 1.3056517121715243
lambdaF min = 0.01225494967187982
lambdaB max = 1.316666109329945
lambdaB min = 0.01225494967187982
----------------------------------
----------------------------------
Iteration = 67
Distance = 2.6347180857033692e-5
v max = -0.8682712604619013
v min = -6.733898691959248
d max = 0.07607142857142857
d min = 0.07607142857142857
dF max = 0.07607142857142857
dB max = 0.07607142857142857
hk max = 0.010331966455186503
hk min = 0.010331966455186503
hz max = 0.04836599128533086
hz min = 0.03504564296205346
lambdaF max = 1.3056517121559499
lambdaF min = 0.01225494967187982
lambdaB max = 1.3166661093142393
lambdaB min = 0.01225494967187982
----------------------------------
----------------------------------
Iteration = 68
Distance = 2.291059183745503e-5
v max = -0.8682941710416838
v min = -6.733921602543349
d max = 0.07607142857142857
d min = 0.07607142857142857
dF max = 0.07607142857142857
dB max = 0.07607142857142857
hk max = 0.010331966455186503
hk min = 0.010331966455186503
hz max = 0.04836599128533316
hz min = 0.03504564296208331
lambdaF max = 1.3056517121238913
lambdaF min = 0.01225494967187982
lambdaB max = 1.31666610928191
lambdaB min = 0.01225494967187982
----------------------------------
----------------------------------
Iteration = 69
Distance = 1.992225305214035e-5
v max = -0.8683140932906677
v min = -6.733941524790346
d max = 0.07607142857142857
d min = 0.07607142857142857
dF max = 0.07607142857142857
dB max = 0.07607142857142857
hk max = 0.010331966455186503
hk min = 0.010331966455186503
hz max = 0.04836599128533316
hz min = 0.0350456429622142
lambdaF max = 1.3056517121021631
lambdaF min = 0.01225494967187982
lambdaB max = 1.3166661092599985
lambdaB min = 0.01225494967187982
----------------------------------
----------------------------------
Iteration = 70
Distance = 1.73236975014035e-5
v max = -0.8683314169878669
v min = -6.733958848483363
d max = 0.07607142857142857
d min = 0.07607142857142857
dF max = 0.07607142857142857
dB max = 0.07607142857142857
hk max = 0.010331966455186503
hk min = 0.010331966455186503
hz max = 0.04836599128533316
hz min = 0.03504564296232299
lambdaF max = 1.3056517120993685
lambdaF min = 0.01225494967187982
lambdaB max = 1.3166661092571803
lambdaB min = 0.01225494967187982
----------------------------------
----------------------------------
Iteration = 71
Distance = 1.5064083671689765e-5
v max = -0.8683464810715386
v min = -6.733973912564226
d max = 0.07607142857142857
d min = 0.07607142857142857
dF max = 0.07607142857142857
dB max = 0.07607142857142857
hk max = 0.010331966455186503
hk min = 0.010331966455186503
hz max = 0.048365991285335454
hz min = 0.035045642962353414
lambdaF max = 1.3056517121087567
lambdaF min = 0.01225494967187982
lambdaB max = 1.316666109266648
lambdaB min = 0.01225494967187982
----------------------------------
----------------------------------
Iteration = 72
Distance = 1.309920159409117e-5
v max = -0.8683595802725792
v min = -6.733987011764975
d max = 0.07607142857142857
d min = 0.07607142857142857
dF max = 0.07607142857142857
dB max = 0.07607142857142857
hk max = 0.010331966455186503
hk min = 0.010331966455186503
hz max = 0.04836599128533775
hz min = 0.03504564296232299
lambdaF max = 1.3056517121192759
lambdaF min = 0.01225494967187982
lambdaB max = 1.3166661092772556
lambdaB min = 0.01225494967187982
----------------------------------
----------------------------------
Iteration = 73
Distance = 1.1390610514361299e-5
v max = -0.8683709708806115
v min = -6.7339984023743185
d max = 0.07607142857142857
d min = 0.07607142857142857
dF max = 0.07607142857142857
dB max = 0.07607142857142857
hk max = 0.010331966455186503
hk min = 0.010331966455186503
hz max = 0.04836599128534005
hz min = 0.03504564296227563
lambdaF max = 1.3056517121241424
lambdaF min = 0.01225494967187982
lambdaB max = 1.3166661092821634
lambdaB min = 0.01225494967187982
----------------------------------
----------------------------------
Iteration = 74
Distance = 9.9048788499978e-6
v max = -0.8683808757568735
v min = -6.734008307252007
d max = 0.07607142857142857
d min = 0.07607142857142857
dF max = 0.07607142857142857
dB max = 0.07607142857142857
hk max = 0.010331966455186503
hk min = 0.010331966455186503
hz max = 0.04836599128533775
hz min = 0.035045642962249504
lambdaF max = 1.3056517121228866
lambdaF min = 0.01225494967187982
lambdaB max = 1.316666109280897
lambdaB min = 0.01225494967187982
----------------------------------
    Value Function Converged, Iteration = 74 with gamma=12.0 with rho=1.0 and v=-3.3756155144079636
    Natural boundary condition
=============================================================
Convegence time (minutes): 0.11467722031666666
Current Time = 22:17:56
grid points for z:  401
grid size for z:  0.025
-0.20326743454867252
-0.38971611690749686
--- 8.550986051559448 seconds for the elasticity computation ---
-0.09308650326737171
-0.264946161279822
--- 0.06339812278747559 seconds for the elasticity computation ---
-0.021252160591101497
-0.12476995562767491
--- 0.0624232292175293 seconds for the elasticity computation ---
-0.2776220356357014
-0.3971551327552312
--- 0.06244206428527832 seconds for the elasticity computation ---
Current Time = 22:18:07
grid points for z:  401
grid size for z:  0.025
rho = 1
0.05935460108702888
--- 8.548491954803467 seconds for the elasticity computation ---
0.0
--- 0.06728672981262207 seconds for the elasticity computation ---
0.05935460108702888
--- 0.0665290355682373 seconds for the elasticity computation ---
0.0
--- 0.06635117530822754 seconds for the elasticity computation ---
0.0
--- 0.06607413291931152 seconds for the elasticity computation ---
0.05935460108702888
0.007439015847734282
--- 0.06624698638916016 seconds for the elasticity computation ---
0.05935460108702888
0.007439015847734282
--- 0.06613826751708984 seconds for the elasticity computation ---
0.05935460108702888
0.007439015847734282
--- 0.06623148918151855 seconds for the elasticity computation ---
0.05935460108702888
0.007439015847734282
--- 0.06647372245788574 seconds for the elasticity computation ---
parsed_args = parse_commandline() = Dict{String, Any}("dataname" => "upper_triangular_four_ambiguous_parameters", "clowerlim" => 0.0001, "delta" => 0.015, "boundary" => 0, "Delta" => 10.0, "q" => 0.05, "zmax" => 5.0, "logadjustment" => 1, "zscale" => 2.0, "foc" => 1, "distorted" => 0, "rho" => 1.0, "gamma" => 12.0)
=============================================================
./output/upper_triangular_four_ambiguous_parameters/Delta_10.0_distorted_0/logadjustment_1_boundary_0/zmax_5.0_zscale_2.0/delta_0.015/q_0.05_gamma_12.0_rho_1.0/
=============================================================
solve for structured linear system 
structured_relative_entropy = 0.050647484291674136
=============================================================
solve for unstructured linear system 
q_update = 0.5402210736468517
=============================================================
parsed_args = parse_commandline() = Dict{String, Any}("dataname" => "upper_triangular_four_ambiguous_parameters", "clowerlim" => 0.0001, "delta" => 0.015, "boundary" => 0, "Delta" => 10.0, "q" => 0.05, "zmax" => 5.0, "logadjustment" => 1, "zscale" => 2.0, "foc" => 1, "distorted" => 0, "rho" => 1.0, "gamma" => 12.0)
=============================================================
./output/upper_triangular_four_ambiguous_parameters/Delta_10.0_distorted_0/logadjustment_1_boundary_0/zmax_5.0_zscale_2.0/delta_0.015/q_0.05_gamma_12.0_rho_1.0/
=============================================================
solve for structured linear system 
structured_relative_entropy = 0.05064748429167414
=============================================================
solve for unstructured linear system 
q_update = 0.5402210736468517
=============================================================
Program ends Fri Jan 19 22:18:48 CST 2024
Elapsed time: 0 days 00 hr 01 min 28 sec
