D_10.0_distorted_0_boundary_1_delta_0.02_gamma_12.0_q_0.05_rho_1.0_upper_triangular_four_ambiguous_parameters
Program starts Fri Jan 19 22:17:29 CST 2024
parsed_args = parse_commandline() = Dict{String, Any}("dataname" => "upper_triangular_four_ambiguous_parameters", "clowerlim" => 0.0001, "delta" => 0.02, "boundary" => 1, "Delta" => 10.0, "q" => 0.05, "zmax" => 5.0, "logadjustment" => 1, "zscale" => 2.0, "foc" => 1, "distorted" => 0, "rho" => 1.0, "gamma" => 12.0)
=============================================================
logadjustment: true
reflective_boundary: true
0.109
U: [1.0331966455186503 0.4546065240282061; 0.0 0.06463435618925897]
L: [1.0331966455186503 0.0; 0.4546065240282061 0.06463435618925897]
[-2.220446049250313e-16 0.0; 0.0 0.0]
sigma_k: [0.010331966455186503, 0.004546065240282061]
sigma_z: [0.0, 0.06463435618925897]
Compute value function WITH ROBUSTNESS
computing undistorted version...
zmax = 5.0, zmin = -5.0, zlength = 401
reflective boundary condition
----------------------------------
Iteration = 1
Distance = 1.2147705340774908
v max = -0.94539260713384
v min = -3.214770534077491
d max = 0.07672413793103448
d min = 0.07672413793103448
dF max = 0.07672413793103448
dB max = 0.07672413793103448
hk max = 0.010331966455186503
hk min = 0.010331966455186503
hz max = 0.004546065240282061
hz min = 0.004546065240282061
lambdaF max = 0.3192694661254032
lambdaF min = 0.01225494967187982
lambdaB max = 0.3192694661254032
lambdaB min = 0.01225494967187982
----------------------------------
----------------------------------
Iteration = 2
Distance = 0.843271261120822
v max = -0.5203149860004516
v min = -4.058041795198313
d max = 0.07672413793103448
d min = 0.07672413793103448
dF max = 0.07672413793103448
dB max = 0.07672413793103448
hk max = 0.010331966455186503
hk min = 0.010331966455186503
hz max = 0.019235691646935688
hz min = 0.015895430289475317
lambdaF max = 0.6175832665912885
lambdaF min = 0.01225494967187982
lambdaB max = 0.6175832665912885
lambdaB min = 0.01225494967187982
----------------------------------
----------------------------------
Iteration = 3
Distance = 0.5582281835860172
v max = -0.3415305136383028
v min = -4.61626997878433
d max = 0.07672413793103448
d min = 0.07672413793103448
dF max = 0.07672413793103448
dB max = 0.07672413793103448
hk max = 0.010331966455186503
hk min = 0.010331966455186503
hz max = 0.029079490972456525
hz min = 0.021669262756377622
lambdaF max = 0.8277645286331908
lambdaF min = 0.01225494967187982
lambdaB max = 0.8311536138735477
lambdaB min = 0.01225494967187982
----------------------------------
----------------------------------
Iteration = 4
Distance = 0.3823814809861634
v max = -0.2869741515938532
v min = -4.998651459770493
d max = 0.07672413793103448
d min = 0.07672413793103448
dF max = 0.07672413793103448
dB max = 0.07672413793103448
hk max = 0.010331966455186503
hk min = 0.010331966455186503
hz max = 0.03512595099878691
hz min = 0.024430391156607983
lambdaF max = 0.9629672187455095
lambdaF min = 0.01225494967187982
lambdaB max = 0.9690160334856402
lambdaB min = 0.01225494967187982
----------------------------------
----------------------------------
Iteration = 5
Distance = 0.2704219238323242
v max = -0.2914677290569096
v min = -5.269073383602818
d max = 0.07672413793103448
d min = 0.07672413793103448
dF max = 0.07672413793103448
dB max = 0.07672413793103448
hk max = 0.010331966455186503
hk min = 0.010331966455186503
hz max = 0.03885910467376479
hz min = 0.025951208861717694
lambdaF max = 1.0519661531782398
lambdaF min = 0.01225494967187982
lambdaB max = 1.0599574378472214
lambdaB min = 0.01225494967187982
----------------------------------
----------------------------------
Iteration = 6
Distance = 0.19632389157109653
v max = -0.32208571459008994
v min = -5.465397275173914
d max = 0.07672413793103448
d min = 0.07672413793103448
dF max = 0.07672413793103448
dB max = 0.07672413793103448
hk max = 0.010331966455186503
hk min = 0.010331966455186503
hz max = 0.041179461739801235
hz min = 0.026713811282372147
lambdaF max = 1.1114349070193998
lambdaF min = 0.01225494967187982
lambdaB max = 1.1207181428034425
lambdaB min = 0.01225494967187982
----------------------------------
----------------------------------
Iteration = 7
Distance = 0.145853027780257
v max = -0.36301892986494144
v min = -5.611250302954171
d max = 0.07672413793103448
d min = 0.07672413793103448
dF max = 0.07672413793103448
dB max = 0.07672413793103448
hk max = 0.010331966455186503
hk min = 0.010331966455186503
hz max = 0.04262549051693908
hz min = 0.027132869334604535
lambdaF max = 1.1512321137016273
lambdaF min = 0.01225494967187982
lambdaB max = 1.1609438366700358
lambdaB min = 0.01225494967187982
----------------------------------
----------------------------------
Iteration = 8
Distance = 0.11059590733157343
v max = -0.4067313508493369
v min = -5.721846210285745
d max = 0.07672413793103448
d min = 0.07672413793103448
dF max = 0.07672413793103448
dB max = 0.07672413793103448
hk max = 0.010331966455186503
hk min = 0.010331966455186503
hz max = 0.04352775172632169
hz min = 0.027374467454112327
lambdaF max = 1.1769060698125073
lambdaF min = 0.01225494967187982
lambdaB max = 1.1868343766880913
lambdaB min = 0.01225494967187982
----------------------------------
----------------------------------
Iteration = 9
Distance = 0.08537593708599012
v max = -0.4495394807375846
v min = -5.807222147371735
d max = 0.07672413793103448
d min = 0.07672413793103448
dF max = 0.07672413793103448
dB max = 0.07672413793103448
hk max = 0.010331966455186503
hk min = 0.010331966455186503
hz max = 0.044091092145507035
hz min = 0.0275282446944317
lambdaF max = 1.1928004172373066
lambdaF min = 0.01225494967187982
lambdaB max = 1.2028628078455421
lambdaB min = 0.01225494967187982
----------------------------------
----------------------------------
Iteration = 10
Distance = 0.06692570542562937
v max = -0.48954729741950875
v min = -5.874147852797364
d max = 0.07672413793103448
d min = 0.07672413793103448
dF max = 0.07672413793103448
dB max = 0.07672413793103448
hk max = 0.010331966455186503
hk min = 0.010331966455186503
hz max = 0.04444295788313406
hz min = 0.02763134725571763
lambdaF max = 1.202329215483295
lambdaF min = 0.01225494967187982
lambdaB max = 1.212471990444682
lambdaB min = 0.01225494967187982
----------------------------------
----------------------------------
Iteration = 11
Distance = 0.053141385196292745
v max = -0.525797742529022
v min = -5.927289237993657
d max = 0.07672413793103448
d min = 0.07672413793103448
dF max = 0.07672413793103448
dB max = 0.07672413793103448
hk max = 0.010331966455186503
hk min = 0.010331966455186503
hz max = 0.044662791805553874
hz min = 0.02770148892890391
lambdaF max = 1.2080257178019038
lambdaF min = 0.01225494967187982
lambdaB max = 1.2182165481048233
lambdaB min = 0.01225494967187982
----------------------------------
----------------------------------
Iteration = 12
Distance = 0.042643721111389254
v max = -0.5579071039759339
v min = -5.969932959105046
d max = 0.07672413793103448
d min = 0.07672413793103448
dF max = 0.07672413793103448
dB max = 0.07672413793103448
hk max = 0.010331966455186503
hk min = 0.010331966455186503
hz max = 0.04480016236280208
hz min = 0.027748347762191095
lambdaF max = 1.2115521013553718
lambdaF min = 0.01225494967187982
lambdaB max = 1.221772680012028
lambdaB min = 0.01225494967187982
----------------------------------
----------------------------------
Iteration = 13
Distance = 0.034512071318175686
v max = -0.5858655260771244
v min = -6.004445030423222
d max = 0.07672413793103448
d min = 0.07672413793103448
dF max = 0.07672413793103448
dB max = 0.07672413793103448
hk max = 0.010331966455186503
hk min = 0.010331966455186503
hz max = 0.04488601429017694
hz min = 0.027778727858382535
lambdaF max = 1.2138430127530673
lambdaF min = 0.01225494967187982
lambdaB max = 1.2240829173967032
lambdaB min = 0.01225494967187982
----------------------------------
----------------------------------
Iteration = 14
Distance = 0.02812024993069162
v max = -0.6098997933990036
v min = -6.032565280353913
d max = 0.07672413793103448
d min = 0.07672413793103448
dF max = 0.07672413793103448
dB max = 0.07672413793103448
hk max = 0.010331966455186503
hk min = 0.010331966455186503
hz max = 0.044939673003004096
hz min = 0.02779776666145422
lambdaF max = 1.2153645414869925
lambdaF min = 0.01225494967187982
lambdaB max = 1.2256172816530013
lambdaB min = 0.01225494967187982
----------------------------------
----------------------------------
Iteration = 15
Distance = 0.023033815256955137
v max = -0.6303727395143258
v min = -6.0555990956108685
d max = 0.07672413793103448
d min = 0.07672413793103448
dF max = 0.07672413793103448
dB max = 0.07672413793103448
hk max = 0.010331966455186503
hk min = 0.010331966455186503
hz max = 0.04497321152005303
hz min = 0.027809353010965713
lambdaF max = 1.2163535098013545
lambdaF min = 0.01225494967187982
lambdaB max = 1.226614592842948
lambdaB min = 0.01225494967187982
----------------------------------
----------------------------------
Iteration = 16
Distance = 0.018945065470667544
v max = -0.6477061925508555
v min = -6.074544161081536
d max = 0.07672413793103448
d min = 0.07672413793103448
dF max = 0.07672413793103448
dB max = 0.07672413793103448
hk max = 0.010331966455186503
hk min = 0.010331966455186503
hz max = 0.044994174388163125
hz min = 0.027816342408637968
lambdaF max = 1.216962750157716
lambdaF min = 0.01225494967187982
lambdaB max = 1.2272289727133066
lambdaB min = 0.01225494967187982
----------------------------------
----------------------------------
Iteration = 17
Distance = 0.01563144481422185
v max = -0.6623242525389722
v min = -6.090175605895758
d max = 0.07672413793103448
d min = 0.07672413793103448
dF max = 0.07672413793103448
dB max = 0.07672413793103448
hk max = 0.010331966455186503
hk min = 0.010331966455186503
hz max = 0.04500727720673454
hz min = 0.027820657941640414
lambdaF max = 1.2173174781688993
lambdaF min = 0.01225494967187982
lambdaB max = 1.2275866931880715
lambdaB min = 0.01225494967187982
----------------------------------
----------------------------------
Iteration = 18
Distance = 0.012928622247547317
v max = -0.6746193061009658
v min = -6.103104228143305
d max = 0.07672413793103448
d min = 0.07672413793103448
dF max = 0.07672413793103448
dB max = 0.07672413793103448
hk max = 0.010331966455186503
hk min = 0.010331966455186503
hz max = 0.045015467501012374
hz min = 0.02782342998762875
lambdaF max = 1.2175204300214975
lambdaF min = 0.01225494967187982
lambdaB max = 1.2277913571299561
lambdaB min = 0.01225494967187982
----------------------------------
----------------------------------
Iteration = 19
Distance = 0.010712848920386264
v max = -0.6849387268372118
v min = -6.1138170770636915
d max = 0.07672413793103448
d min = 0.07672413793103448
dF max = 0.07672413793103448
dB max = 0.07672413793103448
hk max = 0.010331966455186503
hk min = 0.010331966455186503
hz max = 0.04502058745604383
hz min = 0.027825247959334103
lambdaF max = 1.2176432475574588
lambdaF min = 0.01225494967187982
lambdaB max = 1.2279152107470608
lambdaB min = 0.01225494967187982
----------------------------------
----------------------------------
Iteration = 20
Distance = 0.008889237800554284
v max = -0.6935843211719548
v min = -6.122706314864246
d max = 0.07672413793103448
d min = 0.07672413793103448
dF max = 0.07672413793103448
dB max = 0.07672413793103448
hk max = 0.010331966455186503
hk min = 0.010331966455186503
hz max = 0.04502378827515065
hz min = 0.027826422533097365
lambdaF max = 1.2177254792571055
lambdaF min = 0.01225494967187982
lambdaB max = 1.2279981361482444
lambdaB min = 0.01225494967187982
----------------------------------
----------------------------------
Iteration = 21
Distance = 0.007383858640883645
v max = -0.7008166264550336
v min = -6.130090173505129
d max = 0.07672413793103448
d min = 0.07672413793103448
dF max = 0.07672413793103448
dB max = 0.07672413793103448
hk max = 0.010331966455186503
hk min = 0.010331966455186503
hz max = 0.04502578935202624
hz min = 0.027827151143937474
lambdaF max = 1.2177837163840572
lambdaF min = 0.01225494967187982
lambdaB max = 1.22805686456
lambdaB min = 0.01225494967187982
----------------------------------
----------------------------------
Iteration = 22
Distance = 0.006138314369553477
v max = -0.7068597446000842
v min = -6.136228487874683
d max = 0.07672413793103448
d min = 0.07672413793103448
dF max = 0.07672413793103448
dB max = 0.07672413793103448
hk max = 0.010331966455186503
hk min = 0.010331966455186503
hz max = 0.04502704032336631
hz min = 0.027827583805679075
lambdaF max = 1.2178236294872686
lambdaF min = 0.01225494967187982
lambdaB max = 1.2280971143676838
lambdaB min = 0.01225494967187982
----------------------------------
----------------------------------
Iteration = 23
Distance = 0.005105948030120544
v max = -0.7119053993217553
v min = -6.141334435904803
d max = 0.07672413793103448
d min = 0.07672413793103448
dF max = 0.07672413793103448
dB max = 0.07672413793103448
hk max = 0.010331966455186503
hk min = 0.010331966455186503
hz max = 0.045027822307627516
hz min = 0.027827836559882628
lambdaF max = 1.2178484385178476
lambdaF min = 0.01225494967187982
lambdaB max = 1.2281221326857112
lambdaB min = 0.01225494967187982
----------------------------------
----------------------------------
Iteration = 24
Distance = 0.004249134521747244
v max = -0.7161163618298764
v min = -6.145583570426551
d max = 0.07672413793103448
d min = 0.07672413793103448
dF max = 0.07672413793103448
dB max = 0.07672413793103448
hk max = 0.010331966455186503
hk min = 0.010331966455186503
hz max = 0.045028311104114635
hz min = 0.027827989888968948
lambdaF max = 1.2178621209883516
lambdaF min = 0.01225494967187982
lambdaB max = 1.228135930580691
lambdaB min = 0.01225494967187982
----------------------------------
----------------------------------
Iteration = 25
Distance = 0.0035373053927871823
v max = -0.7196297537576147
v min = -6.149120875819338
d max = 0.07672413793103448
d min = 0.07672413793103448
dF max = 0.07672413793103448
dB max = 0.07672413793103448
hk max = 0.010331966455186503
hk min = 0.010331966455186503
hz max = 0.045028616646968236
hz min = 0.02782809026158063
lambdaF max = 1.2178690946921145
lambdaF min = 0.01225494967187982
lambdaB max = 1.2281429631141878
lambdaB min = 0.01225494967187982
----------------------------------
----------------------------------
Iteration = 26
Distance = 0.0029454784226787822
v max = -0.7225604695892301
v min = -6.152066354242017
d max = 0.07672413793103448
d min = 0.07672413793103448
dF max = 0.07672413793103448
dB max = 0.07672413793103448
hk max = 0.010331966455186503
hk min = 0.010331966455186503
hz max = 0.045028807660631096
hz min = 0.027828159298207818
lambdaF max = 1.2178729121402152
lambdaF min = 0.01225494967187982
lambdaB max = 1.2281468127660449
lambdaB min = 0.01225494967187982
----------------------------------
----------------------------------
Iteration = 27
Distance = 0.0024531421565896494
v max = -0.7250045754672251
v min = -6.154519496398606
d max = 0.07672413793103448
d min = 0.07672413793103448
dF max = 0.07672413793103448
dB max = 0.07672413793103448
hk max = 0.010331966455186503
hk min = 0.010331966455186503
hz max = 0.045028927090060546
hz min = 0.02782820588313514
lambdaF max = 1.2178755721264931
lambdaF min = 0.01225494967187982
lambdaB max = 1.2281494951918024
lambdaB min = 0.01225494967187982
----------------------------------
----------------------------------
Iteration = 28
Distance = 0.002043395371432055
v max = -0.7270424051760712
v min = -6.156562891770038
d max = 0.07672413793103448
d min = 0.07672413793103448
dF max = 0.07672413793103448
dB max = 0.07672413793103448
hk max = 0.010331966455186503
hk min = 0.010331966455186503
hz max = 0.045029001765774006
hz min = 0.02782823505717716
lambdaF max = 1.2178777433689416
lambdaF min = 0.01225494967187982
lambdaB max = 1.2281516847507181
lambdaB min = 0.01225494967187982
----------------------------------
----------------------------------
Iteration = 29
Distance = 0.0017022733419231884
v max = -0.7287411811013398
v min = -6.1582651651119615
d max = 0.07672413793103448
d min = 0.07672413793103448
dF max = 0.07672413793103448
dB max = 0.07672413793103448
hk max = 0.010331966455186503
hk min = 0.010331966455186503
hz max = 0.04502904845447251
hz min = 0.027828251690442604
lambdaF max = 1.2178794281320313
lambdaF min = 0.01225494967187982
lambdaB max = 1.2281533837263652
lambdaB min = 0.01225494967187982
----------------------------------
----------------------------------
Iteration = 30
Distance = 0.0014182135583915567
v max = -0.7301571513974833
v min = -6.159683378670353
d max = 0.07672413793103448
d min = 0.07672413793103448
dF max = 0.07672413793103448
dB max = 0.07672413793103448
hk max = 0.010331966455186503
hk min = 0.010331966455186503
hz max = 0.045029077640020586
hz min = 0.027828260610838425
lambdaF max = 1.2178805323622486
lambdaF min = 0.01225494967187982
lambdaB max = 1.2281544972718001
lambdaB min = 0.01225494967187982
----------------------------------
----------------------------------
Iteration = 31
Distance = 0.0011816274012552697
v max = -0.7313373336750661
v min = -6.160865006071608
d max = 0.07672413793103448
d min = 0.07672413793103448
dF max = 0.07672413793103448
dB max = 0.07672413793103448
hk max = 0.010331966455186503
hk min = 0.010331966455186503
hz max = 0.045029095881402324
hz min = 0.02782826562832974
lambdaF max = 1.2178811111290113
lambdaF min = 0.01225494967187982
lambdaB max = 1.2281550809210038
lambdaB min = 0.01225494967187982
----------------------------------
----------------------------------
Iteration = 32
Distance = 0.0009845536871342375
v max = -0.7323209727346917
v min = -6.161849559758743
d max = 0.07672413793103448
d min = 0.07672413793103448
dF max = 0.07672413793103448
dB max = 0.07672413793103448
hk max = 0.010331966455186503
hk min = 0.010331966455186503
hz max = 0.04502910728251333
hz min = 0.027828268976322502
lambdaF max = 1.2178813476672585
lambdaF min = 0.01225494967187982
lambdaB max = 1.228155319454673
lambdaB min = 0.01225494967187982
----------------------------------
----------------------------------
Iteration = 33
Distance = 0.0008203764671304015
v max = -0.733140787890213
v min = -6.162669936225873
d max = 0.07672413793103448
d min = 0.07672413793103448
dF max = 0.07672413793103448
dB max = 0.07672413793103448
hk max = 0.010331966455186503
hk min = 0.010331966455186503
hz max = 0.04502911440969196
hz min = 0.027828271530381244
lambdaF max = 1.2178814360750683
lambdaF min = 0.01225494967187982
lambdaB max = 1.2281554086082855
lambdaB min = 0.01225494967187982
----------------------------------
----------------------------------
Iteration = 34
Distance = 0.0006835939298523996
v max = -0.7338240457687466
v min = -6.163353530155725
d max = 0.07672413793103448
d min = 0.07672413793103448
dF max = 0.07672413793103448
dB max = 0.07672413793103448
hk max = 0.010331966455186503
hk min = 0.010331966455186503
hz max = 0.04502911886631128
hz min = 0.027828273441217872
lambdaF max = 1.217881497877193
lambdaF min = 0.01225494967187982
lambdaB max = 1.2281554709317692
lambdaB min = 0.01225494967187982
----------------------------------
----------------------------------
Iteration = 35
Distance = 0.0005696283884377706
v max = -0.7343934724589233
v min = -6.163923158544163
d max = 0.07672413793103448
d min = 0.07672413793103448
dF max = 0.07672413793103448
dB max = 0.07672413793103448
hk max = 0.010331966455186503
hk min = 0.010331966455186503
hz max = 0.04502912165349604
hz min = 0.027828274697535
lambdaF max = 1.217881570967926
lambdaF min = 0.01225494967187982
lambdaB max = 1.2281555446390913
lambdaB min = 0.01225494967187982
----------------------------------
----------------------------------
Iteration = 36
Distance = 0.00047466956145214567
v max = -0.7348680163583361
v min = -6.164397828105615
d max = 0.07672413793103448
d min = 0.07672413793103448
dF max = 0.07672413793103448
dB max = 0.07672413793103448
hk max = 0.010331966455186503
hk min = 0.010331966455186503
hz max = 0.0450291233964389
hz min = 0.02782827538758818
lambdaF max = 1.21788164460874
lambdaF min = 0.01225494967187982
lambdaB max = 1.2281556189011342
lambdaB min = 0.01225494967187982
----------------------------------
----------------------------------
Iteration = 37
Distance = 0.000395544996502295
v max = -0.7352634791516779
v min = -6.164793373102118
d max = 0.07672413793103448
d min = 0.07672413793103448
dF max = 0.07672413793103448
dB max = 0.07672413793103448
hk max = 0.010331966455186503
hk min = 0.010331966455186503
hz max = 0.04502912448601154
hz min = 0.027828275703096463
lambdaF max = 1.217881699318968
lambdaF min = 0.01225494967187982
lambdaB max = 1.2281556740728947
lambdaB min = 0.01225494967187982
----------------------------------
----------------------------------
Iteration = 38
Distance = 0.0003296127260945525
v max = -0.7355930369886503
v min = -6.165122985828212
d max = 0.07672413793103448
d min = 0.07672413793103448
dF max = 0.07672413793103448
dB max = 0.07672413793103448
hk max = 0.010331966455186503
hk min = 0.010331966455186503
hz max = 0.04502912516688652
hz min = 0.027828275841504067
lambdaF max = 1.2178817279325238
lambdaF min = 0.01225494967187982
lambdaB max = 1.2281557029278325
lambdaB min = 0.01225494967187982
----------------------------------
----------------------------------
Iteration = 39
Distance = 0.0002746722055571027
v max = -0.7358676734712737
v min = -6.165397658033769
d max = 0.07672413793103448
d min = 0.07672413793103448
dF max = 0.07672413793103448
dB max = 0.07672413793103448
hk max = 0.010331966455186503
hk min = 0.010331966455186503
hz max = 0.04502912559231484
hz min = 0.027828275930634788
lambdaF max = 1.217881736619769
lambdaF min = 0.01225494967187982
lambdaB max = 1.2281557116883628
lambdaB min = 0.01225494967187982
----------------------------------
----------------------------------
Iteration = 40
Distance = 0.0002288903353901972
v max = -0.73609654188243
v min = -6.1656265483691595
d max = 0.07672413793103448
d min = 0.07672413793103448
dF max = 0.07672413793103448
dB max = 0.07672413793103448
hk max = 0.010331966455186503
hk min = 0.010331966455186503
hz max = 0.04502912585820954
hz min = 0.027828276016978695
lambdaF max = 1.2178817364373578
lambdaF min = 0.01225494967187982
lambdaB max = 1.2281557115044128
lambdaB min = 0.01225494967187982
----------------------------------
----------------------------------
Iteration = 41
Distance = 0.00019073996283758277
v max = -0.7362872691829799
v min = -6.165817288331997
d max = 0.07672413793103448
d min = 0.07672413793103448
dF max = 0.07672413793103448
dB max = 0.07672413793103448
hk max = 0.010331966455186503
hk min = 0.010331966455186503
hz max = 0.045029126024485014
hz min = 0.02782827609733507
lambdaF max = 1.2178817356768725
lambdaF min = 0.01225494967187982
lambdaB max = 1.2281557107375123
lambdaB min = 0.01225494967187982
----------------------------------
----------------------------------
Iteration = 42
Distance = 0.00015894872827093565
v max = -0.7364462107407425
v min = -6.165976237060268
d max = 0.07672413793103448
d min = 0.07672413793103448
dF max = 0.07672413793103448
dB max = 0.07672413793103448
hk max = 0.010331966455186503
hk min = 0.010331966455186503
hz max = 0.0450291261285108
hz min = 0.027828276156665326
lambdaF max = 1.2178817373111306
lambdaF min = 0.01225494967187982
lambdaB max = 1.2281557123855567
lambdaB min = 0.01225494967187982
----------------------------------
----------------------------------
Iteration = 43
Distance = 0.00013245649810222915
v max = -0.7365786629275523
v min = -6.16610869355837
d max = 0.07672413793103448
d min = 0.07672413793103448
dF max = 0.07672413793103448
dB max = 0.07672413793103448
hk max = 0.010331966455186503
hk min = 0.010331966455186503
hz max = 0.04502912619358719
hz min = 0.027828276189304557
lambdaF max = 1.2178817405439584
lambdaF min = 0.01225494967187982
lambdaB max = 1.2281557156456562
lambdaB min = 0.01225494967187982
----------------------------------
----------------------------------
Iteration = 44
Distance = 0.00011037993087548159
v max = -0.7366890399601924
v min = -6.166219073489246
d max = 0.07672413793103448
d min = 0.07672413793103448
dF max = 0.07672413793103448
dB max = 0.07672413793103448
hk max = 0.010331966455186503
hk min = 0.010331966455186503
hz max = 0.04502912623428405
hz min = 0.02782827620133129
lambdaF max = 1.2178817435459257
lambdaF min = 0.01225494967187982
lambdaB max = 1.228155718672948
lambdaB min = 0.01225494967187982
----------------------------------
----------------------------------
Iteration = 45
Distance = 9.198297345047735e-5
v max = -0.7367810208565914
v min = -6.166311056462696
d max = 0.07672413793103448
d min = 0.07672413793103448
dF max = 0.07672413793103448
dB max = 0.07672413793103448
hk max = 0.010331966455186503
hk min = 0.010331966455186503
hz max = 0.045029126259701506
hz min = 0.027828276203430945
lambdaF max = 1.2178817452460542
lambdaF min = 0.01225494967187982
lambdaB max = 1.2281557203874187
lambdaB min = 0.01225494967187982
----------------------------------
----------------------------------
Iteration = 46
Distance = 7.665228900588517e-5
v max = -0.7368576717054447
v min = -6.166387708751702
d max = 0.07672413793103448
d min = 0.07672413793103448
dF max = 0.07672413793103448
dB max = 0.07672413793103448
hk max = 0.010331966455186503
hk min = 0.010331966455186503
hz max = 0.045029126275580235
hz min = 0.027828276203877858
lambdaF max = 1.2178817456793125
lambdaF min = 0.01225494967187982
lambdaB max = 1.228155720824332
lambdaB min = 0.01225494967187982
----------------------------------
----------------------------------
Iteration = 47
Distance = 6.387678930597218e-5
v max = -0.7369215475939318
v min = -6.166451585541008
d max = 0.07672413793103448
d min = 0.07672413793103448
dF max = 0.07672413793103448
dB max = 0.07672413793103448
hk max = 0.010331966455186503
hk min = 0.010331966455186503
hz max = 0.04502912628549325
hz min = 0.02782827620597608
lambdaF max = 1.2178817454675313
lambdaF min = 0.01225494967187982
lambdaB max = 1.2281557206107643
lambdaB min = 0.01225494967187982
----------------------------------
----------------------------------
Iteration = 48
Distance = 5.323058372486145e-5
v max = -0.7369747776819627
v min = -6.166504816124733
d max = 0.07672413793103448
d min = 0.07672413793103448
dF max = 0.07672413793103448
dB max = 0.07672413793103448
hk max = 0.010331966455186503
hk min = 0.010331966455186503
hz max = 0.04502912629169548
hz min = 0.02782827620934184
lambdaF max = 1.2178817452022654
lambdaF min = 0.01225494967187982
lambdaB max = 1.2281557203432607
lambdaB min = 0.01225494967187982
----------------------------------
----------------------------------
Iteration = 49
Distance = 4.435877339847849e-5
v max = -0.7370191362065026
v min = -6.166549174898131
d max = 0.07672413793103448
d min = 0.07672413793103448
dF max = 0.07672413793103448
dB max = 0.07672413793103448
hk max = 0.010331966455186503
hk min = 0.010331966455186503
hz max = 0.04502912629557848
hz min = 0.027828276212424875
lambdaF max = 1.217881745148374
lambdaF min = 0.01225494967187982
lambdaB max = 1.2281557202889146
lambdaB min = 0.01225494967187982
----------------------------------
----------------------------------
Iteration = 50
Distance = 3.6965615509920724e-5
v max = -0.7370561016890611
v min = -6.166586140513641
d max = 0.07672413793103448
d min = 0.07672413793103448
dF max = 0.07672413793103448
dB max = 0.07672413793103448
hk max = 0.010331966455186503
hk min = 0.010331966455186503
hz max = 0.045029126298012534
hz min = 0.027828276214249267
lambdaF max = 1.2178817452791144
lambdaF min = 0.01225494967187982
lambdaB max = 1.228155720420758
lambdaB min = 0.01225494967187982
----------------------------------
----------------------------------
Iteration = 51
Distance = 3.0804661498962105e-5
v max = -0.7370869062585682
v min = -6.16661694517514
d max = 0.07672413793103448
d min = 0.07672413793103448
dF max = 0.07672413793103448
dB max = 0.07672413793103448
hk max = 0.010331966455186503
hk min = 0.010331966455186503
hz max = 0.045029126299525775
hz min = 0.027828276214827637
lambdaF max = 1.2178817454552704
lambdaF min = 0.01225494967187982
lambdaB max = 1.2281557205984
lambdaB min = 0.01225494967187982
----------------------------------
----------------------------------
Iteration = 52
Distance = 2.5670539982591833e-5
v max = -0.7371125767221796
v min = -6.166642615715123
d max = 0.07672413793103448
d min = 0.07672413793103448
dF max = 0.07672413793103448
dB max = 0.07672413793103448
hk max = 0.010331966455186503
hk min = 0.010331966455186503
hz max = 0.04502912630047873
hz min = 0.02782827621473177
lambdaF max = 1.2178817455717172
lambdaF min = 0.01225494967187982
lambdaB max = 1.2281557207158291
lambdaB min = 0.01225494967187982
----------------------------------
----------------------------------
Iteration = 53
Distance = 2.1392109619711164e-5
v max = -0.7371339687713278
v min = -6.1666640078247426
d max = 0.07672413793103448
d min = 0.07672413793103448
dF max = 0.07672413793103448
dB max = 0.07672413793103448
hk max = 0.010331966455186503
hk min = 0.010331966455186503
hz max = 0.04502912630107117
hz min = 0.0278282762145297
lambdaF max = 1.217881745604934
lambdaF min = 0.01225494967187982
lambdaB max = 1.228155720749326
lambdaB min = 0.01225494967187982
----------------------------------
----------------------------------
Iteration = 54
Distance = 1.7826753614613722e-5
v max = -0.7371517954847151
v min = -6.166681834578357
d max = 0.07672413793103448
d min = 0.07672413793103448
dF max = 0.07672413793103448
dB max = 0.07672413793103448
hk max = 0.010331966455186503
hk min = 0.010331966455186503
hz max = 0.04502912630144087
hz min = 0.027828276214494393
lambdaF max = 1.217881745586918
lambdaF min = 0.01225494967187982
lambdaB max = 1.2281557207311582
lambdaB min = 0.01225494967187982
----------------------------------
----------------------------------
Iteration = 55
Distance = 1.4855625256160465e-5
v max = -0.7371666510887369
v min = -6.166696690203613
d max = 0.07672413793103448
d min = 0.07672413793103448
dF max = 0.07672413793103448
dB max = 0.07672413793103448
hk max = 0.010331966455186503
hk min = 0.010331966455186503
hz max = 0.0450291263016705
hz min = 0.027828276214622985
lambdaF max = 1.217881745559738
lambdaF min = 0.01225494967187982
lambdaB max = 1.2281557207037486
lambdaB min = 0.01225494967187982
----------------------------------
----------------------------------
Iteration = 56
Distance = 1.2379685968788579e-5
v max = -0.7371790307661357
v min = -6.166709069889582
d max = 0.07672413793103448
d min = 0.07672413793103448
dF max = 0.07672413793103448
dB max = 0.07672413793103448
hk max = 0.010331966455186503
hk min = 0.010331966455186503
hz max = 0.04502912630181516
hz min = 0.027828276214794917
lambdaF max = 1.2178817455470077
lambdaF min = 0.01225494967187982
lambdaB max = 1.228155720690911
lambdaB min = 0.01225494967187982
----------------------------------
----------------------------------
Iteration = 57
Distance = 1.0316403891152959e-5
v max = -0.7371893471670161
v min = -6.166719386293473
d max = 0.07672413793103448
d min = 0.07672413793103448
dF max = 0.07672413793103448
dB max = 0.07672413793103448
hk max = 0.010331966455186503
hk min = 0.010331966455186503
hz max = 0.045029126301907016
hz min = 0.02782827621491289
lambdaF max = 1.2178817455505109
lambdaF min = 0.01225494967187982
lambdaB max = 1.228155720694444
lambdaB min = 0.01225494967187982
----------------------------------
----------------------------------
Iteration = 58
Distance = 8.597002567611867e-6
v max = -0.7371979441675649
v min = -6.166727983296041
d max = 0.07672413793103448
d min = 0.07672413793103448
dF max = 0.07672413793103448
dB max = 0.07672413793103448
hk max = 0.010331966455186503
hk min = 0.010331966455186503
hz max = 0.04502912630196442
hz min = 0.02782827621495221
lambdaF max = 1.2178817455609887
lambdaF min = 0.01225494967187982
lambdaB max = 1.2281557207050102
lambdaB min = 0.01225494967187982
----------------------------------
    Value Function Converged, Iteration = 58 with gamma=12.0 with rho=1.0 and v=-3.0707697569564156
    Reflective boundary condition
=============================================================
Convegence time (minutes): 0.10715249561666668
Current Time = 22:17:57
grid points for z:  401
grid size for z:  0.025
-0.1871196428893619
-0.3774566245124277
--- 8.245695352554321 seconds for the elasticity computation ---
-0.08230254914188134
-0.2515617938519037
--- 0.06371140480041504 seconds for the elasticity computation ---
-0.02123503806596347
-0.12589483066052398
--- 0.06315851211547852 seconds for the elasticity computation ---
-0.2668793563865028
-0.38489564036016194
--- 0.06267189979553223 seconds for the elasticity computation ---
Current Time = 22:18:08
grid points for z:  401
grid size for z:  0.025
rho = 1
0.05975971349714089
--- 8.178439140319824 seconds for the elasticity computation ---
0.0
--- 0.0669240951538086 seconds for the elasticity computation ---
0.05975971349714089
--- 0.0662834644317627 seconds for the elasticity computation ---
0.0
--- 0.06623506546020508 seconds for the elasticity computation ---
0.0
--- 0.06604218482971191 seconds for the elasticity computation ---
0.05975971349714089
0.007439015847734282
--- 0.06866121292114258 seconds for the elasticity computation ---
0.05975971349714089
0.007439015847734282
--- 0.0672602653503418 seconds for the elasticity computation ---
0.05975971349714089
0.007439015847734282
--- 0.06661725044250488 seconds for the elasticity computation ---
0.05975971349714089
0.007439015847734282
--- 0.06709718704223633 seconds for the elasticity computation ---
parsed_args = parse_commandline() = Dict{String, Any}("dataname" => "upper_triangular_four_ambiguous_parameters", "clowerlim" => 0.0001, "delta" => 0.02, "boundary" => 1, "Delta" => 10.0, "q" => 0.05, "zmax" => 5.0, "logadjustment" => 1, "zscale" => 2.0, "foc" => 1, "distorted" => 0, "rho" => 1.0, "gamma" => 12.0)
=============================================================
./output/upper_triangular_four_ambiguous_parameters/Delta_10.0_distorted_0/logadjustment_1_boundary_1/zmax_5.0_zscale_2.0/delta_0.02/q_0.05_gamma_12.0_rho_1.0/
=============================================================
solve for structured linear system 
structured_relative_entropy = 0.05064751064989399
=============================================================
solve for unstructured linear system 
q_update = 0.504206958003509
=============================================================
parsed_args = parse_commandline() = Dict{String, Any}("dataname" => "upper_triangular_four_ambiguous_parameters", "clowerlim" => 0.0001, "delta" => 0.02, "boundary" => 1, "Delta" => 10.0, "q" => 0.05, "zmax" => 5.0, "logadjustment" => 1, "zscale" => 2.0, "foc" => 1, "distorted" => 0, "rho" => 1.0, "gamma" => 12.0)
=============================================================
./output/upper_triangular_four_ambiguous_parameters/Delta_10.0_distorted_0/logadjustment_1_boundary_1/zmax_5.0_zscale_2.0/delta_0.02/q_0.05_gamma_12.0_rho_1.0/
=============================================================
solve for structured linear system 
structured_relative_entropy = 0.05064751064989398
=============================================================
solve for unstructured linear system 
q_update = 0.504206958003509
=============================================================
Program ends Fri Jan 19 22:18:48 CST 2024
Elapsed time: 0 days 00 hr 01 min 19 sec
