D_10.0_distorted_0_boundary_0_delta_0.015_gamma_1.0_q_0.1_rho_1.0_lower_triangular_two_ambiguous_parameters
Program starts Fri Jan 19 22:23:10 CST 2024
parsed_args = parse_commandline() = Dict{String, Any}("dataname" => "lower_triangular_two_ambiguous_parameters", "clowerlim" => 0.0001, "delta" => 0.015, "boundary" => 0, "Delta" => 10.0, "q" => 0.1, "zmax" => 5.0, "logadjustment" => 1, "zscale" => 2.0, "foc" => 1, "distorted" => 0, "rho" => 1.0, "gamma" => 1.0)
=============================================================
logadjustment: true
reflective_boundary: false
0.1002
sigma_k: [0.011287880226154068, 0.0]
sigma_z: [0.026030751045638307, 0.05916079783099616]
Compute value function WITH ROBUSTNESS
computing undistorted version...
zmax = 5.0, zmin = -5.0, zlength = 401
natural boundary condition
----------------------------------
Iteration = 1
Distance = 1.2262061039385737
v max = -0.8870248173888597
v min = -3.2262061039385737
d max = 0.07607142857142857
d min = 0.07607142857142857
dF max = 0.07607142857142857
dB max = 0.07607142857142857
hk max = 0.011287880226154068
hk min = 0.011287880226154068
hz max = 0.0
hz min = 0.0
lambdaF max = Inf
lambdaF min = 0.004177590819662044
lambdaB max = Inf
lambdaB min = 0.004177590819662044
----------------------------------
----------------------------------
Iteration = 2
Distance = 1.0341069277894253
v max = -0.7311153491248747
v min = -4.260313031727999
d max = 0.07607142857142857
d min = 0.07607142857142857
dF max = 0.07607142857142857
dB max = 0.07607142857142857
hk max = 0.017376944798234765
hk min = 0.01737694479823199
hz max = 0.01383878311836522
hz min = 0.013838783118358917
lambdaF max = Inf
lambdaF min = 0.004177590819662044
lambdaB max = Inf
lambdaB min = 0.004177590819662044
----------------------------------
----------------------------------
Iteration = 3
Distance = 0.7301628499310375
v max = -0.6706229627574501
v min = -4.990475881659036
d max = 0.07607142857142857
d min = 0.07607142857142857
dF max = 0.07607142857142857
dB max = 0.07607142857142857
hk max = 0.022504078315654902
hk min = 0.018445215389990638
hz max = 0.02549135929432008
hz min = 0.016266670826901298
lambdaF max = Inf
lambdaF min = 0.004177590819662044
lambdaB max = Inf
lambdaB min = 0.004177590819662044
----------------------------------
----------------------------------
Iteration = 4
Distance = 0.5214741445596962
v max = -0.6703527778043685
v min = -5.511950026218733
d max = 0.07607142857142857
d min = 0.07607142857142857
dF max = 0.07607142857142857
dB max = 0.07607142857142857
hk max = 0.02608148309603192
hk min = 0.018985562132082575
hz max = 0.033621824704267854
hz min = 0.01749473160438297
lambdaF max = Inf
lambdaF min = 0.004177590819662044
lambdaB max = Inf
lambdaB min = 0.004177590819662044
----------------------------------
----------------------------------
Iteration = 5
Distance = 0.37951803359355907
v max = -0.6904186516674921
v min = -5.891468059812292
d max = 0.07607142857142857
d min = 0.07607142857142857
dF max = 0.07607142857142857
dB max = 0.07607142857142857
hk max = 0.02860005017795371
hk min = 0.019191104607474314
hz max = 0.039345840799544646
hz min = 0.01796187359390966
lambdaF max = Inf
lambdaF min = 0.004177590819662044
lambdaB max = Inf
lambdaB min = 0.004177590819662044
----------------------------------
----------------------------------
Iteration = 6
Distance = 0.27875172195732034
v max = -0.7176326948392145
v min = -6.170219781769612
d max = 0.07607142857142857
d min = 0.07607142857142857
dF max = 0.07607142857142857
dB max = 0.07607142857142857
hk max = 0.030402810884142713
hk min = 0.019280180791720787
hz max = 0.04344302422270147
hz min = 0.018164319467197095
lambdaF max = Inf
lambdaF min = 0.004177590819662044
lambdaB max = Inf
lambdaB min = 0.004177590819662044
----------------------------------
----------------------------------
Iteration = 7
Distance = 0.20608671325985117
v max = -0.7467486064246767
v min = -6.376306495029463
d max = 0.07607142857142857
d min = 0.07607142857142857
dF max = 0.07607142857142857
dB max = 0.07607142857142857
hk max = 0.03170049335928483
hk min = 0.019326145565886264
hz max = 0.046392302575297195
hz min = 0.018268784863027725
lambdaF max = Inf
lambdaF min = 0.004177590819662044
lambdaB max = Inf
lambdaB min = 0.004177590819662044
----------------------------------
----------------------------------
Iteration = 8
Distance = 0.1532986498358362
v max = -0.7752845583201433
v min = -6.529605144865299
d max = 0.07607142857142857
d min = 0.07607142857142857
dF max = 0.07607142857142857
dB max = 0.07607142857142857
hk max = 0.03263636386672314
hk min = 0.019352904221681403
hz max = 0.048519281001293345
hz min = 0.018329599989834855
lambdaF max = Inf
lambdaF min = 0.004177590819662044
lambdaB max = Inf
lambdaB min = 0.004177590819662044
----------------------------------
----------------------------------
Iteration = 9
Distance = 0.1147674679575017
v max = -0.8020088642896005
v min = -6.644372612822801
d max = 0.07607142857142857
d min = 0.07607142857142857
dF max = 0.07607142857142857
dB max = 0.07607142857142857
hk max = 0.03331149603255339
hk min = 0.01936850346437979
hz max = 0.050053672287271186
hz min = 0.018365052814149373
lambdaF max = Inf
lambdaF min = 0.004177590819662044
lambdaB max = Inf
lambdaB min = 0.004177590819662044
----------------------------------
----------------------------------
Iteration = 10
Distance = 0.08653081527610595
v max = -0.8264441052751672
v min = -6.730903428098907
d max = 0.07607142857142857
d min = 0.07607142857142857
dF max = 0.07607142857142857
dB max = 0.07607142857142857
hk max = 0.0337982387642486
hk min = 0.019377953744243923
hz max = 0.051159905768396685
hz min = 0.018386530722931494
lambdaF max = Inf
lambdaF min = 0.004177590819662044
lambdaB max = Inf
lambdaB min = 0.004177590819662044
----------------------------------
----------------------------------
Iteration = 11
Distance = 0.06575599635868823
v max = -0.8484624648097305
v min = -6.796659424457595
d max = 0.07607142857142857
d min = 0.07607142857142857
dF max = 0.07607142857142857
dB max = 0.07607142857142857
hk max = 0.03414874017999639
hk min = 0.019384052835665813
hz max = 0.05195649989509618
hz min = 0.01840039229434488
lambdaF max = Inf
lambdaF min = 0.004177590819662044
lambdaB max = Inf
lambdaB min = 0.004177590819662044
----------------------------------
----------------------------------
Iteration = 12
Distance = 0.05040382448157654
v max = -0.8681005955704532
v min = -6.847063248939172
d max = 0.07607142857142857
d min = 0.07607142857142857
dF max = 0.07607142857142857
dB max = 0.07607142857142857
hk max = 0.034400723567003404
hk min = 0.019387923288792564
hz max = 0.05252918941102123
hz min = 0.01840918877872386
lambdaF max = Inf
lambdaF min = 0.004177590819662044
lambdaB max = Inf
lambdaB min = 0.004177590819662044
----------------------------------
----------------------------------
Iteration = 13
Distance = 0.03900093647572245
v max = -0.8854999851415706
v min = -6.886064185414894
d max = 0.07607142857142857
d min = 0.07607142857142857
dF max = 0.07607142857142857
dB max = 0.07607142857142857
hk max = 0.03458152578373069
hk min = 0.019390416718730905
hz max = 0.05294010353994689
hz min = 0.018414855664947362
lambdaF max = Inf
lambdaF min = 0.004177590819662044
lambdaB max = Inf
lambdaB min = 0.004177590819662044
----------------------------------
----------------------------------
Iteration = 14
Distance = 0.030480642225080956
v max = -0.9008435117006124
v min = -6.916544827639975
d max = 0.07607142857142857
d min = 0.07607142857142857
dF max = 0.07607142857142857
dB max = 0.07607142857142857
hk max = 0.034710968393944164
hk min = 0.01939208256771313
hz max = 0.05323429129043204
hz min = 0.018418641685361514
lambdaF max = Inf
lambdaF min = 0.004177590819662044
lambdaB max = Inf
lambdaB min = 0.004177590819662044
----------------------------------
----------------------------------
Iteration = 15
Distance = 0.02406977033209934
v max = -0.9143259648430364
v min = -6.940614597972075
d max = 0.07607142857142857
d min = 0.07607142857142857
dF max = 0.07607142857142857
dB max = 0.07607142857142857
hk max = 0.03480341949520964
hk min = 0.019393167555966692
hz max = 0.05344440742967177
hz min = 0.018421107567755966
lambdaF max = Inf
lambdaF min = 0.004177590819662044
lambdaB max = Inf
lambdaB min = 0.004177590819662044
----------------------------------
----------------------------------
Iteration = 16
Distance = 0.019207445192649608
v max = -0.9261437671599934
v min = -6.959822043164724
d max = 0.07607142857142857
d min = 0.07607142857142857
dF max = 0.07607142857142857
dB max = 0.07607142857142857
hk max = 0.034869283988380524
hk min = 0.019393889021689002
hz max = 0.05359409945960559
hz min = 0.018422747262579402
lambdaF max = Inf
lambdaF min = 0.004177590819662044
lambdaB max = Inf
lambdaB min = 0.004177590819662044
----------------------------------
----------------------------------
Iteration = 17
Distance = 0.015486473327220196
v max = -0.9364827077543499
v min = -6.975308516491944
d max = 0.07607142857142857
d min = 0.07607142857142857
dF max = 0.07607142857142857
dB max = 0.07607142857142857
hk max = 0.03491608534120455
hk min = 0.019394374316436876
hz max = 0.05370046617056929
hz min = 0.0184238502051882
lambdaF max = Inf
lambdaF min = 0.004177590819662044
lambdaB max = Inf
lambdaB min = 0.004177590819662044
----------------------------------
----------------------------------
Iteration = 18
Distance = 0.012610928534060761
v max = -0.945514810392452
v min = -6.987919445026005
d max = 0.07607142857142857
d min = 0.07607142857142857
dF max = 0.07607142857142857
dB max = 0.07607142857142857
hk max = 0.034949252939716346
hk min = 0.019394693829347175
hz max = 0.05377584707627791
hz min = 0.01842457637089343
lambdaF max = Inf
lambdaF min = 0.004177590819662044
lambdaB max = Inf
lambdaB min = 0.004177590819662044
----------------------------------
----------------------------------
Iteration = 19
Distance = 0.010365424806202839
v max = -0.9533969496458526
v min = -6.998284869832208
d max = 0.07607142857142857
d min = 0.07607142857142857
dF max = 0.07607142857142857
dB max = 0.07607142857142857
hk max = 0.0349726959783611
hk min = 0.019394910355270883
hz max = 0.05382912670956144
hz min = 0.018425068475265496
lambdaF max = Inf
lambdaF min = 0.004177590819662044
lambdaB max = Inf
lambdaB min = 0.004177590819662044
----------------------------------
----------------------------------
Iteration = 20
Distance = 0.008592855492268292
v max = -0.960269766960968
v min = -7.006877725324476
d max = 0.07607142857142857
d min = 0.07607142857142857
dF max = 0.07607142857142857
dB max = 0.07607142857142857
hk max = 0.0349892219233046
hk min = 0.01939505499981595
hz max = 0.053866685675342134
hz min = 0.018425397212867917
lambdaF max = Inf
lambdaF min = 0.004177590819662044
lambdaB max = Inf
lambdaB min = 0.004177590819662044
----------------------------------
----------------------------------
Iteration = 21
Distance = 0.00717827649348024
v max = -0.9662587911612565
v min = -7.0140560018179565
d max = 0.07607142857142857
d min = 0.07607142857142857
dF max = 0.07607142857142857
dB max = 0.07607142857142857
hk max = 0.03500084149015174
hk min = 0.019395151692532548
hz max = 0.0538930937818129
hz min = 0.018425616969042005
lambdaF max = Inf
lambdaF min = 0.004177590819662044
lambdaB max = Inf
lambdaB min = 0.004177590819662044
----------------------------------
----------------------------------
Iteration = 22
Distance = 0.006037250007949524
v max = -0.9714751639726963
v min = -7.020093251825906
d max = 0.07607142857142857
d min = 0.07607142857142857
dF max = 0.07607142857142857
dB max = 0.07607142857142857
hk max = 0.035008990635159554
hk min = 0.019395217449680348
hz max = 0.05391161456592158
hz min = 0.018425766417105187
lambdaF max = Inf
lambdaF min = 0.004177590819662044
lambdaB max = Inf
lambdaB min = 0.004177590819662044
----------------------------------
----------------------------------
Iteration = 23
Distance = 0.005107424605008681
v max = -0.9760168608913595
v min = -7.025200676430915
d max = 0.07607142857142857
d min = 0.07607142857142857
dF max = 0.07607142857142857
dB max = 0.07607142857142857
hk max = 0.035014691839848455
hk min = 0.019395261144437265
hz max = 0.053924571849305436
hz min = 0.018425865723370904
lambdaF max = Inf
lambdaF min = 0.004177590819662044
lambdaB max = Inf
lambdaB min = 0.004177590819662044
----------------------------------
----------------------------------
Iteration = 24
Distance = 0.004342460333882414
v max = -0.9799700371014273
v min = -7.029543136764797
d max = 0.07607142857142857
d min = 0.07607142857142857
dF max = 0.07607142857142857
dB max = 0.07607142857142857
hk max = 0.035018671014117445
hk min = 0.019395290874461284
hz max = 0.05393361542718951
hz min = 0.018425933291607313
lambdaF max = Inf
lambdaF min = 0.004177590819662044
lambdaB max = Inf
lambdaB min = 0.004177590819662044
----------------------------------
----------------------------------
Iteration = 25
Distance = 0.003707650086640868
v max = -0.9834101822755845
v min = -7.033250786851438
d max = 0.07607142857142857
d min = 0.07607142857142857
dF max = 0.07607142857142857
dB max = 0.07607142857142857
hk max = 0.03502144199921678
hk min = 0.019395310841822055
hz max = 0.05393991312059709
hz min = 0.018425978671972706
lambdaF max = Inf
lambdaF min = 0.004177590819662044
lambdaB max = Inf
lambdaB min = 0.004177590819662044
----------------------------------
----------------------------------
Iteration = 26
Distance = 0.003176765531284431
v max = -0.9864033722151755
v min = -7.036427552382722
d max = 0.07607142857142857
d min = 0.07607142857142857
dF max = 0.07607142857142857
dB max = 0.07607142857142857
hk max = 0.035023367466957486
hk min = 0.019395324260764457
hz max = 0.053944289183644134
hz min = 0.018426009169569074
lambdaF max = Inf
lambdaF min = 0.004177590819662044
lambdaB max = Inf
lambdaB min = 0.004177590819662044
----------------------------------
----------------------------------
Iteration = 27
Distance = 0.0027297853355179313
v max = -0.9890073332709688
v min = -7.03915733771824
d max = 0.07607142857142857
d min = 0.07607142857142857
dF max = 0.07607142857142857
dB max = 0.07607142857142857
hk max = 0.035024702668490094
hk min = 0.019395333402847638
hz max = 0.05394732373258189
hz min = 0.01842602994703084
lambdaF max = Inf
lambdaF min = 0.004177590819662044
lambdaB max = Inf
lambdaB min = 0.004177590819662044
----------------------------------
----------------------------------
Iteration = 28
Distance = 0.002351257885227831
v max = -0.9912724469379901
v min = -7.041508595603468
d max = 0.07607142857142857
d min = 0.07607142857142857
dF max = 0.07607142857142857
dB max = 0.07607142857142857
hk max = 0.0350256267590847
hk min = 0.019395339495943187
hz max = 0.053949423938478715
hz min = 0.018426043794975276
lambdaF max = Inf
lambdaF min = 0.004177590819662044
lambdaB max = Inf
lambdaB min = 0.004177590819662044
----------------------------------
----------------------------------
Iteration = 29
Distance = 0.002029119566411275
v max = -0.9932426532825703
v min = -7.0435377151698795
d max = 0.07607142857142857
d min = 0.07607142857142857
dF max = 0.07607142857142857
dB max = 0.07607142857142857
hk max = 0.035026265152375335
hk min = 0.01939534366108623
hz max = 0.05395087483232108
hz min = 0.01842605326120946
lambdaF max = Inf
lambdaF min = 0.004177590819662044
lambdaB max = Inf
lambdaB min = 0.004177590819662044
----------------------------------
----------------------------------
Iteration = 30
Distance = 0.0017538397488277013
v max = -0.9949562408125588
v min = -7.045291554918707
d max = 0.07607142857142857
d min = 0.07607142857142857
dF max = 0.07607142857142857
dB max = 0.07607142857142857
hk max = 0.03502670541992836
hk min = 0.01939534645077412
hz max = 0.05395187544039612
hz min = 0.018426059601409216
lambdaF max = Inf
lambdaF min = 0.004177590819662044
lambdaB max = Inf
lambdaB min = 0.004177590819662044
----------------------------------
----------------------------------
Iteration = 31
Distance = 0.0015177999070461468
v max = -0.9964465643074526
v min = -7.046809354825753
d max = 0.07607142857142857
d min = 0.07607142857142857
dF max = 0.07607142857142857
dB max = 0.07607142857142857
hk max = 0.03502700856284567
hk min = 0.019395348340011234
hz max = 0.05395256440157183
hz min = 0.018426063895129925
lambdaF max = Inf
lambdaF min = 0.004177590819662044
lambdaB max = Inf
lambdaB min = 0.004177590819662044
----------------------------------
----------------------------------
Iteration = 32
Distance = 0.0013148405458984769
v max = -0.9977426645436253
v min = -7.048124195371652
d max = 0.07607142857142857
d min = 0.07607142857142857
dF max = 0.07607142857142857
dB max = 0.07607142857142857
hk max = 0.03502721697698383
hk min = 0.01939534962227217
hz max = 0.05395303807006765
hz min = 0.01842606680935933
lambdaF max = Inf
lambdaF min = 0.004177590819662044
lambdaB max = Inf
lambdaB min = 0.004177590819662044
----------------------------------
----------------------------------
Iteration = 33
Distance = 0.00113992849278155
v max = -0.9988698209846989
v min = -7.049264123864433
d max = 0.07607142857142857
d min = 0.07607142857142857
dF max = 0.07607142857142857
dB max = 0.07607142857142857
hk max = 0.03502736006429197
hk min = 0.01939535047998491
hz max = 0.053953363268495244
hz min = 0.018426068758706466
lambdaF max = Inf
lambdaF min = 0.004177590819662044
lambdaB max = Inf
lambdaB min = 0.004177590819662044
----------------------------------
----------------------------------
Iteration = 34
Distance = 0.0009889106876430631
v max = -0.9998500333911011
v min = -7.050253034552076
d max = 0.07607142857142857
d min = 0.07607142857142857
dF max = 0.07607142857142857
dB max = 0.07607142857142857
hk max = 0.035027458174167955
hk min = 0.019395351067976484
hz max = 0.05395358624548611
hz min = 0.018426070095050952
lambdaF max = Inf
lambdaF min = 0.004177590819662044
lambdaB max = Inf
lambdaB min = 0.004177590819662044
----------------------------------
----------------------------------
Iteration = 35
Distance = 0.0008583303140872189
v max = -1.0007024434450262
v min = -7.051111364866164
d max = 0.07607142857142857
d min = 0.07607142857142857
dF max = 0.07607142857142857
dB max = 0.07607142857142857
hk max = 0.03502752536402214
hk min = 0.019395351459644876
hz max = 0.05395373894970018
hz min = 0.018426070985206384
lambdaF max = Inf
lambdaF min = 0.004177590819662044
lambdaB max = Inf
lambdaB min = 0.004177590819662044
----------------------------------
----------------------------------
Iteration = 36
Distance = 0.0007452880512044402
v max = -1.0014437045296183
v min = -7.051856652917368
d max = 0.07607142857142857
d min = 0.07607142857142857
dF max = 0.07607142857142857
dB max = 0.07607142857142857
hk max = 0.03502757132759052
hk min = 0.01939535172776325
hz max = 0.05395384341235557
hz min = 0.018426071594566332
lambdaF max = Inf
lambdaF min = 0.004177590819662044
lambdaB max = Inf
lambdaB min = 0.004177590819662044
----------------------------------
----------------------------------
Iteration = 37
Distance = 0.0006473361640884079
v max = -1.0020883029032646
v min = -7.0525039890814565
d max = 0.07607142857142857
d min = 0.07607142857142857
dF max = 0.07607142857142857
dB max = 0.07607142857142857
hk max = 0.03502760273849881
hk min = 0.01939535190776271
hz max = 0.05395391480078351
hz min = 0.018426072003656004
lambdaF max = Inf
lambdaF min = 0.004177590819662044
lambdaB max = Inf
lambdaB min = 0.004177590819662044
----------------------------------
----------------------------------
Iteration = 38
Distance = 0.0005623966628727217
v max = -1.002648839197626
v min = -7.053066385744329
d max = 0.07607142857142857
d min = 0.07607142857142857
dF max = 0.07607142857142857
dB max = 0.07607142857142857
hk max = 0.03502762418416707
hk min = 0.01939535202951769
hz max = 0.05395396354093865
hz min = 0.01842607228037187
lambdaF max = Inf
lambdaF min = 0.004177590819662044
lambdaB max = Inf
lambdaB min = 0.004177590819662044
----------------------------------
----------------------------------
Iteration = 39
Distance = 0.0004886972528979072
v max = -1.0031362728370792
v min = -7.053555082997227
d max = 0.07607142857142857
d min = 0.07607142857142857
dF max = 0.07607142857142857
dB max = 0.07607142857142857
hk max = 0.03502763881349938
hk min = 0.01939535211245566
hz max = 0.05395399678942118
hz min = 0.018426072468867256
lambdaF max = Inf
lambdaF min = 0.004177590819662044
lambdaB max = Inf
lambdaB min = 0.004177590819662044
----------------------------------
----------------------------------
Iteration = 40
Distance = 0.00042472056664255575
v max = -1.0035601354644916
v min = -7.05397980356387
d max = 0.07607142857142857
d min = 0.07607142857142857
dF max = 0.07607142857142857
dB max = 0.07607142857142857
hk max = 0.03502764878514456
hk min = 0.01939535216777708
hz max = 0.05395401945225113
hz min = 0.018426072594597755
lambdaF max = Inf
lambdaF min = 0.004177590819662044
lambdaB max = Inf
lambdaB min = 0.004177590819662044
----------------------------------
----------------------------------
Iteration = 41
Distance = 0.0003691634226292706
v max = -1.0039287166032367
v min = -7.054348966986499
d max = 0.07607142857142857
d min = 0.07607142857142857
dF max = 0.07607142857142857
dB max = 0.07607142857142857
hk max = 0.035027655577115784
hk min = 0.01939535220589032
hz max = 0.053954034888549364
hz min = 0.018426072681218757
lambdaF max = Inf
lambdaF min = 0.004177590819662044
lambdaB max = Inf
lambdaB min = 0.004177590819662044
----------------------------------
----------------------------------
Iteration = 42
Distance = 0.0003209037466822551
v max = -1.0042492252690776
v min = -7.054669870733181
d max = 0.07607142857142857
d min = 0.07607142857142857
dF max = 0.07607142857142857
dB max = 0.07607142857142857
hk max = 0.03502766020027281
hk min = 0.01939535223115904
hz max = 0.05395404539572442
hz min = 0.018426072738647666
lambdaF max = Inf
lambdaF min = 0.004177590819662044
lambdaB max = Inf
lambdaB min = 0.004177590819662044
----------------------------------
----------------------------------
Iteration = 43
Distance = 0.0002789734247832243
v max = -1.0045279307209538
v min = -7.054948844157964
d max = 0.07607142857142857
d min = 0.07607142857142857
dF max = 0.07607142857142857
dB max = 0.07607142857142857
hk max = 0.035027663345279784
hk min = 0.019395352248566977
hz max = 0.05395405254346755
hz min = 0.018426072778211157
lambdaF max = Inf
lambdaF min = 0.004177590819662044
lambdaB max = Inf
lambdaB min = 0.004177590819662044
----------------------------------
----------------------------------
Iteration = 44
Distance = 0.0002425358082458473
v max = -1.0047702848096784
v min = -7.05519137996621
d max = 0.07607142857142857
d min = 0.07607142857142857
dF max = 0.07607142857142857
dB max = 0.07607142857142857
hk max = 0.0350276654835738
hk min = 0.01939535226018891
hz max = 0.053954057403226674
hz min = 0.01842607280462465
lambdaF max = Inf
lambdaF min = 0.004177590819662044
lambdaB max = Inf
lambdaB min = 0.004177590819662044
----------------------------------
----------------------------------
Iteration = 45
Distance = 0.0002108669157365739
v max = -1.004981028531259
v min = -7.055402246881947
d max = 0.07607142857142857
d min = 0.07607142857142857
dF max = 0.07607142857142857
dB max = 0.07607142857142857
hk max = 0.035027666936683084
hk min = 0.019395352268093163
hz max = 0.05395406070574778
hz min = 0.01842607282258885
lambdaF max = Inf
lambdaF min = 0.004177590819662044
lambdaB max = Inf
lambdaB min = 0.004177590819662044
----------------------------------
----------------------------------
Iteration = 46
Distance = 0.00018333961017269473
v max = -1.0051642846388094
v min = -7.0555855864921195
d max = 0.07607142857142857
d min = 0.07607142857142857
dF max = 0.07607142857142857
dB max = 0.07607142857142857
hk max = 0.03502766792372282
hk min = 0.019395352273463
hz max = 0.0539540629490199
hz min = 0.01842607283479303
lambdaF max = Inf
lambdaF min = 0.004177590819662044
lambdaB max = Inf
lambdaB min = 0.004177590819662044
----------------------------------
----------------------------------
Iteration = 47
Distance = 0.0001594101974173867
v max = -1.0053236382487736
v min = -7.055744996689537
d max = 0.07607142857142857
d min = 0.07607142857142857
dF max = 0.07607142857142857
dB max = 0.07607142857142857
hk max = 0.0350276685939064
hk min = 0.01939535227704428
hz max = 0.0539540644721644
hz min = 0.018426072842932305
lambdaF max = Inf
lambdaF min = 0.004177590819662044
lambdaB max = Inf
lambdaB min = 0.004177590819662044
----------------------------------
----------------------------------
Iteration = 48
Distance = 0.00013860701762435923
v max = -1.0054622069253851
v min = -7.055883603707161
d max = 0.07607142857142857
d min = 0.07607142857142857
dF max = 0.07607142857142857
dB max = 0.07607142857142857
hk max = 0.035027669048784044
hk min = 0.019395352279524127
hz max = 0.05395406550597723
hz min = 0.01842607284856832
lambdaF max = Inf
lambdaF min = 0.004177590819662044
lambdaB max = Inf
lambdaB min = 0.004177590819662044
----------------------------------
----------------------------------
Iteration = 49
Distance = 0.00012052069200940707
v max = -1.0055827016426255
v min = -7.056004124399171
d max = 0.07607142857142857
d min = 0.07607142857142857
dF max = 0.07607142857142857
dB max = 0.07607142857142857
hk max = 0.03502766935742245
hk min = 0.019395352281152235
hz max = 0.053954066207428146
hz min = 0.018426072852268563
lambdaF max = Inf
lambdaF min = 0.004177590819662044
lambdaB max = Inf
lambdaB min = 0.004177590819662044
----------------------------------
----------------------------------
Iteration = 50
Distance = 0.00010479575575050859
v max = -1.005687479804549
v min = -7.056108920154921
d max = 0.07607142857142857
d min = 0.07607142857142857
dF max = 0.07607142857142857
dB max = 0.07607142857142857
hk max = 0.03502766956677546
hk min = 0.01939535228229089
hz max = 0.05395406668323044
hz min = 0.01842607285485642
lambdaF max = Inf
lambdaF min = 0.004177590819662044
lambdaB max = Inf
lambdaB min = 0.004177590819662044
----------------------------------
----------------------------------
Iteration = 51
Distance = 9.112346006467931e-5
v max = -1.005778591348283
v min = -7.056200043614986
d max = 0.07607142857142857
d min = 0.07607142857142857
dF max = 0.07607142857142857
dB max = 0.07607142857142857
hk max = 0.035027669708743055
hk min = 0.01939535228303628
hz max = 0.05395406700588407
hz min = 0.01842607285655048
lambdaF max = Inf
lambdaF min = 0.004177590819662044
lambdaB max = Inf
lambdaB min = 0.004177590819662044
----------------------------------
----------------------------------
Iteration = 52
Distance = 7.923556616695748e-5
v max = -1.0058578188449592
v min = -7.056279279181153
d max = 0.07607142857142857
d min = 0.07607142857142857
dF max = 0.07607142857142857
dB max = 0.07607142857142857
hk max = 0.035027669804992334
hk min = 0.019395352283555784
hz max = 0.05395406722463244
hz min = 0.018426072857731176
lambdaF max = Inf
lambdaF min = 0.004177590819662044
lambdaB max = Inf
lambdaB min = 0.004177590819662044
----------------------------------
----------------------------------
Iteration = 53
Distance = 6.889898485074042e-5
v max = -1.0059267123654483
v min = -7.056348178166004
d max = 0.07607142857142857
d min = 0.07607142857142857
dF max = 0.07607142857142857
dB max = 0.07607142857142857
hk max = 0.03502766987023129
hk min = 0.019395352283899117
hz max = 0.053954067372902786
hz min = 0.018426072858511475
lambdaF max = Inf
lambdaF min = 0.004177590819662044
lambdaB max = Inf
lambdaB min = 0.004177590819662044
----------------------------------
----------------------------------
Iteration = 54
Distance = 5.991113962267036e-5
v max = -1.0059866198053649
v min = -7.056408089305626
d max = 0.07607142857142857
d min = 0.07607142857142857
dF max = 0.07607142857142857
dB max = 0.07607142857142857
hk max = 0.035027669914442186
hk min = 0.01939535228413494
hz max = 0.0539540674733821
hz min = 0.01842607285904744
lambdaF max = Inf
lambdaF min = 0.004177590819662044
lambdaB max = Inf
lambdaB min = 0.004177590819662044
----------------------------------
----------------------------------
Iteration = 55
Distance = 5.209595156063784e-5
v max = -1.00603871325208
v min = -7.056460185257187
d max = 0.07607142857142857
d min = 0.07607142857142857
dF max = 0.07607142857142857
dB max = 0.07607142857142857
hk max = 0.03502766994439639
hk min = 0.019395352284293774
hz max = 0.053954067541459844
hz min = 0.018426072859408425
lambdaF max = Inf
lambdaF min = 0.004177590819662044
lambdaB max = Inf
lambdaB min = 0.004177590819662044
----------------------------------
----------------------------------
Iteration = 56
Distance = 4.5300359094113674e-5
v max = -1.0060840119154488
v min = -7.056505485616281
d max = 0.07607142857142857
d min = 0.07607142857142857
dF max = 0.07607142857142857
dB max = 0.07607142857142857
hk max = 0.03502766996469109
hk min = 0.01939535228440082
hz max = 0.05395406758758415
hz min = 0.01842607285965171
lambdaF max = Inf
lambdaF min = 0.004177590819662044
lambdaB max = Inf
lambdaB min = 0.004177590819662044
----------------------------------
----------------------------------
Iteration = 57
Distance = 3.9391299465840746e-5
v max = -1.0061234020670187
v min = -7.056544876915747
d max = 0.07607142857142857
d min = 0.07607142857142857
dF max = 0.07607142857142857
dB max = 0.07607142857142857
hk max = 0.03502766997843822
hk min = 0.019395352284473647
hz max = 0.05395406761882761
hz min = 0.018426072859817226
lambdaF max = Inf
lambdaF min = 0.004177590819662044
lambdaB max = Inf
lambdaB min = 0.004177590819662044
----------------------------------
----------------------------------
Iteration = 58
Distance = 3.425308915705472e-5
v max = -1.0061576543791402
v min = -7.056579130004904
d max = 0.07607142857142857
d min = 0.07607142857142857
dF max = 0.07607142857142857
dB max = 0.07607142857142857
hk max = 0.035027669987750004
hk min = 0.019395352284522892
hz max = 0.05395406763999077
hz min = 0.018426072859929147
lambdaF max = Inf
lambdaF min = 0.004177590819662044
lambdaB max = Inf
lambdaB min = 0.004177590819662044
----------------------------------
----------------------------------
Iteration = 59
Distance = 2.9785149540551004e-5
v max = -1.0061874390027548
v min = -7.056608915154444
d max = 0.07607142857142857
d min = 0.07607142857142857
dF max = 0.07607142857142857
dB max = 0.07607142857142857
hk max = 0.035027669994056196
hk min = 0.019395352284555724
hz max = 0.05395406765432304
hz min = 0.018426072860003764
lambdaF max = Inf
lambdaF min = 0.004177590819662044
lambdaB max = Inf
lambdaB min = 0.004177590819662044
----------------------------------
----------------------------------
Iteration = 60
Distance = 2.590003161540011e-5
v max = -1.006213338678379
v min = -7.05663481518606
d max = 0.07607142857142857
d min = 0.07607142857142857
dF max = 0.07607142857142857
dB max = 0.07607142857142857
hk max = 0.03502766999832507
hk min = 0.019395352284579073
hz max = 0.05395406766402501
hz min = 0.018426072860056833
lambdaF max = Inf
lambdaF min = 0.004177590819662044
lambdaB max = Inf
lambdaB min = 0.004177590819662044
----------------------------------
----------------------------------
Iteration = 61
Distance = 2.252169999295006e-5
v max = -1.0062358601374477
v min = -7.056657336886053
d max = 0.07607142857142857
d min = 0.07607142857142857
dF max = 0.07607142857142857
dB max = 0.07607142857142857
hk max = 0.03502767000121507
hk min = 0.019395352284592944
hz max = 0.05395406767059318
hz min = 0.01842607286008836
lambdaF max = Inf
lambdaF min = 0.004177590819662044
lambdaB max = Inf
lambdaB min = 0.004177590819662044
----------------------------------
----------------------------------
Iteration = 62
Distance = 1.9584041846876232e-5
v max = -1.0062554440162466
v min = -7.0566769209279
d max = 0.07607142857142857
d min = 0.07607142857142857
dF max = 0.07607142857142857
dB max = 0.07607142857142857
hk max = 0.035027670003171016
hk min = 0.01939535228460497
hz max = 0.05395406767503851
hz min = 0.018426072860115685
lambdaF max = Inf
lambdaF min = 0.004177590819662044
lambdaB max = Inf
lambdaB min = 0.004177590819662044
----------------------------------
----------------------------------
Iteration = 63
Distance = 1.7029571097282314e-5
v max = -1.0062724734769815
v min = -7.056693950498997
d max = 0.07607142857142857
d min = 0.07607142857142857
dF max = 0.07607142857142857
dB max = 0.07607142857142857
hk max = 0.03502767000449625
hk min = 0.019395352284610517
hz max = 0.053954067678050416
hz min = 0.018426072860128297
lambdaF max = Inf
lambdaF min = 0.004177590819662044
lambdaB max = Inf
lambdaB min = 0.004177590819662044
----------------------------------
----------------------------------
Iteration = 64
Distance = 1.480830202638117e-5
v max = -1.0062872817043214
v min = -7.056708758801023
d max = 0.07607142857142857
d min = 0.07607142857142857
dF max = 0.07607142857142857
dB max = 0.07607142857142857
hk max = 0.035027670005394224
hk min = 0.01939535228461653
hz max = 0.053954067680091276
hz min = 0.018426072860141956
lambdaF max = Inf
lambdaF min = 0.004177590819662044
lambdaB max = Inf
lambdaB min = 0.004177590819662044
----------------------------------
----------------------------------
Iteration = 65
Distance = 1.2876770390413128e-5
v max = -1.0063001584241618
v min = -7.056721635571414
d max = 0.07607142857142857
d min = 0.07607142857142857
dF max = 0.07607142857142857
dB max = 0.07607142857142857
hk max = 0.03502767000600182
hk min = 0.019395352284618146
hz max = 0.053954067681472165
hz min = 0.018426072860145637
lambdaF max = Inf
lambdaF min = 0.004177590819662044
lambdaB max = Inf
lambdaB min = 0.004177590819662044
----------------------------------
----------------------------------
Iteration = 66
Distance = 1.119718217790222e-5
v max = -1.0063113555721404
v min = -7.056732832753592
d max = 0.07607142857142857
d min = 0.07607142857142857
dF max = 0.07607142857142857
dB max = 0.07607142857142857
hk max = 0.03502767000641151
hk min = 0.019395352284622077
hz max = 0.053954067682403274
hz min = 0.018426072860154567
lambdaF max = Inf
lambdaF min = 0.004177590819662044
lambdaB max = Inf
lambdaB min = 0.004177590819662044
----------------------------------
----------------------------------
Iteration = 67
Distance = 9.73667374992715e-6
v max = -1.0063210922227395
v min = -7.056742569427342
d max = 0.07607142857142857
d min = 0.07607142857142857
dF max = 0.07607142857142857
dB max = 0.07607142857142857
hk max = 0.03502767000668894
hk min = 0.019395352284621616
hz max = 0.05395406768303381
hz min = 0.018426072860153516
lambdaF max = Inf
lambdaF min = 0.004177590819662044
lambdaB max = Inf
lambdaB min = 0.004177590819662044
----------------------------------
    Value Function Converged, Iteration = 67 with gamma=1.0 with rho=1.0 and v=-2.655469438364259
    Natural boundary condition
=============================================================
Convegence time (minutes): 0.11548767608333334
Current Time = 22:23:36
grid points for z:  401
grid size for z:  0.025
-0.2356095641419589
-0.4840655662852031
--- 8.460222721099854 seconds for the elasticity computation ---
0.0
0.0
--- 0.06744146347045898 seconds for the elasticity computation ---
-0.2356095641419589
-0.4840655662852031
--- 0.06742691993713379 seconds for the elasticity computation ---
-0.3099641652289878
-0.48970950639828015
--- 0.06612992286682129 seconds for the elasticity computation ---
Current Time = 22:23:47
grid points for z:  401
grid size for z:  0.025
rho = 1
0.05935460108702888
--- 8.447618246078491 seconds for the elasticity computation ---
0.0
--- 0.07129716873168945 seconds for the elasticity computation ---
0.05935460108702888
--- 0.06605291366577148 seconds for the elasticity computation ---
0.0
--- 0.06597089767456055 seconds for the elasticity computation ---
0.0
--- 0.06588459014892578 seconds for the elasticity computation ---
0.05935460108702888
0.005643940113077034
--- 0.0661478042602539 seconds for the elasticity computation ---
0.05935460108702888
0.005643940113077034
--- 0.06641721725463867 seconds for the elasticity computation ---
0.05935460108702888
0.005643940113077034
--- 0.06662845611572266 seconds for the elasticity computation ---
0.05935460108702888
0.005643940113077034
--- 0.06999921798706055 seconds for the elasticity computation ---
parsed_args = parse_commandline() = Dict{String, Any}("dataname" => "lower_triangular_two_ambiguous_parameters", "clowerlim" => 0.0001, "delta" => 0.015, "boundary" => 0, "Delta" => 10.0, "q" => 0.1, "zmax" => 5.0, "logadjustment" => 1, "zscale" => 2.0, "foc" => 1, "distorted" => 0, "rho" => 1.0, "gamma" => 1.0)
=============================================================
./output/lower_triangular_two_ambiguous_parameters/Delta_10.0_distorted_0/logadjustment_1_boundary_0/zmax_5.0_zscale_2.0/delta_0.015/q_0.1_gamma_1.0_rho_1.0/
=============================================================
solve for structured linear system 
structured_relative_entropy = 0.10247981537201006
=============================================================
solve for unstructured linear system 
q_update = 0.0
=============================================================
parsed_args = parse_commandline() = Dict{String, Any}("dataname" => "lower_triangular_two_ambiguous_parameters", "clowerlim" => 0.0001, "delta" => 0.015, "boundary" => 0, "Delta" => 10.0, "q" => 0.1, "zmax" => 5.0, "logadjustment" => 1, "zscale" => 2.0, "foc" => 1, "distorted" => 0, "rho" => 1.0, "gamma" => 1.0)
=============================================================
./output/lower_triangular_two_ambiguous_parameters/Delta_10.0_distorted_0/logadjustment_1_boundary_0/zmax_5.0_zscale_2.0/delta_0.015/q_0.1_gamma_1.0_rho_1.0/
=============================================================
solve for structured linear system 
structured_relative_entropy = 0.10247981537201002
=============================================================
solve for unstructured linear system 
q_update = 0.0
=============================================================
Program ends Fri Jan 19 22:24:29 CST 2024
Elapsed time: 0 days 00 hr 01 min 19 sec
