D_10.0_distorted_0_boundary_1_delta_0.015_gamma_7.0_q_0.3_rho_1.0_lower_triangular_two_ambiguous_parameters
Program starts Fri Jan 19 22:23:16 CST 2024
parsed_args = parse_commandline() = Dict{String, Any}("dataname" => "lower_triangular_two_ambiguous_parameters", "clowerlim" => 0.0001, "delta" => 0.015, "boundary" => 1, "Delta" => 10.0, "q" => 0.3, "zmax" => 5.0, "logadjustment" => 1, "zscale" => 2.0, "foc" => 1, "distorted" => 0, "rho" => 1.0, "gamma" => 7.0)
=============================================================
logadjustment: true
reflective_boundary: true
0.1002
sigma_k: [0.011287880226154068, 0.0]
sigma_z: [0.026030751045638307, 0.05916079783099616]
Compute value function WITH ROBUSTNESS
computing undistorted version...
zmax = 5.0, zmin = -5.0, zlength = 401
reflective boundary condition
----------------------------------
Iteration = 1
Distance = 1.2278053813751848
v max = -0.8920733437783327
v min = -3.227805381375185
d max = 0.07607142857142857
d min = 0.07607142857142857
dF max = 0.07607142857142857
dB max = 0.07607142857142857
hk max = 0.011287880226154068
hk min = 0.011287880226154068
hz max = 0.0
hz min = 0.0
lambdaF max = Inf
lambdaF min = 0.0010822033550599308
lambdaB max = Inf
lambdaB min = 0.0010822033550599308
----------------------------------
----------------------------------
Iteration = 2
Distance = 1.6740070213336073
v max = -2.1546831581675456
v min = -4.674188555748204
d max = 0.07607142857142857
d min = 0.07607142857142857
dF max = 0.07607142857142857
dB max = 0.07607142857142857
hk max = 0.017376944798234303
hk min = 0.015991748740911478
hz max = 0.013838783118364171
hz min = 0.010690610260812302
lambdaF max = Inf
lambdaF min = 0.0010822033550599308
lambdaB max = Inf
lambdaB min = 0.0010822033550599308
----------------------------------
----------------------------------
Iteration = 3
Distance = 1.1358344735832935
v max = -1.7958462729881504
v min = -5.810023029331497
d max = 0.07607142857142857
d min = 0.07607142857142857
dF max = 0.07607142857142857
dB max = 0.07607142857142857
hk max = 0.024603425406867257
hk min = 0.008935410585625135
hz max = 0.030262602683439072
hz min = -0.005346521910293029
lambdaF max = Inf
lambdaF min = 0.0010066220613515143
lambdaB max = Inf
lambdaB min = 0.0010015381115467087
----------------------------------
----------------------------------
Iteration = 4
Distance = 0.906141736649194
v max = -1.983090686780388
v min = -6.716164765980691
d max = 0.07607142857142857
d min = 0.07607142857142857
dF max = 0.07607142857142857
dB max = 0.07607142857142857
hk max = 0.030120511990390755
hk min = 0.003747729257132247
hz max = 0.04280143582781066
hz min = -0.01713670674777687
lambdaF max = Inf
lambdaF min = 0.0010032036550426061
lambdaB max = Inf
lambdaB min = 0.000998162430645407
----------------------------------
----------------------------------
Iteration = 5
Distance = 0.7696114885748067
v max = -2.056945109927512
v min = -7.485776254555498
d max = 0.07607142857142857
d min = 0.07607142857142857
dF max = 0.07607142857142857
dB max = 0.07607142857142857
hk max = 0.03433314203864641
hk min = 0.012485183912293616
hz max = 0.052375595028391696
hz min = 0.0027211447412262457
lambdaF max = Inf
lambdaF min = 0.0010822033550599308
lambdaB max = Inf
lambdaB min = 0.0010822033550599308
----------------------------------
----------------------------------
Iteration = 6
Distance = 0.6691332209263088
v max = -2.232004408809996
v min = -8.154909475481807
d max = 0.07607142857142857
d min = 0.07607142857142857
dF max = 0.07607142857142857
dB max = 0.07607142857142857
hk max = 0.03778041459481388
hk min = -0.005273163213397148
hz max = 0.060210305383317765
hz min = -0.03763873508988913
lambdaF max = Inf
lambdaF min = 0.0010208535734917167
lambdaB max = Inf
lambdaB min = 0.0010156451368922694
----------------------------------
----------------------------------
Iteration = 7
Distance = 0.5879023017199057
v max = -2.288049463456056
v min = -8.742811777201712
d max = 0.07607142857142857
d min = 0.07607142857142857
dF max = 0.07607142857142857
dB max = 0.07607142857142857
hk max = 0.04077119669690753
hk min = 0.008193585666075646
hz max = 0.0670075374335306
hz min = -0.00703248763654187
lambdaF max = Inf
lambdaF min = 0.0009972554603184926
lambdaB max = Inf
lambdaB min = 0.0009922691830169
----------------------------------
----------------------------------
Iteration = 8
Distance = 0.5195123153960779
v max = -2.1040209974248354
v min = -9.262316050563173
d max = 0.07607142857142857
d min = 0.07607142857142857
dF max = 0.07607142857142857
dB max = 0.07607142857142857
hk max = 0.04332092917695903
hk min = -0.006928019437696456
hz max = 0.0728023839791022
hz min = -0.04139977196329665
lambdaF max = Inf
lambdaF min = 0.001047287595670053
lambdaB max = Inf
lambdaB min = 0.0010418329727759383
----------------------------------
----------------------------------
Iteration = 9
Distance = 1.0105561894874056
v max = -2.668504195669752
v min = -9.723085300137837
d max = 0.07607142857142857
d min = 0.07607142857142857
dF max = 0.07607142857142857
dB max = 0.07607142857142857
hk max = 0.04591253508301367
hk min = -0.05706006739555981
hz max = 0.07869239740195365
hz min = -0.1553362445948043
lambdaF max = Inf
lambdaF min = 0.0010373806007398444
lambdaB max = Inf
lambdaB min = 0.0010320332780556186
----------------------------------
Delta = 5.0
----------------------------------
Iteration = 10
Distance = 0.86340456724461
v max = -2.6690109386430096
v min = -9.965206841198352
d max = 0.07607142857142857
d min = 0.07607142857142857
dF max = 0.07607142857142857
dB max = 0.07607142857142857
hk max = 0.04761158974751817
hk min = -0.028328872577042356
hz max = 0.08255388527582752
hz min = -0.09003807455271917
lambdaF max = Inf
lambdaF min = 0.0010673078291517752
lambdaB max = Inf
lambdaB min = 0.0010617489342082769
----------------------------------
Delta = 2.5
----------------------------------
Iteration = 11
Distance = 0.29117179074793675
v max = -2.6344118248029194
v min = -10.088208965336642
d max = 0.07607142857142857
d min = 0.07607142857142857
dF max = 0.07607142857142857
dB max = 0.07607142857142857
hk max = 0.04815107859831572
hk min = -0.054304344811441085
hz max = 0.08377999630036742
hz min = -0.1490732387218072
lambdaF max = Inf
lambdaF min = 0.001059440713768628
lambdaB max = Inf
lambdaB min = 0.0010538053908230502
----------------------------------
----------------------------------
Iteration = 12
Distance = 0.44902649432075803
v max = -2.5799727008922186
v min = -10.206420847042976
d max = 0.07607142857142857
d min = 0.07607142857142857
dF max = 0.07607142857142857
dB max = 0.07607142857142857
hk max = 0.04835703089587974
hk min = -0.05417396078343682
hz max = 0.084248069703922
hz min = -0.14877691138543386
lambdaF max = Inf
lambdaF min = 0.0010822033550599308
lambdaB max = Inf
lambdaB min = 0.0010822033550599308
----------------------------------
----------------------------------
Iteration = 13
Distance = 0.8572338150999985
v max = -2.4764031174145367
v min = -10.320289416505586
d max = 0.07607142857142857
d min = 0.07607142857142857
dF max = 0.07607142857142857
dB max = 0.07607142857142857
hk max = 0.057550238614316046
hk min = -0.046383745114598716
hz max = 0.10514172360945905
hz min = -0.13107187577443816
lambdaF max = Inf
lambdaF min = 0.0010822033550599308
lambdaB max = Inf
lambdaB min = 0.0010822033550599308
----------------------------------
Delta = 1.25
----------------------------------
Iteration = 14
Distance = 0.9885546344424245
v max = -2.3724344589555666
v min = -10.377115761710709
d max = 0.07607142857142857
d min = 0.07607142857142857
dF max = 0.07607142857142857
dB max = 0.07607142857142857
hk max = 0.07888452859517414
hk min = -0.06689393575994831
hz max = 0.15362874629322748
hz min = -0.17768594542295998
lambdaF max = Inf
lambdaF min = 0.0010822033550599308
lambdaB max = Inf
lambdaB min = 0.0010822033550599308
----------------------------------
Delta = 0.625
----------------------------------
Iteration = 15
Distance = 0.7666378506603979
v max = -2.3398567023823946
v min = -10.405095955275279
d max = 0.07607142857142857
d min = 0.07607142857142857
dF max = 0.07607142857142857
dB max = 0.07607142857142857
hk max = 0.08050241876691018
hk min = -0.08511091156499274
hz max = 0.15730576941080937
hz min = -0.21908816316169735
lambdaF max = Inf
lambdaF min = 0.0010822033550599308
lambdaB max = Inf
lambdaB min = 0.0010822033550599308
----------------------------------
----------------------------------
Iteration = 16
Distance = 0.9297583503821096
v max = -2.3669197760014034
v min = -10.432920423796965
d max = 0.07607142857142857
d min = 0.07607142857142857
dF max = 0.07607142857142857
dB max = 0.07607142857142857
hk max = 0.11325366543332802
hk min = -0.07674123131172332
hz max = 0.23174042092539537
hz min = -0.200066162586085
lambdaF max = Inf
lambdaF min = 0.0010822033550599308
lambdaB max = Inf
lambdaB min = 0.0010822033550599308
----------------------------------
----------------------------------
Iteration = 17
Distance = 1.500793971376237
v max = -2.4986804690813145
v min = -10.460568364722974
d max = 0.07607142857142857
d min = 0.07607142857142857
dF max = 0.07607142857142857
dB max = 0.07607142857142857
hk max = 0.11683440006415764
hk min = -0.12502353183297557
hz max = 0.23987845417728088
hz min = -0.30979866377074927
lambdaF max = Inf
lambdaF min = 0.000996738561507068
lambdaB max = Inf
lambdaB min = 0.0009917548686995327
----------------------------------
Delta = 0.3125
----------------------------------
Iteration = 18
Distance = 1.4481131758094805
v max = -2.7389897759495248
v min = -10.474224871542154
d max = 0.07607142857142857
d min = 0.07607142857142857
dF max = 0.07607142857142857
dB max = 0.07607142857142857
hk max = 0.1718969561179195
hk min = -0.14026028721670106
hz max = 0.36502062702673965
hz min = -0.34442765327921626
lambdaF max = Inf
lambdaF min = 0.0010694303272460696
lambdaB max = Inf
lambdaB min = 0.0010637114484907428
----------------------------------
Delta = 0.15625
----------------------------------
Iteration = 19
Distance = 1.1827745387898991
v max = -2.7503325989937064
v min = -10.481014524941264
d max = 0.07607142857142857
d min = 0.07607142857142857
dF max = 0.07607142857142857
dB max = 0.07607142857142857
hk max = 0.21762725612845324
hk min = -0.15968492673436854
hz max = 0.46895312705068
hz min = -0.38857456127391504
lambdaF max = Inf
lambdaF min = 0.0010726096628376981
lambdaB max = Inf
lambdaB min = 0.0010671091004641714
----------------------------------
----------------------------------
Iteration = 20
Distance = 1.4336708407377996
v max = -2.7647986275422536
v min = -10.487795800784852
d max = 0.07607142857142857
d min = 0.07607142857142857
dF max = 0.07607142857142857
dB max = 0.07607142857142857
hk max = 0.2533129384847417
hk min = -0.1711105997168517
hz max = 0.5500569505876993
hz min = -0.4145419998704677
lambdaF max = Inf
lambdaF min = 0.0010822033550599308
lambdaB max = Inf
lambdaB min = 0.0010822033550599308
----------------------------------
----------------------------------
Iteration = 21
Distance = 1.7747988253230176
v max = -2.797051328927894
v min = -10.494566147636622
d max = 0.07607142857142857
d min = 0.07607142857142857
dF max = 0.07607142857142857
dB max = 0.07607142857142857
hk max = 0.3137244531159518
hk min = -0.1686877664256113
hz max = 0.6873558474768132
hz min = -0.40903556057219415
lambdaF max = Inf
lambdaF min = 0.0010822033550599308
lambdaB max = Inf
lambdaB min = 0.0010822033550599308
----------------------------------
Delta = 0.078125
----------------------------------
Iteration = 22
Distance = 1.201265494854316
v max = -2.8188728883636314
v min = -10.49794373103562
d max = 0.07607142857142857
d min = 0.07607142857142857
dF max = 0.07607142857142857
dB max = 0.07607142857142857
hk max = 0.47185253920149645
hk min = -0.25981716712099834
hz max = 1.0467378613075964
hz min = -0.616147834879892
lambdaF max = Inf
lambdaF min = 0.0010822033550599308
lambdaB max = Inf
lambdaB min = 0.0010822033550599308
----------------------------------
----------------------------------
Iteration = 23
Distance = 1.2758492922210705
v max = -2.854008777557642
v min = -10.501318089395266
d max = 0.07607142857142857
d min = 0.07607142857142857
dF max = 0.07607142857142857
dB max = 0.07607142857142857
hk max = 0.45398187809897894
hk min = -0.35607490661727215
hz max = 1.0061227224382385
hz min = -0.8349154246441507
lambdaF max = Inf
lambdaF min = 0.0010822033550599308
lambdaB max = Inf
lambdaB min = 0.0010822033550599308
----------------------------------
----------------------------------
Iteration = 24
Distance = 1.4760536298869429
v max = -2.8924876304476514
v min = -10.504689082574941
d max = 0.07607142857142857
d min = 0.07607142857142857
dF max = 0.07607142857142857
dB max = 0.07607142857142857
hk max = 0.5146205506290769
hk min = -0.39017007637770496
hz max = 1.1439378872793704
hz min = -0.9124044468269524
lambdaF max = Inf
lambdaF min = 0.0010822033550599308
lambdaB max = Inf
lambdaB min = 0.0010822033550599308
----------------------------------
Delta = 0.0390625
----------------------------------
Iteration = 25
Distance = 1.0419424865969997
v max = -2.904435978478076
v min = -10.506373266744603
d max = 0.07607142857142857
d min = 0.07607142857142857
dF max = 0.07607142857142857
dB max = 0.07607142857142857
hk max = 0.6581868914830253
hk min = -0.42794606951244585
hz max = 1.4702250255837988
hz min = -0.9982589766786363
lambdaF max = Inf
lambdaF min = 0.0010822033550599308
lambdaB max = Inf
lambdaB min = 0.0010822033550599308
----------------------------------
----------------------------------
Iteration = 26
Distance = 1.0966415501675257
v max = -2.919814841696749
v min = -10.508056533874475
d max = 0.07607142857142857
d min = 0.07607142857142857
dF max = 0.07607142857142857
dB max = 0.07607142857142857
hk max = 0.6727599751989559
hk min = -0.45496593826570053
hz max = 1.503345670392732
hz min = -1.0596677692996697
lambdaF max = Inf
lambdaF min = 0.0010822033550599308
lambdaB max = Inf
lambdaB min = 0.0010822033550599308
----------------------------------
----------------------------------
Iteration = 27
Distance = 1.2081808474356608
v max = -2.932909494258194
v min = -10.509738882618013
d max = 0.07607142857142857
d min = 0.07607142857142857
dF max = 0.07607142857142857
dB max = 0.07607142857142857
hk max = 0.6986804236013284
hk min = -0.484160908670145
hz max = 1.5622557803981239
hz min = -1.1260199747643163
lambdaF max = Inf
lambdaF min = 0.0010822033550599308
lambdaB max = Inf
lambdaB min = 0.0010822033550599308
----------------------------------
Delta = 0.01953125
----------------------------------
Iteration = 28
Distance = 0.7244486957974496
v max = -2.938143933506536
v min = -10.51057978178241
d max = 0.07607142857142857
d min = 0.07607142857142857
dF max = 0.07607142857142857
dB max = 0.07607142857142857
hk max = 0.7461416110831323
hk min = -0.5162159419566001
hz max = 1.6701221155840416
hz min = -1.1988723231426235
lambdaF max = Inf
lambdaF min = 0.0010822033550599308
lambdaB max = Inf
lambdaB min = 0.0010822033550599308
----------------------------------
----------------------------------
Iteration = 29
Distance = 0.6893640417633762
v max = -2.9458728280417423
v min = -10.511420445376444
d max = 0.07607142857142857
d min = 0.07607142857142857
dF max = 0.07607142857142857
dB max = 0.07607142857142857
hk max = 0.6905403541175876
hk min = -0.5373268241072584
hz max = 1.543755622480531
hz min = -1.246851600757756
lambdaF max = Inf
lambdaF min = 0.0010822033550599308
lambdaB max = Inf
lambdaB min = 0.0010822033550599308
----------------------------------
----------------------------------
Iteration = 30
Distance = 0.6423926989871802
v max = -2.9540995014061093
v min = -10.512260873451066
d max = 0.07607142857142857
d min = 0.07607142857142857
dF max = 0.07607142857142857
dB max = 0.07607142857142857
hk max = 0.6580153302402565
hk min = -0.5605919919478175
hz max = 1.4698351136684151
hz min = -1.299726982213572
lambdaF max = Inf
lambdaF min = 0.0010822033550599308
lambdaB max = Inf
lambdaB min = 0.0010822033550599308
----------------------------------
----------------------------------
Iteration = 31
Distance = 0.5888700307452233
v max = -2.962722174810389
v min = -10.513101072006076
d max = 0.07607142857142857
d min = 0.07607142857142857
dF max = 0.07607142857142857
dB max = 0.07607142857142857
hk max = 0.6153996337990963
hk min = -0.5872683110279988
hz max = 1.3729812581203236
hz min = -1.3603549801230748
lambdaF max = Inf
lambdaF min = 0.0010822033550599308
lambdaB max = Inf
lambdaB min = 0.0010822033550599308
----------------------------------
----------------------------------
Iteration = 32
Distance = 0.5654117731489237
v max = -2.972587235479166
v min = -10.513941046719028
d max = 0.07607142857142857
d min = 0.07607142857142857
dF max = 0.07607142857142857
dB max = 0.07607142857142857
hk max = 0.5675143973361085
hk min = -0.6183548746148997
hz max = 1.2641511752498968
hz min = -1.431006261002395
lambdaF max = Inf
lambdaF min = 0.0010822033550599308
lambdaB max = Inf
lambdaB min = 0.0010822033550599308
----------------------------------
----------------------------------
Iteration = 33
Distance = 0.5496660494789696
v max = -2.9842767590231305
v min = -10.514780803183895
d max = 0.07607142857142857
d min = 0.07607142857142857
dF max = 0.07607142857142857
dB max = 0.07607142857142857
hk max = 0.5438669975998571
hk min = -0.6550368221382485
hz max = 1.2104070849402346
hz min = -1.5143743235554605
lambdaF max = Inf
lambdaF min = 0.0010822033550599308
lambdaB max = Inf
lambdaB min = 0.0010822033550599308
----------------------------------
----------------------------------
Iteration = 34
Distance = 0.5284988545510902
v max = -2.998661332212153
v min = -10.515620346891405
d max = 0.07607142857142857
d min = 0.07607142857142857
dF max = 0.07607142857142857
dB max = 0.07607142857142857
hk max = 0.5297979599840075
hk min = -0.6989130759017581
hz max = 1.1784319994496673
hz min = -1.6140930821088915
lambdaF max = Inf
lambdaF min = 0.0010822033550599308
lambdaB max = Inf
lambdaB min = 0.0010822033550599308
----------------------------------
----------------------------------
Iteration = 35
Distance = 0.5035707718223685
v max = -3.016239165538988
v min = -10.51645968321202
d max = 0.07607142857142857
d min = 0.07607142857142857
dF max = 0.07607142857142857
dB max = 0.07607142857142857
hk max = 0.5107820983005928
hk min = -0.752242628729938
hz max = 1.135214131987361
hz min = -1.7352966112638457
lambdaF max = Inf
lambdaF min = 0.0010822033550599308
lambdaB max = Inf
lambdaB min = 0.0010822033550599308
----------------------------------
----------------------------------
Iteration = 36
Distance = 0.4765485852712521
v max = -3.0373550401014104
v min = -10.517298817382654
d max = 0.07607142857142857
d min = 0.07607142857142857
dF max = 0.07607142857142857
dB max = 0.07607142857142857
hk max = 0.488341952952888
hk min = -0.8182707619737235
hz max = 1.0842138016516683
hz min = -1.8853605504542674
lambdaF max = Inf
lambdaF min = 0.0010822033550599308
lambdaB max = Inf
lambdaB min = 0.0010822033550599308
----------------------------------
----------------------------------
Iteration = 37
Distance = 0.4489231966805214
v max = -3.044316042806741
v min = -10.518137754496541
d max = 0.07607142857142857
d min = 0.07607142857142857
dF max = 0.07607142857142857
dB max = 0.07607142857142857
hk max = 0.4639980022656088
hk min = -0.9018606105789795
hz max = 1.028886640998761
hz min = -2.0753374791025765
lambdaF max = Inf
lambdaF min = 0.0010822033550599308
lambdaB max = Inf
lambdaB min = 0.0010822033550599308
----------------------------------
----------------------------------
Iteration = 38
Distance = 0.4218910797040474
v max = -3.0444889393304666
v min = -10.518976499495706
d max = 0.07607142857142857
d min = 0.07607142857142857
dF max = 0.07607142857142857
dB max = 0.07607142857142857
hk max = 0.43909799027152946
hk min = -1.010644443843907
hz max = 0.9722957046485806
hz min = -2.3225734637955937
lambdaF max = Inf
lambdaF min = 0.0010822033550599308
lambdaB max = Inf
lambdaB min = 0.0010822033550599308
----------------------------------
----------------------------------
Iteration = 39
Distance = 0.41100776622941027
v max = -3.0446605644414424
v min = -10.51981505716561
d max = 0.07607142857142857
d min = 0.07607142857142857
dF max = 0.07607142857142857
dB max = 0.07607142857142857
hk max = 0.41470984630243124
hk min = -1.1572737793745889
hz max = 0.9168681047188119
hz min = -2.655821953638052
lambdaF max = Inf
lambdaF min = 0.0010822033550599308
lambdaB max = Inf
lambdaB min = 0.0010822033550599308
----------------------------------
----------------------------------
Iteration = 40
Distance = 0.4621338487472695
v max = -3.044831186138375
v min = -10.520653432131649
d max = 0.07607142857142857
d min = 0.07607142857142857
dF max = 0.07607142857142857
dB max = 0.07607142857142857
hk max = 0.40010139570990805
hk min = -1.3641553364256092
hz max = 0.8836670806448956
hz min = -3.1260073105721893
lambdaF max = Inf
lambdaF min = 0.0010822033550599308
lambdaB max = Inf
lambdaB min = 0.0010822033550599308
----------------------------------
Delta = 0.009765625
----------------------------------
Iteration = 41
Distance = 0.3868466264501489
v max = -3.044916345913052
v min = -10.521072547113945
d max = 0.07607142857142857
d min = 0.07607142857142857
dF max = 0.07607142857142857
dB max = 0.07607142857142857
hk max = 0.5292873764585668
hk min = -1.6745027395212555
hz max = 1.1772715823463928
hz min = -3.8313423176077497
lambdaF max = Inf
lambdaF min = 0.0010822033550599308
lambdaB max = Inf
lambdaB min = 0.0010822033550599308
----------------------------------
----------------------------------
Iteration = 42
Distance = 0.5386778761243605
v max = -3.045001351149121
v min = -10.521491619194109
d max = 0.07607142857142857
d min = 0.07607142857142857
dF max = 0.07607142857142857
dB max = 0.07607142857142857
hk max = 0.686059026756132
hk min = -1.952418284363119
hz max = 1.5335707875681317
hz min = -4.4629685558847125
lambdaF max = Inf
lambdaF min = 0.0010822033550599308
lambdaB max = Inf
lambdaB min = 0.0010822033550599308
----------------------------------
Delta = 0.0048828125
----------------------------------
Iteration = 43
Distance = 0.41741268906458373
v max = -3.0450438450287005
v min = -10.521701137883642
d max = 0.07607142857142857
d min = 0.07607142857142857
dF max = 0.07607142857142857
dB max = 0.07607142857142857
hk max = 0.9044153302228024
hk min = -2.3531167992198943
hz max = 2.0298351136287462
hz min = -5.37364699874102
lambdaF max = Inf
lambdaF min = 0.0010822033550599308
lambdaB max = Inf
lambdaB min = 0.0010822033550599308
----------------------------------
Delta = 0.00244140625
----------------------------------
Iteration = 44
Distance = 0.2811641691855957
v max = -3.0450650906004273
v min = -10.635781857241753
d max = 0.07607142857142857
d min = 0.07607142857142857
dF max = 0.07607142857142857
dB max = 0.07607142857142857
hk max = 1.0971717638291876
hk min = -2.680910180660745
hz max = 2.467917917279622
hz min = -6.118631956561135
lambdaF max = Inf
lambdaF min = 0.0010822033550599308
lambdaB max = Inf
lambdaB min = 0.0010822033550599308
----------------------------------
----------------------------------
Iteration = 45
Distance = 0.3341620020683784
v max = -3.045086329285246
v min = -10.969943859310131
d max = 0.07607142857142857
d min = 0.07607142857142857
dF max = 0.07607142857142857
dB max = 0.07607142857142857
hk max = 1.2347781938409907
hk min = -2.90992568501237
hz max = 2.780659803670084
hz min = -6.639121739178464
lambdaF max = Inf
lambdaF min = 0.0010822033550599308
lambdaB max = Inf
lambdaB min = 0.0010822033550599308
----------------------------------
----------------------------------
Iteration = 46
Distance = 0.404450500177834
v max = -3.0451075621730075
v min = -11.374394359487965
d max = 0.07607142857142857
d min = 0.07607142857142857
dF max = 0.07607142857142857
dB max = 0.07607142857142857
hk max = 1.399612485324923
hk min = -3.1870558617183673
hz max = 3.1552831934062935
hz min = -7.268963049873913
lambdaF max = Inf
lambdaF min = 0.0010822033550599308
lambdaB max = Inf
lambdaB min = 0.0010822033550599308
----------------------------------
Delta = 0.001220703125
----------------------------------
Iteration = 47
Distance = 0.2532709699225606
v max = -3.045118179170397
v min = -11.627665329410526
d max = 0.07607142857142857
d min = 0.07607142857142857
dF max = 0.07607142857142857
dB max = 0.07607142857142857
hk max = 1.6017168010026652
hk min = -3.5288883325686604
hz max = 3.614611183582981
hz min = -8.045855029079126
lambdaF max = Inf
lambdaF min = 0.0010822033550599308
lambdaB max = Inf
lambdaB min = 0.0010822033550599308
----------------------------------
----------------------------------
Iteration = 48
Distance = 0.2871863330277584
v max = -3.0451287946674497
v min = -11.914851662438284
d max = 0.07607142857142857
d min = 0.07607142857142857
dF max = 0.07607142857142857
dB max = 0.07607142857142857
hk max = 1.733365907089467
hk min = -3.7481541078163705
hz max = 3.913813697416621
hz min = -8.544186336460283
lambdaF max = Inf
lambdaF min = 0.0010822033550599308
lambdaB max = Inf
lambdaB min = 0.0010822033550599308
----------------------------------
----------------------------------
Iteration = 49
Distance = 0.3287200525860623
v max = -3.045139408924249
v min = -12.243571715024347
d max = 0.07607142857142857
d min = 0.07607142857142857
dF max = 0.07607142857142857
dB max = 0.07607142857142857
hk max = 1.8839201967236758
hk min = -3.999645364182688
hz max = 4.2559825374943685
hz min = -9.11575737365646
lambdaF max = Inf
lambdaF min = 0.0010822033550599308
lambdaB max = Inf
lambdaB min = 0.0010822033550599308
----------------------------------
Delta = 0.0006103515625
----------------------------------
Iteration = 50
Distance = 0.19139096502538955
v max = -3.0451447162653715
v min = -12.434962680049736
d max = 0.07607142857142857
d min = 0.07607142857142857
dF max = 0.07607142857142857
dB max = 0.07607142857142857
hk max = 2.057938225785482
hk min = -4.290902253170528
hz max = 4.651478058089382
hz min = -9.777704848628826
lambdaF max = Inf
lambdaF min = 0.0010822033550599308
lambdaB max = Inf
lambdaB min = 0.0010822033550599308
----------------------------------
----------------------------------
Iteration = 51
Distance = 0.20762716900904543
v max = -3.0451500232582496
v min = -12.642589849058782
d max = 0.07607142857142857
d min = 0.07607142857142857
dF max = 0.07607142857142857
dB max = 0.07607142857142857
hk max = 2.1615093838470036
hk min = -4.4628913240594255
hz max = 4.88686705368375
hz min = -10.168589100649047
lambdaF max = Inf
lambdaF min = 0.0010822033550599308
lambdaB max = Inf
lambdaB min = 0.0010822033550599308
----------------------------------
----------------------------------
Iteration = 52
Distance = 0.2261128221132349
v max = -3.045155329966764
v min = -12.868702671172016
d max = 0.07607142857142857
d min = 0.07607142857142857
dF max = 0.07607142857142857
dB max = 0.07607142857142857
hk max = 2.2744816452237
hk min = -4.6506886065035395
hz max = 5.143622193176241
hz min = -10.595401106203852
lambdaF max = Inf
lambdaF min = 0.0010822033550599308
lambdaB max = Inf
lambdaB min = 0.0010822033550599308
----------------------------------
Delta = 0.00030517578125
----------------------------------
Iteration = 53
Distance = 0.12405117464045112
v max = -3.0451579833834006
v min = -12.992753845812468
d max = 0.07607142857142857
d min = 0.07607142857142857
dF max = 0.07607142857142857
dB max = 0.07607142857142857
hk max = 2.398225735552321
hk min = -4.856554429541765
hz max = 5.424858762104925
hz min = -11.063277976745272
lambdaF max = Inf
lambdaF min = 0.0010822033550599308
lambdaB max = Inf
lambdaB min = 0.0010822033550599308
----------------------------------
----------------------------------
Iteration = 54
Distance = 0.13012893851960428
v max = -3.045160636716294
v min = -13.122882784332072
d max = 0.07607142857142857
d min = 0.07607142857142857
dF max = 0.07607142857142857
dB max = 0.07607142857142857
hk max = 2.466908709902923
hk min = -4.970371636607812
hz max = 5.580956431083567
hz min = -11.321953447349925
lambdaF max = Inf
lambdaF min = 0.0010822033550599308
lambdaB max = Inf
lambdaB min = 0.0010822033550599308
----------------------------------
----------------------------------
Iteration = 55
Distance = 0.13668405636476066
v max = -3.045163289981282
v min = -13.259566840696833
d max = 0.07607142857142857
d min = 0.07607142857142857
dF max = 0.07607142857142857
dB max = 0.07607142857142857
hk max = 2.539177686772816
hk min = -5.090180356352837
hz max = 5.745204105787868
hz min = -11.594245992224982
lambdaF max = Inf
lambdaF min = 0.0010822033550599308
lambdaB max = Inf
lambdaB min = 0.0010822033550599308
----------------------------------
Delta = 0.000152587890625
----------------------------------
Iteration = 56
Distance = 0.0720046339540179
v max = -3.045164616630515
v min = -13.33157147465085
d max = 0.07607142857142857
d min = 0.07607142857142857
dF max = 0.07607142857142857
dB max = 0.07607142857142857
hk max = 2.6153263635132626
hk min = -5.216463748463906
hz max = 5.918269280197975
hz min = -11.88125370156832
lambdaF max = Inf
lambdaF min = 0.0010822033550599308
lambdaB max = Inf
lambdaB min = 0.0010822033550599308
----------------------------------
----------------------------------
Iteration = 57
Distance = 0.07391777311901748
v max = -3.045165943259224
v min = -13.405489247769868
d max = 0.07607142857142857
d min = 0.07607142857142857
dF max = 0.07607142857142857
dB max = 0.07607142857142857
hk max = 2.655682196905294
hk min = -5.283258649147727
hz max = 6.009987083361683
hz min = -12.03306029403155
lambdaF max = Inf
lambdaF min = 0.0010822033550599308
lambdaB max = Inf
lambdaB min = 0.0010822033550599308
----------------------------------
----------------------------------
Iteration = 58
Distance = 0.07591148752037213
v max = -3.045167269871354
v min = -13.48140073529024
d max = 0.07607142857142857
d min = 0.07607142857142857
dF max = 0.07607142857142857
dB max = 0.07607142857142857
hk max = 2.697177480752202
hk min = -5.351951309510144
hz max = 6.10429454665011
hz min = -12.189179976673408
lambdaF max = Inf
lambdaF min = 0.0010822033550599308
lambdaB max = Inf
lambdaB min = 0.0010822033550599308
----------------------------------
Delta = 7.62939453125e-5
----------------------------------
Iteration = 59
Distance = 0.039028142663037
v max = -3.0451679331817463
v min = -13.520428877953277
d max = 0.07607142857142857
d min = 0.07607142857142857
dF max = 0.07607142857142857
dB max = 0.07607142857142857
hk max = 2.7398620342974107
hk min = -5.422623572430507
hz max = 6.201304895616493
hz min = -12.349798756037869
lambdaF max = Inf
lambdaF min = 0.0010822033550599308
lambdaB max = Inf
lambdaB min = 0.0010822033550599308
----------------------------------
----------------------------------
Iteration = 60
Distance = 0.039569636292426935
v max = -3.045168596487059
v min = -13.559998514245704
d max = 0.07607142857142857
d min = 0.07607142857142857
dF max = 0.07607142857142857
dB max = 0.07607142857142857
hk max = 2.7618741929474826
hk min = -5.459033372046205
hz max = 6.251332528912111
hz min = -12.432548300619
lambdaF max = Inf
lambdaF min = 0.0010822033550599308
lambdaB max = Inf
lambdaB min = 0.0010822033550599308
----------------------------------
----------------------------------
Iteration = 61
Distance = 0.04012296484608413
v max = -3.0451692597882767
v min = -13.600121479091788
d max = 0.07607142857142857
d min = 0.07607142857142857
dF max = 0.07607142857142857
dB max = 0.07607142857142857
hk max = 2.784210380539172
hk min = -5.495981983143735
hz max = 6.302096591620496
hz min = -12.516522416749751
lambdaF max = Inf
lambdaF min = 0.0010822033550599308
lambdaB max = Inf
lambdaB min = 0.0010822033550599308
----------------------------------
Delta = 3.814697265625e-5
----------------------------------
Iteration = 62
Distance = 0.020352864898185885
v max = -3.045169591439985
v min = -13.620474343989974
d max = 0.07607142857142857
d min = 0.07607142857142857
dF max = 0.07607142857142857
dB max = 0.07607142857142857
hk max = 2.8068779326997753
hk min = -5.533481447619373
hz max = 6.3536137556218675
hz min = -12.601748472376201
lambdaF max = Inf
lambdaF min = 0.0010822033550599308
lambdaB max = Inf
lambdaB min = 0.0010822033550599308
----------------------------------
----------------------------------
Iteration = 63
Distance = 0.020497270610105645
v max = -3.0451699230904303
v min = -13.64097161460008
d max = 0.07607142857142857
d min = 0.07607142857142857
dF max = 0.07607142857142857
dB max = 0.07607142857142857
hk max = 2.818393978117241
hk min = -5.552523453590283
hz max = 6.379786586116108
hz min = -12.645025758673725
lambdaF max = Inf
lambdaF min = 0.0010822033550599308
lambdaB max = Inf
lambdaB min = 0.0010822033550599308
----------------------------------
----------------------------------
Iteration = 64
Distance = 0.02064328499208834
v max = -3.0451702547398574
v min = -13.661614899592168
d max = 0.07607142857142857
d min = 0.07607142857142857
dF max = 0.07607142857142857
dB max = 0.07607142857142857
hk max = 2.8299966390911164
hk min = -5.571709372966842
hz max = 6.406156270147643
hz min = -12.688630120893176
lambdaF max = Inf
lambdaF min = 0.0010822033550599308
lambdaB max = Inf
lambdaB min = 0.0010822033550599308
----------------------------------
Delta = 1.9073486328125e-5
----------------------------------
Iteration = 65
Distance = 0.010397674045348637
v max = -3.0451704205648484
v min = -13.672012573637517
d max = 0.07607142857142857
d min = 0.07607142857142857
dF max = 0.07607142857142857
dB max = 0.07607142857142857
hk max = 2.8416869139578216
hk min = -5.591040843948628
hz max = 6.432725076662883
hz min = -12.732565282215417
lambdaF max = Inf
lambdaF min = 0.0010822033550599308
lambdaB max = Inf
lambdaB min = 0.0010822033550599308
----------------------------------
----------------------------------
Iteration = 66
Distance = 0.010434985583650302
v max = -3.0451705863895238
v min = -13.682447559221167
d max = 0.07607142857142857
d min = 0.07607142857142857
dF max = 0.07607142857142857
dB max = 0.07607142857142857
hk max = 2.847579645006397
hk min = -5.600782914806612
hz max = 6.446117647227826
hz min = -12.754706352347199
lambdaF max = Inf
lambdaF min = 0.0010822033550599308
lambdaB max = Inf
lambdaB min = 0.0010822033550599308
----------------------------------
----------------------------------
Iteration = 67
Distance = 0.010472506985927055
v max = -3.045170752213946
v min = -13.692920066207094
d max = 0.07607142857142857
d min = 0.07607142857142857
dF max = 0.07607142857142857
dB max = 0.07607142857142857
hk max = 2.853494782105653
hk min = -5.610562198812075
hz max = 6.459561140635227
hz min = -12.776931997814161
lambdaF max = Inf
lambdaF min = 0.0010822033550599308
lambdaB max = Inf
lambdaB min = 0.0010822033550599308
----------------------------------
Delta = 9.5367431640625e-6
----------------------------------
Iteration = 68
Distance = 0.005255678530133423
v max = -3.045170835126226
v min = -13.698175744737227
d max = 0.07607142857142857
d min = 0.07607142857142857
dF max = 0.07607142857142857
dB max = 0.07607142857142857
hk max = 2.859432455576266
hk min = -5.620378909771235
hz max = 6.473055853068438
hz min = -12.799242704539523
lambdaF max = Inf
lambdaF min = 0.0010822033550599308
lambdaB max = Inf
lambdaB min = 0.0010822033550599308
----------------------------------
----------------------------------
Iteration = 69
Distance = 0.005265163117313065
v max = -3.045170918038428
v min = -13.70344090785454
d max = 0.07607142857142857
d min = 0.07607142857142857
dF max = 0.07607142857142857
dB max = 0.07607142857142857
hk max = 2.8624134561088557
hk min = -5.62530677700949
hz max = 6.479830854278869
hz min = -12.810442402808285
lambdaF max = Inf
lambdaF min = 0.0010822033550599308
lambdaB max = Inf
lambdaB min = 0.0010822033550599308
----------------------------------
----------------------------------
Iteration = 70
Distance = 0.005274674510049593
v max = -3.045171000950566
v min = -13.70871558236459
d max = 0.07607142857142857
d min = 0.07607142857142857
dF max = 0.07607142857142857
dB max = 0.07607142857142857
hk max = 2.865400155605711
hk min = -5.6302441074860745
hz max = 6.486618807680812
hz min = -12.821663608436886
lambdaF max = Inf
lambdaF min = 0.0010822033550599308
lambdaB max = Inf
lambdaB min = 0.0010822033550599308
----------------------------------
Delta = 4.76837158203125e-6
----------------------------------
Iteration = 71
Distance = 0.0026422468976736724
v max = -3.0451710424066536
v min = -13.711357829262264
d max = 0.07607142857142857
d min = 0.07607142857142857
dF max = 0.07607142857142857
dB max = 0.07607142857142857
hk max = 2.8683925707172384
hk min = -5.635190928515603
hz max = 6.493419751116102
hz min = -12.832906383503996
lambdaF max = Inf
lambdaF min = 0.0010822033550599308
lambdaB max = Inf
lambdaB min = 0.0010822033550599308
----------------------------------
----------------------------------
Iteration = 72
Distance = 0.0026446379846891688
v max = -3.045171083862721
v min = -13.714002467246953
d max = 0.07607142857142857
d min = 0.07607142857142857
dF max = 0.07607142857142857
dB max = 0.07607142857142857
hk max = 2.869891853190444
hk min = -5.637669271741547
hz max = 6.496827211282478
hz min = -12.838538981744778
lambdaF max = Inf
lambdaF min = 0.0010822033550599308
lambdaB max = Inf
lambdaB min = 0.0010822033550599308
----------------------------------
----------------------------------
Iteration = 73
Distance = 0.0026470324589968897
v max = -3.045171125318773
v min = -13.71664949970595
d max = 0.07607142857142857
d min = 0.07607142857142857
dF max = 0.07607142857142857
dB max = 0.07607142857142857
hk max = 2.8713925728085505
hk min = -5.640150001134026
hz max = 6.500237937687266
hz min = -12.844177003091323
lambdaF max = Inf
lambdaF min = 0.0010822033550599308
lambdaB max = Inf
lambdaB min = 0.0010822033550599308
----------------------------------
Delta = 2.384185791015625e-6
----------------------------------
Iteration = 74
Distance = 0.0013247503924525006
v max = -3.045171146046802
v min = -13.717974250098402
d max = 0.07607142857142857
d min = 0.07607142857142857
dF max = 0.07607142857142857
dB max = 0.07607142857142857
hk max = 2.872894731675821
hk min = -5.642633120144957
hz max = 6.503651935112881
hz min = -12.849820455388892
lambdaF max = Inf
lambdaF min = 0.0010822033550599308
lambdaB max = Inf
lambdaB min = 0.0010822033550599308
----------------------------------
----------------------------------
Iteration = 75
Distance = 0.0013253506791670588
v max = -3.0451711667748267
v min = -13.71929960077757
d max = 0.07607142857142857
d min = 0.07607142857142857
dF max = 0.07607142857142857
dB max = 0.07607142857142857
hk max = 2.8736465841356704
hk min = -5.643875919756743
hz max = 6.505360690703448
hz min = -12.852644999961132
lambdaF max = Inf
lambdaF min = 0.0010822033550599308
lambdaB max = Inf
lambdaB min = 0.0010822033550599308
----------------------------------
----------------------------------
Iteration = 76
Distance = 0.0013259513916086263
v max = -3.0451711875028478
v min = -13.720625552169178
d max = 0.07607142857142857
d min = 0.07607142857142857
dF max = 0.07607142857142857
dB max = 0.07607142857142857
hk max = 2.8743987974463883
hk min = -5.645119318477894
hz max = 6.507070266409624
hz min = -12.855470906145568
lambdaF max = Inf
lambdaF min = 0.0010822033550599308
lambdaB max = Inf
lambdaB min = 0.0010822033550599308
----------------------------------
Delta = 1.1920928955078125e-6
----------------------------------
Iteration = 77
Distance = 0.0006632850856007622
v max = -3.0451711978668587
v min = -13.721288837254779
d max = 0.07607142857142857
d min = 0.07607142857142857
dF max = 0.07607142857142857
dB max = 0.07607142857142857
hk max = 2.8751513718724326
hk min = -5.646363316742262
hz max = 6.508780662832453
hz min = -12.858298174928223
lambdaF max = Inf
lambdaF min = 0.0010822033550599308
lambdaB max = Inf
lambdaB min = 0.0010822033550599308
----------------------------------
----------------------------------
Iteration = 78
Distance = 0.000663435473066798
v max = -3.045171208230869
v min = -13.721952272727846
d max = 0.07607142857142857
d min = 0.07607142857142857
dF max = 0.07607142857142857
dB max = 0.07607142857142857
hk max = 2.8755278528823283
hk min = -5.646985626772285
hz max = 6.509636301491306
hz min = -12.859712515905544
lambdaF max = Inf
lambdaF min = 0.0010822033550599308
lambdaB max = Inf
lambdaB min = 0.0010822033550599308
----------------------------------
----------------------------------
Iteration = 79
Distance = 0.0006635859138910405
v max = -3.045171218594878
v min = -13.722615858641737
d max = 0.07607142857142857
d min = 0.07607142857142857
dF max = 0.07607142857142857
dB max = 0.07607142857142857
hk max = 2.8759044243014213
hk min = -5.647608086902074
hz max = 6.510492145625609
hz min = -12.861127198018703
lambdaF max = Inf
lambdaF min = 0.0010822033550599308
lambdaB max = Inf
lambdaB min = 0.0010822033550599308
----------------------------------
Delta = 5.960464477539062e-7
----------------------------------
Iteration = 80
Distance = 0.0003318704108448145
v max = -3.045171223776884
v min = -13.722947729052581
d max = 0.07607142857142857
d min = 0.07607142857142857
dF max = 0.07607142857142857
dB max = 0.07607142857142857
hk max = 2.8762810861628436
hk min = -5.648230697186007
hz max = 6.511348195310659
hz min = -12.862542221391276
lambdaF max = Inf
lambdaF min = 0.0010822033550599308
lambdaB max = Inf
lambdaB min = 0.0010822033550599308
----------------------------------
----------------------------------
Iteration = 81
Distance = 0.0003319080472703462
v max = -3.0451712289588895
v min = -13.723279637099852
d max = 0.07607142857142857
d min = 0.07607142857142857
dF max = 0.07607142857142857
dB max = 0.07607142857142857
hk max = 2.876469465610517
hk min = -5.6485420801616675
hz max = 6.511776330419008
hz min = -12.863249909972327
lambdaF max = Inf
lambdaF min = 0.0010822033550599308
lambdaB max = Inf
lambdaB min = 0.0010822033550599308
----------------------------------
----------------------------------
Iteration = 82
Distance = 0.0003319456903785323
v max = -3.045171234140894
v min = -13.72361158279023
d max = 0.07607142857142857
d min = 0.07607142857142857
dF max = 0.07607142857142857
dB max = 0.07607142857142857
hk max = 2.876657867685101
hk min = -5.648853500702666
hz max = 6.512204516952153
hz min = -12.863957683929138
lambdaF max = Inf
lambdaF min = 0.0010822033550599308
lambdaB max = Inf
lambdaB min = 0.0010822033550599308
----------------------------------
Delta = 2.980232238769531e-7
----------------------------------
Iteration = 83
Distance = 0.0001659922219872101
v max = -3.0451712367318966
v min = -13.723777575012218
d max = 0.07607142857142857
d min = 0.07607142857142857
dF max = 0.07607142857142857
dB max = 0.07607142857142857
hk max = 2.876846292390745
hk min = -5.649164958815803
hz max = 6.512632754919526
hz min = -12.864665543277178
lambdaF max = Inf
lambdaF min = 0.0010822033550599308
lambdaB max = Inf
lambdaB min = 0.0010822033550599308
----------------------------------
----------------------------------
Iteration = 84
Distance = 0.00016600163604429952
v max = -3.045171239322899
v min = -13.723943576648262
d max = 0.07607142857142857
d min = 0.07607142857142857
dF max = 0.07607142857142857
dB max = 0.07607142857142857
hk max = 2.8769405168812865
hk min = -5.649320707344468
hz max = 6.512846901488938
hz min = -12.865019517205962
lambdaF max = Inf
lambdaF min = 0.0010822033550599308
lambdaB max = Inf
lambdaB min = 0.0010822033550599308
----------------------------------
----------------------------------
Iteration = 85
Distance = 0.00016601105093805302
v max = -3.045171241913901
v min = -13.7241095876992
d max = 0.07607142857142857
d min = 0.07607142857142857
dF max = 0.07607142857142857
dB max = 0.07607142857142857
hk max = 2.8770347470316344
hk min = -5.64947646526952
hz max = 6.513061060921547
hz min = -12.865373512490171
lambdaF max = Inf
lambdaF min = 0.0010822033550599308
lambdaB max = Inf
lambdaB min = 0.0010822033550599308
----------------------------------
Delta = 1.4901161193847656e-7
----------------------------------
Iteration = 86
Distance = 8.301037133762179e-5
v max = -3.045171243209403
v min = -13.724192598070537
d max = 0.07607142857142857
d min = 0.07607142857142857
dF max = 0.07607142857142857
dB max = 0.07607142857142857
hk max = 2.8771289828423106
hk min = -5.649632232591813
hz max = 6.513275233218539
hz min = -12.865727529131744
lambdaF max = Inf
lambdaF min = 0.0010822033550599308
lambdaB max = Inf
lambdaB min = 0.0010822033550599308
----------------------------------
----------------------------------
Iteration = 87
Distance = 8.301272547051042e-5
v max = -3.045171244504905
v min = -13.724275610796008
d max = 0.07607142857142857
d min = 0.07607142857142857
dF max = 0.07607142857142857
dB max = 0.07607142857142857
hk max = 2.8771761037831407
hk min = -5.649710121122692
hz max = 6.51338232626588
hz min = -12.865904548520108
lambdaF max = Inf
lambdaF min = 0.0010822033550599308
lambdaB max = Inf
lambdaB min = 0.0010822033550599308
----------------------------------
----------------------------------
Iteration = 88
Distance = 8.301507970998045e-5
v max = -3.0451712458004065
v min = -13.724358625875718
d max = 0.07607142857142857
d min = 0.07607142857142857
dF max = 0.07607142857142857
dB max = 0.07607142857142857
hk max = 2.877223226139308
hk min = -5.649788012003303
hz max = 6.513489422529897
hz min = -12.86608157324877
lambdaF max = Inf
lambdaF min = 0.0010822033550599308
lambdaB max = Inf
lambdaB min = 0.0010822033550599308
----------------------------------
Delta = 7.450580596923828e-8
----------------------------------
Iteration = 89
Distance = 4.1508751529306664e-5
v max = -3.0451712464481564
v min = -13.724400134627247
d max = 0.07607142857142857
d min = 0.07607142857142857
dF max = 0.07607142857142857
dB max = 0.07607142857142857
hk max = 2.877270349910877
hk min = -5.649865905233754
hz max = 6.513596522010736
hz min = -12.866258603317975
lambdaF max = Inf
lambdaF min = 0.0010822033550599308
lambdaB max = Inf
lambdaB min = 0.0010822033550599308
----------------------------------
----------------------------------
Iteration = 90
Distance = 4.150934014113261e-5
v max = -3.0451712470959067
v min = -13.724441643967388
d max = 0.07607142857142857
d min = 0.07607142857142857
dF max = 0.07607142857142857
dB max = 0.07607142857142857
hk max = 2.877293912555669
hk min = -5.649904853066625
hz max = 6.513650073476172
hz min = -12.866347121119956
lambdaF max = Inf
lambdaF min = 0.0010822033550599308
lambdaB max = Inf
lambdaB min = 0.0010822033550599308
----------------------------------
----------------------------------
Iteration = 91
Distance = 4.150992876716941e-5
v max = -3.045171247743657
v min = -13.724483153896156
d max = 0.07607142857142857
d min = 0.07607142857142857
dF max = 0.07607142857142857
dB max = 0.07607142857142857
hk max = 2.877317475554341
hk min = -5.649943801487011
hz max = 6.5137036257458805
hz min = -12.866435640257198
lambdaF max = Inf
lambdaF min = 0.0010822033550599308
lambdaB max = Inf
lambdaB min = 0.0010822033550599308
----------------------------------
Delta = 3.725290298461914e-8
----------------------------------
Iteration = 92
Distance = 2.075526732703281e-5
v max = -3.045171248067532
v min = -13.724503909163483
d max = 0.07607142857142857
d min = 0.07607142857142857
dF max = 0.07607142857142857
dB max = 0.07607142857142857
hk max = 2.8773410389069087
hk min = -5.6499827504949245
hz max = 6.513757178819898
hz min = -12.866524160729728
lambdaF max = Inf
lambdaF min = 0.0010822033550599308
lambdaB max = Inf
lambdaB min = 0.0010822033550599308
----------------------------------
----------------------------------
Iteration = 93
Distance = 2.0755414487538815e-5
v max = -3.045171248391407
v min = -13.72452466457797
d max = 0.07607142857142857
d min = 0.07607142857142857
dF max = 0.07607142857142857
dB max = 0.07607142857142857
hk max = 2.877352820772959
hk min = -5.650002225303316
hz max = 6.5137839557881945
hz min = -12.86656842165789
lambdaF max = Inf
lambdaF min = 0.0010822033550599308
lambdaB max = Inf
lambdaB min = 0.0010822033550599308
----------------------------------
----------------------------------
Iteration = 94
Distance = 2.075556165159753e-5
v max = -3.0451712487152824
v min = -13.724545420139622
d max = 0.07607142857142857
d min = 0.07607142857142857
dF max = 0.07607142857142857
dB max = 0.07607142857142857
hk max = 2.8773646027274853
hk min = -5.650021700258595
hz max = 6.513810732957572
hz min = -12.866612682919888
lambdaF max = Inf
lambdaF min = 0.0010822033550599308
lambdaB max = Inf
lambdaB min = 0.0010822033550599308
----------------------------------
Delta = 1.862645149230957e-8
----------------------------------
Iteration = 95
Distance = 1.0377856566989863e-5
v max = -3.0451712488772205
v min = -13.724555797996189
d max = 0.07607142857142857
d min = 0.07607142857142857
dF max = 0.07607142857142857
dB max = 0.07607142857142857
hk max = 2.8773763847704887
hk min = -5.650041175360764
hz max = 6.513837510328034
hz min = -12.866656944515725
lambdaF max = Inf
lambdaF min = 0.0010822033550599308
lambdaB max = Inf
lambdaB min = 0.0010822033550599308
----------------------------------
----------------------------------
Iteration = 96
Distance = 1.037789335889272e-5
v max = -3.045171249039158
v min = -13.724566175889548
d max = 0.07607142857142857
d min = 0.07607142857142857
dF max = 0.07607142857142857
dB max = 0.07607142857142857
hk max = 2.877382275839438
hk min = -5.650050912987961
hz max = 6.513850899121101
hz min = -12.866679075486628
lambdaF max = Inf
lambdaF min = 0.0010822033550599308
lambdaB max = Inf
lambdaB min = 0.0010822033550599308
----------------------------------
----------------------------------
Iteration = 97
Distance = 1.0377930150795578e-5
v max = -3.045171249201096
v min = -13.724576553819698
d max = 0.07607142857142857
d min = 0.07607142857142857
dF max = 0.07607142857142857
dB max = 0.07607142857142857
hk max = 2.8773881669305066
hk min = -5.650060650651881
hz max = 6.513864287964439
hz min = -12.866701206540991
lambdaF max = Inf
lambdaF min = 0.0010822033550599308
lambdaB max = Inf
lambdaB min = 0.0010822033550599308
----------------------------------
Delta = 9.313225746154785e-9
----------------------------------
Iteration = 98
Distance = 5.1889840104735185e-6
v max = -3.045171249282064
v min = -13.724581742803709
d max = 0.07607142857142857
d min = 0.07607142857142857
dF max = 0.07607142857142857
dB max = 0.07607142857142857
hk max = 2.8773940580436963
hk min = -5.650070388352527
hz max = 6.513877676858052
hz min = -12.866723337678826
lambdaF max = Inf
lambdaF min = 0.0010822033550599308
lambdaB max = Inf
lambdaB min = 0.0010822033550599308
----------------------------------
    Value Function Converged, Iteration = 98 with gamma=7.0 with rho=1.0 and v=-3.3327715352199427
    Reflective boundary condition
=============================================================
Convegence time (minutes): 0.11342993086666667
Current Time = 22:23:43
grid points for z:  401
grid size for z:  0.025
-1.075670517613377
0.8952481217365906
--- 8.524969577789307 seconds for the elasticity computation ---
-0.29196426877678594
0.48604912432607505
--- 0.06892085075378418 seconds for the elasticity computation ---
-0.2501520685314104
0.4091989974105155
--- 0.06434392929077148 seconds for the elasticity computation ---
-1.1500251187004058
0.8896041816235136
--- 0.0634610652923584 seconds for the elasticity computation ---
Current Time = 22:23:54
grid points for z:  401
grid size for z:  0.025
rho = 1
0.05935460108702888
--- 8.565649271011353 seconds for the elasticity computation ---
0.0
--- 0.07195258140563965 seconds for the elasticity computation ---
0.05935460108702888
--- 0.06821107864379883 seconds for the elasticity computation ---
0.0
--- 0.06699800491333008 seconds for the elasticity computation ---
0.0
--- 0.06670141220092773 seconds for the elasticity computation ---
0.05935460108702888
0.005643940113077034
--- 0.06712961196899414 seconds for the elasticity computation ---
0.05935460108702888
0.005643940113077034
--- 0.0668022632598877 seconds for the elasticity computation ---
0.05935460108702888
0.005643940113077034
--- 0.06681203842163086 seconds for the elasticity computation ---
0.05935460108702888
0.005643940113077034
--- 0.0670156478881836 seconds for the elasticity computation ---
parsed_args = parse_commandline() = Dict{String, Any}("dataname" => "lower_triangular_two_ambiguous_parameters", "clowerlim" => 0.0001, "delta" => 0.015, "boundary" => 1, "Delta" => 10.0, "q" => 0.3, "zmax" => 5.0, "logadjustment" => 1, "zscale" => 2.0, "foc" => 1, "distorted" => 0, "rho" => 1.0, "gamma" => 7.0)
=============================================================
./output/lower_triangular_two_ambiguous_parameters/Delta_10.0_distorted_0/logadjustment_1_boundary_1/zmax_5.0_zscale_2.0/delta_0.015/q_0.3_gamma_7.0_rho_1.0/
=============================================================
solve for structured linear system 
structured_relative_entropy = 0.30589050898976267
=============================================================
solve for unstructured linear system 
q_update = 0.5979049139053869
=============================================================
parsed_args = parse_commandline() = Dict{String, Any}("dataname" => "lower_triangular_two_ambiguous_parameters", "clowerlim" => 0.0001, "delta" => 0.015, "boundary" => 1, "Delta" => 10.0, "q" => 0.3, "zmax" => 5.0, "logadjustment" => 1, "zscale" => 2.0, "foc" => 1, "distorted" => 0, "rho" => 1.0, "gamma" => 7.0)
=============================================================
./output/lower_triangular_two_ambiguous_parameters/Delta_10.0_distorted_0/logadjustment_1_boundary_1/zmax_5.0_zscale_2.0/delta_0.015/q_0.3_gamma_7.0_rho_1.0/
=============================================================
solve for structured linear system 
structured_relative_entropy = 0.30589050898976294
=============================================================
solve for unstructured linear system 
q_update = 0.597905473328298
=============================================================
Program ends Fri Jan 19 22:24:36 CST 2024
Elapsed time: 0 days 00 hr 01 min 20 sec
