D_10.0_distorted_0_boundary_1_delta_0.02_gamma_12.0_q_0.1_rho_1.0_upper_triangular_four_ambiguous_parameters
Program starts Fri Jan 19 22:17:28 CST 2024
parsed_args = parse_commandline() = Dict{String, Any}("dataname" => "upper_triangular_four_ambiguous_parameters", "clowerlim" => 0.0001, "delta" => 0.02, "boundary" => 1, "Delta" => 10.0, "q" => 0.1, "zmax" => 5.0, "logadjustment" => 1, "zscale" => 2.0, "foc" => 1, "distorted" => 0, "rho" => 1.0, "gamma" => 12.0)
=============================================================
logadjustment: true
reflective_boundary: true
0.109
U: [1.0331966455186503 0.4546065240282061; 0.0 0.06463435618925897]
L: [1.0331966455186503 0.0; 0.4546065240282061 0.06463435618925897]
[-2.220446049250313e-16 0.0; 0.0 0.0]
sigma_k: [0.010331966455186503, 0.004546065240282061]
sigma_z: [0.0, 0.06463435618925897]
Compute value function WITH ROBUSTNESS
computing undistorted version...
zmax = 5.0, zmin = -5.0, zlength = 401
reflective boundary condition
----------------------------------
Iteration = 1
Distance = 1.2147705340774908
v max = -0.94539260713384
v min = -3.214770534077491
d max = 0.07672413793103448
d min = 0.07672413793103448
dF max = 0.07672413793103448
dB max = 0.07672413793103448
hk max = 0.010331966455186503
hk min = 0.010331966455186503
hz max = 0.004546065240282061
hz min = 0.004546065240282061
lambdaF max = 0.1596347330627016
lambdaF min = 0.006028620769798677
lambdaB max = 0.1596347330627016
lambdaB min = 0.006028620769798677
----------------------------------
----------------------------------
Iteration = 2
Distance = 0.9422840253774951
v max = -0.6824242255302939
v min = -4.157054559454986
d max = 0.07672413793103448
d min = 0.07672413793103448
dF max = 0.07672413793103448
dB max = 0.07672413793103448
hk max = 0.010331966455186503
hk min = 0.010331966455186503
hz max = 0.019235691646935688
hz min = 0.015895430289475317
lambdaF max = 0.30879163329564424
lambdaF min = 0.006028620769798677
lambdaB max = 0.30879163329564424
lambdaB min = 0.006028620769798677
----------------------------------
----------------------------------
Iteration = 3
Distance = 0.6549539816856491
v max = -0.5990217899288703
v min = -4.812008541140635
d max = 0.07672413793103448
d min = 0.07672413793103448
dF max = 0.07672413793103448
dB max = 0.07672413793103448
hk max = 0.010331966455186503
hk min = 0.010331966455186503
hz max = 0.030357593279086267
hz min = 0.020789491028148047
lambdaF max = 0.4075727139900853
lambdaF min = 0.006028620769798677
lambdaB max = 0.41104832139439873
lambdaB min = 0.006028620769798677
----------------------------------
----------------------------------
Iteration = 4
Distance = 0.4696996222407801
v max = -0.599994147872805
v min = -5.281708163381415
d max = 0.07672413793103448
d min = 0.07672413793103448
dF max = 0.07672413793103448
dB max = 0.07672413793103448
hk max = 0.010331966455186503
hk min = 0.010331966455186503
hz max = 0.03760709616551841
hz min = 0.02211309828163459
lambdaF max = 0.47997733120923924
lambdaF min = 0.006028620769798677
lambdaB max = 0.4857958128225522
lambdaB min = 0.006028620769798677
----------------------------------
----------------------------------
Iteration = 5
Distance = 0.34722037355379687
v max = -0.6354288566802191
v min = -5.628928536935212
d max = 0.07672413793103448
d min = 0.07672413793103448
dF max = 0.07672413793103448
dB max = 0.07672413793103448
hk max = 0.010331966455186503
hk min = 0.010331966455186503
hz max = 0.04236713913766236
hz min = 0.023271587993948906
lambdaF max = 0.5333135124076634
lambdaF min = 0.006028620769798677
lambdaB max = 0.5408892967137595
lambdaB min = 0.006028620769798677
----------------------------------
----------------------------------
Iteration = 6
Distance = 0.2619395037259604
v max = -0.6835075364738028
v min = -5.890868040661172
d max = 0.07672413793103448
d min = 0.07672413793103448
dF max = 0.07672413793103448
dB max = 0.07672413793103448
hk max = 0.010331966455186503
hk min = 0.010331966455186503
hz max = 0.04553308099836162
hz min = 0.02353895981315759
lambdaF max = 0.5734818735498052
lambdaF min = 0.006028620769798677
lambdaB max = 0.5822227770878495
lambdaB min = 0.006028620769798677
----------------------------------
----------------------------------
Iteration = 7
Distance = 0.20073856834494652
v max = -0.7364817725430469
v min = -6.091606609006119
d max = 0.07672413793103448
d min = 0.07672413793103448
dF max = 0.07672413793103448
dB max = 0.07672413793103448
hk max = 0.010331966455186503
hk min = 0.010331966455186503
hz max = 0.047649184777497675
hz min = 0.023860158812525838
lambdaF max = 0.6034295072457231
lambdaF min = 0.006028620769798677
lambdaB max = 0.6127971957695234
lambdaB min = 0.006028620769798677
----------------------------------
----------------------------------
Iteration = 8
Distance = 0.1558565983857001
v max = -0.7902849358853312
v min = -6.247463207391819
d max = 0.07672413793103448
d min = 0.07672413793103448
dF max = 0.07672413793103448
dB max = 0.07672413793103448
hk max = 0.010331966455186503
hk min = 0.010331966455186503
hz max = 0.04906681439406803
hz min = 0.02399861868295831
lambdaF max = 0.6247596849487382
lambdaF min = 0.006028620769798677
lambdaB max = 0.6343380608230493
lambdaB min = 0.006028620769798677
----------------------------------
----------------------------------
Iteration = 9
Distance = 0.12235908946556417
v max = -0.8428712087894318
v min = -6.369822296857383
d max = 0.07672413793103448
d min = 0.07672413793103448
dF max = 0.07672413793103448
dB max = 0.07672413793103448
hk max = 0.010331966455186503
hk min = 0.010331966455186503
hz max = 0.05001762405798269
hz min = 0.02415361335634671
lambdaF max = 0.6388613070551247
lambdaF min = 0.006028620769798677
lambdaB max = 0.648417795981525
lambdaB min = 0.006028620769798677
----------------------------------
----------------------------------
Iteration = 10
Distance = 0.09697964777374857
v max = -0.8925515867533292
v min = -6.466801944631132
d max = 0.07672413793103448
d min = 0.07672413793103448
dF max = 0.07672413793103448
dB max = 0.07672413793103448
hk max = 0.010331966455186503
hk min = 0.010331966455186503
hz max = 0.05065581731926992
hz min = 0.02425299524712643
lambdaF max = 0.6474899136562997
lambdaF min = 0.006028620769798677
lambdaB max = 0.6569662508630738
lambdaB min = 0.006028620769798677
----------------------------------
----------------------------------
Iteration = 11
Distance = 0.07749569891107821
v max = -0.9383910718752965
v min = -6.54429764354221
d max = 0.07672413793103448
d min = 0.07672413793103448
dF max = 0.07672413793103448
dB max = 0.07672413793103448
hk max = 0.010331966455186503
hk min = 0.010331966455186503
hz max = 0.05108440440015911
hz min = 0.02433818990742336
lambdaF max = 0.6526055491101591
lambdaF min = 0.006028620769798677
lambdaB max = 0.6620496571649155
lambdaB min = 0.006028620769798677
----------------------------------
----------------------------------
Iteration = 12
Distance = 0.06236203118377315
v max = -0.9796964603848826
v min = -6.606659674725983
d max = 0.07672413793103448
d min = 0.07672413793103448
dF max = 0.07672413793103448
dB max = 0.07672413793103448
hk max = 0.010331966455186503
hk min = 0.010331966455186503
hz max = 0.05137232401561526
hz min = 0.024397452046211424
lambdaF max = 0.6558689673934122
lambdaF min = 0.006028620769798677
lambdaB max = 0.665352398701087
lambdaB min = 0.006028620769798677
----------------------------------
----------------------------------
Iteration = 13
Distance = 0.05048467507530496
v max = -1.01616014571388
v min = -6.657144349801288
d max = 0.07672413793103448
d min = 0.07672413793103448
dF max = 0.07672413793103448
dB max = 0.07672413793103448
hk max = 0.010331966455186503
hk min = 0.010331966455186503
hz max = 0.05156577131790823
hz min = 0.02443964866027404
lambdaF max = 0.6583066687545865
lambdaF min = 0.006028620769798677
lambdaB max = 0.6678663773587964
lambdaB min = 0.006028620769798677
----------------------------------
----------------------------------
Iteration = 14
Distance = 0.04107673290417502
v max = -1.0477675514075822
v min = -6.698221082705463
d max = 0.07672413793103448
d min = 0.07672413793103448
dF max = 0.07672413793103448
dB max = 0.07672413793103448
hk max = 0.010331966455186503
hk min = 0.010331966455186503
hz max = 0.051695741390697915
hz min = 0.024466024273672
lambdaF max = 0.6603108609976729
lambdaF min = 0.006028620769798677
lambdaB max = 0.6699342194446464
lambdaB min = 0.006028620769798677
----------------------------------
----------------------------------
Iteration = 15
Distance = 0.03356412392888508
v max = -1.0748578381945186
v min = -6.731785206634348
d max = 0.07672413793103448
d min = 0.07672413793103448
dF max = 0.07672413793103448
dB max = 0.07672413793103448
hk max = 0.010331966455186503
hk min = 0.010331966455186503
hz max = 0.05178305749817446
hz min = 0.024481511950568708
lambdaF max = 0.6618794886468728
lambdaF min = 0.006028620769798677
lambdaB max = 0.671525759347631
lambdaB min = 0.006028620769798677
----------------------------------
----------------------------------
Iteration = 16
Distance = 0.027522586484586498
v max = -1.0979427739967633
v min = -6.759307793118935
d max = 0.07672413793103448
d min = 0.07672413793103448
dF max = 0.07672413793103448
dB max = 0.07672413793103448
hk max = 0.010331966455186503
hk min = 0.010331966455186503
hz max = 0.051841720754588747
hz min = 0.024491385764516982
lambdaF max = 0.6629218575688723
lambdaF min = 0.006028620769798677
lambdaB max = 0.6725544891897215
lambdaB min = 0.006028620769798677
----------------------------------
----------------------------------
Iteration = 17
Distance = 0.022634692368659337
v max = -1.1175798951252445
v min = -6.781942485487594
d max = 0.07672413793103448
d min = 0.07672413793103448
dF max = 0.07672413793103448
dB max = 0.07672413793103448
hk max = 0.010331966455186503
hk min = 0.010331966455186503
hz max = 0.05188114385079412
hz min = 0.024498291994176545
lambdaF max = 0.6634615209491892
lambdaF min = 0.006028620769798677
lambdaB max = 0.6730674668857385
lambdaB min = 0.006028620769798677
----------------------------------
----------------------------------
Iteration = 18
Distance = 0.018660000025492174
v max = -1.134262211869473
v min = -6.800602485513086
d max = 0.07672413793103448
d min = 0.07672413793103448
dF max = 0.07672413793103448
dB max = 0.07672413793103448
hk max = 0.010331966455186503
hk min = 0.010331966455186503
hz max = 0.05190765256799807
hz min = 0.024504006917337996
lambdaF max = 0.6636625742874601
lambdaF min = 0.006028620769798677
lambdaB max = 0.6732513288717561
lambdaB min = 0.006028620769798677
----------------------------------
----------------------------------
Iteration = 19
Distance = 0.015414107590336457
v max = -1.1483981554236997
v min = -6.816016593103423
d max = 0.07672413793103448
d min = 0.07672413793103448
dF max = 0.07672413793103448
dB max = 0.07672413793103448
hk max = 0.010331966455186503
hk min = 0.010331966455186503
hz max = 0.051925481032662694
hz min = 0.024508417546891495
lambdaF max = 0.6637344557311878
lambdaF min = 0.006028620769798677
lambdaB max = 0.6733242419972739
lambdaB min = 0.006028620769798677
----------------------------------
----------------------------------
Iteration = 20
Distance = 0.012753894652653308
v max = -1.160320429277455
v min = -6.828770487756076
d max = 0.07672413793103448
d min = 0.07672413793103448
dF max = 0.07672413793103448
dB max = 0.07672413793103448
hk max = 0.010331966455186503
hk min = 0.010331966455186503
hz max = 0.05193746858506057
hz min = 0.024511591704313274
lambdaF max = 0.663824667110804
lambdaF min = 0.006028620769798677
lambdaB max = 0.6734281265333609
lambdaB min = 0.006028620769798677
----------------------------------
----------------------------------
Iteration = 21
Distance = 0.01056709825052149
v max = -1.170322730546774
v min = -6.8393375860065975
d max = 0.07672413793103448
d min = 0.07672413793103448
dF max = 0.07672413793103448
dB max = 0.07672413793103448
hk max = 0.010331966455186503
hk min = 0.010331966455186503
hz max = 0.051945523779857665
hz min = 0.024513330595380144
lambdaF max = 0.6639733702990173
lambdaF min = 0.006028620769798677
lambdaB max = 0.6735914010978956
lambdaB min = 0.006028620769798677
----------------------------------
----------------------------------
Iteration = 22
Distance = 0.008764887993991444
v max = -1.178682880368739
v min = -6.848102474000589
d max = 0.07672413793103448
d min = 0.07672413793103448
dF max = 0.07672413793103448
dB max = 0.07672413793103448
hk max = 0.010331966455186503
hk min = 0.010331966455186503
hz max = 0.051950932490301735
hz min = 0.02451407933174357
lambdaF max = 0.6641395624210334
lambdaF min = 0.006028620769798677
lambdaB max = 0.6737643668211004
lambdaB min = 0.006028620769798677
----------------------------------
----------------------------------
Iteration = 23
Distance = 0.007276478126599706
v max = -1.1856648006533639
v min = -6.855378952127189
d max = 0.07672413793103448
d min = 0.07672413793103448
dF max = 0.07672413793103448
dB max = 0.07672413793103448
hk max = 0.010331966455186503
hk min = 0.010331966455186503
hz max = 0.051954563282605844
hz min = 0.024514330796483862
lambdaF max = 0.6642626180191353
lambdaF min = 0.006028620769798677
lambdaB max = 0.6738850852204634
lambdaB min = 0.006028620769798677
----------------------------------
----------------------------------
Iteration = 24
Distance = 0.006045115333059847
v max = -1.191504719573907
v min = -6.8614240674602485
d max = 0.07672413793103448
d min = 0.07672413793103448
dF max = 0.07672413793103448
dB max = 0.07672413793103448
hk max = 0.010331966455186503
hk min = 0.010331966455186503
hz max = 0.051957002420117644
hz min = 0.02451456581608121
lambdaF max = 0.6643124800216208
lambdaF min = 0.006028620769798677
lambdaB max = 0.6739279995920552
lambdaB min = 0.006028620769798677
----------------------------------
----------------------------------
Iteration = 25
Distance = 0.005025022534611345
v max = -1.1963994339399027
v min = -6.86644908999486
d max = 0.07672413793103448
d min = 0.07672413793103448
dF max = 0.07672413793103448
dB max = 0.07672413793103448
hk max = 0.010331966455186503
hk min = 0.010331966455186503
hz max = 0.05195864365412075
hz min = 0.024514928845234832
lambdaF max = 0.6643028018951274
lambdaF min = 0.006028620769798677
lambdaB max = 0.673912521060451
lambdaB min = 0.006028620769798677
----------------------------------
----------------------------------
Iteration = 26
Distance = 0.004179048636588689
v max = -1.2005041091412636
v min = -6.8706281386314485
d max = 0.07672413793103448
d min = 0.07672413793103448
dF max = 0.07672413793103448
dB max = 0.07672413793103448
hk max = 0.010331966455186503
hk min = 0.010331966455186503
hz max = 0.05195974961386015
hz min = 0.024515370111687154
lambdaF max = 0.6642719242243103
lambdaF min = 0.006028620769798677
lambdaB max = 0.6738801719855788
lambdaB min = 0.006028620769798677
----------------------------------
----------------------------------
Iteration = 27
Distance = 0.003476868248823095
v max = -1.2039400633719959
v min = -6.874105006880272
d max = 0.07672413793103448
d min = 0.07672413793103448
dF max = 0.07672413793103448
dB max = 0.07672413793103448
hk max = 0.010331966455186503
hk min = 0.010331966455186503
hz max = 0.05196049482632593
hz min = 0.02451572958858988
lambdaF max = 0.6642541480797858
lambdaF min = 0.006028620769798677
lambdaB max = 0.6738647966186687
lambdaB min = 0.006028620769798677
----------------------------------
----------------------------------
Iteration = 28
Distance = 0.0028936131562211642
v max = -1.2068069470797955
v min = -6.876998620036493
d max = 0.07672413793103448
d min = 0.07672413793103448
dF max = 0.07672413793103448
dB max = 0.07672413793103448
hk max = 0.010331966455186503
hk min = 0.010331966455186503
hz max = 0.051960995812875437
hz min = 0.0245159088142047
lambdaF max = 0.6642619764331852
lambdaF min = 0.006028620769798677
lambdaB max = 0.6738762562674012
lambdaB min = 0.006028620769798677
----------------------------------
----------------------------------
Iteration = 29
Distance = 0.0024088299830999915
v max = -1.209192461976795
v min = -6.879407450019593
d max = 0.07672413793103448
d min = 0.07672413793103448
dF max = 0.07672413793103448
dB max = 0.07672413793103448
hk max = 0.010331966455186503
hk min = 0.010331966455186503
hz max = 0.0519613313989422
hz min = 0.024515916270274586
lambdaF max = 0.664286625080941
lambdaF min = 0.006028620769798677
lambdaB max = 0.6739032312296438
lambdaB min = 0.006028620769798677
----------------------------------
----------------------------------
Iteration = 30
Distance = 0.0020056707179412214
v max = -1.2111761475387928
v min = -6.881413120737534
d max = 0.07672413793103448
d min = 0.07672413793103448
dF max = 0.07672413793103448
dB max = 0.07672413793103448
hk max = 0.010331966455186503
hk min = 0.010331966455186503
hz max = 0.051961555649927924
hz min = 0.024515843745916338
lambdaF max = 0.6643107749738931
lambdaF min = 0.006028620769798677
lambdaB max = 0.6739274563032414
lambdaB min = 0.006028620769798677
----------------------------------
----------------------------------
Iteration = 31
Distance = 0.0016702439957620996
v max = -1.2128283981394516
v min = -6.883083364733296
d max = 0.07672413793103448
d min = 0.07672413793103448
dF max = 0.07672413793103448
dB max = 0.07672413793103448
hk max = 0.010331966455186503
hk min = 0.010331966455186503
hz max = 0.05196170573653439
hz min = 0.02451578693912674
lambdaF max = 0.6643220906469717
lambdaF min = 0.006028620769798677
lambdaB max = 0.6739372906394969
lambdaB min = 0.006028620769798677
----------------------------------
----------------------------------
Iteration = 32
Distance = 0.0013914866344184595
v max = -1.2142081896538455
v min = -6.884474446175146
d max = 0.07672413793103448
d min = 0.07672413793103448
dF max = 0.07672413793103448
dB max = 0.07672413793103448
hk max = 0.010331966455186503
hk min = 0.010331966455186503
hz max = 0.0519618068088614
hz min = 0.02451579289335733
lambdaF max = 0.6643192481987074
lambdaF min = 0.006028620769798677
lambdaB max = 0.6739328022141217
lambdaB min = 0.006028620769798677
----------------------------------
----------------------------------
Iteration = 33
Distance = 0.0011596262884272512
v max = -1.215362352260363
v min = -6.8856331419533205
d max = 0.07672413793103448
d min = 0.07672413793103448
dF max = 0.07672413793103448
dB max = 0.07672413793103448
hk max = 0.010331966455186503
hk min = 0.010331966455186503
hz max = 0.051961875388537894
hz min = 0.024515850217779817
lambdaF max = 0.6643093565634757
lambdaF min = 0.006028620769798677
lambdaB max = 0.673922136096834
lambdaB min = 0.006028620769798677
----------------------------------
----------------------------------
Iteration = 34
Distance = 0.0009661480292360025
v max = -1.2163272908191722
v min = -6.886598361480439
d max = 0.07672413793103448
d min = 0.07672413793103448
dF max = 0.07672413793103448
dB max = 0.07672413793103448
hk max = 0.010331966455186503
hk min = 0.010331966455186503
hz max = 0.05196192205353426
hz min = 0.024515916519796864
lambdaF max = 0.6643011322792018
lambdaF min = 0.006028620769798677
lambdaB max = 0.673914188927264
lambdaB min = 0.006028620769798677
----------------------------------
----------------------------------
Iteration = 35
Distance = 0.0008048536001186157
v max = -1.21713214423016
v min = -6.887402476782412
d max = 0.07672413793103448
d min = 0.07672413793103448
dF max = 0.07672413793103448
dB max = 0.07672413793103448
hk max = 0.010331966455186503
hk min = 0.010331966455186503
hz max = 0.05196195360207418
hz min = 0.024515955017505413
lambdaF max = 0.6642992871685838
lambdaF min = 0.006028620769798677
lambdaB max = 0.6739131679722248
lambdaB min = 0.006028620769798677
----------------------------------
----------------------------------
Iteration = 36
Distance = 0.0006699458557077875
v max = -1.2178017206380485
v min = -6.888072422638119
d max = 0.07672413793103448
d min = 0.07672413793103448
dF max = 0.07672413793103448
dB max = 0.07672413793103448
hk max = 0.010331966455186503
hk min = 0.010331966455186503
hz max = 0.051961974622054916
hz min = 0.024515955506479656
lambdaF max = 0.6643030897163446
lambdaF min = 0.006028620769798677
lambdaB max = 0.6739176755881784
lambdaB min = 0.006028620769798677
----------------------------------
----------------------------------
Iteration = 37
Distance = 0.0005586541957409707
v max = -1.2183580989734575
v min = -6.888630612419979
d max = 0.07672413793103448
d min = 0.07672413793103448
dF max = 0.07672413793103448
dB max = 0.07672413793103448
hk max = 0.010331966455186503
hk min = 0.010331966455186503
hz max = 0.05196198842761469
hz min = 0.02451593252236349
lambdaF max = 0.6643086110519839
lambdaF min = 0.006028620769798677
lambdaB max = 0.6739234040643353
lambdaB min = 0.006028620769798677
----------------------------------
----------------------------------
Iteration = 38
Distance = 0.00046613508896165
v max = -1.2188208643535037
v min = -6.889095702274538
d max = 0.07672413793103448
d min = 0.07672413793103448
dF max = 0.07672413793103448
dB max = 0.07672413793103448
hk max = 0.010331966455186503
hk min = 0.010331966455186503
hz max = 0.051961997482988055
hz min = 0.0245159089623132
lambdaF max = 0.6643121273951575
lambdaF min = 0.006028620769798677
lambdaB max = 0.6739266697677312
lambdaB min = 0.006028620769798677
----------------------------------
----------------------------------
Iteration = 39
Distance = 0.00038866915230340027
v max = -1.2192066840985762
v min = -6.889483227228822
d max = 0.07672413793103448
d min = 0.07672413793103448
dF max = 0.07672413793103448
dB max = 0.07672413793103448
hk max = 0.010331966455186503
hk min = 0.010331966455186503
hz max = 0.05196200354505625
hz min = 0.02451590011772168
lambdaF max = 0.6643122832064535
lambdaF min = 0.006028620769798677
lambdaB max = 0.6739264159523035
lambdaB min = 0.006028620769798677
----------------------------------
----------------------------------
Iteration = 40
Distance = 0.00032393118646911745
v max = -1.2195290307431639
v min = -6.889806128234385
d max = 0.07672413793103448
d min = 0.07672413793103448
dF max = 0.07672413793103448
dB max = 0.07672413793103448
hk max = 0.010331966455186503
hk min = 0.010331966455186503
hz max = 0.051962007743960176
hz min = 0.024515907189830505
lambdaF max = 0.6643101360420037
lambdaF min = 0.006028620769798677
lambdaB max = 0.6739239957673833
lambdaB min = 0.006028620769798677
----------------------------------
----------------------------------
Iteration = 41
Distance = 0.0002699019250460566
v max = -1.2197984528221808
v min = -6.890075187476058
d max = 0.07672413793103448
d min = 0.07672413793103448
dF max = 0.07672413793103448
dB max = 0.07672413793103448
hk max = 0.010331966455186503
hk min = 0.010331966455186503
hz max = 0.051962010716860664
hz min = 0.024515921306719632
lambdaF max = 0.6643077489665802
lambdaF min = 0.006028620769798677
lambdaB max = 0.6739215900735085
lambdaB min = 0.006028620769798677
----------------------------------
----------------------------------
Iteration = 42
Distance = 0.00022485472175248766
v max = -1.2200232931817125
v min = -6.890299388244819
d max = 0.07672413793103448
d min = 0.07672413793103448
dF max = 0.07672413793103448
dB max = 0.07672413793103448
hk max = 0.010331966455186503
hk min = 0.010331966455186503
hz max = 0.05196201279402155
hz min = 0.024515932127993998
lambdaF max = 0.664306641960958
lambdaF min = 0.006028620769798677
lambdaB max = 0.6739206468959887
lambdaB min = 0.006028620769798677
----------------------------------
----------------------------------
Iteration = 43
Distance = 0.00018718763176295283
v max = -1.2202104808134755
v min = -6.890486213850475
d max = 0.07672413793103448
d min = 0.07672413793103448
dF max = 0.07672413793103448
dB max = 0.07672413793103448
hk max = 0.010331966455186503
hk min = 0.010331966455186503
hz max = 0.051962014174063625
hz min = 0.02451593453856348
lambdaF max = 0.6643070697642082
lambdaF min = 0.006028620769798677
lambdaB max = 0.6739212640322001
lambdaB min = 0.006028620769798677
----------------------------------
----------------------------------
Iteration = 44
Distance = 0.00015585526947026196
v max = -1.2203660680227588
v min = -6.890641897268022
d max = 0.07672413793103448
d min = 0.07672413793103448
dF max = 0.07672413793103448
dB max = 0.07672413793103448
hk max = 0.010331966455186503
hk min = 0.010331966455186503
hz max = 0.05196201503124879
hz min = 0.024515930008767672
lambdaF max = 0.6643082864314859
lambdaF min = 0.006028620769798677
lambdaB max = 0.6739225746940042
lambdaB min = 0.006028620769798677
----------------------------------
----------------------------------
Iteration = 45
Distance = 0.00013003969649849623
v max = -1.2204954156308858
v min = -6.890771630211256
d max = 0.07672413793103448
d min = 0.07672413793103448
dF max = 0.07672413793103448
dB max = 0.07672413793103448
hk max = 0.010331966455186503
hk min = 0.010331966455186503
hz max = 0.05196201554237633
hz min = 0.024515923601827312
lambdaF max = 0.6643093175366723
lambdaF min = 0.006028620769798677
lambdaB max = 0.6739235797763224
lambdaB min = 0.006028620769798677
----------------------------------
----------------------------------
Iteration = 46
Distance = 0.00010844233272644388
v max = -1.2206031469407286
v min = -6.890879737955932
d max = 0.07672413793103448
d min = 0.07672413793103448
dF max = 0.07672413793103448
dB max = 0.07672413793103448
hk max = 0.010331966455186503
hk min = 0.010331966455186503
hz max = 0.05196201586320709
hz min = 0.024515919806196104
lambdaF max = 0.6643096153317583
lambdaF min = 0.006028620769798677
lambdaB max = 0.6739237862762399
lambdaB min = 0.006028620769798677
----------------------------------
----------------------------------
Iteration = 47
Distance = 9.038906708669359e-5
v max = -1.220693069937869
v min = -6.890969824870853
d max = 0.07672413793103448
d min = 0.07672413793103448
dF max = 0.07672413793103448
dB max = 0.07672413793103448
hk max = 0.010331966455186503
hk min = 0.010331966455186503
hz max = 0.051962016098108986
hz min = 0.024515920069953553
lambdaF max = 0.6643092457343639
lambdaF min = 0.006028620769798677
lambdaB max = 0.673923335774791
lambdaB min = 0.006028620769798677
----------------------------------
----------------------------------
Iteration = 48
Distance = 7.531897321300107e-5
v max = -1.2207682050307154
v min = -6.891044895058789
d max = 0.07672413793103448
d min = 0.07672413793103448
dF max = 0.07672413793103448
dB max = 0.07672413793103448
hk max = 0.010331966455186503
hk min = 0.010331966455186503
hz max = 0.05196201629204537
hz min = 0.024515922939404616
lambdaF max = 0.6643086490323911
lambdaF min = 0.006028620769798677
lambdaB max = 0.6739227133061056
lambdaB min = 0.006028620769798677
----------------------------------
----------------------------------
Iteration = 49
Distance = 6.275173549052937e-5
v max = -1.2208309346793664
v min = -6.891107452264908
d max = 0.07672413793103448
d min = 0.07672413793103448
dF max = 0.07672413793103448
dB max = 0.07672413793103448
hk max = 0.010331966455186503
hk min = 0.010331966455186503
hz max = 0.05196201644828612
hz min = 0.02451592587720541
lambdaF max = 0.6643082559647614
lambdaF min = 0.006028620769798677
lambdaB max = 0.6739223469255876
lambdaB min = 0.006028620769798677
----------------------------------
----------------------------------
Iteration = 50
Distance = 5.2267568919406315e-5
v max = -1.2208832022482858
v min = -6.8911595828559795
d max = 0.07672413793103448
d min = 0.07672413793103448
dF max = 0.07672413793103448
dB max = 0.07672413793103448
hk max = 0.010331966455186503
hk min = 0.010331966455186503
hz max = 0.05196201655695268
hz min = 0.02451592712820724
lambdaF max = 0.664308234832293
lambdaF min = 0.006028620769798677
lambdaB max = 0.6739223719174513
lambdaB min = 0.006028620769798677
----------------------------------
----------------------------------
Iteration = 51
Distance = 4.3476175322076926e-5
v max = -1.2209266725648238
v min = -6.89120302507096
d max = 0.07672413793103448
d min = 0.07672413793103448
dF max = 0.07672413793103448
dB max = 0.07672413793103448
hk max = 0.010331966455186503
hk min = 0.010331966455186503
hz max = 0.05196201661649964
hz min = 0.024515926509731775
lambdaF max = 0.6643084772983953
lambdaF min = 0.006028620769798677
lambdaB max = 0.6739226461506806
lambdaB min = 0.006028620769798677
----------------------------------
----------------------------------
Iteration = 52
Distance = 3.627078344647927e-5
v max = -1.2209628102548338
v min = -6.891239227012115
d max = 0.07672413793103448
d min = 0.07672413793103448
dF max = 0.07672413793103448
dB max = 0.07672413793103448
hk max = 0.010331966455186503
hk min = 0.010331966455186503
hz max = 0.05196201663952897
hz min = 0.024515925007533686
lambdaF max = 0.6643087533606075
lambdaF min = 0.006028620769798677
lambdaB max = 0.6739229254123871
lambdaB min = 0.006028620769798677
----------------------------------
----------------------------------
Iteration = 53
Distance = 3.025050191363121e-5
v max = -1.2209928886827437
v min = -6.8912693951979405
d max = 0.07672413793103448
d min = 0.07672413793103448
dF max = 0.07672413793103448
dB max = 0.07672413793103448
hk max = 0.010331966455186503
hk min = 0.010331966455186503
hz max = 0.05196201664577024
hz min = 0.024515923808641194
lambdaF max = 0.6643088880359225
lambdaF min = 0.006028620769798677
lambdaB max = 0.6739230421503849
lambdaB min = 0.006028620769798677
----------------------------------
----------------------------------
Iteration = 54
Distance = 2.5216949228745733e-5
v max = -1.2210179739839508
v min = -6.891294535072393
d max = 0.07672413793103448
d min = 0.07672413793103448
dF max = 0.07672413793103448
dB max = 0.07672413793103448
hk max = 0.010331966455186503
hk min = 0.010331966455186503
hz max = 0.05196201665145582
hz min = 0.02451592353017152
lambdaF max = 0.6643088475562743
lambdaF min = 0.006028620769798677
lambdaB max = 0.6739229801772718
lambdaB min = 0.006028620769798677
----------------------------------
----------------------------------
Iteration = 55
Distance = 2.101442959379085e-5
v max = -1.221038924445619
v min = -6.891315484657805
d max = 0.07672413793103448
d min = 0.07672413793103448
dF max = 0.07672413793103448
dB max = 0.07672413793103448
hk max = 0.010331966455186503
hk min = 0.010331966455186503
hz max = 0.051962016663097924
hz min = 0.02451592403890979
lambdaF max = 0.6643087133602722
lambdaF min = 0.006028620769798677
lambdaB max = 0.673922834885388
lambdaB min = 0.006028620769798677
----------------------------------
----------------------------------
Iteration = 56
Distance = 1.75091548593187e-5
v max = -1.2210564194410485
v min = -6.89133294245057
d max = 0.07672413793103448
d min = 0.07672413793103448
dF max = 0.07672413793103448
dB max = 0.07672413793103448
hk max = 0.010331966455186503
hk min = 0.010331966455186503
hz max = 0.05196201667835666
hz min = 0.02451592477612614
lambdaF max = 0.6643085960162468
lambdaF min = 0.006028620769798677
lambdaB max = 0.6739227200512516
lambdaB min = 0.006028620769798677
----------------------------------
----------------------------------
Iteration = 57
Distance = 1.4587317958225654e-5
v max = -1.2210710067590067
v min = -6.891347490576208
d max = 0.07672413793103448
d min = 0.07672413793103448
dF max = 0.07672413793103448
dB max = 0.07672413793103448
hk max = 0.010331966455186503
hk min = 0.010331966455186503
hz max = 0.05196201669136046
hz min = 0.02451592522928253
lambdaF max = 0.6643085599210587
lambdaF min = 0.006028620769798677
lambdaB max = 0.6739226941349684
lambdaB min = 0.006028620769798677
----------------------------------
----------------------------------
Iteration = 58
Distance = 1.2140494179302408e-5
v max = -1.221083147253186
v min = -6.8913596140854345
d max = 0.07672413793103448
d min = 0.07672413793103448
dF max = 0.07672413793103448
dB max = 0.07672413793103448
hk max = 0.010331966455186503
hk min = 0.010331966455186503
hz max = 0.0519620166980564
hz min = 0.024515925222075678
lambdaF max = 0.6643086000661251
lambdaF min = 0.006028620769798677
lambdaB max = 0.6739227435660393
lambdaB min = 0.006028620769798677
----------------------------------
----------------------------------
Iteration = 59
Distance = 1.0116897331435837e-5
v max = -1.2210932420363456
v min = -6.8913697170950465
d max = 0.07672413793103448
d min = 0.07672413793103448
dF max = 0.07672413793103448
dB max = 0.07672413793103448
hk max = 0.010331966455186503
hk min = 0.010331966455186503
hz max = 0.05196201669849958
hz min = 0.02451592490957408
lambdaF max = 0.6643086676916662
lambdaF min = 0.006028620769798677
lambdaB max = 0.6739228143501265
lambdaB min = 0.006028620769798677
----------------------------------
----------------------------------
Iteration = 60
Distance = 8.438313173986245e-6
v max = -1.2211016408377782
v min = -6.89137813630357
d max = 0.07672413793103448
d min = 0.07672413793103448
dF max = 0.07672413793103448
dB max = 0.07672413793103448
hk max = 0.010331966455186503
hk min = 0.010331966455186503
hz max = 0.05196201669580146
hz min = 0.02451592457775795
lambdaF max = 0.6643087135966844
lambdaF min = 0.006028620769798677
lambdaB max = 0.6739228574074667
lambdaB min = 0.006028620769798677
----------------------------------
    Value Function Converged, Iteration = 60 with gamma=12.0 with rho=1.0 and v=-3.2775787700643946
    Reflective boundary condition
=============================================================
Convegence time (minutes): 0.10667596913333334
Current Time = 22:17:57
grid points for z:  401
grid size for z:  0.025
-0.34389903280647477
-0.5131306642189128
--- 8.335692167282104 seconds for the elasticity computation ---
-0.0701112482574538
-0.23522550950854965
--- 0.06379508972167969 seconds for the elasticity computation ---
-0.10357918319913466
-0.2779051547103632
--- 0.06287717819213867 seconds for the elasticity computation ---
-0.42365874630361566
-0.5205696800666472
--- 0.06262063980102539 seconds for the elasticity computation ---
Current Time = 22:18:08
grid points for z:  401
grid size for z:  0.025
rho = 1
0.05975971349714089
--- 8.195017576217651 seconds for the elasticity computation ---
0.0
--- 0.06674718856811523 seconds for the elasticity computation ---
0.05975971349714089
--- 0.06618452072143555 seconds for the elasticity computation ---
0.0
--- 0.06560873985290527 seconds for the elasticity computation ---
0.0
--- 0.06580185890197754 seconds for the elasticity computation ---
0.05975971349714089
0.007439015847734282
--- 0.06871986389160156 seconds for the elasticity computation ---
0.05975971349714089
0.007439015847734282
--- 0.06742095947265625 seconds for the elasticity computation ---
0.05975971349714089
0.007439015847734282
--- 0.06618189811706543 seconds for the elasticity computation ---
0.05975971349714089
0.007439015847734282
--- 0.0662384033203125 seconds for the elasticity computation ---
parsed_args = parse_commandline() = Dict{String, Any}("dataname" => "upper_triangular_four_ambiguous_parameters", "clowerlim" => 0.0001, "delta" => 0.02, "boundary" => 1, "Delta" => 10.0, "q" => 0.1, "zmax" => 5.0, "logadjustment" => 1, "zscale" => 2.0, "foc" => 1, "distorted" => 0, "rho" => 1.0, "gamma" => 12.0)
=============================================================
./output/upper_triangular_four_ambiguous_parameters/Delta_10.0_distorted_0/logadjustment_1_boundary_1/zmax_5.0_zscale_2.0/delta_0.02/q_0.1_gamma_12.0_rho_1.0/
=============================================================
solve for structured linear system 
structured_relative_entropy = 0.10126308967511567
=============================================================
solve for unstructured linear system 
q_update = 0.5783330895286901
=============================================================
parsed_args = parse_commandline() = Dict{String, Any}("dataname" => "upper_triangular_four_ambiguous_parameters", "clowerlim" => 0.0001, "delta" => 0.02, "boundary" => 1, "Delta" => 10.0, "q" => 0.1, "zmax" => 5.0, "logadjustment" => 1, "zscale" => 2.0, "foc" => 1, "distorted" => 0, "rho" => 1.0, "gamma" => 12.0)
=============================================================
./output/upper_triangular_four_ambiguous_parameters/Delta_10.0_distorted_0/logadjustment_1_boundary_1/zmax_5.0_zscale_2.0/delta_0.02/q_0.1_gamma_12.0_rho_1.0/
=============================================================
solve for structured linear system 
structured_relative_entropy = 0.10126308967511564
=============================================================
solve for unstructured linear system 
q_update = 0.5783330895286901
=============================================================
Program ends Fri Jan 19 22:18:48 CST 2024
Elapsed time: 0 days 00 hr 01 min 20 sec
