D_10.0_distorted_0_boundary_1_delta_0.02_gamma_12.0_q_0.3_rho_1.0_upper_triangular_two_ambiguous_parameters
Program starts Fri Jan 19 22:19:06 CST 2024
parsed_args = parse_commandline() = Dict{String, Any}("dataname" => "upper_triangular_two_ambiguous_parameters", "clowerlim" => 0.0001, "delta" => 0.02, "boundary" => 1, "Delta" => 10.0, "q" => 0.3, "zmax" => 5.0, "logadjustment" => 1, "zscale" => 2.0, "foc" => 1, "distorted" => 0, "rho" => 1.0, "gamma" => 12.0)
=============================================================
logadjustment: true
reflective_boundary: true
0.109
U: [1.0331966455186503 0.4546065240282061; 0.0 0.06463435618925897]
L: [1.0331966455186503 0.0; 0.4546065240282061 0.06463435618925897]
[-2.220446049250313e-16 0.0; 0.0 0.0]
sigma_k: [0.010331966455186503, 0.004546065240282061]
sigma_z: [0.0, 0.06463435618925897]
Compute value function WITH ROBUSTNESS
computing undistorted version...
zmax = 5.0, zmin = -5.0, zlength = 401
reflective boundary condition
----------------------------------
Iteration = 1
Distance = 1.2147705340774908
v max = -0.94539260713384
v min = -3.214770534077491
d max = 0.07672413793103448
d min = 0.07672413793103448
dF max = 0.07672413793103448
dB max = 0.07672413793103448
hk max = 0.010331966455186503
hk min = 0.010331966455186503
hz max = 0.004546065240282061
hz min = 0.004546065240282061
lambdaF max = Inf
lambdaF min = 0.0010822033550599306
lambdaB max = Inf
lambdaB min = 0.0010822033550599306
----------------------------------
----------------------------------
Iteration = 2
Distance = 1.6248963012100073
v max = -2.192956131031735
v min = -4.614732469410024
d max = 0.07672413793103448
d min = 0.07672413793103448
dF max = 0.07672413793103448
dB max = 0.07672413793103448
hk max = 0.010331966455186503
hk min = 0.010331966455186503
hz max = 0.019235691646935688
hz min = 0.015895430289475317
lambdaF max = Inf
lambdaF min = 0.0010822033550599306
lambdaB max = Inf
lambdaB min = 0.0010822033550599306
----------------------------------
----------------------------------
Iteration = 3
Distance = 1.0847862992065984
v max = -1.8399490429093042
v min = -5.699518768616622
d max = 0.07672413793103448
d min = 0.07672413793103448
dF max = 0.07672413793103448
dB max = 0.07672413793103448
hk max = 0.010331966455186503
hk min = 0.010331966455186503
hz max = 0.03630572462936868
hz min = -0.0008144256556793066
lambdaF max = Inf
lambdaF min = 0.0010093456430653733
lambdaB max = Inf
lambdaB min = 0.0010042479377973665
----------------------------------
----------------------------------
Iteration = 4
Distance = 0.8567530752215529
v max = -2.061998443755048
v min = -6.556271843838175
d max = 0.07672413793103448
d min = 0.07672413793103448
dF max = 0.07672413793103448
dB max = 0.07672413793103448
hk max = 0.010331966455186503
hk min = 0.010331966455186503
hz max = 0.049006751469624396
hz min = -0.014397174040209473
lambdaF max = Inf
lambdaF min = 0.0010086868435871203
lambdaB max = Inf
lambdaB min = 0.0010036180654786424
----------------------------------
----------------------------------
Iteration = 5
Distance = 0.7218884018784957
v max = -2.104028823928504
v min = -7.278160245716671
d max = 0.07672413793103448
d min = 0.07672413793103448
dF max = 0.07672413793103448
dB max = 0.07672413793103448
hk max = 0.010331966455186503
hk min = 0.010331966455186503
hz max = 0.058688255777960524
hz min = 0.007177670934424545
lambdaF max = Inf
lambdaF min = 0.0010822033550599306
lambdaB max = Inf
lambdaB min = 0.0010822033550599306
----------------------------------
----------------------------------
Iteration = 6
Distance = 0.6228082839683831
v max = -2.2941574783873206
v min = -7.900900979875722
d max = 0.07672413793103448
d min = 0.07672413793103448
dF max = 0.07672413793103448
dB max = 0.07672413793103448
hk max = 0.010331966455186503
hk min = 0.010331966455186503
hz max = 0.06847529540744357
hz min = -0.038645873509153286
lambdaF max = Inf
lambdaF min = 0.0010187301165516718
lambdaB max = Inf
lambdaB min = 0.001013532513916204
----------------------------------
----------------------------------
Iteration = 7
Distance = 0.5420293141064212
v max = -2.392823604582618
v min = -8.44265332799788
d max = 0.07672413793103448
d min = 0.07672413793103448
dF max = 0.07672413793103448
dB max = 0.07672413793103448
hk max = 0.010331966455186503
hk min = 0.010331966455186503
hz max = 0.07798912644919402
hz min = -0.004743374712518293
lambdaF max = Inf
lambdaF min = 0.0010591508472382874
lambdaB max = Inf
lambdaB min = 0.0010538550930020959
----------------------------------
----------------------------------
Iteration = 8
Distance = 0.4846265252043751
v max = -2.239458763020066
v min = -8.915440562350685
d max = 0.07672413793103448
d min = 0.07672413793103448
dF max = 0.07672413793103448
dB max = 0.07672413793103448
hk max = 0.010331966455186503
hk min = 0.010331966455186503
hz max = 0.08330502882172151
hz min = -0.039896043064115316
lambdaF max = Inf
lambdaF min = 0.0010404712663275464
lambdaB max = Inf
lambdaB min = 0.0010350521451487577
----------------------------------
----------------------------------
Iteration = 9
Distance = 1.054592301562805
v max = -2.8746684003097576
v min = -9.329218154277449
d max = 0.07672413793103448
d min = 0.07672413793103448
dF max = 0.07672413793103448
dB max = 0.07672413793103448
hk max = 0.010331966455186503
hk min = 0.010331966455186503
hz max = 0.0868821067644924
hz min = -0.15945949991861
lambdaF max = Inf
lambdaF min = 0.0010822033550599306
lambdaB max = Inf
lambdaB min = 0.0010822033550599306
----------------------------------
Delta = 5.0
----------------------------------
Iteration = 10
Distance = 1.1514629063078128
v max = -2.934286146871566
v min = -9.542035180088067
d max = 0.07672413793103448
d min = 0.07672413793103448
dF max = 0.07672413793103448
dB max = 0.07672413793103448
hk max = 0.010331966455186503
hk min = 0.010331966455186503
hz max = 0.08379248240245166
hz min = -0.10326492406675379
lambdaF max = Inf
lambdaF min = 0.0010408440510833554
lambdaB max = Inf
lambdaB min = 0.0010354229883172963
----------------------------------
Delta = 2.5
----------------------------------
Iteration = 11
Distance = 0.33887139240933717
v max = -2.9351724765001004
v min = -9.647995297849652
d max = 0.07672413793103448
d min = 0.07672413793103448
dF max = 0.07672413793103448
dB max = 0.07672413793103448
hk max = 0.010331966455186503
hk min = 0.010331966455186503
hz max = 0.08762842630253387
hz min = -0.11289940337011993
lambdaF max = Inf
lambdaF min = 0.0010723975293474364
lambdaB max = Inf
lambdaB min = 0.001066631951232665
----------------------------------
----------------------------------
Iteration = 12
Distance = 0.7239564219567294
v max = -2.8748127577906306
v min = -9.749244538289025
d max = 0.07672413793103448
d min = 0.07672413793103448
dF max = 0.07672413793103448
dB max = 0.07672413793103448
hk max = 0.010331966455186503
hk min = 0.010331966455186503
hz max = 0.10778117919527061
hz min = -0.23652328898452993
lambdaF max = Inf
lambdaF min = 0.0010822033550599306
lambdaB max = Inf
lambdaB min = 0.0010822033550599306
----------------------------------
----------------------------------
Iteration = 13
Distance = 1.5434980927994313
v max = -2.784091878668391
v min = -9.846204861695583
d max = 0.07672413793103448
d min = 0.07672413793103448
dF max = 0.07672413793103448
dB max = 0.07672413793103448
hk max = 0.010331966455186503
hk min = 0.010331966455186503
hz max = 0.1671566820174765
hz min = -0.2528903820751091
lambdaF max = Inf
lambdaF min = 0.0010794509682670898
lambdaB max = Inf
lambdaB min = 0.0010738579580688145
----------------------------------
Delta = 1.25
----------------------------------
Iteration = 14
Distance = 1.732078734781525
v max = -2.6829461568091575
v min = -9.893592805287318
d max = 0.07672413793103448
d min = 0.07672413793103448
dF max = 0.07672413793103448
dB max = 0.07672413793103448
hk max = 0.010331966455186503
hk min = 0.010331966455186503
hz max = 0.22722526327083045
hz min = -0.3445583857151738
lambdaF max = Inf
lambdaF min = 0.0010822033550599306
lambdaB max = Inf
lambdaB min = 0.0010822033550599306
----------------------------------
Delta = 0.625
----------------------------------
Iteration = 15
Distance = 1.3309527952097095
v max = -2.6519127110663403
v min = -9.916458722067658
d max = 0.07672413793103448
d min = 0.07672413793103448
dF max = 0.07672413793103448
dB max = 0.07672413793103448
hk max = 0.010331966455186503
hk min = 0.010331966455186503
hz max = 0.2506243827221191
hz min = -0.5199483890763116
lambdaF max = Inf
lambdaF min = 0.0010822033550599306
lambdaB max = Inf
lambdaB min = 0.0010822033550599306
----------------------------------
----------------------------------
Iteration = 16
Distance = 1.810126632735165
v max = -2.605457542922353
v min = -9.9391689411394
d max = 0.07672413793103448
d min = 0.07672413793103448
dF max = 0.07672413793103448
dB max = 0.07672413793103448
hk max = 0.010331966455186503
hk min = 0.010331966455186503
hz max = 0.2994184001291021
hz min = -0.8035671802910493
lambdaF max = Inf
lambdaF min = 0.0009963585794254793
lambdaB max = Inf
lambdaB min = 0.0009913767865283515
----------------------------------
Delta = 0.3125
----------------------------------
Iteration = 17
Distance = 2.4089659631951506
v max = -2.5860905707806516
v min = -9.950219279584445
d max = 0.07672413793103448
d min = 0.07672413793103448
dF max = 0.07672413793103448
dB max = 0.07672413793103448
hk max = 0.010331966455186503
hk min = 0.010331966455186503
hz max = 0.4991850582504651
hz min = -1.6007792441841664
lambdaF max = Inf
lambdaF min = 0.0010822033550599306
lambdaB max = Inf
lambdaB min = 0.0010822033550599306
----------------------------------
Delta = 0.15625
----------------------------------
Iteration = 18
Distance = 6.791239774775657
v max = -2.5948222156861847
v min = -13.882585641637014
d max = 0.07672413793103448
d min = 0.07672413793103448
dF max = 0.07672413793103448
dB max = 0.07672413793103448
hk max = 0.010331966455186503
hk min = 0.010331966455186503
hz max = 1.8251193781294794
hz min = -3.4253790157359387
lambdaF max = Inf
lambdaF min = 0.0010822033550599306
lambdaB max = Inf
lambdaB min = 0.0010822033550599306
----------------------------------
Delta = 0.078125
----------------------------------
Iteration = 19
Distance = 38.858801457404226
v max = -2.6173011601703466
v min = -52.264058976309904
d max = 0.07672413793103448
d min = 0.07672413793103448
dF max = 0.07672413793103448
dB max = 0.07672413793103448
hk max = 0.010331966455186503
hk min = 0.010331966455186503
hz max = 8.10419043050541
hz min = -11.134404015374171
lambdaF max = Inf
lambdaF min = 0.0010822033550599306
lambdaB max = Inf
lambdaB min = 0.0010822033550599306
----------------------------------
Delta = 0.0390625
----------------------------------
Iteration = 20
Distance = 761.9395198634418
v max = -2.641057233842881
v min = -789.536384852313
d max = 0.07672413793103448
d min = 0.07672413793103448
dF max = 0.07672413793103448
dB max = 0.07672413793103448
hk max = 0.010331966455186503
hk min = 0.010331966455186503
hz max = 63.77847416018683
hz min = -50.33469807102684
lambdaF max = Inf
lambdaF min = 0.0010822033550599306
lambdaB max = Inf
lambdaB min = 0.0010822033550599306
----------------------------------
Delta = 0.01953125
----------------------------------
Iteration = 21
Distance = 190643.8097173735
v max = -2.6458098354548403
v min = -190881.45397544184
d max = 0.07672413793103448
d min = 0.07672413793103448
dF max = 0.07672413793103448
dB max = 0.07672413793103448
hk max = 0.010331966455186503
hk min = 0.010331966455186503
hz max = 1426.8522380893608
hz min = -987.6261361920102
lambdaF max = Inf
lambdaF min = 0.0010822033550599306
lambdaB max = Inf
lambdaB min = 0.0010822033550599306
----------------------------------
Delta = 0.009765625
----------------------------------
Iteration = 22
Distance = 9.309965387600676e9
v max = -2.64873741713503
v min = -9.309992001128235e9
d max = 0.07672413793103448
d min = 0.07672413793103448
dF max = 0.07672413793103448
dB max = 0.07672413793103448
hk max = 0.010331966455186503
hk min = 0.010331966455186503
hz max = 424694.07120192924
hz min = -388552.6451002866
lambdaF max = Inf
lambdaF min = 0.0010822033550599306
lambdaB max = Inf
lambdaB min = 0.0010822033550599306
----------------------------------
Delta = 0.0048828125
----------------------------------
Iteration = 23
Distance = 1.3065109818830244e19
v max = -2.6513169309171407
v min = -1.3065109819425634e19
d max = 0.07672413793103448
d min = 0.07672413793103448
dF max = 0.07672413793103448
dB max = 0.07672413793103448
hk max = 0.010331966455186503
hk min = 0.010331966455186503
hz max = 2.2530506571741726e10
hz min = -1.857172306768778e10
lambdaF max = Inf
lambdaF min = 0.0010822033550599306
lambdaB max = Inf
lambdaB min = 0.0010822033550599306
----------------------------------
Delta = 0.00244140625
----------------------------------
Iteration = 24
Distance = 1.4325182009894316e37
v max = -2.652749550373718
v min = -1.4325182009894316e37
d max = 0.07672413793103448
d min = 0.07672413793103448
dF max = 0.07672413793103448
dB max = 0.07672413793103448
hk max = 0.010331966455186503
hk min = 0.010331966455186503
hz max = 3.2812487610784444e19
hz min = -3.1520748411654177e19
lambdaF max = Inf
lambdaF min = 0.0010822033550599306
lambdaB max = Inf
lambdaB min = 0.0010822033550599306
----------------------------------
Delta = 0.001220703125
----------------------------------
Iteration = 25
Distance = 8.828058281705002e72
v max = -2.6535032345183174
v min = -8.828058281705002e72
d max = 0.07672413793103448
d min = 0.07672413793103448
dF max = 0.07672413793103448
dB max = 0.07672413793103448
hk max = 0.010331966455186503
hk min = 0.010331966455186503
hz max = 3.646909486999419e37
hz min = -1.915145985375459e37
lambdaF max = Inf
lambdaF min = 0.0010822033550599306
lambdaB max = Inf
lambdaB min = 0.0010822033550599306
----------------------------------
Delta = 0.0006103515625
----------------------------------
Iteration = 26
Distance = 1.7182699212465455e144
v max = -2.6538891841209638
v min = -1.7182699212465455e144
d max = 0.07672413793103448
d min = 0.07672413793103448
dF max = 0.07672413793103448
dB max = 0.07672413793103448
hk max = 0.010331966455186503
hk min = 0.010331966455186503
hz max = 2.264779367579368e73
hz min = -2.2550562307016743e73
lambdaF max = Inf
lambdaF min = 0.0010822033550599306
lambdaB max = Inf
lambdaB min = 0.0010822033550599306
----------------------------------
Delta = 0.00030517578125
----------------------------------
Iteration = 27
Distance = 3.27731838238786e286
v max = -2.654084402813593
v min = -3.27731838238786e286
d max = 0.07672413793103448
d min = 0.07672413793103448
dF max = 0.07672413793103448
dB max = 0.07672413793103448
hk max = 0.010331966455186503
hk min = 0.010331966455186503
hz max = 4.425248885826365e144
hz min = -4.0750754522342604e144
lambdaF max = Inf
lambdaF min = 0.0010822033550599306
lambdaB max = Inf
lambdaB min = 0.0010822033550599306
----------------------------------
Delta = 0.000152587890625
Current Time = 22:19:33
Current Time = 22:19:35
parsed_args = parse_commandline() = Dict{String, Any}("dataname" => "upper_triangular_two_ambiguous_parameters", "clowerlim" => 0.0001, "delta" => 0.02, "boundary" => 1, "Delta" => 10.0, "q" => 0.3, "zmax" => 5.0, "logadjustment" => 1, "zscale" => 2.0, "foc" => 1, "distorted" => 0, "rho" => 1.0, "gamma" => 12.0)
=============================================================
./output/upper_triangular_two_ambiguous_parameters/Delta_10.0_distorted_0/logadjustment_1_boundary_1/zmax_5.0_zscale_2.0/delta_0.02/q_0.3_gamma_12.0_rho_1.0/
parsed_args = parse_commandline() = Dict{String, Any}("dataname" => "upper_triangular_two_ambiguous_parameters", "clowerlim" => 0.0001, "delta" => 0.02, "boundary" => 1, "Delta" => 10.0, "q" => 0.3, "zmax" => 5.0, "logadjustment" => 1, "zscale" => 2.0, "foc" => 1, "distorted" => 0, "rho" => 1.0, "gamma" => 12.0)
=============================================================
./output/upper_triangular_two_ambiguous_parameters/Delta_10.0_distorted_0/logadjustment_1_boundary_1/zmax_5.0_zscale_2.0/delta_0.02/q_0.3_gamma_12.0_rho_1.0/
Program ends Fri Jan 19 22:19:59 CST 2024
Elapsed time: 0 days 00 hr 00 min 53 sec
