D_10.0_distorted_0_boundary_0_delta_0.015_gamma_12.0_q_0.3_rho_1.0_upper_triangular_two_ambiguous_parameters
Program starts Fri Jan 19 22:18:57 CST 2024
parsed_args = parse_commandline() = Dict{String, Any}("dataname" => "upper_triangular_two_ambiguous_parameters", "clowerlim" => 0.0001, "delta" => 0.015, "boundary" => 0, "Delta" => 10.0, "q" => 0.3, "zmax" => 5.0, "logadjustment" => 1, "zscale" => 2.0, "foc" => 1, "distorted" => 0, "rho" => 1.0, "gamma" => 12.0)
=============================================================
logadjustment: true
reflective_boundary: false
0.1002
U: [1.0331966455186503 0.4546065240282061; 0.0 0.06463435618925897]
L: [1.0331966455186503 0.0; 0.4546065240282061 0.06463435618925897]
[-2.220446049250313e-16 0.0; 0.0 0.0]
sigma_k: [0.010331966455186503, 0.004546065240282061]
sigma_z: [0.0, 0.06463435618925897]
Compute value function WITH ROBUSTNESS
computing undistorted version...
zmax = 5.0, zmin = -5.0, zlength = 401
natural boundary condition
----------------------------------
Iteration = 1
Distance = 1.2322999241124872
v max = -0.8931186375627728
v min = -3.2322999241124872
d max = 0.07607142857142857
d min = 0.07607142857142857
dF max = 0.07607142857142857
dB max = 0.07607142857142857
hk max = 0.010331966455186503
hk min = 0.010331966455186503
hz max = 0.004546065240282061
hz min = 0.004546065240282061
lambdaF max = Inf
lambdaF min = 0.0010822033550599306
lambdaB max = Inf
lambdaB min = 0.0010822033550599306
----------------------------------
----------------------------------
Iteration = 2
Distance = 1.6937251014829506
v max = -2.167819394236081
v min = -4.692634407387335
d max = 0.07607142857142857
d min = 0.07607142857142857
dF max = 0.07607142857142857
dB max = 0.07607142857142857
hk max = 0.010331966455186503
hk min = 0.010331966455186503
hz max = 0.01966521288689622
hz min = 0.01966521288688933
lambdaF max = Inf
lambdaF min = 0.0010822033550599306
lambdaB max = Inf
lambdaB min = 0.0010822033550599306
----------------------------------
----------------------------------
Iteration = 3
Distance = 1.1712860719206946
v max = -1.8044319482302604
v min = -5.86392047930803
d max = 0.07607142857142857
d min = 0.07607142857142857
dF max = 0.07607142857142857
dB max = 0.07607142857142857
hk max = 0.010331966455186503
hk min = 0.010331966455186503
hz max = 0.037608881476302314
hz min = -0.001295466172217312
lambdaF max = Inf
lambdaF min = 0.0010033296637805018
lambdaB max = Inf
lambdaB min = 0.000998313015461599
----------------------------------
----------------------------------
Iteration = 4
Distance = 0.9646771672034662
v max = -2.013329484313128
v min = -6.828597646511496
d max = 0.07607142857142857
d min = 0.07607142857142857
dF max = 0.07607142857142857
dB max = 0.07607142857142857
hk max = 0.010331966455186503
hk min = 0.010331966455186503
hz max = 0.05139120700714371
hz min = 0.009406835313788844
lambdaF max = Inf
lambdaF min = 0.0010822033550599306
lambdaB max = Inf
lambdaB min = 0.0010822033550599306
----------------------------------
----------------------------------
Iteration = 5
Distance = 0.8473560746113371
v max = -2.0716580168236365
v min = -7.675953721122833
d max = 0.07607142857142857
d min = 0.07607142857142857
dF max = 0.07607142857142857
dB max = 0.07607142857142857
hk max = 0.010331966455186503
hk min = 0.010331966455186503
hz max = 0.062376310136615216
hz min = 0.0075115300006149445
lambdaF max = Inf
lambdaF min = 0.0010822033550599306
lambdaB max = Inf
lambdaB min = 0.0010822033550599306
----------------------------------
----------------------------------
Iteration = 6
Distance = 0.7621541628971213
v max = -2.2999110465342545
v min = -8.438107884019955
d max = 0.07607142857142857
d min = 0.07607142857142857
dF max = 0.07607142857142857
dB max = 0.07607142857142857
hk max = 0.010331966455186503
hk min = 0.010331966455186503
hz max = 0.07414488870110779
hz min = 0.008561284039287222
lambdaF max = Inf
lambdaF min = 0.0010822033550599306
lambdaB max = Inf
lambdaB min = 0.0010822033550599306
----------------------------------
----------------------------------
Iteration = 7
Distance = 0.6916930676694424
v max = -2.408901742819611
v min = -9.129800951689397
d max = 0.07607142857142857
d min = 0.07607142857142857
dF max = 0.07607142857142857
dB max = 0.07607142857142857
hk max = 0.010331966455186503
hk min = 0.010331966455186503
hz max = 0.08662789822373361
hz min = 0.004725861345341541
lambdaF max = Inf
lambdaF min = 0.0010822033550599306
lambdaB max = Inf
lambdaB min = 0.0010822033550599306
----------------------------------
----------------------------------
Iteration = 8
Distance = 0.6522899228577557
v max = -2.225866619483028
v min = -9.75963890474707
d max = 0.07607142857142857
d min = 0.07607142857142857
dF max = 0.07607142857142857
dB max = 0.07607142857142857
hk max = 0.010331966455186503
hk min = 0.010331966455186503
hz max = 0.09370181996675858
hz min = 0.004136013845919773
lambdaF max = Inf
lambdaF min = 0.0010822033550599306
lambdaB max = Inf
lambdaB min = 0.0010822033550599306
----------------------------------
----------------------------------
Iteration = 9
Distance = 1.4461724272767595
v max = -3.067869104988019
v min = -10.335473040710484
d max = 0.07607142857142857
d min = 0.07607142857142857
dF max = 0.07607142857142857
dB max = 0.07607142857142857
hk max = 0.010331966455186503
hk min = 0.010331966455186503
hz max = 0.09800814494236888
hz min = -0.01481689024991754
lambdaF max = Inf
lambdaF min = 0.0010822033550599306
lambdaB max = Inf
lambdaB min = 0.0010822033550599306
----------------------------------
Delta = 5.0
----------------------------------
Iteration = 10
Distance = 1.523694184956922
v max = -3.155923079416825
v min = -10.64301974435452
d max = 0.07607142857142857
d min = 0.07607142857142857
dF max = 0.07607142857142857
dB max = 0.07607142857142857
hk max = 0.010331966455186503
hk min = 0.010331966455186503
hz max = 0.09399052621149072
hz min = -0.05499190205749943
lambdaF max = Inf
lambdaF min = 0.0010822033550599306
lambdaB max = Inf
lambdaB min = 0.0010822033550599306
----------------------------------
Delta = 2.5
----------------------------------
Iteration = 11
Distance = 0.43433859951358844
v max = -3.1933094191221105
v min = -10.801871381627292
d max = 0.07607142857142857
d min = 0.07607142857142857
dF max = 0.07607142857142857
dB max = 0.07607142857142857
hk max = 0.010331966455186503
hk min = 0.010331966455186503
hz max = 0.10117671054923649
hz min = -0.03852294006051907
lambdaF max = Inf
lambdaF min = 0.0010627011448844186
lambdaB max = Inf
lambdaB min = 0.0010573876391599963
----------------------------------
----------------------------------
Iteration = 12
Distance = 0.865334182896528
v max = -3.203370685822484
v min = -10.955682197020367
d max = 0.07607142857142857
d min = 0.07607142857142857
dF max = 0.07607142857142857
dB max = 0.07607142857142857
hk max = 0.010331966455186503
hk min = 0.010331966455186503
hz max = 0.12119086622985933
hz min = -0.07320374925940624
lambdaF max = Inf
lambdaF min = 0.001023678719193632
lambdaB max = Inf
lambdaB min = 0.0010184558685855012
----------------------------------
----------------------------------
Iteration = 13
Distance = 1.8888171434123042
v max = -3.1319621906916217
v min = -11.104858316636664
d max = 0.07607142857142857
d min = 0.07607142857142857
dF max = 0.07607142857142857
dB max = 0.07607142857142857
hk max = 0.010331966455186503
hk min = 0.010331966455186503
hz max = 0.20213816831222498
hz min = -0.14182070304796537
lambdaF max = Inf
lambdaF min = 0.0010739419736208859
lambdaB max = Inf
lambdaB min = 0.0010682896474439336
----------------------------------
Delta = 1.25
----------------------------------
Iteration = 14
Distance = 2.3398621925789866
v max = -3.044408494668321
v min = -11.180793042283812
d max = 0.07607142857142857
d min = 0.07607142857142857
dF max = 0.07607142857142857
dB max = 0.07607142857142857
hk max = 0.010331966455186503
hk min = 0.010331966455186503
hz max = 0.29333532798164375
hz min = -0.4233807014768846
lambdaF max = Inf
lambdaF min = 0.0010822033550599306
lambdaB max = Inf
lambdaB min = 0.0010822033550599306
----------------------------------
Delta = 0.625
----------------------------------
Iteration = 15
Distance = 2.0755867818118263
v max = -2.997915782193211
v min = -11.219087035523978
d max = 0.07607142857142857
d min = 0.07607142857142857
dF max = 0.07607142857142857
dB max = 0.07607142857142857
hk max = 0.010331966455186503
hk min = 0.010331966455186503
hz max = 0.36893662719488407
hz min = -0.7018995269731033
lambdaF max = Inf
lambdaF min = 0.0010822033550599306
lambdaB max = Inf
lambdaB min = 0.0010822033550599306
----------------------------------
Delta = 0.3125
----------------------------------
Iteration = 16
Distance = 1.6443718623445358
v max = -2.9792443556348718
v min = -11.238317886187636
d max = 0.07607142857142857
d min = 0.07607142857142857
dF max = 0.07607142857142857
dB max = 0.07607142857142857
hk max = 0.010331966455186503
hk min = 0.010331966455186503
hz max = 0.4516112331997379
hz min = -1.3060863355963295
lambdaF max = Inf
lambdaF min = 0.0010822033550599306
lambdaB max = Inf
lambdaB min = 0.0010822033550599306
----------------------------------
----------------------------------
Iteration = 17
Distance = 6.139336728810094
v max = -2.9639240694539404
v min = -13.412051352151312
d max = 0.07607142857142857
d min = 0.07607142857142857
dF max = 0.07607142857142857
dB max = 0.07607142857142857
hk max = 0.010331966455186503
hk min = 0.010331966455186503
hz max = 1.0221321396173146
hz min = -2.5740083872801565
lambdaF max = Inf
lambdaF min = 0.001064008414817447
lambdaB max = Inf
lambdaB min = 0.001058661638863591
----------------------------------
Delta = 0.15625
----------------------------------
Iteration = 18
Distance = 47.24739654378422
v max = -2.9539632486316196
v min = -59.82390806595606
d max = 0.07607142857142857
d min = 0.07607142857142857
dF max = 0.07607142857142857
dB max = 0.07607142857142857
hk max = 0.010331966455186503
hk min = 0.010331966455186503
hz max = 5.914625779864843
hz min = -9.433213774507959
lambdaF max = Inf
lambdaF min = 0.0010445111930680133
lambdaB max = Inf
lambdaB min = 0.0010392886371026731
----------------------------------
Delta = 0.078125
----------------------------------
Iteration = 19
Distance = 1184.7493458671293
v max = -2.94981644040479
v min = -1222.6231597166338
d max = 0.07607142857142857
d min = 0.07607142857142857
dF max = 0.07607142857142857
dB max = 0.07607142857142857
hk max = 0.010331966455186503
hk min = 0.010331966455186503
hz max = 56.753754384197116
hz min = -55.569241107135
lambdaF max = Inf
lambdaF min = 0.001030901149296305
lambdaB max = Inf
lambdaB min = 0.0010257466435498234
----------------------------------
Delta = 0.0390625
----------------------------------
Iteration = 20
Distance = 702903.4491022255
v max = -2.9482196276579593
v min = -703325.5267026502
d max = 0.07607142857142857
d min = 0.07607142857142857
dF max = 0.07607142857142857
dB max = 0.07607142857142857
hk max = 0.010331966455186503
hk min = 0.010331966455186503
hz max = 2069.7144190651657
hz min = -1897.794675586859
lambdaF max = Inf
lambdaF min = 0.0010423772275907988
lambdaB max = Inf
lambdaB min = 0.0010371653414528446
----------------------------------
Delta = 0.01953125
----------------------------------
Iteration = 21
Distance = 2.4303817549285983e11
v max = -2.9476622162553316
v min = -2.4303887881838654e11
d max = 0.07607142857142857
d min = 0.07607142857142857
dF max = 0.07607142857142857
dB max = 0.07607142857142857
hk max = 0.010331966455186503
hk min = 0.010331966455186503
hz max = 1.4735756687116947e6
hz min = -1.583555922324953e6
lambdaF max = Inf
lambdaF min = 0.0010519289137170195
lambdaB max = Inf
lambdaB min = 0.0010466692691484343
----------------------------------
Delta = 0.009765625
----------------------------------
Iteration = 22
Distance = 1.5356255810235614e22
v max = -2.947289977811915
v min = -1.5356255810478653e22
d max = 0.07607142857142857
d min = 0.07607142857142857
dF max = 0.07607142857142857
dB max = 0.07607142857142857
hk max = 0.010331966455186503
hk min = 0.010331966455186503
hz max = 5.15545206460849e11
hz min = -5.524324879425404e11
lambdaF max = Inf
lambdaF min = 0.0010561656971485073
lambdaB max = Inf
lambdaB min = 0.0010508848686627645
----------------------------------
Delta = 0.0048828125
----------------------------------
Iteration = 23
Distance = 3.4510713385071974e43
v max = -2.9472592572299887
v min = -3.4510713385071974e43
d max = 0.07607142857142857
d min = 0.07607142857142857
dF max = 0.07607142857142857
dB max = 0.07607142857142857
hk max = 0.010331966455186503
hk min = 0.010331966455186503
hz max = 3.6186499460546687e22
hz min = -3.0531644742376867e22
lambdaF max = Inf
lambdaF min = 0.0010582139778845016
lambdaB max = Inf
lambdaB min = 0.001052922907995079
----------------------------------
Delta = 0.00244140625
----------------------------------
Iteration = 24
Distance = 5.928573338510458e85
v max = -2.9472848066244497
v min = -5.928573338510458e85
d max = 0.07607142857142857
d min = 0.07607142857142857
dF max = 0.07607142857142857
dB max = 0.07607142857142857
hk max = 0.010331966455186503
hk min = 0.010331966455186503
hz max = 6.720635437878949e43
hz min = -4.418305411433746e43
lambdaF max = Inf
lambdaF min = 0.0010591866569830029
lambdaB max = Inf
lambdaB min = 0.0010538907236980876
----------------------------------
Delta = 0.001220703125
----------------------------------
Iteration = 25
Distance = 1.5238985084682154e170
v max = -2.9473076105001152
v min = -1.5238985084682154e170
d max = 0.07607142857142857
d min = 0.07607142857142857
dF max = 0.07607142857142857
dB max = 0.07607142857142857
hk max = 0.010331966455186503
hk min = 0.010331966455186503
hz max = 1.5082351354238424e86
hz min = -1.5121786617566913e86
lambdaF max = Inf
lambdaF min = 0.0010596511972269132
lambdaB max = Inf
lambdaB min = 0.0010543529412407784
----------------------------------
Delta = 0.0006103515625
Current Time = 22:19:31
Current Time = 22:19:33
parsed_args = parse_commandline() = Dict{String, Any}("dataname" => "upper_triangular_two_ambiguous_parameters", "clowerlim" => 0.0001, "delta" => 0.015, "boundary" => 0, "Delta" => 10.0, "q" => 0.3, "zmax" => 5.0, "logadjustment" => 1, "zscale" => 2.0, "foc" => 1, "distorted" => 0, "rho" => 1.0, "gamma" => 12.0)
=============================================================
./output/upper_triangular_two_ambiguous_parameters/Delta_10.0_distorted_0/logadjustment_1_boundary_0/zmax_5.0_zscale_2.0/delta_0.015/q_0.3_gamma_12.0_rho_1.0/
parsed_args = parse_commandline() = Dict{String, Any}("dataname" => "upper_triangular_two_ambiguous_parameters", "clowerlim" => 0.0001, "delta" => 0.015, "boundary" => 0, "Delta" => 10.0, "q" => 0.3, "zmax" => 5.0, "logadjustment" => 1, "zscale" => 2.0, "foc" => 1, "distorted" => 0, "rho" => 1.0, "gamma" => 12.0)
=============================================================
./output/upper_triangular_two_ambiguous_parameters/Delta_10.0_distorted_0/logadjustment_1_boundary_0/zmax_5.0_zscale_2.0/delta_0.015/q_0.3_gamma_12.0_rho_1.0/
Program ends Fri Jan 19 22:19:58 CST 2024
Elapsed time: 0 days 00 hr 01 min 01 sec
