D_10.0_distorted_0_boundary_1_delta_0.02_gamma_12.0_q_0.1_rho_1.0_lower_triangular_two_ambiguous_parameters
Program starts Fri Jan 19 22:23:25 CST 2024
parsed_args = parse_commandline() = Dict{String, Any}("dataname" => "lower_triangular_two_ambiguous_parameters", "clowerlim" => 0.0001, "delta" => 0.02, "boundary" => 1, "Delta" => 10.0, "q" => 0.1, "zmax" => 5.0, "logadjustment" => 1, "zscale" => 2.0, "foc" => 1, "distorted" => 0, "rho" => 1.0, "gamma" => 12.0)
=============================================================
logadjustment: true
reflective_boundary: true
0.109
sigma_k: [0.011287880226154068, 0.0]
sigma_z: [0.026030751045638307, 0.05916079783099616]
Compute value function WITH ROBUSTNESS
computing undistorted version...
zmax = 5.0, zmin = -5.0, zlength = 401
reflective boundary condition
----------------------------------
Iteration = 1
Distance = 1.2147705340774908
v max = -0.94539260713384
v min = -3.214770534077491
d max = 0.07672413793103448
d min = 0.07672413793103448
dF max = 0.07672413793103448
dB max = 0.07672413793103448
hk max = 0.011287880226154068
hk min = 0.011287880226154068
hz max = 0.0
hz min = 0.0
lambdaF max = Inf
lambdaF min = 0.004177590819662044
lambdaB max = Inf
lambdaB min = 0.004177590819662044
----------------------------------
----------------------------------
Iteration = 2
Distance = 1.0136114522452533
v max = -0.8378802860956172
v min = -4.228381986322744
d max = 0.07672413793103448
d min = 0.07672413793103448
dF max = 0.07672413793103448
dB max = 0.07672413793103448
hk max = 0.01720396000925524
hk min = 0.015858707778865326
hz max = 0.01344563587068448
hz min = 0.01038824443798013
lambdaF max = Inf
lambdaF min = 0.004177590819662044
lambdaB max = Inf
lambdaB min = 0.004177590819662044
----------------------------------
----------------------------------
Iteration = 3
Distance = 0.7265875128510135
v max = -0.8181471917432637
v min = -4.954969499173758
d max = 0.07672413793103448
d min = 0.07672413793103448
dF max = 0.07672413793103448
dB max = 0.07672413793103448
hk max = 0.02206155964374685
hk min = 0.017489431761858715
hz max = 0.024485635039983595
hz min = 0.01409443530841965
lambdaF max = Inf
lambdaF min = 0.004177590819662044
lambdaB max = Inf
lambdaB min = 0.004177590819662044
----------------------------------
----------------------------------
Iteration = 4
Distance = 0.5365505398109702
v max = -0.8475478951350695
v min = -5.491520038984728
d max = 0.07672413793103448
d min = 0.07672413793103448
dF max = 0.07672413793103448
dB max = 0.07672413793103448
hk max = 0.02535034932635951
hk min = 0.017361069058232106
hz max = 0.03196015704592147
hz min = 0.013802701891086455
lambdaF max = Inf
lambdaF min = 0.004177590819662044
lambdaB max = Inf
lambdaB min = 0.004177590819662044
----------------------------------
----------------------------------
Iteration = 5
Distance = 0.40888867805742724
v max = -0.8934795069463768
v min = -5.900408717042155
d max = 0.07672413793103448
d min = 0.07672413793103448
dF max = 0.07672413793103448
dB max = 0.07672413793103448
hk max = 0.02760978853667685
hk min = 0.01796767257709072
hz max = 0.03709524616027905
hz min = 0.015181346252128752
lambdaF max = Inf
lambdaF min = 0.004177590819662044
lambdaB max = Inf
lambdaB min = 0.004177590819662044
----------------------------------
----------------------------------
Iteration = 6
Distance = 0.31730871218365486
v max = -0.9424705476747011
v min = -6.21771742922581
d max = 0.07672413793103448
d min = 0.07672413793103448
dF max = 0.07672413793103448
dB max = 0.07672413793103448
hk max = 0.02926429001618124
hk min = 0.017734012930092545
hz max = 0.04085547679551631
hz min = 0.01465030159986018
lambdaF max = Inf
lambdaF min = 0.004177590819662044
lambdaB max = Inf
lambdaB min = 0.004177590819662044
----------------------------------
----------------------------------
Iteration = 7
Distance = 0.24932612486116135
v max = -0.9970310602788103
v min = -6.467043554086971
d max = 0.07672413793103448
d min = 0.07672413793103448
dF max = 0.07672413793103448
dB max = 0.07672413793103448
hk max = 0.03045430858417218
hk min = 0.01802511033567227
hz max = 0.04356006445004117
hz min = 0.015311886612541372
lambdaF max = Inf
lambdaF min = 0.004177590819662044
lambdaB max = Inf
lambdaB min = 0.004177590819662044
----------------------------------
----------------------------------
Iteration = 8
Distance = 0.19775979439966562
v max = -1.0531722832649622
v min = -6.664803348486637
d max = 0.07672413793103448
d min = 0.07672413793103448
dF max = 0.07672413793103448
dB max = 0.07672413793103448
hk max = 0.031213034730031983
hk min = 0.017931048291614633
hz max = 0.045284442054268
hz min = 0.015098109239683102
lambdaF max = Inf
lambdaF min = 0.004177590819662044
lambdaB max = Inf
lambdaB min = 0.004177590819662044
----------------------------------
----------------------------------
Iteration = 9
Distance = 0.15803632814140034
v max = -1.1124731369895586
v min = -6.822839676628037
d max = 0.07672413793103448
d min = 0.07672413793103448
dF max = 0.07672413793103448
dB max = 0.07672413793103448
hk max = 0.03159475789983678
hk min = 0.018105582372056575
hz max = 0.04615199471291526
hz min = 0.01549477760432388
lambdaF max = Inf
lambdaF min = 0.004177590819662044
lambdaB max = Inf
lambdaB min = 0.004177590819662044
----------------------------------
----------------------------------
Iteration = 10
Distance = 0.12707598528457087
v max = -1.1699283979049373
v min = -6.949915661912608
d max = 0.07672413793103448
d min = 0.07672413793103448
dF max = 0.07672413793103448
dB max = 0.07672413793103448
hk max = 0.031922758654846235
hk min = 0.018088992840538665
hz max = 0.046897450974300384
hz min = 0.015457074123601363
lambdaF max = Inf
lambdaF min = 0.004177590819662044
lambdaB max = Inf
lambdaB min = 0.004177590819662044
----------------------------------
----------------------------------
Iteration = 11
Distance = 0.10272039594284088
v max = -1.226080445857068
v min = -7.052636057855449
d max = 0.07672413793103448
d min = 0.07672413793103448
dF max = 0.07672413793103448
dB max = 0.07672413793103448
hk max = 0.03219797246422916
hk min = 0.01818060656195027
hz max = 0.04752293690471613
hz min = 0.015665287126809552
lambdaF max = Inf
lambdaF min = 0.004177590819662044
lambdaB max = Inf
lambdaB min = 0.004177590819662044
----------------------------------
----------------------------------
Iteration = 12
Distance = 0.08340815828390546
v max = -1.2764006143729705
v min = -7.1360442161393545
d max = 0.07672413793103448
d min = 0.07672413793103448
dF max = 0.07672413793103448
dB max = 0.07672413793103448
hk max = 0.032425840330608746
hk min = 0.018188624671499103
hz max = 0.048040818419215196
hz min = 0.015683510103056898
lambdaF max = Inf
lambdaF min = 0.004177590819662044
lambdaB max = Inf
lambdaB min = 0.004177590819662044
----------------------------------
----------------------------------
Iteration = 13
Distance = 0.0679843687023709
v max = -1.3212339512583005
v min = -7.204028584841725
d max = 0.07672413793103448
d min = 0.07672413793103448
dF max = 0.07672413793103448
dB max = 0.07672413793103448
hk max = 0.03262880749439617
hk min = 0.01821935257059379
hz max = 0.048502107427822974
hz min = 0.01575334623736301
lambdaF max = Inf
lambdaF min = 0.004177590819662044
lambdaB max = Inf
lambdaB min = 0.004177590819662044
----------------------------------
----------------------------------
Iteration = 14
Distance = 0.055585353270296345
v max = -1.358495398033143
v min = -7.259613938112022
d max = 0.07672413793103448
d min = 0.07672413793103448
dF max = 0.07672413793103448
dB max = 0.07672413793103448
hk max = 0.0327863762486099
hk min = 0.018223971670382418
hz max = 0.04886021823285418
hz min = 0.015763844191428074
lambdaF max = Inf
lambdaF min = 0.004177590819662044
lambdaB max = Inf
lambdaB min = 0.004177590819662044
----------------------------------
----------------------------------
Iteration = 15
Distance = 0.04556324726888583
v max = -1.390921797727572
v min = -7.3051771853809075
d max = 0.07672413793103448
d min = 0.07672413793103448
dF max = 0.07672413793103448
dB max = 0.07672413793103448
hk max = 0.032842214380257403
hk min = 0.018221932279684293
hz max = 0.04898712307750759
hz min = 0.01575920921256869
lambdaF max = Inf
lambdaF min = 0.004177590819662044
lambdaB max = Inf
lambdaB min = 0.004177590819662044
----------------------------------
----------------------------------
Iteration = 16
Distance = 0.037430267506656456
v max = -1.4187670636900735
v min = -7.342607452887564
d max = 0.07672413793103448
d min = 0.07672413793103448
dF max = 0.07672413793103448
dB max = 0.07672413793103448
hk max = 0.03276110400760643
hk min = 0.018235420897160185
hz max = 0.048802781321482656
hz min = 0.01578986516137754
lambdaF max = Inf
lambdaF min = 0.004177590819662044
lambdaB max = Inf
lambdaB min = 0.004177590819662044
----------------------------------
----------------------------------
Iteration = 17
Distance = 0.030813704906801576
v max = -1.4442964526506397
v min = -7.373421157794366
d max = 0.07672413793103448
d min = 0.07672413793103448
dF max = 0.07672413793103448
dB max = 0.07672413793103448
hk max = 0.0327434839704577
hk min = 0.018233230836589717
hz max = 0.04876273578250826
hz min = 0.01578488775099011
lambdaF max = Inf
lambdaF min = 0.004177590819662044
lambdaB max = Inf
lambdaB min = 0.004177590819662044
----------------------------------
----------------------------------
Iteration = 18
Distance = 0.02542031513955134
v max = -1.4666705477623112
v min = -7.398841472933917
d max = 0.07672413793103448
d min = 0.07672413793103448
dF max = 0.07672413793103448
dB max = 0.07672413793103448
hk max = 0.032775447644302604
hk min = 0.018255541765368973
hz max = 0.048835380495792134
hz min = 0.015835594407306603
lambdaF max = Inf
lambdaF min = 0.004177590819662044
lambdaB max = Inf
lambdaB min = 0.004177590819662044
----------------------------------
----------------------------------
Iteration = 19
Distance = 0.02101214343185287
v max = -1.486190000433226
v min = -7.41985361636577
d max = 0.07672413793103448
d min = 0.07672413793103448
dF max = 0.07672413793103448
dB max = 0.07672413793103448
hk max = 0.03282443482740076
hk min = 0.018249740093418947
hz max = 0.0489467150028334
hz min = 0.01582240878923837
lambdaF max = Inf
lambdaF min = 0.004177590819662044
lambdaB max = Inf
lambdaB min = 0.004177590819662044
----------------------------------
----------------------------------
Iteration = 20
Distance = 0.017394178753660228
v max = -1.5016648220986395
v min = -7.43724779511943
d max = 0.07672413793103448
d min = 0.07672413793103448
dF max = 0.07672413793103448
dB max = 0.07672413793103448
hk max = 0.032893529663609644
hk min = 0.018262587195124146
hz max = 0.04910374872148995
hz min = 0.015851606747659272
lambdaF max = Inf
lambdaF min = 0.004177590819662044
lambdaB max = Inf
lambdaB min = 0.004177590819662044
----------------------------------
----------------------------------
Iteration = 21
Distance = 0.015058438832691756
v max = -1.5138230297157984
v min = -7.4516578017955455
d max = 0.07672413793103448
d min = 0.07672413793103448
dF max = 0.07672413793103448
dB max = 0.07672413793103448
hk max = 0.032961831291084806
hk min = 0.018246720271008626
hz max = 0.04925897969302442
hz min = 0.015815545556487634
lambdaF max = Inf
lambdaF min = 0.004177590819662044
lambdaB max = Inf
lambdaB min = 0.004177590819662044
----------------------------------
----------------------------------
Iteration = 22
Distance = 0.0134421227377719
v max = -1.5232218304357366
v min = -7.463597121955277
d max = 0.07672413793103448
d min = 0.07672413793103448
dF max = 0.07672413793103448
dB max = 0.07672413793103448
hk max = 0.032976799772698295
hk min = 0.018251939051888107
hz max = 0.04929299896941871
hz min = 0.01582740642212282
lambdaF max = Inf
lambdaF min = 0.004177590819662044
lambdaB max = Inf
lambdaB min = 0.004177590819662044
----------------------------------
----------------------------------
Iteration = 23
Distance = 0.011571429469501293
v max = -1.5315258357483703
v min = -7.4734897369492135
d max = 0.07672413793103448
d min = 0.07672413793103448
dF max = 0.07672413793103448
dB max = 0.07672413793103448
hk max = 0.03289013292183367
hk min = 0.018241108289193217
hz max = 0.04909602885381727
hz min = 0.015802791052361702
lambdaF max = Inf
lambdaF min = 0.004177590819662044
lambdaB max = Inf
lambdaB min = 0.004177590819662044
----------------------------------
----------------------------------
Iteration = 24
Distance = 0.009741642592356214
v max = -1.5393721036213237
v min = -7.481691814349277
d max = 0.07672413793103448
d min = 0.07672413793103448
dF max = 0.07672413793103448
dB max = 0.07672413793103448
hk max = 0.032813910320782895
hk min = 0.01825282525720521
hz max = 0.048922795669610976
hz min = 0.01582942052511623
lambdaF max = Inf
lambdaF min = 0.004177590819662044
lambdaB max = Inf
lambdaB min = 0.004177590819662044
----------------------------------
----------------------------------
Iteration = 25
Distance = 0.008099692194281083
v max = -1.5470007817250027
v min = -7.488503130253453
d max = 0.07672413793103448
d min = 0.07672413793103448
dF max = 0.07672413793103448
dB max = 0.07672413793103448
hk max = 0.03281937270309139
hk min = 0.018252165950806754
hz max = 0.04893521017485756
hz min = 0.015827922101483375
lambdaF max = Inf
lambdaF min = 0.004177590819662044
lambdaB max = Inf
lambdaB min = 0.004177590819662044
----------------------------------
----------------------------------
Iteration = 26
Distance = 0.006686742410517477
v max = -1.5536775870190827
v min = -7.494171392421771
d max = 0.07672413793103448
d min = 0.07672413793103448
dF max = 0.07672413793103448
dB max = 0.07672413793103448
hk max = 0.03284060413982798
hk min = 0.018262716374508117
hz max = 0.04898346344016799
hz min = 0.0158519003371683
lambdaF max = Inf
lambdaF min = 0.004177590819662044
lambdaB max = Inf
lambdaB min = 0.004177590819662044
----------------------------------
----------------------------------
Iteration = 27
Distance = 0.005110405280833508
v max = -1.558764216623422
v min = -7.498895348051153
d max = 0.07672413793103448
d min = 0.07672413793103448
dF max = 0.07672413793103448
dB max = 0.07672413793103448
hk max = 0.03288320084997598
hk min = 0.018258274012617166
hz max = 0.04908027414504982
hz min = 0.015841804060143405
lambdaF max = Inf
lambdaF min = 0.004177590819662044
lambdaB max = Inf
lambdaB min = 0.004177590819662044
----------------------------------
----------------------------------
Iteration = 28
Distance = 0.0050142085091029465
v max = -1.5620248820068128
v min = -7.502831390279352
d max = 0.07672413793103448
d min = 0.07672413793103448
dF max = 0.07672413793103448
dB max = 0.07672413793103448
hk max = 0.03293667663017186
hk min = 0.018257844620175295
hz max = 0.04920181000913135
hz min = 0.01584082816823007
lambdaF max = Inf
lambdaF min = 0.004177590819662044
lambdaB max = Inf
lambdaB min = 0.004177590819662044
----------------------------------
----------------------------------
Iteration = 29
Distance = 0.0049882399130258825
v max = -1.563984787229737
v min = -7.506104314452558
d max = 0.07672413793103448
d min = 0.07672413793103448
dF max = 0.07672413793103448
dB max = 0.07672413793103448
hk max = 0.032961710164858465
hk min = 0.01824945166703639
hz max = 0.04925870440614637
hz min = 0.015821753274732557
lambdaF max = Inf
lambdaF min = 0.004177590819662044
lambdaB max = Inf
lambdaB min = 0.004177590819662044
----------------------------------
----------------------------------
Iteration = 30
Distance = 0.004561157207259026
v max = -1.5656338104144212
v min = -7.508819045141563
d max = 0.07672413793103448
d min = 0.07672413793103448
dF max = 0.07672413793103448
dB max = 0.07672413793103448
hk max = 0.03291160806222852
hk min = 0.018248602828794532
hz max = 0.049144835991078314
hz min = 0.01581982409691015
lambdaF max = Inf
lambdaF min = 0.004177590819662044
lambdaB max = Inf
lambdaB min = 0.004177590819662044
----------------------------------
----------------------------------
Iteration = 31
Distance = 0.003926126999120871
v max = -1.5676837010525229
v min = -7.511068927224679
d max = 0.07672413793103448
d min = 0.07672413793103448
dF max = 0.07672413793103448
dB max = 0.07672413793103448
hk max = 0.03281993888298135
hk min = 0.018248785572696526
hz max = 0.048936496947334734
hz min = 0.01582023942396013
lambdaF max = Inf
lambdaF min = 0.004177590819662044
lambdaB max = Inf
lambdaB min = 0.004177590819662044
----------------------------------
----------------------------------
Iteration = 32
Distance = 0.003274099496510363
v max = -1.5703187791616375
v min = -7.5129380071241805
d max = 0.07672413793103448
d min = 0.07672413793103448
dF max = 0.07672413793103448
dB max = 0.07672413793103448
hk max = 0.032820929662260814
hk min = 0.018254414139564166
hz max = 0.04893874871842442
hz min = 0.01583303162138659
lambdaF max = Inf
lambdaF min = 0.004177590819662044
lambdaB max = Inf
lambdaB min = 0.004177590819662044
----------------------------------
----------------------------------
Iteration = 33
Distance = 0.002692304413380864
v max = -1.5729575270101512
v min = -7.514498376790626
d max = 0.07672413793103448
d min = 0.07672413793103448
dF max = 0.07672413793103448
dB max = 0.07672413793103448
hk max = 0.032831494187896035
hk min = 0.01825857659931053
hz max = 0.048962759003959015
hz min = 0.01584249175717378
lambdaF max = Inf
lambdaF min = 0.004177590819662044
lambdaB max = Inf
lambdaB min = 0.004177590819662044
----------------------------------
----------------------------------
Iteration = 34
Distance = 0.002005465166465159
v max = -1.5749629921766164
v min = -7.515806619255144
d max = 0.07672413793103448
d min = 0.07672413793103448
dF max = 0.07672413793103448
dB max = 0.07672413793103448
hk max = 0.03285942441417413
hk min = 0.018259916035863806
hz max = 0.0490262367909547
hz min = 0.015845535931158502
lambdaF max = Inf
lambdaF min = 0.004177590819662044
lambdaB max = Inf
lambdaB min = 0.004177590819662044
----------------------------------
----------------------------------
Iteration = 35
Distance = 0.001833673167292993
v max = -1.5758446484420165
v min = -7.516903453732775
d max = 0.07672413793103448
d min = 0.07672413793103448
dF max = 0.07672413793103448
dB max = 0.07672413793103448
hk max = 0.032901041598950874
hk min = 0.018257607809812587
hz max = 0.04912082130181093
hz min = 0.015840289962860278
lambdaF max = Inf
lambdaF min = 0.004177590819662044
lambdaB max = Inf
lambdaB min = 0.004177590819662044
----------------------------------
----------------------------------
Iteration = 36
Distance = 0.002209796602925529
v max = -1.575884527131502
v min = -7.517817893771086
d max = 0.07672413793103448
d min = 0.07672413793103448
dF max = 0.07672413793103448
dB max = 0.07672413793103448
hk max = 0.03293079080703265
hk min = 0.01825247148977895
hz max = 0.049188433138360424
hz min = 0.01582861650823837
lambdaF max = Inf
lambdaF min = 0.004177590819662044
lambdaB max = Inf
lambdaB min = 0.004177590819662044
----------------------------------
Delta = 5.0
----------------------------------
Iteration = 37
Distance = 0.0012732805982347273
v max = -1.5757220829195313
v min = -7.518231664021019
d max = 0.07672413793103448
d min = 0.07672413793103448
dF max = 0.07672413793103448
dB max = 0.07672413793103448
hk max = 0.0329060251171736
hk min = 0.018249835555209454
hz max = 0.04913214747958986
hz min = 0.015822625747853154
lambdaF max = Inf
lambdaF min = 0.004177590819662044
lambdaB max = Inf
lambdaB min = 0.004177590819662044
----------------------------------
----------------------------------
Iteration = 38
Distance = 0.001169307091019256
v max = -1.5756572139011917
v min = -7.518607566655998
d max = 0.07672413793103448
d min = 0.07672413793103448
dF max = 0.07672413793103448
dB max = 0.07672413793103448
hk max = 0.03284314845059287
hk min = 0.01824845373534405
hz max = 0.04898924596463365
hz min = 0.015819485248159054
lambdaF max = Inf
lambdaF min = 0.004177590819662044
lambdaB max = Inf
lambdaB min = 0.004177590819662044
----------------------------------
----------------------------------
Iteration = 39
Distance = 0.0010641127472079681
v max = -1.5757211059989629
v min = -7.518948904369307
d max = 0.07672413793103448
d min = 0.07672413793103448
dF max = 0.07672413793103448
dB max = 0.07672413793103448
hk max = 0.03282044533852986
hk min = 0.01825052831920735
hz max = 0.04893764798267226
hz min = 0.015824200211484733
lambdaF max = Inf
lambdaF min = 0.004177590819662044
lambdaB max = Inf
lambdaB min = 0.004177590819662044
----------------------------------
----------------------------------
Iteration = 40
Distance = 0.0009622250017002898
v max = -1.5760232722360759
v min = -7.519258825354459
d max = 0.07672413793103448
d min = 0.07672413793103448
dF max = 0.07672413793103448
dB max = 0.07672413793103448
hk max = 0.032820464952717884
hk min = 0.018250971562384803
hz max = 0.048937692560372316
hz min = 0.01582520758234258
lambdaF max = Inf
lambdaF min = 0.004177590819662044
lambdaB max = Inf
lambdaB min = 0.004177590819662044
----------------------------------
----------------------------------
Iteration = 41
Distance = 0.0008657828352873764
v max = -1.5765237757511354
v min = -7.519540215575153
d max = 0.07672413793103448
d min = 0.07672413793103448
dF max = 0.07672413793103448
dB max = 0.07672413793103448
hk max = 0.0328204866146659
hk min = 0.018254646692486328
hz max = 0.04893774179207234
hz min = 0.015833560150755138
lambdaF max = Inf
lambdaF min = 0.004177590819662044
lambdaB max = Inf
lambdaB min = 0.004177590819662044
----------------------------------
----------------------------------
Iteration = 42
Distance = 0.0007762249960050482
v max = -1.5771841549370273
v min = -7.5197957069695445
d max = 0.07672413793103448
d min = 0.07672413793103448
dF max = 0.07672413793103448
dB max = 0.07672413793103448
hk max = 0.03282321468128681
hk min = 0.018255742146258094
hz max = 0.0489439419434835
hz min = 0.01583604981841824
lambdaF max = Inf
lambdaF min = 0.004177590819662044
lambdaB max = Inf
lambdaB min = 0.004177590819662044
----------------------------------
----------------------------------
Iteration = 43
Distance = 0.0006955590269328571
v max = -1.577870928296953
v min = -7.520027688067497
d max = 0.07672413793103448
d min = 0.07672413793103448
dF max = 0.07672413793103448
dB max = 0.07672413793103448
hk max = 0.03282997019879818
hk min = 0.018258466344827914
hz max = 0.04895929539237299
hz min = 0.0158422411788042
lambdaF max = Inf
lambdaF min = 0.004177590819662044
lambdaB max = Inf
lambdaB min = 0.004177590819662044
----------------------------------
----------------------------------
Iteration = 44
Distance = 0.0005875100447676473
v max = -1.578455462157994
v min = -7.520238321857233
d max = 0.07672413793103448
d min = 0.07672413793103448
dF max = 0.07672413793103448
dB max = 0.07672413793103448
hk max = 0.03283541766743411
hk min = 0.01825805131966758
hz max = 0.048971676002909185
hz min = 0.015841297939803444
lambdaF max = Inf
lambdaF min = 0.004177590819662044
lambdaB max = Inf
lambdaB min = 0.004177590819662044
----------------------------------
----------------------------------
Iteration = 45
Distance = 0.0003807934227333387
v max = -1.5788362555807274
v min = -7.520429568647724
d max = 0.07672413793103448
d min = 0.07672413793103448
dF max = 0.07672413793103448
dB max = 0.07672413793103448
hk max = 0.03283318179597665
hk min = 0.018257876627922588
hz max = 0.04896659447686951
hz min = 0.01584090091311028
lambdaF max = Inf
lambdaF min = 0.004177590819662044
lambdaB max = Inf
lambdaB min = 0.004177590819662044
----------------------------------
----------------------------------
Iteration = 46
Distance = 0.0003278119613963071
v max = -1.5789797521204239
v min = -7.5206032095302175
d max = 0.07672413793103448
d min = 0.07672413793103448
dF max = 0.07672413793103448
dB max = 0.07672413793103448
hk max = 0.032823295585243675
hk min = 0.01825559657849268
hz max = 0.04894412581611276
hz min = 0.015835718982587756
lambdaF max = Inf
lambdaF min = 0.004177590819662044
lambdaB max = Inf
lambdaB min = 0.004177590819662044
----------------------------------
----------------------------------
Iteration = 47
Distance = 0.00030883400778058956
v max = -1.578957025949992
v min = -7.520760866547009
d max = 0.07672413793103448
d min = 0.07672413793103448
dF max = 0.07672413793103448
dB max = 0.07672413793103448
hk max = 0.03282059392936022
hk min = 0.018253937412489946
hz max = 0.048937985689104915
hz min = 0.015831948150763366
lambdaF max = Inf
lambdaF min = 0.004177590819662044
lambdaB max = Inf
lambdaB min = 0.004177590819662044
----------------------------------
----------------------------------
Iteration = 48
Distance = 0.0002852083936701888
v max = -1.5788661860097326
v min = -7.520904017890248
d max = 0.07672413793103448
d min = 0.07672413793103448
dF max = 0.07672413793103448
dB max = 0.07672413793103448
hk max = 0.03282060701420951
hk min = 0.018252505098045563
hz max = 0.04893801542739873
hz min = 0.015828692890662494
lambdaF max = Inf
lambdaF min = 0.004177590819662044
lambdaB max = Inf
lambdaB min = 0.004177590819662044
----------------------------------
----------------------------------
Iteration = 49
Distance = 0.00026016761105163155
v max = -1.5788292861927071
v min = -7.521034008855201
d max = 0.07672413793103448
d min = 0.07672413793103448
dF max = 0.07672413793103448
dB max = 0.07672413793103448
hk max = 0.032820781865501816
hk min = 0.018252265504501496
hz max = 0.04893841281669943
hz min = 0.01582814835988052
lambdaF max = Inf
lambdaF min = 0.004177590819662044
lambdaB max = Inf
lambdaB min = 0.004177590819662044
----------------------------------
----------------------------------
Iteration = 50
Distance = 0.0002352039198449951
v max = -1.5788842446328863
v min = -7.5211520606562985
d max = 0.07672413793103448
d min = 0.07672413793103448
dF max = 0.07672413793103448
dB max = 0.07672413793103448
hk max = 0.03282175357493354
hk min = 0.01825305732903887
hz max = 0.04894062124722609
hz min = 0.01582994796110182
lambdaF max = Inf
lambdaF min = 0.004177590819662044
lambdaB max = Inf
lambdaB min = 0.004177590819662044
----------------------------------
----------------------------------
Iteration = 51
Distance = 0.0002113136809338556
v max = -1.5790349249408635
v min = -7.52125927919273
d max = 0.07672413793103448
d min = 0.07672413793103448
dF max = 0.07672413793103448
dB max = 0.07672413793103448
hk max = 0.03282325923917555
hk min = 0.018253900044396275
hz max = 0.04894404321141246
hz min = 0.01583186322327774
lambdaF max = Inf
lambdaF min = 0.004177590819662044
lambdaB max = Inf
lambdaB min = 0.004177590819662044
----------------------------------
----------------------------------
Iteration = 52
Distance = 0.00018905209535069467
v max = -1.5792150329717538
v min = -7.521356664823754
d max = 0.07672413793103448
d min = 0.07672413793103448
dF max = 0.07672413793103448
dB max = 0.07672413793103448
hk max = 0.03282404525817638
hk min = 0.01825496554684863
hz max = 0.048945829618232545
hz min = 0.01583428481976037
lambdaF max = Inf
lambdaF min = 0.004177590819662044
lambdaB max = Inf
lambdaB min = 0.004177590819662044
----------------------------------
----------------------------------
Iteration = 53
Distance = 0.00016436793371665814
v max = -1.5793792397859727
v min = -7.521445122966532
d max = 0.07672413793103448
d min = 0.07672413793103448
dF max = 0.07672413793103448
dB max = 0.07672413793103448
hk max = 0.03282291167013286
hk min = 0.018254976123137645
hz max = 0.04894325328177
hz min = 0.015834308856780856
lambdaF max = Inf
lambdaF min = 0.004177590819662044
lambdaB max = Inf
lambdaB min = 0.004177590819662044
----------------------------------
----------------------------------
Iteration = 54
Distance = 0.00012318459222004918
v max = -1.5794842799839062
v min = -7.521525474540357
d max = 0.07672413793103448
d min = 0.07672413793103448
dF max = 0.07672413793103448
dB max = 0.07672413793103448
hk max = 0.0328206558573188
hk min = 0.01825504338310956
hz max = 0.048938126434465316
hz min = 0.015834461720353396
lambdaF max = Inf
lambdaF min = 0.004177590819662044
lambdaB max = Inf
lambdaB min = 0.004177590819662044
----------------------------------
----------------------------------
Iteration = 55
Distance = 0.0001151564925438997
v max = -1.5795374150508212
v min = -7.5215984652181005
d max = 0.07672413793103448
d min = 0.07672413793103448
dF max = 0.07672413793103448
dB max = 0.07672413793103448
hk max = 0.03282066034112448
hk min = 0.01825430162795584
hz max = 0.04893813662493276
hz min = 0.015832775913185854
lambdaF max = Inf
lambdaF min = 0.004177590819662044
lambdaB max = Inf
lambdaB min = 0.004177590819662044
----------------------------------
----------------------------------
Iteration = 56
Distance = 0.00010600294856244474
v max = -1.5795567094633598
v min = -7.52166477294711
d max = 0.07672413793103448
d min = 0.07672413793103448
dF max = 0.07672413793103448
dB max = 0.07672413793103448
hk max = 0.03282066422056723
hk min = 0.01825414109753616
hz max = 0.0489381454418481
hz min = 0.01583241107132294
lambdaF max = Inf
lambdaF min = 0.004177590819662044
lambdaB max = Inf
lambdaB min = 0.004177590819662044
----------------------------------
----------------------------------
Iteration = 57
Distance = 9.664919654417403e-5
v max = -1.5795758149808767
v min = -7.521725013868614
d max = 0.07672413793103448
d min = 0.07672413793103448
dF max = 0.07672413793103448
dB max = 0.07672413793103448
hk max = 0.03282073690366637
hk min = 0.018253746229340548
hz max = 0.04893831063070979
hz min = 0.01583151364360564
lambdaF max = Inf
lambdaF min = 0.004177590819662044
lambdaB max = Inf
lambdaB min = 0.004177590819662044
----------------------------------
----------------------------------
Iteration = 58
Distance = 8.754299435231871e-5
v max = -1.579612520468313
v min = -7.52177974722061
d max = 0.07672413793103448
d min = 0.07672413793103448
dF max = 0.07672413793103448
dB max = 0.07672413793103448
hk max = 0.03282099908975822
hk min = 0.018254028262751378
hz max = 0.048938906508191264
hz min = 0.015832154628630253
lambdaF max = Inf
lambdaF min = 0.004177590819662044
lambdaB max = Inf
lambdaB min = 0.004177590819662044
----------------------------------
----------------------------------
Iteration = 59
Distance = 7.890756096973206e-5
v max = -1.579670026587171
v min = -7.5218294798790835
d max = 0.07672413793103448
d min = 0.07672413793103448
dF max = 0.07672413793103448
dB max = 0.07672413793103448
hk max = 0.03282135826962196
hk min = 0.018254116995200763
hz max = 0.048939722826063396
hz min = 0.015832356293287945
lambdaF max = Inf
lambdaF min = 0.004177590819662044
lambdaB max = Inf
lambdaB min = 0.004177590819662044
----------------------------------
----------------------------------
Iteration = 60
Distance = 7.089093749135245e-5
v max = -1.5797381967768838
v min = -7.521874670940081
d max = 0.07672413793103448
d min = 0.07672413793103448
dF max = 0.07672413793103448
dB max = 0.07672413793103448
hk max = 0.03282146373805131
hk min = 0.018254454842601
hz max = 0.048939962527039194
hz min = 0.01583312412828848
lambdaF max = Inf
lambdaF min = 0.004177590819662044
lambdaB max = Inf
lambdaB min = 0.004177590819662044
----------------------------------
----------------------------------
Iteration = 61
Distance = 6.346628559872336e-5
v max = -1.5798002883917575
v min = -7.521915736379458
d max = 0.07672413793103448
d min = 0.07672413793103448
dF max = 0.07672413793103448
dB max = 0.07672413793103448
hk max = 0.032821093533196025
hk min = 0.01825448190675013
hz max = 0.048939121152368086
hz min = 0.015833185637718326
lambdaF max = Inf
lambdaF min = 0.004177590819662044
lambdaB max = Inf
lambdaB min = 0.004177590819662044
----------------------------------
----------------------------------
Iteration = 62
Distance = 5.038640016108431e-5
v max = -1.5798480245826383
v min = -7.521953053558204
d max = 0.07672413793103448
d min = 0.07672413793103448
dF max = 0.07672413793103448
dB max = 0.07672413793103448
hk max = 0.032820677161862884
hk min = 0.01825448668426427
hz max = 0.04893817485388368
hz min = 0.01583319649570501
lambdaF max = Inf
lambdaF min = 0.004177590819662044
lambdaB max = Inf
lambdaB min = 0.004177590819662044
----------------------------------
----------------------------------
Iteration = 63
Distance = 4.691768057885071e-5
v max = -1.5798769908234607
v min = -7.521986965277823
d max = 0.07672413793103448
d min = 0.07672413793103448
dF max = 0.07672413793103448
dB max = 0.07672413793103448
hk max = 0.032820678211439316
hk min = 0.018254347935851963
hz max = 0.048938177239284654
hz min = 0.015832881158404307
lambdaF max = Inf
lambdaF min = 0.004177590819662044
lambdaB max = Inf
lambdaB min = 0.004177590819662044
----------------------------------
----------------------------------
Iteration = 64
Distance = 4.310510279514901e-5
v max = -1.579895912751889
v min = -7.5220177832088355
d max = 0.07672413793103448
d min = 0.07672413793103448
dF max = 0.07672413793103448
dB max = 0.07672413793103448
hk max = 0.03282067911578453
hk min = 0.018254214910592634
hz max = 0.0489381792946147
hz min = 0.01583257882826947
lambdaF max = Inf
lambdaF min = 0.004177590819662044
lambdaB max = Inf
lambdaB min = 0.004177590819662044
----------------------------------
----------------------------------
Iteration = 65
Distance = 3.930903428450705e-5
v max = -1.579910571153043
v min = -7.522045790710074
d max = 0.07672413793103448
d min = 0.07672413793103448
dF max = 0.07672413793103448
dB max = 0.07672413793103448
hk max = 0.03282069461096272
hk min = 0.018254179554933508
hz max = 0.048938214510928765
hz min = 0.015832498474498732
lambdaF max = Inf
lambdaF min = 0.004177590819662044
lambdaB max = Inf
lambdaB min = 0.004177590819662044
----------------------------------
----------------------------------
Iteration = 66
Distance = 3.566069320415366e-5
v max = -1.5799302472438141
v min = -7.52207124520771
d max = 0.07672413793103448
d min = 0.07672413793103448
dF max = 0.07672413793103448
dB max = 0.07672413793103448
hk max = 0.03282075672565189
hk min = 0.018254155077148827
hz max = 0.048938355680676886
hz min = 0.015832442843169908
lambdaF max = Inf
lambdaF min = 0.004177590819662044
lambdaB max = Inf
lambdaB min = 0.004177590819662044
----------------------------------
----------------------------------
Iteration = 67
Distance = 3.222890599108297e-5
v max = -1.5799542286322297
v min = -7.522094380345977
d max = 0.07672413793103448
d min = 0.07672413793103448
dF max = 0.07672413793103448
dB max = 0.07672413793103448
hk max = 0.03282083813022739
hk min = 0.018254269465995933
hz max = 0.048938540691075734
hz min = 0.01583270281782242
lambdaF max = Inf
lambdaF min = 0.004177590819662044
lambdaB max = Inf
lambdaB min = 0.004177590819662044
----------------------------------
----------------------------------
Iteration = 68
Distance = 2.9051838327021073e-5
v max = -1.5799821741940918
v min = -7.522115408060585
d max = 0.07672413793103448
d min = 0.07672413793103448
dF max = 0.07672413793103448
dB max = 0.07672413793103448
hk max = 0.0328208489578735
hk min = 0.018254286438310355
hz max = 0.048938565299362365
hz min = 0.01583274139126429
lambdaF max = Inf
lambdaF min = 0.004177590819662044
lambdaB max = Inf
lambdaB min = 0.004177590819662044
----------------------------------
----------------------------------
Iteration = 69
Distance = 2.625201626216267e-5
v max = -1.5800078939000297
v min = -7.522134520616514
d max = 0.07672413793103448
d min = 0.07672413793103448
dF max = 0.07672413793103448
dB max = 0.07672413793103448
hk max = 0.03282075144016838
hk min = 0.01825437891989544
hz max = 0.048938343668214354
hz min = 0.015832951576684934
lambdaF max = Inf
lambdaF min = 0.004177590819662044
lambdaB max = Inf
lambdaB min = 0.004177590819662044
----------------------------------
----------------------------------
Iteration = 70
Distance = 2.155635840228598e-5
v max = -1.5800293420637708
v min = -7.522151892559958
d max = 0.07672413793103448
d min = 0.07672413793103448
dF max = 0.07672413793103448
dB max = 0.07672413793103448
hk max = 0.03282068200054779
hk min = 0.01825432229905788
hz max = 0.04893818585089483
hz min = 0.015832822892963207
lambdaF max = Inf
lambdaF min = 0.004177590819662044
lambdaB max = Inf
lambdaB min = 0.004177590819662044
----------------------------------
----------------------------------
Iteration = 71
Distance = 1.9777924152197812e-5
v max = -1.5800444776255935
v min = -7.522167682500238
d max = 0.07672413793103448
d min = 0.07672413793103448
dF max = 0.07672413793103448
dB max = 0.07672413793103448
hk max = 0.03282068221656305
hk min = 0.018254336011281833
hz max = 0.048938186341838594
hz min = 0.01583285405710856
lambdaF max = Inf
lambdaF min = 0.004177590819662044
lambdaB max = Inf
lambdaB min = 0.004177590819662044
----------------------------------
----------------------------------
Iteration = 72
Distance = 1.8147915876731702e-5
v max = -1.5800554380688465
v min = -7.522182034662287
d max = 0.07672413793103448
d min = 0.07672413793103448
dF max = 0.07672413793103448
dB max = 0.07672413793103448
hk max = 0.03282068240491204
hk min = 0.018254254439923866
hz max = 0.04893818676990449
hz min = 0.015832668667658638
lambdaF max = Inf
lambdaF min = 0.004177590819662044
lambdaB max = Inf
lambdaB min = 0.004177590819662044
----------------------------------
----------------------------------
Iteration = 73
Distance = 1.655373977937913e-5
v max = -1.5800644487264415
v min = -7.5221950802063295
d max = 0.07672413793103448
d min = 0.07672413793103448
dF max = 0.07672413793103448
dB max = 0.07672413793103448
hk max = 0.032820684757621406
hk min = 0.01825426646294083
hz max = 0.04893819211697123
hz min = 0.01583269599269719
lambdaF max = Inf
lambdaF min = 0.004177590819662044
lambdaB max = Inf
lambdaB min = 0.004177590819662044
----------------------------------
----------------------------------
Iteration = 74
Distance = 1.5038002422418373e-5
v max = -1.5800738433348975
v min = -7.5222069383616175
d max = 0.07672413793103448
d min = 0.07672413793103448
dF max = 0.07672413793103448
dB max = 0.07672413793103448
hk max = 0.032820697872237625
hk min = 0.018254238172728424
hz max = 0.04893822192291718
hz min = 0.015832631696759907
lambdaF max = Inf
lambdaF min = 0.004177590819662044
lambdaB max = Inf
lambdaB min = 0.004177590819662044
----------------------------------
----------------------------------
Iteration = 75
Distance = 1.3619954590815553e-5
v max = -1.5800846507792976
v min = -7.522217717441705
d max = 0.07672413793103448
d min = 0.07672413793103448
dF max = 0.07672413793103448
dB max = 0.07672413793103448
hk max = 0.032820714705324855
hk min = 0.01825427704311307
hz max = 0.048938260179933614
hz min = 0.01583272003854319
lambdaF max = Inf
lambdaF min = 0.004177590819662044
lambdaB max = Inf
lambdaB min = 0.004177590819662044
----------------------------------
----------------------------------
Iteration = 76
Distance = 1.231022870173959e-5
v max = -1.5800960773065222
v min = -7.522227515796117
d max = 0.07672413793103448
d min = 0.07672413793103448
dF max = 0.07672413793103448
dB max = 0.07672413793103448
hk max = 0.03282071451044956
hk min = 0.01825428464355986
hz max = 0.048938259737035215
hz min = 0.01583273731228589
lambdaF max = Inf
lambdaF min = 0.004177590819662044
lambdaB max = Inf
lambdaB min = 0.004177590819662044
----------------------------------
----------------------------------
Iteration = 77
Distance = 1.1240141345236765e-5
v max = -1.5801073174478675
v min = -7.522236422721854
d max = 0.07672413793103448
d min = 0.07672413793103448
dF max = 0.07672413793103448
dB max = 0.07672413793103448
hk max = 0.032820692670401164
hk min = 0.018254307167443005
hz max = 0.0489382101005616
hz min = 0.015832788502929407
lambdaF max = Inf
lambdaF min = 0.004177590819662044
lambdaB max = Inf
lambdaB min = 0.004177590819662044
----------------------------------
----------------------------------
Iteration = 78
Distance = 9.636352779729407e-6
v max = -1.580116719656884
v min = -7.522244519327721
d max = 0.07672413793103448
d min = 0.07672413793103448
dF max = 0.07672413793103448
dB max = 0.07672413793103448
hk max = 0.032820683002731096
hk min = 0.018254305815317506
hz max = 0.04893818812858416
hz min = 0.015832785429916903
lambdaF max = Inf
lambdaF min = 0.004177590819662044
lambdaB max = Inf
lambdaB min = 0.004177590819662044
----------------------------------
    Value Function Converged, Iteration = 78 with gamma=12.0 with rho=1.0 and v=-3.4222075428164436
    Reflective boundary condition
=============================================================
Convegence time (minutes): 0.1043238248
Current Time = 22:23:50
grid points for z:  401
grid size for z:  0.025
-0.534660555739815
-0.728526678038239
--- 7.971492052078247 seconds for the elasticity computation ---
-0.05995658404801351
-0.24469732697601795
--- 0.06326079368591309 seconds for the elasticity computation ---
-0.23696297203747202
-0.4838293510622211
--- 0.06254434585571289 seconds for the elasticity computation ---
-0.6144202692369558
-0.734170618151316
--- 0.06233048439025879 seconds for the elasticity computation ---
Current Time = 22:24:03
grid points for z:  401
grid size for z:  0.025
rho = 1
0.05975971349714089
--- 8.041364192962646 seconds for the elasticity computation ---
0.0
--- 0.06674838066101074 seconds for the elasticity computation ---
0.05975971349714089
--- 0.06640005111694336 seconds for the elasticity computation ---
0.0
--- 0.06645441055297852 seconds for the elasticity computation ---
0.0
--- 0.06619572639465332 seconds for the elasticity computation ---
0.05975971349714089
0.005643940113077034
--- 0.06627774238586426 seconds for the elasticity computation ---
0.05975971349714089
0.005643940113077034
--- 0.06621670722961426 seconds for the elasticity computation ---
0.05975971349714089
0.005643940113077034
--- 0.06638121604919434 seconds for the elasticity computation ---
0.05975971349714089
0.005643940113077034
--- 0.06682705879211426 seconds for the elasticity computation ---
parsed_args = parse_commandline() = Dict{String, Any}("dataname" => "lower_triangular_two_ambiguous_parameters", "clowerlim" => 0.0001, "delta" => 0.02, "boundary" => 1, "Delta" => 10.0, "q" => 0.1, "zmax" => 5.0, "logadjustment" => 1, "zscale" => 2.0, "foc" => 1, "distorted" => 0, "rho" => 1.0, "gamma" => 12.0)
=============================================================
./output/lower_triangular_two_ambiguous_parameters/Delta_10.0_distorted_0/logadjustment_1_boundary_1/zmax_5.0_zscale_2.0/delta_0.02/q_0.1_gamma_12.0_rho_1.0/
=============================================================
solve for structured linear system 
structured_relative_entropy = 0.10248677319646124
=============================================================
solve for unstructured linear system 
q_update = 0.6481736058175521
=============================================================
parsed_args = parse_commandline() = Dict{String, Any}("dataname" => "lower_triangular_two_ambiguous_parameters", "clowerlim" => 0.0001, "delta" => 0.02, "boundary" => 1, "Delta" => 10.0, "q" => 0.1, "zmax" => 5.0, "logadjustment" => 1, "zscale" => 2.0, "foc" => 1, "distorted" => 0, "rho" => 1.0, "gamma" => 12.0)
=============================================================
./output/lower_triangular_two_ambiguous_parameters/Delta_10.0_distorted_0/logadjustment_1_boundary_1/zmax_5.0_zscale_2.0/delta_0.02/q_0.1_gamma_12.0_rho_1.0/
=============================================================
solve for structured linear system 
structured_relative_entropy = 0.10248677319646123
=============================================================
solve for unstructured linear system 
q_update = 0.6481736058175521
=============================================================
Program ends Fri Jan 19 22:24:42 CST 2024
Elapsed time: 0 days 00 hr 01 min 17 sec
