D_10.0_distorted_0_boundary_1_delta_0.01_gamma_8.0_q_0.05_rho_1.0_lower_triangular_two_ambiguous_parameters
Program starts Fri Jan 19 22:23:08 CST 2024
parsed_args = parse_commandline() = Dict{String, Any}("dataname" => "lower_triangular_two_ambiguous_parameters", "clowerlim" => 0.0001, "delta" => 0.01, "boundary" => 1, "Delta" => 10.0, "q" => 0.05, "zmax" => 5.0, "logadjustment" => 1, "zscale" => 2.0, "foc" => 1, "distorted" => 0, "rho" => 1.0, "gamma" => 8.0)
=============================================================
logadjustment: true
reflective_boundary: true
0.0922
sigma_k: [0.011287880226154068, 0.0]
sigma_z: [0.026030751045638307, 0.05916079783099616]
Compute value function WITH ROBUSTNESS
computing undistorted version...
zmax = 5.0, zmin = -5.0, zlength = 401
reflective boundary condition
----------------------------------
Iteration = 1
Distance = 1.2245230770446618
v max = -0.8184396960644181
v min = -3.224523077044662
d max = 0.07611111111111112
d min = 0.07611111111111112
dF max = 0.07611111111111112
dB max = 0.07611111111111112
hk max = 0.011287880226154068
hk min = 0.011287880226154068
hz max = 0.0
hz min = 0.0
lambdaF max = Inf
lambdaF min = 0.008624482946382158
lambdaB max = Inf
lambdaB min = 0.008624482946382158
----------------------------------
----------------------------------
Iteration = 2
Distance = 0.9304837945935462
v max = -0.3461730380363676
v min = -4.155006871638208
d max = 0.07611111111111112
d min = 0.07611111111111112
dF max = 0.07611111111111112
dB max = 0.07611111111111112
hk max = 0.017560350357634643
hk min = 0.0161328035037972
hz max = 0.014255613935183127
hz min = 0.011011189267370755
lambdaF max = Inf
lambdaF min = 0.008624482946382158
lambdaB max = Inf
lambdaB min = 0.008624482946382158
----------------------------------
----------------------------------
Iteration = 3
Distance = 0.6505616526289897
v max = -0.12242483985573079
v min = -4.805568524267198
d max = 0.07611111111111112
d min = 0.07611111111111112
dF max = 0.07611111111111112
dB max = 0.07611111111111112
hk max = 0.022248807235151515
hk min = 0.018565521918203855
hz max = 0.024911197747721475
hz min = 0.01654009475465861
lambdaF max = Inf
lambdaF min = 0.008624482946382158
lambdaB max = Inf
lambdaB min = 0.008624482946382158
----------------------------------
----------------------------------
Iteration = 4
Distance = 0.4683828334004927
v max = -0.031257794907468446
v min = -5.27395135766769
d max = 0.07611111111111112
d min = 0.07611111111111112
dF max = 0.07611111111111112
dB max = 0.07611111111111112
hk max = 0.025392391553828164
hk min = 0.01964229374518007
hz max = 0.032055707562895684
hz min = 0.01898730345233182
lambdaF max = Inf
lambdaF min = 0.008624482946382158
lambdaB max = Inf
lambdaB min = 0.008624482946382158
----------------------------------
----------------------------------
Iteration = 5
Distance = 0.3473059242472605
v max = -0.007471114040634781
v min = -5.621257281914951
d max = 0.07611111111111112
d min = 0.07611111111111112
dF max = 0.07611111111111112
dB max = 0.07611111111111112
hk max = 0.027516092263217072
hk min = 0.02028178269898221
hz max = 0.03688230008423411
hz min = 0.020440687438245786
lambdaF max = Inf
lambdaF min = 0.008624482946382158
lambdaB max = Inf
lambdaB min = 0.008624482946382158
----------------------------------
----------------------------------
Iteration = 6
Distance = 0.263892106819938
v max = -0.017684879550945692
v min = -5.885149388734889
d max = 0.07611111111111112
d min = 0.07611111111111112
dF max = 0.07611111111111112
dB max = 0.07611111111111112
hk max = 0.028963335213712704
hk min = 0.020579890138738413
hz max = 0.040171488608087814
hz min = 0.021118204346782604
lambdaF max = Inf
lambdaF min = 0.008624482946382158
lambdaB max = Inf
lambdaB min = 0.008624482946382158
----------------------------------
----------------------------------
Iteration = 7
Distance = 0.20513296605167675
v max = -0.0460030938771609
v min = -6.090282354786566
d max = 0.07611111111111112
d min = 0.07611111111111112
dF max = 0.07611111111111112
dB max = 0.07611111111111112
hk max = 0.02995289524766624
hk min = 0.020754136634250478
hz max = 0.04242048868525494
hz min = 0.021514219109310027
lambdaF max = Inf
lambdaF min = 0.008624482946382158
lambdaB max = Inf
lambdaB min = 0.008624482946382158
----------------------------------
----------------------------------
Iteration = 8
Distance = 0.16297123931930368
v max = -0.08465660874591652
v min = -6.253253594105869
d max = 0.07611111111111112
d min = 0.07611111111111112
dF max = 0.07611111111111112
dB max = 0.07611111111111112
hk max = 0.03063058437104538
hk min = 0.02085694692599802
hz max = 0.04396069123838936
hz min = 0.021747878863281712
lambdaF max = Inf
lambdaF min = 0.008624482946382158
lambdaB max = Inf
lambdaB min = 0.008624482946382158
----------------------------------
----------------------------------
Iteration = 9
Distance = 0.132174378635054
v max = -0.12946121239913735
v min = -6.385427972740923
d max = 0.07611111111111112
d min = 0.07611111111111112
dF max = 0.07611111111111112
dB max = 0.07611111111111112
hk max = 0.031095094325265367
hk min = 0.02093064341810162
hz max = 0.04501639567979842
hz min = 0.0219153708907899
lambdaF max = Inf
lambdaF min = 0.008624482946382158
lambdaB max = Inf
lambdaB min = 0.008624482946382158
----------------------------------
----------------------------------
Iteration = 10
Distance = 0.1092616065781069
v max = -0.17763864108859223
v min = -6.49468957931903
d max = 0.07611111111111112
d min = 0.07611111111111112
dF max = 0.07611111111111112
dB max = 0.07611111111111112
hk max = 0.0314136455775504
hk min = 0.02098616337131172
hz max = 0.04574037579862803
hz min = 0.02204155260263103
lambdaF max = Inf
lambdaF min = 0.008624482946382158
lambdaB max = Inf
lambdaB min = 0.008624482946382158
----------------------------------
----------------------------------
Iteration = 11
Distance = 0.09188288326634808
v max = -0.22711653167000484
v min = -6.586572462585378
d max = 0.07611111111111112
d min = 0.07611111111111112
dF max = 0.07611111111111112
dB max = 0.07611111111111112
hk max = 0.031632165726313624
hk min = 0.021029178404028986
hz max = 0.046237012500362634
hz min = 0.02213931404062482
lambdaF max = Inf
lambdaF min = 0.008624482946382158
lambdaB max = Inf
lambdaB min = 0.008624482946382158
----------------------------------
----------------------------------
Iteration = 12
Distance = 0.07843491188723828
v max = -0.2763168147560958
v min = -6.665007374472617
d max = 0.07611111111111112
d min = 0.07611111111111112
dF max = 0.07611111111111112
dB max = 0.07611111111111112
hk max = 0.031782094120832244
hk min = 0.02106175758294546
hz max = 0.04657775885154133
hz min = 0.02221335762907135
lambdaF max = Inf
lambdaF min = 0.008624482946382158
lambdaB max = Inf
lambdaB min = 0.008624482946382158
----------------------------------
----------------------------------
Iteration = 13
Distance = 0.06781473447758746
v max = -0.3240894021269857
v min = -6.732822108950204
d max = 0.07611111111111112
d min = 0.07611111111111112
dF max = 0.07611111111111112
dB max = 0.07611111111111112
hk max = 0.03188497422801028
hk min = 0.021085800373783097
hz max = 0.046811577276945945
hz min = 0.022268000335520524
lambdaF max = Inf
lambdaF min = 0.008624482946382158
lambdaB max = Inf
lambdaB min = 0.008624482946382158
----------------------------------
----------------------------------
Iteration = 14
Distance = 0.05925793218953235
v max = -0.3696511114549028
v min = -6.792080041139736
d max = 0.07611111111111112
d min = 0.07611111111111112
dF max = 0.07611111111111112
dB max = 0.07611111111111112
hk max = 0.031955575253105106
hk min = 0.021103008688675724
hz max = 0.04697203415216146
hz min = 0.022307110142094674
lambdaF max = Inf
lambdaF min = 0.008624482946382158
lambdaB max = Inf
lambdaB min = 0.008624482946382158
----------------------------------
----------------------------------
Iteration = 15
Distance = 0.052230770015675
v max = -0.41252637562796923
v min = -6.844310811155411
d max = 0.07611111111111112
d min = 0.07611111111111112
dF max = 0.07611111111111112
dB max = 0.07611111111111112
hk max = 0.03200402776061326
hk min = 0.021114964712185547
hz max = 0.047082153487407255
hz min = 0.022334282922798817
lambdaF max = Inf
lambdaF min = 0.008624482946382158
lambdaB max = Inf
lambdaB min = 0.008624482946382158
----------------------------------
----------------------------------
Iteration = 16
Distance = 0.046357572145805825
v max = -0.45248232054746207
v min = -6.890668383301217
d max = 0.07611111111111112
d min = 0.07611111111111112
dF max = 0.07611111111111112
dB max = 0.07611111111111112
hk max = 0.03203728142933169
hk min = 0.02112307747735565
hz max = 0.04715773000722188
hz min = 0.02235272102545814
lambdaF max = Inf
lambdaF min = 0.008624482946382158
lambdaB max = Inf
lambdaB min = 0.008624482946382158
----------------------------------
----------------------------------
Iteration = 17
Distance = 0.041371479941346934
v max = -0.48946197640837974
v min = -6.932039863242564
d max = 0.07611111111111112
d min = 0.07611111111111112
dF max = 0.07611111111111112
dB max = 0.07611111111111112
hk max = 0.03206010450233666
hk min = 0.021128514975089586
hz max = 0.04720960062768771
hz min = 0.022365078974853448
lambdaF max = Inf
lambdaF min = 0.008624482946382158
lambdaB max = Inf
lambdaB min = 0.008624482946382158
----------------------------------
----------------------------------
Iteration = 18
Distance = 0.0370808977006023
v max = -0.5235233782061124
v min = -6.9691207609431665
d max = 0.07611111111111112
d min = 0.07611111111111112
dF max = 0.07611111111111112
dB max = 0.07611111111111112
hk max = 0.032075768903505116
hk min = 0.021132163417028685
hz max = 0.047245201539434206
hz min = 0.022373370888351403
lambdaF max = Inf
lambdaF min = 0.008624482946382158
lambdaB max = Inf
lambdaB min = 0.008624482946382158
----------------------------------
----------------------------------
Iteration = 19
Distance = 0.03334654048646879
v max = -0.5547920804060062
v min = -7.002467301429635
d max = 0.07611111111111112
d min = 0.07611111111111112
dF max = 0.07611111111111112
dB max = 0.07611111111111112
hk max = 0.032086520025208856
hk min = 0.02113463736121085
hz max = 0.047269635906942706
hz min = 0.022378993488765417
lambdaF max = Inf
lambdaF min = 0.008624482946382158
lambdaB max = Inf
lambdaB min = 0.008624482946382158
----------------------------------
----------------------------------
Iteration = 20
Distance = 0.03006568310036517
v max = -0.5834285784029941
v min = -7.03253298453
d max = 0.07611111111111112
d min = 0.07611111111111112
dF max = 0.07611111111111112
dB max = 0.07611111111111112
hk max = 0.032093898916676425
hk min = 0.021136337971600788
hz max = 0.04728640611482354
hz min = 0.02238285851237891
lambdaF max = Inf
lambdaF min = 0.008624482946382158
lambdaB max = Inf
lambdaB min = 0.008624482946382158
----------------------------------
----------------------------------
Iteration = 21
Distance = 0.027161318252373334
v max = -0.6096081734731307
v min = -7.059694302782374
d max = 0.07611111111111112
d min = 0.07611111111111112
dF max = 0.07611111111111112
dB max = 0.07611111111111112
hk max = 0.03209896328015031
hk min = 0.021137518662327014
hz max = 0.04729791603180964
hz min = 0.02238554190039306
lambdaF max = Inf
lambdaF min = 0.008624482946382158
lambdaB max = Inf
lambdaB min = 0.008624482946382158
----------------------------------
----------------------------------
Iteration = 22
Distance = 0.02457467117529788
v max = -0.6335094589560897
v min = -7.084268973957672
d max = 0.07611111111111112
d min = 0.07611111111111112
dF max = 0.07611111111111112
dB max = 0.07611111111111112
hk max = 0.0321024390864062
hk min = 0.021138340666061663
hz max = 0.047305815591482114
hz min = 0.022387410090699084
lambdaF max = Inf
lambdaF min = 0.008624482946382158
lambdaB max = Inf
lambdaB min = 0.008624482946382158
----------------------------------
----------------------------------
Iteration = 23
Distance = 0.02226001467481531
v max = -0.6553080063156582
v min = -7.106528988632487
d max = 0.07611111111111112
d min = 0.07611111111111112
dF max = 0.07611111111111112
dB max = 0.07611111111111112
hk max = 0.03210482461397907
hk min = 0.02113891065834108
hz max = 0.047311237245056835
hz min = 0.02238870552769776
lambdaF max = Inf
lambdaF min = 0.008624482946382158
lambdaB max = Inf
lambdaB min = 0.008624482946382158
----------------------------------
----------------------------------
Iteration = 24
Distance = 0.020181064240865076
v max = -0.6751728633579007
v min = -7.126710052873352
d max = 0.07611111111111112
d min = 0.07611111111111112
dF max = 0.07611111111111112
dB max = 0.07611111111111112
hk max = 0.032106461855021
hk min = 0.021139302954521988
hz max = 0.04731495824742485
hz min = 0.022389597109927096
lambdaF max = Inf
lambdaF min = 0.008624482946382158
lambdaB max = Inf
lambdaB min = 0.008624482946382158
----------------------------------
----------------------------------
Iteration = 25
Distance = 0.018308460556485606
v max = -0.6932645247769932
v min = -7.145018513429838
d max = 0.07611111111111112
d min = 0.07611111111111112
dF max = 0.07611111111111112
dB max = 0.07611111111111112
hk max = 0.0321075855296756
hk min = 0.02113957103387186
hz max = 0.047317512053458036
hz min = 0.022390206381176805
lambdaF max = Inf
lambdaF min = 0.008624482946382158
lambdaB max = Inf
lambdaB min = 0.008624482946382158
----------------------------------
----------------------------------
Iteration = 26
Distance = 0.01661800176962913
v max = -0.7097337512009226
v min = -7.161636515199467
d max = 0.07611111111111112
d min = 0.07611111111111112
dF max = 0.07611111111111112
dB max = 0.07611111111111112
hk max = 0.03210835673156573
hk min = 0.021139753514485812
hz max = 0.04731926478502651
hz min = 0.022390621109844876
lambdaF max = Inf
lambdaF min = 0.008624482946382158
lambdaB max = Inf
lambdaB min = 0.008624482946382158
----------------------------------
----------------------------------
Iteration = 27
Distance = 0.015089393764328385
v max = -0.7247209728081005
v min = -7.176725908963795
d max = 0.07611111111111112
d min = 0.07611111111111112
dF max = 0.07611111111111112
dB max = 0.07611111111111112
hk max = 0.03210888602246451
hk min = 0.021139877768733367
hz max = 0.047320467718887385
hz min = 0.022390903505862047
lambdaF max = Inf
lambdaF min = 0.008624482946382158
lambdaB max = Inf
lambdaB min = 0.008624482946382158
----------------------------------
----------------------------------
Iteration = 28
Distance = 0.013705359149537522
v max = -0.7383561420324241
v min = -7.190431268113333
d max = 0.07611111111111112
d min = 0.07611111111111112
dF max = 0.07611111111111112
dB max = 0.07611111111111112
hk max = 0.0321092492835587
hk min = 0.02113996268409682
hz max = 0.04732129331228327
hz min = 0.022391096495324437
lambdaF max = Inf
lambdaF min = 0.008624482946382158
lambdaB max = Inf
lambdaB min = 0.008624482946382158
----------------------------------
----------------------------------
Iteration = 29
Distance = 0.01245099539420469
v max = -0.750758926211216
v min = -7.202882263507537
d max = 0.07611111111111112
d min = 0.07611111111111112
dF max = 0.07611111111111112
dB max = 0.07611111111111112
hk max = 0.032109498594355884
hk min = 0.02114002099148963
hz max = 0.04732185992773142
hz min = 0.022391229012126274
lambdaF max = Inf
lambdaF min = 0.008624482946382158
lambdaB max = Inf
lambdaB min = 0.008624482946382158
----------------------------------
----------------------------------
Iteration = 30
Distance = 0.011313306666077771
v max = -0.7620391339198485
v min = -7.214195570173615
d max = 0.07611111111111112
d min = 0.07611111111111112
dF max = 0.07611111111111112
dB max = 0.07611111111111112
hk max = 0.032109669698738255
hk min = 0.02114006117186898
hz max = 0.0473222488013277
hz min = 0.022391320331170257
lambdaF max = Inf
lambdaF min = 0.008624482946382158
lambdaB max = Inf
lambdaB min = 0.008624482946382158
----------------------------------
----------------------------------
Iteration = 31
Distance = 0.010280857371689933
v max = -0.7722972795505053
v min = -7.224476427545305
d max = 0.07611111111111112
d min = 0.07611111111111112
dF max = 0.07611111111111112
dB max = 0.07611111111111112
hk max = 0.03210978712886722
hk min = 0.021140088891235684
hz max = 0.04732251568798444
hz min = 0.022391383329730945
lambdaF max = Inf
lambdaF min = 0.008624482946382158
lambdaB max = Inf
lambdaB min = 0.008624482946382158
----------------------------------
----------------------------------
Iteration = 32
Distance = 0.009343511497429624
v max = -0.7816252122171207
v min = -7.233819939042735
d max = 0.07611111111111112
d min = 0.07611111111111112
dF max = 0.07611111111111112
dB max = 0.07611111111111112
hk max = 0.03210986772180665
hk min = 0.021140107988866542
hz max = 0.047322698853755875
hz min = 0.02239142673343745
lambdaF max = Inf
lambdaF min = 0.008624482946382158
lambdaB max = Inf
lambdaB min = 0.008624482946382158
----------------------------------
----------------------------------
Iteration = 33
Distance = 0.008492232914723452
v max = -0.7901067596474678
v min = -7.242312171957458
d max = 0.07611111111111112
d min = 0.07611111111111112
dF max = 0.07611111111111112
dB max = 0.07611111111111112
hk max = 0.032109923033126465
hk min = 0.02114012111123153
hz max = 0.04732282456130091
hz min = 0.02239145655699423
lambdaF max = Inf
lambdaF min = 0.008624482946382158
lambdaB max = Inf
lambdaB min = 0.008624482946382158
----------------------------------
----------------------------------
Iteration = 34
Distance = 0.007718929418289555
v max = -0.7978183584523915
v min = -7.250031101375748
d max = 0.07611111111111112
d min = 0.07611111111111112
dF max = 0.07611111111111112
dB max = 0.07611111111111112
hk max = 0.03210996099354797
hk min = 0.0211401301040812
hz max = 0.04732291083498616
hz min = 0.022391476995288935
lambdaF max = Inf
lambdaF min = 0.008624482946382158
lambdaB max = Inf
lambdaB min = 0.008624482946382158
----------------------------------
----------------------------------
Iteration = 35
Distance = 0.007016328499751978
v max = -0.80482965628039
v min = -7.2570474298755
d max = 0.07611111111111112
d min = 0.07611111111111112
dF max = 0.07611111111111112
dB max = 0.07611111111111112
hk max = 0.032109987045956245
hk min = 0.02114013625763716
hz max = 0.04732297004500495
hz min = 0.02239149098064339
lambdaF max = Inf
lambdaF min = 0.008624482946382158
lambdaB max = Inf
lambdaB min = 0.008624482946382158
----------------------------------
----------------------------------
Iteration = 36
Distance = 0.0063778764653283915
v max = -0.8112040794438652
v min = -7.263425306340828
d max = 0.07611111111111112
d min = 0.07611111111111112
dF max = 0.07611111111111112
dB max = 0.07611111111111112
hk max = 0.03211000492583349
hk min = 0.02114014046846719
hz max = 0.0473230106810896
hz min = 0.02239150055071164
lambdaF max = Inf
lambdaF min = 0.008624482946382158
lambdaB max = Inf
lambdaB min = 0.008624482946382158
----------------------------------
----------------------------------
Iteration = 37
Distance = 0.005797654995434165
v max = -0.8169993636065958
v min = -7.269222961336262
d max = 0.07611111111111112
d min = 0.07611111111111112
dF max = 0.07611111111111112
dB max = 0.07611111111111112
hk max = 0.032110017196851234
hk min = 0.02114014335352777
hz max = 0.047323038569766294
hz min = 0.022391507107667505
lambdaF max = Inf
lambdaF min = 0.008624482946382158
lambdaB max = Inf
lambdaB min = 0.008624482946382158
----------------------------------
----------------------------------
Iteration = 38
Distance = 0.00527031096615449
v max = -0.8222680469682345
v min = -7.274493272302417
d max = 0.07611111111111112
d min = 0.07611111111111112
dF max = 0.07611111111111112
dB max = 0.07611111111111112
hk max = 0.03211002561847662
hk min = 0.02114014533361415
hz max = 0.04732305770982398
hz min = 0.02239151160786383
lambdaF max = Inf
lambdaF min = 0.008624482946382158
lambdaB max = Inf
lambdaB min = 0.008624482946382158
----------------------------------
----------------------------------
Iteration = 39
Distance = 0.004790996545917636
v max = -0.8270579263280459
v min = -7.279284268848334
d max = 0.07611111111111112
d min = 0.07611111111111112
dF max = 0.07611111111111112
dB max = 0.07611111111111112
hk max = 0.03211003139824897
hk min = 0.021140146694424433
hz max = 0.04732307084567024
hz min = 0.022391514700614467
lambdaF max = Inf
lambdaF min = 0.008624482946382158
lambdaB max = Inf
lambdaB min = 0.008624482946382158
----------------------------------
----------------------------------
Iteration = 40
Distance = 0.004355317411195436
v max = -0.8314124770512644
v min = -7.28363958625953
d max = 0.07611111111111112
d min = 0.07611111111111112
dF max = 0.07611111111111112
dB max = 0.07611111111111112
hk max = 0.03211003536490757
hk min = 0.021140147630093024
hz max = 0.04732307986080343
hz min = 0.022391516827133993
lambdaF max = Inf
lambdaF min = 0.008624482946382158
lambdaB max = Inf
lambdaB min = 0.008624482946382158
----------------------------------
----------------------------------
Iteration = 41
Distance = 0.003959287504531339
v max = -0.8353712384735146
v min = -7.287598873764061
d max = 0.07611111111111112
d min = 0.07611111111111112
dF max = 0.07611111111111112
dB max = 0.07611111111111112
hk max = 0.03211003808722728
hk min = 0.021140148273184063
hz max = 0.047323086047893675
hz min = 0.02239151828870454
lambdaF max = Inf
lambdaF min = 0.008624482946382158
lambdaB max = Inf
lambdaB min = 0.008624482946382158
----------------------------------
----------------------------------
Iteration = 42
Distance = 0.0035992891645664216
v max = -0.8389701666646014
v min = -7.2911981629286275
d max = 0.07611111111111112
d min = 0.07611111111111112
dF max = 0.07611111111111112
dB max = 0.07611111111111112
hk max = 0.03211003995555425
hk min = 0.02114014871477132
hz max = 0.04732309029409132
hz min = 0.022391519292311937
lambdaF max = Inf
lambdaF min = 0.008624482946382158
lambdaB max = Inf
lambdaB min = 0.008624482946382158
----------------------------------
----------------------------------
Iteration = 43
Distance = 0.0032720377447281734
v max = -0.84224195671004
v min = -7.294470200673356
d max = 0.07611111111111112
d min = 0.07611111111111112
dF max = 0.07611111111111112
dB max = 0.07611111111111112
hk max = 0.03211004123778767
hk min = 0.021140149017699325
hz max = 0.0473230932082582
hz min = 0.02239151998078468
lambdaF max = Inf
lambdaF min = 0.008624482946382158
lambdaB max = Inf
lambdaB min = 0.008624482946382158
----------------------------------
----------------------------------
Iteration = 44
Distance = 0.0029745500415572224
v max = -0.8452163367616483
v min = -7.297444750714913
d max = 0.07611111111111112
d min = 0.07611111111111112
dF max = 0.07611111111111112
dB max = 0.07611111111111112
hk max = 0.03211004211778573
hk min = 0.02114014922538504
hz max = 0.04732309520825379
hz min = 0.022391520452797666
lambdaF max = Inf
lambdaF min = 0.008624482946382158
lambdaB max = Inf
lambdaB min = 0.008624482946382158
----------------------------------
----------------------------------
Iteration = 45
Distance = 0.0027041160002285736
v max = -0.8479203360897761
v min = -7.3001488667151415
d max = 0.07611111111111112
d min = 0.07611111111111112
dF max = 0.07611111111111112
dB max = 0.07611111111111112
hk max = 0.032110042721726025
hk min = 0.02114014936776764
hz max = 0.04732309658084537
hz min = 0.02239152077639449
lambdaF max = Inf
lambdaF min = 0.008624482946382158
lambdaB max = Inf
lambdaB min = 0.008624482946382158
----------------------------------
----------------------------------
Iteration = 46
Distance = 0.002458273271588318
v max = -0.8503785292795648
v min = -7.30260713998673
d max = 0.07611111111111112
d min = 0.07611111111111112
dF max = 0.07611111111111112
dB max = 0.07611111111111112
hk max = 0.03211004313621127
hk min = 0.021140149465421344
hz max = 0.04732309752285727
hz min = 0.022391520998334722
lambdaF max = Inf
lambdaF min = 0.008624482946382158
lambdaB max = Inf
lambdaB min = 0.008624482946382158
----------------------------------
----------------------------------
Iteration = 47
Distance = 0.0022347842741687884
v max = -0.8526132585874231
v min = -7.304841924260899
d max = 0.07611111111111112
d min = 0.07611111111111112
dF max = 0.07611111111111112
dB max = 0.07611111111111112
hk max = 0.03211004342067175
hk min = 0.021140149532438108
hz max = 0.04732309816935837
hz min = 0.02239152115064555
lambdaF max = Inf
lambdaF min = 0.008624482946382158
lambdaB max = Inf
lambdaB min = 0.008624482946382158
----------------------------------
----------------------------------
Iteration = 48
Distance = 0.0020316154727142433
v max = -0.854644836334621
v min = -7.306873539733613
d max = 0.07611111111111112
d min = 0.07611111111111112
dF max = 0.07611111111111112
dB max = 0.07611111111111112
hk max = 0.032110043615896616
hk min = 0.021140149578452706
hz max = 0.04732309861305126
hz min = 0.02239152125522418
lambdaF max = Inf
lambdaF min = 0.008624482946382158
lambdaB max = Inf
lambdaB min = 0.008624482946382158
----------------------------------
----------------------------------
Iteration = 49
Distance = 0.0018469186310587915
v max = -0.8564917290749866
v min = -7.308720458364672
d max = 0.07611111111111112
d min = 0.07611111111111112
dF max = 0.07611111111111112
dB max = 0.07611111111111112
hk max = 0.032110043749877665
hk min = 0.0211401496100534
hz max = 0.047323098917553624
hz min = 0.022391521327043945
lambdaF max = Inf
lambdaF min = 0.008624482946382158
lambdaB max = Inf
lambdaB min = 0.008624482946382158
----------------------------------
----------------------------------
Iteration = 50
Distance = 0.0016790138311835179
v max = -0.8581707251384961
v min = -7.310399472195855
d max = 0.07611111111111112
d min = 0.07611111111111112
dF max = 0.07611111111111112
dB max = 0.07611111111111112
hk max = 0.032110043841831255
hk min = 0.021140149631752515
hz max = 0.04732309912653907
hz min = 0.022391521376360114
lambdaF max = Inf
lambdaF min = 0.008624482946382158
lambdaB max = Inf
lambdaB min = 0.008624482946382158
----------------------------------
----------------------------------
Iteration = 51
Distance = 0.0015263740784110524
v max = -0.8596970870239008
v min = -7.311925846274266
d max = 0.07611111111111112
d min = 0.07611111111111112
dF max = 0.07611111111111112
dB max = 0.07611111111111112
hk max = 0.032110043904938546
hk min = 0.02114014964664812
hz max = 0.04732309926996474
hz min = 0.022391521410213767
lambdaF max = Inf
lambdaF min = 0.008624482946382158
lambdaB max = Inf
lambdaB min = 0.008624482946382158
----------------------------------
----------------------------------
Iteration = 52
Distance = 0.001387611335542438
v max = -0.8610846899918574
v min = -7.313313457609809
d max = 0.07611111111111112
d min = 0.07611111111111112
dF max = 0.07611111111111112
dB max = 0.07611111111111112
hk max = 0.03211004394824776
hk min = 0.0211401496568698
hz max = 0.04732309936839478
hz min = 0.02239152143344485
lambdaF max = Inf
lambdaF min = 0.008624482946382158
lambdaB max = Inf
lambdaB min = 0.008624482946382158
----------------------------------
----------------------------------
Iteration = 53
Distance = 0.0012614638464274464
v max = -0.8623461480957083
v min = -7.314574921456236
d max = 0.07611111111111112
d min = 0.07611111111111112
dF max = 0.07611111111111112
dB max = 0.07611111111111112
hk max = 0.0321100439779717
hk min = 0.02114014966388208
hz max = 0.04732309943594917
hz min = 0.022391521449381856
lambdaF max = Inf
lambdaF min = 0.008624482946382158
lambdaB max = Inf
lambdaB min = 0.008624482946382158
----------------------------------
----------------------------------
Iteration = 54
Distance = 0.0011467846258428338
v max = -0.8634929287803401
v min = -7.315721706082079
d max = 0.07611111111111112
d min = 0.07611111111111112
dF max = 0.07611111111111112
dB max = 0.07611111111111112
hk max = 0.0321100439983709
hk min = 0.021140149668692997
hz max = 0.04732309948231098
hz min = 0.022391521460315752
lambdaF max = Inf
lambdaF min = 0.008624482946382158
lambdaB max = Inf
lambdaB min = 0.008624482946382158
----------------------------------
----------------------------------
Iteration = 55
Distance = 0.0010425310051145331
v max = -0.8645354570804928
v min = -7.3167642370871935
d max = 0.07611111111111112
d min = 0.07611111111111112
dF max = 0.07611111111111112
dB max = 0.07611111111111112
hk max = 0.032110044012372344
hk min = 0.02114014967199395
hz max = 0.047323099514132445
hz min = 0.022391521467817914
lambdaF max = Inf
lambdaF min = 0.008624482946382158
lambdaB max = Inf
lambdaB min = 0.008624482946382158
----------------------------------
----------------------------------
Iteration = 56
Distance = 0.0009477551346295243
v max = -0.8654832103586336
v min = -7.317711992221823
d max = 0.07611111111111112
d min = 0.07611111111111112
dF max = 0.07611111111111112
dB max = 0.07611111111111112
hk max = 0.032110044021978215
hk min = 0.021140149674259125
hz max = 0.04732309953596398
hz min = 0.022391521472966042
lambdaF max = Inf
lambdaF min = 0.008624482946382158
lambdaB max = Inf
lambdaB min = 0.008624482946382158
----------------------------------
----------------------------------
Iteration = 57
Distance = 0.0008615953541841748
v max = -0.866344804438684
v min = -7.318573587576007
d max = 0.07611111111111112
d min = 0.07611111111111112
dF max = 0.07611111111111112
dB max = 0.07611111111111112
hk max = 0.032110044028572954
hk min = 0.021140149675814058
hz max = 0.047323099550952014
hz min = 0.02239152147649998
lambdaF max = Inf
lambdaF min = 0.008624482946382158
lambdaB max = Inf
lambdaB min = 0.008624482946382158
----------------------------------
----------------------------------
Iteration = 58
Distance = 0.0007832683509336746
v max = -0.8671280719151815
v min = -7.319356855926941
d max = 0.07611111111111112
d min = 0.07611111111111112
dF max = 0.07611111111111112
dB max = 0.07611111111111112
hk max = 0.03211004403309892
hk min = 0.021140149676881388
hz max = 0.04732309956123829
hz min = 0.022391521478925737
lambdaF max = Inf
lambdaF min = 0.008624482946382158
lambdaB max = Inf
lambdaB min = 0.008624482946382158
----------------------------------
----------------------------------
Iteration = 59
Distance = 0.000712062032288685
v max = -0.8678401333473652
v min = -7.3200689179592295
d max = 0.07611111111111112
d min = 0.07611111111111112
dF max = 0.07611111111111112
dB max = 0.07611111111111112
hk max = 0.032110044036204384
hk min = 0.021140149677614177
hz max = 0.04732309956829618
hz min = 0.02239152148059116
lambdaF max = Inf
lambdaF min = 0.008624482946382158
lambdaB max = Inf
lambdaB min = 0.008624482946382158
----------------------------------
----------------------------------
Iteration = 60
Distance = 0.0006473290482693628
v max = -0.8684874619837875
v min = -7.320716247007499
d max = 0.07611111111111112
d min = 0.07611111111111112
dF max = 0.07611111111111112
dB max = 0.07611111111111112
hk max = 0.03211004403833789
hk min = 0.021140149678117035
hz max = 0.04732309957314507
hz min = 0.022391521481734022
lambdaF max = Inf
lambdaF min = 0.008624482946382158
lambdaB max = Inf
lambdaB min = 0.008624482946382158
----------------------------------
----------------------------------
Iteration = 61
Distance = 0.0005884809035530125
v max = -0.8690759426046972
v min = -7.321304727911052
d max = 0.07611111111111112
d min = 0.07611111111111112
dF max = 0.07611111111111112
dB max = 0.07611111111111112
hk max = 0.0321100440398
hk min = 0.021140149678462103
hz max = 0.04732309957646803
hz min = 0.022391521482518262
lambdaF max = Inf
lambdaF min = 0.008624482946382158
lambdaB max = Inf
lambdaB min = 0.008624482946382158
----------------------------------
----------------------------------
Iteration = 62
Distance = 0.0005349826056741946
v max = -0.8696109250163992
v min = -7.321839710516726
d max = 0.07611111111111112
d min = 0.07611111111111112
dF max = 0.07611111111111112
dB max = 0.07611111111111112
hk max = 0.03211004404080433
hk min = 0.02114014967869885
hz max = 0.0473230995787506
hz min = 0.022391521483056325
lambdaF max = Inf
lambdaF min = 0.008624482946382158
lambdaB max = Inf
lambdaB min = 0.008624482946382158
----------------------------------
----------------------------------
Iteration = 63
Distance = 0.0004863478000753929
v max = -0.8700972726833431
v min = -7.3223260583168015
d max = 0.07611111111111112
d min = 0.07611111111111112
dF max = 0.07611111111111112
dB max = 0.07611111111111112
hk max = 0.03211004404149238
hk min = 0.0211401496788615
hz max = 0.04732309958031435
hz min = 0.02239152148342598
lambdaF max = Inf
lambdaF min = 0.008624482946382158
lambdaB max = Inf
lambdaB min = 0.008624482946382158
----------------------------------
----------------------------------
Iteration = 64
Distance = 0.0004421343477289952
v max = -0.8705394069397027
v min = -7.3227681926645305
d max = 0.07611111111111112
d min = 0.07611111111111112
dF max = 0.07611111111111112
dB max = 0.07611111111111112
hk max = 0.03211004404196588
hk min = 0.021140149678972937
hz max = 0.047323099581390485
hz min = 0.02239152148367925
lambdaF max = Inf
lambdaF min = 0.008624482946382158
lambdaB max = Inf
lambdaB min = 0.008624482946382158
----------------------------------
----------------------------------
Iteration = 65
Distance = 0.00040194030514939527
v max = -0.8709413471821483
v min = -7.32317013296968
d max = 0.07611111111111112
d min = 0.07611111111111112
dF max = 0.07611111111111112
dB max = 0.07611111111111112
hk max = 0.03211004404229048
hk min = 0.021140149679049577
hz max = 0.04732309958212822
hz min = 0.022391521483853438
lambdaF max = Inf
lambdaF min = 0.008624482946382158
lambdaB max = Inf
lambdaB min = 0.008624482946382158
----------------------------------
----------------------------------
Iteration = 66
Distance = 0.00036540026988252094
v max = -0.8713067474089997
v min = -7.323535533239562
d max = 0.07611111111111112
d min = 0.07611111111111112
dF max = 0.07611111111111112
dB max = 0.07611111111111112
hk max = 0.03211004404251428
hk min = 0.021140149679102063
hz max = 0.047323099582636856
hz min = 0.022391521483972717
lambdaF max = Inf
lambdaF min = 0.008624482946382158
lambdaB max = Inf
lambdaB min = 0.008624482946382158
----------------------------------
----------------------------------
Iteration = 67
Distance = 0.00033218205837215464
v max = -0.8716389294378339
v min = -7.323867715297935
d max = 0.07611111111111112
d min = 0.07611111111111112
dF max = 0.07611111111111112
dB max = 0.07611111111111112
hk max = 0.03211004404266503
hk min = 0.021140149679138128
hz max = 0.04732309958297946
hz min = 0.022391521484054686
lambdaF max = Inf
lambdaF min = 0.008624482946382158
lambdaB max = Inf
lambdaB min = 0.008624482946382158
----------------------------------
----------------------------------
Iteration = 68
Distance = 0.00030198368588063573
v max = -0.871940913103447
v min = -7.324169698983815
d max = 0.07611111111111112
d min = 0.07611111111111112
dF max = 0.07611111111111112
dB max = 0.07611111111111112
hk max = 0.03211004404277045
hk min = 0.02114014967916287
hz max = 0.047323099583219064
hz min = 0.022391521484110912
lambdaF max = Inf
lambdaF min = 0.008624482946382158
lambdaB max = Inf
lambdaB min = 0.008624482946382158
----------------------------------
----------------------------------
Iteration = 69
Distance = 0.0002745306210973908
v max = -0.8722154437106335
v min = -7.324444229604913
d max = 0.07611111111111112
d min = 0.07611111111111112
dF max = 0.07611111111111112
dB max = 0.07611111111111112
hk max = 0.03211004404284258
hk min = 0.021140149679179862
hz max = 0.047323099583383
hz min = 0.02239152148414953
lambdaF max = Inf
lambdaF min = 0.008624482946382158
lambdaB max = Inf
lambdaB min = 0.008624482946382158
----------------------------------
----------------------------------
Iteration = 70
Distance = 0.0002495732902358938
v max = -0.8724650169913236
v min = -7.3246938028951485
d max = 0.07611111111111112
d min = 0.07611111111111112
dF max = 0.07611111111111112
dB max = 0.07611111111111112
hk max = 0.03211004404289253
hk min = 0.021140149679191422
hz max = 0.0473230995834965
hz min = 0.022391521484175805
lambdaF max = Inf
lambdaF min = 0.008624482946382158
lambdaB max = Inf
lambdaB min = 0.008624482946382158
----------------------------------
----------------------------------
Iteration = 71
Distance = 0.00022688480816057677
v max = -0.872691901792935
v min = -7.324920687703309
d max = 0.07611111111111112
d min = 0.07611111111111112
dF max = 0.07611111111111112
dB max = 0.07611111111111112
hk max = 0.03211004404292674
hk min = 0.021140149679199513
hz max = 0.047323099583574266
hz min = 0.022391521484194196
lambdaF max = Inf
lambdaF min = 0.008624482946382158
lambdaB max = Inf
lambdaB min = 0.008624482946382158
----------------------------------
----------------------------------
Iteration = 72
Distance = 0.00020625891573367028
v max = -0.8728981607041629
v min = -7.325126946619043
d max = 0.07611111111111112
d min = 0.07611111111111112
dF max = 0.07611111111111112
dB max = 0.07611111111111112
hk max = 0.03211004404294801
hk min = 0.021140149679204946
hz max = 0.04732309958362261
hz min = 0.022391521484206544
lambdaF max = Inf
lambdaF min = 0.008624482946382158
lambdaB max = Inf
lambdaB min = 0.008624482946382158
----------------------------------
----------------------------------
Iteration = 73
Distance = 0.00018750810466450218
v max = -0.8730856688057411
v min = -7.325314454723707
d max = 0.07611111111111112
d min = 0.07611111111111112
dF max = 0.07611111111111112
dB max = 0.07611111111111112
hk max = 0.032110044042964664
hk min = 0.021140149679208763
hz max = 0.04732309958366044
hz min = 0.022391521484215214
lambdaF max = Inf
lambdaF min = 0.008624482946382158
lambdaB max = Inf
lambdaB min = 0.008624482946382158
----------------------------------
----------------------------------
Iteration = 74
Distance = 0.00017046191296277158
v max = -0.873256130716583
v min = -7.32548491663667
d max = 0.07611111111111112
d min = 0.07611111111111112
dF max = 0.07611111111111112
dB max = 0.07611111111111112
hk max = 0.03211004404297575
hk min = 0.021140149679211302
hz max = 0.04732309958368566
hz min = 0.022391521484220994
lambdaF max = Inf
lambdaF min = 0.008624482946382158
lambdaB max = Inf
lambdaB min = 0.008624482946382158
----------------------------------
----------------------------------
Iteration = 75
Distance = 0.00015496537516135334
v max = -0.8734110960902962
v min = -7.325639882011831
d max = 0.07611111111111112
d min = 0.07611111111111112
dF max = 0.07611111111111112
dB max = 0.07611111111111112
hk max = 0.03211004404298223
hk min = 0.021140149679213155
hz max = 0.04732309958370037
hz min = 0.022391521484225196
lambdaF max = Inf
lambdaF min = 0.008624482946382158
lambdaB max = Inf
lambdaB min = 0.008624482946382158
----------------------------------
----------------------------------
Iteration = 76
Distance = 0.00014087761361558648
v max = -0.873551973702911
v min = -7.325780759625447
d max = 0.07611111111111112
d min = 0.07611111111111112
dF max = 0.07611111111111112
dB max = 0.07611111111111112
hk max = 0.0321100440429887
hk min = 0.021140149679214425
hz max = 0.04732309958371509
hz min = 0.022391521484228086
lambdaF max = Inf
lambdaF min = 0.008624482946382158
lambdaB max = Inf
lambdaB min = 0.008624482946382158
----------------------------------
----------------------------------
Iteration = 77
Distance = 0.00012807055770913678
v max = -0.873680044259938
v min = -7.325908830183156
d max = 0.07611111111111112
d min = 0.07611111111111112
dF max = 0.07611111111111112
dB max = 0.07611111111111112
hk max = 0.032110044042991476
hk min = 0.02114014967921512
hz max = 0.04732309958372139
hz min = 0.022391521484229664
lambdaF max = Inf
lambdaF min = 0.008624482946382158
lambdaB max = Inf
lambdaB min = 0.008624482946382158
----------------------------------
----------------------------------
Iteration = 78
Distance = 0.00011642777965104045
v max = -0.8737964720391227
v min = -7.326025257962807
d max = 0.07611111111111112
d min = 0.07611111111111112
dF max = 0.07611111111111112
dB max = 0.07611111111111112
hk max = 0.03211004404299518
hk min = 0.021140149679215813
hz max = 0.0473230995837298
hz min = 0.02239152148423124
lambdaF max = Inf
lambdaF min = 0.008624482946382158
lambdaB max = Inf
lambdaB min = 0.008624482946382158
----------------------------------
----------------------------------
Iteration = 79
Distance = 0.0001058434359944016
v max = -0.8739023154747907
v min = -7.3261311013988015
d max = 0.07611111111111112
d min = 0.07611111111111112
dF max = 0.07611111111111112
dB max = 0.07611111111111112
hk max = 0.03211004404299796
hk min = 0.02114014967921616
hz max = 0.04732309958373611
hz min = 0.022391521484232027
lambdaF max = Inf
lambdaF min = 0.008624482946382158
lambdaB max = Inf
lambdaB min = 0.008624482946382158
----------------------------------
----------------------------------
Iteration = 80
Distance = 9.622130541409035e-5
v max = -0.8739985367799795
v min = -7.326227322704216
d max = 0.07611111111111112
d min = 0.07611111111111112
dF max = 0.07611111111111112
dB max = 0.07611111111111112
hk max = 0.03211004404299887
hk min = 0.02114014967921639
hz max = 0.04732309958373821
hz min = 0.022391521484232554
lambdaF max = Inf
lambdaF min = 0.008624482946382158
lambdaB max = Inf
lambdaB min = 0.008624482946382158
----------------------------------
----------------------------------
Iteration = 81
Distance = 8.747391397978532e-5
v max = -0.8740860106938079
v min = -7.326314796618194
d max = 0.07611111111111112
d min = 0.07611111111111112
dF max = 0.07611111111111112
dB max = 0.07611111111111112
hk max = 0.03211004404299887
hk min = 0.02114014967921662
hz max = 0.04732309958373821
hz min = 0.02239152148423308
lambdaF max = Inf
lambdaF min = 0.008624482946382158
lambdaB max = Inf
lambdaB min = 0.008624482946382158
----------------------------------
----------------------------------
Iteration = 82
Distance = 7.952173996628176e-5
v max = -0.8741655324336695
v min = -7.32639431835816
d max = 0.07611111111111112
d min = 0.07611111111111112
dF max = 0.07611111111111112
dB max = 0.07611111111111112
hk max = 0.03211004404299796
hk min = 0.02114014967921662
hz max = 0.04732309958373611
hz min = 0.02239152148423308
lambdaF max = Inf
lambdaF min = 0.008624482946382158
lambdaB max = Inf
lambdaB min = 0.008624482946382158
----------------------------------
----------------------------------
Iteration = 83
Distance = 7.229249086115885e-5
v max = -0.8742378249244624
v min = -7.32646661084902
d max = 0.07611111111111112
d min = 0.07611111111111112
dF max = 0.07611111111111112
dB max = 0.07611111111111112
hk max = 0.03211004404299887
hk min = 0.021140149679216853
hz max = 0.04732309958373821
hz min = 0.022391521484233606
lambdaF max = Inf
lambdaF min = 0.008624482946382158
lambdaB max = Inf
lambdaB min = 0.008624482946382158
----------------------------------
----------------------------------
Iteration = 84
Distance = 6.572044623887052e-5
v max = -0.8743035453706447
v min = -7.326532331295259
d max = 0.07611111111111112
d min = 0.07611111111111112
dF max = 0.07611111111111112
dB max = 0.07611111111111112
hk max = 0.0321100440429998
hk min = 0.021140149679216735
hz max = 0.04732309958374031
hz min = 0.022391521484233342
lambdaF max = Inf
lambdaF min = 0.008624482946382158
lambdaB max = Inf
lambdaB min = 0.008624482946382158
----------------------------------
----------------------------------
Iteration = 85
Distance = 5.974586020229822e-5
v max = -0.8743632912308167
v min = -7.32659207715546
d max = 0.07611111111111112
d min = 0.07611111111111112
dF max = 0.07611111111111112
dB max = 0.07611111111111112
hk max = 0.032110044043000725
hk min = 0.021140149679216853
hz max = 0.04732309958374241
hz min = 0.022391521484233606
lambdaF max = Inf
lambdaF min = 0.008624482946382158
lambdaB max = Inf
lambdaB min = 0.008624482946382158
----------------------------------
----------------------------------
Iteration = 86
Distance = 5.431441836734052e-5
v max = -0.874417605649157
v min = -7.326646391573824
d max = 0.07611111111111112
d min = 0.07611111111111112
dF max = 0.07611111111111112
dB max = 0.07611111111111112
hk max = 0.0321100440429998
hk min = 0.021140149679217082
hz max = 0.04732309958374031
hz min = 0.02239152148423413
lambdaF max = Inf
lambdaF min = 0.008624482946382158
lambdaB max = Inf
lambdaB min = 0.008624482946382158
----------------------------------
----------------------------------
Iteration = 87
Distance = 4.9376743962881164e-5
v max = -0.8744669823931059
v min = -7.3266957683177845
d max = 0.07611111111111112
d min = 0.07611111111111112
dF max = 0.07611111111111112
dB max = 0.07611111111111112
hk max = 0.032110044043000725
hk min = 0.021140149679216853
hz max = 0.04732309958374241
hz min = 0.022391521484233606
lambdaF max = Inf
lambdaF min = 0.008624482946382158
lambdaB max = Inf
lambdaB min = 0.008624482946382158
----------------------------------
----------------------------------
Iteration = 88
Distance = 4.488794905910254e-5
v max = -0.8745118703421526
v min = -7.326740656266839
d max = 0.07611111111111112
d min = 0.07611111111111112
dF max = 0.07611111111111112
dB max = 0.07611111111111112
hk max = 0.032110044043000725
hk min = 0.021140149679216968
hz max = 0.04732309958374241
hz min = 0.022391521484233866
lambdaF max = Inf
lambdaF min = 0.008624482946382158
lambdaB max = Inf
lambdaB min = 0.008624482946382158
----------------------------------
----------------------------------
Iteration = 89
Distance = 4.08072264228565e-5
v max = -0.8745526775685625
v min = -7.326781463493259
d max = 0.07611111111111112
d min = 0.07611111111111112
dF max = 0.07611111111111112
dB max = 0.07611111111111112
hk max = 0.03211004404299887
hk min = 0.021140149679216968
hz max = 0.04732309958373821
hz min = 0.022391521484233866
lambdaF max = Inf
lambdaF min = 0.008624482946382158
lambdaB max = Inf
lambdaB min = 0.008624482946382158
----------------------------------
----------------------------------
Iteration = 90
Distance = 3.709747856284196e-5
v max = -0.874589775047111
v min = -7.3268185609718115
d max = 0.07611111111111112
d min = 0.07611111111111112
dF max = 0.07611111111111112
dB max = 0.07611111111111112
hk max = 0.0321100440429998
hk min = 0.021140149679217082
hz max = 0.04732309958374031
hz min = 0.02239152148423413
lambdaF max = Inf
lambdaF min = 0.008624482946382158
lambdaB max = Inf
lambdaB min = 0.008624482946382158
----------------------------------
----------------------------------
Iteration = 91
Distance = 3.3724980508687e-5
v max = -0.8746235000276127
v min = -7.3268522859523175
d max = 0.07611111111111112
d min = 0.07611111111111112
dF max = 0.07611111111111112
dB max = 0.07611111111111112
hk max = 0.032110044043000725
hk min = 0.021140149679216968
hz max = 0.04732309958374241
hz min = 0.022391521484233866
lambdaF max = Inf
lambdaF min = 0.008624482946382158
lambdaB max = Inf
lambdaB min = 0.008624482946382158
----------------------------------
----------------------------------
Iteration = 92
Distance = 3.0659073189553965e-5
v max = -0.8746541591007965
v min = -7.326882945025506
d max = 0.07611111111111112
d min = 0.07611111111111112
dF max = 0.07611111111111112
dB max = 0.07611111111111112
hk max = 0.032110044043000725
hk min = 0.021140149679216968
hz max = 0.04732309958374241
hz min = 0.022391521484233866
lambdaF max = Inf
lambdaF min = 0.008624482946382158
lambdaB max = Inf
lambdaB min = 0.008624482946382158
----------------------------------
----------------------------------
Iteration = 93
Distance = 2.787188472286317e-5
v max = -0.8746820309855081
v min = -7.3269108169102255
d max = 0.07611111111111112
d min = 0.07611111111111112
dF max = 0.07611111111111112
dB max = 0.07611111111111112
hk max = 0.03211004404300165
hk min = 0.021140149679216853
hz max = 0.04732309958374451
hz min = 0.022391521484233606
lambdaF max = Inf
lambdaF min = 0.008624482946382158
lambdaB max = Inf
lambdaB min = 0.008624482946382158
----------------------------------
----------------------------------
Iteration = 94
Distance = 2.5338077016989757e-5
v max = -0.8747073690625226
v min = -7.326936154987229
d max = 0.07611111111111112
d min = 0.07611111111111112
dF max = 0.07611111111111112
dB max = 0.07611111111111112
hk max = 0.0321100440429998
hk min = 0.021140149679216968
hz max = 0.04732309958374031
hz min = 0.022391521484233866
lambdaF max = Inf
lambdaF min = 0.008624482946382158
lambdaB max = Inf
lambdaB min = 0.008624482946382158
----------------------------------
----------------------------------
Iteration = 95
Distance = 2.3034615470152175e-5
v max = -0.8747304036779879
v min = -7.326959189602696
d max = 0.07611111111111112
d min = 0.07611111111111112
dF max = 0.07611111111111112
dB max = 0.07611111111111112
hk max = 0.0321100440429998
hk min = 0.021140149679217082
hz max = 0.04732309958374031
hz min = 0.02239152148423413
lambdaF max = Inf
lambdaF min = 0.008624482946382158
lambdaB max = Inf
lambdaB min = 0.008624482946382158
----------------------------------
----------------------------------
Iteration = 96
Distance = 2.0940559521953617e-5
v max = -0.8747513442375021
v min = -7.326980130162217
d max = 0.07611111111111112
d min = 0.07611111111111112
dF max = 0.07611111111111112
dB max = 0.07611111111111112
hk max = 0.032110044043000725
hk min = 0.021140149679217082
hz max = 0.04732309958374241
hz min = 0.02239152148423413
lambdaF max = Inf
lambdaF min = 0.008624482946382158
lambdaB max = Inf
lambdaB min = 0.008624482946382158
----------------------------------
----------------------------------
Iteration = 97
Distance = 1.9036872290989493e-5
v max = -0.8747703811097899
v min = -7.3269991670345025
d max = 0.07611111111111112
d min = 0.07611111111111112
dF max = 0.07611111111111112
dB max = 0.07611111111111112
hk max = 0.032110044043000725
hk min = 0.021140149679216853
hz max = 0.04732309958374241
hz min = 0.022391521484233606
lambdaF max = Inf
lambdaF min = 0.008624482946382158
lambdaB max = Inf
lambdaB min = 0.008624482946382158
----------------------------------
----------------------------------
Iteration = 98
Distance = 1.7306247539039532e-5
v max = -0.874787687357325
v min = -7.3270164732820415
d max = 0.07611111111111112
d min = 0.07611111111111112
dF max = 0.07611111111111112
dB max = 0.07611111111111112
hk max = 0.032110044043000725
hk min = 0.021140149679217082
hz max = 0.04732309958374241
hz min = 0.02239152148423413
lambdaF max = Inf
lambdaF min = 0.008624482946382158
lambdaB max = Inf
lambdaB min = 0.008624482946382158
----------------------------------
----------------------------------
Iteration = 99
Distance = 1.573295230805627e-5
v max = -0.8748034203096274
v min = -7.327032206234346
d max = 0.07611111111111112
d min = 0.07611111111111112
dF max = 0.07611111111111112
dB max = 0.07611111111111112
hk max = 0.03211004404300165
hk min = 0.021140149679216853
hz max = 0.04732309958374451
hz min = 0.022391521484233606
lambdaF max = Inf
lambdaF min = 0.008624482946382158
lambdaB max = Inf
lambdaB min = 0.008624482946382158
----------------------------------
----------------------------------
Iteration = 100
Distance = 1.4302683917222225e-5
v max = -0.8748177229935407
v min = -7.327046508918254
d max = 0.07611111111111112
d min = 0.07611111111111112
dF max = 0.07611111111111112
dB max = 0.07611111111111112
hk max = 0.032110044043000725
hk min = 0.021140149679217082
hz max = 0.04732309958374241
hz min = 0.02239152148423413
lambdaF max = Inf
lambdaF min = 0.008624482946382158
lambdaB max = Inf
lambdaB min = 0.008624482946382158
----------------------------------
----------------------------------
Iteration = 101
Distance = 1.3002439924747478e-5
v max = -0.8748307254334606
v min = -7.327059511358177
d max = 0.07611111111111112
d min = 0.07611111111111112
dF max = 0.07611111111111112
dB max = 0.07611111111111112
hk max = 0.03211004404299887
hk min = 0.021140149679216968
hz max = 0.04732309958373821
hz min = 0.022391521484233866
lambdaF max = Inf
lambdaF min = 0.008624482946382158
lambdaB max = Inf
lambdaB min = 0.008624482946382158
----------------------------------
----------------------------------
Iteration = 102
Distance = 1.182039993885553e-5
v max = -0.8748425458333897
v min = -7.327071331758108
d max = 0.07611111111111112
d min = 0.07611111111111112
dF max = 0.07611111111111112
dB max = 0.07611111111111112
hk max = 0.03211004404300165
hk min = 0.021140149679217082
hz max = 0.04732309958374451
hz min = 0.02239152148423413
lambdaF max = Inf
lambdaF min = 0.008624482946382158
lambdaB max = Inf
lambdaB min = 0.008624482946382158
----------------------------------
----------------------------------
Iteration = 103
Distance = 1.0745818120661e-5
v max = -0.8748532916515055
v min = -7.327082077576223
d max = 0.07611111111111112
d min = 0.07611111111111112
dF max = 0.07611111111111112
dB max = 0.07611111111111112
hk max = 0.03211004404299887
hk min = 0.021140149679217082
hz max = 0.04732309958373821
hz min = 0.02239152148423413
lambdaF max = Inf
lambdaF min = 0.008624482946382158
lambdaB max = Inf
lambdaB min = 0.008624482946382158
----------------------------------
----------------------------------
Iteration = 104
Distance = 9.76892556625586e-6
v max = -0.8748630605770653
v min = -7.3270918465017845
d max = 0.07611111111111112
d min = 0.07611111111111112
dF max = 0.07611111111111112
dB max = 0.07611111111111112
hk max = 0.03211004404300165
hk min = 0.021140149679217082
hz max = 0.04732309958374451
hz min = 0.02239152148423413
lambdaF max = Inf
lambdaF min = 0.008624482946382158
lambdaB max = Inf
lambdaB min = 0.008624482946382158
----------------------------------
    Value Function Converged, Iteration = 104 with gamma=8.0 with rho=1.0 and v=-3.360552658498759
    Reflective boundary condition
=============================================================
Convegence time (minutes): 0.11335257243333333
Current Time = 22:23:34
grid points for z:  401
grid size for z:  0.025
-0.1635077377542747
-0.401433210771283
--- 8.630683422088623 seconds for the elasticity computation ---
-0.037183460597895956
-0.1918186754239484
--- 0.06476759910583496 seconds for the elasticity computation ---
-0.04477035729037717
-0.2096145353473346
--- 0.06414246559143066 seconds for the elasticity computation ---
-0.23288700583694358
-0.40707715088436003
--- 0.06572389602661133 seconds for the elasticity computation ---
Current Time = 22:23:45
grid points for z:  401
grid size for z:  0.025
rho = 1
0.05937926808266887
--- 8.63670825958252 seconds for the elasticity computation ---
0.0
--- 0.06928014755249023 seconds for the elasticity computation ---
0.05937926808266887
--- 0.06856751441955566 seconds for the elasticity computation ---
0.0
--- 0.06884598731994629 seconds for the elasticity computation ---
0.0
--- 0.07077503204345703 seconds for the elasticity computation ---
0.05937926808266887
0.005643940113077034
--- 0.07084846496582031 seconds for the elasticity computation ---
0.05937926808266887
0.005643940113077034
--- 0.07079362869262695 seconds for the elasticity computation ---
0.05937926808266887
0.005643940113077034
--- 0.06886863708496094 seconds for the elasticity computation ---
0.05937926808266887
0.005643940113077034
--- 0.0687875747680664 seconds for the elasticity computation ---
parsed_args = parse_commandline() = Dict{String, Any}("dataname" => "lower_triangular_two_ambiguous_parameters", "clowerlim" => 0.0001, "delta" => 0.01, "boundary" => 1, "Delta" => 10.0, "q" => 0.05, "zmax" => 5.0, "logadjustment" => 1, "zscale" => 2.0, "foc" => 1, "distorted" => 0, "rho" => 1.0, "gamma" => 8.0)
=============================================================
./output/lower_triangular_two_ambiguous_parameters/Delta_10.0_distorted_0/logadjustment_1_boundary_1/zmax_5.0_zscale_2.0/delta_0.01/q_0.05_gamma_8.0_rho_1.0/
=============================================================
solve for structured linear system 
structured_relative_entropy = 0.051280894382368554
=============================================================
solve for unstructured linear system 
q_update = 0.3995651188340137
=============================================================
parsed_args = parse_commandline() = Dict{String, Any}("dataname" => "lower_triangular_two_ambiguous_parameters", "clowerlim" => 0.0001, "delta" => 0.01, "boundary" => 1, "Delta" => 10.0, "q" => 0.05, "zmax" => 5.0, "logadjustment" => 1, "zscale" => 2.0, "foc" => 1, "distorted" => 0, "rho" => 1.0, "gamma" => 8.0)
=============================================================
./output/lower_triangular_two_ambiguous_parameters/Delta_10.0_distorted_0/logadjustment_1_boundary_1/zmax_5.0_zscale_2.0/delta_0.01/q_0.05_gamma_8.0_rho_1.0/
=============================================================
solve for structured linear system 
structured_relative_entropy = 0.05128089438236854
=============================================================
solve for unstructured linear system 
q_update = 0.3995651188340137
=============================================================
Program ends Fri Jan 19 22:24:27 CST 2024
Elapsed time: 0 days 00 hr 01 min 19 sec
