D_10.0_distorted_0_boundary_1_delta_0.015_gamma_7.0_q_0.1_rho_1.0_lower_triangular_two_ambiguous_parameters
Program starts Fri Jan 19 22:23:16 CST 2024
parsed_args = parse_commandline() = Dict{String, Any}("dataname" => "lower_triangular_two_ambiguous_parameters", "clowerlim" => 0.0001, "delta" => 0.015, "boundary" => 1, "Delta" => 10.0, "q" => 0.1, "zmax" => 5.0, "logadjustment" => 1, "zscale" => 2.0, "foc" => 1, "distorted" => 0, "rho" => 1.0, "gamma" => 7.0)
=============================================================
logadjustment: true
reflective_boundary: true
0.1002
sigma_k: [0.011287880226154068, 0.0]
sigma_z: [0.026030751045638307, 0.05916079783099616]
Compute value function WITH ROBUSTNESS
computing undistorted version...
zmax = 5.0, zmin = -5.0, zlength = 401
reflective boundary condition
----------------------------------
Iteration = 1
Distance = 1.2278053813751848
v max = -0.8920733437783327
v min = -3.227805381375185
d max = 0.07607142857142857
d min = 0.07607142857142857
dF max = 0.07607142857142857
dB max = 0.07607142857142857
hk max = 0.011287880226154068
hk min = 0.011287880226154068
hz max = 0.0
hz min = 0.0
lambdaF max = Inf
lambdaF min = 0.004177590819662044
lambdaB max = Inf
lambdaB min = 0.004177590819662044
----------------------------------
----------------------------------
Iteration = 2
Distance = 1.0442453516224237
v max = -0.7474895593846321
v min = -4.2720507329976085
d max = 0.07607142857142857
d min = 0.07607142857142857
dF max = 0.07607142857142857
dB max = 0.07607142857142857
hk max = 0.017376944798234303
hk min = 0.015991748740911478
hz max = 0.013838783118364171
hz min = 0.010690610260812302
lambdaF max = Inf
lambdaF min = 0.004177590819662044
lambdaB max = Inf
lambdaB min = 0.004177590819662044
----------------------------------
----------------------------------
Iteration = 3
Distance = 0.7561875672159211
v max = -0.7019693948041703
v min = -5.02823830021353
d max = 0.07607142857142857
d min = 0.07607142857142857
dF max = 0.07607142857142857
dB max = 0.07607142857142857
hk max = 0.022504043036504086
hk min = 0.01769340776302715
hz max = 0.025491279114431865
hz min = 0.014558017129257007
lambdaF max = Inf
lambdaF min = 0.004177590819662044
lambdaB max = Inf
lambdaB min = 0.004177590819662044
----------------------------------
----------------------------------
Iteration = 4
Distance = 0.5611112894888919
v max = -0.7144499661785487
v min = -5.5893495897024215
d max = 0.07607142857142857
d min = 0.07607142857142857
dF max = 0.07607142857142857
dB max = 0.07607142857142857
hk max = 0.026081762244662385
hk min = 0.017614369542510742
hz max = 0.03362245913297346
hz min = 0.014378384809901534
lambdaF max = Inf
lambdaF min = 0.004177590819662044
lambdaB max = Inf
lambdaB min = 0.004177590819662044
----------------------------------
----------------------------------
Iteration = 5
Distance = 0.4283741064325337
v max = -0.7492187594817727
v min = -6.017723696134955
d max = 0.07607142857142857
d min = 0.07607142857142857
dF max = 0.07607142857142857
dB max = 0.07607142857142857
hk max = 0.028601539512211567
hk min = 0.018224034173484924
hz max = 0.03934922565013069
hz min = 0.01576398624393377
lambdaF max = Inf
lambdaF min = 0.004177590819662044
lambdaB max = Inf
lambdaB min = 0.004177590819662044
----------------------------------
----------------------------------
Iteration = 6
Distance = 0.33271222486943675
v max = -0.7904083063123002
v min = -6.350435921004392
d max = 0.07607142857142857
d min = 0.07607142857142857
dF max = 0.07607142857142857
dB max = 0.07607142857142857
hk max = 0.030406828445176212
hk min = 0.018015162717854732
hz max = 0.04345215504323215
hz min = 0.015289278390228787
lambdaF max = Inf
lambdaF min = 0.004177590819662044
lambdaB max = Inf
lambdaB min = 0.004177590819662044
----------------------------------
----------------------------------
Iteration = 7
Distance = 0.26181782654768604
v max = -0.8376891226654045
v min = -6.612253747552078
d max = 0.07607142857142857
d min = 0.07607142857142857
dF max = 0.07607142857142857
dB max = 0.07607142857142857
hk max = 0.03170851764502879
hk min = 0.01828282084845167
hz max = 0.04641053958835165
hz min = 0.01589759232340364
lambdaF max = Inf
lambdaF min = 0.004177590819662044
lambdaB max = Inf
lambdaB min = 0.004177590819662044
----------------------------------
----------------------------------
Iteration = 8
Distance = 0.2083406216107475
v max = -0.8858550149108013
v min = -6.8205943691628255
d max = 0.07607142857142857
d min = 0.07607142857142857
dF max = 0.07607142857142857
dB max = 0.07607142857142857
hk max = 0.03264978913639893
hk min = 0.018187829013345036
hz max = 0.048549792977829236
hz min = 0.01568170178907038
lambdaF max = Inf
lambdaF min = 0.004177590819662044
lambdaB max = Inf
lambdaB min = 0.004177590819662044
----------------------------------
----------------------------------
Iteration = 9
Distance = 0.1674437935809827
v max = -0.93587570713405
v min = -6.988038162743808
d max = 0.07607142857142857
d min = 0.07607142857142857
dF max = 0.07607142857142857
dB max = 0.07607142857142857
hk max = 0.033331483088192906
hk min = 0.018325460839792564
hz max = 0.05009909741372463
hz min = 0.01599450139463295
lambdaF max = Inf
lambdaF min = 0.004177590819662044
lambdaB max = Inf
lambdaB min = 0.004177590819662044
----------------------------------
----------------------------------
Iteration = 10
Distance = 0.13579655805814284
v max = -0.9840495268733682
v min = -7.123834720801951
d max = 0.07607142857142857
d min = 0.07607142857142857
dF max = 0.07607142857142857
dB max = 0.07607142857142857
hk max = 0.033825621574450765
hk min = 0.018295921039808368
hz max = 0.05122213942794706
hz min = 0.01592736548557796
lambdaF max = Inf
lambdaF min = 0.004177590819662044
lambdaB max = Inf
lambdaB min = 0.004177590819662044
----------------------------------
----------------------------------
Iteration = 11
Distance = 0.11104359068510661
v max = -1.0316684709379615
v min = -7.234878311487058
d max = 0.07607142857142857
d min = 0.07607142857142857
dF max = 0.07607142857142857
dB max = 0.07607142857142857
hk max = 0.034184006467717784
hk min = 0.018362527845258943
hz max = 0.05203665054900847
hz min = 0.016078744588874722
lambdaF max = Inf
lambdaF min = 0.004177590819662044
lambdaB max = Inf
lambdaB min = 0.004177590819662044
----------------------------------
----------------------------------
Iteration = 12
Distance = 0.09148911612960031
v max = -1.076169745658904
v min = -7.326367427616658
d max = 0.07607142857142857
d min = 0.07607142857142857
dF max = 0.07607142857142857
dB max = 0.07607142857142857
hk max = 0.0344440266077934
hk min = 0.018364015703190344
hz max = 0.05262760541281667
hz min = 0.016082126084173354
lambdaF max = Inf
lambdaF min = 0.004177590819662044
lambdaB max = Inf
lambdaB min = 0.004177590819662044
----------------------------------
----------------------------------
Iteration = 13
Distance = 0.0758955481916681
v max = -1.1185844096763935
v min = -7.402262975808326
d max = 0.07607142857142857
d min = 0.07607142857142857
dF max = 0.07607142857142857
dB max = 0.07607142857142857
hk max = 0.03463272786650862
hk min = 0.018392653826118373
hz max = 0.05305647190989671
hz min = 0.016147212727191607
lambdaF max = Inf
lambdaF min = 0.004177590819662044
lambdaB max = Inf
lambdaB min = 0.004177590819662044
----------------------------------
----------------------------------
Iteration = 14
Distance = 0.06334960759238495
v max = -1.157195694327601
v min = -7.465612583400711
d max = 0.07607142857142857
d min = 0.07607142857142857
dF max = 0.07607142857142857
dB max = 0.07607142857142857
hk max = 0.034769696500701344
hk min = 0.01840450619157253
hz max = 0.05336776426033474
hz min = 0.016174149921405603
lambdaF max = Inf
lambdaF min = 0.004177590819662044
lambdaB max = Inf
lambdaB min = 0.004177590819662044
----------------------------------
----------------------------------
Iteration = 15
Distance = 0.05317076034039836
v max = -1.1929550111194938
v min = -7.518783343741109
d max = 0.07607142857142857
d min = 0.07607142857142857
dF max = 0.07607142857142857
dB max = 0.07607142857142857
hk max = 0.03486912948077359
hk min = 0.018412709687679107
hz max = 0.053593748305953474
hz min = 0.01619279423073873
lambdaF max = Inf
lambdaF min = 0.004177590819662044
lambdaB max = Inf
lambdaB min = 0.004177590819662044
----------------------------------
----------------------------------
Iteration = 16
Distance = 0.04484734443899008
v max = -1.2248479550091391
v min = -7.563630688180099
d max = 0.07607142857142857
d min = 0.07607142857142857
dF max = 0.07607142857142857
dB max = 0.07607142857142857
hk max = 0.034941320334841874
hk min = 0.018426024744469933
hz max = 0.05375781842883594
hz min = 0.016223055723445148
lambdaF max = Inf
lambdaF min = 0.004177590819662044
lambdaB max = Inf
lambdaB min = 0.004177590819662044
----------------------------------
----------------------------------
Iteration = 17
Distance = 0.03799135586516744
v max = -1.2537703589613143
v min = -7.601622044045267
d max = 0.07607142857142857
d min = 0.07607142857142857
dF max = 0.07607142857142857
dB max = 0.07607142857142857
hk max = 0.034993736450737244
hk min = 0.018424332318958576
hz max = 0.05387694596496177
hz min = 0.016219209301828432
lambdaF max = Inf
lambdaF min = 0.004177590819662044
lambdaB max = Inf
lambdaB min = 0.004177590819662044
----------------------------------
----------------------------------
Iteration = 18
Distance = 0.03230607981104949
v max = -1.279238336665222
v min = -7.633928123856316
d max = 0.07607142857142857
d min = 0.07607142857142857
dF max = 0.07607142857142857
dB max = 0.07607142857142857
hk max = 0.035031796383655334
hk min = 0.018436059127009817
hz max = 0.053963445812502876
hz min = 0.016245861138308525
lambdaF max = Inf
lambdaF min = 0.004177590819662044
lambdaB max = Inf
lambdaB min = 0.004177590819662044
----------------------------------
----------------------------------
Iteration = 19
Distance = 0.02756270480944334
v max = -1.3020294471751288
v min = -7.66149082866576
d max = 0.07607142857142857
d min = 0.07607142857142857
dF max = 0.07607142857142857
dB max = 0.07607142857142857
hk max = 0.03505943296152469
hk min = 0.018430852115098567
hz max = 0.05402625621675142
hz min = 0.016234027020328414
lambdaF max = Inf
lambdaF min = 0.004177590819662044
lambdaB max = Inf
lambdaB min = 0.004177590819662044
----------------------------------
----------------------------------
Iteration = 20
Distance = 0.023583294848972258
v max = -1.3219733055923248
v min = -7.685074123514732
d max = 0.07607142857142857
d min = 0.07607142857142857
dF max = 0.07607142857142857
dB max = 0.07607142857142857
hk max = 0.03507950089799419
hk min = 0.018440312234265812
hz max = 0.05407186516327302
hz min = 0.016255527291163058
lambdaF max = Inf
lambdaF min = 0.004177590819662044
lambdaB max = Inf
lambdaB min = 0.004177590819662044
----------------------------------
----------------------------------
Iteration = 21
Distance = 0.020228305193617402
v max = -1.3396777338270682
v min = -7.705302428708349
d max = 0.07607142857142857
d min = 0.07607142857142857
dF max = 0.07607142857142857
dB max = 0.07607142857142857
hk max = 0.03509407302143339
hk min = 0.018434796549264193
hz max = 0.05410498362563484
hz min = 0.0162429916434321
lambdaF max = Inf
lambdaF min = 0.004177590819662044
lambdaB max = Inf
lambdaB min = 0.004177590819662044
----------------------------------
----------------------------------
Iteration = 22
Distance = 0.017387371471877522
v max = -1.3551314299020523
v min = -7.722689800180227
d max = 0.07607142857142857
d min = 0.07607142857142857
dF max = 0.07607142857142857
dB max = 0.07607142857142857
hk max = 0.03510465444134418
hk min = 0.018441989332167067
hz max = 0.05412903230725027
hz min = 0.016259338877302278
lambdaF max = Inf
lambdaF min = 0.004177590819662044
lambdaB max = Inf
lambdaB min = 0.004177590819662044
----------------------------------
----------------------------------
Iteration = 23
Distance = 0.014972473081869886
v max = -1.3687715740636213
v min = -7.737662273262097
d max = 0.07607142857142857
d min = 0.07607142857142857
dF max = 0.07607142857142857
dB max = 0.07607142857142857
hk max = 0.035112338078416114
hk min = 0.018437396529867443
hz max = 0.05414649511877739
hz min = 0.01624890069025767
lambdaF max = Inf
lambdaF min = 0.004177590819662044
lambdaB max = Inf
lambdaB min = 0.004177590819662044
----------------------------------
----------------------------------
Iteration = 24
Distance = 0.012912829188482355
v max = -1.3806665276232288
v min = -7.750575102450579
d max = 0.07607142857142857
d min = 0.07607142857142857
dF max = 0.07607142857142857
dB max = 0.07607142857142857
hk max = 0.03511791754620354
hk min = 0.018442526575622564
hz max = 0.05415917572738516
hz min = 0.016260559885155672
lambdaF max = Inf
lambdaF min = 0.004177590819662044
lambdaB max = Inf
lambdaB min = 0.004177590819662044
----------------------------------
----------------------------------
Iteration = 25
Distance = 0.011151065747557531
v max = -1.3911147179727237
v min = -7.761726168198137
d max = 0.07607142857142857
d min = 0.07607142857142857
dF max = 0.07607142857142857
dB max = 0.07607142857142857
hk max = 0.035121969109049384
hk min = 0.01843914636075006
hz max = 0.054168383824762086
hz min = 0.01625287757862725
lambdaF max = Inf
lambdaF min = 0.004177590819662044
lambdaB max = Inf
lambdaB min = 0.004177590819662044
----------------------------------
----------------------------------
Iteration = 26
Distance = 0.009640319435112232
v max = -1.4002244966865882
v min = -7.771366487633249
d max = 0.07607142857142857
d min = 0.07607142857142857
dF max = 0.07607142857142857
dB max = 0.07607142857142857
hk max = 0.03512491120078667
hk min = 0.018442549380288734
hz max = 0.054175070396892275
hz min = 0.01626061171394242
lambdaF max = Inf
lambdaF min = 0.004177590819662044
lambdaB max = Inf
lambdaB min = 0.004177590819662044
----------------------------------
----------------------------------
Iteration = 27
Distance = 0.008342035319707009
v max = -1.408192464817314
v min = -7.779708522952956
d max = 0.07607142857142857
d min = 0.07607142857142857
dF max = 0.07607142857142857
dB max = 0.07607142857142857
hk max = 0.035127047650636435
hk min = 0.018440302075211926
hz max = 0.054179925964732666
hz min = 0.016255504202404226
lambdaF max = Inf
lambdaF min = 0.004177590819662044
lambdaB max = Inf
lambdaB min = 0.004177590819662044
----------------------------------
----------------------------------
Iteration = 28
Distance = 0.007224280542139638
v max = -1.4151428086312823
v min = -7.7869328034950955
d max = 0.07607142857142857
d min = 0.07607142857142857
dF max = 0.07607142857142857
dB max = 0.07607142857142857
hk max = 0.035128599074660156
hk min = 0.018442372836365364
hz max = 0.05418345192842294
hz min = 0.016260210477752952
lambdaF max = Inf
lambdaF min = 0.004177590819662044
lambdaB max = Inf
lambdaB min = 0.004177590819662044
----------------------------------
----------------------------------
Iteration = 29
Distance = 0.006260443620670131
v max = -1.4212005191646313
v min = -7.793193247115766
d max = 0.07607142857142857
d min = 0.07607142857142857
dF max = 0.07607142857142857
dB max = 0.07607142857142857
hk max = 0.035129725670160865
hk min = 0.018441049916325686
hz max = 0.054186012372742724
hz min = 0.016257203841299136
lambdaF max = Inf
lambdaF min = 0.004177590819662044
lambdaB max = Inf
lambdaB min = 0.004177590819662044
----------------------------------
----------------------------------
Iteration = 30
Distance = 0.00542822343354743
v max = -1.4264894703574937
v min = -7.798621470549313
d max = 0.07607142857142857
d min = 0.07607142857142857
dF max = 0.07607142857142857
dB max = 0.07607142857142857
hk max = 0.03513054376560276
hk min = 0.01844216275695422
hz max = 0.05418787168056522
hz min = 0.016259733024545798
lambdaF max = Inf
lambdaF min = 0.004177590819662044
lambdaB max = Inf
lambdaB min = 0.004177590819662044
----------------------------------
----------------------------------
Iteration = 31
Distance = 0.004708837048070791
v max = -1.4310858981802315
v min = -7.803330307597384
d max = 0.07607142857142857
d min = 0.07607142857142857
dF max = 0.07607142857142857
dB max = 0.07607142857142857
hk max = 0.03513113783590753
hk min = 0.018441524853658346
hz max = 0.054189221840348786
hz min = 0.01625828324432791
lambdaF max = Inf
lambdaF min = 0.004177590819662044
lambdaB max = Inf
lambdaB min = 0.004177590819662044
----------------------------------
----------------------------------
Iteration = 32
Distance = 0.004086393927316578
v max = -1.4351035806451882
v min = -7.8074167015247005
d max = 0.07607142857142857
d min = 0.07607142857142857
dF max = 0.07607142857142857
dB max = 0.07607142857142857
hk max = 0.03513156922562951
hk min = 0.01844199123872033
hz max = 0.05419020227153511
hz min = 0.016259343210377874
lambdaF max = Inf
lambdaF min = 0.004177590819662044
lambdaB max = Inf
lambdaB min = 0.004177590819662044
----------------------------------
----------------------------------
Iteration = 33
Distance = 0.0035473974920900986
v max = -1.4385871024834098
v min = -7.810964099016791
d max = 0.07607142857142857
d min = 0.07607142857142857
dF max = 0.07607142857142857
dB max = 0.07607142857142857
hk max = 0.03513188248243427
hk min = 0.01844181618916311
hz max = 0.054190914218818644
hz min = 0.0162589453704751
lambdaF max = Inf
lambdaF min = 0.004177590819662044
lambdaB max = Inf
lambdaB min = 0.004177590819662044
----------------------------------
----------------------------------
Iteration = 34
Distance = 0.0030803448807334988
v max = -1.4416352724947643
v min = -7.814044443897524
d max = 0.07607142857142857
d min = 0.07607142857142857
dF max = 0.07607142857142857
dB max = 0.07607142857142857
hk max = 0.035132109955980574
hk min = 0.018441876762166073
hz max = 0.054191431204151166
hz min = 0.016259083036390922
lambdaF max = Inf
lambdaF min = 0.004177590819662044
lambdaB max = Inf
lambdaB min = 0.004177590819662044
----------------------------------
----------------------------------
Iteration = 35
Distance = 0.0026754030055711198
v max = -1.4442734228846
v min = -7.816719846903095
d max = 0.07607142857142857
d min = 0.07607142857142857
dF max = 0.07607142857142857
dB max = 0.07607142857142857
hk max = 0.035132275137602934
hk min = 0.018441982761818614
hz max = 0.05419180661692926
hz min = 0.016259323944692154
lambdaF max = Inf
lambdaF min = 0.004177590819662044
lambdaB max = Inf
lambdaB min = 0.004177590819662044
----------------------------------
----------------------------------
Iteration = 36
Distance = 0.002324144358019531
v max = -1.4465837539558606
v min = -7.819043991261115
d max = 0.07607142857142857
d min = 0.07607142857142857
dF max = 0.07607142857142857
dB max = 0.07607142857142857
hk max = 0.03513239508571285
hk min = 0.01844181430248584
hz max = 0.05419207922626998
hz min = 0.016258941082572212
lambdaF max = Inf
lambdaF min = 0.004177590819662044
lambdaB max = Inf
lambdaB min = 0.004177590819662044
----------------------------------
----------------------------------
Iteration = 37
Distance = 0.002019329980651463
v max = -1.44858081003051
v min = -7.821063321241766
d max = 0.07607142857142857
d min = 0.07607142857142857
dF max = 0.07607142857142857
dB max = 0.07607142857142857
hk max = 0.0351324821872774
hk min = 0.018442065845895576
hz max = 0.054192277184371224
hz min = 0.01625951277213979
lambdaF max = Inf
lambdaF min = 0.004177590819662044
lambdaB max = Inf
lambdaB min = 0.004177590819662044
----------------------------------
----------------------------------
Iteration = 38
Distance = 0.0017547299759090862
v max = -1.450330483077232
v min = -7.822818051217675
d max = 0.07607142857142857
d min = 0.07607142857142857
dF max = 0.07607142857142857
dB max = 0.07607142857142857
hk max = 0.03513254543705538
hk min = 0.01844179166008728
hz max = 0.054192420933866635
hz min = 0.016258889622575483
lambdaF max = Inf
lambdaF min = 0.004177590819662044
lambdaB max = Inf
lambdaB min = 0.004177590819662044
----------------------------------
----------------------------------
Iteration = 39
Distance = 0.001524974128354728
v max = -1.451841911690738
v min = -7.82434302534603
d max = 0.07607142857142857
d min = 0.07607142857142857
dF max = 0.07607142857142857
dB max = 0.07607142857142857
hk max = 0.03513259136658842
hk min = 0.018442095524779187
hz max = 0.054192525319168974
hz min = 0.016259580224148
lambdaF max = Inf
lambdaF min = 0.004177590819662044
lambdaB max = Inf
lambdaB min = 0.004177590819662044
----------------------------------
----------------------------------
Iteration = 40
Distance = 0.0013254268767726174
v max = -1.4531661003451775
v min = -7.825668452222803
d max = 0.07607142857142857
d min = 0.07607142857142857
dF max = 0.07607142857142857
dB max = 0.07607142857142857
hk max = 0.03513262471879209
hk min = 0.018441796058871186
hz max = 0.054192601119631874
hz min = 0.016258899619811633
lambdaF max = Inf
lambdaF min = 0.004177590819662044
lambdaB max = Inf
lambdaB min = 0.004177590819662044
----------------------------------
----------------------------------
Iteration = 41
Distance = 0.0011520821266914893
v max = -1.4543099397022354
v min = -7.826820534349494
d max = 0.07607142857142857
d min = 0.07607142857142857
dF max = 0.07607142857142857
dB max = 0.07607142857142857
hk max = 0.03513264893779562
hk min = 0.01844209343185669
hz max = 0.05419265616282171
hz min = 0.016259575467505963
lambdaF max = Inf
lambdaF min = 0.004177590819662044
lambdaB max = Inf
lambdaB min = 0.004177590819662044
----------------------------------
----------------------------------
Iteration = 42
Distance = 0.0010029850740695956
v max = -1.4553115617241492
v min = -7.827822008697033
d max = 0.07607142857142857
d min = 0.07607142857142857
dF max = 0.07607142857142857
dB max = 0.07607142857142857
hk max = 0.03513266652460899
hk min = 0.01844181643005682
hz max = 0.05419269613285209
hz min = 0.0162589459179608
lambdaF max = Inf
lambdaF min = 0.004177590819662044
lambdaB max = Inf
lambdaB min = 0.004177590819662044
----------------------------------
----------------------------------
Iteration = 43
Distance = 0.000870603127448355
v max = -1.4561772652020832
v min = -7.828692611824481
d max = 0.07607142857142857
d min = 0.07607142857142857
dF max = 0.07607142857142857
dB max = 0.07607142857142857
hk max = 0.035132679295387596
hk min = 0.018442074536977514
hz max = 0.05419272515734894
hz min = 0.016259532524598747
lambdaF max = Inf
lambdaF min = 0.004177590819662044
lambdaB max = Inf
lambdaB min = 0.004177590819662044
----------------------------------
----------------------------------
Iteration = 44
Distance = 0.0007589042378184363
v max = -1.4569345496422295
v min = -7.829449480744981
d max = 0.07607142857142857
d min = 0.07607142857142857
dF max = 0.07607142857142857
dB max = 0.07607142857142857
hk max = 0.03513268856896006
hk min = 0.01844184417640913
hz max = 0.054192746233649995
hz min = 0.016259008977852416
lambdaF max = Inf
lambdaF min = 0.004177590819662044
lambdaB max = Inf
lambdaB min = 0.004177590819662044
----------------------------------
----------------------------------
Iteration = 45
Distance = 0.0006580181563160536
v max = -1.4575898223167758
v min = -7.830107498901297
d max = 0.07607142857142857
d min = 0.07607142857142857
dF max = 0.07607142857142857
dB max = 0.07607142857142857
hk max = 0.035132695303020434
hk min = 0.018442048739009856
hz max = 0.05419276153833265
hz min = 0.01625947389285407
lambdaF max = Inf
lambdaF min = 0.004177590819662044
lambdaB max = Inf
lambdaB min = 0.004177590819662044
----------------------------------
----------------------------------
Iteration = 46
Distance = 0.0005740979229704735
v max = -1.4581621577721116
v min = -7.8306795951234225
d max = 0.07607142857142857
d min = 0.07607142857142857
dF max = 0.07607142857142857
dB max = 0.07607142857142857
hk max = 0.035132700192998335
hk min = 0.018441873267719063
hz max = 0.054192772651918804
hz min = 0.016259075094465898
lambdaF max = Inf
lambdaF min = 0.004177590819662044
lambdaB max = Inf
lambdaB min = 0.004177590819662044
----------------------------------
----------------------------------
Iteration = 47
Distance = 0.0004974070952439291
v max = -1.4586582092811393
v min = -7.831177002218666
d max = 0.07607142857142857
d min = 0.07607142857142857
dF max = 0.07607142857142857
dB max = 0.07607142857142857
hk max = 0.03513270374388716
hk min = 0.01844202221670661
hz max = 0.05419278072212067
hz min = 0.01625941361489214
lambdaF max = Inf
lambdaF min = 0.004177590819662044
lambdaB max = Inf
lambdaB min = 0.004177590819662044
----------------------------------
----------------------------------
Iteration = 48
Distance = 0.0004342216401211907
v max = -1.4590906384695606
v min = -7.831609480835647
d max = 0.07607142857142857
d min = 0.07607142857142857
dF max = 0.07607142857142857
dB max = 0.07607142857142857
hk max = 0.0351327063223906
hk min = 0.018441899940669602
hz max = 0.054192786582355754
hz min = 0.016259135714808033
lambdaF max = Inf
lambdaF min = 0.004177590819662044
lambdaB max = Inf
lambdaB min = 0.004177590819662044
----------------------------------
----------------------------------
Iteration = 49
Distance = 0.00037607822993290796
v max = -1.4594661923474441
v min = -7.831985513404563
d max = 0.07607142857142857
d min = 0.07607142857142857
dF max = 0.07607142857142857
dB max = 0.07607142857142857
hk max = 0.03513270819479037
hk min = 0.01844199848556804
hz max = 0.05419279083780979
hz min = 0.016259359680486304
lambdaF max = Inf
lambdaF min = 0.004177590819662044
lambdaB max = Inf
lambdaB min = 0.004177590819662044
----------------------------------
----------------------------------
Iteration = 50
Distance = 0.0003283820309500918
v max = -1.4597928494351993
v min = -7.832312472255316
d max = 0.07607142857142857
d min = 0.07607142857142857
dF max = 0.07607142857142857
dB max = 0.07607142857142857
hk max = 0.035132709554446966
hk min = 0.01844192221400461
hz max = 0.05419279392793841
hz min = 0.01625918633602396
lambdaF max = Inf
lambdaF min = 0.004177590819662044
lambdaB max = Inf
lambdaB min = 0.004177590819662044
----------------------------------
----------------------------------
Iteration = 51
Distance = 0.0002843673670709368
v max = -1.460077188331332
v min = -7.8325967654253805
d max = 0.07607142857142857
d min = 0.07607142857142857
dF max = 0.07607142857142857
dB max = 0.07607142857142857
hk max = 0.03513271054177061
hk min = 0.018441979209723625
hz max = 0.054192796171855795
hz min = 0.016259315871748992
lambdaF max = Inf
lambdaF min = 0.004177590819662044
lambdaB max = Inf
lambdaB min = 0.004177590819662044
----------------------------------
----------------------------------
Iteration = 52
Distance = 0.00024831474507869267
v max = -1.4603239204121514
v min = -7.832843963172113
d max = 0.07607142857142857
d min = 0.07607142857142857
dF max = 0.07607142857142857
dB max = 0.07607142857142857
hk max = 0.03513271125872123
hk min = 0.018441939383346564
hz max = 0.054192797801289015
hz min = 0.01625922535725567
lambdaF max = Inf
lambdaF min = 0.004177590819662044
lambdaB max = Inf
lambdaB min = 0.004177590819662044
----------------------------------
----------------------------------
Iteration = 53
Distance = 0.00021527217635508578
v max = -1.4605391925885065
v min = -7.833058907782181
d max = 0.07607142857142857
d min = 0.07607142857142857
dF max = 0.07607142857142857
dB max = 0.07607142857142857
hk max = 0.03513271177933907
hk min = 0.018441964828930096
hz max = 0.054192798984511376
hz min = 0.016259283188127336
lambdaF max = Inf
lambdaF min = 0.004177590819662044
lambdaB max = Inf
lambdaB min = 0.004177590819662044
----------------------------------
----------------------------------
Iteration = 54
Distance = 0.0001877547143056546
v max = -1.4607255564763961
v min = -7.833245808911836
d max = 0.07607142857142857
d min = 0.07607142857142857
dF max = 0.07607142857142857
dB max = 0.07607142857142857
hk max = 0.035132712157387266
hk min = 0.01844195158073859
hz max = 0.05419279984371182
hz min = 0.01625925307860119
lambdaF max = Inf
lambdaF min = 0.004177590819662044
lambdaB max = Inf
lambdaB min = 0.004177590819662044
----------------------------------
----------------------------------
Iteration = 55
Distance = 0.00016296774687840632
v max = -1.4608885200080977
v min = -7.833408326385423
d max = 0.07607142857142857
d min = 0.07607142857142857
dF max = 0.07607142857142857
dB max = 0.07607142857142857
hk max = 0.035132712431910795
hk min = 0.01844195503603543
hz max = 0.05419280046762893
hz min = 0.016259260931548555
lambdaF max = Inf
lambdaF min = 0.004177590819662044
lambdaB max = Inf
lambdaB min = 0.004177590819662044
----------------------------------
----------------------------------
Iteration = 56
Distance = 0.0001419555039905429
v max = -1.46102930204146
v min = -7.833549642116897
d max = 0.07607142857142857
d min = 0.07607142857142857
dF max = 0.07607142857142857
dB max = 0.07607142857142857
hk max = 0.03513271263125564
hk min = 0.018441959425004224
hz max = 0.054192800920685395
hz min = 0.016259270906477632
lambdaF max = Inf
lambdaF min = 0.004177590819662044
lambdaB max = Inf
lambdaB min = 0.004177590819662044
----------------------------------
----------------------------------
Iteration = 57
Distance = 0.0001233607209212284
v max = -1.4611526423241938
v min = -7.833672522594444
d max = 0.07607142857142857
d min = 0.07607142857142857
dF max = 0.07607142857142857
dB max = 0.07607142857142857
hk max = 0.03513271277601057
hk min = 0.018441949126794588
hz max = 0.05419280124967389
hz min = 0.016259247501455725
lambdaF max = Inf
lambdaF min = 0.004177590819662044
lambdaB max = Inf
lambdaB min = 0.004177590819662044
----------------------------------
----------------------------------
Iteration = 58
Distance = 0.000107323022356276
v max = -1.4612590142107262
v min = -7.8337793731741865
d max = 0.07607142857142857
d min = 0.07607142857142857
dF max = 0.07607142857142857
dB max = 0.07607142857142857
hk max = 0.03513271288112775
hk min = 0.01844196376210248
hz max = 0.05419280148857655
hz min = 0.016259280763519124
lambdaF max = Inf
lambdaF min = 0.004177590819662044
lambdaB max = Inf
lambdaB min = 0.004177590819662044
----------------------------------
----------------------------------
Iteration = 59
Distance = 9.337080707383372e-5
v max = -1.4613523383737337
v min = -7.83387228526264
d max = 0.07607142857142857
d min = 0.07607142857142857
dF max = 0.07607142857142857
dB max = 0.07607142857142857
hk max = 0.035132712957458734
hk min = 0.018441946242726312
hz max = 0.054192801662056055
hz min = 0.016259240946755106
lambdaF max = Inf
lambdaF min = 0.004177590819662044
lambdaB max = Inf
lambdaB min = 0.004177590819662044
----------------------------------
----------------------------------
Iteration = 60
Distance = 8.113679901255999e-5
v max = -1.461432735495098
v min = -7.833953077323447
d max = 0.07607142857142857
d min = 0.07607142857142857
dF max = 0.07607142857142857
dB max = 0.07607142857142857
hk max = 0.0351327130128865
hk min = 0.01844196548530644
hz max = 0.054192801788028266
hz min = 0.016259284679891753
lambdaF max = Inf
lambdaF min = 0.004177590819662044
lambdaB max = Inf
lambdaB min = 0.004177590819662044
----------------------------------
----------------------------------
Iteration = 61
Distance = 7.066455132864746e-5
v max = -1.4615033226846528
v min = -7.8340233305199485
d max = 0.07607142857142857
d min = 0.07607142857142857
dF max = 0.07607142857142857
dB max = 0.07607142857142857
hk max = 0.035132713053136484
hk min = 0.018441945528526047
hz max = 0.0541928018795055
hz min = 0.016259239323572684
lambdaF max = Inf
lambdaF min = 0.004177590819662044
lambdaB max = Inf
lambdaB min = 0.004177590819662044
----------------------------------
----------------------------------
Iteration = 62
Distance = 6.133823335896516e-5
v max = -1.461564110931548
v min = -7.83408441969733
d max = 0.07607142857142857
d min = 0.07607142857142857
dF max = 0.07607142857142857
dB max = 0.07607142857142857
hk max = 0.035132713082361954
hk min = 0.018441965421657443
hz max = 0.05419280194592702
hz min = 0.016259284535234945
lambdaF max = Inf
lambdaF min = 0.004177590819662044
lambdaB max = Inf
lambdaB min = 0.004177590819662044
----------------------------------
----------------------------------
Iteration = 63
Distance = 5.347443972136823e-5
v max = -1.4616174784595197
v min = -7.834137540315428
d max = 0.07607142857142857
d min = 0.07607142857142857
dF max = 0.07607142857142857
dB max = 0.07607142857142857
hk max = 0.03513271310358422
hk min = 0.01844194622435358
hz max = 0.05419280199415945
hz min = 0.0162592409049989
lambdaF max = Inf
lambdaF min = 0.004177590819662044
lambdaB max = Inf
lambdaB min = 0.004177590819662044
----------------------------------
----------------------------------
Iteration = 64
Distance = 4.636992529016837e-5
v max = -1.4616634600502594
v min = -7.8341837318626375
d max = 0.07607142857142857
d min = 0.07607142857142857
dF max = 0.07607142857142857
dB max = 0.07607142857142857
hk max = 0.035132713118995976
hk min = 0.01844196427004966
hz max = 0.05419280202918617
hz min = 0.016259281917944533
lambdaF max = Inf
lambdaF min = 0.004177590819662044
lambdaB max = Inf
lambdaB min = 0.004177590819662044
----------------------------------
----------------------------------
Iteration = 65
Distance = 4.0461662768054296e-5
v max = -1.4617037908125616
v min = -7.834223898211498
d max = 0.07607142857142857
d min = 0.07607142857142857
dF max = 0.07607142857142857
dB max = 0.07607142857142857
hk max = 0.035132713130187884
hk min = 0.018441947710673524
hz max = 0.05419280205462232
hz min = 0.016259244282998762
lambdaF max = Inf
lambdaF min = 0.004177590819662044
lambdaB max = Inf
lambdaB min = 0.004177590819662044
----------------------------------
----------------------------------
Iteration = 66
Distance = 3.505386859892212e-5
v max = -1.4617385875775266
v min = -7.834258825316027
d max = 0.07607142857142857
d min = 0.07607142857142857
dF max = 0.07607142857142857
dB max = 0.07607142857142857
hk max = 0.035132713138314085
hk min = 0.01844196257689748
hz max = 0.05419280207309096
hz min = 0.016259278069871395
lambdaF max = Inf
lambdaF min = 0.004177590819662044
lambdaB max = Inf
lambdaB min = 0.004177590819662044
----------------------------------
----------------------------------
Iteration = 67
Distance = 3.061213863486678e-5
v max = -1.4617690529966705
v min = -7.834289196598462
d max = 0.07607142857142857
d min = 0.07607142857142857
dF max = 0.07607142857142857
dB max = 0.07607142857142857
hk max = 0.03513271314421615
hk min = 0.018441949520382396
hz max = 0.05419280208650473
hz min = 0.016259248395973473
lambdaF max = Inf
lambdaF min = 0.004177590819662044
lambdaB max = Inf
lambdaB min = 0.004177590819662044
----------------------------------
----------------------------------
Iteration = 68
Distance = 2.649916040509126e-5
v max = -1.4617953964698993
v min = -7.8343156063273565
d max = 0.07607142857142857
d min = 0.07607142857142857
dF max = 0.07607142857142857
dB max = 0.07607142857142857
hk max = 0.035132713148500735
hk min = 0.018441960737097297
hz max = 0.054192802096242436
hz min = 0.016259273888507342
lambdaF max = Inf
lambdaF min = 0.004177590819662044
lambdaB max = Inf
lambdaB min = 0.004177590819662044
----------------------------------
----------------------------------
Iteration = 69
Distance = 2.3157761540604227e-5
v max = -1.4618184007507862
v min = -7.834338571249526
d max = 0.07607142857142857
d min = 0.07607142857142857
dF max = 0.07607142857142857
dB max = 0.07607142857142857
hk max = 0.03513271315161268
hk min = 0.018441951330052428
hz max = 0.05419280210331504
hz min = 0.016259252508859907
lambdaF max = Inf
lambdaF min = 0.004177590819662044
lambdaB max = Inf
lambdaB min = 0.004177590819662044
----------------------------------
----------------------------------
Iteration = 70
Distance = 2.0032107515666198e-5
v max = -1.4618383514449913
v min = -7.83435854070387
d max = 0.07607142857142857
d min = 0.07607142857142857
dF max = 0.07607142857142857
dB max = 0.07607142857142857
hk max = 0.03513271315387104
hk min = 0.018441959010345354
hz max = 0.05419280210844767
hz min = 0.016259269964071107
lambdaF max = Inf
lambdaF min = 0.004177590819662044
lambdaB max = Inf
lambdaB min = 0.004177590819662044
----------------------------------
----------------------------------
Iteration = 71
Distance = 1.7516757614188805e-5
v max = -1.4618557165347843
v min = -7.83437590541541
d max = 0.07607142857142857
d min = 0.07607142857142857
dF max = 0.07607142857142857
dB max = 0.07607142857142857
hk max = 0.03513271315551163
hk min = 0.0184419529394364
hz max = 0.05419280211217629
hz min = 0.01625925616655076
lambdaF max = Inf
lambdaF min = 0.004177590819662044
lambdaB max = Inf
lambdaB min = 0.004177590819662044
----------------------------------
----------------------------------
Iteration = 72
Distance = 1.5143315648336042e-5
v max = -1.4618708294656941
v min = -7.834391005141791
d max = 0.07607142857142857
d min = 0.07607142857142857
dF max = 0.07607142857142857
dB max = 0.07607142857142857
hk max = 0.035132713156703695
hk min = 0.018441957545223864
hz max = 0.05419280211488552
hz min = 0.016259266634249543
lambdaF max = Inf
lambdaF min = 0.004177590819662044
lambdaB max = Inf
lambdaB min = 0.004177590819662044
----------------------------------
----------------------------------
Iteration = 73
Distance = 1.3248509257213215e-5
v max = -1.4618839352867203
v min = -7.834404135322109
d max = 0.07607142857142857
d min = 0.07607142857142857
dF max = 0.07607142857142857
dB max = 0.07607142857142857
hk max = 0.035132713157568385
hk min = 0.018441954245915486
hz max = 0.05419280211685072
hz min = 0.01625925913582141
lambdaF max = Inf
lambdaF min = 0.004177590819662044
lambdaB max = Inf
lambdaB min = 0.004177590819662044
----------------------------------
----------------------------------
Iteration = 74
Distance = 1.1449472162805563e-5
v max = -1.4618953847588831
v min = -7.83441555285821
d max = 0.07607142857142857
d min = 0.07607142857142857
dF max = 0.07607142857142857
dB max = 0.07607142857142857
hk max = 0.03513271315819724
hk min = 0.01844195640564262
hz max = 0.054192802118279954
hz min = 0.016259264044292166
lambdaF max = Inf
lambdaF min = 0.004177590819662044
lambdaB max = Inf
lambdaB min = 0.004177590819662044
----------------------------------
----------------------------------
Iteration = 75
Distance = 1.001933408129041e-5
v max = -1.4619052756573663
v min = -7.834425481141751
d max = 0.07607142857142857
d min = 0.07607142857142857
dF max = 0.07607142857142857
dB max = 0.07607142857142857
hk max = 0.03513271315865317
hk min = 0.018441955218461325
hz max = 0.054192802119316145
hz min = 0.016259261346152864
lambdaF max = Inf
lambdaF min = 0.004177590819662044
lambdaB max = Inf
lambdaB min = 0.004177590819662044
----------------------------------
----------------------------------
Iteration = 76
Distance = 8.673834991146379e-6
v max = -1.46191394922545
v min = -7.834434114425444
d max = 0.07607142857142857
d min = 0.07607142857142857
dF max = 0.07607142857142857
dB max = 0.07607142857142857
hk max = 0.03513271315898517
hk min = 0.018441955596057758
hz max = 0.0541928021200707
hz min = 0.016259262204326573
lambdaF max = Inf
lambdaF min = 0.004177590819662044
lambdaB max = Inf
lambdaB min = 0.004177590819662044
----------------------------------
    Value Function Converged, Iteration = 76 with gamma=7.0 with rho=1.0 and v=-3.300223499806485
    Reflective boundary condition
=============================================================
Convegence time (minutes): 0.11205513096666667
Current Time = 22:23:44
grid points for z:  401
grid size for z:  0.025
-0.38098207614192525
-0.6148000048747633
--- 8.545697450637817 seconds for the elasticity computation ---
-0.017145262668684706
-0.13088283446881532
--- 0.06559991836547852 seconds for the elasticity computation ---
-0.2367700863475633
-0.48391717040594795
--- 0.06572699546813965 seconds for the elasticity computation ---
-0.4553366772289541
-0.6204439449878403
--- 0.06556272506713867 seconds for the elasticity computation ---
Current Time = 22:23:56
grid points for z:  401
grid size for z:  0.025
rho = 1
0.05935460108702888
--- 8.7872633934021 seconds for the elasticity computation ---
0.0
--- 0.06772303581237793 seconds for the elasticity computation ---
0.05935460108702888
--- 0.06703662872314453 seconds for the elasticity computation ---
0.0
--- 0.06732368469238281 seconds for the elasticity computation ---
0.0
--- 0.06744551658630371 seconds for the elasticity computation ---
0.05935460108702888
0.005643940113077034
--- 0.0677797794342041 seconds for the elasticity computation ---
0.05935460108702888
0.005643940113077034
--- 0.06802034378051758 seconds for the elasticity computation ---
0.05935460108702888
0.005643940113077034
--- 0.07117176055908203 seconds for the elasticity computation ---
0.05935460108702888
0.005643940113077034
--- 0.07230114936828613 seconds for the elasticity computation ---
parsed_args = parse_commandline() = Dict{String, Any}("dataname" => "lower_triangular_two_ambiguous_parameters", "clowerlim" => 0.0001, "delta" => 0.015, "boundary" => 1, "Delta" => 10.0, "q" => 0.1, "zmax" => 5.0, "logadjustment" => 1, "zscale" => 2.0, "foc" => 1, "distorted" => 0, "rho" => 1.0, "gamma" => 7.0)
=============================================================
./output/lower_triangular_two_ambiguous_parameters/Delta_10.0_distorted_0/logadjustment_1_boundary_1/zmax_5.0_zscale_2.0/delta_0.015/q_0.1_gamma_7.0_rho_1.0/
=============================================================
solve for structured linear system 
structured_relative_entropy = 0.1024833569983699
=============================================================
solve for unstructured linear system 
q_update = 0.3869456921851102
=============================================================
parsed_args = parse_commandline() = Dict{String, Any}("dataname" => "lower_triangular_two_ambiguous_parameters", "clowerlim" => 0.0001, "delta" => 0.015, "boundary" => 1, "Delta" => 10.0, "q" => 0.1, "zmax" => 5.0, "logadjustment" => 1, "zscale" => 2.0, "foc" => 1, "distorted" => 0, "rho" => 1.0, "gamma" => 7.0)
=============================================================
./output/lower_triangular_two_ambiguous_parameters/Delta_10.0_distorted_0/logadjustment_1_boundary_1/zmax_5.0_zscale_2.0/delta_0.015/q_0.1_gamma_7.0_rho_1.0/
=============================================================
solve for structured linear system 
structured_relative_entropy = 0.1024833569983699
=============================================================
solve for unstructured linear system 
q_update = 0.38694569218511016
=============================================================
Program ends Fri Jan 19 22:24:38 CST 2024
Elapsed time: 0 days 00 hr 01 min 22 sec
