D_10.0_distorted_0_boundary_1_delta_0.015_gamma_10.0_q_0.1_rho_1.0_upper_triangular_two_ambiguous_parameters
Program starts Fri Jan 19 22:18:57 CST 2024
parsed_args = parse_commandline() = Dict{String, Any}("dataname" => "upper_triangular_two_ambiguous_parameters", "clowerlim" => 0.0001, "delta" => 0.015, "boundary" => 1, "Delta" => 10.0, "q" => 0.1, "zmax" => 5.0, "logadjustment" => 1, "zscale" => 2.0, "foc" => 1, "distorted" => 0, "rho" => 1.0, "gamma" => 10.0)
=============================================================
logadjustment: true
reflective_boundary: true
0.1002
U: [1.0331966455186503 0.4546065240282061; 0.0 0.06463435618925897]
L: [1.0331966455186503 0.0; 0.4546065240282061 0.06463435618925897]
[-2.220446049250313e-16 0.0; 0.0 0.0]
sigma_k: [0.010331966455186503, 0.004546065240282061]
sigma_z: [0.0, 0.06463435618925897]
Compute value function WITH ROBUSTNESS
computing undistorted version...
zmax = 5.0, zmin = -5.0, zlength = 401
reflective boundary condition
----------------------------------
Iteration = 1
Distance = 1.229467332331704
v max = -0.8937352947348556
v min = -3.229467332331704
d max = 0.07607142857142857
d min = 0.07607142857142857
dF max = 0.07607142857142857
dB max = 0.07607142857142857
hk max = 0.010331966455186503
hk min = 0.010331966455186503
hz max = 0.004546065240282061
hz min = 0.004546065240282061
lambdaF max = Inf
lambdaF min = 0.004177590819662042
lambdaB max = Inf
lambdaB min = 0.004177590819662042
----------------------------------
----------------------------------
Iteration = 2
Distance = 1.0504436179748886
v max = -0.7553497766936204
v min = -4.279910950306593
d max = 0.07607142857142857
d min = 0.07607142857142857
dF max = 0.07607142857142857
dB max = 0.07607142857142857
hk max = 0.010331966455186503
hk min = 0.010331966455186503
hz max = 0.01966521288689622
hz min = 0.01622577100509957
lambdaF max = Inf
lambdaF min = 0.004177590819662042
lambdaB max = Inf
lambdaB min = 0.004177590819662042
----------------------------------
----------------------------------
Iteration = 3
Distance = 0.7701529943425456
v max = -0.7167344785799702
v min = -5.050063944649138
d max = 0.07607142857142857
d min = 0.07607142857142857
dF max = 0.07607142857142857
dB max = 0.07607142857142857
hk max = 0.010331966455186503
hk min = 0.010331966455186503
hz max = 0.032395797895746814
hz min = 0.02048347049801327
lambdaF max = Inf
lambdaF min = 0.004177590819662042
lambdaB max = Inf
lambdaB min = 0.004177590819662042
----------------------------------
----------------------------------
Iteration = 4
Distance = 0.5817200999076446
v max = -0.7360911640940617
v min = -5.631784044556783
d max = 0.07607142857142857
d min = 0.07607142857142857
dF max = 0.07607142857142857
dB max = 0.07607142857142857
hk max = 0.010331966455186503
hk min = 0.010331966455186503
hz max = 0.04127981473448343
hz min = 0.020255208580249064
lambdaF max = Inf
lambdaF min = 0.004177590819662042
lambdaB max = Inf
lambdaB min = 0.004177590819662042
----------------------------------
----------------------------------
Iteration = 5
Distance = 0.45349537636067794
v max = -0.777923109114262
v min = -6.085279420917461
d max = 0.07607142857142857
d min = 0.07607142857142857
dF max = 0.07607142857142857
dB max = 0.07607142857142857
hk max = 0.010331966455186503
hk min = 0.010331966455186503
hz max = 0.04753744572746716
hz min = 0.02181250899520567
lambdaF max = Inf
lambdaF min = 0.004177590819662042
lambdaB max = Inf
lambdaB min = 0.004177590819662042
----------------------------------
----------------------------------
Iteration = 6
Distance = 0.3603607178197361
v max = -0.8271532811469892
v min = -6.445640138737197
d max = 0.07607142857142857
d min = 0.07607142857142857
dF max = 0.07607142857142857
dB max = 0.07607142857142857
hk max = 0.010331966455186503
hk min = 0.010331966455186503
hz max = 0.05207965397524891
hz min = 0.021267782447041955
lambdaF max = Inf
lambdaF min = 0.004177590819662042
lambdaB max = Inf
lambdaB min = 0.004177590819662042
----------------------------------
----------------------------------
Iteration = 7
Distance = 0.29038656663216855
v max = -0.8851200871046554
v min = -6.736026705369365
d max = 0.07607142857142857
d min = 0.07607142857142857
dF max = 0.07607142857142857
dB max = 0.07607142857142857
hk max = 0.010331966455186503
hk min = 0.010331966455186503
hz max = 0.055486917975278216
hz min = 0.021997379603512862
lambdaF max = Inf
lambdaF min = 0.004177590819662042
lambdaB max = Inf
lambdaB min = 0.004177590819662042
----------------------------------
----------------------------------
Iteration = 8
Distance = 0.2366338671393322
v max = -0.947167099865943
v min = -6.972660572508698
d max = 0.07607142857142857
d min = 0.07607142857142857
dF max = 0.07607142857142857
dB max = 0.07607142857142857
hk max = 0.010331966455186503
hk min = 0.010331966455186503
hz max = 0.05794081921758302
hz min = 0.021784218265292175
lambdaF max = Inf
lambdaF min = 0.004177590819662042
lambdaB max = Inf
lambdaB min = 0.004177590819662042
----------------------------------
----------------------------------
Iteration = 9
Distance = 0.19463437212985557
v max = -1.014425285831727
v min = -7.167294944638553
d max = 0.07607142857142857
d min = 0.07607142857142857
dF max = 0.07607142857142857
dB max = 0.07607142857142857
hk max = 0.010331966455186503
hk min = 0.010331966455186503
hz max = 0.05954784576211464
hz min = 0.022211377614966794
lambdaF max = Inf
lambdaF min = 0.004177590819662042
lambdaB max = Inf
lambdaB min = 0.004177590819662042
----------------------------------
----------------------------------
Iteration = 10
Distance = 0.16135973867730335
v max = -1.0821429943391332
v min = -7.328654683315857
d max = 0.07607142857142857
d min = 0.07607142857142857
dF max = 0.07607142857142857
dB max = 0.07607142857142857
hk max = 0.010331966455186503
hk min = 0.010331966455186503
hz max = 0.06050866699786001
hz min = 0.02218387625219411
lambdaF max = Inf
lambdaF min = 0.004177590819662042
lambdaB max = Inf
lambdaB min = 0.004177590819662042
----------------------------------
----------------------------------
Iteration = 11
Distance = 0.13468804136370416
v max = -1.1508815310164773
v min = -7.463342724679561
d max = 0.07607142857142857
d min = 0.07607142857142857
dF max = 0.07607142857142857
dB max = 0.07607142857142857
hk max = 0.010331966455186503
hk min = 0.010331966455186503
hz max = 0.06139832891884663
hz min = 0.02241769792440771
lambdaF max = Inf
lambdaF min = 0.004177590819662042
lambdaB max = Inf
lambdaB min = 0.004177590819662042
----------------------------------
----------------------------------
Iteration = 12
Distance = 0.11309285474959374
v max = -1.2163398738033757
v min = -7.5764355794291545
d max = 0.07607142857142857
d min = 0.07607142857142857
dF max = 0.07607142857142857
dB max = 0.07607142857142857
hk max = 0.010331966455186503
hk min = 0.010331966455186503
hz max = 0.06204655057372452
hz min = 0.022460705581953275
lambdaF max = Inf
lambdaF min = 0.004177590819662042
lambdaB max = Inf
lambdaB min = 0.004177590819662042
----------------------------------
----------------------------------
Iteration = 13
Distance = 0.09545118834545185
v max = -1.2783398217074695
v min = -7.671886767774606
d max = 0.07607142857142857
d min = 0.07607142857142857
dF max = 0.07607142857142857
dB max = 0.07607142857142857
hk max = 0.010331966455186503
hk min = 0.010331966455186503
hz max = 0.0625454824010128
hz min = 0.02256244779344184
lambdaF max = Inf
lambdaF min = 0.004177590819662042
lambdaB max = Inf
lambdaB min = 0.004177590819662042
----------------------------------
----------------------------------
Iteration = 14
Distance = 0.08092170846717739
v max = -1.3339289882680991
v min = -7.752808476241784
d max = 0.07607142857142857
d min = 0.07607142857142857
dF max = 0.07607142857142857
dB max = 0.07607142857142857
hk max = 0.010331966455186503
hk min = 0.010331966455186503
hz max = 0.06294851810193043
hz min = 0.022600675328679366
lambdaF max = Inf
lambdaF min = 0.004177590819662042
lambdaB max = Inf
lambdaB min = 0.004177590819662042
----------------------------------
----------------------------------
Iteration = 15
Distance = 0.06886603009386594
v max = -1.3841963795063166
v min = -7.82167450633565
d max = 0.07607142857142857
d min = 0.07607142857142857
dF max = 0.07607142857142857
dB max = 0.07607142857142857
hk max = 0.010331966455186503
hk min = 0.010331966455186503
hz max = 0.06325616515962701
hz min = 0.022615466992045752
lambdaF max = Inf
lambdaF min = 0.004177590819662042
lambdaB max = Inf
lambdaB min = 0.004177590819662042
----------------------------------
----------------------------------
Iteration = 16
Distance = 0.05879597369882994
v max = -1.4284229302261164
v min = -7.88047048003448
d max = 0.07607142857142857
d min = 0.07607142857142857
dF max = 0.07607142857142857
dB max = 0.07607142857142857
hk max = 0.010331966455186503
hk min = 0.010331966455186503
hz max = 0.06343111503969517
hz min = 0.022647290354710917
lambdaF max = Inf
lambdaF min = 0.004177590819662042
lambdaB max = Inf
lambdaB min = 0.004177590819662042
----------------------------------
----------------------------------
Iteration = 17
Distance = 0.05033601421230127
v max = -1.4684943851035925
v min = -7.930806494246781
d max = 0.07607142857142857
d min = 0.07607142857142857
dF max = 0.07607142857142857
dB max = 0.07607142857142857
hk max = 0.010331966455186503
hk min = 0.010331966455186503
hz max = 0.06346479531171903
hz min = 0.022637375200074472
lambdaF max = Inf
lambdaF min = 0.004177590819662042
lambdaB max = Inf
lambdaB min = 0.004177590819662042
----------------------------------
----------------------------------
Iteration = 18
Distance = 0.043194842499787
v max = -1.5042862042364564
v min = -7.974001336746568
d max = 0.07607142857142857
d min = 0.07607142857142857
dF max = 0.07607142857142857
dB max = 0.07607142857142857
hk max = 0.010331966455186503
hk min = 0.010331966455186503
hz max = 0.06350241789643148
hz min = 0.02267893516122491
lambdaF max = Inf
lambdaF min = 0.004177590819662042
lambdaB max = Inf
lambdaB min = 0.004177590819662042
----------------------------------
----------------------------------
Iteration = 19
Distance = 0.037143285142226645
v max = -1.536850047192318
v min = -8.011144621888795
d max = 0.07607142857142857
d min = 0.07607142857142857
dF max = 0.07607142857142857
dB max = 0.07607142857142857
hk max = 0.010331966455186503
hk min = 0.010331966455186503
hz max = 0.06357113615088798
hz min = 0.022669814450374616
lambdaF max = Inf
lambdaF min = 0.004177590819662042
lambdaB max = Inf
lambdaB min = 0.004177590819662042
----------------------------------
----------------------------------
Iteration = 20
Distance = 0.03199769814481179
v max = -1.5656339147977854
v min = -8.043142320033606
d max = 0.07607142857142857
d min = 0.07607142857142857
dF max = 0.07607142857142857
dB max = 0.07607142857142857
hk max = 0.010331966455186503
hk min = 0.010331966455186503
hz max = 0.0636265482528583
hz min = 0.022707886298582624
lambdaF max = Inf
lambdaF min = 0.004177590819662042
lambdaB max = Inf
lambdaB min = 0.004177590819662042
----------------------------------
----------------------------------
Iteration = 21
Distance = 0.0276084220663968
v max = -1.591055222716684
v min = -8.070750742100003
d max = 0.07607142857142857
d min = 0.07607142857142857
dF max = 0.07607142857142857
dB max = 0.07607142857142857
hk max = 0.010331966455186503
hk min = 0.010331966455186503
hz max = 0.06368335376906813
hz min = 0.02269134754444735
lambdaF max = Inf
lambdaF min = 0.004177590819662042
lambdaB max = Inf
lambdaB min = 0.004177590819662042
----------------------------------
----------------------------------
Iteration = 22
Distance = 0.02385242718828806
v max = -1.6128714347317865
v min = -8.094603169288291
d max = 0.07607142857142857
d min = 0.07607142857142857
dF max = 0.07607142857142857
dB max = 0.07607142857142857
hk max = 0.010331966455186503
hk min = 0.010331966455186503
hz max = 0.06374053840455686
hz min = 0.02271274394506207
lambdaF max = Inf
lambdaF min = 0.004177590819662042
lambdaB max = Inf
lambdaB min = 0.004177590819662042
----------------------------------
----------------------------------
Iteration = 23
Distance = 0.020628698524209454
v max = -1.6317590821232106
v min = -8.1152318678125
d max = 0.07607142857142857
d min = 0.07607142857142857
dF max = 0.07607142857142857
dB max = 0.07607142857142857
hk max = 0.010331966455186503
hk min = 0.010331966455186503
hz max = 0.06377730170525552
hz min = 0.022691478451867052
lambdaF max = Inf
lambdaF min = 0.004177590819662042
lambdaB max = Inf
lambdaB min = 0.004177590819662042
----------------------------------
----------------------------------
Iteration = 24
Distance = 0.0178548347876184
v max = -1.648082729174901
v min = -8.133086702600119
d max = 0.07607142857142857
d min = 0.07607142857142857
dF max = 0.07607142857142857
dB max = 0.07607142857142857
hk max = 0.010331966455186503
hk min = 0.010331966455186503
hz max = 0.06376947951016625
hz min = 0.022705336740935986
lambdaF max = Inf
lambdaF min = 0.004177590819662042
lambdaB max = Inf
lambdaB min = 0.004177590819662042
----------------------------------
----------------------------------
Iteration = 25
Distance = 0.015463830251354338
v max = -1.6625479513776615
v min = -8.148550532851473
d max = 0.07607142857142857
d min = 0.07607142857142857
dF max = 0.07607142857142857
dB max = 0.07607142857142857
hk max = 0.010331966455186503
hk min = 0.010331966455186503
hz max = 0.06372623581606116
hz min = 0.02269270826203025
lambdaF max = Inf
lambdaF min = 0.004177590819662042
lambdaB max = Inf
lambdaB min = 0.004177590819662042
----------------------------------
----------------------------------
Iteration = 26
Distance = 0.013400749574765669
v max = -1.6754272705949858
v min = -8.161951282426239
d max = 0.07607142857142857
d min = 0.07607142857142857
dF max = 0.07607142857142857
dB max = 0.07607142857142857
hk max = 0.010331966455186503
hk min = 0.010331966455186503
hz max = 0.06373355107861164
hz min = 0.02270755011464601
lambdaF max = Inf
lambdaF min = 0.004177590819662042
lambdaB max = Inf
lambdaB min = 0.004177590819662042
----------------------------------
----------------------------------
Iteration = 27
Distance = 0.011625321096111918
v max = -1.686926622983793
v min = -8.173570887401674
d max = 0.07607142857142857
d min = 0.07607142857142857
dF max = 0.07607142857142857
dB max = 0.07607142857142857
hk max = 0.010331966455186503
hk min = 0.010331966455186503
hz max = 0.06373893937391575
hz min = 0.022702983521026763
lambdaF max = Inf
lambdaF min = 0.004177590819662042
lambdaB max = Inf
lambdaB min = 0.004177590819662042
----------------------------------
----------------------------------
Iteration = 28
Distance = 0.010099223671853563
v max = -1.6970258162355498
v min = -8.18365183160434
d max = 0.07607142857142857
d min = 0.07607142857142857
dF max = 0.07607142857142857
dB max = 0.07607142857142857
hk max = 0.010331966455186503
hk min = 0.010331966455186503
hz max = 0.06374648364375336
hz min = 0.022713071169158914
lambdaF max = Inf
lambdaF min = 0.004177590819662042
lambdaB max = Inf
lambdaB min = 0.004177590819662042
----------------------------------
----------------------------------
Iteration = 29
Distance = 0.008750433460306795
v max = -1.705720983212854
v min = -8.192402265064647
d max = 0.07607142857142857
d min = 0.07607142857142857
dF max = 0.07607142857142857
dB max = 0.07607142857142857
hk max = 0.010331966455186503
hk min = 0.010331966455186503
hz max = 0.06375965113432683
hz min = 0.022708067033584016
lambdaF max = Inf
lambdaF min = 0.004177590819662042
lambdaB max = Inf
lambdaB min = 0.004177590819662042
----------------------------------
----------------------------------
Iteration = 30
Distance = 0.007598295856968917
v max = -1.713124065562797
v min = -8.200000560921616
d max = 0.07607142857142857
d min = 0.07607142857142857
dF max = 0.07607142857142857
dB max = 0.07607142857142857
hk max = 0.010331966455186503
hk min = 0.010331966455186503
hz max = 0.06377390117897075
hz min = 0.022710256911990627
lambdaF max = Inf
lambdaF min = 0.004177590819662042
lambdaB max = Inf
lambdaB min = 0.004177590819662042
----------------------------------
----------------------------------
Iteration = 31
Distance = 0.006695393662972116
v max = -1.7194058702959867
v min = -8.206599715304113
d max = 0.07607142857142857
d min = 0.07607142857142857
dF max = 0.07607142857142857
dB max = 0.07607142857142857
hk max = 0.010331966455186503
hk min = 0.010331966455186503
hz max = 0.06377638911431067
hz min = 0.02270525820713899
lambdaF max = Inf
lambdaF min = 0.004177590819662042
lambdaB max = Inf
lambdaB min = 0.004177590819662042
----------------------------------
----------------------------------
Iteration = 32
Distance = 0.005885741339612061
v max = -1.724870087151705
v min = -8.21233152012079
d max = 0.07607142857142857
d min = 0.07607142857142857
dF max = 0.07607142857142857
dB max = 0.07607142857142857
hk max = 0.010331966455186503
hk min = 0.010331966455186503
hz max = 0.0637612550675431
hz min = 0.022705561651983834
lambdaF max = Inf
lambdaF min = 0.004177590819662042
lambdaB max = Inf
lambdaB min = 0.004177590819662042
----------------------------------
----------------------------------
Iteration = 33
Distance = 0.005138756844761616
v max = -1.7296861286721052
v min = -8.217310188830533
d max = 0.07607142857142857
d min = 0.07607142857142857
dF max = 0.07607142857142857
dB max = 0.07607142857142857
hk max = 0.010331966455186503
hk min = 0.010331966455186503
hz max = 0.06375090336864973
hz min = 0.022705094539946704
lambdaF max = Inf
lambdaF min = 0.004177590819662042
lambdaB max = Inf
lambdaB min = 0.004177590819662042
----------------------------------
----------------------------------
Iteration = 34
Distance = 0.0044726510598547264
v max = -1.7340329688975147
v min = -8.221635166926607
d max = 0.07607142857142857
d min = 0.07607142857142857
dF max = 0.07607142857142857
dB max = 0.07607142857142857
hk max = 0.010331966455186503
hk min = 0.010331966455186503
hz max = 0.06375148471109453
hz min = 0.022706745935770562
lambdaF max = Inf
lambdaF min = 0.004177590819662042
lambdaB max = Inf
lambdaB min = 0.004177590819662042
----------------------------------
----------------------------------
Iteration = 35
Distance = 0.003886476684113571
v max = -1.7378814065839796
v min = -8.225393111628378
d max = 0.07607142857142857
d min = 0.07607142857142857
dF max = 0.07607142857142857
dB max = 0.07607142857142857
hk max = 0.010331966455186503
hk min = 0.010331966455186503
hz max = 0.06375205337250607
hz min = 0.022708860043349013
lambdaF max = Inf
lambdaF min = 0.004177590819662042
lambdaB max = Inf
lambdaB min = 0.004177590819662042
----------------------------------
----------------------------------
Iteration = 36
Distance = 0.0033843897390992694
v max = -1.7412654418985525
v min = -8.22865928668855
d max = 0.07607142857142857
d min = 0.07607142857142857
dF max = 0.07607142857142857
dB max = 0.07607142857142857
hk max = 0.010331966455186503
hk min = 0.010331966455186503
hz max = 0.06375464756193715
hz min = 0.02270894241692423
lambdaF max = Inf
lambdaF min = 0.004177590819662042
lambdaB max = Inf
lambdaB min = 0.004177590819662042
----------------------------------
----------------------------------
Iteration = 37
Distance = 0.0028735668855150998
v max = -1.744123968633116
v min = -8.231498726116186
d max = 0.07607142857142857
d min = 0.07607142857142857
dF max = 0.07607142857142857
dB max = 0.07607142857142857
hk max = 0.010331966455186503
hk min = 0.010331966455186503
hz max = 0.06375972491950635
hz min = 0.02270978202770396
lambdaF max = Inf
lambdaF min = 0.004177590819662042
lambdaB max = Inf
lambdaB min = 0.004177590819662042
----------------------------------
----------------------------------
Iteration = 38
Distance = 0.0025115921925285
v max = -1.7465486350790043
v min = -8.23396743349638
d max = 0.07607142857142857
d min = 0.07607142857142857
dF max = 0.07607142857142857
dB max = 0.07607142857142857
hk max = 0.010331966455186503
hk min = 0.010331966455186503
hz max = 0.0637632710578903
hz min = 0.022707503796006345
lambdaF max = Inf
lambdaF min = 0.004177590819662042
lambdaB max = Inf
lambdaB min = 0.004177590819662042
----------------------------------
----------------------------------
Iteration = 39
Distance = 0.0022239024508587946
v max = -1.74858384044143
v min = -8.236113684024602
d max = 0.07607142857142857
d min = 0.07607142857142857
dF max = 0.07607142857142857
dB max = 0.07607142857142857
hk max = 0.010331966455186503
hk min = 0.010331966455186503
hz max = 0.06376047961971085
hz min = 0.022707835708494006
lambdaF max = Inf
lambdaF min = 0.004177590819662042
lambdaB max = Inf
lambdaB min = 0.004177590819662042
----------------------------------
----------------------------------
Iteration = 40
Distance = 0.0019543083282989038
v max = -1.7503734975729321
v min = -8.237979316981582
d max = 0.07607142857142857
d min = 0.07607142857142857
dF max = 0.07607142857142857
dB max = 0.07607142857142857
hk max = 0.010331966455186503
hk min = 0.010331966455186503
hz max = 0.06375278823750369
hz min = 0.02270597971659709
lambdaF max = Inf
lambdaF min = 0.004177590819662042
lambdaB max = Inf
lambdaB min = 0.004177590819662042
----------------------------------
----------------------------------
Iteration = 41
Distance = 0.001705599012972847
v max = -1.7519602641805088
v min = -8.239600842140916
d max = 0.07607142857142857
d min = 0.07607142857142857
dF max = 0.07607142857142857
dB max = 0.07607142857142857
hk max = 0.010331966455186503
hk min = 0.010331966455186503
hz max = 0.06375284246920843
hz min = 0.022707652299535953
lambdaF max = Inf
lambdaF min = 0.004177590819662042
lambdaB max = Inf
lambdaB min = 0.004177590819662042
----------------------------------
----------------------------------
Iteration = 42
Distance = 0.0014836651975720372
v max = -1.7534085148277716
v min = -8.241010246122334
d max = 0.07607142857142857
d min = 0.07607142857142857
dF max = 0.07607142857142857
dB max = 0.07607142857142857
hk max = 0.010331966455186503
hk min = 0.010331966455186503
hz max = 0.06375289825736645
hz min = 0.022707042979095975
lambdaF max = Inf
lambdaF min = 0.004177590819662042
lambdaB max = Inf
lambdaB min = 0.004177590819662042
----------------------------------
----------------------------------
Iteration = 43
Distance = 0.0012889670449653945
v max = -1.7546882742946386
v min = -8.242235512151284
d max = 0.07607142857142857
d min = 0.07607142857142857
dF max = 0.07607142857142857
dB max = 0.07607142857142857
hk max = 0.010331966455186503
hk min = 0.010331966455186503
hz max = 0.06375315522778038
hz min = 0.02270895177471683
lambdaF max = Inf
lambdaF min = 0.004177590819662042
lambdaB max = Inf
lambdaB min = 0.004177590819662042
----------------------------------
----------------------------------
Iteration = 44
Distance = 0.0011185836901581592
v max = -1.7558041124953265
v min = -8.243300971922853
d max = 0.07607142857142857
d min = 0.07607142857142857
dF max = 0.07607142857142857
dB max = 0.07607142857142857
hk max = 0.010331966455186503
hk min = 0.010331966455186503
hz max = 0.06375454094274996
hz min = 0.02270805155962818
lambdaF max = Inf
lambdaF min = 0.004177590819662042
lambdaB max = Inf
lambdaB min = 0.004177590819662042
----------------------------------
----------------------------------
Iteration = 45
Distance = 0.0009368698154323951
v max = -1.7567350470859286
v min = -8.244227633187952
d max = 0.07607142857142857
d min = 0.07607142857142857
dF max = 0.07607142857142857
dB max = 0.07607142857142857
hk max = 0.010331966455186503
hk min = 0.010331966455186503
hz max = 0.06375645631955988
hz min = 0.022708831592531
lambdaF max = Inf
lambdaF min = 0.004177590819662042
lambdaB max = Inf
lambdaB min = 0.004177590819662042
----------------------------------
----------------------------------
Iteration = 46
Distance = 0.0008326844399833
v max = -1.7575145408729216
v min = -8.24503357090374
d max = 0.07607142857142857
d min = 0.07607142857142857
dF max = 0.07607142857142857
dB max = 0.07607142857142857
hk max = 0.010331966455186503
hk min = 0.010331966455186503
hz max = 0.06375671809719047
hz min = 0.02270744940543277
lambdaF max = Inf
lambdaF min = 0.004177590819662042
lambdaB max = Inf
lambdaB min = 0.004177590819662042
----------------------------------
----------------------------------
Iteration = 47
Distance = 0.0007398033121628345
v max = -1.7581716425476022
v min = -8.245734380046382
d max = 0.07607142857142857
d min = 0.07607142857142857
dF max = 0.07607142857142857
dB max = 0.07607142857142857
hk max = 0.010331966455186503
hk min = 0.010331966455186503
hz max = 0.06375437344652947
hz min = 0.0227078101081007
lambdaF max = Inf
lambdaF min = 0.004177590819662042
lambdaB max = Inf
lambdaB min = 0.004177590819662042
----------------------------------
----------------------------------
Iteration = 48
Distance = 0.0006497117957846577
v max = -1.7587527451790061
v min = -8.246343621802977
d max = 0.07607142857142857
d min = 0.07607142857142857
dF max = 0.07607142857142857
dB max = 0.07607142857142857
hk max = 0.010331966455186503
hk min = 0.010331966455186503
hz max = 0.06375300188526918
hz min = 0.022707061533311697
lambdaF max = Inf
lambdaF min = 0.004177590819662042
lambdaB max = Inf
lambdaB min = 0.004177590819662042
----------------------------------
----------------------------------
Iteration = 49
Distance = 0.0005667153055006757
v max = -1.759279927119298
v min = -8.246873184659224
d max = 0.07607142857142857
d min = 0.07607142857142857
dF max = 0.07607142857142857
dB max = 0.07607142857142857
hk max = 0.010331966455186503
hk min = 0.010331966455186503
hz max = 0.06375300662283068
hz min = 0.02270778405273293
lambdaF max = Inf
lambdaF min = 0.004177590819662042
lambdaB max = Inf
lambdaB min = 0.004177590819662042
----------------------------------
----------------------------------
Iteration = 50
Distance = 0.0004926229414912164
v max = -1.7597609083881651
v min = -8.24733352237563
d max = 0.07607142857142857
d min = 0.07607142857142857
dF max = 0.07607142857142857
dB max = 0.07607142857142857
hk max = 0.010331966455186503
hk min = 0.010331966455186503
hz max = 0.06375301718364791
hz min = 0.02270770152370803
lambdaF max = Inf
lambdaF min = 0.004177590819662042
lambdaB max = Inf
lambdaB min = 0.004177590819662042
----------------------------------
----------------------------------
Iteration = 51
Distance = 0.0004280814344690409
v max = -1.7601887914305516
v min = -8.247733788647615
d max = 0.07607142857142857
d min = 0.07607142857142857
dF max = 0.07607142857142857
dB max = 0.07607142857142857
hk max = 0.010331966455186503
hk min = 0.010331966455186503
hz max = 0.06375323351386054
hz min = 0.022708261538213093
lambdaF max = Inf
lambdaF min = 0.004177590819662042
lambdaB max = Inf
lambdaB min = 0.004177590819662042
----------------------------------
----------------------------------
Iteration = 52
Distance = 0.000366961965727608
v max = -1.7605526791191453
v min = -8.24808192639272
d max = 0.07607142857142857
d min = 0.07607142857142857
dF max = 0.07607142857142857
dB max = 0.07607142857142857
hk max = 0.010331966455186503
hk min = 0.010331966455186503
hz max = 0.0637539163487976
hz min = 0.022708077828249736
lambdaF max = Inf
lambdaF min = 0.004177590819662042
lambdaB max = Inf
lambdaB min = 0.004177590819662042
----------------------------------
----------------------------------
Iteration = 53
Distance = 0.0003097088369026224
v max = -1.7608548816095073
v min = -8.248384769450563
d max = 0.07607142857142857
d min = 0.07607142857142857
dF max = 0.07607142857142857
dB max = 0.07607142857142857
hk max = 0.010331966455186503
hk min = 0.010331966455186503
hz max = 0.06375443839125765
hz min = 0.02270806736874811
lambdaF max = Inf
lambdaF min = 0.004177590819662042
lambdaB max = Inf
lambdaB min = 0.004177590819662042
----------------------------------
----------------------------------
Iteration = 54
Distance = 0.0002774752938337066
v max = -1.7611016951145397
v min = -8.248648183095225
d max = 0.07607142857142857
d min = 0.07607142857142857
dF max = 0.07607142857142857
dB max = 0.07607142857142857
hk max = 0.010331966455186503
hk min = 0.010331966455186503
hz max = 0.06375403892234
hz min = 0.022707772603842782
lambdaF max = Inf
lambdaF min = 0.004177590819662042
lambdaB max = Inf
lambdaB min = 0.004177590819662042
----------------------------------
----------------------------------
Iteration = 55
Distance = 0.0002471019972847266
v max = -1.761314161661439
v min = -8.248877230938161
d max = 0.07607142857142857
d min = 0.07607142857142857
dF max = 0.07607142857142857
dB max = 0.07607142857142857
hk max = 0.010331966455186503
hk min = 0.010331966455186503
hz max = 0.0637530262598347
hz min = 0.02270764325269382
lambdaF max = Inf
lambdaF min = 0.004177590819662042
lambdaB max = Inf
lambdaB min = 0.004177590819662042
----------------------------------
----------------------------------
Iteration = 56
Distance = 0.0002168558157720213
v max = -1.761502536470376
v min = -8.249076333055909
d max = 0.07607142857142857
d min = 0.07607142857142857
dF max = 0.07607142857142857
dB max = 0.07607142857142857
hk max = 0.010331966455186503
hk min = 0.010331966455186503
hz max = 0.0637530239705785
hz min = 0.02270766834215878
lambdaF max = Inf
lambdaF min = 0.004177590819662042
lambdaB max = Inf
lambdaB min = 0.004177590819662042
----------------------------------
----------------------------------
Iteration = 57
Distance = 0.00018901366104051576
v max = -1.761679517884559
v min = -8.24924938329609
d max = 0.07607142857142857
d min = 0.07607142857142857
dF max = 0.07607142857142857
dB max = 0.07607142857142857
hk max = 0.010331966455186503
hk min = 0.010331966455186503
hz max = 0.06375302549511129
hz min = 0.02270771778482244
lambdaF max = Inf
lambdaF min = 0.004177590819662042
lambdaB max = Inf
lambdaB min = 0.004177590819662042
----------------------------------
----------------------------------
Iteration = 58
Distance = 0.00016415206407316418
v max = -1.7618397300211708
v min = -8.249399815802283
d max = 0.07607142857142857
d min = 0.07607142857142857
dF max = 0.07607142857142857
dB max = 0.07607142857142857
hk max = 0.010331966455186503
hk min = 0.010331966455186503
hz max = 0.06375303236820726
hz min = 0.02270795552236616
lambdaF max = Inf
lambdaF min = 0.004177590819662042
lambdaB max = Inf
lambdaB min = 0.004177590819662042
----------------------------------
----------------------------------
Iteration = 59
Distance = 0.00014341194711464667
v max = -1.761983036799091
v min = -8.249530635403907
d max = 0.07607142857142857
d min = 0.07607142857142857
dF max = 0.07607142857142857
dB max = 0.07607142857142857
hk max = 0.010331966455186503
hk min = 0.010331966455186503
hz max = 0.06375318483256143
hz min = 0.02270792806175701
lambdaF max = Inf
lambdaF min = 0.004177590819662042
lambdaB max = Inf
lambdaB min = 0.004177590819662042
----------------------------------
----------------------------------
Iteration = 60
Distance = 0.00011938410128853327
v max = -1.7621009253273872
v min = -8.249644438867222
d max = 0.07607142857142857
d min = 0.07607142857142857
dF max = 0.07607142857142857
dB max = 0.07607142857142857
hk max = 0.010331966455186503
hk min = 0.010331966455186503
hz max = 0.06375344909161186
hz min = 0.02270804236526367
lambdaF max = Inf
lambdaF min = 0.004177590819662042
lambdaB max = Inf
lambdaB min = 0.004177590819662042
----------------------------------
----------------------------------
Iteration = 61
Distance = 0.00010302177958010361
v max = -1.762197996316967
v min = -8.249743449202718
d max = 0.07607142857142857
d min = 0.07607142857142857
dF max = 0.07607142857142857
dB max = 0.07607142857142857
hk max = 0.010331966455186503
hk min = 0.010331966455186503
hz max = 0.06375349665149592
hz min = 0.022707826493204127
lambdaF max = Inf
lambdaF min = 0.004177590819662042
lambdaB max = Inf
lambdaB min = 0.004177590819662042
----------------------------------
----------------------------------
Iteration = 62
Distance = 9.310489519354093e-5
v max = -1.7622755831992065
v min = -8.249829569210426
d max = 0.07607142857142857
d min = 0.07607142857142857
dF max = 0.07607142857142857
dB max = 0.07607142857142857
hk max = 0.010331966455186503
hk min = 0.010331966455186503
hz max = 0.06375319066375996
hz min = 0.022707866980655002
lambdaF max = Inf
lambdaF min = 0.004177590819662042
lambdaB max = Inf
lambdaB min = 0.004177590819662042
----------------------------------
----------------------------------
Iteration = 63
Distance = 8.295818857106951e-5
v max = -1.7623439904395528
v min = -8.249904444490408
d max = 0.07607142857142857
d min = 0.07607142857142857
dF max = 0.07607142857142857
dB max = 0.07607142857142857
hk max = 0.010331966455186503
hk min = 0.010331966455186503
hz max = 0.06375302916909627
hz min = 0.022707687369835694
lambdaF max = Inf
lambdaF min = 0.004177590819662042
lambdaB max = Inf
lambdaB min = 0.004177590819662042
----------------------------------
----------------------------------
Iteration = 64
Distance = 7.275595224420783e-5
v max = -1.7624058307680535
v min = -8.249969519340889
d max = 0.07607142857142857
d min = 0.07607142857142857
dF max = 0.07607142857142857
dB max = 0.07607142857142857
hk max = 0.010331966455186503
hk min = 0.010331966455186503
hz max = 0.06375302848443702
hz min = 0.022707829560252978
lambdaF max = Inf
lambdaF min = 0.004177590819662042
lambdaB max = Inf
lambdaB min = 0.004177590819662042
----------------------------------
----------------------------------
Iteration = 65
Distance = 6.33499768598611e-5
v max = -1.7624654423620538
v min = -8.25002607341246
d max = 0.07607142857142857
d min = 0.07607142857142857
dF max = 0.07607142857142857
dB max = 0.07607142857142857
hk max = 0.010331966455186503
hk min = 0.010331966455186503
hz max = 0.0637530294811897
hz min = 0.022707771528827365
lambdaF max = Inf
lambdaF min = 0.004177590819662042
lambdaB max = Inf
lambdaB min = 0.004177590819662042
----------------------------------
----------------------------------
Iteration = 66
Distance = 5.501117505102293e-5
v max = -1.7625195110373482
v min = -8.250075237930002
d max = 0.07607142857142857
d min = 0.07607142857142857
dF max = 0.07607142857142857
dB max = 0.07607142857142857
hk max = 0.010331966455186503
hk min = 0.010331966455186503
hz max = 0.06375304079497113
hz min = 0.02270793834956109
lambdaF max = Inf
lambdaF min = 0.004177590819662042
lambdaB max = Inf
lambdaB min = 0.004177590819662042
----------------------------------
----------------------------------
Iteration = 67
Distance = 4.7904649360219764e-5
v max = -1.7625670247417844
v min = -8.250118000156261
d max = 0.07607142857142857
d min = 0.07607142857142857
dF max = 0.07607142857142857
dB max = 0.07607142857142857
hk max = 0.010331966455186503
hk min = 0.010331966455186503
hz max = 0.06375312022674257
hz min = 0.022707868561081965
lambdaF max = Inf
lambdaF min = 0.004177590819662042
lambdaB max = Inf
lambdaB min = 0.004177590819662042
----------------------------------
----------------------------------
Iteration = 68
Distance = 3.837722480271033e-5
v max = -1.762605241696804
v min = -8.250155208040928
d max = 0.07607142857142857
d min = 0.07607142857142857
dF max = 0.07607142857142857
dB max = 0.07607142857142857
hk max = 0.010331966455186503
hk min = 0.010331966455186503
hz max = 0.0637531913853938
hz min = 0.02270793557239267
lambdaF max = Inf
lambdaF min = 0.004177590819662042
lambdaB max = Inf
lambdaB min = 0.004177590819662042
----------------------------------
----------------------------------
Iteration = 69
Distance = 3.457332442069472e-5
v max = -1.7626356383981583
v min = -8.250187583013968
d max = 0.07607142857142857
d min = 0.07607142857142857
dF max = 0.07607142857142857
dB max = 0.07607142857142857
hk max = 0.010331966455186503
hk min = 0.010331966455186503
hz max = 0.06375314610781743
hz min = 0.022707823049192683
lambdaF max = Inf
lambdaF min = 0.004177590819662042
lambdaB max = Inf
lambdaB min = 0.004177590819662042
----------------------------------
----------------------------------
Iteration = 70
Distance = 3.150337877322329e-5
v max = -1.7626601484184805
v min = -8.250215741287358
d max = 0.07607142857142857
d min = 0.07607142857142857
dF max = 0.07607142857142857
dB max = 0.07607142857142857
hk max = 0.010331966455186503
hk min = 0.010331966455186503
hz max = 0.06375303109054914
hz min = 0.02270784461055092
lambdaF max = Inf
lambdaF min = 0.004177590819662042
lambdaB max = Inf
lambdaB min = 0.004177590819662042
----------------------------------
----------------------------------
Iteration = 71
Distance = 2.8038489314319293e-5
v max = -1.7626819105652798
v min = -8.25024021785611
d max = 0.07607142857142857
d min = 0.07607142857142857
dF max = 0.07607142857142857
dB max = 0.07607142857142857
hk max = 0.010331966455186503
hk min = 0.010331966455186503
hz max = 0.06375303022833284
hz min = 0.022707784097927612
lambdaF max = Inf
lambdaF min = 0.004177590819662042
lambdaB max = Inf
lambdaB min = 0.004177590819662042
----------------------------------
----------------------------------
Iteration = 72
Distance = 2.4566809469384054e-5
v max = -1.762702765912242
v min = -8.250261485891556
d max = 0.07607142857142857
d min = 0.07607142857142857
dF max = 0.07607142857142857
dB max = 0.07607142857142857
hk max = 0.010331966455186503
hk min = 0.010331966455186503
hz max = 0.06375303014640409
hz min = 0.022707835182459626
lambdaF max = Inf
lambdaF min = 0.004177590819662042
lambdaB max = Inf
lambdaB min = 0.004177590819662042
----------------------------------
----------------------------------
Iteration = 73
Distance = 2.1361073992753887e-5
v max = -1.7627228081001323
v min = -8.250279967348373
d max = 0.07607142857142857
d min = 0.07607142857142857
dF max = 0.07607142857142857
dB max = 0.07607142857142857
hk max = 0.010331966455186503
hk min = 0.010331966455186503
hz max = 0.06375303075020694
hz min = 0.022707836765593896
lambdaF max = Inf
lambdaF min = 0.004177590819662042
lambdaB max = Inf
lambdaB min = 0.004177590819662042
----------------------------------
----------------------------------
Iteration = 74
Distance = 1.8602658321320575e-5
v max = -1.762741376657357
v min = -8.250296035661265
d max = 0.07607142857142857
d min = 0.07607142857142857
dF max = 0.07607142857142857
dB max = 0.07607142857142857
hk max = 0.010331966455186503
hk min = 0.010331966455186503
hz max = 0.06375304083247386
hz min = 0.022707877758646907
lambdaF max = Inf
lambdaF min = 0.004177590819662042
lambdaB max = Inf
lambdaB min = 0.004177590819662042
----------------------------------
----------------------------------
Iteration = 75
Distance = 1.5866282141230315e-5
v max = -1.7627568515487317
v min = -8.250310015099297
d max = 0.07607142857142857
d min = 0.07607142857142857
dF max = 0.07607142857142857
dB max = 0.07607142857142857
hk max = 0.010331966455186503
hk min = 0.010331966455186503
hz max = 0.0637530710874976
hz min = 0.0227078736627917
lambdaF max = Inf
lambdaF min = 0.004177590819662042
lambdaB max = Inf
lambdaB min = 0.004177590819662042
----------------------------------
----------------------------------
Iteration = 76
Distance = 1.2687575032366283e-5
v max = -1.762769229506289
v min = -8.25032218179616
d max = 0.07607142857142857
d min = 0.07607142857142857
dF max = 0.07607142857142857
dB max = 0.07607142857142857
hk max = 0.010331966455186503
hk min = 0.010331966455186503
hz max = 0.06375307899469741
hz min = 0.022707865137518265
lambdaF max = Inf
lambdaF min = 0.004177590819662042
lambdaB max = Inf
lambdaB min = 0.004177590819662042
----------------------------------
----------------------------------
Iteration = 77
Distance = 1.1737218819085626e-5
v max = -1.7627784370247688
v min = -8.250332769030816
d max = 0.07607142857142857
d min = 0.07607142857142857
dF max = 0.07607142857142857
dB max = 0.07607142857142857
hk max = 0.010331966455186503
hk min = 0.010331966455186503
hz max = 0.06375304562801168
hz min = 0.02270784856339478
lambdaF max = Inf
lambdaF min = 0.004177590819662042
lambdaB max = Inf
lambdaB min = 0.004177590819662042
----------------------------------
----------------------------------
Iteration = 78
Distance = 1.0758334179961082e-5
v max = -1.7627862217586525
v min = -8.250341975942396
d max = 0.07607142857142857
d min = 0.07607142857142857
dF max = 0.07607142857142857
dB max = 0.07607142857142857
hk max = 0.010331966455186503
hk min = 0.010331966455186503
hz max = 0.06375303108179114
hz min = 0.02270782736341605
lambdaF max = Inf
lambdaF min = 0.004177590819662042
lambdaB max = Inf
lambdaB min = 0.004177590819662042
----------------------------------
----------------------------------
Iteration = 79
Distance = 9.555800323468588e-6
v max = -1.7627931272468218
v min = -8.250349976647794
d max = 0.07607142857142857
d min = 0.07607142857142857
dF max = 0.07607142857142857
dB max = 0.07607142857142857
hk max = 0.010331966455186503
hk min = 0.010331966455186503
hz max = 0.0637530307880059
hz min = 0.022707836061581665
lambdaF max = Inf
lambdaF min = 0.004177590819662042
lambdaB max = Inf
lambdaB min = 0.004177590819662042
----------------------------------
    Value Function Converged, Iteration = 79 with gamma=10.0 with rho=1.0 and v=-3.7105420807947547
    Reflective boundary condition
=============================================================
Convegence time (minutes): 0.1116191247
Current Time = 22:19:31
grid points for z:  401
grid size for z:  0.025
-0.48434943717469287
-0.6056806921961934
--- 8.878777027130127 seconds for the elasticity computation ---
-0.04373422809411956
-0.18686990130701342
--- 0.06304526329040527 seconds for the elasticity computation ---
-0.23735419498690588
-0.41881079088917994
--- 0.061925411224365234 seconds for the elasticity computation ---
-0.5587040382617218
-0.6131197080439277
--- 0.0616757869720459 seconds for the elasticity computation ---
Current Time = 22:19:43
grid points for z:  401
grid size for z:  0.025
rho = 1
0.05935460108702888
--- 8.629971742630005 seconds for the elasticity computation ---
0.0
--- 0.06593680381774902 seconds for the elasticity computation ---
0.05935460108702888
--- 0.06493568420410156 seconds for the elasticity computation ---
0.0
--- 0.06508851051330566 seconds for the elasticity computation ---
0.0
--- 0.06492090225219727 seconds for the elasticity computation ---
0.05935460108702888
0.007439015847734282
--- 0.06536078453063965 seconds for the elasticity computation ---
0.05935460108702888
0.007439015847734282
--- 0.06534433364868164 seconds for the elasticity computation ---
0.05935460108702888
0.007439015847734282
--- 0.06519412994384766 seconds for the elasticity computation ---
0.05935460108702888
0.007439015847734282
--- 0.06490778923034668 seconds for the elasticity computation ---
parsed_args = parse_commandline() = Dict{String, Any}("dataname" => "upper_triangular_two_ambiguous_parameters", "clowerlim" => 0.0001, "delta" => 0.015, "boundary" => 1, "Delta" => 10.0, "q" => 0.1, "zmax" => 5.0, "logadjustment" => 1, "zscale" => 2.0, "foc" => 1, "distorted" => 0, "rho" => 1.0, "gamma" => 10.0)
=============================================================
./output/upper_triangular_two_ambiguous_parameters/Delta_10.0_distorted_0/logadjustment_1_boundary_1/zmax_5.0_zscale_2.0/delta_0.015/q_0.1_gamma_10.0_rho_1.0/
=============================================================
solve for structured linear system 
structured_relative_entropy = 0.10248515488574483
=============================================================
solve for unstructured linear system 
q_update = 0.5812611815816175
=============================================================
parsed_args = parse_commandline() = Dict{String, Any}("dataname" => "upper_triangular_two_ambiguous_parameters", "clowerlim" => 0.0001, "delta" => 0.015, "boundary" => 1, "Delta" => 10.0, "q" => 0.1, "zmax" => 5.0, "logadjustment" => 1, "zscale" => 2.0, "foc" => 1, "distorted" => 0, "rho" => 1.0, "gamma" => 10.0)
=============================================================
./output/upper_triangular_two_ambiguous_parameters/Delta_10.0_distorted_0/logadjustment_1_boundary_1/zmax_5.0_zscale_2.0/delta_0.015/q_0.1_gamma_10.0_rho_1.0/
=============================================================
solve for structured linear system 
structured_relative_entropy = 0.10248515488574478
=============================================================
solve for unstructured linear system 
q_update = 0.5812611815816175
=============================================================
Program ends Fri Jan 19 22:20:24 CST 2024
Elapsed time: 0 days 00 hr 01 min 27 sec
