D_10.0_distorted_0_boundary_0_delta_0.02_gamma_2.0_q_0.05_rho_1.0_lower_triangular_four_ambiguous_parameters
Program starts Fri Jan 19 22:21:13 CST 2024
parsed_args = parse_commandline() = Dict{String, Any}("dataname" => "lower_triangular_four_ambiguous_parameters", "clowerlim" => 0.0001, "delta" => 0.02, "boundary" => 0, "Delta" => 10.0, "q" => 0.05, "zmax" => 5.0, "logadjustment" => 1, "zscale" => 2.0, "foc" => 1, "distorted" => 0, "rho" => 1.0, "gamma" => 2.0)
=============================================================
logadjustment: true
reflective_boundary: false
0.109
sigma_k: [0.011287880226154068, 0.0]
sigma_z: [0.026030751045638307, 0.05916079783099616]
Compute value function WITH ROBUSTNESS
computing undistorted version...
zmax = 5.0, zmin = -5.0, zlength = 401
natural boundary condition
----------------------------------
Iteration = 1
Distance = 1.211136196969302
v max = -0.93840892424203
v min = -3.211136196969302
d max = 0.07672413793103448
d min = 0.07672413793103448
dF max = 0.07672413793103448
dB max = 0.07672413793103448
hk max = 0.011287880226154068
hk min = 0.011287880226154068
hz max = 0.0
hz min = 0.0
lambdaF max = 0.31926946612540325
lambdaF min = 0.012254949671879824
lambdaB max = 0.31926946612540325
lambdaB min = 0.012254949671879824
----------------------------------
----------------------------------
Iteration = 2
Distance = 0.8258305160917381
v max = -0.4940540473009524
v min = -4.03696671306104
d max = 0.07672413793103448
d min = 0.07672413793103448
dF max = 0.07672413793103448
dB max = 0.07672413793103448
hk max = 0.01720396000925524
hk min = 0.017203960009252003
hz max = 0.01344563587068448
hz min = 0.013445635870677125
lambdaF max = 0.6175832665912885
lambdaF min = 0.012254949671879824
lambdaB max = 0.6175832665912885
lambdaB min = 0.012254949671879824
----------------------------------
----------------------------------
Iteration = 3
Distance = 0.5237283587229564
v max = -0.28674392170895274
v min = -4.5606950717839965
d max = 0.07672413793103448
d min = 0.07672413793103448
dF max = 0.07672413793103448
dB max = 0.07672413793103448
hk max = 0.02116858757983782
hk min = 0.019852108388239288
hz max = 0.02245615307655399
hz min = 0.019464154913830044
lambdaF max = 0.8277645286331907
lambdaF min = 0.012254949671879824
lambdaB max = 0.8311536138735479
lambdaB min = 0.012254949671879824
----------------------------------
----------------------------------
Iteration = 4
Distance = 0.33743066162
v max = -0.20061226308851385
v min = -4.8981257334039965
d max = 0.07672413793103448
d min = 0.07672413793103448
dF max = 0.07672413793103448
dB max = 0.07672413793103448
hk max = 0.023603432125427846
hk min = 0.021220117963410584
hz max = 0.02798989068016768
hz min = 0.0225732675846739
lambdaF max = 0.9526687129222803
lambdaF min = 0.012254949671879824
lambdaB max = 0.9583568691406332
lambdaB min = 0.012254949671879824
----------------------------------
----------------------------------
Iteration = 5
Distance = 0.22153664385306016
v max = -0.17381477897840267
v min = -5.119662377257057
d max = 0.07672413793103448
d min = 0.07672413793103448
dF max = 0.07672413793103448
dB max = 0.07672413793103448
hk max = 0.0251056385072281
hk min = 0.02191830289048048
hz max = 0.03140399609335008
hz min = 0.02416005150983276
lambdaF max = 1.025651400014286
lambdaF min = 0.012254949671879824
lambdaB max = 1.032853789912443
lambdaB min = 0.012254949671879824
----------------------------------
----------------------------------
Iteration = 6
Distance = 0.14801767496395613
v max = -0.1747904065333334
v min = -5.267680052221013
d max = 0.07672413793103448
d min = 0.07672413793103448
dF max = 0.07672413793103448
dB max = 0.07672413793103448
hk max = 0.02603772721752489
hk min = 0.02227481019690031
hz max = 0.033522379525842784
hz min = 0.024970295388059647
lambdaF max = 1.0683754997568762
lambdaF min = 0.012254949671879824
lambdaB max = 1.0765619818617163
lambdaB min = 0.012254949671879824
----------------------------------
----------------------------------
Iteration = 7
Distance = 0.10077500348574375
v max = -0.18783492109540323
v min = -5.3684550557067565
d max = 0.07672413793103448
d min = 0.07672413793103448
dF max = 0.07672413793103448
dB max = 0.07672413793103448
hk max = 0.02661677393222965
hk min = 0.022458828980797825
hz max = 0.03483839478653543
hz min = 0.025388519896917632
lambdaF max = 1.0934887693666038
lambdaF min = 0.012254949671879824
lambdaB max = 1.102300011149397
lambdaB min = 0.012254949671879824
----------------------------------
----------------------------------
Iteration = 8
Distance = 0.07004132846001632
v max = -0.20525373589567217
v min = -5.438496384166773
d max = 0.07672413793103448
d min = 0.07672413793103448
dF max = 0.07672413793103448
dB max = 0.07672413793103448
hk max = 0.026976293910151515
hk min = 0.02255557224073946
hz max = 0.035655485645448744
hz min = 0.025608390942239535
lambdaF max = 1.1083070774520953
lambdaF min = 0.012254949671879824
lambdaB max = 1.1175077771588364
lambdaB min = 0.012254949671879824
----------------------------------
----------------------------------
Iteration = 9
Distance = 0.04976881983732273
v max = -0.22335305231082717
v min = -5.488265204004096
d max = 0.07672413793103448
d min = 0.07672413793103448
dF max = 0.07672413793103448
dB max = 0.07672413793103448
hk max = 0.027199182041392253
hk min = 0.022607585854897024
hz max = 0.03616204958008679
hz min = 0.02572660370168854
lambdaF max = 1.1170947270500513
lambdaF min = 0.012254949671879824
lambdaB max = 1.1265184691342573
lambdaB min = 0.012254949671879824
----------------------------------
----------------------------------
Iteration = 10
Distance = 0.03617809718497611
v max = -0.24043708172051567
v min = -5.524443301189072
d max = 0.07672413793103448
d min = 0.07672413793103448
dF max = 0.07672413793103448
dB max = 0.07672413793103448
hk max = 0.027337081811025746
hk min = 0.022636187936724454
hz max = 0.036475458147435635
hz min = 0.025791608433114517
lambdaF max = 1.1224003781037266
lambdaF min = 0.012254949671879824
lambdaB max = 1.131868878332348
lambdaB min = 0.012254949671879824
----------------------------------
----------------------------------
Iteration = 11
Distance = 0.026893975394510328
v max = -0.25581027250857874
v min = -5.551337276583582
d max = 0.07672413793103448
d min = 0.07672413793103448
dF max = 0.07672413793103448
dB max = 0.07672413793103448
hk max = 0.027422195961961625
hk min = 0.022652230298388847
hz max = 0.03666889939956263
hz min = 0.02582806834598814
lambdaF max = 1.1255560007179033
lambdaF min = 0.012254949671879824
lambdaB max = 1.1350511215838894
lambdaB min = 0.012254949671879824
----------------------------------
----------------------------------
Iteration = 12
Distance = 0.02041660017481206
v max = -0.2692751775972708
v min = -5.571753876758394
d max = 0.07672413793103448
d min = 0.07672413793103448
dF max = 0.07672413793103448
dB max = 0.07672413793103448
hk max = 0.027474594007291936
hk min = 0.022661372846507988
hz max = 0.03678798586622243
hz min = 0.02584884686444073
lambdaF max = 1.1274352284839781
lambdaF min = 0.012254949671879824
lambdaB max = 1.1369462023992682
lambdaB min = 0.012254949671879824
----------------------------------
----------------------------------
Iteration = 13
Distance = 0.015793878226912916
v max = -0.2808759270664781
v min = -5.587547754985307
d max = 0.07672413793103448
d min = 0.07672413793103448
dF max = 0.07672413793103448
dB max = 0.07672413793103448
hk max = 0.02750676518445712
hk min = 0.02266664760152664
hz max = 0.036861102177961486
hz min = 0.025860834944028573
lambdaF max = 1.1285554218388714
lambdaF min = 0.012254949671879824
lambdaB max = 1.1380758456360784
lambdaB min = 0.012254949671879824
----------------------------------
----------------------------------
Iteration = 14
Distance = 0.01241740410137826
v max = -0.29076567802245995
v min = -5.599965159086685
d max = 0.07672413793103448
d min = 0.07672413793103448
dF max = 0.07672413793103448
dB max = 0.07672413793103448
hk max = 0.027526464912250703
hk min = 0.022669719125471034
hz max = 0.03690587428658327
hz min = 0.02586781568026584
lambdaF max = 1.1292236558106186
lambdaF min = 0.012254949671879824
lambdaB max = 1.1387600561033875
lambdaB min = 0.012254949671879824
----------------------------------
----------------------------------
Iteration = 15
Distance = 0.00989497033469977
v max = -0.2991380866629015
v min = -5.609860129421385
d max = 0.07672413793103448
d min = 0.07672413793103448
dF max = 0.07672413793103448
dB max = 0.07672413793103448
hk max = 0.027538496643490885
hk min = 0.022671520037638733
hz max = 0.03693321913031095
hz min = 0.02587190866246515
lambdaF max = 1.1296225086013374
lambdaF min = 0.012254949671879824
lambdaB max = 1.139170358235234
lambdaB min = 0.012254949671879824
----------------------------------
----------------------------------
Iteration = 16
Distance = 0.007970816277396153
v max = -0.3061924881767949
v min = -5.617830945698781
d max = 0.07672413793103448
d min = 0.07672413793103448
dF max = 0.07672413793103448
dB max = 0.07672413793103448
hk max = 0.027545827019486612
hk min = 0.02267258133472893
hz max = 0.03694987907575579
hz min = 0.0258743207013065
lambdaF max = 1.1298606799497064
lambdaF min = 0.012254949671879824
lambdaB max = 1.1394154007833297
lambdaB min = 0.012254949671879824
----------------------------------
----------------------------------
Iteration = 17
Distance = 0.006475700207672297
v max = -0.31211703403354063
v min = -5.6243066459064535
d max = 0.07672413793103448
d min = 0.07672413793103448
dF max = 0.07672413793103448
dB max = 0.07672413793103448
hk max = 0.027550282819143884
hk min = 0.022673209110592184
hz max = 0.036960005893158676
hz min = 0.025875747464632087
lambdaF max = 1.1300029510469005
lambdaF min = 0.012254949671879824
lambdaB max = 1.139561792284629
lambdaB min = 0.012254949671879824
----------------------------------
----------------------------------
Iteration = 18
Distance = 0.005295611881053652
v max = -0.31708141076443264
v min = -5.629602257787507
d max = 0.07672413793103448
d min = 0.07672413793103448
dF max = 0.07672413793103448
dB max = 0.07672413793103448
hk max = 0.027552985575616088
hk min = 0.02267358147348055
hz max = 0.036966148521504594
hz min = 0.025876593743923825
lambdaF max = 1.1300879593823878
lambdaF min = 0.012254949671879824
lambdaB max = 1.1396492700125544
lambdaB min = 0.012254949671879824
----------------------------------
----------------------------------
Iteration = 19
Distance = 0.004352131886252941
v max = -0.3212346094064928
v min = -5.63395438967376
d max = 0.07672413793103448
d min = 0.07672413793103448
dF max = 0.07672413793103448
dB max = 0.07672413793103448
hk max = 0.02755462184695454
hk min = 0.02267380278753936
hz max = 0.03696986732000108
hz min = 0.025877096730421118
lambdaF max = 1.130138763491003
lambdaF min = 0.012254949671879824
lambdaB max = 1.1397015533900452
lambdaB min = 0.012254949671879824
----------------------------------
----------------------------------
Iteration = 20
Distance = 0.0035900640292219066
v max = -0.32470527037461194
v min = -5.637544453702982
d max = 0.07672413793103448
d min = 0.07672413793103448
dF max = 0.07672413793103448
dB max = 0.07672413793103448
hk max = 0.02755561075764994
hk min = 0.022673934523584134
hz max = 0.03697211484430881
hz min = 0.02587739613052288
lambdaF max = 1.130169130996088
lambdaF min = 0.012254949671879824
lambdaB max = 1.1397328067395875
lambdaB min = 0.012254949671879824
----------------------------------
----------------------------------
Iteration = 21
Distance = 0.002969608355916087
v max = -0.32760324938367535
v min = -5.640514062058898
d max = 0.07672413793103448
d min = 0.07672413793103448
dF max = 0.07672413793103448
dB max = 0.07672413793103448
hk max = 0.027556207513100308
hk min = 0.02267401302681711
hz max = 0.03697347110669601
hz min = 0.025877574546961463
lambdaF max = 1.1301872851957966
lambdaF min = 0.012254949671879824
lambdaB max = 1.1397514912807845
lambdaB min = 0.012254949671879824
----------------------------------
----------------------------------
Iteration = 22
Distance = 0.0024613705063405433
v max = -0.33002166986412845
v min = -5.642975432565239
d max = 0.07672413793103448
d min = 0.07672413793103448
dF max = 0.07672413793103448
dB max = 0.07672413793103448
hk max = 0.02755656714108003
hk min = 0.02267405984740266
hz max = 0.03697428844301355
hz min = 0.025877680957383162
lambdaF max = 1.1301981392224523
lambdaF min = 0.012254949671879824
lambdaB max = 1.139762662751528
lambdaB min = 0.012254949671879824
----------------------------------
----------------------------------
Iteration = 23
Distance = 0.0020431460220216024
v max = -0.33203907281226835
v min = -5.64501857858726
d max = 0.07672413793103448
d min = 0.07672413793103448
dF max = 0.07672413793103448
dB max = 0.07672413793103448
hk max = 0.027556783613756755
hk min = 0.02267408778980314
hz max = 0.03697478042636975
hz min = 0.0258777444628388
lambdaF max = 1.1302046291679
lambdaF min = 0.012254949671879824
lambdaB max = 1.1397693426788473
lambdaB min = 0.012254949671879824
----------------------------------
----------------------------------
Iteration = 24
Distance = 0.0016978193908467887
v max = -0.33372146784403656
v min = -5.646716397978107
d max = 0.07672413793103448
d min = 0.07672413793103448
dF max = 0.07672413793103448
dB max = 0.07672413793103448
hk max = 0.027556913784613946
hk min = 0.022674104473890663
hz max = 0.036975076269227004
hz min = 0.02587778238121954
lambdaF max = 1.1302085099584622
lambdaF min = 0.012254949671879824
lambdaB max = 1.1397733371548049
lambdaB min = 0.012254949671879824
----------------------------------
----------------------------------
Iteration = 25
Distance = 0.001411967299971728
v max = -0.33512419611849825
v min = -5.648128365278079
d max = 0.07672413793103448
d min = 0.07672413793103448
dF max = 0.07672413793103448
dB max = 0.07672413793103448
hk max = 0.02755699199193322
hk min = 0.022674114439505177
hz max = 0.036975254013134444
hz min = 0.025877805030343436
lambdaF max = 1.1302108306769962
lambdaF min = 0.012254949671879824
lambdaB max = 1.1397757258964536
lambdaB min = 0.012254949671879824
----------------------------------
----------------------------------
Iteration = 26
Distance = 0.0011749106160445777
v max = -0.3362935740309602
v min = -5.649303275894123
d max = 0.07672413793103448
d min = 0.07672413793103448
dF max = 0.07672413793103448
dB max = 0.07672413793103448
hk max = 0.02755703894448433
hk min = 0.022674120393818886
hz max = 0.036975360723477874
hz min = 0.025877818562874598
lambdaF max = 1.1302122185291206
lambdaF min = 0.012254949671879824
lambdaB max = 1.1397771544467994
lambdaB min = 0.012254949671879824
----------------------------------
----------------------------------
Iteration = 27
Distance = 0.0009780557154419611
v max = -0.33726831722923545
v min = -5.650281331609565
d max = 0.07672413793103448
d min = 0.07672413793103448
dF max = 0.07672413793103448
dB max = 0.07672413793103448
hk max = 0.0275570671152008
hk min = 0.02267412395224013
hz max = 0.036975424747833496
hz min = 0.025877826650195605
lambdaF max = 1.1302130485303086
lambdaF min = 0.012254949671879824
lambdaB max = 1.1397780087964684
lambdaB min = 0.012254949671879824
----------------------------------
----------------------------------
Iteration = 28
Distance = 0.0008144252944397579
v max = -0.33808075961245226
v min = -5.651095756904005
d max = 0.07672413793103448
d min = 0.07672413793103448
dF max = 0.07672413793103448
dB max = 0.07672413793103448
hk max = 0.027557084008169634
hk min = 0.022674126079202016
hz max = 0.03697546314094447
hz min = 0.025877831484199892
lambdaF max = 1.130213544923774
lambdaF min = 0.012254949671879824
lambdaB max = 1.13977851975604
lambdaB min = 0.012254949671879824
----------------------------------
----------------------------------
Iteration = 29
Distance = 0.0006783156372227594
v max = -0.33875788842786003
v min = -5.651774072541228
d max = 0.07672413793103448
d min = 0.07672413793103448
dF max = 0.07672413793103448
dB max = 0.07672413793103448
hk max = 0.027557094133761322
hk min = 0.022674127350719116
hz max = 0.036975486153652856
hz min = 0.025877834374011473
lambdaF max = 1.1302138418050502
lambdaF min = 0.012254949671879824
lambdaB max = 1.1397788253510612
lambdaB min = 0.012254949671879824
----------------------------------
----------------------------------
Iteration = 30
Distance = 0.0005650401727308463
v max = -0.33932221834333826
v min = -5.652339112713959
d max = 0.07672413793103448
d min = 0.07672413793103448
dF max = 0.07672413793103448
dB max = 0.07672413793103448
hk max = 0.027557100200741733
hk min = 0.022674128110926756
hz max = 0.0369754999422447
hz min = 0.025877836101756112
lambdaF max = 1.1302140193659242
lambdaF min = 0.012254949671879824
lambdaB max = 1.1397790081243946
lambdaB min = 0.012254949671879824
----------------------------------
----------------------------------
Iteration = 31
Distance = 0.0004707333705740169
v max = -0.3397925267003193
v min = -5.652809846084533
d max = 0.07672413793103448
d min = 0.07672413793103448
dF max = 0.07672413793103448
dB max = 0.07672413793103448
hk max = 0.027557103834784696
hk min = 0.022674128565474766
hz max = 0.03697550820143325
hz min = 0.025877837134819774
lambdaF max = 1.1302141255642777
lambdaF min = 0.012254949671879824
lambdaB max = 1.1397791174408431
lambdaB min = 0.012254949671879824
----------------------------------
----------------------------------
Iteration = 32
Distance = 0.00039219792494371575
v max = -0.3401844703204734
v min = -5.653202044009476
d max = 0.07672413793103448
d min = 0.07672413793103448
dF max = 0.07672413793103448
dB max = 0.07672413793103448
hk max = 0.02755710601096676
hk min = 0.022674128837279504
hz max = 0.03697551314730158
hz min = 0.025877837752557812
lambdaF max = 1.1302141890817303
lambdaF min = 0.012254949671879824
lambdaB max = 1.139779182823435
lambdaB min = 0.012254949671879824
----------------------------------
----------------------------------
Iteration = 33
Distance = 0.00032678378931461083
v max = -0.34051110195795226
v min = -5.653528827798791
d max = 0.07672413793103448
d min = 0.07672413793103448
dF max = 0.07672413793103448
dB max = 0.07672413793103448
hk max = 0.0275571073138574
hk min = 0.022674128999818716
hz max = 0.03697551610841667
hz min = 0.02587783812196511
lambdaF max = 1.1302142270719995
lambdaF min = 0.012254949671879824
lambdaB max = 1.1397792219293905
lambdaB min = 0.012254949671879824
----------------------------------
----------------------------------
Iteration = 34
Distance = 0.00027229120844474153
v max = -0.3407833021381826
v min = -5.653801119007236
d max = 0.07672413793103448
d min = 0.07672413793103448
dF max = 0.07672413793103448
dB max = 0.07672413793103448
hk max = 0.02755710809376642
hk min = 0.022674129097021233
hz max = 0.03697551788093716
hz min = 0.025877838342879923
lambdaF max = 1.1302142497944465
lambdaF min = 0.012254949671879824
lambdaB max = 1.1397792453191642
lambdaB min = 0.012254949671879824
----------------------------------
----------------------------------
Iteration = 35
Distance = 0.00022689221625959988
v max = -0.34101013989723256
v min = -5.654028011223495
d max = 0.07672413793103448
d min = 0.07672413793103448
dF max = 0.07672413793103448
dB max = 0.07672413793103448
hk max = 0.027557108560548986
hk min = 0.022674129155152996
hz max = 0.03697551894180664
hz min = 0.02587783847499757
lambdaF max = 1.130214263385104
lambdaF min = 0.012254949671879824
lambdaB max = 1.1397792593089842
lambdaB min = 0.012254949671879824
----------------------------------
----------------------------------
Iteration = 36
Distance = 0.0001890666005444075
v max = -0.3411991739201839
v min = -5.65421707782404
d max = 0.07672413793103448
d min = 0.07672413793103448
dF max = 0.07672413793103448
dB max = 0.07672413793103448
hk max = 0.02755710883989349
hk min = 0.02267412918991922
hz max = 0.03697551957668051
hz min = 0.025877838554011712
lambdaF max = 1.130214271513888
lambdaF min = 0.012254949671879824
lambdaB max = 1.1397792676765655
lambdaB min = 0.012254949671879824
----------------------------------
----------------------------------
Iteration = 37
Distance = 0.00015754936990930446
v max = -0.34135670380199024
v min = -5.654374627193949
d max = 0.07672413793103448
d min = 0.07672413793103448
dF max = 0.07672413793103448
dB max = 0.07672413793103448
hk max = 0.027557109007047963
hk min = 0.02267412921071226
hz max = 0.03697551995657704
hz min = 0.02587783860126863
lambdaF max = 1.1302142763759004
lambdaF min = 0.012254949671879824
lambdaB max = 1.1397792726813676
lambdaB min = 0.012254949671879824
----------------------------------
----------------------------------
Iteration = 38
Distance = 0.00013128747380886097
v max = -0.34148797961818717
v min = -5.654505914667758
d max = 0.07672413793103448
d min = 0.07672413793103448
dF max = 0.07672413793103448
dB max = 0.07672413793103448
hk max = 0.02755710910706302
hk min = 0.022674129223148255
hz max = 0.03697552018388399
hz min = 0.025877838629532246
lambdaF max = 1.1302142792839753
lambdaF min = 0.012254949671879824
lambdaB max = 1.139779275674837
lambdaB min = 0.012254949671879824
----------------------------------
----------------------------------
Iteration = 39
Distance = 0.0001094040339211233
v max = -0.34159737667875983
v min = -5.654615318701679
d max = 0.07672413793103448
d min = 0.07672413793103448
dF max = 0.07672413793103448
dB max = 0.07672413793103448
hk max = 0.02755710916690023
hk min = 0.022674129230586173
hz max = 0.03697552031987764
hz min = 0.025877838646436606
lambdaF max = 1.130214281023361
lambdaF min = 0.012254949671879824
lambdaB max = 1.1397792774653253
lambdaB min = 0.012254949671879824
----------------------------------
----------------------------------
Iteration = 40
Distance = 9.116871559555761e-5
v max = -0.3416885412231156
v min = -5.6547064874172746
d max = 0.07672413793103448
d min = 0.07672413793103448
dF max = 0.07672413793103448
dB max = 0.07672413793103448
hk max = 0.027557109202698236
hk min = 0.022674129235034743
hz max = 0.03697552040123676
hz min = 0.025877838656546987
lambdaF max = 1.1302142820636867
lambdaF min = 0.012254949671879824
lambdaB max = 1.1397792785362857
lambdaB min = 0.012254949671879824
----------------------------------
----------------------------------
Iteration = 41
Distance = 7.597314441998293e-5
v max = -0.3417645118724539
v min = -5.6547824605616945
d max = 0.07672413793103448
d min = 0.07672413793103448
dF max = 0.07672413793103448
dB max = 0.07672413793103448
hk max = 0.02755710922411656
hk min = 0.02267412923769544
hz max = 0.03697552044991476
hz min = 0.02587783866259404
lambdaF max = 1.1302142826860209
lambdaF min = 0.012254949671879824
lambdaB max = 1.1397792791768313
lambdaB min = 0.012254949671879824
----------------------------------
----------------------------------
Iteration = 42
Distance = 6.331048395225025e-5
v max = -0.34182782086395813
v min = -5.654845771045647
d max = 0.07672413793103448
d min = 0.07672413793103448
dF max = 0.07672413793103448
dB max = 0.07672413793103448
hk max = 0.027557109236927786
hk min = 0.022674129239286963
hz max = 0.03697552047903119
hz min = 0.025877838666211128
lambdaF max = 1.130214283058195
lambdaF min = 0.012254949671879824
lambdaB max = 1.1397792795599688
lambdaB min = 0.012254949671879824
----------------------------------
----------------------------------
Iteration = 43
Distance = 5.275845564423065e-5
v max = -0.3418805784268923
v min = -5.654898529501291
d max = 0.07672413793103448
d min = 0.07672413793103448
dF max = 0.07672413793103448
dB max = 0.07672413793103448
hk max = 0.027557109244592513
hk min = 0.022674129240238695
hz max = 0.03697552049645102
hz min = 0.02587783866837416
lambdaF max = 1.1302142832808084
lambdaF min = 0.012254949671879824
lambdaB max = 1.139779279789129
lambdaB min = 0.012254949671879824
----------------------------------
----------------------------------
Iteration = 44
Distance = 4.396521161975642e-5
v max = -0.3419245431045467
v min = -5.654942494712911
d max = 0.07672413793103448
d min = 0.07672413793103448
dF max = 0.07672413793103448
dB max = 0.07672413793103448
hk max = 0.02755710924917766
hk min = 0.022674129240808083
hz max = 0.03697552050687181
hz min = 0.025877838669668217
lambdaF max = 1.1302142834139346
lambdaF min = 0.012254949671879824
lambdaB max = 1.1397792799261954
lambdaB min = 0.012254949671879824
----------------------------------
----------------------------------
Iteration = 45
Distance = 3.663757581673366e-5
v max = -0.3419611803609735
v min = -5.6549791322887275
d max = 0.07672413793103448
d min = 0.07672413793103448
dF max = 0.07672413793103448
dB max = 0.07672413793103448
hk max = 0.027557109251918763
hk min = 0.022674129241148696
hz max = 0.03697552051310159
hz min = 0.02587783867044234
lambdaF max = 1.1302142834936173
lambdaF min = 0.012254949671879824
lambdaB max = 1.1397792800081674
lambdaB min = 0.012254949671879824
----------------------------------
----------------------------------
Iteration = 46
Distance = 3.053125304841586e-5
v max = -0.3419917114229771
v min = -5.655009663541776
d max = 0.07672413793103448
d min = 0.07672413793103448
dF max = 0.07672413793103448
dB max = 0.07672413793103448
hk max = 0.027557109253559357
hk min = 0.022674129241352266
hz max = 0.03697552051683021
hz min = 0.025877838670905005
lambdaF max = 1.1302142835412399
lambdaF min = 0.012254949671879824
lambdaB max = 1.1397792800572195
lambdaB min = 0.012254949671879824
----------------------------------
----------------------------------
Iteration = 47
Distance = 2.5442674898457085e-5
v max = -0.3420171539836071
v min = -5.655035106216674
d max = 0.07672413793103448
d min = 0.07672413793103448
dF max = 0.07672413793103448
dB max = 0.07672413793103448
hk max = 0.027557109254541492
hk min = 0.02267412924147411
hz max = 0.03697552051906233
hz min = 0.02587783867118192
lambdaF max = 1.1302142835697513
lambdaF min = 0.012254949671879824
lambdaB max = 1.1397792800865263
lambdaB min = 0.012254949671879824
----------------------------------
----------------------------------
Iteration = 48
Distance = 2.120220756296476e-5
v max = -0.34203835612282474
v min = -5.655056308424237
d max = 0.07672413793103448
d min = 0.07672413793103448
dF max = 0.07672413793103448
dB max = 0.07672413793103448
hk max = 0.027557109255128737
hk min = 0.022674129241546936
hz max = 0.03697552052039698
hz min = 0.025877838671347436
lambdaF max = 1.1302142835867774
lambdaF min = 0.012254949671879824
lambdaB max = 1.1397792801040607
lambdaB min = 0.012254949671879824
----------------------------------
----------------------------------
Iteration = 49
Distance = 1.766849343898258e-5
v max = -0.3420560245753777
v min = -5.655073976917676
d max = 0.07672413793103448
d min = 0.07672413793103448
dF max = 0.07672413793103448
dB max = 0.07672413793103448
hk max = 0.027557109255478312
hk min = 0.022674129241590575
hz max = 0.03697552052119147
hz min = 0.025877838671446614
lambdaF max = 1.1302142835969244
lambdaF min = 0.012254949671879824
lambdaB max = 1.1397792801145565
lambdaB min = 0.012254949671879824
----------------------------------
----------------------------------
Iteration = 50
Distance = 1.4723736832422674e-5
v max = -0.34207074828775574
v min = -5.655088700654509
d max = 0.07672413793103448
d min = 0.07672413793103448
dF max = 0.07672413793103448
dB max = 0.07672413793103448
hk max = 0.02755710925568824
hk min = 0.022674129241616645
hz max = 0.03697552052166858
hz min = 0.025877838671505858
lambdaF max = 1.1302142836030562
lambdaF min = 0.012254949671879824
lambdaB max = 1.1397792801208164
lambdaB min = 0.012254949671879824
----------------------------------
----------------------------------
Iteration = 51
Distance = 1.2269776086704098e-5
v max = -0.34208301804921853
v min = -5.6551009704305955
d max = 0.07672413793103448
d min = 0.07672413793103448
dF max = 0.07672413793103448
dB max = 0.07672413793103448
hk max = 0.027557109255814012
hk min = 0.02267412924163225
hz max = 0.03697552052195443
hz min = 0.025877838671541326
lambdaF max = 1.130214283606698
lambdaF min = 0.012254949671879824
lambdaB max = 1.1397792801245847
lambdaB min = 0.012254949671879824
----------------------------------
----------------------------------
Iteration = 52
Distance = 1.022481065682257e-5
v max = -0.342093242851122
v min = -5.655111195241252
d max = 0.07672413793103448
d min = 0.07672413793103448
dF max = 0.07672413793103448
dB max = 0.07672413793103448
hk max = 0.027557109255889847
hk min = 0.022674129241641555
hz max = 0.03697552052212678
hz min = 0.025877838671562476
lambdaF max = 1.1302142836088767
lambdaF min = 0.012254949671879824
lambdaB max = 1.1397792801268272
lambdaB min = 0.012254949671879824
----------------------------------
----------------------------------
Iteration = 53
Distance = 8.520673892675745e-6
v max = -0.34210176351978594
v min = -5.655119715915145
d max = 0.07672413793103448
d min = 0.07672413793103448
dF max = 0.07672413793103448
dB max = 0.07672413793103448
hk max = 0.027557109255933313
hk min = 0.022674129241647162
hz max = 0.03697552052222556
hz min = 0.02587783867157522
lambdaF max = 1.1302142836101219
lambdaF min = 0.012254949671879824
lambdaB max = 1.1397792801281355
lambdaB min = 0.012254949671879824
----------------------------------
    Value Function Converged, Iteration = 53 with gamma=2.0 with rho=1.0 and v=-2.5924341925640095
    Natural boundary condition
=============================================================
Convegence time (minutes): 0.110992036
Current Time = 22:21:38
grid points for z:  401
grid size for z:  0.025
-0.029101523879954405
-0.1697911384299715
--- 8.192201137542725 seconds for the elasticity computation ---
-0.0006212844138068161
-0.024858429333816053
--- 0.0639348030090332 seconds for the elasticity computation ---
-0.021220963398273146
-0.14493270909615547
--- 0.06445813179016113 seconds for the elasticity computation ---
-0.1088612373770953
-0.17543507854304854
--- 0.06448721885681152 seconds for the elasticity computation ---
Current Time = 22:21:48
grid points for z:  401
grid size for z:  0.025
rho = 1
0.05975971349714089
--- 8.188813209533691 seconds for the elasticity computation ---
0.0
--- 0.06598114967346191 seconds for the elasticity computation ---
0.05975971349714089
--- 0.06540369987487793 seconds for the elasticity computation ---
0.0
--- 0.06548333168029785 seconds for the elasticity computation ---
0.0
--- 0.06558084487915039 seconds for the elasticity computation ---
0.05975971349714089
0.005643940113077034
--- 0.06856012344360352 seconds for the elasticity computation ---
0.05975971349714089
0.005643940113077034
--- 0.06762838363647461 seconds for the elasticity computation ---
0.05975971349714089
0.005643940113077034
--- 0.0676724910736084 seconds for the elasticity computation ---
0.05975971349714089
0.005643940113077034
--- 0.06697607040405273 seconds for the elasticity computation ---
parsed_args = parse_commandline() = Dict{String, Any}("dataname" => "lower_triangular_four_ambiguous_parameters", "clowerlim" => 0.0001, "delta" => 0.02, "boundary" => 0, "Delta" => 10.0, "q" => 0.05, "zmax" => 5.0, "logadjustment" => 1, "zscale" => 2.0, "foc" => 1, "distorted" => 0, "rho" => 1.0, "gamma" => 2.0)
=============================================================
./output/lower_triangular_four_ambiguous_parameters/Delta_10.0_distorted_0/logadjustment_1_boundary_0/zmax_5.0_zscale_2.0/delta_0.02/q_0.05_gamma_2.0_rho_1.0/
=============================================================
solve for structured linear system 
structured_relative_entropy = 0.050647313750840875
=============================================================
solve for unstructured linear system 
q_update = 0.04122317903648597
=============================================================
parsed_args = parse_commandline() = Dict{String, Any}("dataname" => "lower_triangular_four_ambiguous_parameters", "clowerlim" => 0.0001, "delta" => 0.02, "boundary" => 0, "Delta" => 10.0, "q" => 0.05, "zmax" => 5.0, "logadjustment" => 1, "zscale" => 2.0, "foc" => 1, "distorted" => 0, "rho" => 1.0, "gamma" => 2.0)
=============================================================
./output/lower_triangular_four_ambiguous_parameters/Delta_10.0_distorted_0/logadjustment_1_boundary_0/zmax_5.0_zscale_2.0/delta_0.02/q_0.05_gamma_2.0_rho_1.0/
=============================================================
solve for structured linear system 
structured_relative_entropy = 0.05064731375084087
=============================================================
solve for unstructured linear system 
q_update = 0.04122317903648598
=============================================================
Program ends Fri Jan 19 22:22:28 CST 2024
Elapsed time: 0 days 00 hr 01 min 15 sec
