D_10.0_distorted_0_boundary_0_delta_0.015_gamma_3.0_q_0.1_rho_1.0_lower_triangular_four_ambiguous_parameters
Program starts Fri Jan 19 22:21:08 CST 2024
parsed_args = parse_commandline() = Dict{String, Any}("dataname" => "lower_triangular_four_ambiguous_parameters", "clowerlim" => 0.0001, "delta" => 0.015, "boundary" => 0, "Delta" => 10.0, "q" => 0.1, "zmax" => 5.0, "logadjustment" => 1, "zscale" => 2.0, "foc" => 1, "distorted" => 0, "rho" => 1.0, "gamma" => 3.0)
=============================================================
logadjustment: true
reflective_boundary: false
0.1002
sigma_k: [0.011287880226154068, 0.0]
sigma_z: [0.026030751045638307, 0.05916079783099616]
Compute value function WITH ROBUSTNESS
computing undistorted version...
zmax = 5.0, zmin = -5.0, zlength = 401
natural boundary condition
----------------------------------
Iteration = 1
Distance = 1.2273140712429216
v max = -0.8881327846932061
v min = -3.2273140712429216
d max = 0.07607142857142857
d min = 0.07607142857142857
dF max = 0.07607142857142857
dB max = 0.07607142857142857
hk max = 0.011287880226154068
hk min = 0.011287880226154068
hz max = 0.0
hz min = 0.0
lambdaF max = 0.15963473306270162
lambdaF min = 0.006028620769798678
lambdaB max = 0.15963473306270162
lambdaB min = 0.006028620769798678
----------------------------------
----------------------------------
Iteration = 2
Distance = 0.9634015136203296
v max = -0.5725549638687852
v min = -4.190715584863251
d max = 0.07607142857142857
d min = 0.07607142857142857
dF max = 0.07607142857142857
dB max = 0.07607142857142857
hk max = 0.017376944798234303
hk min = 0.01737694479823199
hz max = 0.013838783118364171
hz min = 0.013838783118358917
lambdaF max = 0.31415605317035283
lambdaF min = 0.006028620769798678
lambdaB max = 0.3141560531703672
lambdaB min = 0.006028620769798678
----------------------------------
----------------------------------
Iteration = 3
Distance = 0.6638893829421297
v max = -0.4440613326870083
v min = -4.854604967805381
d max = 0.07607142857142857
d min = 0.07607142857142857
dF max = 0.07607142857142857
dB max = 0.07607142857142857
hk max = 0.022108572401108275
hk min = 0.01930387572484723
hz max = 0.02459248221580502
hz min = 0.018218171587939008
lambdaF max = 0.4193626145923433
lambdaF min = 0.006028620769798678
lambdaB max = 0.4229855222940405
lambdaB min = 0.006028620769798678
----------------------------------
----------------------------------
Iteration = 4
Distance = 0.4654240774048777
v max = -0.4102736972080687
v min = -5.3200290452102585
d max = 0.07607142857142857
d min = 0.07607142857142857
dF max = 0.07607142857142857
dB max = 0.07607142857142857
hk max = 0.025285666614280083
hk min = 0.020238540904301355
hz max = 0.03181315088210458
hz min = 0.020342410632152932
lambdaF max = 0.488114333661667
lambdaF min = 0.006028620769798678
lambdaB max = 0.49404312566321684
lambdaB min = 0.006028620769798678
----------------------------------
----------------------------------
Iteration = 5
Distance = 0.33323769056426045
v max = -0.41808653490120445
v min = -5.653266735774519
d max = 0.07607142857142857
d min = 0.07607142857142857
dF max = 0.07607142857142857
dB max = 0.07607142857142857
hk max = 0.027435032970486762
hk min = 0.020667613076272094
hz max = 0.036698074418937944
hz min = 0.02131757465935915
lambdaF max = 0.5317029913216763
lambdaF min = 0.006028620769798678
lambdaB max = 0.539299586980668
lambdaB min = 0.006028620769798678
----------------------------------
----------------------------------
Iteration = 6
Distance = 0.2421348588370913
v max = -0.4437257138331477
v min = -5.89540159461161
d max = 0.07607142857142857
d min = 0.07607142857142857
dF max = 0.07607142857142857
dB max = 0.07607142857142857
hk max = 0.028905997295962164
hk min = 0.0208730938257934
hz max = 0.040041175158654775
hz min = 0.021784576362816672
lambdaF max = 0.5599104986146299
lambdaF min = 0.006028620769798678
lambdaB max = 0.5686697782458023
lambdaB min = 0.006028620769798678
----------------------------------
----------------------------------
Iteration = 7
Distance = 0.17831484403519404
v max = -0.4764114209611774
v min = -6.073716438646804
d max = 0.07607142857142857
d min = 0.07607142857142857
dF max = 0.07607142857142857
dB max = 0.07607142857142857
hk max = 0.02991645200473446
hk min = 0.020979946462871712
hz max = 0.04233766313313726
hz min = 0.022027423265267382
lambdaF max = 0.578450323871443
lambdaF min = 0.006028620769798678
lambdaB max = 0.588013008746543
lambdaB min = 0.006028620769798678
----------------------------------
----------------------------------
Iteration = 8
Distance = 0.13310436289786232
v max = -0.5109920030357742
v min = -6.206820801544667
d max = 0.07607142857142857
d min = 0.07607142857142857
dF max = 0.07607142857142857
dB max = 0.07607142857142857
hk max = 0.030611335285981926
hk min = 0.021040718382061244
hz max = 0.04391694331779059
hz min = 0.022165541263425396
lambdaF max = 0.5907697048206129
lambdaF min = 0.006028620769798678
lambdaB max = 0.6008832234160519
lambdaB min = 0.006028620769798678
----------------------------------
----------------------------------
Iteration = 9
Distance = 0.10075283765135445
v max = -0.5448764982856977
v min = -6.307573639196021
d max = 0.07607142857142857
d min = 0.07607142857142857
dF max = 0.07607142857142857
dB max = 0.07607142857142857
hk max = 0.031089226642710917
hk min = 0.02107744152605305
hz max = 0.04500306003762921
hz min = 0.022249002954315873
lambdaF max = 0.599015630147411
lambdaF min = 0.006028620769798678
lambdaB max = 0.6095049786612676
lambdaB min = 0.006028620769798678
----------------------------------
----------------------------------
Iteration = 10
Distance = 0.07736292092336061
v max = -0.5767738733889437
v min = -6.384936560119382
d max = 0.07607142857142857
d min = 0.07607142857142857
dF max = 0.07607142857142857
dB max = 0.07607142857142857
hk max = 0.03141773585241685
hk min = 0.021100449345581758
hz max = 0.04574967187786997
hz min = 0.02230129345324475
lambdaF max = 0.6045613478772438
lambdaF min = 0.006028620769798678
lambdaB max = 0.6153064116284297
lambdaB min = 0.006028620769798678
----------------------------------
----------------------------------
Iteration = 11
Distance = 0.06026329904984262
v max = -0.6060964097658005
v min = -6.445199859169224
d max = 0.07607142857142857
d min = 0.07607142857142857
dF max = 0.07607142857142857
dB max = 0.07607142857142857
hk max = 0.031643394015075585
hk min = 0.02111525832732624
hz max = 0.04626253133845799
hz min = 0.022334950229936756
lambdaF max = 0.6083025555260512
lambdaF min = 0.006028620769798678
lambdaB max = 0.6192213465641889
lambdaB min = 0.006028620769798678
----------------------------------
----------------------------------
Iteration = 12
Distance = 0.04761011835894635
v max = -0.632642903015491
v min = -6.492809977528171
d max = 0.07607142857142857
d min = 0.07607142857142857
dF max = 0.07607142857142857
dB max = 0.07607142857142857
hk max = 0.03179826833626963
hk min = 0.02112497489411365
hz max = 0.04661451843208082
hz min = 0.022357033336271783
lambdaF max = 0.6108314217549508
lambdaF min = 0.006028620769798678
lambdaB max = 0.6218681466558136
lambdaB min = 0.006028620769798678
----------------------------------
----------------------------------
Iteration = 13
Distance = 0.038123996016572015
v max = -0.6564266101132372
v min = -6.530933973544743
d max = 0.07607142857142857
d min = 0.07607142857142857
dF max = 0.07607142857142857
dB max = 0.07607142857142857
hk max = 0.03190446365898958
hk min = 0.021131425336369695
hz max = 0.046855871438262524
hz min = 0.022371693432308246
lambdaF max = 0.6125429902914626
lambdaF min = 0.006028620769798678
lambdaB max = 0.623659742732106
lambdaB min = 0.006028620769798678
----------------------------------
----------------------------------
Iteration = 14
Distance = 0.03091307864585513
v max = -0.6775779735704747
v min = -6.561847052190598
d max = 0.07607142857142857
d min = 0.07607142857142857
dF max = 0.07607142857142857
dB max = 0.07607142857142857
hk max = 0.031977211925935334
hk min = 0.02113574144250989
hz max = 0.0470212084085938
hz min = 0.02238150276444505
lambdaF max = 0.6137023589418406
lambdaF min = 0.006028620769798678
lambdaB max = 0.6248734067798847
lambdaB min = 0.006028620769798678
----------------------------------
----------------------------------
Iteration = 15
Distance = 0.025352695489497812
v max = -0.6962871748134731
v min = -6.587199747680096
d max = 0.07607142857142857
d min = 0.07607142857142857
dF max = 0.07607142857142857
dB max = 0.07607142857142857
hk max = 0.032027001526805876
hk min = 0.021138644577610312
hz max = 0.04713436659239049
hz min = 0.022388100798764195
lambdaF max = 0.6144881056931399
lambdaF min = 0.006028620769798678
lambdaB max = 0.6256959882615502
lambdaB min = 0.006028620769798678
----------------------------------
----------------------------------
Iteration = 16
Distance = 0.021002982123055958
v max = -0.7127700179705699
v min = -6.608202729803152
d max = 0.07607142857142857
d min = 0.07607142857142857
dF max = 0.07607142857142857
dB max = 0.07607142857142857
hk max = 0.03206104782245139
hk min = 0.021140603327786188
hz max = 0.04721174453703937
hz min = 0.022392552503709365
lambdaF max = 0.6150208237335754
lambdaF min = 0.006028620769798678
lambdaB max = 0.6262536952107873
lambdaB min = 0.006028620769798678
----------------------------------
----------------------------------
Iteration = 17
Distance = 0.017552274218274988
v max = -0.7272477082222257
v min = -6.625755004021427
d max = 0.07607142857142857
d min = 0.07607142857142857
dF max = 0.07607142857142857
dB max = 0.07607142857142857
hk max = 0.0320843093701413
hk min = 0.02114192756103286
hz max = 0.04726461169088009
hz min = 0.02239556212472453
lambdaF max = 0.6153820793916969
lambdaF min = 0.006028620769798678
lambdaB max = 0.6266319037661291
lambdaB min = 0.006028620769798678
----------------------------------
----------------------------------
Iteration = 18
Distance = 0.014778110024925795
v max = -0.7399350636524173
v min = -6.640533114046352
d max = 0.07607142857142857
d min = 0.07607142857142857
dF max = 0.07607142857142857
dB max = 0.07607142857142857
hk max = 0.03210019010530747
hk min = 0.021142823978002545
hz max = 0.0473007042708032
hz min = 0.02239759943601927
lambdaF max = 0.6156270992649486
lambdaF min = 0.006028620769798678
lambdaB max = 0.6268884250766347
lambdaB min = 0.006028620769798678
----------------------------------
----------------------------------
Iteration = 19
Distance = 0.01252031324978109
v max = -0.7510340006478038
v min = -6.6530534272961335
d max = 0.07607142857142857
d min = 0.07607142857142857
dF max = 0.07607142857142857
dB max = 0.07607142857142857
hk max = 0.03211102421729076
hk min = 0.021143431260069286
hz max = 0.0473253272525834
hz min = 0.02239897962253459
lambdaF max = 0.6157933011612705
lambdaF min = 0.006028620769798678
lambdaB max = 0.6270624301788297
lambdaB min = 0.006028620769798678
----------------------------------
----------------------------------
Iteration = 20
Distance = 0.01066238326815494
v max = -0.7607303032527711
v min = -6.663715810564288
d max = 0.07607142857142857
d min = 0.07607142857142857
dF max = 0.07607142857142857
dB max = 0.07607142857142857
hk max = 0.032118410649153814
hk min = 0.021143842880813085
hz max = 0.04734211459772671
hz min = 0.022399915124225046
lambdaF max = 0.6159060480836365
lambdaF min = 0.006028620769798678
lambdaB max = 0.6271804713740151
lambdaB min = 0.006028620769798678
----------------------------------
----------------------------------
Iteration = 21
Distance = 0.009118606139399077
v max = -0.7691924224428182
v min = -6.6728344167036875
d max = 0.07607142857142857
d min = 0.07607142857142857
dF max = 0.07607142857142857
dB max = 0.07607142857142857
hk max = 0.032123443594777874
hk min = 0.02114412197257055
hz max = 0.047353553110508664
hz min = 0.022400549423673827
lambdaF max = 0.6159825369585766
lambdaF min = 0.006028620769798678
lambdaB max = 0.627260552367482
lambdaB min = 0.006028620769798678
----------------------------------
----------------------------------
Iteration = 22
Distance = 0.00782510887740795
v max = -0.7765715083845693
v min = -6.680659525581095
d max = 0.07607142857142857
d min = 0.07607142857142857
dF max = 0.07607142857142857
dB max = 0.07607142857142857
hk max = 0.032126871133665816
hk min = 0.021144311245452352
hz max = 0.04736134297161762
hz min = 0.022400979589314286
lambdaF max = 0.6160344301698627
lambdaF min = 0.006028620769798678
lambdaB max = 0.627314882854388
lambdaB min = 0.006028620769798678
----------------------------------
----------------------------------
Iteration = 23
Distance = 0.006733633802015859
v max = -0.7830021605934733
v min = -6.687393159383111
d max = 0.07607142857142857
d min = 0.07607142857142857
dF max = 0.07607142857142857
dB max = 0.07607142857142857
hk max = 0.03212920426996688
hk min = 0.02114443962451054
hz max = 0.04736664555412004
hz min = 0.022401271359901075
lambdaF max = 0.6160696378419177
lambdaF min = 0.006028620769798678
lambdaB max = 0.6273517442650667
lambdaB min = 0.006028620769798678
----------------------------------
----------------------------------
Iteration = 24
Distance = 0.005807190779072435
v max = -0.7886035670981115
v min = -6.693200350162184
d max = 0.07607142857142857
d min = 0.07607142857142857
dF max = 0.07607142857142857
dB max = 0.07607142857142857
hk max = 0.03213079178776273
hk min = 0.021144526709228506
hz max = 0.047370253549110605
hz min = 0.022401469279714634
lambdaF max = 0.616093525612683
lambdaF min = 0.006028620769798678
lambdaB max = 0.6273767541473333
lambdaB min = 0.006028620769798678
----------------------------------
----------------------------------
Iteration = 25
Distance = 0.005017007344352287
v max = -0.793480824024743
v min = -6.698217357506536
d max = 0.07607142857142857
d min = 0.07607142857142857
dF max = 0.07607142857142857
dB max = 0.07607142857142857
hk max = 0.03213187157747593
hk min = 0.021144585786455002
hz max = 0.0473727076166406
hz min = 0.02240160354613849
lambdaF max = 0.6161097333863678
lambdaF min = 0.006028620769798678
lambdaB max = 0.6273937233176838
lambdaB min = 0.006028620769798678
----------------------------------
----------------------------------
Iteration = 26
Distance = 0.0043403772308767685
v max = -0.7977263056015931
v min = -6.702557734737413
d max = 0.07607142857142857
d min = 0.07607142857142857
dF max = 0.07607142857142857
dB max = 0.07607142857142857
hk max = 0.032132605789078054
hk min = 0.02114462586579635
hz max = 0.0473743762793727
hz min = 0.02240169463555065
lambdaF max = 0.6161207305061608
lambdaF min = 0.006028620769798678
lambdaB max = 0.6274052370807538
lambdaB min = 0.006028620769798678
----------------------------------
----------------------------------
Iteration = 27
Distance = 0.003759132111805563
v max = -0.8014210062080644
v min = -6.706316866849218
d max = 0.07607142857142857
d min = 0.07607142857142857
dF max = 0.07607142857142857
dB max = 0.07607142857142857
hk max = 0.032133104882963094
hk min = 0.021144653057563106
hz max = 0.04737551058365688
hz min = 0.02240175643502055
lambdaF max = 0.6161281922646693
lambdaF min = 0.006028620769798678
lambdaB max = 0.6274130494091185
lambdaB min = 0.006028620769798678
----------------------------------
----------------------------------
Iteration = 28
Distance = 0.0032585469220052232
v max = -0.8046358095150747
v min = -6.709575413771224
d max = 0.07607142857142857
d min = 0.07607142857142857
dF max = 0.07607142857142857
dB max = 0.07607142857142857
hk max = 0.032133444068896844
hk min = 0.02114467150633843
hz max = 0.04737628146077904
hz min = 0.02240179836405537
lambdaF max = 0.6161332552782814
lambdaF min = 0.006028620769798678
lambdaB max = 0.6274183503048569
lambdaB min = 0.006028620769798678
----------------------------------
----------------------------------
Iteration = 29
Distance = 0.002826547983777239
v max = -0.8074326613259669
v min = -6.712401961755001
d max = 0.07607142857142857
d min = 0.07607142857142857
dF max = 0.07607142857142857
dB max = 0.07607142857142857
hk max = 0.03213367453225884
hk min = 0.021144684023563773
hz max = 0.04737680524114722
hz min = 0.022401826812294787
lambdaF max = 0.6161366907145986
lambdaF min = 0.006028620769798678
lambdaB max = 0.6274219471590784
lambdaB min = 0.006028620769798678
----------------------------------
----------------------------------
Iteration = 30
Distance = 0.0024531336495661193
v max = -0.8098656363903447
v min = -6.714855095404567
d max = 0.07607142857142857
d min = 0.07607142857142857
dF max = 0.07607142857142857
dB max = 0.07607142857142857
hk max = 0.03213383109438325
hk min = 0.021144692516489698
hz max = 0.04737716106415726
hz min = 0.02240184611439916
lambdaF max = 0.6161390218041012
lambdaF min = 0.006028620769798678
lambdaB max = 0.6274243877813469
lambdaB min = 0.006028620769798678
----------------------------------
----------------------------------
Iteration = 31
Distance = 0.002129945016823065
v max = -0.8119818979095319
v min = -6.71698504042139
d max = 0.07607142857142857
d min = 0.07607142857142857
dF max = 0.07607142857142857
dB max = 0.07607142857142857
hk max = 0.03213393743595144
hk min = 0.021144698279029477
hz max = 0.04737740274953949
hz min = 0.022401859211080483
lambdaF max = 0.6161406035607992
lambdaF min = 0.006028620769798678
lambdaB max = 0.6274260438636374
lambdaB min = 0.006028620769798678
----------------------------------
----------------------------------
Iteration = 32
Distance = 0.0018499434217424948
v max = -0.8138225534865879
v min = -6.7188349838431325
d max = 0.07607142857142857
d min = 0.07607142857142857
dF max = 0.07607142857142857
dB max = 0.07607142857142857
hk max = 0.032134009656437
hk min = 0.0211447021890301
hz max = 0.04737756688700667
hz min = 0.022401868097445533
lambdaF max = 0.6161416768669852
lambdaF min = 0.006028620769798678
lambdaB max = 0.6274271676051024
lambdaB min = 0.006028620769798678
----------------------------------
----------------------------------
Iteration = 33
Distance = 0.0016071645955966218
v max = -0.8154234140806729
v min = -6.720442148438729
d max = 0.07607142857142857
d min = 0.07607142857142857
dF max = 0.07607142857142857
dB max = 0.07607142857142857
hk max = 0.03213405869830667
hk min = 0.02114470484207792
hz max = 0.04737767834580137
hz min = 0.022401874127099677
lambdaF max = 0.6161424051670937
lambdaF min = 0.006028620769798678
lambdaB max = 0.6274279301292759
lambdaB min = 0.006028620769798678
----------------------------------
----------------------------------
Iteration = 34
Distance = 0.0013965284438288705
v max = -0.816815663905521
v min = -6.721838676882558
d max = 0.07607142857142857
d min = 0.07607142857142857
dF max = 0.07607142857142857
dB max = 0.07607142857142857
hk max = 0.03213409199721423
hk min = 0.021144706642267388
hz max = 0.04737775402513674
hz min = 0.022401878218439367
lambdaF max = 0.6161428993634832
lambdaF min = 0.006028620769798678
lambdaB max = 0.6274284475492792
lambdaB min = 0.006028620769798678
----------------------------------
----------------------------------
Iteration = 35
Distance = 0.0012136896680408071
v max = -0.8180264496919074
v min = -6.723052366550599
d max = 0.07607142857142857
d min = 0.07607142857142857
dF max = 0.07607142857142857
dB max = 0.07607142857142857
hk max = 0.0321341146048709
hk min = 0.02114470786377256
hz max = 0.04737780540617463
hz min = 0.022401880994587488
lambdaF max = 0.6161432347077642
lambdaF min = 0.006028620769798678
lambdaB max = 0.6274287986526019
lambdaB min = 0.006028620769798678
----------------------------------
----------------------------------
Iteration = 36
Distance = 0.0010549187782453728
v max = -0.8190793976637462
v min = -6.724107285328844
d max = 0.07607142857142857
d min = 0.07607142857142857
dF max = 0.07607142857142857
dB max = 0.07607142857142857
hk max = 0.032134129952775925
hk min = 0.021144708692622933
hz max = 0.04737784028777696
hz min = 0.02240188287833833
lambdaF max = 0.616143462261543
lambdaF min = 0.006028620769798678
lambdaB max = 0.6274290369001426
lambdaB min = 0.006028620769798678
----------------------------------
----------------------------------
Iteration = 37
Distance = 0.0009170060420311543
v max = -0.8199950661857863
v min = -6.725024291370875
d max = 0.07607142857142857
d min = 0.07607142857142857
dF max = 0.07607142857142857
dB max = 0.07607142857142857
hk max = 0.03213414037151565
hk min = 0.021144709255041874
hz max = 0.047377863966730875
hz min = 0.0224018841565632
lambdaF max = 0.6161436166727637
lambdaF min = 0.006028620769798678
lambdaB max = 0.6274291985679052
lambdaB min = 0.006028620769798678
----------------------------------
----------------------------------
Iteration = 38
Distance = 0.0007971830041624273
v max = -0.8207913414757301
v min = -6.725821474375038
d max = 0.07607142857142857
d min = 0.07607142857142857
dF max = 0.07607142857142857
dB max = 0.07607142857142857
hk max = 0.032134147443770036
hk min = 0.021144709636675627
hz max = 0.04737788004003631
hz min = 0.02240188502391264
lambdaF max = 0.6161437214519713
lambdaF min = 0.006028620769798678
lambdaB max = 0.6274293082712882
lambdaB min = 0.006028620769798678
----------------------------------
----------------------------------
Iteration = 39
Distance = 0.0006930576699710755
v max = -0.8214837831302115
v min = -6.726514532045009
d max = 0.07607142857142857
d min = 0.07607142857142857
dF max = 0.07607142857142857
dB max = 0.07607142857142857
hk max = 0.03213415224420438
hk min = 0.021144709895637694
hz max = 0.04737789095011435
hz min = 0.022401885612462792
lambdaF max = 0.6161437925524306
lambdaF min = 0.006028620769798678
lambdaB max = 0.6274293827131958
lambdaB min = 0.006028620769798678
----------------------------------
----------------------------------
Iteration = 40
Distance = 0.0006025604716617394
v max = -0.822085925551406
v min = -6.727117092516671
d max = 0.07607142857142857
d min = 0.07607142857142857
dF max = 0.07607142857142857
dB max = 0.07607142857142857
hk max = 0.032134155502466746
hk min = 0.021144710071359846
hz max = 0.047377898355256104
hz min = 0.022401886011831313
lambdaF max = 0.6161438407995226
lambdaF min = 0.006028620769798678
lambdaB max = 0.6274294332277177
lambdaB min = 0.006028620769798678
----------------------------------
----------------------------------
Iteration = 41
Distance = 0.0005238988645457354
v max = -0.8226095407147587
v min = -6.727640991381216
d max = 0.07607142857142857
d min = 0.07607142857142857
dF max = 0.07607142857142857
dB max = 0.07607142857142857
hk max = 0.03213415771391414
hk min = 0.02114471019059972
hz max = 0.047377903381272894
hz min = 0.022401886282831032
lambdaF max = 0.6161438735388902
lambdaF min = 0.006028620769798678
lambdaB max = 0.6274294675057625
lambdaB min = 0.006028620769798678
----------------------------------
----------------------------------
Iteration = 42
Distance = 0.0004555189202344323
v max = -0.8230648671088769
v min = -6.728096510301451
d max = 0.07607142857142857
d min = 0.07607142857142857
dF max = 0.07607142857142857
dB max = 0.07607142857142857
hk max = 0.03213415921482439
hk min = 0.021144710271511803
hz max = 0.047377906792432554
hz min = 0.022401886466722136
lambdaF max = 0.6161438957551506
lambdaF min = 0.006028620769798678
lambdaB max = 0.6274294907661053
lambdaB min = 0.006028620769798678
----------------------------------
----------------------------------
Iteration = 43
Distance = 0.00039607265917851464
v max = -0.8234608091164384
v min = -6.728492582960629
d max = 0.07607142857142857
d min = 0.07607142857142857
dF max = 0.07607142857142857
dB max = 0.07607142857142857
hk max = 0.03213416023347002
hk min = 0.021144710326416717
hz max = 0.04737790910753627
hz min = 0.02240188659150603
lambdaF max = 0.6161439108306168
lambdaF min = 0.006028620769798678
lambdaB max = 0.6274295065500924
lambdaB min = 0.006028620769798678
----------------------------------
----------------------------------
Iteration = 44
Distance = 0.0003443901398396676
v max = -0.8238051105943712
v min = -6.728836973100469
d max = 0.07607142857142857
d min = 0.07607142857142857
dF max = 0.07607142857142857
dB max = 0.07607142857142857
hk max = 0.032134160924794486
hk min = 0.021144710363673942
hz max = 0.04737791067872822
hz min = 0.022401886676181537
lambdaF max = 0.6161439210605397
lambdaF min = 0.006028620769798678
lambdaB max = 0.6274295172608195
lambdaB min = 0.006028620769798678
----------------------------------
----------------------------------
Iteration = 45
Distance = 0.0002994555249351549
v max = -0.8241045059525144
v min = -6.729136428625404
d max = 0.07607142857142857
d min = 0.07607142857142857
dF max = 0.07607142857142857
dB max = 0.07607142857142857
hk max = 0.03213416139396673
hk min = 0.02114471038895538
hz max = 0.04737791174502878
hz min = 0.022401886733639347
lambdaF max = 0.6161439280023838
lambdaF min = 0.006028620769798678
lambdaB max = 0.6274295245289181
lambdaB min = 0.006028620769798678
----------------------------------
----------------------------------
Iteration = 46
Distance = 0.0002603864979668913
v max = -0.8243648516209403
v min = -6.729396815123371
d max = 0.07607142857142857
d min = 0.07607142857142857
dF max = 0.07607142857142857
dB max = 0.07607142857142857
hk max = 0.032134161712370074
hk min = 0.02114471040611131
hz max = 0.047377912468672755
hz min = 0.02240188677263009
lambdaF max = 0.6161439327129985
lambdaF min = 0.006028620769798678
lambdaB max = 0.6274295294609227
lambdaB min = 0.006028620769798678
----------------------------------
----------------------------------
Iteration = 47
Distance = 0.00022641651968680065
v max = -0.8245912404335697
v min = -6.729623231643058
d max = 0.07607142857142857
d min = 0.07607142857142857
dF max = 0.07607142857142857
dB max = 0.07607142857142857
hk max = 0.03213416192845006
hk min = 0.021144710417752663
hz max = 0.04737791295976364
hz min = 0.022401886799087726
lambdaF max = 0.6161439359095503
lambdaF min = 0.006028620769798678
lambdaB max = 0.6274295328076842
lambdaB min = 0.006028620769798678
----------------------------------
----------------------------------
Iteration = 48
Distance = 0.00019687950420621547
v max = -0.8247881011357409
v min = -6.729820111147264
d max = 0.07607142857142857
d min = 0.07607142857142857
dF max = 0.07607142857142857
dB max = 0.07607142857142857
hk max = 0.03213416207508882
hk min = 0.021144710425652406
hz max = 0.047377913293033536
hz min = 0.02240188681704168
lambdaF max = 0.6161439380786663
lambdaF min = 0.006028620769798678
lambdaB max = 0.6274295350787498
lambdaB min = 0.006028620769798678
----------------------------------
----------------------------------
Iteration = 49
Distance = 0.00017119656535857786
v max = -0.8249592849420612
v min = -6.7299913077126226
d max = 0.07607142857142857
d min = 0.07607142857142857
dF max = 0.07607142857142857
dB max = 0.07607142857142857
hk max = 0.032134162174601716
hk min = 0.021144710431012764
hz max = 0.047377913519199205
hz min = 0.022401886829224317
lambdaF max = 0.61614393955058
lambdaF min = 0.006028620769798678
lambdaB max = 0.6274295366198572
lambdaB min = 0.006028620769798678
----------------------------------
----------------------------------
Iteration = 50
Distance = 0.00014886454036133756
v max = -0.8251081408241722
v min = -6.730140172252984
d max = 0.07607142857142857
d min = 0.07607142857142857
dF max = 0.07607142857142857
dB max = 0.07607142857142857
hk max = 0.03213416224213232
hk min = 0.02114471043465046
hz max = 0.04737791367267785
hz min = 0.0224018868374918
lambdaF max = 0.6161439405493997
lambdaF min = 0.006028620769798678
lambdaB max = 0.6274295376656077
lambdaB min = 0.006028620769798678
----------------------------------
----------------------------------
Iteration = 51
Distance = 0.00012944604325060283
v max = -0.8252375809919745
v min = -6.7302696182962345
d max = 0.07607142857142857
d min = 0.07607142857142857
dF max = 0.07607142857142857
dB max = 0.07607142857142857
hk max = 0.03213416228795976
hk min = 0.021144710437118745
hz max = 0.04737791377683113
hz min = 0.022401886843101543
lambdaF max = 0.6161439412272015
lambdaF min = 0.006028620769798678
lambdaB max = 0.6274295383752676
lambdaB min = 0.006028620769798678
----------------------------------
----------------------------------
Iteration = 52
Distance = 0.00011256083813115936
v max = -0.8253501378430653
v min = -6.730382179134366
d max = 0.07607142857142857
d min = 0.07607142857142857
dF max = 0.07607142857142857
dB max = 0.07607142857142857
hk max = 0.03213416231905979
hk min = 0.021144710438793787
hz max = 0.047377913847513026
hz min = 0.022401886846908452
lambdaF max = 0.6161439416871529
lambdaF min = 0.006028620769798678
lambdaB max = 0.627429538856811
lambdaB min = 0.006028620769798678
----------------------------------
----------------------------------
Iteration = 53
Distance = 9.78783527356697e-5
v max = -0.8254480134902258
v min = -6.730480057487101
d max = 0.07607142857142857
d min = 0.07607142857142857
dF max = 0.07607142857142857
dB max = 0.07607142857142857
hk max = 0.03213416234016461
hk min = 0.021144710439930478
hz max = 0.04737791389547851
hz min = 0.022401886849491844
lambdaF max = 0.6161439419992528
lambdaF min = 0.006028620769798678
lambdaB max = 0.6274295391835981
lambdaB min = 0.006028620769798678
----------------------------------
----------------------------------
Iteration = 54
Distance = 8.511117885046104e-5
v max = -0.8255331228330925
v min = -6.730565168665952
d max = 0.07607142857142857
d min = 0.07607142857142857
dF max = 0.07607142857142857
dB max = 0.07607142857142857
hk max = 0.03213416235448603
hk min = 0.021144710440701646
hz max = 0.047377913928027204
hz min = 0.022401886851244494
lambdaF max = 0.6161439422110327
lambdaF min = 0.006028620769798678
lambdaB max = 0.6274295394053404
lambdaB min = 0.006028620769798678
----------------------------------
----------------------------------
Iteration = 55
Distance = 7.400942743363004e-5
v max = -0.8256071310146426
v min = -6.730639178093385
d max = 0.07607142857142857
d min = 0.07607142857142857
dF max = 0.07607142857142857
dB max = 0.07607142857142857
hk max = 0.032134162364203814
hk min = 0.021144710441225196
hz max = 0.04737791395011306
hz min = 0.022401886852434386
lambdaF max = 0.6161439423547539
lambdaF min = 0.006028620769798678
lambdaB max = 0.6274295395558207
lambdaB min = 0.006028620769798678
----------------------------------
----------------------------------
Iteration = 56
Distance = 6.435582482211544e-5
v max = -0.825671485994016
v min = -6.7307035339182075
d max = 0.07607142857142857
d min = 0.07607142857142857
dF max = 0.07607142857142857
dB max = 0.07607142857142857
hk max = 0.03213416237079947
hk min = 0.0211447104415802
hz max = 0.0473779139651032
hz min = 0.02240188685324122
lambdaF max = 0.616143942452289
lambdaF min = 0.006028620769798678
lambdaB max = 0.6274295396579211
lambdaB min = 0.006028620769798678
----------------------------------
----------------------------------
Iteration = 57
Distance = 5.5961451734809486e-5
v max = -0.8257274468720388
v min = -6.730759495369942
d max = 0.07607142857142857
d min = 0.07607142857142857
dF max = 0.07607142857142857
dB max = 0.07607142857142857
hk max = 0.03213416237527549
hk min = 0.02114471044182123
hz max = 0.04737791397527598
hz min = 0.022401886853789004
lambdaF max = 0.6161439425184545
lambdaF min = 0.006028620769798678
lambdaB max = 0.6274295397272255
lambdaB min = 0.006028620769798678
----------------------------------
----------------------------------
Iteration = 58
Distance = 4.866204027997867e-5
v max = -0.8257761085230115
v min = -6.730808157410222
d max = 0.07607142857142857
d min = 0.07607142857142857
dF max = 0.07607142857142857
dB max = 0.07607142857142857
hk max = 0.032134162378311605
hk min = 0.021144710441984686
hz max = 0.04737791398217623
hz min = 0.0224018868541605
lambdaF max = 0.6161439425633732
lambdaF min = 0.006028620769798678
lambdaB max = 0.627429539774227
lambdaB min = 0.006028620769798678
----------------------------------
----------------------------------
Iteration = 59
Distance = 4.231475544091978e-5
v max = -0.825818423014269
v min = -6.730850472165663
d max = 0.07607142857142857
d min = 0.07607142857142857
dF max = 0.07607142857142857
dB max = 0.07607142857142857
hk max = 0.032134162380372054
hk min = 0.021144710442095777
hz max = 0.047377913986859074
hz min = 0.02240188685441298
lambdaF max = 0.6161439425938353
lambdaF min = 0.006028620769798678
lambdaB max = 0.6274295398061461
lambdaB min = 0.006028620769798678
----------------------------------
----------------------------------
Iteration = 60
Distance = 3.6795397306832456e-5
v max = -0.8258552182323088
v min = -6.73088726756297
d max = 0.07607142857142857
d min = 0.07607142857142857
dF max = 0.07607142857142857
dB max = 0.07607142857142857
hk max = 0.032134162381770345
hk min = 0.021144710442171262
hz max = 0.04737791399003701
hz min = 0.02240188685458454
lambdaF max = 0.6161439426145033
lambdaF min = 0.006028620769798678
lambdaB max = 0.6274295398278222
lambdaB min = 0.006028620769798678
----------------------------------
----------------------------------
Iteration = 61
Distance = 3.199596902803137e-5
v max = -0.8258872140796779
v min = -6.730919263531998
d max = 0.07607142857142857
d min = 0.07607142857142857
dF max = 0.07607142857142857
dB max = 0.07607142857142857
hk max = 0.03213416238272011
hk min = 0.021144710442222128
hz max = 0.047377913992195576
hz min = 0.02240188685470014
lambdaF max = 0.6161439426285689
lambdaF min = 0.006028620769798678
lambdaB max = 0.6274295398424977
lambdaB min = 0.006028620769798678
----------------------------------
----------------------------------
Iteration = 62
Distance = 2.782256232869429e-5
v max = -0.8259150365594468
v min = -6.730947086094327
d max = 0.07607142857142857
d min = 0.07607142857142857
dF max = 0.07607142857142857
dB max = 0.07607142857142857
hk max = 0.03213416238336378
hk min = 0.02114471044225704
hz max = 0.04737791399365844
hz min = 0.022401886854779483
lambdaF max = 0.6161439426380657
lambdaF min = 0.006028620769798678
lambdaB max = 0.6274295398524586
lambdaB min = 0.006028620769798678
----------------------------------
----------------------------------
Iteration = 63
Distance = 2.4193519273296715e-5
v max = -0.8259392300226936
v min = -6.7309712796136
d max = 0.07607142857142857
d min = 0.07607142857142857
dF max = 0.07607142857142857
dB max = 0.07607142857142857
hk max = 0.03213416238379936
hk min = 0.02114471044228039
hz max = 0.04737791399464839
hz min = 0.022401886854832555
lambdaF max = 0.6161439426445431
lambdaF min = 0.006028620769798678
lambdaB max = 0.6274295398592402
lambdaB min = 0.006028620769798678
----------------------------------
----------------------------------
Iteration = 64
Distance = 2.1037833890069635e-5
v max = -0.8259602678185729
v min = -6.73099231744749
d max = 0.07607142857142857
d min = 0.07607142857142857
dF max = 0.07607142857142857
dB max = 0.07607142857142857
hk max = 0.03213416238409622
hk min = 0.021144710442296343
hz max = 0.047377913995323075
hz min = 0.02240188685486881
lambdaF max = 0.6161439426489395
lambdaF min = 0.006028620769798678
lambdaB max = 0.627429539863798
lambdaB min = 0.006028620769798678
----------------------------------
----------------------------------
Iteration = 65
Distance = 1.8293762528820423e-5
v max = -0.8259785615553052
v min = -6.731010611210019
d max = 0.07607142857142857
d min = 0.07607142857142857
dF max = 0.07607142857142857
dB max = 0.07607142857142857
hk max = 0.032134162384297824
hk min = 0.021144710442307327
hz max = 0.04737791399578127
hz min = 0.02240188685489377
lambdaF max = 0.6161439426518965
lambdaF min = 0.006028620769798678
lambdaB max = 0.6274295398669303
lambdaB min = 0.006028620769798678
----------------------------------
----------------------------------
Iteration = 66
Distance = 1.5907615470212022e-5
v max = -0.8259944691532676
v min = -6.731026518825489
d max = 0.07607142857142857
d min = 0.07607142857142857
dF max = 0.07607142857142857
dB max = 0.07607142857142857
hk max = 0.03213416238443469
hk min = 0.02114471044231449
hz max = 0.04737791399609234
hz min = 0.02240188685491006
lambdaF max = 0.6161439426539147
lambdaF min = 0.006028620769798678
lambdaB max = 0.6274295398690446
lambdaB min = 0.006028620769798678
----------------------------------
----------------------------------
Iteration = 67
Distance = 1.3832706306615705e-5
v max = -0.8260083018476962
v min = -6.731040351531796
d max = 0.07607142857142857
d min = 0.07607142857142857
dF max = 0.07607142857142857
dB max = 0.07607142857142857
hk max = 0.032134162384527175
hk min = 0.02114471044231958
hz max = 0.04737791399630252
hz min = 0.02240188685492162
lambdaF max = 0.6161439426552916
lambdaF min = 0.006028620769798678
lambdaB max = 0.6274295398704699
lambdaB min = 0.006028620769798678
----------------------------------
----------------------------------
Iteration = 68
Distance = 1.2028438365341287e-5
v max = -0.8260203302780034
v min = -6.731052379970161
d max = 0.07607142857142857
d min = 0.07607142857142857
dF max = 0.07607142857142857
dB max = 0.07607142857142857
hk max = 0.032134162384590985
hk min = 0.021144710442322932
hz max = 0.04737791399644754
hz min = 0.022401886854929238
lambdaF max = 0.6161439426562303
lambdaF min = 0.006028620769798678
lambdaB max = 0.6274295398714566
lambdaB min = 0.006028620769798678
----------------------------------
----------------------------------
Iteration = 69
Distance = 1.0459510336957578e-5
v max = -0.8260307897828719
v min = -6.731062839480498
d max = 0.07607142857142857
d min = 0.07607142857142857
dF max = 0.07607142857142857
dB max = 0.07607142857142857
hk max = 0.03213416238463353
hk min = 0.021144710442325357
hz max = 0.04737791399654423
hz min = 0.022401886854934754
lambdaF max = 0.616143942656856
lambdaF min = 0.006028620769798678
lambdaB max = 0.6274295398720988
lambdaB min = 0.006028620769798678
----------------------------------
----------------------------------
Iteration = 70
Distance = 9.09522550607278e-6
v max = -0.8260398850046667
v min = -6.731071934706004
d max = 0.07607142857142857
d min = 0.07607142857142857
dF max = 0.07607142857142857
dB max = 0.07607142857142857
hk max = 0.032134162384663115
hk min = 0.02114471044232686
hz max = 0.04737791399661149
hz min = 0.02240188685493817
lambdaF max = 0.6161439426572787
lambdaF min = 0.006028620769798678
lambdaB max = 0.6274295398725687
lambdaB min = 0.006028620769798678
----------------------------------
    Value Function Converged, Iteration = 70 with gamma=3.0 with rho=1.0 and v=-2.8491026085585562
    Natural boundary condition
=============================================================
Convegence time (minutes): 0.11568705216666667
Current Time = 22:21:35
grid points for z:  401
grid size for z:  0.025
-0.13538108179882763
-0.36621239673383293
--- 8.632179021835327 seconds for the elasticity computation ---
-0.0021472797788497215
-0.046280616825846554
--- 0.06496238708496094 seconds for the elasticity computation ---
-0.10346593395190619
-0.3199317799079864
--- 0.06367158889770508 seconds for the elasticity computation ---
-0.2097356828858565
-0.37185633684691
--- 0.06363749504089355 seconds for the elasticity computation ---
Current Time = 22:21:46
grid points for z:  401
grid size for z:  0.025
rho = 1
0.05935460108702888
--- 8.606485605239868 seconds for the elasticity computation ---
0.0
--- 0.06681084632873535 seconds for the elasticity computation ---
0.05935460108702888
--- 0.06543326377868652 seconds for the elasticity computation ---
0.0
--- 0.06557440757751465 seconds for the elasticity computation ---
0.0
--- 0.0654146671295166 seconds for the elasticity computation ---
0.05935460108702888
0.005643940113077034
--- 0.06575179100036621 seconds for the elasticity computation ---
0.05935460108702888
0.005643940113077034
--- 0.06564927101135254 seconds for the elasticity computation ---
0.05935460108702888
0.005643940113077034
--- 0.0658721923828125 seconds for the elasticity computation ---
0.05935460108702888
0.005643940113077034
--- 0.06531023979187012 seconds for the elasticity computation ---
parsed_args = parse_commandline() = Dict{String, Any}("dataname" => "lower_triangular_four_ambiguous_parameters", "clowerlim" => 0.0001, "delta" => 0.015, "boundary" => 0, "Delta" => 10.0, "q" => 0.1, "zmax" => 5.0, "logadjustment" => 1, "zscale" => 2.0, "foc" => 1, "distorted" => 0, "rho" => 1.0, "gamma" => 3.0)
=============================================================
./output/lower_triangular_four_ambiguous_parameters/Delta_10.0_distorted_0/logadjustment_1_boundary_0/zmax_5.0_zscale_2.0/delta_0.015/q_0.1_gamma_3.0_rho_1.0/
=============================================================
solve for structured linear system 
structured_relative_entropy = 0.10126106991379373
=============================================================
solve for unstructured linear system 
q_update = 0.0977626406853681
=============================================================
parsed_args = parse_commandline() = Dict{String, Any}("dataname" => "lower_triangular_four_ambiguous_parameters", "clowerlim" => 0.0001, "delta" => 0.015, "boundary" => 0, "Delta" => 10.0, "q" => 0.1, "zmax" => 5.0, "logadjustment" => 1, "zscale" => 2.0, "foc" => 1, "distorted" => 0, "rho" => 1.0, "gamma" => 3.0)
=============================================================
./output/lower_triangular_four_ambiguous_parameters/Delta_10.0_distorted_0/logadjustment_1_boundary_0/zmax_5.0_zscale_2.0/delta_0.015/q_0.1_gamma_3.0_rho_1.0/
=============================================================
solve for structured linear system 
structured_relative_entropy = 0.10126106991379374
=============================================================
solve for unstructured linear system 
q_update = 0.09776264068536812
=============================================================
Program ends Fri Jan 19 22:22:28 CST 2024
Elapsed time: 0 days 00 hr 01 min 20 sec
