D_10.0_distorted_0_boundary_0_delta_0.015_gamma_8.0_q_0.1_rho_1.0_lower_triangular_four_ambiguous_parameters
Program starts Fri Jan 19 22:21:10 CST 2024
parsed_args = parse_commandline() = Dict{String, Any}("dataname" => "lower_triangular_four_ambiguous_parameters", "clowerlim" => 0.0001, "delta" => 0.015, "boundary" => 0, "Delta" => 10.0, "q" => 0.1, "zmax" => 5.0, "logadjustment" => 1, "zscale" => 2.0, "foc" => 1, "distorted" => 0, "rho" => 1.0, "gamma" => 8.0)
=============================================================
logadjustment: true
reflective_boundary: false
0.1002
sigma_k: [0.011287880226154068, 0.0]
sigma_z: [0.026030751045638307, 0.05916079783099616]
Compute value function WITH ROBUSTNESS
computing undistorted version...
zmax = 5.0, zmin = -5.0, zlength = 401
natural boundary condition
----------------------------------
Iteration = 1
Distance = 1.2300839895037923
v max = -0.8909027029540763
v min = -3.2300839895037923
d max = 0.07607142857142857
d min = 0.07607142857142857
dF max = 0.07607142857142857
dB max = 0.07607142857142857
hk max = 0.011287880226154068
hk min = 0.011287880226154068
hz max = 0.0
hz min = 0.0
lambdaF max = 0.15963473306270162
lambdaF min = 0.006028620769798678
lambdaB max = 0.15963473306270162
lambdaB min = 0.006028620769798678
----------------------------------
----------------------------------
Iteration = 2
Distance = 0.9737678314279972
v max = -0.5856911999373204
v min = -4.203851820931789
d max = 0.07607142857142857
d min = 0.07607142857142857
dF max = 0.07607142857142857
dB max = 0.07607142857142857
hk max = 0.017376944798234765
hk min = 0.01737694479823199
hz max = 0.01383878311836522
hz min = 0.013838783118358917
lambdaF max = 0.31415605317035283
lambdaF min = 0.006028620769798678
lambdaB max = 0.31415605317035283
lambdaB min = 0.006028620769798678
----------------------------------
----------------------------------
Iteration = 3
Distance = 0.6858909497551622
v max = -0.4708473317345987
v min = -4.889742770686952
d max = 0.07607142857142857
d min = 0.07607142857142857
dF max = 0.07607142857142857
dB max = 0.07607142857142857
hk max = 0.022108572401108275
hk min = 0.019303875724847347
hz max = 0.02459248221580502
hz min = 0.018218171587939272
lambdaF max = 0.4193626145923585
lambdaF min = 0.006028620769798678
lambdaB max = 0.4229855222940405
lambdaB min = 0.006028620769798678
----------------------------------
----------------------------------
Iteration = 4
Distance = 0.49653025246178917
v max = -0.45180303455008136
v min = -5.386273023148741
d max = 0.07607142857142857
d min = 0.07607142857142857
dF max = 0.07607142857142857
dB max = 0.07607142857142857
hk max = 0.025286289236334768
hk min = 0.020239042091666718
hz max = 0.031814565932228867
hz min = 0.020343549694346937
lambdaF max = 0.4940275415578404
lambdaF min = 0.006028620769798678
lambdaB max = 0.5000783445787997
lambdaB min = 0.006028620769798678
----------------------------------
----------------------------------
Iteration = 5
Distance = 0.3697783946212452
v max = -0.47460572212394836
v min = -5.756051417769986
d max = 0.07607142857142857
d min = 0.07607142857142857
dF max = 0.07607142857142857
dB max = 0.07607142857142857
hk max = 0.027437544233073954
hk min = 0.02067091264713545
hz max = 0.036703781833908836
hz min = 0.021325073684048602
lambdaF max = 0.5468334279066411
lambdaF min = 0.006028620769798678
lambdaB max = 0.5547409141720876
lambdaB min = 0.006028620769798678
----------------------------------
----------------------------------
Iteration = 6
Distance = 0.2809745446042342
v max = -0.5157408539657854
v min = -6.03702596237422
d max = 0.07607142857142857
d min = 0.07607142857142857
dF max = 0.07607142857142857
dB max = 0.07607142857142857
hk max = 0.02891192688133456
hk min = 0.020884439201339755
hz max = 0.04005465148904657
hz min = 0.021810361307240202
lambdaF max = 0.5853740741977501
lambdaF min = 0.006028620769798678
lambdaB max = 0.5946247061844776
lambdaB min = 0.006028620769798678
----------------------------------
----------------------------------
Iteration = 7
Distance = 0.21714657005815763
v max = -0.5649348210921682
v min = -6.254172532432378
d max = 0.07607142857142857
d min = 0.07607142857142857
dF max = 0.07607142857142857
dB max = 0.07607142857142857
hk max = 0.029927162743765282
hk min = 0.021006341434025036
hz max = 0.042362005721843676
hz min = 0.02208741183607039
lambdaF max = 0.6138848110562201
lambdaF min = 0.006028620769798678
lambdaB max = 0.6240660075231631
lambdaB min = 0.006028620769798678
----------------------------------
----------------------------------
Iteration = 8
Distance = 0.17039612668645
v max = -0.6171801563913715
v min = -6.424568659118828
d max = 0.07607142857142857
d min = 0.07607142857142857
dF max = 0.07607142857142857
dB max = 0.07607142857142857
hk max = 0.03062777072013447
hk min = 0.0210875533117625
hz max = 0.0439542965772282
hz min = 0.022271984285473716
lambdaF max = 0.6349281777547373
lambdaF min = 0.006028620769798678
lambdaB max = 0.6457239036541693
lambdaB min = 0.006028620769798678
----------------------------------
----------------------------------
Iteration = 9
Distance = 0.13558766599024707
v max = -0.6695921751046767
v min = -6.560156325109075
d max = 0.07607142857142857
d min = 0.07607142857142857
dF max = 0.07607142857142857
dB max = 0.07607142857142857
hk max = 0.031111842218947798
hk min = 0.021146301752306258
hz max = 0.04505445907453121
hz min = 0.022405503468527706
lambdaF max = 0.6502597990045572
lambdaF min = 0.006028620769798678
lambdaB max = 0.6614446484511104
lambdaB min = 0.006028620769798678
----------------------------------
----------------------------------
Iteration = 10
Distance = 0.10927068326472877
v max = -0.720389232796899
v min = -6.669427008373804
d max = 0.07607142857142857
d min = 0.07607142857142857
dF max = 0.07607142857142857
dB max = 0.07607142857142857
hk max = 0.03144654963055327
hk min = 0.02118988087807896
hz max = 0.04581515773727093
hz min = 0.022504546936192943
lambdaF max = 0.6612356132955258
lambdaF min = 0.006028620769798678
lambdaB max = 0.6726596157035875
lambdaB min = 0.006028620769798678
----------------------------------
----------------------------------
Iteration = 11
Distance = 0.08907883287984841
v max = -0.7684885667806418
v min = -6.758505841253652
d max = 0.07607142857142857
d min = 0.07607142857142857
dF max = 0.07607142857142857
dB max = 0.07607142857142857
hk max = 0.03167809204939327
hk min = 0.02122257760524683
hz max = 0.04634139050736182
hz min = 0.022578857679756287
lambdaF max = 0.6689580684542754
lambdaF min = 0.006028620769798678
lambdaB max = 0.6805277430376369
lambdaB min = 0.006028620769798678
----------------------------------
----------------------------------
Iteration = 12
Distance = 0.07336489041060101
v max = -0.8132498005341987
v min = -6.831870731664253
d max = 0.07607142857142857
d min = 0.07607142857142857
dF max = 0.07607142857142857
dB max = 0.07607142857142857
hk max = 0.031838320416752774
hk min = 0.021247187211400193
hz max = 0.046705545887724347
hz min = 0.022634788602832107
lambdaF max = 0.6743168785758058
lambdaF min = 0.006028620769798678
lambdaB max = 0.6859771273925374
lambdaB min = 0.006028620769798678
----------------------------------
----------------------------------
Iteration = 13
Distance = 0.060968130489508
v max = -0.8543265285307867
v min = -6.892838862153761
d max = 0.07607142857142857
d min = 0.07607142857142857
dF max = 0.07607142857142857
dB max = 0.07607142857142857
hk max = 0.03194922548081644
hk min = 0.021265477237248774
hz max = 0.0469576028515054
hz min = 0.02267635684339706
lambdaF max = 0.6780049854730306
lambdaF min = 0.006028620769798678
lambdaB max = 0.6897242403312391
lambdaB min = 0.006028620769798678
----------------------------------
----------------------------------
Iteration = 14
Distance = 0.05106160321765074
v max = -0.8915925396272212
v min = -6.943900465371412
d max = 0.07607142857142857
d min = 0.07607142857142857
dF max = 0.07607142857142857
dB max = 0.07607142857142857
hk max = 0.03202600416498681
hk min = 0.02127878003886087
hz max = 0.04713209986098352
hz min = 0.02270659048342455
lambdaF max = 0.6805377423270634
lambdaF min = 0.006028620769798678
lambdaB max = 0.6922975043814648
lambdaB min = 0.006028620769798678
----------------------------------
----------------------------------
Iteration = 15
Distance = 0.04304985055971766
v max = -0.9250891332178992
v min = -6.9869503159311295
d max = 0.07607142857142857
d min = 0.07607142857142857
dF max = 0.07607142857142857
dB max = 0.07607142857142857
hk max = 0.0320791647928656
hk min = 0.021288260211246558
hz max = 0.04725291946979894
hz min = 0.022728136329755663
lambdaF max = 0.6822814512845596
lambdaF min = 0.006028620769798678
lambdaB max = 0.6940700224770184
lambdaB min = 0.006028620769798678
----------------------------------
----------------------------------
Iteration = 16
Distance = 0.03649943900897057
v max = -0.9549759558168648
v min = -7.0234497549401
d max = 0.07607142857142857
d min = 0.07607142857142857
dF max = 0.07607142857142857
dB max = 0.07607142857142857
hk max = 0.032115976641658335
hk min = 0.021294905910457018
hz max = 0.04733658276250971
hz min = 0.022743240191597614
lambdaF max = 0.6834875209684137
lambdaF min = 0.006028620769798678
lambdaB max = 0.6952967886342776
lambdaB min = 0.006028620769798678
----------------------------------
----------------------------------
Iteration = 17
Distance = 0.03109128933910288
v max = -0.9814884401222164
v min = -7.054541044279203
d max = 0.07607142857142857
d min = 0.07607142857142857
dF max = 0.07607142857142857
dB max = 0.07607142857142857
hk max = 0.03214146983720491
hk min = 0.021299508931062573
hz max = 0.04739452184329738
hz min = 0.022753701602064785
lambdaF max = 0.6843252550752477
lambdaF min = 0.006028620769798678
lambdaB max = 0.6961492520677254
lambdaB min = 0.006028620769798678
----------------------------------
----------------------------------
Iteration = 18
Distance = 0.026587696845426834
v max = -1.0049034840334878
v min = -7.08112874112463
d max = 0.07607142857142857
d min = 0.07607142857142857
dF max = 0.07607142857142857
dB max = 0.07607142857142857
hk max = 0.03215912586761224
hk min = 0.021302678394437925
hz max = 0.04743464918513223
hz min = 0.022760904927917866
lambdaF max = 0.684908423721414
lambdaF min = 0.006028620769798678
lambdaB max = 0.6967427174049176
lambdaB min = 0.006028620769798678
----------------------------------
----------------------------------
Iteration = 19
Distance = 0.022809357231060368
v max = -1.0255132899503603
v min = -7.10393809835569
d max = 0.07607142857142857
d min = 0.07607142857142857
dF max = 0.07607142857142857
dB max = 0.07607142857142857
hk max = 0.03217135479792391
hk min = 0.0213048610088978
hz max = 0.047462442208567816
hz min = 0.022765865415326672
lambdaF max = 0.6853143255891437
lambdaF min = 0.006028620769798678
lambdaB max = 0.6971556976148882
lambdaB min = 0.006028620769798678
----------------------------------
----------------------------------
Iteration = 20
Distance = 0.019619261269432364
v max = -1.0436072823055715
v min = -7.1235573596251225
d max = 0.07607142857142857
d min = 0.07607142857142857
dF max = 0.07607142857142857
dB max = 0.07607142857142857
hk max = 0.03217982524075382
hk min = 0.021306369274535226
hz max = 0.04748169321499945
hz min = 0.022769293291775364
lambdaF max = 0.6855963497671647
lambdaF min = 0.006028620769798678
lambdaB max = 0.697442540936232
lambdaB min = 0.006028620769798678
----------------------------------
----------------------------------
Iteration = 21
Distance = 0.01691133427797098
v max = -1.0594610320411564
v min = -7.1404686939030935
d max = 0.07607142857142857
d min = 0.07607142857142857
dF max = 0.07607142857142857
dB max = 0.07607142857142857
hk max = 0.03218569259904726
hk min = 0.0213074157410989
hz max = 0.0474950281202118
hz min = 0.022771671624874618
lambdaF max = 0.6857918676300141
lambdaF min = 0.006028620769798678
lambdaB max = 0.6976413375667037
lambdaB min = 0.006028620769798678
----------------------------------
----------------------------------
Iteration = 22
Distance = 0.01460237050067903
v max = -1.0733303290728375
v min = -7.1550710644037725
d max = 0.07607142857142857
d min = 0.07607142857142857
dF max = 0.07607142857142857
dB max = 0.07607142857142857
hk max = 0.032189756988707074
hk min = 0.021308143829758538
hz max = 0.047504265369438664
hz min = 0.022773326371828346
lambdaF max = 0.6859271825938075
lambdaF min = 0.006028620769798678
lambdaB max = 0.697778897612375
lambdaB min = 0.006028620769798678
----------------------------------
----------------------------------
Iteration = 23
Distance = 0.012626266516385876
v max = -1.0854486380255166
v min = -7.167697330920158
d max = 0.07607142857142857
d min = 0.07607142857142857
dF max = 0.07607142857142857
dB max = 0.07607142857142857
hk max = 0.03219257253233835
hk min = 0.021308650772400954
hz max = 0.04751066433223702
hz min = 0.022774478514197474
lambdaF max = 0.6860207678336453
lambdaF min = 0.006028620769798678
lambdaB max = 0.697874034293143
lambdaB min = 0.006028620769798678
----------------------------------
----------------------------------
Iteration = 24
Distance = 0.01092986628264736
v max = -1.0960266182375358
v min = -7.178627197202806
d max = 0.07607142857142857
d min = 0.07607142857142857
dF max = 0.07607142857142857
dB max = 0.07607142857142857
hk max = 0.03219452301332042
hk min = 0.021309003319616063
hz max = 0.047515097243559894
hz min = 0.022775279757868173
lambdaF max = 0.6860855119271392
lambdaF min = 0.006028620769798678
lambdaB max = 0.6979398585435661
lambdaB min = 0.006028620769798678
----------------------------------
----------------------------------
Iteration = 25
Distance = 0.009469941406885951
v max = -1.1052528098324559
v min = -7.188097138609692
d max = 0.07607142857142857
d min = 0.07607142857142857
dF max = 0.07607142857142857
dB max = 0.07607142857142857
hk max = 0.03219587425264445
hk min = 0.02130924797811954
hz max = 0.04751816824202361
hz min = 0.02277583579992153
lambdaF max = 0.6861303426825326
lambdaF min = 0.006028620769798678
lambdaB max = 0.6979854438005682
lambdaB min = 0.006028620769798678
----------------------------------
----------------------------------
Iteration = 26
Distance = 0.00821097525349046
v max = -1.1132949289356096
v min = -7.196308113863182
d max = 0.07607142857142857
d min = 0.07607142857142857
dF max = 0.07607142857142857
dB max = 0.07607142857142857
hk max = 0.03219681037500785
hk min = 0.02130941743712664
hz max = 0.047520295792849505
hz min = 0.02277622093402858
lambdaF max = 0.6861614140613462
lambdaF min = 0.006028620769798678
lambdaB max = 0.6980170417060735
lambdaB min = 0.006028620769798678
----------------------------------
----------------------------------
Iteration = 27
Distance = 0.007123519568851933
v max = -1.1203014576086963
v min = -7.203431633432034
d max = 0.07607142857142857
d min = 0.07607142857142857
dF max = 0.07607142857142857
dB max = 0.07607142857142857
hk max = 0.03219745892213813
hk min = 0.021309534679354446
hz max = 0.047521769763600154
hz min = 0.022776487393637225
lambdaF max = 0.6861829620933853
lambdaF min = 0.006028620769798678
lambdaB max = 0.6980389558870479
lambdaB min = 0.006028620769798678
----------------------------------
----------------------------------
Iteration = 28
Distance = 0.006182961589088265
v max = -1.1264033515758327
v min = -7.209614595021122
d max = 0.07607142857142857
d min = 0.07607142857142857
dF max = 0.07607142857142857
dB max = 0.07607142857142857
hk max = 0.03219790824439351
hk min = 0.021309615784443105
hz max = 0.047522790950544194
hz min = 0.022776671723384177
lambdaF max = 0.6861979074942367
lambdaF min = 0.006028620769798678
lambdaB max = 0.6980541549109405
lambdaB min = 0.006028620769798678
----------------------------------
----------------------------------
Iteration = 29
Distance = 0.005368587697633487
v max = -1.1317157599071888
v min = -7.214983182718756
d max = 0.07607142857142857
d min = 0.07607142857142857
dF max = 0.07607142857142857
dB max = 0.07607142857142857
hk max = 0.03219821954559533
hk min = 0.021309671926216776
hz max = 0.047523498453275616
hz min = 0.02277679931832434
lambdaF max = 0.6862082705629167
lambdaF min = 0.006028620769798678
lambdaB max = 0.6980646931836867
lambdaB min = 0.006028620769798678
----------------------------------
----------------------------------
Iteration = 30
Distance = 0.004662863179120791
v max = -1.1363396909808736
v min = -7.219646045897877
d max = 0.07607142857142857
d min = 0.07607142857142857
dF max = 0.07607142857142857
dB max = 0.07607142857142857
hk max = 0.03219843522530767
hk min = 0.021309710823198845
hz max = 0.04752398863444002
hz min = 0.022776887720556315
lambdaF max = 0.6862154530120875
lambdaF min = 0.006028620769798678
lambdaB max = 0.6980719965707043
lambdaB min = 0.006028620769798678
----------------------------------
----------------------------------
Iteration = 31
Distance = 0.004050870978514531
v max = -1.1403635835378063
v min = -7.223696916876391
d max = 0.07607142857142857
d min = 0.07607142857142857
dF max = 0.07607142857142857
dB max = 0.07607142857142857
hk max = 0.03219858465699865
hk min = 0.021309737791966155
hz max = 0.04752432825191951
hz min = 0.022776949013209292
lambdaF max = 0.6862204290116559
lambdaF min = 0.006028620769798678
lambdaB max = 0.6980770561263654
lambdaB min = 0.006028620769798678
----------------------------------
----------------------------------
Iteration = 32
Distance = 0.0035198687194659684
v max = -1.1438647586067514
v min = -7.227216785595857
d max = 0.07607142857142857
d min = 0.07607142857142857
dF max = 0.07607142857142857
dB max = 0.07607142857142857
hk max = 0.0321986881903972
hk min = 0.021309756496249305
hz max = 0.047524563555098036
hz min = 0.022776991522943726
lambdaF max = 0.6862238756339482
lambdaF min = 0.006028620769798678
lambdaB max = 0.6980805605802951
lambdaB min = 0.006028620769798678
----------------------------------
----------------------------------
Iteration = 33
Distance = 0.0030589347062432992
v max = -1.1469107410260273
v min = -7.2302757203021
d max = 0.07607142857142857
d min = 0.07607142857142857
dF max = 0.07607142857142857
dB max = 0.07607142857142857
hk max = 0.032198759923900755
hk min = 0.021309769467155834
hz max = 0.04752472658578793
hz min = 0.02277702100227675
lambdaF max = 0.6862262629330831
lambdaF min = 0.006028620769798678
lambdaB max = 0.6980829879741676
lambdaB min = 0.006028620769798678
----------------------------------
----------------------------------
Iteration = 34
Distance = 0.002658681712639499
v max = -1.1495604487104487
v min = -7.23293440201474
d max = 0.07607142857142857
d min = 0.07607142857142857
dF max = 0.07607142857142857
dB max = 0.07607142857142857
hk max = 0.03219880962511351
hk min = 0.021309778458701426
hz max = 0.04752483954308966
hz min = 0.02277704143760764
lambdaF max = 0.6862279167444604
lambdaF min = 0.006028620769798678
lambdaB max = 0.6980846696101917
lambdaB min = 0.006028620769798678
----------------------------------
----------------------------------
Iteration = 35
Distance = 0.0023110230741609783
v max = -1.1518652540631187
v min = -7.235245425088901
d max = 0.07607142857142857
d min = 0.07607142857142857
dF max = 0.07607142857142857
dB max = 0.07607142857142857
hk max = 0.03219884406128871
hk min = 0.021309784689083712
hz max = 0.047524917807124194
hz min = 0.02277705559756738
lambdaF max = 0.6862290626574113
lambdaF min = 0.006028620769798678
lambdaB max = 0.6980858348340592
lambdaB min = 0.006028620769798678
----------------------------------
----------------------------------
Iteration = 36
Distance = 0.002008979660971022
v max = -1.153869925613006
v min = -7.237254404749872
d max = 0.07607142857142857
d min = 0.07607142857142857
dF max = 0.07607142857142857
dB max = 0.07607142857142857
hk max = 0.03219886792101559
hk min = 0.02130978900494907
hz max = 0.047524972033776196
hz min = 0.02277706540635228
lambdaF max = 0.6862298567731966
lambdaF min = 0.006028620769798678
lambdaB max = 0.6980866423442669
lambdaB min = 0.006028620769798678
----------------------------------
----------------------------------
Iteration = 37
Distance = 0.00174651921342317
v max = -1.1556134597462433
v min = -7.239000923963295
d max = 0.07607142857142857
d min = 0.07607142857142857
dF max = 0.07607142857142857
dB max = 0.07607142857142857
hk max = 0.03219888445274535
hk min = 0.021309791994341437
hz max = 0.0475250096058893
hz min = 0.02277707220042584
lambdaF max = 0.6862304071268893
lambdaF min = 0.006028620769798678
lambdaB max = 0.6980872019809115
lambdaB min = 0.006028620769798678
----------------------------------
----------------------------------
Iteration = 38
Distance = 0.0015184216110339932
v max = -1.1571298129574985
v min = -7.240519345574329
d max = 0.07607142857142857
d min = 0.07607142857142857
dF max = 0.07607142857142857
dB max = 0.07607142857142857
hk max = 0.03219889590716457
hk min = 0.021309794065133746
hz max = 0.047525035638660236
hz min = 0.022777076906771998
lambdaF max = 0.6862307885318031
lambdaF min = 0.006028620769798678
lambdaB max = 0.6980875898150245
lambdaB min = 0.006028620769798678
----------------------------------
----------------------------------
Iteration = 39
Distance = 0.0013201651635208478
v max = -1.1584485448915423
v min = -7.24183951073785
d max = 0.07607142857142857
d min = 0.07607142857142857
dF max = 0.07607142857142857
dB max = 0.07607142857142857
hk max = 0.03219890384367511
hk min = 0.021309795499856662
hz max = 0.04752505367618419
hz min = 0.022777080167505896
lambdaF max = 0.6862310528298393
lambdaF min = 0.006028620769798678
lambdaB max = 0.6980878585644784
lambdaB min = 0.006028620769798678
----------------------------------
----------------------------------
Iteration = 40
Distance = 0.001147830122385507
v max = -1.15959538191174
v min = -7.242987340860235
d max = 0.07607142857142857
d min = 0.07607142857142857
dF max = 0.07607142857142857
dB max = 0.07607142857142857
hk max = 0.03219890934272317
hk min = 0.021309796494054796
hz max = 0.047525066174020685
hz min = 0.022777082427047114
lambdaF max = 0.6862312359610924
lambdaF min = 0.006028620769798678
lambdaB max = 0.698088044777998
lambdaB min = 0.006028620769798678
----------------------------------
----------------------------------
Iteration = 41
Distance = 0.0009980164333365238
v max = -1.160592710221919
v min = -7.243985357293572
d max = 0.07607142857142857
d min = 0.07607142857142857
dF max = 0.07607142857142857
dB max = 0.07607142857142857
hk max = 0.03219891315291426
hk min = 0.02130979718305732
hz max = 0.047525074833545906
hz min = 0.022777083992961942
lambdaF max = 0.6862313628445911
lambdaF min = 0.006028620769798678
lambdaB max = 0.698088173796466
lambdaB min = 0.006028620769798678
----------------------------------
----------------------------------
Iteration = 42
Distance = 0.0008677733630850781
v max = -1.1614600067889418
v min = -7.244853130656657
d max = 0.07607142857142857
d min = 0.07607142857142857
dF max = 0.07607142857142857
dB max = 0.07607142857142857
hk max = 0.03219891579293527
hk min = 0.02130979766055252
hz max = 0.047525080833593636
hz min = 0.022777085078178303
lambdaF max = 0.6862314507551718
lambdaF min = 0.006028620769798678
lambdaB max = 0.6980882631863478
lambdaB min = 0.006028620769798678
----------------------------------
----------------------------------
Iteration = 43
Distance = 0.0007545391000389756
v max = -1.1622142155226498
v min = -7.245607669756696
d max = 0.07607142857142857
d min = 0.07607142857142857
dF max = 0.07607142857142857
dB max = 0.07607142857142857
hk max = 0.03219891762216824
hk min = 0.021309797991449657
hz max = 0.04752508499094132
hz min = 0.022777085830217248
lambdaF max = 0.6862315116649059
lambdaF min = 0.006028620769798678
lambdaB max = 0.6980883251213625
lambdaB min = 0.006028620769798678
----------------------------------
----------------------------------
Iteration = 44
Distance = 0.0006560887835478368
v max = -1.1628700753994694
v min = -7.246263758540244
d max = 0.07607142857142857
d min = 0.07607142857142857
dF max = 0.07607142857142857
dB max = 0.07607142857142857
hk max = 0.032198918889618774
hk min = 0.02130979822073391
hz max = 0.0475250878715107
hz min = 0.02277708635131783
lambdaF max = 0.6862315538684681
lambdaF min = 0.006028620769798678
lambdaB max = 0.6980883680356121
lambdaB min = 0.006028620769798678
----------------------------------
----------------------------------
Iteration = 45
Distance = 0.0005704896933140802
v max = -1.16344040648547
v min = -7.246834248233558
d max = 0.07607142857142857
d min = 0.07607142857142857
dF max = 0.07607142857142857
dB max = 0.07607142857142857
hk max = 0.03219891976781902
hk min = 0.021309798379600113
hz max = 0.047525089867420364
hz min = 0.02277708671237738
lambdaF max = 0.6862315831118069
lambdaF min = 0.006028620769798678
lambdaB max = 0.6980883977714846
lambdaB min = 0.006028620769798678
----------------------------------
----------------------------------
Iteration = 46
Distance = 0.0004960625479917269
v max = -1.1639363591352425
v min = -7.24733031078155
d max = 0.07607142857142857
d min = 0.07607142857142857
dF max = 0.07607142857142857
dB max = 0.07607142857142857
hk max = 0.0321989203763158
hk min = 0.021309798489669348
hz max = 0.04752509125036758
hz min = 0.02277708696253473
lambdaF max = 0.6862316033752341
lambdaF min = 0.006028620769798678
lambdaB max = 0.6980884183762207
lambdaB min = 0.006028620769798678
----------------------------------
----------------------------------
Iteration = 47
Distance = 0.0004313480348319132
v max = -1.1643676310217514
v min = -7.247761658816382
d max = 0.07607142857142857
d min = 0.07607142857142857
dF max = 0.07607142857142857
dB max = 0.07607142857142857
hk max = 0.03219892079793771
hk min = 0.021309798565931896
hz max = 0.047525092208599184
hz min = 0.0227770871358587
lambdaF max = 0.6862316174162353
lambdaF min = 0.006028620769798678
lambdaB max = 0.6980884326537188
lambdaB min = 0.006028620769798678
----------------------------------
----------------------------------
Iteration = 48
Distance = 0.0003750778319657755
v max = -1.1647426560905196
v min = -7.248136736648347
d max = 0.07607142857142857
d min = 0.07607142857142857
dF max = 0.07607142857142857
dB max = 0.07607142857142857
hk max = 0.03219892109007494
hk min = 0.02130979861877208
hz max = 0.047525092872547435
hz min = 0.022777087255950033
lambdaF max = 0.6862316271454539
lambdaF min = 0.006028620769798678
lambdaB max = 0.6980884425467646
lambdaB min = 0.006028620769798678
----------------------------------
----------------------------------
Iteration = 49
Distance = 0.00032614949819542716
v max = -1.1650687690291048
v min = -7.248462886146543
d max = 0.07607142857142857
d min = 0.07607142857142857
dF max = 0.07607142857142857
dB max = 0.07607142857142857
hk max = 0.03219892129249381
hk min = 0.0213097986553853
hz max = 0.04752509333259033
hz min = 0.02277708733916189
lambdaF max = 0.6862316338868389
lambdaF min = 0.006028620769798678
lambdaB max = 0.6980884494016517
lambdaB min = 0.006028620769798678
----------------------------------
----------------------------------
Iteration = 50
Distance = 0.00028360469900423624
v max = -1.1653523483960238
v min = -7.248746490845547
d max = 0.07607142857142857
d min = 0.07607142857142857
dF max = 0.07607142857142857
dB max = 0.07607142857142857
hk max = 0.03219892143274868
hk min = 0.021309798680755283
hz max = 0.0475250936513514
hz min = 0.022777087396820946
lambdaF max = 0.6862316385578789
lambdaF min = 0.006028620769798678
lambdaB max = 0.6980884541513436
lambdaB min = 0.006028620769798678
----------------------------------
----------------------------------
Iteration = 51
Distance = 0.00024661031483930174
v max = -1.1655989411583576
v min = -7.248993101160386
d max = 0.07607142857142857
d min = 0.07607142857142857
dF max = 0.07607142857142857
dB max = 0.07607142857142857
hk max = 0.03219892152993016
hk min = 0.02130979869833477
hz max = 0.0475250938722184
hz min = 0.022777087436774323
lambdaF max = 0.6862316417943592
lambdaF min = 0.006028620769798678
lambdaB max = 0.6980884574423124
lambdaB min = 0.006028620769798678
----------------------------------
----------------------------------
Iteration = 52
Distance = 0.00021444204272746958
v max = -1.1658133710390421
v min = -7.249207543203114
d max = 0.07607142857142857
d min = 0.07607142857142857
dF max = 0.07607142857142857
dB max = 0.07607142857142857
hk max = 0.03219892159726656
hk min = 0.021309798710515516
hz max = 0.04752509402525566
hz min = 0.022777087464457838
lambdaF max = 0.6862316440368983
lambdaF min = 0.006028620769798678
lambdaB max = 0.6980884597225927
lambdaB min = 0.006028620769798678
----------------------------------
----------------------------------
Iteration = 53
Distance = 0.00018647015713213477
v max = -1.165999832769168
v min = -7.249394013360246
d max = 0.07607142857142857
d min = 0.07607142857142857
dF max = 0.07607142857142857
dB max = 0.07607142857142857
hk max = 0.032198921643923545
hk min = 0.02130979871895638
hz max = 0.04752509413129427
hz min = 0.022777087483641618
lambdaF max = 0.6862316455907388
lambdaF min = 0.006028620769798678
lambdaB max = 0.6980884613025954
lambdaB min = 0.006028620769798678
----------------------------------
----------------------------------
Iteration = 54
Distance = 0.0001621471420909515
v max = -1.1661619740722238
v min = -7.249556160502337
d max = 0.07607142857142857
d min = 0.07607142857142857
dF max = 0.07607142857142857
dB max = 0.07607142857142857
hk max = 0.03219892167625263
hk min = 0.02130979872480434
hz max = 0.047525094204769476
hz min = 0.022777087496932438
lambdaF max = 0.6862316466674098
lambdaF min = 0.006028620769798678
lambdaB max = 0.6980884623973856
lambdaB min = 0.006028620769798678
----------------------------------
----------------------------------
Iteration = 55
Distance = 0.00014099694624114534
v max = -1.1663029669726221
v min = -7.249697157448578
d max = 0.07607142857142857
d min = 0.07607142857142857
dF max = 0.07607142857142857
dB max = 0.07607142857142857
hk max = 0.03219892169865217
hk min = 0.021309798728856806
hz max = 0.047525094255677504
hz min = 0.022777087506142584
lambdaF max = 0.6862316474134125
lambdaF min = 0.006028620769798678
lambdaB max = 0.698088463155957
lambdaB min = 0.006028620769798678
----------------------------------
----------------------------------
Iteration = 56
Distance = 0.00012260564620891756
v max = -1.1664255698154877
v min = -7.249819763094787
d max = 0.07607142857142857
d min = 0.07607142857142857
dF max = 0.07607142857142857
dB max = 0.07607142857142857
hk max = 0.03219892171417305
hk min = 0.02130979873166449
hz max = 0.047525094290952245
hz min = 0.02277708751252369
lambdaF max = 0.6862316479303261
lambdaF min = 0.006028620769798678
lambdaB max = 0.6980884636815747
lambdaB min = 0.006028620769798678
----------------------------------
----------------------------------
Iteration = 57
Distance = 0.00010661333240857829
v max = -1.1665321812054685
v min = -7.2499263764271955
d max = 0.07607142857142857
d min = 0.07607142857142857
dF max = 0.07607142857142857
dB max = 0.07607142857142857
hk max = 0.0321989217249266
hk min = 0.021309798733610035
hz max = 0.04752509431539213
hz min = 0.022777087516945384
lambdaF max = 0.6862316482884665
lambdaF min = 0.006028620769798678
lambdaB max = 0.6980884640457594
lambdaB min = 0.006028620769798678
----------------------------------
----------------------------------
Iteration = 58
Distance = 9.270705641473143e-5
v max = -1.1666248869159783
v min = -7.25001908348361
d max = 0.07607142857142857
d min = 0.07607142857142857
dF max = 0.07607142857142857
dB max = 0.07607142857142857
hk max = 0.032198921732377705
hk min = 0.021309798734957697
hz max = 0.04752509433232645
hz min = 0.02277708752000825
lambdaF max = 0.6862316485366252
lambdaF min = 0.006028620769798678
lambdaB max = 0.6980884642980812
lambdaB min = 0.006028620769798678
----------------------------------
----------------------------------
Iteration = 59
Distance = 8.061470060383158e-5
v max = -1.1667055006840048
v min = -7.250099698184214
d max = 0.07607142857142857
d min = 0.07607142857142857
dF max = 0.07607142857142857
dB max = 0.07607142857142857
hk max = 0.032198921737541776
hk min = 0.021309798735891974
hz max = 0.047525094344062976
hz min = 0.022777087522131607
lambdaF max = 0.6862316487085993
lambdaF min = 0.006028620769798678
lambdaB max = 0.6980884644729617
lambdaB min = 0.006028620769798678
----------------------------------
----------------------------------
Iteration = 60
Distance = 7.009964883319952e-5
v max = -1.1667755996866584
v min = -7.250169797833047
d max = 0.07607142857142857
d min = 0.07607142857142857
dF max = 0.07607142857142857
dB max = 0.07607142857142857
hk max = 0.03219892174112074
hk min = 0.021309798736539102
hz max = 0.047525094352197
hz min = 0.022777087523602354
lambdaF max = 0.6862316488277853
lambdaF min = 0.006028620769798678
lambdaB max = 0.6980884645941466
lambdaB min = 0.006028620769798678
----------------------------------
----------------------------------
Iteration = 61
Distance = 6.095615345635963e-5
v max = -1.1668365553923798
v min = -7.250230753986504
d max = 0.07607142857142857
d min = 0.07607142857142857
dF max = 0.07607142857142857
dB max = 0.07607142857142857
hk max = 0.0321989217435992
hk min = 0.02130979873698763
hz max = 0.04752509435782986
hz min = 0.022777087524621733
lambdaF max = 0.6862316489103425
lambdaF min = 0.006028620769798678
lambdaB max = 0.6980884646780912
lambdaB min = 0.006028620769798678
----------------------------------
----------------------------------
Iteration = 62
Distance = 5.300530722784913e-5
v max = -1.1668895603893763
v min = -7.2502837592937315
d max = 0.07607142857142857
d min = 0.07607142857142857
dF max = 0.07607142857142857
dB max = 0.07607142857142857
hk max = 0.03219892174531655
hk min = 0.021309798737297898
hz max = 0.047525094361732925
hz min = 0.02277708752532689
lambdaF max = 0.6862316489675202
lambdaF min = 0.006028620769798678
lambdaB max = 0.698088464736243
lambdaB min = 0.006028620769798678
----------------------------------
----------------------------------
Iteration = 63
Distance = 4.6091541303638905e-5
v max = -1.1669356517157117
v min = -7.250329850835035
d max = 0.07607142857142857
d min = 0.07607142857142857
dF max = 0.07607142857142857
dB max = 0.07607142857142857
hk max = 0.032198921746506765
hk min = 0.02130979873751384
hz max = 0.04752509436443796
hz min = 0.022777087525817665
lambdaF max = 0.6862316490071545
lambdaF min = 0.006028620769798678
lambdaB max = 0.6980884647765224
lambdaB min = 0.006028620769798678
----------------------------------
----------------------------------
Iteration = 64
Distance = 4.0079580188034925e-5
v max = -1.166975731146952
v min = -7.250369930415223
d max = 0.07607142857142857
d min = 0.07607142857142857
dF max = 0.07607142857142857
dB max = 0.07607142857142857
hk max = 0.03219892174733169
hk min = 0.02130979873766227
hz max = 0.047525094366312776
hz min = 0.022777087526155006
lambdaF max = 0.6862316490346106
lambdaF min = 0.006028620769798678
lambdaB max = 0.698088464804441
lambdaB min = 0.006028620769798678
----------------------------------
----------------------------------
Iteration = 65
Distance = 3.485179435269714e-5
v max = -1.1670105828381099
v min = -7.250404782209576
d max = 0.07607142857142857
d min = 0.07607142857142857
dF max = 0.07607142857142857
dB max = 0.07607142857142857
hk max = 0.03219892174790136
hk min = 0.021309798737766308
hz max = 0.0475250943676075
hz min = 0.02277708752639146
lambdaF max = 0.6862316490536332
lambdaF min = 0.006028620769798678
lambdaB max = 0.6980884648237934
lambdaB min = 0.006028620769798678
----------------------------------
----------------------------------
Iteration = 66
Distance = 3.0305898087057415e-5
v max = -1.167040888664689
v min = -7.250435088107663
d max = 0.07607142857142857
d min = 0.07607142857142857
dF max = 0.07607142857142857
dB max = 0.07607142857142857
hk max = 0.032198921748298096
hk min = 0.021309798737837747
hz max = 0.04752509436850917
hz min = 0.022777087526553823
lambdaF max = 0.6862316490668184
lambdaF min = 0.006028620769798678
lambdaB max = 0.6980884648372095
lambdaB min = 0.006028620769798678
----------------------------------
----------------------------------
Iteration = 67
Distance = 2.6352947899432877e-5
v max = -1.1670672415630354
v min = -7.250461441055562
d max = 0.07607142857142857
d min = 0.07607142857142857
dF max = 0.07607142857142857
dB max = 0.07607142857142857
hk max = 0.032198921748573694
hk min = 0.021309798737887225
hz max = 0.04752509436913551
hz min = 0.02277708752666627
lambdaF max = 0.68623164907596
lambdaF min = 0.006028620769798678
lambdaB max = 0.6980884648465157
lambdaB min = 0.006028620769798678
----------------------------------
----------------------------------
Iteration = 68
Distance = 2.2915602038153793e-5
v max = -1.1670901571307393
v min = -7.2504843566576005
d max = 0.07607142857142857
d min = 0.07607142857142857
dF max = 0.07607142857142857
dB max = 0.07607142857142857
hk max = 0.03219892174876328
hk min = 0.021309798737921673
hz max = 0.04752509436956639
hz min = 0.022777087526744563
lambdaF max = 0.6862316490823166
lambdaF min = 0.006028620769798678
lambdaB max = 0.6980884648529717
lambdaB min = 0.006028620769798678
----------------------------------
----------------------------------
Iteration = 69
Distance = 1.9926607128795126e-5
v max = -1.1671100837140802
v min = -7.250504283264729
d max = 0.07607142857142857
d min = 0.07607142857142857
dF max = 0.07607142857142857
dB max = 0.07607142857142857
hk max = 0.03219892174889552
hk min = 0.021309798737945487
hz max = 0.047525094369866946
hz min = 0.022777087526798686
lambdaF max = 0.6862316490867221
lambdaF min = 0.006028620769798678
lambdaB max = 0.6980884648574437
lambdaB min = 0.006028620769798678
----------------------------------
----------------------------------
Iteration = 70
Distance = 1.7327482142448503e-5
v max = -1.1671274111797374
v min = -7.250521610746872
d max = 0.07607142857142857
d min = 0.07607142857142857
dF max = 0.07607142857142857
dB max = 0.07607142857142857
hk max = 0.03219892174898707
hk min = 0.021309798737962134
hz max = 0.04752509437007502
hz min = 0.022777087526836517
lambdaF max = 0.686231649089743
lambdaF min = 0.006028620769798678
lambdaB max = 0.6980884648605142
lambdaB min = 0.006028620769798678
----------------------------------
----------------------------------
Iteration = 71
Distance = 1.5067374168786785e-5
v max = -1.1671424785424844
v min = -7.2505366781210405
d max = 0.07607142857142857
d min = 0.07607142857142857
dF max = 0.07607142857142857
dB max = 0.07607142857142857
hk max = 0.032198921749049966
hk min = 0.021309798737973232
hz max = 0.04752509437021795
hz min = 0.02277708752686174
lambdaF max = 0.6862316490918355
lambdaF min = 0.006028620769798678
lambdaB max = 0.6980884648626715
lambdaB min = 0.006028620769798678
----------------------------------
----------------------------------
Iteration = 72
Distance = 1.3102063372016914e-5
v max = -1.1671555805979539
v min = -7.2505497801844125
d max = 0.07607142857142857
d min = 0.07607142857142857
dF max = 0.07607142857142857
dB max = 0.07607142857142857
hk max = 0.03219892174909343
hk min = 0.021309798737981556
hz max = 0.04752509437031673
hz min = 0.022777087526880655
lambdaF max = 0.6862316490932989
lambdaF min = 0.006028620769798678
lambdaB max = 0.6980884648641359
lambdaB min = 0.006028620769798678
----------------------------------
----------------------------------
Iteration = 73
Distance = 1.139309782338671e-5
v max = -1.1671669736902939
v min = -7.250561173282236
d max = 0.07607142857142857
d min = 0.07607142857142857
dF max = 0.07607142857142857
dB max = 0.07607142857142857
hk max = 0.032198921749122096
hk min = 0.021309798737986642
hz max = 0.04752509437038189
hz min = 0.022777087526892215
lambdaF max = 0.6862316490943218
lambdaF min = 0.006028620769798678
lambdaB max = 0.6980884648651909
lambdaB min = 0.006028620769798678
----------------------------------
----------------------------------
Iteration = 74
Distance = 9.907041057743982e-6
v max = -1.1671768807275507
v min = -7.250571080323294
d max = 0.07607142857142857
d min = 0.07607142857142857
dF max = 0.07607142857142857
dB max = 0.07607142857142857
hk max = 0.03219892174914244
hk min = 0.021309798737990805
hz max = 0.04752509437042813
hz min = 0.022777087526901673
lambdaF max = 0.686231649095014
lambdaF min = 0.006028620769798678
lambdaB max = 0.6980884648658996
lambdaB min = 0.006028620769798678
----------------------------------
    Value Function Converged, Iteration = 74 with gamma=8.0 with rho=1.0 and v=-3.298258227681056
    Natural boundary condition
=============================================================
Convegence time (minutes): 0.11690935141666667
Current Time = 22:21:39
grid points for z:  401
grid size for z:  0.025
-0.24365080374873171
-0.4910605686606646
--- 8.678566932678223 seconds for the elasticity computation ---
-0.029525984237213032
-0.1714260332246748
--- 0.06432580947875977 seconds for the elasticity computation ---
-0.10363382113649997
-0.31963453543598985
--- 0.0635068416595459 seconds for the elasticity computation ---
-0.31800540483576056
-0.49670450877374167
--- 0.06248784065246582 seconds for the elasticity computation ---
Current Time = 22:21:51
grid points for z:  401
grid size for z:  0.025
rho = 1
0.05935460108702888
--- 8.594872236251831 seconds for the elasticity computation ---
0.0
--- 0.06910920143127441 seconds for the elasticity computation ---
0.05935460108702888
--- 0.06844735145568848 seconds for the elasticity computation ---
0.0
--- 0.06939196586608887 seconds for the elasticity computation ---
0.0
--- 0.0689845085144043 seconds for the elasticity computation ---
0.05935460108702888
0.005643940113077034
--- 0.06914520263671875 seconds for the elasticity computation ---
0.05935460108702888
0.005643940113077034
--- 0.06832051277160645 seconds for the elasticity computation ---
0.05935460108702888
0.005643940113077034
--- 0.0678708553314209 seconds for the elasticity computation ---
0.05935460108702888
0.005643940113077034
--- 0.06804370880126953 seconds for the elasticity computation ---
parsed_args = parse_commandline() = Dict{String, Any}("dataname" => "lower_triangular_four_ambiguous_parameters", "clowerlim" => 0.0001, "delta" => 0.015, "boundary" => 0, "Delta" => 10.0, "q" => 0.1, "zmax" => 5.0, "logadjustment" => 1, "zscale" => 2.0, "foc" => 1, "distorted" => 0, "rho" => 1.0, "gamma" => 8.0)
=============================================================
./output/lower_triangular_four_ambiguous_parameters/Delta_10.0_distorted_0/logadjustment_1_boundary_0/zmax_5.0_zscale_2.0/delta_0.015/q_0.1_gamma_8.0_rho_1.0/
=============================================================
solve for structured linear system 
structured_relative_entropy = 0.10126221820132232
=============================================================
solve for unstructured linear system 
q_update = 0.39279729303506217
=============================================================
parsed_args = parse_commandline() = Dict{String, Any}("dataname" => "lower_triangular_four_ambiguous_parameters", "clowerlim" => 0.0001, "delta" => 0.015, "boundary" => 0, "Delta" => 10.0, "q" => 0.1, "zmax" => 5.0, "logadjustment" => 1, "zscale" => 2.0, "foc" => 1, "distorted" => 0, "rho" => 1.0, "gamma" => 8.0)
=============================================================
./output/lower_triangular_four_ambiguous_parameters/Delta_10.0_distorted_0/logadjustment_1_boundary_0/zmax_5.0_zscale_2.0/delta_0.015/q_0.1_gamma_8.0_rho_1.0/
=============================================================
solve for structured linear system 
structured_relative_entropy = 0.10126221820132231
=============================================================
solve for unstructured linear system 
q_update = 0.39279729303506206
=============================================================
Program ends Fri Jan 19 22:22:32 CST 2024
Elapsed time: 0 days 00 hr 01 min 22 sec
