D_10.0_distorted_0_boundary_1_delta_0.01_gamma_6.0_q_0.05_rho_1.0_upper_triangular_four_ambiguous_parameters
Program starts Fri Jan 19 22:17:07 CST 2024
parsed_args = parse_commandline() = Dict{String, Any}("dataname" => "upper_triangular_four_ambiguous_parameters", "clowerlim" => 0.0001, "delta" => 0.01, "boundary" => 1, "Delta" => 10.0, "q" => 0.05, "zmax" => 5.0, "logadjustment" => 1, "zscale" => 2.0, "foc" => 1, "distorted" => 0, "rho" => 1.0, "gamma" => 6.0)
=============================================================
logadjustment: true
reflective_boundary: true
0.0922
U: [1.0331966455186503 0.4546065240282061; 0.0 0.06463435618925897]
L: [1.0331966455186503 0.0; 0.4546065240282061 0.06463435618925897]
[-2.220446049250313e-16 0.0; 0.0 0.0]
sigma_k: [0.010331966455186503, 0.004546065240282061]
sigma_z: [0.0, 0.06463435618925897]
Compute value function WITH ROBUSTNESS
computing undistorted version...
zmax = 5.0, zmin = -5.0, zlength = 401
reflective boundary condition
----------------------------------
Iteration = 1
Distance = 1.223364747590114
v max = -0.8172813666098742
v min = -3.223364747590114
d max = 0.07611111111111112
d min = 0.07611111111111112
dF max = 0.07611111111111112
dB max = 0.07611111111111112
hk max = 0.010331966455186503
hk min = 0.010331966455186503
hz max = 0.004546065240282061
hz min = 0.004546065240282061
lambdaF max = 0.3192694661254032
lambdaF min = 0.01225494967187982
lambdaB max = 0.3192694661254032
lambdaB min = 0.01225494967187982
----------------------------------
----------------------------------
Iteration = 2
Distance = 0.8793518081892437
v max = -0.27055436526440246
v min = -4.102716555779358
d max = 0.07611111111111112
d min = 0.07611111111111112
dF max = 0.07611111111111112
dB max = 0.07611111111111112
hk max = 0.010331966455186503
hk min = 0.010331966455186503
hz max = 0.020120608900348103
hz min = 0.016576009988621895
lambdaF max = 0.6397427191312295
lambdaF min = 0.01225494967187982
lambdaB max = 0.6397427191311716
lambdaB min = 0.01225494967187982
----------------------------------
----------------------------------
Iteration = 3
Distance = 0.5939536676906769
v max = 0.008720958443592181
v min = -4.696670223470035
d max = 0.07611111111111112
d min = 0.07611111111111112
dF max = 0.07611111111111112
dB max = 0.07611111111111112
hk max = 0.010331966455186503
hk min = 0.010331966455186503
hz max = 0.031148657706988454
hz min = 0.022992859135658537
lambdaF max = 0.8782713885513045
lambdaF min = 0.01225494967187982
lambdaB max = 0.8819576963389154
lambdaB min = 0.01225494967187982
----------------------------------
----------------------------------
Iteration = 4
Distance = 0.411275973451775
v max = 0.13970394648832465
v min = -5.10794619692181
d max = 0.07611111111111112
d min = 0.07611111111111112
dF max = 0.07611111111111112
dB max = 0.07611111111111112
hk max = 0.010331966455186503
hk min = 0.010331966455186503
hz max = 0.0383396868133048
hz min = 0.026266241579543326
lambdaF max = 1.0333954869141233
lambdaF min = 0.01225494967187982
lambdaB max = 1.0399168142455395
lambdaB min = 0.01225494967187982
----------------------------------
----------------------------------
Iteration = 5
Distance = 0.2923659276820665
v max = 0.1906301480128709
v min = -5.400312124603876
d max = 0.07611111111111112
d min = 0.07611111111111112
dF max = 0.07611111111111112
dB max = 0.07611111111111112
hk max = 0.010331966455186503
hk min = 0.010331966455186503
hz max = 0.04305513193163748
hz min = 0.028141505572589202
lambdaF max = 1.1347755953165684
lambdaF min = 0.01225494967187982
lambdaB max = 1.1434016269065512
lambdaB min = 0.01225494967187982
----------------------------------
----------------------------------
Iteration = 6
Distance = 0.21299562148718731
v max = 0.19886716693041814
v min = -5.613307746091063
d max = 0.07611111111111112
d min = 0.07611111111111112
dF max = 0.07611111111111112
dB max = 0.07611111111111112
hk max = 0.010331966455186503
hk min = 0.010331966455186503
hz max = 0.04616523888103764
hz min = 0.029139864260494253
lambdaF max = 1.2020916333331586
lambdaF min = 0.01225494967187982
lambdaB max = 1.212231988758813
lambdaB min = 0.01225494967187982
----------------------------------
----------------------------------
Iteration = 7
Distance = 0.15912202599980407
v max = 0.1843419845931856
v min = -5.7724297720908675
d max = 0.07611111111111112
d min = 0.07611111111111112
dF max = 0.07611111111111112
dB max = 0.07611111111111112
hk max = 0.010331966455186503
hk min = 0.010331966455186503
hz max = 0.04822060988509627
hz min = 0.02970306460653459
lambdaF max = 1.2479614022339816
lambdaF min = 0.01225494967187982
lambdaB max = 1.2584891275028616
lambdaB min = 0.01225494967187982
----------------------------------
----------------------------------
Iteration = 8
Distance = 0.12198612860573999
v max = 0.15780592539712066
v min = -5.8944159006966075
d max = 0.07611111111111112
d min = 0.07611111111111112
dF max = 0.07611111111111112
dB max = 0.07611111111111112
hk max = 0.010331966455186503
hk min = 0.010331966455186503
hz max = 0.04958003422848701
hz min = 0.030028960900653035
lambdaF max = 1.2789344778028116
lambdaF min = 0.01225494967187982
lambdaB max = 1.2900585525727701
lambdaB min = 0.01225494967187982
----------------------------------
----------------------------------
Iteration = 9
Distance = 0.09596085749735206
v max = 0.12523078964828796
v min = -5.9903767581939595
d max = 0.07611111111111112
d min = 0.07611111111111112
dF max = 0.07611111111111112
dB max = 0.07611111111111112
hk max = 0.010331966455186503
hk min = 0.010331966455186503
hz max = 0.05047952020660563
hz min = 0.030228491962508125
lambdaF max = 1.2998607119124173
lambdaF min = 0.01225494967187982
lambdaB max = 1.3113825329061883
lambdaB min = 0.01225494967187982
----------------------------------
----------------------------------
Iteration = 10
Distance = 0.07737878335596093
v max = 0.09007650563978938
v min = -6.0677555415499205
d max = 0.07611111111111112
d min = 0.07611111111111112
dF max = 0.07611111111111112
dB max = 0.07611111111111112
hk max = 0.010331966455186503
hk min = 0.010331966455186503
hz max = 0.05107483778569496
hz min = 0.030355899078524363
lambdaF max = 1.3139736174302707
lambdaF min = 0.01225494967187982
lambdaB max = 1.325751812449369
lambdaB min = 0.01225494967187982
----------------------------------
----------------------------------
Iteration = 11
Distance = 0.06382884116255383
v max = 0.05441185224211139
v min = -6.131584382712474
d max = 0.07611111111111112
d min = 0.07611111111111112
dF max = 0.07611111111111112
dB max = 0.07611111111111112
hk max = 0.010331966455186503
hk min = 0.010331966455186503
hz max = 0.051468935439418814
hz min = 0.03043989672046692
lambdaF max = 1.3234653239497989
lambdaF min = 0.01225494967187982
lambdaB max = 1.335408588128301
lambdaB min = 0.01225494967187982
----------------------------------
----------------------------------
Iteration = 12
Distance = 0.05371596517489863
v max = 0.01948580025697349
v min = -6.185300347887373
d max = 0.07611111111111112
d min = 0.07611111111111112
dF max = 0.07611111111111112
dB max = 0.07611111111111112
hk max = 0.010331966455186503
hk min = 0.010331966455186503
hz max = 0.05172988906375067
hz min = 0.03049624177747315
lambdaF max = 1.3298311070283384
lambdaF min = 0.01225494967187982
lambdaB max = 1.3418810195043207
lambdaB min = 0.01225494967187982
----------------------------------
----------------------------------
Iteration = 13
Distance = 0.04597922310244851
v max = -0.013962286312165674
v min = -6.231279570989821
d max = 0.07611111111111112
d min = 0.07611111111111112
dF max = 0.07611111111111112
dB max = 0.07611111111111112
hk max = 0.010331966455186503
hk min = 0.010331966455186503
hz max = 0.05190272570902816
hz min = 0.03053435151780627
lambdaF max = 1.3340901462398598
lambdaF min = 0.01225494967187982
lambdaB max = 1.3462093456890216
lambdaB min = 0.01225494967187982
----------------------------------
----------------------------------
Iteration = 14
Distance = 0.03990913488907388
v max = -0.04551967001956877
v min = -6.271188705878895
d max = 0.07611111111111112
d min = 0.07611111111111112
dF max = 0.07611111111111112
dB max = 0.07611111111111112
hk max = 0.010331966455186503
hk min = 0.010331966455186503
hz max = 0.05201723201287525
hz min = 0.030560190682060794
lambdaF max = 1.336934327816398
lambdaF min = 0.01225494967187982
lambdaB max = 1.349098803385685
lambdaB min = 0.01225494967187982
----------------------------------
----------------------------------
Iteration = 15
Distance = 0.03502837133315673
v max = -0.07498564019395859
v min = -6.306217077212052
d max = 0.07611111111111112
d min = 0.07611111111111112
dF max = 0.07611111111111112
dB max = 0.07611111111111112
hk max = 0.010331966455186503
hk min = 0.010331966455186503
hz max = 0.05209311580614213
hz min = 0.030577694229303027
lambdaF max = 1.3388310748545513
lambdaF min = 0.01225494967187982
lambdaB max = 1.3510252844606394
lambdaB min = 0.01225494967187982
----------------------------------
----------------------------------
Iteration = 16
Distance = 0.03101346018872242
v max = -0.1022967606352835
v min = -6.3372305374007745
d max = 0.07611111111111112
d min = 0.07611111111111112
dF max = 0.07611111111111112
dB max = 0.07611111111111112
hk max = 0.010331966455186503
hk min = 0.010331966455186503
hz max = 0.05214341904446601
hz min = 0.030589519455416353
lambdaF max = 1.3400947774487466
lambdaF min = 0.01225494967187982
lambdaB max = 1.3523085884865014
lambdaB min = 0.01225494967187982
----------------------------------
----------------------------------
Iteration = 17
Distance = 0.027643229629909172
v max = -0.12747693356860454
v min = -6.364873767030684
d max = 0.07611111111111112
d min = 0.07611111111111112
dF max = 0.07611111111111112
dB max = 0.07611111111111112
hk max = 0.010331966455186503
hk min = 0.010331966455186503
hz max = 0.05217677456659569
hz min = 0.03059748220157429
lambdaF max = 1.3409361581316428
lambdaF min = 0.01225494967187982
lambdaB max = 1.3531629253750543
lambdaB min = 0.01225494967187982
----------------------------------
----------------------------------
Iteration = 18
Distance = 0.02476477102540997
v max = -0.15060370304449439
v min = -6.389638538056094
d max = 0.07611111111111112
d min = 0.07611111111111112
dF max = 0.07611111111111112
dB max = 0.07611111111111112
hk max = 0.010331966455186503
hk min = 0.010331966455186503
hz max = 0.05219889833304398
hz min = 0.03060282721984365
lambdaF max = 1.3414960971535619
lambdaF min = 0.01225494967187982
lambdaB max = 1.3537314434121794
lambdaB min = 0.01225494967187982
----------------------------------
----------------------------------
Iteration = 19
Distance = 0.022270918989132582
v max = -0.17178557788237336
v min = -6.411909457045226
d max = 0.07611111111111112
d min = 0.07611111111111112
dF max = 0.07611111111111112
dB max = 0.07611111111111112
hk max = 0.010331966455186503
hk min = 0.010331966455186503
hz max = 0.052213576179655156
hz min = 0.030606405591333326
lambdaF max = 1.341868615997367
lambdaF min = 0.01225494967187982
lambdaB max = 1.3541096494400782
lambdaB min = 0.01225494967187982
----------------------------------
----------------------------------
Iteration = 20
Distance = 0.020085320731222822
v max = -0.1911469531364451
v min = -6.431994777776449
d max = 0.07611111111111112
d min = 0.07611111111111112
dF max = 0.07611111111111112
dB max = 0.07611111111111112
hk max = 0.010331966455186503
hk min = 0.010331966455186503
hz max = 0.05222331639555268
hz min = 0.03060879632016485
lambdaF max = 1.3421163890471768
lambdaF min = 0.01225494967187982
lambdaB max = 1.3543611954584176
lambdaB min = 0.01225494967187982
----------------------------------
----------------------------------
Iteration = 21
Distance = 0.01815251540890017
v max = -0.20881827239566744
v min = -6.450147293185349
d max = 0.07611111111111112
d min = 0.07611111111111112
dF max = 0.07611111111111112
dB max = 0.07611111111111112
hk max = 0.010331966455186503
hk min = 0.010331966455186503
hz max = 0.052229781388017316
hz min = 0.03061039117430325
lambdaF max = 1.3422811614921375
lambdaF min = 0.01225494967187982
lambdaB max = 1.3545284722050839
lambdaB min = 0.01225494967187982
----------------------------------
----------------------------------
Iteration = 22
Distance = 0.01643132582727791
v max = -0.22492977349599735
v min = -6.466578619012627
d max = 0.07611111111111112
d min = 0.07611111111111112
dF max = 0.07611111111111112
dB max = 0.07611111111111112
hk max = 0.010331966455186503
hk min = 0.010331966455186503
hz max = 0.052234073298879954
hz min = 0.03061145396734744
lambdaF max = 1.3423907230692704
lambdaF min = 0.01225494967187982
lambdaB max = 1.3546396965833996
lambdaB min = 0.01225494967187982
----------------------------------
----------------------------------
Iteration = 23
Distance = 0.01489044320632349
v max = -0.23960765415518387
v min = -6.481469062218951
d max = 0.07611111111111112
d min = 0.07611111111111112
dF max = 0.07611111111111112
dB max = 0.07611111111111112
hk max = 0.010331966455186503
hk min = 0.010331966455186503
hz max = 0.052236923049336505
hz min = 0.03061216167672022
lambdaF max = 1.3424635661859228
lambdaF min = 0.01225494967187982
lambdaB max = 1.3547136440356613
lambdaB min = 0.01225494967187982
----------------------------------
----------------------------------
Iteration = 24
Distance = 0.013505466050237835
v max = -0.2529718491645782
v min = -6.494974528269188
d max = 0.07611111111111112
d min = 0.07611111111111112
dF max = 0.07611111111111112
dB max = 0.07611111111111112
hk max = 0.010331966455186503
hk min = 0.010331966455186503
hz max = 0.05223881551132204
hz min = 0.030612632695864894
lambdaF max = 1.342511992931398
lambdaF min = 0.01225494967187982
lambdaB max = 1.3547628043481985
lambdaB min = 0.01225494967187982
----------------------------------
----------------------------------
Iteration = 25
Distance = 0.012256904678162428
v max = -0.2651348646992452
v min = -6.507231432947351
d max = 0.07611111111111112
d min = 0.07611111111111112
dF max = 0.07611111111111112
dB max = 0.07611111111111112
hk max = 0.010331966455186503
hk min = 0.010331966455186503
hz max = 0.05224007241820563
hz min = 0.030612946072333367
lambdaF max = 1.3425441855353821
lambdaF min = 0.01225494967187982
lambdaB max = 1.35479548429684
lambdaB min = 0.01225494967187982
----------------------------------
----------------------------------
Iteration = 26
Distance = 0.011128828219698406
v max = -0.27620129416672257
v min = -6.518360261167049
d max = 0.07611111111111112
d min = 0.07611111111111112
dF max = 0.07611111111111112
dB max = 0.07611111111111112
hk max = 0.010331966455186503
hk min = 0.010331966455186503
hz max = 0.05224090730356828
hz min = 0.030613154513337053
lambdaF max = 1.3425655851890819
lambdaF min = 0.01225494967187982
lambdaB max = 1.3548172077492764
lambdaB min = 0.01225494967187982
----------------------------------
----------------------------------
Iteration = 27
Distance = 0.010107939994324688
v max = -0.2862677639569761
v min = -6.528468201161374
d max = 0.07611111111111112
d min = 0.07611111111111112
dF max = 0.07611111111111112
dB max = 0.07611111111111112
hk max = 0.010331966455186503
hk min = 0.010331966455186503
hz max = 0.0522414619183159
hz min = 0.030613293131159465
lambdaF max = 1.342579809839457
lambdaF min = 0.01225494967187982
lambdaB max = 1.354831647552011
lambdaB min = 0.01225494967187982
----------------------------------
----------------------------------
Iteration = 28
Distance = 0.009182939315686589
v max = -0.295423142143859
v min = -6.5376511404770605
d max = 0.07611111111111112
d min = 0.07611111111111112
dF max = 0.07611111111111112
dB max = 0.07611111111111112
hk max = 0.010331966455186503
hk min = 0.010331966455186503
hz max = 0.05224183037856133
hz min = 0.030613385302303432
lambdaF max = 1.3425892648945972
lambdaF min = 0.01225494967187982
lambdaB max = 1.3548412455756642
lambdaB min = 0.01225494967187982
----------------------------------
----------------------------------
Iteration = 29
Distance = 0.008344075473194934
v max = -0.3037489004280604
v min = -6.5459952159502555
d max = 0.07611111111111112
d min = 0.07611111111111112
dF max = 0.07611111111111112
dB max = 0.07611111111111112
hk max = 0.010331966455186503
hk min = 0.010331966455186503
hz max = 0.05224207518292958
hz min = 0.03061344658327941
lambdaF max = 1.342595549481633
lambdaF min = 0.01225494967187982
lambdaB max = 1.3548476251690091
lambdaB min = 0.01225494967187982
----------------------------------
----------------------------------
Iteration = 30
Distance = 0.007582831234782539
v max = -0.3113195579838796
v min = -6.553578047185038
d max = 0.07611111111111112
d min = 0.07611111111111112
dF max = 0.07611111111111112
dB max = 0.07611111111111112
hk max = 0.010331966455186503
hk min = 0.010331966455186503
hz max = 0.05224223783975803
hz min = 0.030613487323366165
lambdaF max = 1.3425997266469443
lambdaF min = 0.01225494967187982
lambdaB max = 1.3548518654703798
lambdaB min = 0.01225494967187982
----------------------------------
----------------------------------
Iteration = 31
Distance = 0.0068916941483117
v max = -0.31820316143208116
v min = -6.56046974133335
d max = 0.07611111111111112
d min = 0.07611111111111112
dF max = 0.07611111111111112
dB max = 0.07611111111111112
hk max = 0.010331966455186503
hk min = 0.010331966455186503
hz max = 0.0522423459199493
hz min = 0.030613514406057474
lambdaF max = 1.3426025030364401
lambdaF min = 0.01225494967187982
lambdaB max = 1.3548546838178763
lambdaB min = 0.01225494967187982
----------------------------------
----------------------------------
Iteration = 32
Distance = 0.006263987802920035
v max = -0.3244617720922962
v min = -6.56673372913627
d max = 0.07611111111111112
d min = 0.07611111111111112
dF max = 0.07611111111111112
dB max = 0.07611111111111112
hk max = 0.010331966455186503
hk min = 0.010331966455186503
hz max = 0.05224241773857713
hz min = 0.030613532408909197
lambdaF max = 1.342604348367073
lambdaF min = 0.01225494967187982
lambdaB max = 1.3548565570326427
lambdaB min = 0.01225494967187982
----------------------------------
----------------------------------
Iteration = 33
Distance = 0.0056937444294336
v max = -0.3301519428214334
v min = -6.572427473565703
d max = 0.07611111111111112
d min = 0.07611111111111112
dF max = 0.07611111111111112
dB max = 0.07611111111111112
hk max = 0.010331966455186503
hk min = 0.010331966455186503
hz max = 0.05224246546319814
hz min = 0.03061354437562483
lambdaF max = 1.3426055748570653
lambdaF min = 0.01225494967187982
lambdaB max = 1.3548578020539819
lambdaB min = 0.01225494967187982
----------------------------------
----------------------------------
Iteration = 34
Distance = 0.005175606343073014
v max = -0.33532517404378176
v min = -6.577603079908776
d max = 0.07611111111111112
d min = 0.07611111111111112
dF max = 0.07611111111111112
dB max = 0.07611111111111112
hk max = 0.010331966455186503
hk min = 0.010331966455186503
hz max = 0.05224249717784131
hz min = 0.030613552329821048
lambdaF max = 1.3426063900316914
lambdaF min = 0.01225494967187982
lambdaB max = 1.3548586295443537
lambdaB min = 0.01225494967187982
----------------------------------
----------------------------------
Iteration = 35
Distance = 0.00470474780709651
v max = -0.34002834331621645
v min = -6.582307827715873
d max = 0.07611111111111112
d min = 0.07611111111111112
dF max = 0.07611111111111112
dB max = 0.07611111111111112
hk max = 0.010331966455186503
hk min = 0.010331966455186503
hz max = 0.05224251825378223
hz min = 0.030613557616804326
lambdaF max = 1.342606931826332
lambdaF min = 0.01225494967187982
lambdaB max = 1.354859179524018
lambdaB min = 0.01225494967187982
----------------------------------
----------------------------------
Iteration = 36
Distance = 0.004276811611435782
v max = -0.34430410581212506
v min = -6.586584639327309
d max = 0.07611111111111112
d min = 0.07611111111111112
dF max = 0.07611111111111112
dB max = 0.07611111111111112
hk max = 0.010331966455186503
hk min = 0.010331966455186503
hz max = 0.05224253226004551
hz min = 0.030613561130886556
lambdaF max = 1.3426072919210161
lambdaF min = 0.01225494967187982
lambdaB max = 1.3548595450584684
lambdaB min = 0.01225494967187982
----------------------------------
----------------------------------
Iteration = 37
Distance = 0.0038878564723816567
v max = -0.3481912650270788
v min = -6.59047249579969
d max = 0.07611111111111112
d min = 0.07611111111111112
dF max = 0.07611111111111112
dB max = 0.07611111111111112
hk max = 0.010331966455186503
hk min = 0.010331966455186503
hz max = 0.052242541568220224
hz min = 0.03061356346654772
lambdaF max = 1.3426075312509211
lambdaF min = 0.01225494967187982
lambdaB max = 1.35485978800373
lambdaB min = 0.01225494967187982
----------------------------------
----------------------------------
Iteration = 38
Distance = 0.0035343125725217917
v max = -0.3517251141915959
v min = -6.594006808372212
d max = 0.07611111111111112
d min = 0.07611111111111112
dF max = 0.07611111111111112
dB max = 0.07611111111111112
hk max = 0.010331966455186503
hk min = 0.010331966455186503
hz max = 0.05224254775424816
hz min = 0.03061356501894522
lambdaF max = 1.3426076903164093
lambdaF min = 0.01225494967187982
lambdaB max = 1.3548599494719538
lambdaB min = 0.01225494967187982
----------------------------------
----------------------------------
Iteration = 39
Distance = 0.0032129433734127133
v max = -0.3549377495765936
v min = -6.597219751745625
d max = 0.07611111111111112
d min = 0.07611111111111112
dF max = 0.07611111111111112
dB max = 0.07611111111111112
hk max = 0.010331966455186503
hk min = 0.010331966455186503
hz max = 0.05224255186540917
hz min = 0.030613566050737305
lambdaF max = 1.3426077960356027
lambdaF min = 0.01225494967187982
lambdaB max = 1.3548600567880469
lambdaB min = 0.01225494967187982
----------------------------------
----------------------------------
Iteration = 40
Distance = 0.002920812382081195
v max = -0.3578583572644368
v min = -6.600140564127706
d max = 0.07611111111111112
d min = 0.07611111111111112
dF max = 0.07611111111111112
dB max = 0.07611111111111112
hk max = 0.010331966455186503
hk min = 0.010331966455186503
hz max = 0.05224255459766019
hz min = 0.03061356673650708
lambdaF max = 1.3426078662992582
lambdaF min = 0.01225494967187982
lambdaB max = 1.3548601281130193
lambdaB min = 0.01225494967187982
----------------------------------
----------------------------------
Iteration = 41
Distance = 0.0026552539236206485
v max = -0.36051347514475235
v min = -6.602795818051327
d max = 0.07611111111111112
d min = 0.07611111111111112
dF max = 0.07611111111111112
dB max = 0.07611111111111112
hk max = 0.010331966455186503
hk min = 0.010331966455186503
hz max = 0.052242556413505135
hz min = 0.03061356719229414
lambdaF max = 1.3426079129982396
lambdaF min = 0.01225494967187982
lambdaB max = 1.3548601755173328
lambdaB min = 0.01225494967187982
----------------------------------
----------------------------------
Iteration = 42
Distance = 0.002413847225159138
v max = -0.3629272319531461
v min = -6.605209665276486
d max = 0.07611111111111112
d min = 0.07611111111111112
dF max = 0.07611111111111112
dB max = 0.07611111111111112
hk max = 0.010331966455186503
hk min = 0.010331966455186503
hz max = 0.05224255762032322
hz min = 0.030613567495225015
lambdaF max = 1.3426079440354313
lambdaF min = 0.01225494967187982
lambdaB max = 1.3548602070233302
lambdaB min = 0.01225494967187982
----------------------------------
----------------------------------
Iteration = 43
Distance = 0.002194393290694485
v max = -0.3651215651512325
v min = -6.60740405856718
d max = 0.07611111111111112
d min = 0.07611111111111112
dF max = 0.07611111111111112
dB max = 0.07611111111111112
hk max = 0.010331966455186503
hk min = 0.010331966455186503
hz max = 0.052242558422379445
hz min = 0.030613567696561997
lambdaF max = 1.3426079646634708
lambdaF min = 0.01225494967187982
lambdaB max = 1.3548602279629354
lambdaB min = 0.01225494967187982
----------------------------------
----------------------------------
Iteration = 44
Distance = 0.0019948941670735465
v max = -0.3671164193796702
v min = -6.609398952734254
d max = 0.07611111111111112
d min = 0.07611111111111112
dF max = 0.07611111111111112
dB max = 0.07611111111111112
hk max = 0.010331966455186503
hk min = 0.010331966455186503
hz max = 0.052242558955431805
hz min = 0.03061356783037648
lambdaF max = 1.342607978373279
lambdaF min = 0.01225494967187982
lambdaB max = 1.3548602418798796
lambdaB min = 0.01225494967187982
----------------------------------
----------------------------------
Iteration = 45
Distance = 0.0018135342870442273
v max = -0.36892992712275835
v min = -6.611212487021298
d max = 0.07611111111111112
d min = 0.07611111111111112
dF max = 0.07611111111111112
dB max = 0.07611111111111112
hk max = 0.010331966455186503
hk min = 0.010331966455186503
hz max = 0.05224255930970549
hz min = 0.03061356791931274
lambdaF max = 1.3426079874851666
lambdaF min = 0.01225494967187982
lambdaB max = 1.3548602511293422
lambdaB min = 0.01225494967187982
----------------------------------
----------------------------------
Iteration = 46
Distance = 0.0016486636358195028
v max = -0.37057857311697234
v min = -6.6128611506571175
d max = 0.07611111111111112
d min = 0.07611111111111112
dF max = 0.07611111111111112
dB max = 0.07611111111111112
hk max = 0.010331966455186503
hk min = 0.010331966455186503
hz max = 0.0522425595451585
hz min = 0.030613567978422122
lambdaF max = 1.3426079935411228
lambdaF min = 0.01225494967187982
lambdaB max = 1.3548602572767658
lambdaB min = 0.01225494967187982
----------------------------------
----------------------------------
Iteration = 47
Distance = 0.0014987825329004778
v max = -0.37207734392493114
v min = -6.614359933190018
d max = 0.07611111111111112
d min = 0.07611111111111112
dF max = 0.07611111111111112
dB max = 0.07611111111111112
hk max = 0.010331966455186503
hk min = 0.010331966455186503
hz max = 0.052242559701640365
hz min = 0.030613568017707773
lambdaF max = 1.342607997566017
lambdaF min = 0.01225494967187982
lambdaB max = 1.3548602613624126
lambdaB min = 0.01225494967187982
----------------------------------
----------------------------------
Iteration = 48
Distance = 0.0013625278536295582
v max = -0.37343986398594053
v min = -6.615722461043648
d max = 0.07611111111111112
d min = 0.07611111111111112
dF max = 0.07611111111111112
dB max = 0.07611111111111112
hk max = 0.010331966455186503
hk min = 0.010331966455186503
hz max = 0.05224255980564548
hz min = 0.030613568043817985
lambdaF max = 1.3426080002410419
lambdaF min = 0.01225494967187982
lambdaB max = 1.3548602640778413
lambdaB min = 0.01225494967187982
----------------------------------
----------------------------------
Iteration = 49
Distance = 0.0012386605408272189
v max = -0.37467851934764185
v min = -6.616961121584475
d max = 0.07611111111111112
d min = 0.07611111111111112
dF max = 0.07611111111111112
dB max = 0.07611111111111112
hk max = 0.010331966455186503
hk min = 0.010331966455186503
hz max = 0.05224255987476332
hz min = 0.03061356806117121
lambdaF max = 1.3426080020189206
lambdaF min = 0.01225494967187982
lambdaB max = 1.35486026588258
lambdaB min = 0.01225494967187982
----------------------------------
----------------------------------
Iteration = 50
Distance = 0.0011260542765958448
v max = -0.3758045701820937
v min = -6.618087175861071
d max = 0.07611111111111112
d min = 0.07611111111111112
dF max = 0.07611111111111112
dB max = 0.07611111111111112
hk max = 0.010331966455186503
hk min = 0.010331966455186503
hz max = 0.05224255992070487
hz min = 0.03061356807270482
lambdaF max = 1.3426080032005046
lambdaF min = 0.01225494967187982
lambdaB max = 1.3548602670820795
lambdaB min = 0.01225494967187982
----------------------------------
----------------------------------
Iteration = 51
Distance = 0.0010236852005389707
v max = -0.3768282530949222
v min = -6.61911086106161
d max = 0.07611111111111112
d min = 0.07611111111111112
dF max = 0.07611111111111112
dB max = 0.07611111111111112
hk max = 0.010331966455186503
hk min = 0.010331966455186503
hz max = 0.052242559951238415
hz min = 0.03061356808037007
lambdaF max = 1.3426080039858688
lambdaF min = 0.01225494967187982
lambdaB max = 1.3548602678792396
lambdaB min = 0.01225494967187982
----------------------------------
----------------------------------
Iteration = 52
Distance = 0.0009306225736578355
v max = -0.37775887414811843
v min = -6.6200414836352675
d max = 0.07611111111111112
d min = 0.07611111111111112
dF max = 0.07611111111111112
dB max = 0.07611111111111112
hk max = 0.010331966455186503
hk min = 0.010331966455186503
hz max = 0.052242559971530586
hz min = 0.030613568085464636
lambdaF max = 1.342608004507831
lambdaF min = 0.01225494967187982
lambdaB max = 1.3548602684090758
lambdaB min = 0.01225494967187982
----------------------------------
----------------------------------
Iteration = 53
Distance = 0.0008460202982369935
v max = -0.3786048934358272
v min = -6.6208875039335044
d max = 0.07611111111111112
d min = 0.07611111111111112
dF max = 0.07611111111111112
dB max = 0.07611111111111112
hk max = 0.010331966455186503
hk min = 0.010331966455186503
hz max = 0.05224255998501201
hz min = 0.030613568088850636
lambdaF max = 1.3426080048547788
lambdaF min = 0.01225494967187982
lambdaB max = 1.354860268761209
lambdaB min = 0.01225494967187982
----------------------------------
----------------------------------
Iteration = 54
Distance = 0.0007691092136479227
v max = -0.37937400197785626
v min = -6.621656613147152
d max = 0.07611111111111112
d min = 0.07611111111111112
dF max = 0.07611111111111112
dB max = 0.07611111111111112
hk max = 0.010331966455186503
hk min = 0.010331966455186503
hz max = 0.05224255999397666
hz min = 0.03061356809110084
lambdaF max = 1.3426080050852596
lambdaF min = 0.01225494967187982
lambdaB max = 1.3548602689952516
lambdaB min = 0.01225494967187982
----------------------------------
----------------------------------
Iteration = 55
Distance = 0.0006991900956023755
v max = -0.38007319162708875
v min = -6.622355803242755
d max = 0.07611111111111112
d min = 0.07611111111111112
dF max = 0.07611111111111112
dB max = 0.07611111111111112
hk max = 0.010331966455186503
hk min = 0.010331966455186503
hz max = 0.052242559999937786
hz min = 0.030613568092596577
lambdaF max = 1.3426080052384524
lambdaF min = 0.01225494967187982
lambdaB max = 1.354860269150808
lambdaB min = 0.01225494967187982
----------------------------------
----------------------------------
Iteration = 56
Distance = 0.0006356272940895025
v max = -0.3807088186245179
v min = -6.622991430536844
d max = 0.07611111111111112
d min = 0.07611111111111112
dF max = 0.07611111111111112
dB max = 0.07611111111111112
hk max = 0.010331966455186503
hk min = 0.010331966455186503
hz max = 0.052242560003896564
hz min = 0.03061356809359072
lambdaF max = 1.3426080053402978
lambdaF min = 0.01225494967187982
lambdaB max = 1.354860269254177
lambdaB min = 0.01225494967187982
----------------------------------
----------------------------------
Iteration = 57
Distance = 0.0005778429510785443
v max = -0.38128666137841727
v min = -6.623569273487923
d max = 0.07611111111111112
d min = 0.07611111111111112
dF max = 0.07611111111111112
dB max = 0.07611111111111112
hk max = 0.010331966455186503
hk min = 0.010331966455186503
hz max = 0.05224256000652809
hz min = 0.03061356809425133
lambdaF max = 1.3426080054080272
lambdaF min = 0.01225494967187982
lambdaB max = 1.3548602693228797
lambdaB min = 0.01225494967187982
----------------------------------
----------------------------------
Iteration = 58
Distance = 0.0005253117447407973
v max = -0.3818119729921208
v min = -6.624094585232664
d max = 0.07611111111111112
d min = 0.07611111111111112
dF max = 0.07611111111111112
dB max = 0.07611111111111112
hk max = 0.010331966455186503
hk min = 0.010331966455186503
hz max = 0.05224256000827326
hz min = 0.030613568094690492
lambdaF max = 1.342608005453023
lambdaF min = 0.01225494967187982
lambdaB max = 1.3548602693685872
lambdaB min = 0.01225494967187982
----------------------------------
----------------------------------
Iteration = 59
Distance = 0.0004775561123357974
v max = -0.3822895290173717
v min = -6.624572141344999
d max = 0.07611111111111112
d min = 0.07611111111111112
dF max = 0.07611111111111112
dB max = 0.07611111111111112
hk max = 0.010331966455186503
hk min = 0.010331966455186503
hz max = 0.05224256000943977
hz min = 0.030613568094982117
lambdaF max = 1.3426080054828944
lambdaF min = 0.01225494967187982
lambdaB max = 1.3548602693989122
lambdaB min = 0.01225494967187982
----------------------------------
----------------------------------
Iteration = 60
Distance = 0.00043414190752333326
v max = -0.3827236708670108
v min = -6.625006283252523
d max = 0.07611111111111112
d min = 0.07611111111111112
dF max = 0.07611111111111112
dB max = 0.07611111111111112
hk max = 0.010331966455186503
hk min = 0.010331966455186503
hz max = 0.052242560010209015
hz min = 0.030613568095176152
lambdaF max = 1.3426080055027665
lambdaF min = 0.01225494967187982
lambdaB max = 1.3548602694190761
lambdaB min = 0.01225494967187982
----------------------------------
----------------------------------
Iteration = 61
Distance = 0.0003946744528828816
v max = -0.3831183452814248
v min = -6.625400957705406
d max = 0.07611111111111112
d min = 0.07611111111111112
dF max = 0.07611111111111112
dB max = 0.07611111111111112
hk max = 0.010331966455186503
hk min = 0.010331966455186503
hz max = 0.05224256001072338
hz min = 0.030613568095305032
lambdaF max = 1.342608005516004
lambdaF min = 0.01225494967187982
lambdaB max = 1.354860269432477
lambdaB min = 0.01225494967187982
----------------------------------
----------------------------------
Iteration = 62
Distance = 0.0003587949515226896
v max = -0.3834771402073759
v min = -6.625759752656928
d max = 0.07611111111111112
d min = 0.07611111111111112
dF max = 0.07611111111111112
dB max = 0.07611111111111112
hk max = 0.010331966455186503
hk min = 0.010331966455186503
hz max = 0.05224256001106782
hz min = 0.03061356809539071
lambdaF max = 1.3426080055247769
lambdaF min = 0.01225494967187982
lambdaB max = 1.3548602694413794
lambdaB min = 0.01225494967187982
----------------------------------
----------------------------------
Iteration = 63
Distance = 0.0003261772249034678
v max = -0.38380331741528195
v min = -6.626085929881832
d max = 0.07611111111111112
d min = 0.07611111111111112
dF max = 0.07611111111111112
dB max = 0.07611111111111112
hk max = 0.010331966455186503
hk min = 0.010331966455186503
hz max = 0.05224256001129056
hz min = 0.03061356809544769
lambdaF max = 1.342608005530594
lambdaF min = 0.01225494967187982
lambdaB max = 1.3548602694473248
lambdaB min = 0.01225494967187982
----------------------------------
----------------------------------
Iteration = 64
Distance = 0.00029652474741137524
v max = -0.38409984215140086
v min = -6.626382454629243
d max = 0.07611111111111112
d min = 0.07611111111111112
dF max = 0.07611111111111112
dB max = 0.07611111111111112
hk max = 0.010331966455186503
hk min = 0.010331966455186503
hz max = 0.05224256001144212
hz min = 0.030613568095485433
lambdaF max = 1.3426080055345244
lambdaF min = 0.01225494967187982
lambdaB max = 1.3548602694512573
lambdaB min = 0.01225494967187982
----------------------------------
----------------------------------
Iteration = 65
Distance = 0.00026956795053401095
v max = -0.3843694100944311
v min = -6.626652022579777
d max = 0.07611111111111112
d min = 0.07611111111111112
dF max = 0.07611111111111112
dB max = 0.07611111111111112
hk max = 0.010331966455186503
hk min = 0.010331966455186503
hz max = 0.052242560011543156
hz min = 0.030613568095510548
lambdaF max = 1.3426080055370713
lambdaF min = 0.01225494967187982
lambdaB max = 1.3548602694538368
lambdaB min = 0.01225494967187982
----------------------------------
----------------------------------
Iteration = 66
Distance = 0.0002450617721168058
v max = -0.3846144718615545
v min = -6.626897084351894
d max = 0.07611111111111112
d min = 0.07611111111111112
dF max = 0.07611111111111112
dB max = 0.07611111111111112
hk max = 0.010331966455186503
hk min = 0.010331966455186503
hz max = 0.05224256001160974
hz min = 0.03061356809552734
lambdaF max = 1.3426080055387064
lambdaF min = 0.01225494967187982
lambdaB max = 1.3548602694555982
lambdaB min = 0.01225494967187982
----------------------------------
----------------------------------
Iteration = 67
Distance = 0.0002227834284660446
v max = -0.38483725528669843
v min = -6.62711986778036
d max = 0.07611111111111112
d min = 0.07611111111111112
dF max = 0.07611111111111112
dB max = 0.07611111111111112
hk max = 0.010331966455186503
hk min = 0.010331966455186503
hz max = 0.05224256001164878
hz min = 0.03061356809553868
lambdaF max = 1.3426080055399012
lambdaF min = 0.01225494967187982
lambdaB max = 1.3548602694567622
lambdaB min = 0.01225494967187982
----------------------------------
----------------------------------
Iteration = 68
Distance = 0.0002025303890187402
v max = -0.3850397856735157
v min = -6.627322398169379
d max = 0.07611111111111112
d min = 0.07611111111111112
dF max = 0.07611111111111112
dB max = 0.07611111111111112
hk max = 0.010331966455186503
hk min = 0.010331966455186503
hz max = 0.05224256001167863
hz min = 0.030613568095545853
lambdaF max = 1.3426080055406873
lambdaF min = 0.01225494967187982
lambdaB max = 1.3548602694575171
lambdaB min = 0.01225494967187982
----------------------------------
----------------------------------
Iteration = 69
Distance = 0.00018411853515587495
v max = -0.38522390420720287
v min = -6.627506516704535
d max = 0.07611111111111112
d min = 0.07611111111111112
dF max = 0.07611111111111112
dB max = 0.07611111111111112
hk max = 0.010331966455186503
hk min = 0.010331966455186503
hz max = 0.0522425600117016
hz min = 0.03061356809555073
lambdaF max = 1.3426080055411589
lambdaF min = 0.01225494967187982
lambdaB max = 1.3548602694580203
lambdaB min = 0.01225494967187982
----------------------------------
----------------------------------
Iteration = 70
Distance = 0.00016738048627829016
v max = -0.38539128469251566
v min = -6.627673897190813
d max = 0.07611111111111112
d min = 0.07611111111111112
dF max = 0.07611111111111112
dB max = 0.07611111111111112
hk max = 0.010331966455186503
hk min = 0.010331966455186503
hz max = 0.05224256001171537
hz min = 0.030613568095554176
lambdaF max = 1.3426080055415048
lambdaF min = 0.01225494967187982
lambdaB max = 1.3548602694583978
lambdaB min = 0.01225494967187982
----------------------------------
----------------------------------
Iteration = 71
Distance = 0.00015216407829576895
v max = -0.38554344877016583
v min = -6.627826061269109
d max = 0.07611111111111112
d min = 0.07611111111111112
dF max = 0.07611111111111112
dB max = 0.07611111111111112
hk max = 0.010331966455186503
hk min = 0.010331966455186503
hz max = 0.05224256001172456
hz min = 0.030613568095556185
lambdaF max = 1.342608005541725
lambdaF min = 0.01225494967187982
lambdaB max = 1.354860269458618
lambdaB min = 0.01225494967187982
----------------------------------
----------------------------------
Iteration = 72
Distance = 0.00013833098017634882
v max = -0.3856817797499127
v min = -6.627964392249285
d max = 0.07611111111111112
d min = 0.07611111111111112
dF max = 0.07611111111111112
dB max = 0.07611111111111112
hk max = 0.010331966455186503
hk min = 0.010331966455186503
hz max = 0.05224256001172915
hz min = 0.030613568095557764
lambdaF max = 1.342608005541882
lambdaF min = 0.01225494967187982
lambdaB max = 1.3548602694587755
lambdaB min = 0.01225494967187982
----------------------------------
----------------------------------
Iteration = 73
Distance = 0.00012575543646420329
v max = -0.3858075351860883
v min = -6.628090147685749
d max = 0.07611111111111112
d min = 0.07611111111111112
dF max = 0.07611111111111112
dB max = 0.07611111111111112
hk max = 0.010331966455186503
hk min = 0.010331966455186503
hz max = 0.052242560011736036
hz min = 0.030613568095558624
lambdaF max = 1.3426080055419765
lambdaF min = 0.01225494967187982
lambdaB max = 1.3548602694588696
lambdaB min = 0.01225494967187982
----------------------------------
----------------------------------
Iteration = 74
Distance = 0.00011432312401193911
v max = -0.38592185830991327
v min = -6.628204470809761
d max = 0.07611111111111112
d min = 0.07611111111111112
dF max = 0.07611111111111112
dB max = 0.07611111111111112
hk max = 0.010331966455186503
hk min = 0.010331966455186503
hz max = 0.052242560011736036
hz min = 0.0306135680955592
lambdaF max = 1.3426080055420393
lambdaF min = 0.01225494967187982
lambdaB max = 1.3548602694589327
lambdaB min = 0.01225494967187982
----------------------------------
----------------------------------
Iteration = 75
Distance = 0.00010393011270970476
v max = -0.38602578842250035
v min = -6.62830840092247
d max = 0.07611111111111112
d min = 0.07611111111111112
dF max = 0.07611111111111112
dB max = 0.07611111111111112
hk max = 0.010331966455186503
hk min = 0.010331966455186503
hz max = 0.05224256001173833
hz min = 0.030613568095559773
lambdaF max = 1.3426080055420708
lambdaF min = 0.01225494967187982
lambdaB max = 1.354860269458964
lambdaB min = 0.01225494967187982
----------------------------------
----------------------------------
Iteration = 76
Distance = 9.448192063477023e-5
v max = -0.38612027034304586
v min = -6.628402882843105
d max = 0.07611111111111112
d min = 0.07611111111111112
dF max = 0.07611111111111112
dB max = 0.07611111111111112
hk max = 0.010331966455186503
hk min = 0.010331966455186503
hz max = 0.05224256001173833
hz min = 0.03061356809555992
lambdaF max = 1.3426080055421024
lambdaF min = 0.01225494967187982
lambdaB max = 1.354860269458964
lambdaB min = 0.01225494967187982
----------------------------------
----------------------------------
Iteration = 77
Distance = 8.589265510305921e-5
v max = -0.38620616299809424
v min = -6.628488775498207
d max = 0.07611111111111112
d min = 0.07611111111111112
dF max = 0.07611111111111112
dB max = 0.07611111111111112
hk max = 0.010331966455186503
hk min = 0.010331966455186503
hz max = 0.05224256001174063
hz min = 0.03061356809556006
lambdaF max = 1.3426080055421024
lambdaF min = 0.01225494967187982
lambdaB max = 1.3548602694589955
lambdaB min = 0.01225494967187982
----------------------------------
----------------------------------
Iteration = 78
Distance = 7.808423190791558e-5
v max = -0.3862842472299626
v min = -6.628566859730115
d max = 0.07611111111111112
d min = 0.07611111111111112
dF max = 0.07611111111111112
dB max = 0.07611111111111112
hk max = 0.010331966455186503
hk min = 0.010331966455186503
hz max = 0.052242560011742926
hz min = 0.030613568095560203
lambdaF max = 1.3426080055421024
lambdaF min = 0.01225494967187982
lambdaB max = 1.3548602694589955
lambdaB min = 0.01225494967187982
----------------------------------
----------------------------------
Iteration = 79
Distance = 7.098566536445361e-5
v max = -0.3863552328953032
v min = -6.6286378453954775
d max = 0.07611111111111112
d min = 0.07611111111111112
dF max = 0.07611111111111112
dB max = 0.07611111111111112
hk max = 0.010331966455186503
hk min = 0.010331966455186503
hz max = 0.05224256001174063
hz min = 0.03061356809556049
lambdaF max = 1.3426080055421337
lambdaF min = 0.01225494967187982
lambdaB max = 1.3548602694590268
lambdaB min = 0.01225494967187982
----------------------------------
----------------------------------
Iteration = 80
Distance = 6.45324230541533e-5
v max = -0.38641976531834166
v min = -6.628702377818528
d max = 0.07611111111111112
d min = 0.07611111111111112
dF max = 0.07611111111111112
dB max = 0.07611111111111112
hk max = 0.010331966455186503
hk min = 0.010331966455186503
hz max = 0.052242560011742926
hz min = 0.03061356809556035
lambdaF max = 1.3426080055421337
lambdaF min = 0.01225494967187982
lambdaB max = 1.3548602694590268
lambdaB min = 0.01225494967187982
----------------------------------
----------------------------------
Iteration = 81
Distance = 5.866583914126977e-5
v max = -0.3864784311574679
v min = -6.628761043657664
d max = 0.07611111111111112
d min = 0.07611111111111112
dF max = 0.07611111111111112
dB max = 0.07611111111111112
hk max = 0.010331966455186503
hk min = 0.010331966455186503
hz max = 0.052242560011742926
hz min = 0.03061356809556049
lambdaF max = 1.3426080055421337
lambdaF min = 0.01225494967187982
lambdaB max = 1.3548602694590268
lambdaB min = 0.01225494967187982
----------------------------------
----------------------------------
Iteration = 82
Distance = 5.3332581041232174e-5
v max = -0.3865317637384933
v min = -6.628814376238705
d max = 0.07611111111111112
d min = 0.07611111111111112
dF max = 0.07611111111111112
dB max = 0.07611111111111112
hk max = 0.010331966455186503
hk min = 0.010331966455186503
hz max = 0.05224256001174063
hz min = 0.03061356809556049
lambdaF max = 1.3426080055421337
lambdaF min = 0.01225494967187982
lambdaB max = 1.3548602694590586
lambdaB min = 0.01225494967187982
----------------------------------
----------------------------------
Iteration = 83
Distance = 4.848416457647886e-5
v max = -0.38658024790306145
v min = -6.628862860403273
d max = 0.07611111111111112
d min = 0.07611111111111112
dF max = 0.07611111111111112
dB max = 0.07611111111111112
hk max = 0.010331966455186503
hk min = 0.010331966455186503
hz max = 0.052242560011742926
hz min = 0.03061356809556049
lambdaF max = 1.3426080055421024
lambdaF min = 0.01225494967187982
lambdaB max = 1.3548602694589955
lambdaB min = 0.01225494967187982
----------------------------------
----------------------------------
Iteration = 84
Distance = 4.407651325522011e-5
v max = -0.38662432441630606
v min = -6.628906936916523
d max = 0.07611111111111112
d min = 0.07611111111111112
dF max = 0.07611111111111112
dB max = 0.07611111111111112
hk max = 0.010331966455186503
hk min = 0.010331966455186503
hz max = 0.05224256001174063
hz min = 0.03061356809556049
lambdaF max = 1.3426080055421024
lambdaF min = 0.01225494967187982
lambdaB max = 1.3548602694589955
lambdaB min = 0.01225494967187982
----------------------------------
----------------------------------
Iteration = 85
Distance = 4.00695575022425e-5
v max = -0.38666439397380015
v min = -6.628947006474022
d max = 0.07611111111111112
d min = 0.07611111111111112
dF max = 0.07611111111111112
dB max = 0.07611111111111112
hk max = 0.010331966455186503
hk min = 0.010331966455186503
hz max = 0.052242560011742926
hz min = 0.03061356809556035
lambdaF max = 1.3426080055421337
lambdaF min = 0.01225494967187982
lambdaB max = 1.3548602694590268
lambdaB min = 0.01225494967187982
----------------------------------
----------------------------------
Iteration = 86
Distance = 3.6426870458683425e-5
v max = -0.38670082084424795
v min = -6.628983433344481
d max = 0.07611111111111112
d min = 0.07611111111111112
dF max = 0.07611111111111112
dB max = 0.07611111111111112
hk max = 0.010331966455186503
hk min = 0.010331966455186503
hz max = 0.05224256001174063
hz min = 0.03061356809556049
lambdaF max = 1.3426080055421337
lambdaF min = 0.01225494967187982
lambdaB max = 1.3548602694590586
lambdaB min = 0.01225494967187982
----------------------------------
----------------------------------
Iteration = 87
Distance = 3.311533677674561e-5
v max = -0.386733936181022
v min = -6.629016548681251
d max = 0.07611111111111112
d min = 0.07611111111111112
dF max = 0.07611111111111112
dB max = 0.07611111111111112
hk max = 0.010331966455186503
hk min = 0.010331966455186503
hz max = 0.052242560011742926
hz min = 0.03061356809556049
lambdaF max = 1.3426080055421337
lambdaF min = 0.01225494967187982
lambdaB max = 1.3548602694590586
lambdaB min = 0.01225494967187982
----------------------------------
----------------------------------
Iteration = 88
Distance = 3.0104851616030714e-5
v max = -0.3867640410326348
v min = -6.629046653532864
d max = 0.07611111111111112
d min = 0.07611111111111112
dF max = 0.07611111111111112
dB max = 0.07611111111111112
hk max = 0.010331966455186503
hk min = 0.010331966455186503
hz max = 0.05224256001174063
hz min = 0.03061356809556049
lambdaF max = 1.3426080055421652
lambdaF min = 0.01225494967187982
lambdaB max = 1.3548602694590586
lambdaB min = 0.01225494967187982
----------------------------------
----------------------------------
Iteration = 89
Distance = 2.7368046928266665e-5
v max = -0.3867914090795548
v min = -6.62907402157978
d max = 0.07611111111111112
d min = 0.07611111111111112
dF max = 0.07611111111111112
dB max = 0.07611111111111112
hk max = 0.010331966455186503
hk min = 0.010331966455186503
hz max = 0.052242560011742926
hz min = 0.03061356809556049
lambdaF max = 1.3426080055421652
lambdaF min = 0.01225494967187982
lambdaB max = 1.3548602694590586
lambdaB min = 0.01225494967187982
----------------------------------
----------------------------------
Iteration = 90
Distance = 2.4880042661656887e-5
v max = -0.3868162891222079
v min = -6.629098901622434
d max = 0.07611111111111112
d min = 0.07611111111111112
dF max = 0.07611111111111112
dB max = 0.07611111111111112
hk max = 0.010331966455186503
hk min = 0.010331966455186503
hz max = 0.05224256001174063
hz min = 0.030613568095560637
lambdaF max = 1.3426080055422283
lambdaF min = 0.01225494967187982
lambdaB max = 1.3548602694590268
lambdaB min = 0.01225494967187982
----------------------------------
----------------------------------
Iteration = 91
Distance = 2.2618220599568417e-5
v max = -0.38683890734280224
v min = -6.629121519843026
d max = 0.07611111111111112
d min = 0.07611111111111112
dF max = 0.07611111111111112
dB max = 0.07611111111111112
hk max = 0.010331966455186503
hk min = 0.010331966455186503
hz max = 0.052242560011742926
hz min = 0.03061356809556049
lambdaF max = 1.3426080055422283
lambdaF min = 0.01225494967187982
lambdaB max = 1.3548602694590268
lambdaB min = 0.01225494967187982
----------------------------------
----------------------------------
Iteration = 92
Distance = 2.0562018728575993e-5
v max = -0.3868594693615249
v min = -6.629142081861754
d max = 0.07611111111111112
d min = 0.07611111111111112
dF max = 0.07611111111111112
dB max = 0.07611111111111112
hk max = 0.010331966455186503
hk min = 0.010331966455186503
hz max = 0.05224256001173833
hz min = 0.03061356809556049
lambdaF max = 1.3426080055421652
lambdaF min = 0.01225494967187982
lambdaB max = 1.3548602694590268
lambdaB min = 0.01225494967187982
----------------------------------
----------------------------------
Iteration = 93
Distance = 1.869274429733281e-5
v max = -0.3868781621058195
v min = -6.629160774606045
d max = 0.07611111111111112
d min = 0.07611111111111112
dF max = 0.07611111111111112
dB max = 0.07611111111111112
hk max = 0.010331966455186503
hk min = 0.010331966455186503
hz max = 0.05224256001174522
hz min = 0.03061356809556035
lambdaF max = 1.3426080055421337
lambdaF min = 0.01225494967187982
lambdaB max = 1.3548602694590268
lambdaB min = 0.01225494967187982
----------------------------------
----------------------------------
Iteration = 94
Distance = 1.699340390715065e-5
v max = -0.3868951555097225
v min = -6.62917776800995
d max = 0.07611111111111112
d min = 0.07611111111111112
dF max = 0.07611111111111112
dB max = 0.07611111111111112
hk max = 0.010331966455186503
hk min = 0.010331966455186503
hz max = 0.05224256001174063
hz min = 0.030613568095560637
lambdaF max = 1.3426080055421337
lambdaF min = 0.01225494967187982
lambdaB max = 1.3548602694590586
lambdaB min = 0.01225494967187982
----------------------------------
----------------------------------
Iteration = 95
Distance = 1.544854901203152e-5
v max = -0.38691060405872607
v min = -6.629193216558952
d max = 0.07611111111111112
d min = 0.07611111111111112
dF max = 0.07611111111111112
dB max = 0.07611111111111112
hk max = 0.010331966455186503
hk min = 0.010331966455186503
hz max = 0.05224256001174063
hz min = 0.03061356809556035
lambdaF max = 1.3426080055421337
lambdaF min = 0.01225494967187982
lambdaB max = 1.3548602694590586
lambdaB min = 0.01225494967187982
----------------------------------
----------------------------------
Iteration = 96
Distance = 1.4044135463464613e-5
v max = -0.3869246481941839
v min = -6.629207260694407
d max = 0.07611111111111112
d min = 0.07611111111111112
dF max = 0.07611111111111112
dB max = 0.07611111111111112
hk max = 0.010331966455186503
hk min = 0.010331966455186503
hz max = 0.05224256001173833
hz min = 0.03061356809556049
lambdaF max = 1.3426080055421652
lambdaF min = 0.01225494967187982
lambdaB max = 1.3548602694589955
lambdaB min = 0.01225494967187982
----------------------------------
----------------------------------
Iteration = 97
Distance = 1.2767395874302423e-5
v max = -0.38693741559005523
v min = -6.629220028090277
d max = 0.07611111111111112
d min = 0.07611111111111112
dF max = 0.07611111111111112
dB max = 0.07611111111111112
hk max = 0.010331966455186503
hk min = 0.010331966455186503
hz max = 0.05224256001174063
hz min = 0.03061356809556049
lambdaF max = 1.3426080055421652
lambdaF min = 0.01225494967187982
lambdaB max = 1.3548602694590268
lambdaB min = 0.01225494967187982
----------------------------------
----------------------------------
Iteration = 98
Distance = 1.1606723525403595e-5
v max = -0.3869490223135749
v min = -6.6292316348138
d max = 0.07611111111111112
d min = 0.07611111111111112
dF max = 0.07611111111111112
dB max = 0.07611111111111112
hk max = 0.010331966455186503
hk min = 0.010331966455186503
hz max = 0.05224256001174063
hz min = 0.03061356809556049
lambdaF max = 1.3426080055421337
lambdaF min = 0.01225494967187982
lambdaB max = 1.3548602694590268
lambdaB min = 0.01225494967187982
----------------------------------
----------------------------------
Iteration = 99
Distance = 1.0551566838934434e-5
v max = -0.3869595738804102
v min = -6.629242186380637
d max = 0.07611111111111112
d min = 0.07611111111111112
dF max = 0.07611111111111112
dB max = 0.07611111111111112
hk max = 0.010331966455186503
hk min = 0.010331966455186503
hz max = 0.052242560011742926
hz min = 0.03061356809556049
lambdaF max = 1.3426080055421337
lambdaF min = 0.01225494967187982
lambdaB max = 1.3548602694590586
lambdaB min = 0.01225494967187982
----------------------------------
----------------------------------
Iteration = 100
Distance = 9.592333494623517e-6
v max = -0.38696916621389643
v min = -6.62925177871413
d max = 0.07611111111111112
d min = 0.07611111111111112
dF max = 0.07611111111111112
dB max = 0.07611111111111112
hk max = 0.010331966455186503
hk min = 0.010331966455186503
hz max = 0.052242560011742926
hz min = 0.03061356809556049
lambdaF max = 1.3426080055421337
lambdaF min = 0.01225494967187982
lambdaB max = 1.3548602694590586
lambdaB min = 0.01225494967187982
----------------------------------
    Value Function Converged, Iteration = 100 with gamma=6.0 with rho=1.0 and v=-2.9992942071493776
    Reflective boundary condition
=============================================================
Convegence time (minutes): 0.11171046331666666
Current Time = 22:18:06
grid points for z:  401
grid size for z:  0.025
-0.08296937621231296
-0.24736737971284517
--- 9.080148935317993 seconds for the elasticity computation ---
-0.02023834423149325
-0.12305124892070615
--- 0.06345367431640625 seconds for the elasticity computation ---
-0.02125863235872126
-0.12431613079213902
--- 0.06252098083496094 seconds for the elasticity computation ---
-0.15234864429498182
-0.25480639556057944
--- 0.06218433380126953 seconds for the elasticity computation ---
Current Time = 22:18:18
grid points for z:  401
grid size for z:  0.025
rho = 1
0.05937926808266887
--- 8.602416276931763 seconds for the elasticity computation ---
0.0
--- 0.0665428638458252 seconds for the elasticity computation ---
0.05937926808266887
--- 0.06599879264831543 seconds for the elasticity computation ---
0.0
--- 0.06589245796203613 seconds for the elasticity computation ---
0.0
--- 0.06570887565612793 seconds for the elasticity computation ---
0.05937926808266887
0.007439015847734282
--- 0.06580185890197754 seconds for the elasticity computation ---
0.05937926808266887
0.007439015847734282
--- 0.06587624549865723 seconds for the elasticity computation ---
0.05937926808266887
0.007439015847734282
--- 0.06574130058288574 seconds for the elasticity computation ---
0.05937926808266887
0.007439015847734282
--- 0.06658577919006348 seconds for the elasticity computation ---
parsed_args = parse_commandline() = Dict{String, Any}("dataname" => "upper_triangular_four_ambiguous_parameters", "clowerlim" => 0.0001, "delta" => 0.01, "boundary" => 1, "Delta" => 10.0, "q" => 0.05, "zmax" => 5.0, "logadjustment" => 1, "zscale" => 2.0, "foc" => 1, "distorted" => 0, "rho" => 1.0, "gamma" => 6.0)
=============================================================
./output/upper_triangular_four_ambiguous_parameters/Delta_10.0_distorted_0/logadjustment_1_boundary_1/zmax_5.0_zscale_2.0/delta_0.01/q_0.05_gamma_6.0_rho_1.0/
=============================================================
solve for structured linear system 
structured_relative_entropy = 0.05064731512933571
=============================================================
solve for unstructured linear system 
q_update = 0.2554081761380879
=============================================================
parsed_args = parse_commandline() = Dict{String, Any}("dataname" => "upper_triangular_four_ambiguous_parameters", "clowerlim" => 0.0001, "delta" => 0.01, "boundary" => 1, "Delta" => 10.0, "q" => 0.05, "zmax" => 5.0, "logadjustment" => 1, "zscale" => 2.0, "foc" => 1, "distorted" => 0, "rho" => 1.0, "gamma" => 6.0)
=============================================================
./output/upper_triangular_four_ambiguous_parameters/Delta_10.0_distorted_0/logadjustment_1_boundary_1/zmax_5.0_zscale_2.0/delta_0.01/q_0.05_gamma_6.0_rho_1.0/
=============================================================
solve for structured linear system 
structured_relative_entropy = 0.05064731512933572
=============================================================
solve for unstructured linear system 
q_update = 0.2554081761380879
=============================================================
Program ends Fri Jan 19 22:19:00 CST 2024
Elapsed time: 0 days 00 hr 01 min 53 sec
