D_10.0_distorted_0_boundary_0_delta_0.02_gamma_6.0_q_0.05_rho_1.0_lower_triangular_four_ambiguous_parameters
Program starts Fri Jan 19 22:21:19 CST 2024
parsed_args = parse_commandline() = Dict{String, Any}("dataname" => "lower_triangular_four_ambiguous_parameters", "clowerlim" => 0.0001, "delta" => 0.02, "boundary" => 0, "Delta" => 10.0, "q" => 0.05, "zmax" => 5.0, "logadjustment" => 1, "zscale" => 2.0, "foc" => 1, "distorted" => 0, "rho" => 1.0, "gamma" => 6.0)
=============================================================
logadjustment: true
reflective_boundary: false
0.109
sigma_k: [0.011287880226154068, 0.0]
sigma_z: [0.026030751045638307, 0.05916079783099616]
Compute value function WITH ROBUSTNESS
computing undistorted version...
zmax = 5.0, zmin = -5.0, zlength = 401
natural boundary condition
----------------------------------
Iteration = 1
Distance = 1.2132598009693045
v max = -0.9405325282420315
v min = -3.2132598009693045
d max = 0.07672413793103448
d min = 0.07672413793103448
dF max = 0.07672413793103448
dB max = 0.07672413793103448
hk max = 0.011287880226154068
hk min = 0.011287880226154068
hz max = 0.0
hz min = 0.0
lambdaF max = 0.31926946612540325
lambdaF min = 0.012254949671879824
lambdaB max = 0.31926946612540325
lambdaB min = 0.012254949671879824
----------------------------------
----------------------------------
Iteration = 2
Distance = 0.8334226048245177
v max = -0.5037697400337352
v min = -4.046682405793822
d max = 0.07672413793103448
d min = 0.07672413793103448
dF max = 0.07672413793103448
dB max = 0.07672413793103448
hk max = 0.01720396000925524
hk min = 0.017203960009252464
hz max = 0.01344563587068448
hz min = 0.013445635870678175
lambdaF max = 0.6175832665912598
lambdaF min = 0.012254949671879824
lambdaB max = 0.6175832665912885
lambdaB min = 0.012254949671879824
----------------------------------
----------------------------------
Iteration = 3
Distance = 0.5379649287808359
v max = -0.3077385478560825
v min = -4.584647334574658
d max = 0.07672413793103448
d min = 0.07672413793103448
dF max = 0.07672413793103448
dB max = 0.07672413793103448
hk max = 0.02116858757983782
hk min = 0.019852108388239344
hz max = 0.02245615307655399
hz min = 0.019464154913830176
lambdaF max = 0.8277645286331603
lambdaF min = 0.012254949671879824
lambdaB max = 0.8311536138735174
lambdaB min = 0.012254949671879824
----------------------------------
----------------------------------
Iteration = 4
Distance = 0.35570951744697066
v max = -0.23419975073699056
v min = -4.940356852021629
d max = 0.07672413793103448
d min = 0.07672413793103448
dF max = 0.07672413793103448
dB max = 0.07672413793103448
hk max = 0.02360362411142287
hk min = 0.021220290804112335
hz max = 0.02799032701197456
hz min = 0.022573660404450607
lambdaF max = 0.9567867498702631
lambdaF min = 0.012254949671879824
lambdaB max = 0.9626191004898457
lambdaB min = 0.012254949671879824
----------------------------------
----------------------------------
Iteration = 5
Distance = 0.2412665060557826
v max = -0.21984972016492788
v min = -5.181623358077411
d max = 0.07672413793103448
d min = 0.07672413793103448
dF max = 0.07672413793103448
dB max = 0.07672413793103448
hk max = 0.025106480569199036
hk min = 0.02191930617212306
hz max = 0.031405909870556754
hz min = 0.024162331695384072
lambdaF max = 1.0360639940165741
lambdaF min = 0.012254949671879824
lambdaB max = 1.043591950328598
lambdaB min = 0.012254949671879824
----------------------------------
----------------------------------
Iteration = 6
Distance = 0.16740117010915245
v max = -0.23252913549858595
v min = -5.349024528186564
d max = 0.07672413793103448
d min = 0.07672413793103448
dF max = 0.07672413793103448
dB max = 0.07672413793103448
hk max = 0.02603985301331175
hk min = 0.022277983497325182
hz max = 0.033527210879903825
hz min = 0.024977507434479813
lambdaF max = 1.0854114636523942
lambdaF min = 0.012254949671879824
lambdaB max = 1.0940833910807417
lambdaB min = 0.012254949671879824
----------------------------------
----------------------------------
Iteration = 7
Distance = 0.1187612358115846
v max = -0.2563954638271872
v min = -5.467785763998148
d max = 0.07672413793103448
d min = 0.07672413793103448
dF max = 0.07672413793103448
dB max = 0.07672413793103448
hk max = 0.02662081580583405
hk min = 0.02246591834706952
hz max = 0.03484758086290905
hz min = 0.025404632092989675
lambdaF max = 1.1164218777868298
lambdaF min = 0.012254949671879824
lambdaB max = 1.1258399437562314
lambdaB min = 0.012254949671879824
----------------------------------
----------------------------------
Iteration = 8
Distance = 0.08612472884331268
v max = -0.2837685181976501
v min = -5.553910492841461
d max = 0.07672413793103448
d min = 0.07672413793103448
dF max = 0.07672413793103448
dB max = 0.07672413793103448
hk max = 0.026982730177059766
hk min = 0.02256806819571147
hz max = 0.035670113524785683
hz min = 0.02563679083990319
lambdaF max = 1.1363085741025563
lambdaF min = 0.012254949671879824
lambdaB max = 1.1458944030131377
lambdaB min = 0.012254949671879824
----------------------------------
----------------------------------
Iteration = 9
Distance = 0.06379673333332558
v max = -0.3109759044218373
v min = -5.617707226174787
d max = 0.07672413793103448
d min = 0.07672413793103448
dF max = 0.07672413793103448
dB max = 0.07672413793103448
hk max = 0.027208260894317927
hk min = 0.022626172567649268
hz max = 0.03618268333673605
hz min = 0.025768846230670914
lambdaF max = 1.1488768653128898
lambdaF min = 0.012254949671879824
lambdaB max = 1.1585687195514378
lambdaB min = 0.012254949671879824
----------------------------------
----------------------------------
Iteration = 10
Distance = 0.04820556168703849
v max = -0.33632035241020036
v min = -5.665912787861825
d max = 0.07672413793103448
d min = 0.07672413793103448
dF max = 0.07672413793103448
dB max = 0.07672413793103448
hk max = 0.027348820349432125
hk min = 0.0226606543660157
hz max = 0.03650213664381377
hz min = 0.02584721395423098
lambdaF max = 1.156811580687299
lambdaF min = 0.012254949671879824
lambdaB max = 1.1665703716944036
lambdaB min = 0.012254949671879824
----------------------------------
----------------------------------
Iteration = 11
Distance = 0.037085102270800085
v max = -0.3590997112687705
v min = -5.702997890132625
d max = 0.07672413793103448
d min = 0.07672413793103448
dF max = 0.07672413793103448
dB max = 0.07672413793103448
hk max = 0.02743642733862529
hk min = 0.022681759991889504
hz max = 0.036701243437434604
hz min = 0.025895181285762358
lambdaF max = 1.1618120632778037
lambdaF min = 0.012254949671879824
lambdaB max = 1.1716201084189541
lambdaB min = 0.012254949671879824
----------------------------------
----------------------------------
Iteration = 12
Distance = 0.028982127781923772
v max = -0.3791248601057294
v min = -5.731980017914549
d max = 0.07672413793103448
d min = 0.07672413793103448
dF max = 0.07672413793103448
dB max = 0.07672413793103448
hk max = 0.027491033069098017
hk min = 0.022694920752820938
hz max = 0.03682534737032716
hz min = 0.025925092106061077
lambdaF max = 1.164957550464904
lambdaF min = 0.012254949671879824
lambdaB max = 1.174824964364342
lambdaB min = 0.012254949671879824
----------------------------------
----------------------------------
Iteration = 13
Distance = 0.022954110770248448
v max = -0.39647093685706386
v min = -5.7549341286847975
d max = 0.07672413793103448
d min = 0.07672413793103448
dF max = 0.07672413793103448
dB max = 0.07672413793103448
hk max = 0.0275250712760177
hk min = 0.022703206931303066
hz max = 0.03690270693150826
hz min = 0.025943924329884092
lambdaF max = 1.1669329899602423
lambdaF min = 0.012254949671879824
lambdaB max = 1.176837015400647
lambdaB min = 0.012254949671879824
----------------------------------
----------------------------------
Iteration = 14
Distance = 0.018381910466894524
v max = -0.41134260170244136
v min = -5.773316039151692
d max = 0.07672413793103448
d min = 0.07672413793103448
dF max = 0.07672413793103448
dB max = 0.07672413793103448
hk max = 0.02754629083505963
hk min = 0.022708445587135535
hz max = 0.0369509332020581
hz min = 0.025955830365866975
lambdaF max = 1.168172026524098
lambdaF min = 0.012254949671879824
lambdaB max = 1.1780987042515063
lambdaB min = 0.012254949671879824
----------------------------------
----------------------------------
Iteration = 15
Distance = 0.014852813761791595
v max = -0.42399907558957467
v min = -5.788168852913484
d max = 0.07672413793103448
d min = 0.07672413793103448
dF max = 0.07672413793103448
dB max = 0.07672413793103448
hk max = 0.027559520822587197
hk min = 0.022711760287810988
hz max = 0.03698100135552984
hz min = 0.025963363776493005
lambdaF max = 1.1689484285522833
lambdaF min = 0.012254949671879824
lambdaB max = 1.1788891608296876
lambdaB min = 0.012254949671879824
----------------------------------
----------------------------------
Iteration = 16
Distance = 0.012087071222832257
v max = -0.4347124189482489
v min = -5.800255924136316
d max = 0.07672413793103448
d min = 0.07672413793103448
dF max = 0.07672413793103448
dB max = 0.07672413793103448
hk max = 0.027567770670939507
hk min = 0.022713855465066643
hz max = 0.036999751010876
hz min = 0.025968125542983125
lambdaF max = 1.1694345934581938
lambdaF min = 0.012254949671879824
lambdaB max = 1.1793840643982705
lambdaB min = 0.012254949671879824
----------------------------------
----------------------------------
Iteration = 17
Distance = 0.009891489907920992
v max = -0.4437449601613021
v min = -5.810147414044237
d max = 0.07672413793103448
d min = 0.07672413793103448
dF max = 0.07672413793103448
dB max = 0.07672413793103448
hk max = 0.027572915880118624
hk min = 0.022715177340988914
hz max = 0.037011444668101266
hz min = 0.025971129806442842
lambdaF max = 1.1697388636751946
lambdaF min = 0.012254949671879824
lambdaB max = 1.1796937763110362
lambdaB min = 0.012254949671879824
----------------------------------
----------------------------------
Iteration = 18
Distance = 0.008129935769442653
v max = -0.4513379488446359
v min = -5.8182773498136795
d max = 0.07672413793103448
d min = 0.07672413793103448
dF max = 0.07672413793103448
dB max = 0.07672413793103448
hk max = 0.02757612535991091
hk min = 0.02271600965945235
hz max = 0.03701873894035647
hz min = 0.025973021439314285
lambdaF max = 1.1699292233879508
lambdaF min = 0.012254949671879824
lambdaB max = 1.1798875282173558
lambdaB min = 0.012254949671879824
----------------------------------
----------------------------------
Iteration = 19
Distance = 0.00670444755314481
v max = -0.4577067951963318
v min = -5.824981797366824
d max = 0.07672413793103448
d min = 0.07672413793103448
dF max = 0.07672413793103448
dB max = 0.07672413793103448
hk max = 0.027578127719054463
hk min = 0.022716532785350685
hz max = 0.03702328975659181
hz min = 0.025974210361810492
lambdaF max = 1.1700482854492429
lambdaF min = 0.012254949671879824
lambdaB max = 1.1800087063882483
lambdaB min = 0.012254949671879824
----------------------------------
----------------------------------
Iteration = 20
Distance = 0.005543038142528545
v max = -0.46304009999236223
v min = -5.830524835509353
d max = 0.07672413793103448
d min = 0.07672413793103448
dF max = 0.07672413793103448
dB max = 0.07672413793103448
hk max = 0.027579377183362296
hk min = 0.022716861096611234
hz max = 0.03702612944820053
hz min = 0.02597495652376629
lambdaF max = 1.1701227388990685
lambdaF min = 0.012254949671879824
lambdaB max = 1.180084480548269
lambdaB min = 0.012254949671879824
----------------------------------
----------------------------------
Iteration = 21
Distance = 0.004591730878848566
v max = -0.4675007675008503
v min = -5.835116566388201
d max = 0.07672413793103448
d min = 0.07672413793103448
dF max = 0.07672413793103448
dB max = 0.07672413793103448
hk max = 0.027580156972702424
hk min = 0.022717066911199228
hz max = 0.03702790169670081
hz min = 0.025975424284193558
lambdaF max = 1.1701692900994505
lambdaF min = 0.012254949671879824
lambdaB max = 1.1801318563096173
lambdaB min = 0.012254949671879824
----------------------------------
----------------------------------
Iteration = 22
Distance = 0.003809293567663019
v max = -0.4712281622794907
v min = -5.838925859955864
d max = 0.07672413793103448
d min = 0.07672413793103448
dF max = 0.07672413793103448
dB max = 0.07672413793103448
hk max = 0.027580643713787052
hk min = 0.022717195826498393
hz max = 0.03702900792643861
hz min = 0.025975717273509828
lambdaF max = 1.1701983923879808
lambdaF min = 0.012254949671879824
lambdaB max = 1.1801614735185002
lambdaB min = 0.012254949671879824
----------------------------------
----------------------------------
Iteration = 23
Distance = 0.0031637034270142195
v max = -0.4743406899618916
v min = -5.842089563382879
d max = 0.07672413793103448
d min = 0.07672413793103448
dF max = 0.07672413793103448
dB max = 0.07672413793103448
hk max = 0.027580947578915233
hk min = 0.022717276525844793
hz max = 0.037029698529002654
hz min = 0.02597590068111529
lambdaF max = 1.17021658457996
lambdaF min = 0.012254949671879824
lambdaB max = 1.1801799873209227
lambdaB min = 0.012254949671879824
----------------------------------
----------------------------------
Iteration = 24
Distance = 0.0026297326837632085
v max = -0.4769384449880584
v min = -5.844719296066642
d max = 0.07672413793103448
d min = 0.07672413793103448
dF max = 0.07672413793103448
dB max = 0.07672413793103448
hk max = 0.027581137302053346
hk min = 0.022717327020582663
hz max = 0.037030129717952914
hz min = 0.02597601544188318
lambdaF max = 1.1702279559574136
lambdaF min = 0.012254949671879824
lambdaB max = 1.1801915595950758
lambdaB min = 0.012254949671879824
----------------------------------
----------------------------------
Iteration = 25
Distance = 0.00218726770779476
v max = -0.47910573119406674
v min = -5.846906563774437
d max = 0.07672413793103448
d min = 0.07672413793103448
dF max = 0.07672413793103448
dB max = 0.07672413793103448
hk max = 0.02758125577265503
hk min = 0.022717358605896312
hz max = 0.03703039896932037
hz min = 0.025976087226686918
lambdaF max = 1.170235063471307
lambdaF min = 0.012254949671879824
lambdaB max = 1.1801987926120197
lambdaB min = 0.012254949671879824
----------------------------------
----------------------------------
Iteration = 26
Distance = 0.001820114667432371
v max = -0.48091336023082937
v min = -5.848726678441869
d max = 0.07672413793103448
d min = 0.07672413793103448
dF max = 0.07672413793103448
dB max = 0.07672413793103448
hk max = 0.027581329758073283
hk min = 0.02271737835849256
hz max = 0.03703056711799822
hz min = 0.025976132118951122
lambdaF max = 1.1702395057304054
lambdaF min = 0.012254949671879824
lambdaB max = 1.1802033132798488
lambdaB min = 0.012254949671879824
----------------------------------
----------------------------------
Iteration = 27
Distance = 0.0015151328995735014
v max = -0.48242069133158577
v min = -5.8502418113414425
d max = 0.07672413793103448
d min = 0.07672413793103448
dF max = 0.07672413793103448
dB max = 0.07672413793103448
hk max = 0.027581375966537428
hk min = 0.022717390709123278
hz max = 0.03703067213723492
hz min = 0.025976160188566393
lambdaF max = 1.170242282087834
lambdaF min = 0.012254949671879824
lambdaB max = 1.1802061386260705
lambdaB min = 0.012254949671879824
----------------------------------
----------------------------------
Iteration = 28
Distance = 0.0012615929450348062
v max = -0.48367740920050034
v min = -5.851503404286477
d max = 0.07672413793103448
d min = 0.07672413793103448
dF max = 0.07672413793103448
dB max = 0.07672413793103448
hk max = 0.027581404828894644
hk min = 0.022717398430567755
hz max = 0.037030737733501316
hz min = 0.02597617773730384
lambdaF max = 1.1702440172303694
lambdaF min = 0.012254949671879824
lambdaB max = 1.1802079043772482
lambdaB min = 0.012254949671879824
----------------------------------
----------------------------------
Iteration = 29
Distance = 0.0010506916177632775
v max = -0.4847250545327392
v min = -5.852554095904241
d max = 0.07672413793103448
d min = 0.07672413793103448
dF max = 0.07672413793103448
dB max = 0.07672413793103448
hk max = 0.02758142285792332
hk min = 0.022717403257439466
hz max = 0.03703077870856649
hz min = 0.02597618870746682
lambdaF max = 1.1702451016203819
lambdaF min = 0.012254949671879824
lambdaB max = 1.1802090078924443
lambdaB min = 0.012254949671879824
----------------------------------
----------------------------------
Iteration = 30
Distance = 0.0008751791137848741
v max = -0.48559833010515147
v min = -5.8534292750180255
d max = 0.07672413793103448
d min = 0.07672413793103448
dF max = 0.07672413793103448
dB max = 0.07672413793103448
hk max = 0.02758143412052832
hk min = 0.022717406274614382
hz max = 0.037030804305396035
hz min = 0.02597619556468254
lambdaF max = 1.1702457793060324
lambdaF min = 0.012254949671879824
lambdaB max = 1.1802096975283605
lambdaB min = 0.012254949671879824
----------------------------------
----------------------------------
Iteration = 31
Distance = 0.000729067748879153
v max = -0.48632620837608326
v min = -5.854158342766905
d max = 0.07672413793103448
d min = 0.07672413793103448
dF max = 0.07672413793103448
dB max = 0.07672413793103448
hk max = 0.027581441156561144
hk min = 0.022717408160476966
hz max = 0.03703082029637973
hz min = 0.025976199850733864
lambdaF max = 1.1702462028173095
lambdaF min = 0.012254949671879824
lambdaB max = 1.1802101285068256
lambdaB min = 0.012254949671879824
----------------------------------
----------------------------------
Iteration = 32
Distance = 0.0006074013976915538
v max = -0.4869328664934919
v min = -5.854765744164596
d max = 0.07672413793103448
d min = 0.07672413793103448
dF max = 0.07672413793103448
dB max = 0.07672413793103448
hk max = 0.027581445552340846
hk min = 0.022717409339167632
hz max = 0.037030830286788136
hz min = 0.025976202529576286
lambdaF max = 1.1702464674823867
lambdaF min = 0.012254949671879824
lambdaB max = 1.1802103978378333
lambdaB min = 0.012254949671879824
----------------------------------
----------------------------------
Iteration = 33
Distance = 0.0005060709490392057
v max = -0.48743847297992116
v min = -5.855271815113635
d max = 0.07672413793103448
d min = 0.07672413793103448
dF max = 0.07672413793103448
dB max = 0.07672413793103448
hk max = 0.0275814482987201
hk min = 0.022717410075839335
hz max = 0.037030836528559166
hz min = 0.025976204203830157
lambdaF max = 1.1702466328781411
lambdaF min = 0.012254949671879824
lambdaB max = 1.1802105661491669
lambdaB min = 0.012254949671879824
----------------------------------
----------------------------------
Iteration = 34
Distance = 0.00042166525662512555
v max = -0.48785984800100685
v min = -5.8556934803702605
d max = 0.07672413793103448
d min = 0.07672413793103448
dF max = 0.07672413793103448
dB max = 0.07672413793103448
hk max = 0.02758145001464682
hk min = 0.022717410536240046
hz max = 0.03703084042839262
hz min = 0.02597620525019541
lambdaF max = 1.1702467362372053
lambdaF min = 0.012254949671879824
lambdaB max = 1.180210671330129
lambdaB min = 0.012254949671879824
----------------------------------
----------------------------------
Iteration = 35
Distance = 0.0003513498899714307
v max = -0.4882110165266331
v min = -5.856044830260232
d max = 0.07672413793103448
d min = 0.07672413793103448
dF max = 0.07672413793103448
dB max = 0.07672413793103448
hk max = 0.027581451086778147
hk min = 0.02271741082397177
hz max = 0.03703084286505473
hz min = 0.025976205904131147
lambdaF max = 1.1702468008278963
lambdaF min = 0.012254949671879824
lambdaB max = 1.1802107370592947
lambdaB min = 0.012254949671879824
----------------------------------
----------------------------------
Iteration = 36
Distance = 0.0002927679408939454
v max = -0.48850367113502496
v min = -5.856337598201126
d max = 0.07672413793103448
d min = 0.07672413793103448
dF max = 0.07672413793103448
dB max = 0.07672413793103448
hk max = 0.027581451756676888
hk min = 0.022717411003789156
hz max = 0.03703084438755187
hz min = 0.025976206312807025
lambdaF max = 1.1702468411915365
lambdaF min = 0.012254949671879824
lambdaB max = 1.1802107781343305
lambdaB min = 0.012254949671879824
----------------------------------
----------------------------------
Iteration = 37
Distance = 0.00024395851622749376
v max = -0.4887475588308911
v min = -5.856581556717353
d max = 0.07672413793103448
d min = 0.07672413793103448
dF max = 0.07672413793103448
dB max = 0.07672413793103448
hk max = 0.02758145217525436
hk min = 0.02271741111616414
hz max = 0.037030845338864304
hz min = 0.02597620656820472
lambdaF max = 1.1702468664151655
lambdaF min = 0.012254949671879824
lambdaB max = 1.180210803802474
lambdaB min = 0.012254949671879824
----------------------------------
----------------------------------
Iteration = 38
Distance = 0.00020328953564874297
v max = -0.4889508041115113
v min = -5.856784846253002
d max = 0.07672413793103448
d min = 0.07672413793103448
dF max = 0.07672413793103448
dB max = 0.07672413793103448
hk max = 0.027581452436802968
hk min = 0.02271741118639082
hz max = 0.037030845933292963
hz min = 0.02597620672781081
lambdaF max = 1.1702468821776402
lambdaF min = 0.012254949671879824
lambdaB max = 1.1802108198427224
lambdaB min = 0.012254949671879824
----------------------------------
----------------------------------
Iteration = 39
Distance = 0.00016940218018124398
v max = -0.48912017863705215
v min = -5.856954248433183
d max = 0.07672413793103448
d min = 0.07672413793103448
dF max = 0.07672413793103448
dB max = 0.07672413793103448
hk max = 0.027581452600232356
hk min = 0.022717411230277172
hz max = 0.03703084630472339
hz min = 0.02597620682755251
lambdaF max = 1.170246892027666
lambdaF min = 0.012254949671879824
lambdaB max = 1.1802108298663516
lambdaB min = 0.012254949671879824
----------------------------------
----------------------------------
Iteration = 40
Distance = 0.00014116488034243702
v max = -0.48926132623619173
v min = -5.857095413313526
d max = 0.07672413793103448
d min = 0.07672413793103448
dF max = 0.07672413793103448
dB max = 0.07672413793103448
hk max = 0.027581452702354108
hk min = 0.022717411257702692
hz max = 0.03703084653681828
hz min = 0.025976206889883245
lambdaF max = 1.1702468981830039
lambdaF min = 0.012254949671879824
lambdaB max = 1.1802108361301762
lambdaB min = 0.012254949671879824
----------------------------------
----------------------------------
Iteration = 41
Distance = 0.0001176351487712779
v max = -0.48937895058603065
v min = -5.857213048462297
d max = 0.07672413793103448
d min = 0.07672413793103448
dF max = 0.07672413793103448
dB max = 0.07672413793103448
hk max = 0.02758145276616702
hk min = 0.022717411274841455
hz max = 0.037030846681847626
hz min = 0.025976206928834976
lambdaF max = 1.1702469020294777
lambdaF min = 0.012254949671879824
lambdaB max = 1.180210840044473
lambdaB min = 0.012254949671879824
----------------------------------
----------------------------------
Iteration = 42
Distance = 9.80278837054982e-5
v max = -0.48947697172153837
v min = -5.857311076346003
d max = 0.07672413793103448
d min = 0.07672413793103448
dF max = 0.07672413793103448
dB max = 0.07672413793103448
hk max = 0.02758145280604154
hk min = 0.0227174112855516
hz max = 0.03703084677247153
hz min = 0.025976206953176213
lambdaF max = 1.170246904433126
lambdaF min = 0.012254949671879824
lambdaB max = 1.1802108424904598
lambdaB min = 0.012254949671879824
----------------------------------
----------------------------------
Iteration = 43
Distance = 8.168902391236799e-5
v max = -0.48955865652854147
v min = -5.857392765369915
d max = 0.07672413793103448
d min = 0.07672413793103448
dF max = 0.07672413793103448
dB max = 0.07672413793103448
hk max = 0.027581452830956525
hk min = 0.022717411292244596
hz max = 0.0370308468290965
hz min = 0.025976206968387563
lambdaF max = 1.170246905935231
lambdaF min = 0.012254949671879824
lambdaB max = 1.1802108440190495
lambdaB min = 0.012254949671879824
----------------------------------
----------------------------------
Iteration = 44
Distance = 6.807363721428317e-5
v max = -0.48962672753062836
v min = -5.857460839007129
d max = 0.07672413793103448
d min = 0.07672413793103448
dF max = 0.07672413793103448
dB max = 0.07672413793103448
hk max = 0.027581452846527348
hk min = 0.022717411296426876
hz max = 0.03703084686448473
hz min = 0.025976206977892755
lambdaF max = 1.1702469068739023
lambdaF min = 0.012254949671879824
lambdaB max = 1.1802108449742814
lambdaB min = 0.012254949671879824
----------------------------------
----------------------------------
Iteration = 45
Distance = 5.672768771081138e-5
v max = -0.48968345357165444
v min = -5.85751756669484
d max = 0.07672413793103448
d min = 0.07672413793103448
dF max = 0.07672413793103448
dB max = 0.07672413793103448
hk max = 0.027581452856256225
hk min = 0.022717411299040646
hz max = 0.03703084688659582
hz min = 0.025976206983833135
lambdaF max = 1.1702469074603923
lambdaF min = 0.012254949671879824
lambdaB max = 1.1802108455711453
lambdaB min = 0.012254949671879824
----------------------------------
----------------------------------
Iteration = 46
Distance = 4.727285857075714e-5
v max = -0.48973072540121637
v min = -5.857564839553411
d max = 0.07672413793103448
d min = 0.07672413793103448
dF max = 0.07672413793103448
dB max = 0.07672413793103448
hk max = 0.02758145286233677
hk min = 0.022717411300673895
hz max = 0.03703084690041524
hz min = 0.02597620698754507
lambdaF max = 1.1702469078269562
lambdaF min = 0.012254949671879824
lambdaB max = 1.1802108459441227
lambdaB min = 0.012254949671879824
----------------------------------
----------------------------------
Iteration = 47
Distance = 3.9393914750718295e-5
v max = -0.48977011867294507
v min = -5.8576042334681615
d max = 0.07672413793103448
d min = 0.07672413793103448
dF max = 0.07672413793103448
dB max = 0.07672413793103448
hk max = 0.027581452866136766
hk min = 0.022717411301694586
hz max = 0.0370308469090516
hz min = 0.025976206989864817
lambdaF max = 1.1702469080560862
lambdaF min = 0.012254949671879824
lambdaB max = 1.1802108461772491
lambdaB min = 0.012254949671879824
----------------------------------
----------------------------------
Iteration = 48
Distance = 3.2828178527566365e-5
v max = -0.48980294644964206
v min = -5.857637061646689
d max = 0.07672413793103448
d min = 0.07672413793103448
dF max = 0.07672413793103448
dB max = 0.07672413793103448
hk max = 0.027581452868510725
hk min = 0.02271741130233229
hz max = 0.03703084691444695
hz min = 0.025976206991314147
lambdaF max = 1.1702469081991362
lambdaF min = 0.012254949671879824
lambdaB max = 1.1802108463228442
lambdaB min = 0.012254949671879824
----------------------------------
----------------------------------
Iteration = 49
Distance = 2.7356763088626224e-5
v max = -0.48983030296163055
v min = -5.857664418409778
d max = 0.07672413793103448
d min = 0.07672413793103448
dF max = 0.07672413793103448
dB max = 0.07672413793103448
hk max = 0.027581452869993174
hk min = 0.022717411302730993
hz max = 0.037030846917816156
hz min = 0.025976206992220294
lambdaF max = 1.1702469082885543
lambdaF min = 0.012254949671879824
lambdaB max = 1.180210846413872
lambdaB min = 0.012254949671879824
----------------------------------
----------------------------------
Iteration = 50
Distance = 2.279726986120778e-5
v max = -0.48985310007458144
v min = -5.857687215679639
d max = 0.07672413793103448
d min = 0.07672413793103448
dF max = 0.07672413793103448
dB max = 0.07672413793103448
hk max = 0.02758145287091982
hk min = 0.02271741130297988
hz max = 0.03703084691992217
hz min = 0.025976206992785942
lambdaF max = 1.170246908344464
lambdaF min = 0.012254949671879824
lambdaB max = 1.180210846470749
lambdaB min = 0.012254949671879824
----------------------------------
----------------------------------
Iteration = 51
Distance = 1.8997704449574826e-5
v max = -0.4898720976809696
v min = -5.8577062133840885
d max = 0.07672413793103448
d min = 0.07672413793103448
dF max = 0.07672413793103448
dB max = 0.07672413793103448
hk max = 0.027581452871500597
hk min = 0.022717411303135652
hz max = 0.037030846921242117
hz min = 0.025976206993139968
lambdaF max = 1.1702469083794702
lambdaF min = 0.012254949671879824
lambdaB max = 1.180210846506336
lambdaB min = 0.012254949671879824
----------------------------------
----------------------------------
Iteration = 52
Distance = 1.58314075990873e-5
v max = -0.48988792902729333
v min = -5.857722044791688
d max = 0.07672413793103448
d min = 0.07672413793103448
dF max = 0.07672413793103448
dB max = 0.07672413793103448
hk max = 0.027581452871863116
hk min = 0.022717411303232928
hz max = 0.03703084692206603
hz min = 0.02597620699336105
lambdaF max = 1.1702469084013096
lambdaF min = 0.012254949671879824
lambdaB max = 1.180210846528531
lambdaB min = 0.012254949671879824
----------------------------------
----------------------------------
Iteration = 53
Distance = 1.3192831677777406e-5
v max = -0.4899011218206838
v min = -5.857735237623365
d max = 0.07672413793103448
d min = 0.07672413793103448
dF max = 0.07672413793103448
dB max = 0.07672413793103448
hk max = 0.027581452872088765
hk min = 0.02271741130329356
hz max = 0.03703084692257887
hz min = 0.02597620699349885
lambdaF max = 1.1702469084148506
lambdaF min = 0.012254949671879824
lambdaB max = 1.1802108465422978
lambdaB min = 0.012254949671879824
----------------------------------
----------------------------------
Iteration = 54
Distance = 1.0994021409693744e-5
v max = -0.48991211581817046
v min = -5.857746231644775
d max = 0.07672413793103448
d min = 0.07672413793103448
dF max = 0.07672413793103448
dB max = 0.07672413793103448
hk max = 0.027581452872229337
hk min = 0.02271741130333165
hz max = 0.03703084692289834
hz min = 0.02597620699358542
lambdaF max = 1.1702469084233056
lambdaF min = 0.012254949671879824
lambdaB max = 1.1802108465510384
lambdaB min = 0.012254949671879824
----------------------------------
----------------------------------
Iteration = 55
Distance = 9.161681392200194e-6
v max = -0.4899212774846149
v min = -5.857755393326167
d max = 0.07672413793103448
d min = 0.07672413793103448
dF max = 0.07672413793103448
dB max = 0.07672413793103448
hk max = 0.027581452872319043
hk min = 0.022717411303355407
hz max = 0.03703084692310222
hz min = 0.025976206993639412
lambdaF max = 1.1702469084287341
lambdaF min = 0.012254949671879824
lambdaB max = 1.1802108465565324
lambdaB min = 0.012254949671879824
----------------------------------
    Value Function Converged, Iteration = 55 with gamma=6.0 with rho=1.0 and v=-2.771249553978128
    Natural boundary condition
=============================================================
Convegence time (minutes): 0.11551854349999999
Current Time = 22:21:47
grid points for z:  401
grid size for z:  0.025
-0.0741597537654346
-0.27115094498983594
--- 8.546902418136597 seconds for the elasticity computation ---
-0.016041693284815462
-0.12626751400280567
--- 0.06875801086425781 seconds for the elasticity computation ---
-0.0212261330297381
-0.14488343098703027
--- 0.06480860710144043 seconds for the elasticity computation ---
-0.1539194672625755
-0.27679488510291295
--- 0.06477737426757812 seconds for the elasticity computation ---
Current Time = 22:21:58
grid points for z:  401
grid size for z:  0.025
rho = 1
0.05975971349714089
--- 8.622025966644287 seconds for the elasticity computation ---
0.0
--- 0.06783676147460938 seconds for the elasticity computation ---
0.05975971349714089
--- 0.06808805465698242 seconds for the elasticity computation ---
0.0
--- 0.0687551498413086 seconds for the elasticity computation ---
0.0
--- 0.06684160232543945 seconds for the elasticity computation ---
0.05975971349714089
0.005643940113077034
--- 0.06701827049255371 seconds for the elasticity computation ---
0.05975971349714089
0.005643940113077034
--- 0.06662893295288086 seconds for the elasticity computation ---
0.05975971349714089
0.005643940113077034
--- 0.06671571731567383 seconds for the elasticity computation ---
0.05975971349714089
0.005643940113077034
--- 0.06703400611877441 seconds for the elasticity computation ---
parsed_args = parse_commandline() = Dict{String, Any}("dataname" => "lower_triangular_four_ambiguous_parameters", "clowerlim" => 0.0001, "delta" => 0.02, "boundary" => 0, "Delta" => 10.0, "q" => 0.05, "zmax" => 5.0, "logadjustment" => 1, "zscale" => 2.0, "foc" => 1, "distorted" => 0, "rho" => 1.0, "gamma" => 6.0)
=============================================================
./output/lower_triangular_four_ambiguous_parameters/Delta_10.0_distorted_0/logadjustment_1_boundary_0/zmax_5.0_zscale_2.0/delta_0.02/q_0.05_gamma_6.0_rho_1.0/
=============================================================
solve for structured linear system 
structured_relative_entropy = 0.05064737077403477
=============================================================
solve for unstructured linear system 
q_update = 0.220722732150992
=============================================================
parsed_args = parse_commandline() = Dict{String, Any}("dataname" => "lower_triangular_four_ambiguous_parameters", "clowerlim" => 0.0001, "delta" => 0.02, "boundary" => 0, "Delta" => 10.0, "q" => 0.05, "zmax" => 5.0, "logadjustment" => 1, "zscale" => 2.0, "foc" => 1, "distorted" => 0, "rho" => 1.0, "gamma" => 6.0)
=============================================================
./output/lower_triangular_four_ambiguous_parameters/Delta_10.0_distorted_0/logadjustment_1_boundary_0/zmax_5.0_zscale_2.0/delta_0.02/q_0.05_gamma_6.0_rho_1.0/
=============================================================
solve for structured linear system 
structured_relative_entropy = 0.05064737077403474
=============================================================
solve for unstructured linear system 
q_update = 0.22072273215099203
=============================================================
Program ends Fri Jan 19 22:22:40 CST 2024
Elapsed time: 0 days 00 hr 01 min 21 sec
