D_10.0_distorted_0_boundary_0_delta_0.015_gamma_5.0_q_0.05_rho_1.0_lower_triangular_four_ambiguous_parameters
Program starts Fri Jan 19 22:21:09 CST 2024
parsed_args = parse_commandline() = Dict{String, Any}("dataname" => "lower_triangular_four_ambiguous_parameters", "clowerlim" => 0.0001, "delta" => 0.015, "boundary" => 0, "Delta" => 10.0, "q" => 0.05, "zmax" => 5.0, "logadjustment" => 1, "zscale" => 2.0, "foc" => 1, "distorted" => 0, "rho" => 1.0, "gamma" => 5.0)
=============================================================
logadjustment: true
reflective_boundary: false
0.1002
sigma_k: [0.011287880226154068, 0.0]
sigma_z: [0.026030751045638307, 0.05916079783099616]
Compute value function WITH ROBUSTNESS
computing undistorted version...
zmax = 5.0, zmin = -5.0, zlength = 401
natural boundary condition
----------------------------------
Iteration = 1
Distance = 1.2284220385472682
v max = -0.8892407519975554
v min = -3.228422038547268
d max = 0.07607142857142857
d min = 0.07607142857142857
dF max = 0.07607142857142857
dB max = 0.07607142857142857
hk max = 0.011287880226154068
hk min = 0.011287880226154068
hz max = 0.0
hz min = 0.0
lambdaF max = 0.31926946612540325
lambdaF min = 0.012254949671879824
lambdaB max = 0.31926946612540325
lambdaB min = 0.012254949671879824
----------------------------------
----------------------------------
Iteration = 2
Distance = 0.8634655005155518
v max = -0.407004714274847
v min = -4.09188753906282
d max = 0.07607142857142857
d min = 0.07607142857142857
dF max = 0.07607142857142857
dB max = 0.07607142857142857
hk max = 0.017376944798234765
hk min = 0.01737694479823199
hz max = 0.01383878311836522
hz min = 0.013838783118358917
lambdaF max = 0.6283121063407057
lambdaF min = 0.012254949671879824
lambdaB max = 0.6283121063407057
lambdaB min = 0.012254949671879824
----------------------------------
----------------------------------
Iteration = 3
Distance = 0.5695118055508104
v max = -0.17706826686189672
v min = -4.66139934461363
d max = 0.07607142857142857
d min = 0.07607142857142857
dF max = 0.07607142857142857
dB max = 0.07607142857142857
hk max = 0.02156970668591871
hk min = 0.020190107255269672
hz max = 0.023367787408556013
hz min = 0.020232334157080922
lambdaF max = 0.8520316478649254
lambdaF min = 0.012254949671879824
lambdaB max = 0.8555642600497778
lambdaB min = 0.012254949671879824
----------------------------------
----------------------------------
Iteration = 4
Distance = 0.3843824731894907
v max = -0.08107468265410799
v min = -5.045781817803121
d max = 0.07607142857142857
d min = 0.07607142857142857
dF max = 0.07607142857142857
dB max = 0.07607142857142857
hk max = 0.024221970848674765
hk min = 0.021683826136369374
hz max = 0.029395660505728862
hz min = 0.02362714979594388
lambdaF max = 0.9921841800369451
lambdaF min = 0.012254949671879824
lambdaB max = 0.9983071316168595
lambdaB min = 0.012254949671879824
----------------------------------
----------------------------------
Iteration = 5
Distance = 0.2659461419819005
v max = -0.05337936485743835
v min = -5.3117279597850215
d max = 0.07607142857142857
d min = 0.07607142857142857
dF max = 0.07607142857142857
dB max = 0.07607142857142857
hk max = 0.02590848140570952
hk min = 0.022468133582325262
hz max = 0.033228639044444216
hz min = 0.025409666718570898
lambdaF max = 1.0798487359238238
lambdaF min = 0.012254949671879824
lambdaB max = 1.087808900201119
lambdaB min = 0.012254949671879824
----------------------------------
----------------------------------
Iteration = 6
Distance = 0.18826064908958884
v max = -0.05936791995574246
v min = -5.49998860887461
d max = 0.07607142857142857
d min = 0.07607142857142857
dF max = 0.07607142857142857
dB max = 0.07607142857142857
hk max = 0.02698725605774981
hk min = 0.022881784186006837
hz max = 0.035680399617263055
hz min = 0.02634978172693812
lambdaF max = 1.1353465629483066
lambdaF min = 0.012254949671879824
lambdaB max = 1.1445786317179627
lambdaB min = 0.012254949671879824
----------------------------------
----------------------------------
Iteration = 7
Distance = 0.1364043796800285
v max = -0.0812136389176737
v min = -5.636392988554639
d max = 0.07607142857142857
d min = 0.07607142857142857
dF max = 0.07607142857142857
dB max = 0.07607142857142857
hk max = 0.027678599120193544
hk min = 0.023104358166862012
hz max = 0.03725163385008973
hz min = 0.026855631683427153
lambdaF max = 1.171039977977134
lambdaF min = 0.012254949671879824
lambdaB max = 1.1809187988645025
lambdaB min = 0.012254949671879824
----------------------------------
----------------------------------
Iteration = 8
Distance = 0.1012087854754542
v max = -0.10976875717363903
v min = -5.737601774030093
d max = 0.07607142857142857
d min = 0.07607142857142857
dF max = 0.07607142857142857
dB max = 0.07607142857142857
hk max = 0.028121900994660484
hk min = 0.02322823811664177
hz max = 0.03825913811024186
hz min = 0.027137177023835696
lambdaF max = 1.1942356243384875
lambdaF min = 0.012254949671879824
lambdaB max = 1.2043333784928085
lambdaB min = 0.012254949671879824
----------------------------------
----------------------------------
Iteration = 9
Distance = 0.07688976207361975
v max = -0.14030831905390584
v min = -5.814491536103713
d max = 0.07607142857142857
d min = 0.07607142857142857
dF max = 0.07607142857142857
dB max = 0.07607142857142857
hk max = 0.02840617239223016
hk min = 0.023300077704078014
hz max = 0.03890520946835476
hz min = 0.027300448813463524
lambdaF max = 1.2092055046006707
lambdaF min = 0.012254949671879824
lambdaB max = 1.2196303060210532
lambdaB min = 0.012254949671879824
----------------------------------
----------------------------------
Iteration = 10
Distance = 0.05975002538275831
v max = -0.17038366552440795
v min = -5.874241561486471
d max = 0.07607142857142857
d min = 0.07607142857142857
dF max = 0.07607142857142857
dB max = 0.07607142857142857
hk max = 0.028588441528351285
hk min = 0.023343375651584754
hz max = 0.03931945750499369
hz min = 0.0273988532396152
lambdaF max = 1.218874338439767
lambdaF min = 0.012254949671879824
lambdaB max = 1.229508215842991
lambdaB min = 0.012254949671879824
----------------------------------
----------------------------------
Iteration = 11
Distance = 0.04740567908839921
v max = -0.1987529510008036
v min = -5.92164724057487
d max = 0.07607142857142857
d min = 0.07607142857142857
dF max = 0.07607142857142857
dB max = 0.07607142857142857
hk max = 0.028705288682017886
hk min = 0.023370248166734678
hz max = 0.03958501921787232
hz min = 0.027459927137683214
lambdaF max = 1.2251180017368508
lambdaF min = 0.012254949671879824
lambdaB max = 1.2358851695979423
lambdaB min = 0.012254949671879824
----------------------------------
----------------------------------
Iteration = 12
Distance = 0.03830846668013965
v max = -0.22483688552615338
v min = -5.95995570725501
d max = 0.07607142857142857
d min = 0.07607142857142857
dF max = 0.07607142857142857
dB max = 0.07607142857142857
hk max = 0.028780184166278765
hk min = 0.02338724948624655
hz max = 0.03975523622755613
hz min = 0.02749856650021019
lambdaF max = 1.229147225378878
lambdaF min = 0.012254949671879824
lambdaB max = 1.2399993294423288
lambdaB min = 0.012254949671879824
----------------------------------
----------------------------------
Iteration = 13
Distance = 0.0314454237400259
v max = -0.24842847656270667
v min = -5.991401130995036
d max = 0.07607142857142857
d min = 0.07607142857142857
dF max = 0.07607142857142857
dB max = 0.07607142857142857
hk max = 0.028828184727514163
hk min = 0.023398128932039346
hz max = 0.03986432841218204
hz min = 0.027523292513375635
lambdaF max = 1.2317453805183471
lambdaF min = 0.012254949671879824
lambdaB max = 1.2426516465249775
lambdaB min = 0.012254949671879824
----------------------------------
----------------------------------
Iteration = 14
Distance = 0.02614822382652182
v max = -0.269530182238649
v min = -6.017549354821558
d max = 0.07607142857142857
d min = 0.07607142857142857
dF max = 0.07607142857142857
dB max = 0.07607142857142857
hk max = 0.028858946793121718
hk min = 0.023405134391138213
hz max = 0.039934242197653756
hz min = 0.0275392140113276
lambdaF max = 1.233419494579654
lambdaF min = 0.012254949671879824
lambdaB max = 1.244360338675783
lambdaB min = 0.012254949671879824
----------------------------------
----------------------------------
Iteration = 15
Distance = 0.021971452245484357
v max = -0.28825905979369915
v min = -6.039520807067042
d max = 0.07607142857142857
d min = 0.07607142857142857
dF max = 0.07607142857142857
dB max = 0.07607142857142857
hk max = 0.028878661402741528
hk min = 0.023409658611992908
hz max = 0.03997904812860787
hz min = 0.027549496331451914
lambdaF max = 1.2344975076289642
lambdaF min = 0.012254949671879824
lambdaB max = 1.2454604540366183
lambdaB min = 0.012254949671879824
----------------------------------
----------------------------------
Iteration = 16
Distance = 0.01861458518702719
v max = -0.3047903737205443
v min = -6.058135392254069
d max = 0.07607142857142857
d min = 0.07607142857142857
dF max = 0.07607142857142857
dB max = 0.07607142857142857
hk max = 0.028891296727220565
hk min = 0.023412583119847105
hz max = 0.04000776477515114
hz min = 0.027556142940211456
lambdaF max = 1.2351913031666122
lambdaF min = 0.012254949671879824
lambdaB max = 1.246168392780969
lambdaB min = 0.012254949671879824
----------------------------------
----------------------------------
Iteration = 17
Distance = 0.015871828210153538
v max = -0.3193239026630114
v min = -6.074007220464223
d max = 0.07607142857142857
d min = 0.07607142857142857
dF max = 0.07607142857142857
dB max = 0.07607142857142857
hk max = 0.028899395661925387
hk min = 0.02341447317909502
hz max = 0.040026171444934824
hz min = 0.027560438529411268
lambdaF max = 1.2356376308199035
lambdaF min = 0.012254949671879824
lambdaB max = 1.2466237787592682
lambdaB min = 0.012254949671879824
----------------------------------
----------------------------------
Iteration = 18
Distance = 0.013599771458316923
v max = -0.3320640315261505
v min = -6.08760699192254
d max = 0.07607142857142857
d min = 0.07607142857142857
dF max = 0.07607142857142857
dB max = 0.07607142857142857
hk max = 0.02890458755560567
hk min = 0.02341569380666781
hz max = 0.040037971203299105
hz min = 0.02756321268298578
lambdaF max = 1.2359246628327611
lambdaF min = 0.012254949671879824
lambdaB max = 1.2469166164656813
lambdaB min = 0.012254949671879824
----------------------------------
----------------------------------
Iteration = 19
Distance = 0.011696464825647013
v max = -0.3432083554829639
v min = -6.099303456748187
d max = 0.07607142857142857
d min = 0.07607142857142857
dF max = 0.07607142857142857
dB max = 0.07607142857142857
hk max = 0.028907916363633313
hk min = 0.023416481402992646
hz max = 0.040045536676089205
hz min = 0.027565002674633136
lambdaF max = 1.2361092039398498
lambdaF min = 0.012254949671879824
lambdaB max = 1.2471048805833023
lambdaB min = 0.012254949671879824
----------------------------------
----------------------------------
Iteration = 20
Distance = 0.010087826530173594
v max = -0.35294156505186636
v min = -6.10939128327836
d max = 0.07607142857142857
d min = 0.07607142857142857
dF max = 0.07607142857142857
dB max = 0.07607142857142857
hk max = 0.028910050988305347
hk min = 0.023416989149502822
hz max = 0.04005038809579836
hz min = 0.027566156643974448
lambdaF max = 1.2362278265352271
lambdaF min = 0.012254949671879824
lambdaB max = 1.2472258915968994
lambdaB min = 0.012254949671879824
----------------------------------
----------------------------------
Iteration = 21
Distance = 0.008718769685950534
v max = -0.3614325861646684
v min = -6.118110052964311
d max = 0.07607142857142857
d min = 0.07607142857142857
dF max = 0.07607142857142857
dB max = 0.07607142857142857
hk max = 0.028911420058157552
hk min = 0.023417316233595255
hz max = 0.04005349961818974
hz min = 0.027566900016911797
lambdaF max = 1.2363040647838628
lambdaF min = 0.012254949671879824
lambdaB max = 1.2473036625475065
lambdaB min = 0.012254949671879824
----------------------------------
----------------------------------
Iteration = 22
Distance = 0.00754737086738011
v max = -0.3688336903959496
v min = -6.125657423831691
d max = 0.07607142857142857
d min = 0.07607142857142857
dF max = 0.07607142857142857
dB max = 0.07607142857142857
hk max = 0.028912298271314852
hk min = 0.023417526804407736
hz max = 0.04005549555718361
hz min = 0.027567378586940153
lambdaF max = 1.2363530567418604
lambdaF min = 0.012254949671879824
lambdaB max = 1.247353638296154
lambdaB min = 0.012254949671879824
----------------------------------
----------------------------------
Iteration = 23
Distance = 0.006541005457409987
v max = -0.37528075959159524
v min = -6.132198429289101
d max = 0.07607142857142857
d min = 0.07607142857142857
dF max = 0.07607142857142857
dB max = 0.07607142857142857
hk max = 0.028912861703405995
hk min = 0.023417662297766775
hz max = 0.04005677608466347
hz min = 0.027567686526392524
lambdaF max = 1.2363845367478252
lambdaF min = 0.012254949671879824
lambdaB max = 1.247385749870506
lambdaB min = 0.012254949671879824
----------------------------------
----------------------------------
Iteration = 24
Distance = 0.00567375917729418
v max = -0.3808941902078842
v min = -6.137872188466395
d max = 0.07607142857142857
d min = 0.07607142857142857
dF max = 0.07607142857142857
dB max = 0.07607142857142857
hk max = 0.028913223235033494
hk min = 0.023417749447534747
hz max = 0.040057597747453245
hz min = 0.027567884594047003
lambdaF max = 1.2364047628402077
lambdaF min = 0.012254949671879824
lambdaB max = 1.2474063814641658
lambdaB min = 0.012254949671879824
----------------------------------
----------------------------------
Iteration = 25
Distance = 0.0049246715746109615
v max = -0.3857801167181722
v min = -6.142796860041006
d max = 0.07607142857142857
d min = 0.07607142857142857
dF max = 0.07607142857142857
dB max = 0.07607142857142857
hk max = 0.02891345524628918
hk min = 0.023417805485376954
hz max = 0.04005812504576163
hz min = 0.027568011952779293
lambdaF max = 1.236417757452672
lambdaF min = 0.012254949671879824
lambdaB max = 1.2474196364549999
lambdaB min = 0.012254949671879824
----------------------------------
----------------------------------
Iteration = 26
Distance = 0.00427652517985333
v max = -0.3900317582161045
v min = -6.147073385220859
d max = 0.07607142857142857
d min = 0.07607142857142857
dF max = 0.07607142857142857
dB max = 0.07607142857142857
hk max = 0.02891360415648284
hk min = 0.023417841509542597
hz max = 0.04005846347801994
hz min = 0.02756809382588302
lambdaF max = 1.236426105680074
lambdaF min = 0.012254949671879824
lambdaB max = 1.2474281518869172
lambdaB min = 0.012254949671879824
----------------------------------
----------------------------------
Iteration = 27
Distance = 0.0037149953610766673
v max = -0.3937307720529802
v min = -6.150788380581936
d max = 0.07607142857142857
d min = 0.07607142857142857
dF max = 0.07607142857142857
dB max = 0.07607142857142857
hk max = 0.028913699740857408
hk min = 0.023417864663614056
hz max = 0.04005868071523487
hz min = 0.027568146448772708
lambdaF max = 1.2364314686952114
lambdaF min = 0.012254949671879824
lambdaB max = 1.2474336222798794
lambdaB min = 0.012254949671879824
----------------------------------
----------------------------------
Iteration = 28
Distance = 0.00322804097109497
v max = -0.396948548777127
v min = -6.154016421553031
d max = 0.07607142857142857
d min = 0.07607142857142857
dF max = 0.07607142857142857
dB max = 0.07607142857142857
hk max = 0.02891376110166138
hk min = 0.02341787954350595
hz max = 0.040058820171607536
hz min = 0.027568180266708833
lambdaF max = 1.236434913867124
lambdaF min = 0.012254949671879824
lambdaB max = 1.2474371364120211
lambdaB min = 0.012254949671879824
----------------------------------
----------------------------------
Iteration = 29
Distance = 0.002805457721559712
v max = -0.39974741413586934
v min = -6.156821879274591
d max = 0.07607142857142857
d min = 0.07607142857142857
dF max = 0.07607142857142857
dB max = 0.07607142857142857
hk max = 0.02891380049581396
hk min = 0.02341788910498175
hz max = 0.04005890970377248
hz min = 0.027568201997335652
lambdaF max = 1.2364371269745165
lambdaF min = 0.012254949671879824
lambdaB max = 1.2474393938084456
lambdaB min = 0.012254949671879824
----------------------------------
----------------------------------
Iteration = 30
Distance = 0.002438543171899177
v max = -0.4021817232201267
v min = -6.15926042244649
d max = 0.07607142857142857
d min = 0.07607142857142857
dF max = 0.07607142857142857
dB max = 0.07607142857142857
hk max = 0.02891382578904441
hk min = 0.023417895248446834
hz max = 0.04005896718838715
hz min = 0.027568215959756295
lambdaF max = 1.2364385486020752
lambdaF min = 0.012254949671879824
lambdaB max = 1.247440843880961
lambdaB min = 0.012254949671879824
----------------------------------
----------------------------------
Iteration = 31
Distance = 0.0021198396259283214
v max = -0.40429884338488503
v min = -6.161380262072418
d max = 0.07607142857142857
d min = 0.07607142857142857
dF max = 0.07607142857142857
dB max = 0.07607142857142857
hk max = 0.028913842029726352
hk min = 0.0234178991955018
hz max = 0.04005900409902793
hz min = 0.02756822493033577
lambdaF max = 1.2364394617950687
lambdaF min = 0.012254949671879824
lambdaB max = 1.2474417753432883
lambdaB min = 0.012254949671879824
----------------------------------
----------------------------------
Iteration = 32
Distance = 0.0018429325020132836
v max = -0.40614002922165976
v min = -6.163223194574432
d max = 0.07607142857142857
d min = 0.07607142857142857
dF max = 0.07607142857142857
dB max = 0.07607142857142857
hk max = 0.02891385245837159
hk min = 0.023417901731275465
hz max = 0.040059027800494376
hz min = 0.027568230693457728
lambdaF max = 1.2364400483840965
lambdaF min = 0.012254949671879824
lambdaB max = 1.2474423736662885
lambdaB min = 0.012254949671879824
----------------------------------
----------------------------------
Iteration = 33
Distance = 0.0016022890742668494
v max = -0.40774119643294576
v min = -6.164825483648698
d max = 0.07607142857142857
d min = 0.07607142857142857
dF max = 0.07607142857142857
dB max = 0.07607142857142857
hk max = 0.02891385915523658
hk min = 0.023417903360309376
hz max = 0.04005904302064208
hz min = 0.02756823439580752
lambdaF max = 1.2364404251755694
lambdaF min = 0.012254949671879824
lambdaB max = 1.2474427579943048
lambdaB min = 0.012254949671879824
----------------------------------
----------------------------------
Iteration = 34
Distance = 0.0013931272747438328
v max = -0.4091336031432299
v min = -6.166218610923442
d max = 0.07607142857142857
d min = 0.07607142857142857
dF max = 0.07607142857142857
dB max = 0.07607142857142857
hk max = 0.028913863455869354
hk min = 0.023417904406800853
hz max = 0.04005905279480748
hz min = 0.02756823677419724
lambdaF max = 1.2364406672030517
lambdaF min = 0.012254949671879824
lambdaB max = 1.247443004862438
lambdaB min = 0.012254949671879824
----------------------------------
----------------------------------
Iteration = 35
Distance = 0.0012113074006592228
v max = -0.41034444772793
v min = -6.1674299183241015
d max = 0.07607142857142857
d min = 0.07607142857142857
dF max = 0.07607142857142857
dB max = 0.07607142857142857
hk max = 0.028913866217768567
hk min = 0.023417905079049794
hz max = 0.040059059071851144
hz min = 0.027568238302035745
lambdaF max = 1.2364408226654755
lambdaF min = 0.012254949671879824
lambdaB max = 1.2474431634340173
lambdaB min = 0.012254949671879824
----------------------------------
----------------------------------
Iteration = 36
Distance = 0.0010532416638575626
v max = -0.41139739212531606
v min = -6.168483159987959
d max = 0.07607142857142857
d min = 0.07607142857142857
dF max = 0.07607142857142857
dB max = 0.07607142857142857
hk max = 0.02891386799153031
hk min = 0.023417905510882856
hz max = 0.04005906310312783
hz min = 0.027568239283474526
lambdaF max = 1.236440922523683
lambdaF min = 0.012254949671879824
lambdaB max = 1.2474432652891878
lambdaB min = 0.012254949671879824
----------------------------------
----------------------------------
Iteration = 37
Distance = 0.0009158179238228925
v max = -0.41231301911424184
v min = -6.169398977911782
d max = 0.07607142857142857
d min = 0.07607142857142857
dF max = 0.07607142857142857
dB max = 0.07607142857142857
hk max = 0.028913869130712273
hk min = 0.023417905788275052
hz max = 0.040059065692177744
hz min = 0.02756823991391133
lambdaF max = 1.2364409866654105
lambdaF min = 0.012254949671879824
lambdaB max = 1.2474433307136568
lambdaB min = 0.012254949671879824
----------------------------------
----------------------------------
Iteration = 38
Distance = 0.0007963349000190689
v max = -0.41310923137594113
v min = -6.170195312811801
d max = 0.07607142857142857
d min = 0.07607142857142857
dF max = 0.07607142857142857
dB max = 0.07607142857142857
hk max = 0.028913869862355154
hk min = 0.023417905966458374
hz max = 0.040059067355002476
hz min = 0.027568240318873432
lambdaF max = 1.2364410278652886
lambdaF min = 0.012254949671879824
lambdaB max = 1.2474433727373921
lambdaB min = 0.012254949671879824
----------------------------------
----------------------------------
Iteration = 39
Distance = 0.0006924468178457488
v max = -0.4138015994224197
v min = -6.170887759629647
d max = 0.07607142857142857
d min = 0.07607142857142857
dF max = 0.07607142857142857
dB max = 0.07607142857142857
hk max = 0.02891387033226354
hk min = 0.023417906080913348
hz max = 0.04005906842297608
hz min = 0.02756824057899837
lambdaF max = 1.236441054328957
lambdaF min = 0.012254949671879824
lambdaB max = 1.247443399730211
lambdaB min = 0.012254949671879824
----------------------------------
----------------------------------
Iteration = 40
Distance = 0.000602115905794065
v max = -0.41440366473274753
v min = -6.171489875535441
d max = 0.07607142857142857
d min = 0.07607142857142857
dF max = 0.07607142857142857
dB max = 0.07607142857142857
hk max = 0.028913870634073236
hk min = 0.023417906154432424
hz max = 0.040059069108907205
hz min = 0.02756824074608718
lambdaF max = 1.2364410713271228
lambdaF min = 0.012254949671879824
lambdaB max = 1.2474434170682756
lambdaB min = 0.012254949671879824
----------------------------------
----------------------------------
Iteration = 41
Distance = 0.0005235714939706426
v max = -0.414927203728791
v min = -6.1720134470294115
d max = 0.07607142857142857
d min = 0.07607142857142857
dF max = 0.07607142857142857
dB max = 0.07607142857142857
hk max = 0.02891387082791923
hk min = 0.023417906201656312
hz max = 0.04005906954946629
hz min = 0.027568240853414194
lambdaF max = 1.236441082245425
lambdaF min = 0.012254949671879824
lambdaB max = 1.2474434282048854
lambdaB min = 0.012254949671879824
----------------------------------
----------------------------------
Iteration = 42
Distance = 0.0004552747077406494
v max = -0.41538245756277636
v min = -6.172468721737152
d max = 0.07607142857142857
d min = 0.07607142857142857
dF max = 0.07607142857142857
dB max = 0.07607142857142857
hk max = 0.028913870952423867
hk min = 0.023417906231989572
hz max = 0.04005906983243137
hz min = 0.027568240922353424
lambdaF max = 1.2364410892584774
lambdaF min = 0.012254949671879824
lambdaB max = 1.2474434353581723
lambdaB min = 0.012254949671879824
----------------------------------
----------------------------------
Iteration = 43
Distance = 0.00039588793361922114
v max = -0.4157783320889553
v min = -6.172864609670771
d max = 0.07607142857142857
d min = 0.07607142857142857
dF max = 0.07607142857142857
dB max = 0.07607142857142857
hk max = 0.02891387103239208
hk min = 0.023417906251473622
hz max = 0.04005907001417731
hz min = 0.027568240966635356
lambdaF max = 1.2364410937630734
lambdaF min = 0.012254949671879824
lambdaB max = 1.2474434399528298
lambdaB min = 0.012254949671879824
----------------------------------
----------------------------------
Iteration = 44
Distance = 0.00034424837528312935
v max = -0.4161225718524767
v min = -6.1732088580460545
d max = 0.07607142857142857
d min = 0.07607142857142857
dF max = 0.07607142857142857
dB max = 0.07607142857142857
hk max = 0.028913871083754438
hk min = 0.023417906263988625
hz max = 0.040059070130909945
hz min = 0.027568240995078545
lambdaF max = 1.2364410966564636
lambdaF min = 0.012254949671879824
lambdaB max = 1.2474434429041064
lambdaB min = 0.012254949671879824
----------------------------------
----------------------------------
Iteration = 45
Distance = 0.00029934512753637676
v max = -0.41642191144857144
v min = -6.173508203173591
d max = 0.07607142857142857
d min = 0.07607142857142857
dF max = 0.07607142857142857
dB max = 0.07607142857142857
hk max = 0.028913871116745687
hk min = 0.02341790627202732
hz max = 0.04005907020589004
hz min = 0.0275682410133483
lambdaF max = 1.2364410985149212
lambdaF min = 0.012254949671879824
lambdaB max = 1.2474434447996887
lambdaB min = 0.012254949671879824
----------------------------------
----------------------------------
Iteration = 46
Distance = 0.0002602992850579966
v max = -0.416682207180708
v min = -6.173768502458649
d max = 0.07607142857142857
d min = 0.07607142857142857
dF max = 0.07607142857142857
dB max = 0.07607142857142857
hk max = 0.028913871137935584
hk min = 0.02341790627719087
hz max = 0.0400590702540489
hz min = 0.027568241025083644
lambdaF max = 1.2364410997086668
lambdaF min = 0.012254949671879824
lambdaB max = 1.2474434460173156
lambdaB min = 0.012254949671879824
----------------------------------
----------------------------------
Iteration = 47
Distance = 0.0002263466739469422
v max = -0.41690855157256945
v min = -6.173994849132596
d max = 0.07607142857142857
d min = 0.07607142857142857
dF max = 0.07607142857142857
dB max = 0.07607142857142857
hk max = 0.028913871151546762
hk min = 0.023417906280507425
hz max = 0.0400590702849834
hz min = 0.027568241032621274
lambdaF max = 1.2364411004754354
lambdaF min = 0.012254949671879824
lambdaB max = 1.2474434467994153
lambdaB min = 0.012254949671879824
----------------------------------
----------------------------------
Iteration = 48
Distance = 0.00019682285402478072
v max = -0.4171053729607811
v min = -6.1741916719866206
d max = 0.07607142857142857
d min = 0.07607142857142857
dF max = 0.07607142857142857
dB max = 0.07607142857142857
hk max = 0.028913871160288877
hk min = 0.023417906282637756
hz max = 0.04005907030485185
hz min = 0.027568241037462932
lambdaF max = 1.236441100967904
lambdaF min = 0.012254949671879824
lambdaB max = 1.247443447301751
lambdaB min = 0.012254949671879824
----------------------------------
----------------------------------
Iteration = 49
Distance = 0.00017115008901225082
v max = -0.417276522108275
v min = -6.174362822075633
d max = 0.07607142857142857
d min = 0.07607142857142857
dF max = 0.07607142857142857
dB max = 0.07607142857142857
hk max = 0.028913871165903327
hk min = 0.023417906284005995
hz max = 0.04005907031761196
hz min = 0.027568241040572566
lambdaF max = 1.2364411012842473
lambdaF min = 0.012254949671879824
lambdaB max = 1.2474434476243947
lambdaB min = 0.012254949671879824
----------------------------------
----------------------------------
Iteration = 50
Distance = 0.00014882602378740728
v max = -0.4174253475273172
v min = -6.17451164809942
d max = 0.07607142857142857
d min = 0.07607142857142857
dF max = 0.07607142857142857
dB max = 0.07607142857142857
hk max = 0.02891387116951004
hk min = 0.023417906284884958
hz max = 0.04005907032580903
hz min = 0.027568241042570208
lambdaF max = 1.2364411014874206
lambdaF min = 0.012254949671879824
lambdaB max = 1.247443447831681
lambdaB min = 0.012254949671879824
----------------------------------
----------------------------------
Iteration = 51
Distance = 0.00012941384344600237
v max = -0.4175547609823226
v min = -6.174641061942866
d max = 0.07607142857142857
d min = 0.07607142857142857
dF max = 0.07607142857142857
dB max = 0.07607142857142857
hk max = 0.028913871171826658
hk min = 0.02341790628544949
hz max = 0.04005907033107407
hz min = 0.027568241043853234
lambdaF max = 1.236441101617965
lambdaF min = 0.012254949671879824
lambdaB max = 1.2474434479647665
lambdaB min = 0.012254949671879824
----------------------------------
----------------------------------
Iteration = 52
Distance = 0.00011253371891406516
v max = -0.4176672944517363
v min = -6.17475359566178
d max = 0.07607142857142857
d min = 0.07607142857142857
dF max = 0.07607142857142857
dB max = 0.07607142857142857
hk max = 0.02891387117331466
hk min = 0.02341790628581218
hz max = 0.04005907033445589
hz min = 0.02756824104467754
lambdaF max = 1.2364411017018015
lambdaF min = 0.012254949671879824
lambdaB max = 1.2474434480503058
lambdaB min = 0.012254949671879824
----------------------------------
----------------------------------
Iteration = 53
Distance = 9.785537050532866e-5
v max = -0.4177651496619827
v min = -6.174851451032286
d max = 0.07607142857142857
d min = 0.07607142857142857
dF max = 0.07607142857142857
dB max = 0.07607142857142857
hk max = 0.028913871174269974
hk min = 0.023417906286045058
hz max = 0.04005907033662707
hz min = 0.027568241045206804
lambdaF max = 1.2364411017556158
lambdaF min = 0.012254949671879824
lambdaB max = 1.2474434481052126
lambdaB min = 0.012254949671879824
----------------------------------
----------------------------------
Iteration = 54
Distance = 8.509160259961845e-5
v max = -0.41785024116164743
v min = -6.174936542634885
d max = 0.07607142857142857
d min = 0.07607142857142857
dF max = 0.07607142857142857
dB max = 0.07607142857142857
hk max = 0.02891387117488404
hk min = 0.023417906286194647
hz max = 0.04005907033802267
hz min = 0.02756824104554677
lambdaF max = 1.236441101790177
lambdaF min = 0.012254949671879824
lambdaB max = 1.2474434481404808
lambdaB min = 0.012254949671879824
----------------------------------
----------------------------------
Iteration = 55
Distance = 7.399268254282276e-5
v max = -0.41792423377807614
v min = -6.175010535317428
d max = 0.07607142857142857
d min = 0.07607142857142857
dF max = 0.07607142857142857
dB max = 0.07607142857142857
hk max = 0.028913871175278005
hk min = 0.02341790628629071
hz max = 0.04005907033891804
hz min = 0.027568241045765097
lambdaF max = 1.2364411018124353
lambdaF min = 0.012254949671879824
lambdaB max = 1.247443448163126
lambdaB min = 0.012254949671879824
----------------------------------
----------------------------------
Iteration = 56
Distance = 6.434145321065898e-5
v max = -0.4179885751888182
v min = -6.175074876770639
d max = 0.07607142857142857
d min = 0.07607142857142857
dF max = 0.07607142857142857
dB max = 0.07607142857142857
hk max = 0.0289138711755314
hk min = 0.023417906286352496
hz max = 0.04005907033949394
hz min = 0.027568241045905526
lambdaF max = 1.2364411018267107
lambdaF min = 0.012254949671879824
lambdaB max = 1.2474434481776906
lambdaB min = 0.012254949671879824
----------------------------------
----------------------------------
Iteration = 57
Distance = 5.5949083410666844e-5
v max = -0.41804452424494826
v min = -6.175130825854049
d max = 0.07607142857142857
d min = 0.07607142857142857
dF max = 0.07607142857142857
dB max = 0.07607142857142857
hk max = 0.02891387117569416
hk min = 0.02341790628639209
hz max = 0.04005907033986386
hz min = 0.02756824104599551
lambdaF max = 1.236441101835852
lambdaF min = 0.012254949671879824
lambdaB max = 1.247443448187056
lambdaB min = 0.012254949671879824
----------------------------------
----------------------------------
Iteration = 58
Distance = 4.8651372805075255e-5
v max = -0.4180931756002327
v min = -6.1751794772268545
d max = 0.07607142857142857
d min = 0.07607142857142857
dF max = 0.07607142857142857
dB max = 0.07607142857142857
hk max = 0.028913871175798665
hk min = 0.023417906286417635
hz max = 0.040059070340101366
hz min = 0.02756824104605357
lambdaF max = 1.2364411018417376
lambdaF min = 0.012254949671879824
lambdaB max = 1.247443448193038
lambdaB min = 0.012254949671879824
----------------------------------
----------------------------------
Iteration = 59
Distance = 4.23055389555671e-5
v max = -0.4181354811279331
v min = -6.17522178276581
d max = 0.07607142857142857
d min = 0.07607142857142857
dF max = 0.07607142857142857
dB max = 0.07607142857142857
hk max = 0.0289138711758671
hk min = 0.02341790628643388
hz max = 0.0400590703402569
hz min = 0.027568241046090486
lambdaF max = 1.2364411018455257
lambdaF min = 0.012254949671879824
lambdaB max = 1.2474434481969223
lambdaB min = 0.012254949671879824
----------------------------------
----------------------------------
Iteration = 60
Distance = 3.6787423495887595e-5
v max = -0.4181722685442022
v min = -6.175258570189306
d max = 0.07607142857142857
d min = 0.07607142857142857
dF max = 0.07607142857142857
dB max = 0.07607142857142857
hk max = 0.02891387117590964
hk min = 0.023417906286444516
hz max = 0.04005907034035358
hz min = 0.027568241046114654
lambdaF max = 1.236441101847936
lambdaF min = 0.012254949671879824
lambdaB max = 1.2474434481993963
lambdaB min = 0.012254949671879824
----------------------------------
----------------------------------
Iteration = 61
Distance = 3.198906282886327e-5
v max = -0.4182042576023899
v min = -6.175290559252135
d max = 0.07607142857142857
d min = 0.07607142857142857
dF max = 0.07607142857142857
dB max = 0.07607142857142857
hk max = 0.02891387117593646
hk min = 0.023417906286451164
hz max = 0.04005907034041453
hz min = 0.027568241046129763
lambdaF max = 1.2364411018495327
lambdaF min = 0.012254949671879824
lambdaB max = 1.247443448200994
lambdaB min = 0.012254949671879824
----------------------------------
----------------------------------
Iteration = 62
Distance = 2.78165756855131e-5
v max = -0.41823207417509045
v min = -6.17531837582782
d max = 0.07607142857142857
d min = 0.07607142857142857
dF max = 0.07607142857142857
dB max = 0.07607142857142857
hk max = 0.02891387117595403
hk min = 0.023417906286455556
hz max = 0.040059070340454465
hz min = 0.027568241046139745
lambdaF max = 1.2364411018505657
lambdaF min = 0.012254949671879824
lambdaB max = 1.2474434482020276
lambdaB min = 0.012254949671879824
----------------------------------
----------------------------------
Iteration = 63
Distance = 2.4188326230856205e-5
v max = -0.4182562624994104
v min = -6.175342564154051
d max = 0.07607142857142857
d min = 0.07607142857142857
dF max = 0.07607142857142857
dB max = 0.07607142857142857
hk max = 0.028913871175966055
hk min = 0.023417906286458328
hz max = 0.04005907034048179
hz min = 0.027568241046146053
lambdaF max = 1.2364411018511918
lambdaF min = 0.012254949671879824
lambdaB max = 1.2474434482026853
lambdaB min = 0.012254949671879824
----------------------------------
----------------------------------
Iteration = 64
Distance = 2.1033326879305037e-5
v max = -0.418277295825054
v min = -6.1753635974809304
d max = 0.07607142857142857
d min = 0.07607142857142857
dF max = 0.07607142857142857
dB max = 0.07607142857142857
hk max = 0.028913871175973452
hk min = 0.02341790628646012
hz max = 0.040059070340498604
hz min = 0.027568241046150122
lambdaF max = 1.2364411018515988
lambdaF min = 0.012254949671879824
lambdaB max = 1.2474434482031551
lambdaB min = 0.012254949671879824
----------------------------------
----------------------------------
Iteration = 65
Distance = 1.8289849273323e-5
v max = -0.418295585673534
v min = -6.175381887330204
d max = 0.07607142857142857
d min = 0.07607142857142857
dF max = 0.07607142857142857
dB max = 0.07607142857142857
hk max = 0.02891387117597715
hk min = 0.023417906286461274
hz max = 0.040059070340507014
hz min = 0.027568241046152752
lambdaF max = 1.2364411018518806
lambdaF min = 0.012254949671879824
lambdaB max = 1.2474434482033745
lambdaB min = 0.012254949671879824
----------------------------------
----------------------------------
Iteration = 66
Distance = 1.590421663522079e-5
v max = -0.4183114898896648
v min = -6.175397791546839
d max = 0.07607142857142857
d min = 0.07607142857142857
dF max = 0.07607142857142857
dB max = 0.07607142857142857
hk max = 0.02891387117598085
hk min = 0.023417906286461967
hz max = 0.040059070340515424
hz min = 0.027568241046154327
lambdaF max = 1.2364411018520371
lambdaF min = 0.012254949671879824
lambdaB max = 1.2474434482035621
lambdaB min = 0.012254949671879824
----------------------------------
----------------------------------
Iteration = 67
Distance = 1.3829753521044097e-5
v max = -0.41832531964286235
v min = -6.17541162130036
d max = 0.07607142857142857
d min = 0.07607142857142857
dF max = 0.07607142857142857
dB max = 0.07607142857142857
hk max = 0.028913871175983624
hk min = 0.023417906286462432
hz max = 0.040059070340521724
hz min = 0.02756824104615538
lambdaF max = 1.2364411018521313
lambdaF min = 0.012254949671879824
lambdaB max = 1.2474434482036563
lambdaB min = 0.012254949671879824
----------------------------------
----------------------------------
Iteration = 68
Distance = 1.2025872586640673e-5
v max = -0.4183373455152354
v min = -6.175423647172946
d max = 0.07607142857142857
d min = 0.07607142857142857
dF max = 0.07607142857142857
dB max = 0.07607142857142857
hk max = 0.028913871175985473
hk min = 0.023417906286462835
hz max = 0.04005907034052593
hz min = 0.027568241046156298
lambdaF max = 1.2364411018521937
lambdaF min = 0.012254949671879824
lambdaB max = 1.2474434482037189
lambdaB min = 0.012254949671879824
----------------------------------
----------------------------------
Iteration = 69
Distance = 1.0457280478881614e-5
v max = -0.41834780279557654
v min = -6.175434104453425
d max = 0.07607142857142857
d min = 0.07607142857142857
dF max = 0.07607142857142857
dB max = 0.07607142857142857
hk max = 0.02891387117598455
hk min = 0.023417906286462894
hz max = 0.04005907034052383
hz min = 0.02756824104615643
lambdaF max = 1.2364411018522563
lambdaF min = 0.012254949671879824
lambdaB max = 1.2474434482037502
lambdaB min = 0.012254949671879824
----------------------------------
----------------------------------
Iteration = 70
Distance = 9.093287347994305e-6
v max = -0.41835689608283966
v min = -6.175443197740771
d max = 0.07607142857142857
d min = 0.07607142857142857
dF max = 0.07607142857142857
dB max = 0.07607142857142857
hk max = 0.028913871175985473
hk min = 0.023417906286463182
hz max = 0.04005907034052593
hz min = 0.027568241046157085
lambdaF max = 1.2364411018522876
lambdaF min = 0.012254949671879824
lambdaB max = 1.2474434482038128
lambdaB min = 0.012254949671879824
----------------------------------
    Value Function Converged, Iteration = 70 with gamma=5.0 with rho=1.0 and v=-2.842619413685309
    Natural boundary condition
=============================================================
Convegence time (minutes): 0.1181989885
Current Time = 22:21:36
grid points for z:  401
grid size for z:  0.025
-0.06358896019696823
-0.2507081405818611
--- 8.799043893814087 seconds for the elasticity computation ---
-0.011330832418071646
-0.10598850384272172
--- 0.06497454643249512 seconds for the elasticity computation ---
-0.02124088996494635
-0.14471963673913937
--- 0.06414484977722168 seconds for the elasticity computation ---
-0.1379435612839971
-0.25635208069493814
--- 0.06438779830932617 seconds for the elasticity computation ---
Current Time = 22:21:48
grid points for z:  401
grid size for z:  0.025
rho = 1
0.05935460108702888
--- 8.821045637130737 seconds for the elasticity computation ---
0.0
--- 0.06730437278747559 seconds for the elasticity computation ---
0.05935460108702888
--- 0.06734132766723633 seconds for the elasticity computation ---
0.0
--- 0.06711053848266602 seconds for the elasticity computation ---
0.0
--- 0.06692004203796387 seconds for the elasticity computation ---
0.05935460108702888
0.005643940113077034
--- 0.06735491752624512 seconds for the elasticity computation ---
0.05935460108702888
0.005643940113077034
--- 0.06738400459289551 seconds for the elasticity computation ---
0.05935460108702888
0.005643940113077034
--- 0.06753063201904297 seconds for the elasticity computation ---
0.05935460108702888
0.005643940113077034
--- 0.06724309921264648 seconds for the elasticity computation ---
parsed_args = parse_commandline() = Dict{String, Any}("dataname" => "lower_triangular_four_ambiguous_parameters", "clowerlim" => 0.0001, "delta" => 0.015, "boundary" => 0, "Delta" => 10.0, "q" => 0.05, "zmax" => 5.0, "logadjustment" => 1, "zscale" => 2.0, "foc" => 1, "distorted" => 0, "rho" => 1.0, "gamma" => 5.0)
=============================================================
./output/lower_triangular_four_ambiguous_parameters/Delta_10.0_distorted_0/logadjustment_1_boundary_0/zmax_5.0_zscale_2.0/delta_0.015/q_0.05_gamma_5.0_rho_1.0/
=============================================================
solve for structured linear system 
structured_relative_entropy = 0.05064731896193099
=============================================================
solve for unstructured linear system 
q_update = 0.186298320032299
=============================================================
parsed_args = parse_commandline() = Dict{String, Any}("dataname" => "lower_triangular_four_ambiguous_parameters", "clowerlim" => 0.0001, "delta" => 0.015, "boundary" => 0, "Delta" => 10.0, "q" => 0.05, "zmax" => 5.0, "logadjustment" => 1, "zscale" => 2.0, "foc" => 1, "distorted" => 0, "rho" => 1.0, "gamma" => 5.0)
=============================================================
./output/lower_triangular_four_ambiguous_parameters/Delta_10.0_distorted_0/logadjustment_1_boundary_0/zmax_5.0_zscale_2.0/delta_0.015/q_0.05_gamma_5.0_rho_1.0/
=============================================================
solve for structured linear system 
structured_relative_entropy = 0.050647318961931
=============================================================
solve for unstructured linear system 
q_update = 0.186298320032299
=============================================================
Program ends Fri Jan 19 22:22:30 CST 2024
Elapsed time: 0 days 00 hr 01 min 21 sec
