D_10.0_distorted_0_boundary_0_delta_0.015_gamma_4.0_q_0.1_rho_1.0_lower_triangular_four_ambiguous_parameters
Program starts Fri Jan 19 22:21:09 CST 2024
parsed_args = parse_commandline() = Dict{String, Any}("dataname" => "lower_triangular_four_ambiguous_parameters", "clowerlim" => 0.0001, "delta" => 0.015, "boundary" => 0, "Delta" => 10.0, "q" => 0.1, "zmax" => 5.0, "logadjustment" => 1, "zscale" => 2.0, "foc" => 1, "distorted" => 0, "rho" => 1.0, "gamma" => 4.0)
=============================================================
logadjustment: true
reflective_boundary: false
0.1002
sigma_k: [0.011287880226154068, 0.0]
sigma_z: [0.026030751045638307, 0.05916079783099616]
Compute value function WITH ROBUSTNESS
computing undistorted version...
zmax = 5.0, zmin = -5.0, zlength = 401
natural boundary condition
----------------------------------
Iteration = 1
Distance = 1.2278680548950955
v max = -0.8886867683453807
v min = -3.2278680548950955
d max = 0.07607142857142857
d min = 0.07607142857142857
dF max = 0.07607142857142857
dB max = 0.07607142857142857
hk max = 0.011287880226154068
hk min = 0.011287880226154068
hz max = 0.0
hz min = 0.0
lambdaF max = 0.15963473306270162
lambdaF min = 0.006028620769798678
lambdaB max = 0.15963473306270162
lambdaB min = 0.006028620769798678
----------------------------------
----------------------------------
Iteration = 2
Distance = 0.9654747771818624
v max = -0.5751822110824935
v min = -4.193342832076958
d max = 0.07607142857142857
d min = 0.07607142857142857
dF max = 0.07607142857142857
dB max = 0.07607142857142857
hk max = 0.017376944798234765
hk min = 0.01737694479823199
hz max = 0.01383878311836522
hz min = 0.013838783118358917
lambdaF max = 0.31415605317035283
lambdaF min = 0.006028620769798678
lambdaB max = 0.31415605317035283
lambdaB min = 0.006028620769798678
----------------------------------
----------------------------------
Iteration = 3
Distance = 0.668289696304738
v max = -0.4494185324965277
v min = -4.861632528381696
d max = 0.07607142857142857
d min = 0.07607142857142857
dF max = 0.07607142857142857
dB max = 0.07607142857142857
hk max = 0.0221085724011092
hk min = 0.01930387572484723
hz max = 0.02459248221580712
hz min = 0.018218171587939008
lambdaF max = 0.4193626145923433
lambdaF min = 0.006028620769798678
lambdaB max = 0.4229855222940405
lambdaB min = 0.006028620769798678
----------------------------------
----------------------------------
Iteration = 4
Distance = 0.471641497312147
v max = -0.4185771834604828
v min = -5.333274025693843
d max = 0.07607142857142857
d min = 0.07607142857142857
dF max = 0.07607142857142857
dB max = 0.07607142857142857
hk max = 0.025285791138693052
hk min = 0.020238641141774382
hz max = 0.03181343389213406
hz min = 0.020342638444591627
lambdaF max = 0.4892964303765166
lambdaF min = 0.006028620769798678
lambdaB max = 0.4952496233673548
lambdaB min = 0.006028620769798678
----------------------------------
----------------------------------
Iteration = 5
Distance = 0.3405294049079002
v max = -0.4293701156393023
v min = -5.673803430601743
d max = 0.07607142857142857
d min = 0.07607142857142857
dF max = 0.07607142857142857
dB max = 0.07607142857142857
hk max = 0.027435571344806585
hk min = 0.020668250104908706
hz max = 0.036699297996937545
hz min = 0.021319022451715085
lambdaF max = 0.5346918911007915
lambdaF min = 0.006028620769798678
lambdaB max = 0.5423563497004732
lambdaB min = 0.006028620769798678
----------------------------------
----------------------------------
Iteration = 6
Distance = 0.24986264106992628
v max = -0.4580437246272133
v min = -5.923666071671669
d max = 0.07607142857142857
d min = 0.07607142857142857
dF max = 0.07607142857142857
dB max = 0.07607142857142857
hk max = 0.028907356587994842
hk min = 0.020875198725783223
hz max = 0.04004426445872904
hz min = 0.021789360226429896
lambdaF max = 0.5648882139552832
lambdaF min = 0.006028620769798678
lambdaB max = 0.573764793734611
lambdaB min = 0.006028620769798678
----------------------------------
----------------------------------
Iteration = 7
Distance = 0.18600756856645528
v max = -0.4938791078466486
v min = -6.109673640238125
d max = 0.07607142857142857
d min = 0.07607142857142857
dF max = 0.07607142857142857
dB max = 0.07607142857142857
hk max = 0.029919062941433424
hk min = 0.02098465622576704
hz max = 0.042343597080180366
hz min = 0.022038127271847667
lambdaF max = 0.5853246244422253
lambdaF min = 0.006028620769798678
lambdaB max = 0.5950522362269045
lambdaB min = 0.006028620769798678
----------------------------------
----------------------------------
Iteration = 8
Distance = 0.14044974327656057
v max = -0.5317274641956082
v min = -6.250123383514685
d max = 0.07607142857142857
d min = 0.07607142857142857
dF max = 0.07607142857142857
dB max = 0.07607142857142857
hk max = 0.03061556750419335
hk min = 0.02104879459300082
hz max = 0.04392656199554383
hz min = 0.02218389628828808
lambdaF max = 0.5993091065079524
lambdaF min = 0.006028620769798678
lambdaB max = 0.6096294077188209
lambdaB min = 0.006028620769798678
----------------------------------
----------------------------------
Iteration = 9
Distance = 0.10756623355300743
v max = -0.568939394752642
v min = -6.357689617067693
d max = 0.07607142857142857
d min = 0.07607142857142857
dF max = 0.07607142857142857
dB max = 0.07607142857142857
hk max = 0.031095337262396914
hk min = 0.021088997011344736
hz max = 0.04501694780964284
hz min = 0.02227526542088789
lambdaF max = 0.6089398889834474
lambdaF min = 0.006028620769798678
lambdaB max = 0.6196708025677439
lambdaB min = 0.006028620769798678
----------------------------------
----------------------------------
Iteration = 10
Distance = 0.08355322923638031
v max = -0.6041443940050134
v min = -6.441242846304073
d max = 0.07607142857142857
d min = 0.07607142857142857
dF max = 0.07607142857142857
dB max = 0.07607142857142857
hk max = 0.031425852911435986
hk min = 0.02111514932994809
hz max = 0.0457681197392771
hz min = 0.02233470250862278
lambdaF max = 0.6155946346661697
lambdaF min = 0.006028620769798678
lambdaB max = 0.6266091506163858
lambdaB min = 0.006028620769798678
----------------------------------
----------------------------------
Iteration = 11
Distance = 0.06580345396717302
v max = -0.6366820967367391
v min = -6.507046300271246
d max = 0.07607142857142857
d min = 0.07607142857142857
dF max = 0.07607142857142857
dB max = 0.07607142857142857
hk max = 0.03165352569930742
hk min = 0.02113261760059791
hz max = 0.04628555789353036
hz min = 0.022374403123736012
lambdaF max = 0.6201998688172037
lambdaF min = 0.006028620769798678
lambdaB max = 0.6314099410632164
lambdaB min = 0.006028620769798678
----------------------------------
----------------------------------
Iteration = 12
Distance = 0.05251413320092624
v max = -0.6662937623334875
v min = -6.559560433472172
d max = 0.07607142857142857
d min = 0.07607142857142857
dF max = 0.07607142857142857
dB max = 0.07607142857142857
hk max = 0.03181032674795676
hk min = 0.021144500559575174
hz max = 0.046641923913187944
hz min = 0.02240140984868434
lambdaF max = 0.6233881776806012
lambdaF min = 0.006028620769798678
lambdaB max = 0.634732984736957
lambdaB min = 0.006028620769798678
----------------------------------
----------------------------------
Iteration = 13
Distance = 0.04243021231687116
v max = -0.6929516572566167
v min = -6.601990645789043
d max = 0.07607142857142857
d min = 0.07607142857142857
dF max = 0.07607142857142857
dB max = 0.07607142857142857
hk max = 0.03191829373325193
hk min = 0.021152662811746374
hz max = 0.046887303425222425
hz min = 0.0224199604218007
lambdaF max = 0.6255952155633684
lambdaF min = 0.006028620769798678
lambdaB max = 0.6370328197701952
lambdaB min = 0.006028620769798678
----------------------------------
----------------------------------
Iteration = 14
Distance = 0.034672530510907684
v max = -0.7167610963347529
v min = -6.636663176299951
d max = 0.07607142857142857
d min = 0.07607142857142857
dF max = 0.07607142857142857
dB max = 0.07607142857142857
hk max = 0.03199261919937431
hk min = 0.021158299110189422
hz max = 0.04705622493913691
hz min = 0.022432770190989448
lambdaF max = 0.6271223590732962
lambdaF min = 0.006028620769798678
lambdaB max = 0.6386238693973365
lambdaB min = 0.006028620769798678
----------------------------------
----------------------------------
Iteration = 15
Distance = 0.0286213867768792
v max = -0.7379005840180838
v min = -6.66528456307683
d max = 0.07607142857142857
d min = 0.07607142857142857
dF max = 0.07607142857142857
dB max = 0.07607142857142857
hk max = 0.03204377535369381
hk min = 0.021162202167047492
hz max = 0.0471724889262267
hz min = 0.02244164077475778
lambdaF max = 0.6281785045778125
lambdaF min = 0.006028620769798678
lambdaB max = 0.6397240253056674
lambdaB min = 0.006028620769798678
----------------------------------
----------------------------------
Iteration = 16
Distance = 0.023837012668280977
v max = -0.7565846817506711
v min = -6.689121575745111
d max = 0.07607142857142857
d min = 0.07607142857142857
dF max = 0.07607142857142857
dB max = 0.07607142857142857
hk max = 0.03207897879144593
hk min = 0.021164907243464506
hz max = 0.04725249673929969
hz min = 0.022447788675705543
lambdaF max = 0.6289085247819006
lambdaF min = 0.006028620769798678
lambdaB max = 0.6404843561695258
lambdaB min = 0.006028620769798678
----------------------------------
----------------------------------
Iteration = 17
Distance = 0.020004961452932513
v max = -0.7730409313446969
v min = -6.709126537198044
d max = 0.07607142857142857
d min = 0.07607142857142857
dF max = 0.07607142857142857
dB max = 0.07607142857142857
hk max = 0.03210320103997269
hk min = 0.021166781986149904
hz max = 0.04730754730413325
hz min = 0.022452049454535997
lambdaF max = 0.6294128690705365
lambdaF min = 0.006028620769798678
lambdaB max = 0.6410095774791654
lambdaB min = 0.006028620769798678
----------------------------------
----------------------------------
Iteration = 18
Distance = 0.016898459121863496
v max = -0.7874955875368183
v min = -6.726024996319907
d max = 0.07607142857142857
d min = 0.07607142857142857
dF max = 0.07607142857142857
dB max = 0.07607142857142857
hk max = 0.03211986589528237
hk min = 0.02116808073089178
hz max = 0.047345421975291624
hz min = 0.02245500114713117
lambdaF max = 0.6297611449735596
lambdaF min = 0.006028620769798678
lambdaB max = 0.6413722338464769
lambdaB min = 0.006028620769798678
----------------------------------
----------------------------------
Iteration = 19
Distance = 0.01435236504967552
v max = -0.8001651080549623
v min = -6.740377361369583
d max = 0.07607142857142857
d min = 0.07607142857142857
dF max = 0.07607142857142857
dB max = 0.07607142857142857
hk max = 0.03213133055347836
hk min = 0.02116897984970117
hz max = 0.04737147801664613
hz min = 0.022457044598970695
lambdaF max = 0.6300015533439616
lambdaF min = 0.006028620769798678
lambdaB max = 0.6416225483320568
lambdaB min = 0.006028620769798678
----------------------------------
----------------------------------
Iteration = 20
Distance = 0.012245108493394774
v max = -0.8112514134778556
v min = -6.7526224698629775
d max = 0.07607142857142857
d min = 0.07607142857142857
dF max = 0.07607142857142857
dB max = 0.07607142857142857
hk max = 0.032139217457131164
hk min = 0.02116960188590091
hz max = 0.047389402797675236
hz min = 0.02245845831760647
lambdaF max = 0.6301674473610203
lambdaF min = 0.006028620769798678
lambdaB max = 0.6417952665828027
lambdaB min = 0.006028620769798678
----------------------------------
----------------------------------
Iteration = 21
Distance = 0.010486119407194572
v max = -0.8209395957472014
v min = -6.763108589270172
d max = 0.07607142857142857
d min = 0.07607142857142857
dF max = 0.07607142857142857
dB max = 0.07607142857142857
hk max = 0.032144643078767916
hk min = 0.021170031951248502
hz max = 0.047401733755940575
hz min = 0.022459435738850994
lambdaF max = 0.6302818905042749
lambdaF min = 0.006028620769798678
lambdaB max = 0.6419144110349281
lambdaB min = 0.006028620769798678
----------------------------------
----------------------------------
Iteration = 22
Distance = 0.0090070524697623
v max = -0.8293972008670787
v min = -6.772115641739934
d max = 0.07607142857142857
d min = 0.07607142857142857
dF max = 0.07607142857142857
dB max = 0.07607142857142857
hk max = 0.032148375579225535
hk min = 0.021170329116050175
hz max = 0.04741021671152607
hz min = 0.02246011111340025
lambdaF max = 0.6303608213677707
lambdaF min = 0.006028620769798678
lambdaB max = 0.6419965807661913
lambdaB min = 0.006028620769798678
----------------------------------
----------------------------------
Iteration = 23
Distance = 0.007755635194318877
v max = -0.8367744928841909
v min = -6.779871276934253
d max = 0.07607142857142857
d min = 0.07607142857142857
dF max = 0.07607142857142857
dB max = 0.07607142857142857
hk max = 0.032150943405601345
hk min = 0.021170534346649415
hz max = 0.047416052680562
hz min = 0.022460577546580335
lambdaF max = 0.6304152489638676
lambdaF min = 0.006028620769798678
lambdaB max = 0.6420532397412365
lambdaB min = 0.006028620769798678
----------------------------------
----------------------------------
Iteration = 24
Distance = 0.006691335117832153
v max = -0.8432053018256039
v min = -6.786562612052085
d max = 0.07607142857142857
d min = 0.07607142857142857
dF max = 0.07607142857142857
dB max = 0.07607142857142857
hk max = 0.032152710066327694
hk min = 0.021170676023864327
hz max = 0.04742006781857643
hz min = 0.02246089954025059
lambdaF max = 0.6304527740029913
lambdaF min = 0.006028620769798678
lambdaB max = 0.642092302071789
lambdaB min = 0.006028620769798678
----------------------------------
----------------------------------
Iteration = 25
Distance = 0.005782290971756865
v max = -0.8488081918157346
v min = -6.792344903023842
d max = 0.07607142857142857
d min = 0.07607142857142857
dF max = 0.07607142857142857
dB max = 0.07607142857142857
hk max = 0.03215392560023146
hk min = 0.021170773792919047
hz max = 0.04742283039563045
hz min = 0.022461121742647677
lambdaF max = 0.6304786421262771
lambdaF min = 0.006028620769798678
lambdaB max = 0.6421192293018129
lambdaB min = 0.006028620769798678
----------------------------------
----------------------------------
Iteration = 26
Distance = 0.00500312455311569
v max = -0.8536877762879743
v min = -6.797348027576958
d max = 0.07607142857142857
d min = 0.07607142857142857
dF max = 0.07607142857142857
dB max = 0.07607142857142857
hk max = 0.032154761993895956
hk min = 0.02117084124161635
hz max = 0.04742473129032248
hz min = 0.022461275035141556
lambdaF max = 0.6304964724999088
lambdaF min = 0.006028620769798678
lambdaB max = 0.6421377893386622
lambdaB min = 0.006028620769798678
----------------------------------
----------------------------------
Iteration = 27
Distance = 0.004333368286070005
v max = -0.8579360696469346
v min = -6.801681395863028
d max = 0.07607142857142857
d min = 0.07607142857142857
dF max = 0.07607142857142857
dB max = 0.07607142857142857
hk max = 0.03215533754809848
hk min = 0.02117088776146913
hz max = 0.04742603936805549
hz min = 0.022461380762079697
lambdaF max = 0.630508761483216
lambdaF min = 0.006028620769798678
lambdaB max = 0.6421505810155782
lambdaB min = 0.006028620769798678
----------------------------------
----------------------------------
Iteration = 28
Distance = 0.0037563249538532517
v max = -0.8616338069010131
v min = -6.805437720816881
d max = 0.07607142857142857
d min = 0.07607142857142857
dF max = 0.07607142857142857
dB max = 0.07607142857142857
hk max = 0.032155733638800366
hk min = 0.021170919840043705
hz max = 0.047426939574196136
hz min = 0.02246145366793099
lambdaF max = 0.6305172306020876
lambdaF min = 0.006028620769798678
lambdaB max = 0.6421593964579899
lambdaB min = 0.006028620769798678
----------------------------------
----------------------------------
Iteration = 29
Distance = 0.0032582322739740377
v max = -0.864851691119883
v min = -6.808695953090855
d max = 0.07607142857142857
d min = 0.07607142857142857
dF max = 0.07607142857142857
dB max = 0.07607142857142857
hk max = 0.03215600624532616
hk min = 0.02117094195668902
hz max = 0.04742755913448205
hz min = 0.022461503933033988
lambdaF max = 0.6305230668380459
lambdaF min = 0.006028620769798678
lambdaB max = 0.642165471287064
lambdaB min = 0.006028620769798678
----------------------------------
----------------------------------
Iteration = 30
Distance = 0.0028276437733181226
v max = -0.8676515473657794
v min = -6.811523596864173
d max = 0.07607142857142857
d min = 0.07607142857142857
dF max = 0.07607142857142857
dB max = 0.07607142857142857
hk max = 0.03215619387893209
hk min = 0.02117095720296429
hz max = 0.047427985574495526
hz min = 0.022461538583659593
lambdaF max = 0.6305270884890993
lambdaF min = 0.006028620769798678
lambdaB max = 0.6421696573113134
lambdaB min = 0.006028620769798678
----------------------------------
----------------------------------
Iteration = 31
Distance = 0.0024549642142419614
v max = -0.8700873739578452
v min = -6.813978561078415
d max = 0.07607142857142857
d min = 0.07607142857142857
dF max = 0.07607142857142857
dB max = 0.07607142857142857
hk max = 0.03215632303560303
hk min = 0.0211709677119102
hz max = 0.047428279112384
hz min = 0.022461562467627576
lambdaF max = 0.6305298596173967
lambdaF min = 0.006028620769798678
lambdaB max = 0.6421725416800017
lambdaB min = 0.006028620769798678
----------------------------------
----------------------------------
Iteration = 32
Distance = 0.002132096358182345
v max = -0.8722062896818663
v min = -6.816110657436598
d max = 0.07607142857142857
d min = 0.07607142857142857
dF max = 0.07607142857142857
dB max = 0.07607142857142857
hk max = 0.032156411946214984
hk min = 0.021170974954835727
hz max = 0.04742848118195664
hz min = 0.022461578928821953
lambdaF max = 0.6305317689988691
lambdaF min = 0.006028620769798678
lambdaB max = 0.6421745290748816
lambdaB min = 0.006028620769798678
----------------------------------
----------------------------------
Iteration = 33
Distance = 0.0018521686945547344
v max = -0.8740493802906539
v min = -6.8179628261311525
d max = 0.07607142857142857
d min = 0.07607142857142857
dF max = 0.07607142857142857
dB max = 0.07607142857142857
hk max = 0.032156473155782114
hk min = 0.021170979946384783
hz max = 0.047428620294609196
hz min = 0.022461590273251623
lambdaF max = 0.6305330845726008
lambdaF min = 0.006028620769798678
lambdaB max = 0.6421758983931374
lambdaB min = 0.006028620769798678
----------------------------------
----------------------------------
Iteration = 34
Distance = 0.0016093226773161717
v max = -0.8756524503595143
v min = -6.819572148808469
d max = 0.07607142857142857
d min = 0.07607142857142857
dF max = 0.07607142857142857
dB max = 0.07607142857142857
hk max = 0.032156515297498606
hk min = 0.021170983386150907
hz max = 0.047428716071237595
hz min = 0.022461598090901914
lambdaF max = 0.6305339909857962
lambdaF min = 0.006028620769798678
lambdaB max = 0.6421768418315348
lambdaB min = 0.006028620769798678
----------------------------------
----------------------------------
Iteration = 35
Distance = 0.0013985442154051952
v max = -0.877046687955728
v min = -6.820970693023874
d max = 0.07607142857142857
d min = 0.07607142857142857
dF max = 0.07607142857142857
dB max = 0.07607142857142857
hk max = 0.0321565443130255
hk min = 0.021170985756428895
hz max = 0.04742878201561689
hz min = 0.02246160347789734
lambdaF max = 0.6305346154788212
lambdaF min = 0.006028620769798678
lambdaB max = 0.6421774918314932
lambdaB min = 0.006028620769798678
----------------------------------
----------------------------------
Iteration = 36
Distance = 0.0012155284928310195
v max = -0.8782592501196936
v min = -6.822186221516705
d max = 0.07607142857142857
d min = 0.07607142857142857
dF max = 0.07607142857142857
dB max = 0.07607142857142857
hk max = 0.03215656429195203
hk min = 0.021170987389670923
hz max = 0.047428827422268095
hz min = 0.022461607189811043
lambdaF max = 0.6305350457287077
lambdaF min = 0.006028620769798678
lambdaB max = 0.6421779396532331
lambdaB min = 0.006028620769798678
----------------------------------
----------------------------------
Iteration = 37
Distance = 0.001056570228873177
v max = -0.8793137771572525
v min = -6.823242791745578
d max = 0.07607142857142857
d min = 0.07607142857142857
dF max = 0.07607142857142857
dB max = 0.07607142857142857
hk max = 0.03215657804932093
hk min = 0.021170988515015365
hz max = 0.04742885868901559
hz min = 0.022461609747412046
lambdaF max = 0.630535342148384
lambdaF min = 0.006028620769798678
lambdaB max = 0.6421782481781737
lambdaB min = 0.006028620769798678
----------------------------------
----------------------------------
Iteration = 38
Distance = 0.0009184736235079427
v max = -0.8802308434213171
v min = -6.824161265369086
d max = 0.07607142857142857
d min = 0.07607142857142857
dF max = 0.07607142857142857
dB max = 0.07607142857142857
hk max = 0.032156587522990096
hk min = 0.02117098929038224
hz max = 0.04742888022008189
hz min = 0.022461611509609482
lambdaF max = 0.630535546363264
lambdaF min = 0.006028620769798678
lambdaB max = 0.6421784607323566
lambdaB min = 0.006028620769798678
----------------------------------
----------------------------------
Iteration = 39
Distance = 0.0007984777447926916
v max = -0.8810283517579528
v min = -6.824959743113879
d max = 0.07607142857142857
d min = 0.07607142857142857
dF max = 0.07607142857142857
dB max = 0.07607142857142857
hk max = 0.03215659404706674
hk min = 0.021170989824598536
hz max = 0.04742889504752881
hz min = 0.022461612723737437
lambdaF max = 0.6305356870530819
lambdaF min = 0.006028620769798678
lambdaB max = 0.6421786071671296
lambdaB min = 0.006028620769798678
----------------------------------
----------------------------------
Iteration = 40
Distance = 0.0006941941915110661
v max = -0.8817218782002646
v min = -6.82565393730539
d max = 0.07607142857142857
d min = 0.07607142857142857
dF max = 0.07607142857142857
dB max = 0.07607142857142857
hk max = 0.03215659854006121
hk min = 0.021170990192658223
hz max = 0.04742890525887988
hz min = 0.022461613560236716
lambdaF max = 0.6305357839776461
lambdaF min = 0.006028620769798678
lambdaB max = 0.6421787080493224
lambdaB min = 0.006028620769798678
----------------------------------
----------------------------------
Iteration = 41
Distance = 0.0006035546366485178
v max = -0.8823249728721005
v min = -6.826257491942038
d max = 0.07607142857142857
d min = 0.07607142857142857
dF max = 0.07607142857142857
dB max = 0.07607142857142857
hk max = 0.03215660163439758
hk min = 0.021170990446235074
hz max = 0.04742891229146254
hz min = 0.022461614136547743
lambdaF max = 0.6305358507506681
lambdaF min = 0.006028620769798678
lambdaB max = 0.6421787775487695
lambdaB min = 0.006028620769798678
----------------------------------
----------------------------------
Iteration = 42
Distance = 0.0005247664176657452
v max = -0.8828494224498362
v min = -6.826782258359704
d max = 0.07607142857142857
d min = 0.07607142857142857
dF max = 0.07607142857142857
dB max = 0.07607142857142857
hk max = 0.03215660376553921
hk min = 0.021170990620936823
hz max = 0.047428917134966234
hz min = 0.022461614533597178
lambdaF max = 0.630535896751491
lambdaF min = 0.006028620769798678
lambdaB max = 0.6421788254277591
lambdaB min = 0.006028620769798678
----------------------------------
----------------------------------
Iteration = 43
Distance = 0.00045627474814402547
v max = -0.8833054789457067
v min = -6.827238533107848
d max = 0.07607142857142857
d min = 0.07607142857142857
dF max = 0.07607142857142857
dB max = 0.07607142857142857
hk max = 0.032156605233346305
hk min = 0.021170990741294665
hz max = 0.047428920470891464
hz min = 0.02246161480713773
lambdaF max = 0.630535928441842
lambdaF min = 0.006028620769798678
lambdaB max = 0.6421788584119968
lambdaB min = 0.006028620769798678
----------------------------------
----------------------------------
Iteration = 44
Distance = 0.00039673042928001223
v max = -0.883702059032807
v min = -6.827635263537128
d max = 0.07607142857142857
d min = 0.07607142857142857
dF max = 0.07607142857142857
dB max = 0.07607142857142857
hk max = 0.032156606244310576
hk min = 0.02117099082421333
hz max = 0.04742892276853752
hz min = 0.02246161499558924
lambdaF max = 0.6305359502734762
lambdaF min = 0.006028620769798678
lambdaB max = 0.6421788811349773
lambdaB min = 0.006028620769798678
----------------------------------
----------------------------------
Iteration = 45
Distance = 0.0003449621655313706
v max = -0.8840469176350695
v min = -6.827980225702659
d max = 0.07607142857142857
d min = 0.07607142857142857
dF max = 0.07607142857142857
dB max = 0.07607142857142857
hk max = 0.03215660694063542
hk min = 0.021170990881337413
hz max = 0.047428924351093985
hz min = 0.0224616151254167
lambdaF max = 0.6305359653133404
lambdaF min = 0.006028620769798678
lambdaB max = 0.6421788967888628
lambdaB min = 0.006028620769798678
----------------------------------
----------------------------------
Iteration = 46
Distance = 0.0002999527618552378
v max = -0.8843467990569219
v min = -6.828280178464515
d max = 0.07607142857142857
d min = 0.07607142857142857
dF max = 0.07607142857142857
dB max = 0.07607142857142857
hk max = 0.03215660742025418
hk min = 0.021170990920691617
hz max = 0.04742892544113663
hz min = 0.02246161521485807
lambdaF max = 0.6305359756742724
lambdaF min = 0.006028620769798678
lambdaB max = 0.642178907572801
lambdaB min = 0.006028620769798678
----------------------------------
----------------------------------
Iteration = 47
Distance = 0.00026081861185023314
v max = -0.8846075685256508
v min = -6.828540997076365
d max = 0.07607142857142857
d min = 0.07607142857142857
dF max = 0.07607142857142857
dB max = 0.07607142857142857
hk max = 0.03215660775061517
hk min = 0.021170990947802996
hz max = 0.04742892619195705
hz min = 0.02246161527647484
lambdaF max = 0.6305359828119075
lambdaF min = 0.006028620769798678
lambdaB max = 0.6421789150018291
lambdaB min = 0.006028620769798678
----------------------------------
----------------------------------
Iteration = 48
Distance = 0.00022679198955444235
v max = -0.8848343266624292
v min = -6.828767789065919
d max = 0.07607142857142857
d min = 0.07607142857142857
dF max = 0.07607142857142857
dB max = 0.07607142857142857
hk max = 0.03215660797817005
hk min = 0.021170990966480334
hz max = 0.047428926709127246
hz min = 0.022461615318923336
lambdaF max = 0.6305359877289678
lambdaF min = 0.006028620769798678
lambdaB max = 0.6421789201196456
lambdaB min = 0.006028620769798678
----------------------------------
----------------------------------
Iteration = 49
Distance = 0.00019720573930737118
v max = -0.885031509081794
v min = -6.828964994805227
d max = 0.07607142857142857
d min = 0.07607142857142857
dF max = 0.07607142857142857
dB max = 0.07607142857142857
hk max = 0.032156608134915
hk min = 0.02117099097934705
hz max = 0.04742892706536576
hz min = 0.02246161534816587
lambdaF max = 0.6305359911163068
lambdaF min = 0.006028620769798678
lambdaB max = 0.6421789236452702
lambdaB min = 0.006028620769798678
----------------------------------
----------------------------------
Iteration = 50
Distance = 0.0001714800233916236
v max = -0.885202973040874
v min = -6.829136474828618
d max = 0.07607142857142857
d min = 0.07607142857142857
dF max = 0.07607142857142857
dB max = 0.07607142857142857
hk max = 0.032156608242884244
hk min = 0.021170990988211354
hz max = 0.047428927310750414
hz min = 0.022461615368312017
lambdaF max = 0.6305359934498042
lambdaF min = 0.006028620769798678
lambdaB max = 0.6421789260740179
lambdaB min = 0.006028620769798678
----------------------------------
----------------------------------
Iteration = 51
Distance = 0.00014911084010904574
v max = -0.885352072814785
v min = -6.829285585668727
d max = 0.07607142857142857
d min = 0.07607142857142857
dF max = 0.07607142857142857
dB max = 0.07607142857142857
hk max = 0.03215660831725743
hk min = 0.02117099099431733
hz max = 0.04742892747978038
hz min = 0.022461615382189243
lambdaF max = 0.6305359950573403
lambdaF min = 0.006028620769798678
lambdaB max = 0.642178927747192
lambdaB min = 0.006028620769798678
----------------------------------
----------------------------------
Iteration = 52
Distance = 0.0001296600682820781
v max = -0.8854817252599033
v min = -6.829415245737009
d max = 0.07607142857142857
d min = 0.07607142857142857
dF max = 0.07607142857142857
dB max = 0.07607142857142857
hk max = 0.03215660836848754
hk min = 0.021170990998524472
hz max = 0.04742892759621245
hz min = 0.02246161539175092
lambdaF max = 0.6305359961647449
lambdaF min = 0.006028620769798678
lambdaB max = 0.6421789288998023
lambdaB min = 0.006028620769798678
----------------------------------
----------------------------------
Iteration = 53
Distance = 0.00011274683027640009
v max = -0.8855944668387896
v min = -6.829527992567286
d max = 0.07607142857142857
d min = 0.07607142857142857
dF max = 0.07607142857142857
dB max = 0.07607142857142857
hk max = 0.032156608403779686
hk min = 0.02117099100142198
hz max = 0.047428927676421866
hz min = 0.022461615398336163
lambdaF max = 0.630535996927616
lambdaF min = 0.006028620769798678
lambdaB max = 0.6421789296938284
lambdaB min = 0.006028620769798678
----------------------------------
----------------------------------
Iteration = 54
Distance = 9.803999509561123e-5
v max = -0.8856925032163538
v min = -6.829626032562381
d max = 0.07607142857142857
d min = 0.07607142857142857
dF max = 0.07607142857142857
dB max = 0.07607142857142857
hk max = 0.032156608428088
hk min = 0.02117099100341873
hz max = 0.04742892773166804
hz min = 0.02246161540287424
lambdaF max = 0.6305359974532052
lambdaF min = 0.006028620769798678
lambdaB max = 0.6421789302408631
lambdaB min = 0.006028620769798678
----------------------------------
----------------------------------
Iteration = 55
Distance = 8.525166892692226e-5
v max = -0.8857777523932573
v min = -6.829711284231308
d max = 0.07607142857142857
d min = 0.07607142857142857
dF max = 0.07607142857142857
dB max = 0.07607142857142857
hk max = 0.03215660844483424
hk min = 0.021170991004793676
hz max = 0.04742892776972769
hz min = 0.022461615405999114
lambdaF max = 0.6305359978152223
lambdaF min = 0.006028620769798678
lambdaB max = 0.6421789306176543
lambdaB min = 0.006028620769798678
----------------------------------
----------------------------------
Iteration = 56
Distance = 7.413154109858766e-5
v max = -0.8858518822176623
v min = -6.829785415772407
d max = 0.07607142857142857
d min = 0.07607142857142857
dF max = 0.07607142857142857
dB max = 0.07607142857142857
hk max = 0.03215660845636925
hk min = 0.021170991005741477
hz max = 0.04742892779594361
hz min = 0.02246161540815321
lambdaF max = 0.6305359980645987
lambdaF min = 0.006028620769798678
lambdaB max = 0.6421789308772226
lambdaB min = 0.006028620769798678
----------------------------------
----------------------------------
Iteration = 57
Distance = 6.446197204201809e-5
v max = -0.8859163430071115
v min = -6.829849877744449
d max = 0.07607142857142857
d min = 0.07607142857142857
dF max = 0.07607142857142857
dB max = 0.07607142857142857
hk max = 0.03215660846431605
hk min = 0.02117099100639381
hz max = 0.0474289278140045
hz min = 0.022461615409635777
lambdaF max = 0.6305359982364269
lambdaF min = 0.006028620769798678
lambdaB max = 0.6421789310560285
lambdaB min = 0.006028620769798678
----------------------------------
----------------------------------
Iteration = 58
Distance = 5.605372505446127e-5
v max = -0.8859723959175065
v min = -6.829905931469503
d max = 0.07607142857142857
d min = 0.07607142857142857
dF max = 0.07607142857142857
dB max = 0.07607142857142857
hk max = 0.03215660846978992
hk min = 0.02117099100684372
hz max = 0.04742892782644513
hz min = 0.02246161541065831
lambdaF max = 0.6305359983547701
lambdaF min = 0.006028620769798678
lambdaB max = 0.6421789311792263
lambdaB min = 0.006028620769798678
----------------------------------
----------------------------------
Iteration = 59
Distance = 4.8742256845812904e-5
v max = -0.886021137613164
v min = -6.829954673726349
d max = 0.07607142857142857
d min = 0.07607142857142857
dF max = 0.07607142857142857
dB max = 0.07607142857142857
hk max = 0.03215660847356125
hk min = 0.02117099100715318
hz max = 0.04742892783501633
hz min = 0.02246161541136163
lambdaF max = 0.6305359984363132
lambdaF min = 0.006028620769798678
lambdaB max = 0.642178931264113
lambdaB min = 0.006028620769798678
----------------------------------
----------------------------------
Iteration = 60
Distance = 4.238449350602025e-5
v max = -0.8860635217200679
v min = -6.829997058219855
d max = 0.07607142857142857
d min = 0.07607142857142857
dF max = 0.07607142857142857
dB max = 0.07607142857142857
hk max = 0.03215660847615808
hk min = 0.021170991007366927
hz max = 0.04742892784091822
hz min = 0.02246161541184741
lambdaF max = 0.6305359984924928
lambdaF min = 0.006028620769798678
lambdaB max = 0.6421789313225754
lambdaB min = 0.006028620769798678
----------------------------------
----------------------------------
Iteration = 61
Distance = 3.685602780301167e-5
v max = -0.8861003774815491
v min = -6.830033914247658
d max = 0.07607142857142857
d min = 0.07607142857142857
dF max = 0.07607142857142857
dB max = 0.07607142857142857
hk max = 0.032156608477945714
hk min = 0.021170991007513622
hz max = 0.047428927844981025
hz min = 0.02246161541218081
lambdaF max = 0.6305359985311729
lambdaF min = 0.006028620769798678
lambdaB max = 0.642178931362831
lambdaB min = 0.006028620769798678
----------------------------------
----------------------------------
Iteration = 62
Distance = 3.2048682970575726e-5
v max = -0.8861324259810542
v min = -6.830065962930629
d max = 0.07607142857142857
d min = 0.07607142857142857
dF max = 0.07607142857142857
dB max = 0.07607142857142857
hk max = 0.032156608479179394
hk min = 0.021170991007615006
hz max = 0.047428927847784845
hz min = 0.022461615412411224
lambdaF max = 0.6305359985578213
lambdaF min = 0.006028620769798678
lambdaB max = 0.6421789313905567
lambdaB min = 0.006028620769798678
----------------------------------
----------------------------------
Iteration = 63
Distance = 2.7868394578689504e-5
v max = -0.8861602942492479
v min = -6.8300938313252075
d max = 0.07607142857142857
d min = 0.07607142857142857
dF max = 0.07607142857142857
dB max = 0.07607142857142857
hk max = 0.03215660848003021
hk min = 0.021170991007684825
hz max = 0.047428927849718513
hz min = 0.02246161541256991
lambdaF max = 0.6305359985761823
lambdaF min = 0.006028620769798678
lambdaB max = 0.6421789314096887
lambdaB min = 0.006028620769798678
----------------------------------
----------------------------------
Iteration = 64
Distance = 2.4233369098958235e-5
v max = -0.8861845275312819
v min = -6.8301180646943065
d max = 0.07607142857142857
d min = 0.07607142857142857
dF max = 0.07607142857142857
dB max = 0.07607142857142857
hk max = 0.03215660848061468
hk min = 0.02117099100773257
hz max = 0.04742892785104686
hz min = 0.022461615412678416
lambdaF max = 0.6305359985888406
lambdaF min = 0.006028620769798678
lambdaB max = 0.6421789314228459
lambdaB min = 0.006028620769798678
----------------------------------
----------------------------------
Iteration = 65
Distance = 2.1072482821793415e-5
v max = -0.8862055999541271
v min = -6.830139137177128
d max = 0.07607142857142857
d min = 0.07607142857142857
dF max = 0.07607142857142857
dB max = 0.07607142857142857
hk max = 0.032156608481017895
hk min = 0.021170991007765864
hz max = 0.04742892785196325
hz min = 0.02246161541275408
lambdaF max = 0.630535998597551
lambdaF min = 0.006028620769798678
lambdaB max = 0.6421789314319415
lambdaB min = 0.006028620769798678
----------------------------------
----------------------------------
Iteration = 66
Distance = 1.832388980016475e-5
v max = -0.8862239238026136
v min = -6.8301574610669284
d max = 0.07607142857142857
d min = 0.07607142857142857
dF max = 0.07607142857142857
dB max = 0.07607142857142857
hk max = 0.03215660848129441
hk min = 0.021170991007788634
hz max = 0.047428927852591694
hz min = 0.02246161541280584
lambdaF max = 0.6305359986035511
lambdaF min = 0.006028620769798678
lambdaB max = 0.6421789314381986
lambdaB min = 0.006028620769798678
----------------------------------
----------------------------------
Iteration = 67
Distance = 1.593381149778139e-5
v max = -0.8862398575856529
v min = -6.830173394878426
d max = 0.07607142857142857
d min = 0.07607142857142857
dF max = 0.07607142857142857
dB max = 0.07607142857142857
hk max = 0.03215660848148584
hk min = 0.021170991007804355
hz max = 0.04742892785302677
hz min = 0.02246161541284157
lambdaF max = 0.6305359986076872
lambdaF min = 0.006028620769798678
lambdaB max = 0.64217893144248
lambdaB min = 0.006028620769798678
----------------------------------
----------------------------------
Iteration = 68
Distance = 1.3855484321645406e-5
v max = -0.8862537130503688
v min = -6.830187250362748
d max = 0.07607142857142857
d min = 0.07607142857142857
dF max = 0.07607142857142857
dB max = 0.07607142857142857
hk max = 0.03215660848161809
hk min = 0.02117099100781511
hz max = 0.04742892785332733
hz min = 0.022461615412866003
lambdaF max = 0.6305359986105227
lambdaF min = 0.006028620769798678
lambdaB max = 0.6421789314454437
lambdaB min = 0.006028620769798678
----------------------------------
----------------------------------
Iteration = 69
Distance = 1.2048244523832352e-5
v max = -0.8862657612813856
v min = -6.830199298607272
d max = 0.07607142857142857
d min = 0.07607142857142857
dF max = 0.07607142857142857
dB max = 0.07607142857142857
hk max = 0.032156608481707795
hk min = 0.021170991007822736
hz max = 0.04742892785353121
hz min = 0.022461615412883343
lambdaF max = 0.6305359986124967
lambdaF min = 0.006028620769798678
lambdaB max = 0.6421789314474824
lambdaB min = 0.006028620769798678
----------------------------------
----------------------------------
Iteration = 70
Distance = 1.0476732498432284e-5
v max = -0.8862762380045781
v min = -6.83020977533977
d max = 0.07607142857142857
d min = 0.07607142857142857
dF max = 0.07607142857142857
dB max = 0.07607142857142857
hk max = 0.03215660848176975
hk min = 0.021170991007827707
hz max = 0.047428927853672025
hz min = 0.02246161541289464
lambdaF max = 0.6305359986138597
lambdaF min = 0.006028620769798678
lambdaB max = 0.6421789314488937
lambdaB min = 0.006028620769798678
----------------------------------
----------------------------------
Iteration = 71
Distance = 9.110200880790842e-6
v max = -0.8862853481990557
v min = -6.830218885540651
d max = 0.07607142857142857
d min = 0.07607142857142857
dF max = 0.07607142857142857
dB max = 0.07607142857142857
hk max = 0.03215660848181322
hk min = 0.02117099100783129
hz max = 0.047428927853770814
hz min = 0.022461615412902786
lambdaF max = 0.6305359986147839
lambdaF min = 0.006028620769798678
lambdaB max = 0.6421789314498659
lambdaB min = 0.006028620769798678
----------------------------------
    Value Function Converged, Iteration = 71 with gamma=4.0 with rho=1.0 and v=-2.9279948451901436
    Natural boundary condition
=============================================================
Convegence time (minutes): 0.11516718283333334
Current Time = 22:21:35
grid points for z:  401
grid size for z:  0.025
-0.15352722911688096
-0.3899850040835627
--- 8.572423934936523 seconds for the elasticity computation ---
-0.004927848052874146
-0.0700987095330925
--- 0.0641331672668457 seconds for the elasticity computation ---
-0.10349612793829738
-0.3198862945504702
--- 0.06457281112670898 seconds for the elasticity computation ---
-0.22788183020390984
-0.39562894419663974
--- 0.0628056526184082 seconds for the elasticity computation ---
Current Time = 22:21:46
grid points for z:  401
grid size for z:  0.025
rho = 1
0.05935460108702888
--- 8.571476697921753 seconds for the elasticity computation ---
0.0
--- 0.0674448013305664 seconds for the elasticity computation ---
0.05935460108702888
--- 0.06682229042053223 seconds for the elasticity computation ---
0.0
--- 0.06686520576477051 seconds for the elasticity computation ---
0.0
--- 0.06685686111450195 seconds for the elasticity computation ---
0.05935460108702888
0.005643940113077034
--- 0.06727218627929688 seconds for the elasticity computation ---
0.05935460108702888
0.005643940113077034
--- 0.06704115867614746 seconds for the elasticity computation ---
0.05935460108702888
0.005643940113077034
--- 0.06716656684875488 seconds for the elasticity computation ---
0.05935460108702888
0.005643940113077034
--- 0.06704235076904297 seconds for the elasticity computation ---
parsed_args = parse_commandline() = Dict{String, Any}("dataname" => "lower_triangular_four_ambiguous_parameters", "clowerlim" => 0.0001, "delta" => 0.015, "boundary" => 0, "Delta" => 10.0, "q" => 0.1, "zmax" => 5.0, "logadjustment" => 1, "zscale" => 2.0, "foc" => 1, "distorted" => 0, "rho" => 1.0, "gamma" => 4.0)
=============================================================
./output/lower_triangular_four_ambiguous_parameters/Delta_10.0_distorted_0/logadjustment_1_boundary_0/zmax_5.0_zscale_2.0/delta_0.015/q_0.1_gamma_4.0_rho_1.0/
=============================================================
solve for structured linear system 
structured_relative_entropy = 0.10126126564337878
=============================================================
solve for unstructured linear system 
q_update = 0.15312584918652744
=============================================================
parsed_args = parse_commandline() = Dict{String, Any}("dataname" => "lower_triangular_four_ambiguous_parameters", "clowerlim" => 0.0001, "delta" => 0.015, "boundary" => 0, "Delta" => 10.0, "q" => 0.1, "zmax" => 5.0, "logadjustment" => 1, "zscale" => 2.0, "foc" => 1, "distorted" => 0, "rho" => 1.0, "gamma" => 4.0)
=============================================================
./output/lower_triangular_four_ambiguous_parameters/Delta_10.0_distorted_0/logadjustment_1_boundary_0/zmax_5.0_zscale_2.0/delta_0.015/q_0.1_gamma_4.0_rho_1.0/
=============================================================
solve for structured linear system 
structured_relative_entropy = 0.10126126564337881
=============================================================
solve for unstructured linear system 
q_update = 0.15312584918652747
=============================================================
Program ends Fri Jan 19 22:22:28 CST 2024
Elapsed time: 0 days 00 hr 01 min 19 sec
