D_10.0_distorted_0_boundary_0_delta_0.02_gamma_2.0_q_0.1_rho_1.0_upper_triangular_four_ambiguous_parameters
Program starts Fri Jan 19 22:17:20 CST 2024
parsed_args = parse_commandline() = Dict{String, Any}("dataname" => "upper_triangular_four_ambiguous_parameters", "clowerlim" => 0.0001, "delta" => 0.02, "boundary" => 0, "Delta" => 10.0, "q" => 0.1, "zmax" => 5.0, "logadjustment" => 1, "zscale" => 2.0, "foc" => 1, "distorted" => 0, "rho" => 1.0, "gamma" => 2.0)
=============================================================
logadjustment: true
reflective_boundary: false
0.109
U: [1.0331966455186503 0.4546065240282061; 0.0 0.06463435618925897]
L: [1.0331966455186503 0.0; 0.4546065240282061 0.06463435618925897]
[-2.220446049250313e-16 0.0; 0.0 0.0]
sigma_k: [0.010331966455186503, 0.004546065240282061]
sigma_z: [0.0, 0.06463435618925897]
Compute value function WITH ROBUSTNESS
computing undistorted version...
zmax = 5.0, zmin = -5.0, zlength = 401
natural boundary condition
----------------------------------
Iteration = 1
Distance = 1.211136196969302
v max = -0.93840892424203
v min = -3.211136196969302
d max = 0.07672413793103448
d min = 0.07672413793103448
dF max = 0.07672413793103448
dB max = 0.07672413793103448
hk max = 0.010331966455186503
hk min = 0.010331966455186503
hz max = 0.004546065240282061
hz min = 0.004546065240282061
lambdaF max = 0.1596347330627016
lambdaF min = 0.006028620769798677
lambdaB max = 0.1596347330627016
lambdaB min = 0.006028620769798677
----------------------------------
----------------------------------
Iteration = 2
Distance = 0.9252503554688829
v max = -0.6568846497284202
v min = -4.136386552438185
d max = 0.07672413793103448
d min = 0.07672413793103448
dF max = 0.07672413793103448
dB max = 0.07672413793103448
hk max = 0.010331966455186503
hk min = 0.010331966455186503
hz max = 0.019235691646935688
hz min = 0.019235691646927653
lambdaF max = 0.30879163329564424
lambdaF min = 0.006028620769798677
lambdaB max = 0.30879163329564424
lambdaB min = 0.006028620769798677
----------------------------------
----------------------------------
Iteration = 3
Distance = 0.6178408838365916
v max = -0.5490096080796131
v min = -4.7542274362747765
d max = 0.07672413793103448
d min = 0.07672413793103448
dF max = 0.07672413793103448
dB max = 0.07672413793103448
hk max = 0.010331966455186503
hk min = 0.010331966455186503
hz max = 0.03035831173182186
hz min = 0.02371289181693651
lambdaF max = 0.4075727139901005
lambdaF min = 0.006028620769798677
lambdaB max = 0.41104832139439873
lambdaB min = 0.006028620769798677
----------------------------------
----------------------------------
Iteration = 4
Distance = 0.4183875129973442
v max = -0.5255076443967637
v min = -5.172614949272121
d max = 0.07672413793103448
d min = 0.07672413793103448
dF max = 0.07672413793103448
dB max = 0.07672413793103448
hk max = 0.010331966455186503
hk min = 0.010331966455186503
hz max = 0.0376061679762395
hz min = 0.025834763317796793
lambdaF max = 0.46929996599371376
lambdaF min = 0.006028620769798677
lambdaB max = 0.4748934209853597
lambdaB min = 0.006028620769798677
----------------------------------
----------------------------------
Iteration = 5
Distance = 0.28882453038461087
v max = -0.5365968646582602
v min = -5.461439479656732
d max = 0.07672413793103448
d min = 0.07672413793103448
dF max = 0.07672413793103448
dB max = 0.07672413793103448
hk max = 0.010331966455186503
hk min = 0.010331966455186503
hz max = 0.042360254212452216
hz min = 0.026782414592192074
lambdaF max = 0.5064052721547307
lambdaF min = 0.006028620769798677
lambdaB max = 0.5134580983196494
lambdaB min = 0.006028620769798677
----------------------------------
----------------------------------
Iteration = 6
Distance = 0.20196463915041285
v max = -0.5607324876051545
v min = -5.6634041188071444
d max = 0.07672413793103448
d min = 0.07672413793103448
dF max = 0.07672413793103448
dB max = 0.07672413793103448
hk max = 0.010331966455186503
hk min = 0.010331966455186503
hz max = 0.04551579838677613
hz min = 0.027220721618278154
lambdaF max = 0.5290324802265794
lambdaF min = 0.006028620769798677
lambdaB max = 0.537052495885161
lambdaB min = 0.006028620769798677
----------------------------------
----------------------------------
Iteration = 7
Distance = 0.14286474023737394
v max = -0.5886019419629256
v min = -5.806268859044518
d max = 0.07672413793103448
d min = 0.07672413793103448
dF max = 0.07672413793103448
dB max = 0.07672413793103448
hk max = 0.010331966455186503
hk min = 0.010331966455186503
hz max = 0.04761815330239482
hz min = 0.027437773338772516
lambdaF max = 0.5430024335259193
lambdaF min = 0.006028620769798677
lambdaB max = 0.5516569427386453
lambdaB min = 0.006028620769798677
----------------------------------
----------------------------------
Iteration = 8
Distance = 0.10225160862040816
v max = -0.6161238808517504
v min = -5.908520467664927
d max = 0.07672413793103448
d min = 0.07672413793103448
dF max = 0.07672413793103448
dB max = 0.07672413793103448
hk max = 0.010331966455186503
hk min = 0.010331966455186503
hz max = 0.04902000027319721
hz min = 0.027553707953769838
lambdaF max = 0.5517093136778756
lambdaF min = 0.006028620769798677
lambdaB max = 0.5607762798631949
lambdaB min = 0.006028620769798677
----------------------------------
----------------------------------
Iteration = 9
Distance = 0.07409276463766457
v max = -0.6415365203272518
v min = -5.982613232302591
d max = 0.07672413793103448
d min = 0.07672413793103448
dF max = 0.07672413793103448
dB max = 0.07672413793103448
hk max = 0.010331966455186503
hk min = 0.010331966455186503
hz max = 0.04995435347046107
hz min = 0.02761901406081542
lambdaF max = 0.5571738397360655
lambdaF min = 0.006028620769798677
lambdaB max = 0.5665073549013749
lambdaB min = 0.006028620769798677
----------------------------------
----------------------------------
Iteration = 10
Distance = 0.05438860620168828
v max = -0.6641828358018914
v min = -6.037001838504279
d max = 0.07672413793103448
d min = 0.07672413793103448
dF max = 0.07672413793103448
dB max = 0.07672413793103448
hk max = 0.010331966455186503
hk min = 0.010331966455186503
hz max = 0.05057642671234723
hz min = 0.02765706712760033
lambdaF max = 0.5606209272379784
lambdaF min = 0.006028620769798677
lambdaB max = 0.5701260912478195
lambdaB min = 0.006028620769798677
----------------------------------
----------------------------------
Iteration = 11
Distance = 0.0404615887547477
v max = -0.6839451668306648
v min = -6.077463427259027
d max = 0.07672413793103448
d min = 0.07672413793103448
dF max = 0.07672413793103448
dB max = 0.07672413793103448
hk max = 0.010331966455186503
hk min = 0.010331966455186503
hz max = 0.05098996118977482
hz min = 0.027679835454539503
lambdaF max = 0.562803528326398
lambdaF min = 0.006028620769798677
lambdaB max = 0.5724190003593398
lambdaB min = 0.006028620769798677
----------------------------------
----------------------------------
Iteration = 12
Distance = 0.03050830319767517
v max = -0.700961729040386
v min = -6.107971730456702
d max = 0.07672413793103448
d min = 0.07672413793103448
dF max = 0.07672413793103448
dB max = 0.07672413793103448
hk max = 0.010331966455186503
hk min = 0.010331966455186503
hz max = 0.05126437568303117
hz min = 0.027693726428802645
lambdaF max = 0.5641893251229119
lambdaF min = 0.006028620769798677
lambdaB max = 0.5738756010819438
lambdaB min = 0.006028620769798677
----------------------------------
----------------------------------
Iteration = 13
Distance = 0.023308358255082595
v max = -0.7154830309298221
v min = -6.131280088711785
d max = 0.07672413793103448
d min = 0.07672413793103448
dF max = 0.07672413793103448
dB max = 0.07672413793103448
hk max = 0.010331966455186503
hk min = 0.010331966455186503
hz max = 0.05144611792283233
hz min = 0.027702311678000677
lambdaF max = 0.5650710411495858
lambdaF min = 0.006028620769798677
lambdaB max = 0.574802734016806
lambdaB min = 0.006028620769798677
----------------------------------
----------------------------------
Iteration = 14
Distance = 0.018032217107362136
v max = -0.727797820844085
v min = -6.149312305819147
d max = 0.07672413793103448
d min = 0.07672413793103448
dF max = 0.07672413793103448
dB max = 0.07672413793103448
hk max = 0.010331966455186503
hk min = 0.010331966455186503
hz max = 0.05156623856185136
hz min = 0.027707669784657423
lambdaF max = 0.5656329251894667
lambdaF min = 0.006028620769798677
lambdaB max = 0.5753937400549386
lambdaB min = 0.006028620769798677
----------------------------------
----------------------------------
Iteration = 15
Distance = 0.01411328944378809
v max = -0.7381948877410326
v min = -6.163425595262935
d max = 0.07672413793103448
d min = 0.07672413793103448
dF max = 0.07672413793103448
dB max = 0.07672413793103448
hk max = 0.010331966455186503
hk min = 0.010331966455186503
hz max = 0.05164546594487394
hz min = 0.027711037451899116
lambdaF max = 0.5659914314732064
lambdaF min = 0.006028620769798677
lambdaB max = 0.5757709164368084
lambdaB min = 0.006028620769798677
----------------------------------
----------------------------------
Iteration = 16
Distance = 0.011162391347497191
v max = -0.7469444018393945
v min = -6.174587986610432
d max = 0.07672413793103448
d min = 0.07672413793103448
dF max = 0.07672413793103448
dB max = 0.07672413793103448
hk max = 0.010331966455186503
hk min = 0.010331966455186503
hz max = 0.05169761305230684
hz min = 0.027713164177069947
lambdaF max = 0.5662203934355237
lambdaF min = 0.006028620769798677
lambdaB max = 0.5760118468973585
lambdaB min = 0.006028620769798677
----------------------------------
----------------------------------
Iteration = 17
Distance = 0.008910378788281825
v max = -0.7542898135069382
v min = -6.183498365398714
d max = 0.07672413793103448
d min = 0.07672413793103448
dF max = 0.07672413793103448
dB max = 0.07672413793103448
hk max = 0.010331966455186503
hk min = 0.010331966455186503
hz max = 0.051731866001256566
hz min = 0.027714512074356913
lambdaF max = 0.5663667323455106
lambdaF min = 0.006028620769798677
lambdaB max = 0.576165858126612
lambdaB min = 0.006028620769798677
----------------------------------
----------------------------------
Iteration = 18
Distance = 0.007169603901995281
v max = -0.760445442316162
v min = -6.190667969300709
d max = 0.07672413793103448
d min = 0.07672413793103448
dF max = 0.07672413793103448
dB max = 0.07672413793103448
hk max = 0.010331966455186503
hk min = 0.010331966455186503
hz max = 0.05175432059148614
hz min = 0.0277153685961648
lambdaF max = 0.5664603204028533
lambdaF min = 0.006028620769798677
lambdaB max = 0.5762643645659357
lambdaB min = 0.006028620769798677
----------------------------------
----------------------------------
Iteration = 19
Distance = 0.005807978397489144
v max = -0.7655970886070798
v min = -6.1964759476981985
d max = 0.07672413793103448
d min = 0.07672413793103448
dF max = 0.07672413793103448
dB max = 0.07672413793103448
hk max = 0.010331966455186503
hk min = 0.010331966455186503
hz max = 0.051769012782900206
hz min = 0.02771591390592866
lambdaF max = 0.5665202021588726
lambdaF min = 0.006028620769798677
lambdaB max = 0.5763273993951531
lambdaB min = 0.006028620769798677
----------------------------------
----------------------------------
Iteration = 20
Distance = 0.004731491778818153
v max = -0.7699041364749724
v min = -6.201207439477017
d max = 0.07672413793103448
d min = 0.07672413793103448
dF max = 0.07672413793103448
dB max = 0.07672413793103448
hk max = 0.010331966455186503
hk min = 0.010331966455186503
hz max = 0.051778608625666744
hz min = 0.02771626159941436
lambdaF max = 0.5665585324899618
lambdaF min = 0.006028620769798677
lambdaB max = 0.5763677511878104
lambdaB min = 0.006028620769798677
----------------------------------
----------------------------------
Iteration = 21
Distance = 0.0038724034149622
v max = -0.7735022905557323
v min = -6.205079842891979
d max = 0.07672413793103448
d min = 0.07672413793103448
dF max = 0.07672413793103448
dB max = 0.07672413793103448
hk max = 0.010331966455186503
hk min = 0.010331966455186503
hz max = 0.051784865243744455
hz min = 0.02771648353953738
lambdaF max = 0.5665830758122744
lambdaF min = 0.006028620769798677
lambdaB max = 0.5763935905475593
lambdaB min = 0.006028620769798677
----------------------------------
----------------------------------
Iteration = 22
Distance = 0.003181244002350425
v max = -0.7765064713029858
v min = -6.208261086894329
d max = 0.07672413793103448
d min = 0.07672413793103448
dF max = 0.07672413793103448
dB max = 0.07672413793103448
hk max = 0.010331966455186503
hk min = 0.010331966455186503
hz max = 0.05178893814119646
hz min = 0.027716625333006457
lambdaF max = 0.5665987954292777
lambdaF min = 0.006028620769798677
lambdaB max = 0.5764101411430532
lambdaB min = 0.006028620769798677
----------------------------------
----------------------------------
Iteration = 23
Distance = 0.0026213762329065915
v max = -0.7790136129128787
v min = -6.210882463127236
d max = 0.07672413793103448
d min = 0.07672413793103448
dF max = 0.07672413793103448
dB max = 0.07672413793103448
hk max = 0.010331966455186503
hk min = 0.010331966455186503
hz max = 0.05179158556272763
hz min = 0.027716715986025525
lambdaF max = 0.5666088658667191
lambdaF min = 0.006028620769798677
lambdaB max = 0.5764207444010694
lambdaB min = 0.006028620769798677
----------------------------------
----------------------------------
Iteration = 24
Distance = 0.0021652766065782814
v max = -0.7811052380153914
v min = -6.213047739733814
d max = 0.07672413793103448
d min = 0.07672413793103448
dF max = 0.07672413793103448
dB max = 0.07672413793103448
hk max = 0.010331966455186503
hk min = 0.010331966455186503
hz max = 0.05179330405302174
hz min = 0.027716773975335184
lambdaF max = 0.5666153184881088
lambdaF min = 0.006028620769798677
lambdaB max = 0.5764275386788693
lambdaB min = 0.006028620769798677
----------------------------------
----------------------------------
Iteration = 25
Distance = 0.0017919768120941981
v max = -0.7828497571021439
v min = -6.214839716545908
d max = 0.07672413793103448
d min = 0.07672413793103448
dF max = 0.07672413793103448
dB max = 0.07672413793103448
hk max = 0.010331966455186503
hk min = 0.010331966455186503
hz max = 0.05179441815070201
hz min = 0.027716811086992317
lambdaF max = 0.5666194536466984
lambdaF min = 0.006028620769798677
lambdaB max = 0.5764318929231023
lambdaB min = 0.006028620769798677
----------------------------------
----------------------------------
Iteration = 26
Distance = 0.0014852884489000573
v max = -0.7843044823338862
v min = -6.2163250049948084
d max = 0.07672413793103448
d min = 0.07672413793103448
dF max = 0.07672413793103448
dB max = 0.07672413793103448
hk max = 0.010331966455186503
hk min = 0.010331966455186503
hz max = 0.051795139587171905
hz min = 0.02771683484620387
lambdaF max = 0.5666221040094508
lambdaF min = 0.006028620769798677
lambdaB max = 0.5764346837780092
lambdaB min = 0.006028620769798677
----------------------------------
----------------------------------
Iteration = 27
Distance = 0.0012325589875592513
v max = -0.7855173678125522
v min = -6.217557563982368
d max = 0.07672413793103448
d min = 0.07672413793103448
dF max = 0.07672413793103448
dB max = 0.07672413793103448
hk max = 0.010331966455186503
hk min = 0.010331966455186503
hz max = 0.05179560626386885
hz min = 0.02771685006162484
lambdaF max = 0.5666238029045797
lambdaF min = 0.006028620769798677
lambdaB max = 0.576436472768538
lambdaB min = 0.006028620769798677
----------------------------------
----------------------------------
Iteration = 28
Distance = 0.0010237898987011107
v max = -0.7865284993576692
v min = -6.218581353881069
d max = 0.07672413793103448
d min = 0.07672413793103448
dF max = 0.07672413793103448
dB max = 0.07672413793103448
hk max = 0.010331966455186503
hk min = 0.010331966455186503
hz max = 0.05179590785575637
hz min = 0.027716859808031038
lambdaF max = 0.5666248920060677
lambdaF min = 0.006028620769798677
lambdaB max = 0.5764376196482364
lambdaB min = 0.006028620769798677
----------------------------------
----------------------------------
Iteration = 29
Distance = 0.0008510033758231117
v max = -0.7873713612127737
v min = -6.219432357256892
d max = 0.07672413793103448
d min = 0.07672413793103448
dF max = 0.07672413793103448
dB max = 0.07672413793103448
hk max = 0.010331966455186503
hk min = 0.010331966455186503
hz max = 0.05179610259279475
hz min = 0.0277168660524799
lambdaF max = 0.5666255902455005
lambdaF min = 0.006028620769798677
lambdaB max = 0.5764383549416132
lambdaB min = 0.006028620769798677
----------------------------------
----------------------------------
Iteration = 30
Distance = 0.0007077811481872587
v max = -0.7880739077393957
v min = -6.220140138405079
d max = 0.07672413793103448
d min = 0.07672413793103448
dF max = 0.07672413793103448
dB max = 0.07672413793103448
hk max = 0.010331966455186503
hk min = 0.010331966455186503
hz max = 0.051796228236319485
hz min = 0.027716870053941613
lambdaF max = 0.5666260379272697
lambdaF min = 0.006028620769798677
lambdaB max = 0.5764388263870861
lambdaB min = 0.006028620769798677
----------------------------------
----------------------------------
Iteration = 31
Distance = 0.0005889236452212288
v max = -0.7886594667852906
v min = -6.2207290620503
d max = 0.07672413793103448
d min = 0.07672413793103448
dF max = 0.07672413793103448
dB max = 0.07672413793103448
hk max = 0.010331966455186503
hk min = 0.010331966455186503
hz max = 0.051796309244485056
hz min = 0.027716872618459308
lambdaF max = 0.5666263249782137
lambdaF min = 0.006028620769798677
lambdaB max = 0.57643912867855
lambdaB min = 0.006028620769798677
----------------------------------
----------------------------------
Iteration = 32
Distance = 0.0004901943313759816
v max = -0.7891474990704621
v min = -6.221219256381676
d max = 0.07672413793103448
d min = 0.07672413793103448
dF max = 0.07672413793103448
dB max = 0.07672413793103448
hk max = 0.010331966455186503
hk min = 0.010331966455186503
hz max = 0.0517963614416133
hz min = 0.027716874262243906
lambdaF max = 0.5666265090424059
lambdaF min = 0.006028620769798677
lambdaB max = 0.5764393225171979
lambdaB min = 0.006028620769798677
----------------------------------
----------------------------------
Iteration = 33
Distance = 0.00040812512014287705
v max = -0.7895542352173849
v min = -6.221627381501819
d max = 0.07672413793103448
d min = 0.07672413793103448
dF max = 0.07672413793103448
dB max = 0.07672413793103448
hk max = 0.010331966455186503
hk min = 0.010331966455186503
hz max = 0.05179639505580518
hz min = 0.02771687531597172
lambdaF max = 0.5666266270737572
lambdaF min = 0.006028620769798677
lambdaB max = 0.5764394468174195
lambdaB min = 0.006028620769798677
----------------------------------
----------------------------------
Iteration = 34
Distance = 0.0003398662241860251
v max = -0.7898932093028689
v min = -6.221967247726005
d max = 0.07672413793103448
d min = 0.07672413793103448
dF max = 0.07672413793103448
dB max = 0.07672413793103448
hk max = 0.010331966455186503
hk min = 0.010331966455186503
hz max = 0.05179641669214479
hz min = 0.027716875991508433
lambdaF max = 0.5666267027640917
lambdaF min = 0.006028620769798677
lambdaB max = 0.5764395265283639
lambdaB min = 0.006028620769798677
----------------------------------
----------------------------------
Iteration = 35
Distance = 0.0002830688227506428
v max = -0.7901757052088998
v min = -6.222250316548756
d max = 0.07672413793103448
d min = 0.07672413793103448
dF max = 0.07672413793103448
dB max = 0.07672413793103448
hk max = 0.010331966455186503
hk min = 0.010331966455186503
hz max = 0.051796430612619286
hz min = 0.02771687642462123
lambdaF max = 0.5666267513036889
lambdaF min = 0.006028620769798677
lambdaB max = 0.5764395776466531
lambdaB min = 0.006028620769798677
----------------------------------
----------------------------------
Iteration = 36
Distance = 0.00023579233564507973
v max = -0.7904111296858484
v min = -6.222486108884401
d max = 0.07672413793103448
d min = 0.07672413793103448
dF max = 0.07672413793103448
dB max = 0.07672413793103448
hk max = 0.010331966455186503
hk min = 0.010331966455186503
hz max = 0.05179643956535611
hz min = 0.027716876702323662
lambdaF max = 0.5666267824325626
lambdaF min = 0.006028620769798677
lambdaB max = 0.5764396104294327
lambdaB min = 0.006028620769798677
----------------------------------
----------------------------------
Iteration = 37
Distance = 0.00019643042176920034
v max = -0.7906073239457988
v min = -6.22268253930617
d max = 0.07672413793103448
d min = 0.07672413793103448
dF max = 0.07672413793103448
dB max = 0.07672413793103448
hk max = 0.010331966455186503
hk min = 0.010331966455186503
hz max = 0.051796445321181765
hz min = 0.027716876880389922
lambdaF max = 0.5666268023961794
lambdaF min = 0.006028620769798677
lambdaB max = 0.5764396314537937
lambdaB min = 0.006028620769798677
----------------------------------
----------------------------------
Iteration = 38
Distance = 0.00016365142608609773
v max = -0.7907708237767873
v min = -6.222846190732256
d max = 0.07672413793103448
d min = 0.07672413793103448
dF max = 0.07672413793103448
dB max = 0.07672413793103448
hk max = 0.010331966455186503
hk min = 0.010331966455186503
hz max = 0.051796449020563524
hz min = 0.027716876994572415
lambdaF max = 0.5666268151995041
lambdaF min = 0.006028620769798677
lambdaB max = 0.5764396449374991
lambdaB min = 0.006028620769798677
----------------------------------
----------------------------------
Iteration = 39
Distance = 0.00013635011855406276
v max = -0.7909070765950225
v min = -6.22298254085081
d max = 0.07672413793103448
d min = 0.07672413793103448
dF max = 0.07672413793103448
dB max = 0.07672413793103448
hk max = 0.010331966455186503
hk min = 0.010331966455186503
hz max = 0.05179645139759708
hz min = 0.02771687706779369
lambdaF max = 0.5666268234108515
lambdaF min = 0.006028620769798677
lambdaB max = 0.576439653585183
lambdaB min = 0.006028620769798677
----------------------------------
----------------------------------
Iteration = 40
Distance = 0.00011360835859708374
v max = -0.7910206225078587
v min = -6.2230961492094075
d max = 0.07672413793103448
d min = 0.07672413793103448
dF max = 0.07672413793103448
dB max = 0.07672413793103448
hk max = 0.010331966455186503
hk min = 0.010331966455186503
hz max = 0.05179645292459836
hz min = 0.02771687711474933
lambdaF max = 0.5666268286771906
lambdaF min = 0.006028620769798677
lambdaB max = 0.5764396591314177
lambdaB min = 0.006028620769798677
----------------------------------
----------------------------------
Iteration = 41
Distance = 9.466288444759385e-5
v max = -0.7911152453188702
v min = -6.223190812093855
d max = 0.07672413793103448
d min = 0.07672413793103448
dF max = 0.07672413793103448
dB max = 0.07672413793103448
hk max = 0.010331966455186503
hk min = 0.010331966455186503
hz max = 0.05179645390533912
hz min = 0.027716877144862373
lambdaF max = 0.5666268320548213
lambdaF min = 0.006028620769798677
lambdaB max = 0.57643966268856
lambdaB min = 0.006028620769798677
----------------------------------
----------------------------------
Iteration = 42
Distance = 7.887883757806691e-5
v max = -0.7911940984418547
v min = -6.223269690931433
d max = 0.07672413793103448
d min = 0.07672413793103448
dF max = 0.07672413793103448
dB max = 0.07672413793103448
hk max = 0.010331966455186503
hk min = 0.010331966455186503
hz max = 0.05179645453512431
hz min = 0.02771687716417375
lambdaF max = 0.5666268342211088
lambdaF min = 0.006028620769798677
lambdaB max = 0.576439664969986
lambdaB min = 0.006028620769798677
----------------------------------
----------------------------------
Iteration = 43
Distance = 6.572793607961813e-5
v max = -0.7912598098782239
v min = -6.223335418867513
d max = 0.07672413793103448
d min = 0.07672413793103448
dF max = 0.07672413793103448
dB max = 0.07672413793103448
hk max = 0.010331966455186503
hk min = 0.010331966455186503
hz max = 0.051796454939477425
hz min = 0.0277168771765587
lambdaF max = 0.566626835610512
lambdaF min = 0.006028620769798677
lambdaB max = 0.5764396664332271
lambdaB min = 0.006028620769798677
----------------------------------
----------------------------------
Iteration = 44
Distance = 5.477043776913604e-5
v max = -0.7913145697295553
v min = -6.223390189305282
d max = 0.07672413793103448
d min = 0.07672413793103448
dF max = 0.07672413793103448
dB max = 0.07672413793103448
hk max = 0.010331966455186503
hk min = 0.010331966455186503
hz max = 0.05179645519905968
hz min = 0.027716877184502373
lambdaF max = 0.5666268365016366
lambdaF min = 0.006028620769798677
lambdaB max = 0.5764396673717076
lambdaB min = 0.006028620769798677
----------------------------------
----------------------------------
Iteration = 45
Distance = 4.5640207427588564e-5
v max = -0.791360203144885
v min = -6.2234358295127095
d max = 0.07672413793103448
d min = 0.07672413793103448
dF max = 0.07672413793103448
dB max = 0.07672413793103448
hk max = 0.010331966455186503
hk min = 0.010331966455186503
hz max = 0.05179645536568188
hz min = 0.027716877189596655
lambdaF max = 0.5666268370731652
lambdaF min = 0.006028620769798677
lambdaB max = 0.5764396679736375
lambdaB min = 0.006028620769798677
----------------------------------
----------------------------------
Iteration = 46
Distance = 3.803233568788755e-5
v max = -0.7913982311230433
v min = -6.223473861848397
d max = 0.07672413793103448
d min = 0.07672413793103448
dF max = 0.07672413793103448
dB max = 0.07672413793103448
hk max = 0.010331966455186503
hk min = 0.010331966455186503
hz max = 0.05179645547262164
hz min = 0.027716877192863677
lambdaF max = 0.5666268374397273
lambdaF min = 0.006028620769798677
lambdaB max = 0.5764396683596865
lambdaB min = 0.006028620769798677
----------------------------------
----------------------------------
Iteration = 47
Distance = 3.169286200499499e-5
v max = -0.7914299211895319
v min = -6.223505554710402
d max = 0.07672413793103448
d min = 0.07672413793103448
dF max = 0.07672413793103448
dB max = 0.07672413793103448
hk max = 0.010331966455186503
hk min = 0.010331966455186503
hz max = 0.05179645554125726
hz min = 0.02771687719495903
lambdaF max = 0.5666268376748841
lambdaF min = 0.006028620769798677
lambdaB max = 0.5764396686073201
lambdaB min = 0.006028620769798677
----------------------------------
----------------------------------
Iteration = 48
Distance = 2.641023643956686e-5
v max = -0.7914563296325933
v min = -6.223531964946842
d max = 0.07672413793103448
d min = 0.07672413793103448
dF max = 0.07672413793103448
dB max = 0.07672413793103448
hk max = 0.010331966455186503
hk min = 0.010331966455186503
hz max = 0.05179645558529519
hz min = 0.027716877196303495
lambdaF max = 0.5666268378256795
lambdaF min = 0.006028620769798677
lambdaB max = 0.5764396687661615
lambdaB min = 0.006028620769798677
----------------------------------
----------------------------------
Iteration = 49
Distance = 2.2008221180591647e-5
v max = -0.791478336703319
v min = -6.2235539731680225
d max = 0.07672413793103448
d min = 0.07672413793103448
dF max = 0.07672413793103448
dB max = 0.07672413793103448
hk max = 0.010331966455186503
hk min = 0.010331966455186503
hz max = 0.051796455613555434
hz min = 0.027716877197164886
lambdaF max = 0.5666268379223971
lambdaF min = 0.006028620769798677
lambdaB max = 0.5764396688680101
lambdaB min = 0.006028620769798677
----------------------------------
----------------------------------
Iteration = 50
Distance = 1.8339985955684313e-5
v max = -0.7914966759512696
v min = -6.223572313153978
d max = 0.07672413793103448
d min = 0.07672413793103448
dF max = 0.07672413793103448
dB max = 0.07672413793103448
hk max = 0.010331966455186503
hk min = 0.010331966455186503
hz max = 0.05179645563168911
hz min = 0.027716877197718287
lambdaF max = 0.5666268379844427
lambdaF min = 0.006028620769798677
lambdaB max = 0.576439668933354
lambdaB min = 0.006028620769798677
----------------------------------
----------------------------------
Iteration = 51
Distance = 1.5283194365167674e-5
v max = -0.7915119586722261
v min = -6.223587596348343
d max = 0.07672413793103448
d min = 0.07672413793103448
dF max = 0.07672413793103448
dB max = 0.07672413793103448
hk max = 0.010331966455186503
hk min = 0.010331966455186503
hz max = 0.05179645564332432
hz min = 0.027716877198072774
lambdaF max = 0.5666268380242345
lambdaF min = 0.006028620769798677
lambdaB max = 0.5764396689752493
lambdaB min = 0.006028620769798677
----------------------------------
----------------------------------
Iteration = 52
Distance = 1.2735913663242115e-5
v max = -0.7915246942822168
v min = -6.223600332262007
d max = 0.07672413793103448
d min = 0.07672413793103448
dF max = 0.07672413793103448
dB max = 0.07672413793103448
hk max = 0.010331966455186503
hk min = 0.010331966455186503
hz max = 0.05179645565079181
hz min = 0.02771687719829982
lambdaF max = 0.5666268380497562
lambdaF min = 0.006028620769798677
lambdaB max = 0.5764396690021409
lambdaB min = 0.006028620769798677
----------------------------------
----------------------------------
Iteration = 53
Distance = 1.0613209015630787e-5
v max = -0.791535307296435
v min = -6.223610945471022
d max = 0.07672413793103448
d min = 0.07672413793103448
dF max = 0.07672413793103448
dB max = 0.07672413793103448
hk max = 0.010331966455186503
hk min = 0.010331966455186503
hz max = 0.05179645565557724
hz min = 0.02771687719844592
lambdaF max = 0.5666268380661119
lambdaF min = 0.006028620769798677
lambdaB max = 0.5764396690193729
lambdaB min = 0.006028620769798677
----------------------------------
----------------------------------
Iteration = 54
Distance = 8.844307249233907e-6
v max = -0.7915441514787325
v min = -6.2236197897782715
d max = 0.07672413793103448
d min = 0.07672413793103448
dF max = 0.07672413793103448
dB max = 0.07672413793103448
hk max = 0.010331966455186503
hk min = 0.010331966455186503
hz max = 0.051796455658649654
hz min = 0.02771687719853949
lambdaF max = 0.5666268380766162
lambdaF min = 0.006028620769798677
lambdaB max = 0.5764396690304349
lambdaB min = 0.006028620769798677
----------------------------------
    Value Function Converged, Iteration = 54 with gamma=2.0 with rho=1.0 and v=-2.685972416725204
    Natural boundary condition
=============================================================
Convegence time (minutes): 0.11540587053333334
Current Time = 22:17:56
grid points for z:  401
grid size for z:  0.025
-0.11784996502640718
-0.30142714468748777
--- 8.63091516494751 seconds for the elasticity computation ---
-0.0004814343331074723
-0.01979574002140091
--- 0.06509923934936523 seconds for the elasticity computation ---
-0.10328782066356945
-0.2816314046660869
--- 0.06460022926330566 seconds for the elasticity computation ---
-0.19760967852354808
-0.3088661605352221
--- 0.06450223922729492 seconds for the elasticity computation ---
Current Time = 22:18:07
grid points for z:  401
grid size for z:  0.025
rho = 1
0.05975971349714089
--- 8.615099906921387 seconds for the elasticity computation ---
0.0
--- 0.06670022010803223 seconds for the elasticity computation ---
0.05975971349714089
--- 0.06591606140136719 seconds for the elasticity computation ---
0.0
--- 0.06549549102783203 seconds for the elasticity computation ---
0.0
--- 0.06552004814147949 seconds for the elasticity computation ---
0.05975971349714089
0.007439015847734282
--- 0.06550431251525879 seconds for the elasticity computation ---
0.05975971349714089
0.007439015847734282
--- 0.06578278541564941 seconds for the elasticity computation ---
0.05975971349714089
0.007439015847734282
--- 0.06589198112487793 seconds for the elasticity computation ---
0.05975971349714089
0.007439015847734282
--- 0.06571292877197266 seconds for the elasticity computation ---
parsed_args = parse_commandline() = Dict{String, Any}("dataname" => "upper_triangular_four_ambiguous_parameters", "clowerlim" => 0.0001, "delta" => 0.02, "boundary" => 0, "Delta" => 10.0, "q" => 0.1, "zmax" => 5.0, "logadjustment" => 1, "zscale" => 2.0, "foc" => 1, "distorted" => 0, "rho" => 1.0, "gamma" => 2.0)
=============================================================
./output/upper_triangular_four_ambiguous_parameters/Delta_10.0_distorted_0/logadjustment_1_boundary_0/zmax_5.0_zscale_2.0/delta_0.02/q_0.1_gamma_2.0_rho_1.0/
=============================================================
solve for structured linear system 
structured_relative_entropy = 0.10126105975393476
=============================================================
solve for unstructured linear system 
q_update = 0.04362638011204501
=============================================================
parsed_args = parse_commandline() = Dict{String, Any}("dataname" => "upper_triangular_four_ambiguous_parameters", "clowerlim" => 0.0001, "delta" => 0.02, "boundary" => 0, "Delta" => 10.0, "q" => 0.1, "zmax" => 5.0, "logadjustment" => 1, "zscale" => 2.0, "foc" => 1, "distorted" => 0, "rho" => 1.0, "gamma" => 2.0)
=============================================================
./output/upper_triangular_four_ambiguous_parameters/Delta_10.0_distorted_0/logadjustment_1_boundary_0/zmax_5.0_zscale_2.0/delta_0.02/q_0.1_gamma_2.0_rho_1.0/
=============================================================
solve for structured linear system 
structured_relative_entropy = 0.10126105975393476
=============================================================
solve for unstructured linear system 
q_update = 0.04362638011204501
=============================================================
Program ends Fri Jan 19 22:18:49 CST 2024
Elapsed time: 0 days 00 hr 01 min 29 sec
