D_10.0_distorted_0_boundary_1_delta_0.01_gamma_10.0_q_0.1_rho_1.0_upper_triangular_four_ambiguous_parameters
Program starts Fri Jan 19 22:17:10 CST 2024
parsed_args = parse_commandline() = Dict{String, Any}("dataname" => "upper_triangular_four_ambiguous_parameters", "clowerlim" => 0.0001, "delta" => 0.01, "boundary" => 1, "Delta" => 10.0, "q" => 0.1, "zmax" => 5.0, "logadjustment" => 1, "zscale" => 2.0, "foc" => 1, "distorted" => 0, "rho" => 1.0, "gamma" => 10.0)
=============================================================
logadjustment: true
reflective_boundary: true
0.0922
U: [1.0331966455186503 0.4546065240282061; 0.0 0.06463435618925897]
L: [1.0331966455186503 0.0; 0.4546065240282061 0.06463435618925897]
[-2.220446049250313e-16 0.0; 0.0 0.0]
sigma_k: [0.010331966455186503, 0.004546065240282061]
sigma_z: [0.0, 0.06463435618925897]
Compute value function WITH ROBUSTNESS
computing undistorted version...
zmax = 5.0, zmin = -5.0, zlength = 401
reflective boundary condition
----------------------------------
Iteration = 1
Distance = 1.2256814064992048
v max = -0.8195980255189652
v min = -3.2256814064992048
d max = 0.07611111111111112
d min = 0.07611111111111112
dF max = 0.07611111111111112
dB max = 0.07611111111111112
hk max = 0.010331966455186503
hk min = 0.010331966455186503
hz max = 0.004546065240282061
hz min = 0.004546065240282061
lambdaF max = 0.1596347330627016
lambdaF min = 0.006028620769798677
lambdaB max = 0.1596347330627016
lambdaB min = 0.006028620769798677
----------------------------------
----------------------------------
Iteration = 2
Distance = 0.9971132132580136
v max = -0.46061749998161067
v min = -4.222794619757218
d max = 0.07611111111111112
d min = 0.07611111111111112
dF max = 0.07611111111111112
dB max = 0.07611111111111112
hk max = 0.010331966455186503
hk min = 0.010331966455186503
hz max = 0.020120608900346955
hz min = 0.016576009988620747
lambdaF max = 0.3198713595656003
lambdaF min = 0.006028620769798677
lambdaB max = 0.3198713595655858
lambdaB min = 0.006028620769798677
----------------------------------
----------------------------------
Iteration = 3
Distance = 0.7261323681529408
v max = -0.3102898759832123
v min = -4.948926987910159
d max = 0.07611111111111112
d min = 0.07611111111111112
dF max = 0.07611111111111112
dB max = 0.07611111111111112
hk max = 0.010331966455186503
hk min = 0.010331966455186503
hz max = 0.03255075336653783
hz min = 0.022042359318806933
lambdaF max = 0.4321243301728695
lambdaF min = 0.006028620769798677
lambdaB max = 0.43588989061509764
lambdaB min = 0.006028620769798677
----------------------------------
----------------------------------
Iteration = 4
Distance = 0.5468899300004111
v max = -0.26897506139481975
v min = -5.49581691791057
d max = 0.07611111111111112
d min = 0.07611111111111112
dF max = 0.07611111111111112
dB max = 0.07611111111111112
hk max = 0.010331966455186503
hk min = 0.010331966455186503
hz max = 0.04116017586103727
hz min = 0.023718673237835018
lambdaF max = 0.5167696731162021
lambdaF min = 0.006028620769798677
lambdaB max = 0.5232250548364771
lambdaB min = 0.006028620769798677
----------------------------------
----------------------------------
Iteration = 5
Distance = 0.4255751726692676
v max = -0.2807750076640972
v min = -5.921392090579838
d max = 0.07611111111111112
d min = 0.07611111111111112
dF max = 0.07611111111111112
dB max = 0.07611111111111112
hk max = 0.010331966455186503
hk min = 0.010331966455186503
hz max = 0.047177162422951474
hz min = 0.02510267767156936
lambdaF max = 0.5811755073868308
lambdaF min = 0.006028620769798677
lambdaB max = 0.589764595740515
lambdaB min = 0.006028620769798677
----------------------------------
----------------------------------
Iteration = 6
Distance = 0.3390974639242117
v max = -0.3196853337877134
v min = -6.2604895545040495
d max = 0.07611111111111112
d min = 0.07611111111111112
dF max = 0.07611111111111112
dB max = 0.07611111111111112
hk max = 0.010331966455186503
hk min = 0.010331966455186503
hz max = 0.051433172936542725
hz min = 0.02551105973070828
lambdaF max = 0.63182898991787
lambdaF min = 0.006028620769798677
lambdaB max = 0.6419823634875959
lambdaB min = 0.006028620769798677
----------------------------------
----------------------------------
Iteration = 7
Distance = 0.2755717334288095
v max = -0.3752486855247263
v min = -6.536061287932859
d max = 0.07611111111111112
d min = 0.07611111111111112
dF max = 0.07611111111111112
dB max = 0.07611111111111112
hk max = 0.010331966455186503
hk min = 0.010331966455186503
hz max = 0.05445729274583508
hz min = 0.025929460755271506
lambdaF max = 0.6718854037587124
lambdaF min = 0.006028620769798677
lambdaB max = 0.6830606231888091
lambdaB min = 0.006028620769798677
----------------------------------
----------------------------------
Iteration = 8
Distance = 0.2278360519167748
v max = -0.44146342269459593
v min = -6.763897339849634
d max = 0.07611111111111112
d min = 0.07611111111111112
dF max = 0.07611111111111112
dB max = 0.07611111111111112
hk max = 0.010331966455186503
hk min = 0.010331966455186503
hz max = 0.05661055836392611
hz min = 0.026149048170282567
lambdaF max = 0.7028639285008914
lambdaF min = 0.006028620769798677
lambdaB max = 0.7145914376401579
lambdaB min = 0.006028620769798677
----------------------------------
----------------------------------
Iteration = 9
Distance = 0.1912478929573238
v max = -0.5146494809305784
v min = -6.955145232806958
d max = 0.07611111111111112
d min = 0.07611111111111112
dF max = 0.07611111111111112
dB max = 0.07611111111111112
hk max = 0.010331966455186503
hk min = 0.010331966455186503
hz max = 0.05814548450268506
hz min = 0.02637109741986572
lambdaF max = 0.7257697352997491
lambdaF min = 0.006028620769798677
lambdaB max = 0.7377105781888491
lambdaB min = 0.006028620769798677
----------------------------------
----------------------------------
Iteration = 10
Distance = 0.16268278840784856
v max = -0.5916659004966204
v min = -7.117828021214806
d max = 0.07611111111111112
d min = 0.07611111111111112
dF max = 0.07611111111111112
dB max = 0.07611111111111112
hk max = 0.010331966455186503
hk min = 0.010331966455186503
hz max = 0.05924041453350801
hz min = 0.02653177269858747
lambdaF max = 0.7418059172393167
lambdaF min = 0.006028620769798677
lambdaB max = 0.7537741197028233
lambdaB min = 0.006028620769798677
----------------------------------
----------------------------------
Iteration = 11
Distance = 0.1399877918492045
v max = -0.6701648721140255
v min = -7.257815813064011
d max = 0.07611111111111112
d min = 0.07611111111111112
dF max = 0.07611111111111112
dB max = 0.07611111111111112
hk max = 0.010331966455186503
hk min = 0.010331966455186503
hz max = 0.06002181388186092
hz min = 0.026671288327490408
lambdaF max = 0.7525329176007801
lambdaF min = 0.006028620769798677
lambdaB max = 0.7644749249787225
lambdaB min = 0.006028620769798677
----------------------------------
----------------------------------
Iteration = 12
Distance = 0.1216538724220344
v max = -0.7480643402192834
v min = -7.379469685486045
d max = 0.07611111111111112
d min = 0.07611111111111112
dF max = 0.07611111111111112
dB max = 0.07611111111111112
hk max = 0.010331966455186503
hk min = 0.010331966455186503
hz max = 0.060579669575858114
hz min = 0.02677913858557546
lambdaF max = 0.7596288013179631
lambdaF min = 0.006028620769798677
lambdaB max = 0.7715719120831611
lambdaB min = 0.006028620769798677
----------------------------------
----------------------------------
Iteration = 13
Distance = 0.10660851624477719
v max = -0.8236830259133827
v min = -7.486078201730822
d max = 0.07611111111111112
d min = 0.07611111111111112
dF max = 0.07611111111111112
dB max = 0.07611111111111112
hk max = 0.010331966455186503
hk min = 0.010331966455186503
hz max = 0.06097804573875114
hz min = 0.02686255132424195
lambdaF max = 0.7645386358517974
lambdaF min = 0.006028620769798677
lambdaB max = 0.7765304790787494
lambdaB min = 0.006028620769798677
----------------------------------
----------------------------------
Iteration = 14
Distance = 0.09407994116168528
v max = -0.8957292315156413
v min = -7.5801581428925076
d max = 0.07611111111111112
d min = 0.07611111111111112
dF max = 0.07611111111111112
dB max = 0.07611111111111112
hk max = 0.010331966455186503
hk min = 0.010331966455186503
hz max = 0.06126258203776075
hz min = 0.02692204800347428
lambdaF max = 0.7682310787218675
lambdaF min = 0.006028620769798677
lambdaB max = 0.7802962170214315
lambdaB min = 0.006028620769798677
----------------------------------
----------------------------------
Iteration = 15
Distance = 0.0835063084086638
v max = -0.96344243822568
v min = -7.663664451301171
d max = 0.07611111111111112
d min = 0.07611111111111112
dF max = 0.07611111111111112
dB max = 0.07611111111111112
hk max = 0.010331966455186503
hk min = 0.010331966455186503
hz max = 0.06146581882322954
hz min = 0.026962287623772695
lambdaF max = 0.7711685437173831
lambdaF min = 0.006028620769798677
lambdaB max = 0.7832966954033593
lambdaB min = 0.006028620769798677
----------------------------------
----------------------------------
Iteration = 16
Distance = 0.07447413356606081
v max = -1.0265029498049458
v min = -7.738138584867232
d max = 0.07611111111111112
d min = 0.07611111111111112
dF max = 0.07611111111111112
dB max = 0.07611111111111112
hk max = 0.010331966455186503
hk min = 0.010331966455186503
hz max = 0.0616109810603089
hz min = 0.026989271769812546
lambdaF max = 0.7734698734009913
lambdaF min = 0.006028620769798677
lambdaB max = 0.7856297373684401
lambdaB min = 0.006028620769798677
----------------------------------
----------------------------------
Iteration = 17
Distance = 0.06667594059987092
v max = -1.0849192683792268
v min = -7.804814525467103
d max = 0.07611111111111112
d min = 0.07611111111111112
dF max = 0.07611111111111112
dB max = 0.07611111111111112
hk max = 0.010331966455186503
hk min = 0.010331966455186503
hz max = 0.061714661310367486
hz min = 0.027007698087949877
lambdaF max = 0.7751386742837367
lambdaF min = 0.006028620769798677
lambdaB max = 0.7872997026146101
lambdaB min = 0.006028620769798677
----------------------------------
----------------------------------
Iteration = 18
Distance = 0.05988069314154121
v max = -1.138865715644788
v min = -7.864695218608644
d max = 0.07611111111111112
d min = 0.07611111111111112
dF max = 0.07611111111111112
dB max = 0.07611111111111112
hk max = 0.010331966455186503
hk min = 0.010331966455186503
hz max = 0.06178871901887516
hz min = 0.027021478778865477
lambdaF max = 0.7762252928094356
lambdaF min = 0.006028620769798677
lambdaB max = 0.7883722803387236
lambdaB min = 0.006028620769798677
----------------------------------
----------------------------------
Iteration = 19
Distance = 0.05391281703342532
v max = -1.1885721692840772
v min = -7.91860803564207
d max = 0.07611111111111112
d min = 0.07611111111111112
dF max = 0.07611111111111112
dB max = 0.07611111111111112
hk max = 0.010331966455186503
hk min = 0.010331966455186503
hz max = 0.061841627573042506
hz min = 0.027032245753259607
lambdaF max = 0.7768702054751803
lambdaF min = 0.006028620769798677
lambdaB max = 0.7890050107035887
lambdaB min = 0.006028620769798677
----------------------------------
----------------------------------
Iteration = 20
Distance = 0.048637145082241595
v max = -1.2342598908962468
v min = -7.967245180724311
d max = 0.07611111111111112
d min = 0.07611111111111112
dF max = 0.07611111111111112
dB max = 0.07611111111111112
hk max = 0.010331966455186503
hk min = 0.010331966455186503
hz max = 0.06187943529304002
hz min = 0.027040781510135916
lambdaF max = 0.7772573071707375
lambdaF min = 0.006028620769798677
lambdaB max = 0.7893908964547822
lambdaB min = 0.006028620769798677
----------------------------------
----------------------------------
Iteration = 21
Distance = 0.04394807514675758
v max = -1.2761385652782136
v min = -8.011193255871069
d max = 0.07611111111111112
d min = 0.07611111111111112
dF max = 0.07611111111111112
dB max = 0.07611111111111112
hk max = 0.010331966455186503
hk min = 0.010331966455186503
hz max = 0.06190645575171243
hz min = 0.027047023730881754
lambdaF max = 0.7775407486674024
lambdaF min = 0.006028620769798677
lambdaB max = 0.7896830977193363
lambdaB min = 0.006028620769798677
----------------------------------
----------------------------------
Iteration = 22
Distance = 0.03976179673287561
v max = -1.3144254513646592
v min = -8.050955052603944
d max = 0.07611111111111112
d min = 0.07611111111111112
dF max = 0.07611111111111112
dB max = 0.07611111111111112
hk max = 0.010331966455186503
hk min = 0.010331966455186503
hz max = 0.06192576535885445
hz min = 0.02705119383228647
lambdaF max = 0.7778000167626457
lambdaF min = 0.006028620769798677
lambdaB max = 0.7899542142074162
lambdaB min = 0.006028620769798677
----------------------------------
----------------------------------
Iteration = 23
Distance = 0.03601075579337376
v max = -1.349361120453936
v min = -8.086965808397318
d max = 0.07611111111111112
d min = 0.07611111111111112
dF max = 0.07611111111111112
dB max = 0.07611111111111112
hk max = 0.010331966455186503
hk min = 0.010331966455186503
hz max = 0.061939560865751066
hz min = 0.027053709873549853
lambdaF max = 0.7780431415745668
lambdaF min = 0.006028620769798677
lambdaB max = 0.7902055511746834
lambdaB min = 0.006028620769798677
----------------------------------
----------------------------------
Iteration = 24
Distance = 0.03263971606318172
v max = -1.3812066721965532
v min = -8.1196055244605
d max = 0.07611111111111112
d min = 0.07611111111111112
dF max = 0.07611111111111112
dB max = 0.07611111111111112
hk max = 0.010331966455186503
hk min = 0.010331966455186503
hz max = 0.06194941389296489
hz min = 0.027055230799285058
lambdaF max = 0.7782427855333631
lambdaF min = 0.006028620769798677
lambdaB max = 0.7904070647481773
lambdaB min = 0.006028620769798677
----------------------------------
----------------------------------
Iteration = 25
Distance = 0.02960292213032112
v max = -1.4102277258165363
v min = -8.149208446590821
d max = 0.07611111111111112
d min = 0.07611111111111112
dF max = 0.07611111111111112
dB max = 0.07611111111111112
hk max = 0.010331966455186503
hk min = 0.010331966455186503
hz max = 0.061956450373714625
hz min = 0.027056299146657976
lambdaF max = 0.7783754334413697
lambdaF min = 0.006028620769798677
lambdaB max = 0.7905368071791311
lambdaB min = 0.006028620769798677
----------------------------------
----------------------------------
Iteration = 26
Distance = 0.026862007651933695
v max = -1.4366754986683603
v min = -8.176070454242755
d max = 0.07611111111111112
d min = 0.07611111111111112
dF max = 0.07611111111111112
dB max = 0.07611111111111112
hk max = 0.010331966455186503
hk min = 0.010331966455186503
hz max = 0.06196147666861119
hz min = 0.0270572418488913
lambdaF max = 0.7784418591392722
lambdaF min = 0.006028620769798677
lambdaB max = 0.7905991400602403
lambdaB min = 0.006028620769798677
----------------------------------
----------------------------------
Iteration = 27
Distance = 0.024384416346530102
v max = -1.4607752580842477
v min = -8.200454870589285
d max = 0.07611111111111112
d min = 0.07611111111111112
dF max = 0.07611111111111112
dB max = 0.07611111111111112
hk max = 0.010331966455186503
hk min = 0.010331966455186503
hz max = 0.0619650689486478
hz min = 0.027058118293682848
lambdaF max = 0.778464663531369
lambdaF min = 0.006028620769798677
lambdaB max = 0.790619619833823
lambdaB min = 0.006028620769798677
----------------------------------
----------------------------------
Iteration = 28
Distance = 0.022142197136323816
v max = -1.4827255299628157
v min = -8.222597067725609
d max = 0.07611111111111112
d min = 0.07611111111111112
dF max = 0.07611111111111112
dB max = 0.07611111111111112
hk max = 0.010331966455186503
hk min = 0.010331966455186503
hz max = 0.061967637639606825
hz min = 0.027058851308520572
lambdaF max = 0.7784726218986543
lambdaF min = 0.006028620769798677
lambdaB max = 0.7906279219056602
lambdaB min = 0.006028620769798677
----------------------------------
----------------------------------
Iteration = 29
Distance = 0.020111090175563007
v max = -1.502704590015311
v min = -8.242708157901172
d max = 0.07611111111111112
d min = 0.07611111111111112
dF max = 0.07611111111111112
dB max = 0.07611111111111112
hk max = 0.010331966455186503
hk min = 0.010331966455186503
hz max = 0.06196947458293188
hz min = 0.02705935556397402
lambdaF max = 0.7784855308800567
lambdaF min = 0.006028620769798677
lambdaB max = 0.7906428899795425
lambdaB min = 0.006028620769798677
----------------------------------
----------------------------------
Iteration = 30
Distance = 0.018269843546612208
v max = -1.5208780773784816
v min = -8.260978001447784
d max = 0.07611111111111112
d min = 0.07611111111111112
dF max = 0.07611111111111112
dB max = 0.07611111111111112
hk max = 0.010331966455186503
hk min = 0.010331966455186503
hz max = 0.06197078757188045
hz min = 0.02705962435697251
lambdaF max = 0.7785082860117142
lambdaF min = 0.006028620769798677
lambdaB max = 0.7906677852669463
lambdaB min = 0.006028620769798677
----------------------------------
----------------------------------
Iteration = 31
Distance = 0.016599706180993934
v max = -1.537403284662994
v min = -8.277577707628778
d max = 0.07611111111111112
d min = 0.07611111111111112
dF max = 0.07611111111111112
dB max = 0.07611111111111112
hk max = 0.010331966455186503
hk min = 0.010331966455186503
hz max = 0.06197172520825634
hz min = 0.027059727758198013
lambdaF max = 0.7785346925898616
lambdaF min = 0.006028620769798677
lambdaB max = 0.7906952541489803
lambdaB min = 0.006028620769798677
----------------------------------
----------------------------------
Iteration = 32
Distance = 0.015084045908915655
v max = -1.5524291915921904
v min = -8.292661753537693
d max = 0.07611111111111112
d min = 0.07611111111111112
dF max = 0.07611111111111112
dB max = 0.07611111111111112
hk max = 0.010331966455186503
hk min = 0.010331966455186503
hz max = 0.061972394301100325
hz min = 0.02705976485220943
lambdaF max = 0.778555777329972
lambdaF min = 0.006028620769798677
lambdaB max = 0.7907161380290568
lambdaB min = 0.006028620769798677
----------------------------------
----------------------------------
Iteration = 33
Distance = 0.013708050160262886
v max = -1.5660940351072576
v min = -8.306369803697956
d max = 0.07611111111111112
d min = 0.07611111111111112
dF max = 0.07611111111111112
dB max = 0.07611111111111112
hk max = 0.010331966455186503
hk min = 0.010331966455186503
hz max = 0.06197287177794822
hz min = 0.027059809840083333
lambdaF max = 0.7785665494831738
lambdaF min = 0.006028620769798677
lambdaB max = 0.7907260170616605
lambdaB min = 0.006028620769798677
----------------------------------
----------------------------------
Iteration = 34
Distance = 0.012458480342422362
v max = -1.5785230681662814
v min = -8.318828284040379
d max = 0.07611111111111112
d min = 0.07611111111111112
dF max = 0.07611111111111112
dB max = 0.07611111111111112
hk max = 0.010331966455186503
hk min = 0.010331966455186503
hz max = 0.06197321286106668
hz min = 0.02705988692468311
lambdaF max = 0.7785680328738358
lambdaF min = 0.006028620769798677
lambdaB max = 0.7907266721895763
lambdaB min = 0.006028620769798677
----------------------------------
----------------------------------
Iteration = 35
Distance = 0.011323464532456029
v max = -1.5898281730685477
v min = -8.330151748572835
d max = 0.07611111111111112
d min = 0.07611111111111112
dF max = 0.07611111111111112
dB max = 0.07611111111111112
hk max = 0.010331966455186503
hk min = 0.010331966455186503
hz max = 0.06197345688566404
hz min = 0.02705997935822958
lambdaF max = 0.7785650822813183
lambdaF min = 0.006028620769798677
lambdaB max = 0.7907234174290083
lambdaB min = 0.006028620769798677
----------------------------------
----------------------------------
Iteration = 36
Distance = 0.010292322369025442
v max = -1.6001093934979245
v min = -8.34044407094186
d max = 0.07611111111111112
d min = 0.07611111111111112
dF max = 0.07611111111111112
dB max = 0.07611111111111112
hk max = 0.010331966455186503
hk min = 0.010331966455186503
hz max = 0.061973631652917825
hz min = 0.027060056773511126
lambdaF max = 0.7785626694886203
lambdaF min = 0.006028620769798677
lambdaB max = 0.7907212307567079
lambdaB min = 0.006028620769798677
----------------------------------
----------------------------------
Iteration = 37
Distance = 0.009355419478385585
v max = -1.6094573276221886
v min = -8.349799490420246
d max = 0.07611111111111112
d min = 0.07611111111111112
dF max = 0.07611111111111112
dB max = 0.07611111111111112
hk max = 0.010331966455186503
hk min = 0.010331966455186503
hz max = 0.06197375677231581
hz min = 0.027060099855405598
lambdaF max = 0.7785632687453221
lambdaF min = 0.006028620769798677
lambdaB max = 0.7907222900191782
lambdaB min = 0.006028620769798677
----------------------------------
----------------------------------
Iteration = 38
Distance = 0.00850404807397176
v max = -1.6179551827939966
v min = -8.358303538494217
d max = 0.07611111111111112
d min = 0.07611111111111112
dF max = 0.07611111111111112
dB max = 0.07611111111111112
hk max = 0.010331966455186503
hk min = 0.010331966455186503
hz max = 0.061973846175988376
hz min = 0.02706010955413857
lambdaF max = 0.7785664616771761
lambdaF min = 0.006028620769798677
lambdaB max = 0.7907258468208854
lambdaB min = 0.006028620769798677
----------------------------------
----------------------------------
Iteration = 39
Distance = 0.007730328494847782
v max = -1.6256798571323754
v min = -8.366033866989065
d max = 0.07611111111111112
d min = 0.07611111111111112
dF max = 0.07611111111111112
dB max = 0.07611111111111112
hk max = 0.010331966455186503
hk min = 0.010331966455186503
hz max = 0.06197390990046068
hz min = 0.027060101333232185
lambdaF max = 0.7785702528963807
lambdaF min = 0.006028620769798677
lambdaB max = 0.7907297390449992
lambdaB min = 0.006028620769798677
----------------------------------
----------------------------------
Iteration = 40
Distance = 0.007027125696099645
v max = -1.6327021459814974
v min = -8.373060992685165
d max = 0.07611111111111112
d min = 0.07611111111111112
dF max = 0.07611111111111112
dB max = 0.07611111111111112
hk max = 0.010331966455186503
hk min = 0.010331966455186503
hz max = 0.061973955259910694
hz min = 0.02706009271778351
lambdaF max = 0.7785727950044686
lambdaF min = 0.006028620769798677
lambdaB max = 0.7907321547120478
lambdaB min = 0.006028620769798677
----------------------------------
----------------------------------
Iteration = 41
Distance = 0.006387975734842399
v max = -1.6390866009890164
v min = -8.379448968420007
d max = 0.07611111111111112
d min = 0.07611111111111112
dF max = 0.07611111111111112
dB max = 0.07611111111111112
hk max = 0.010331966455186503
hk min = 0.010331966455186503
hz max = 0.06197398758399865
hz min = 0.02706009359133077
lambdaF max = 0.7785734274369049
lambdaF min = 0.006028620769798677
lambdaB max = 0.7907325831830769
lambdaB min = 0.006028620769798677
----------------------------------
----------------------------------
Iteration = 42
Distance = 0.005807019376865341
v max = -1.6448915611410728
v min = -8.385255987796873
d max = 0.07611111111111112
d min = 0.07611111111111112
dF max = 0.07611111111111112
dB max = 0.07611111111111112
hk max = 0.010331966455186503
hk min = 0.010331966455186503
hz max = 0.06197401070049786
hz min = 0.027060103783819404
lambdaF max = 0.7785726847596199
lambdaF min = 0.006028620769798677
lambdaB max = 0.7907317011071628
lambdaB min = 0.006028620769798677
----------------------------------
----------------------------------
Iteration = 43
Distance = 0.005278941889622857
v max = -1.650169577721496
v min = -8.390534929686496
d max = 0.07611111111111112
d min = 0.07611111111111112
dF max = 0.07611111111111112
dB max = 0.07611111111111112
hk max = 0.010331966455186503
hk min = 0.010331966455186503
hz max = 0.061974027297628284
hz min = 0.027060116964297335
lambdaF max = 0.7785716216495377
lambdaF min = 0.006028620769798677
lambdaB max = 0.790730620637116
lambdaB min = 0.006028620769798677
----------------------------------
----------------------------------
Iteration = 44
Distance = 0.00479891908534924
v max = -1.6549681353664016
v min = -8.395333848771845
d max = 0.07611111111111112
d min = 0.07611111111111112
dF max = 0.07611111111111112
dB max = 0.07611111111111112
hk max = 0.010331966455186503
hk min = 0.010331966455186503
hz max = 0.06197403923162403
hz min = 0.027060126545487506
lambdaF max = 0.7785710663538548
lambdaF min = 0.006028620769798677
lambdaB max = 0.7907301393759046
lambdaB min = 0.006028620769798677
----------------------------------
----------------------------------
Iteration = 45
Distance = 0.004362569669044802
v max = -1.6593304155415525
v min = -8.39969641844089
d max = 0.07611111111111112
d min = 0.07611111111111112
dF max = 0.07611111111111112
dB max = 0.07611111111111112
hk max = 0.010331966455186503
hk min = 0.010331966455186503
hz max = 0.06197404778872439
hz min = 0.027060129665711738
lambdaF max = 0.778571247313886
lambdaF min = 0.006028620769798677
lambdaB max = 0.7907304140133246
lambdaB min = 0.006028620769798677
----------------------------------
----------------------------------
Iteration = 46
Distance = 0.00396591340718544
v max = -1.6632958892242937
v min = -8.403662331848075
d max = 0.07611111111111112
d min = 0.07611111111111112
dF max = 0.07611111111111112
dB max = 0.07611111111111112
hk max = 0.010331966455186503
hk min = 0.010331966455186503
hz max = 0.06197405388657541
hz min = 0.027060127679211177
lambdaF max = 0.7785718778603868
lambdaF min = 0.006028620769798677
lambdaB max = 0.7907310991767871
lambdaB min = 0.006028620769798677
----------------------------------
----------------------------------
Iteration = 47
Distance = 0.003605334141031591
v max = -1.6669006732464586
v min = -8.407267665989107
d max = 0.07611111111111112
d min = 0.07611111111111112
dF max = 0.07611111111111112
dB max = 0.07611111111111112
hk max = 0.010331966455186503
hk min = 0.010331966455186503
hz max = 0.06197405820587067
hz min = 0.027060124080859147
lambdaF max = 0.7785724980633161
lambdaF min = 0.006028620769798677
lambdaB max = 0.7907317178244815
lambdaB min = 0.006028620769798677
----------------------------------
----------------------------------
Iteration = 48
Distance = 0.003277547106728118
v max = -1.670177720971178
v min = -8.410545212548348
d max = 0.07611111111111112
d min = 0.07611111111111112
dF max = 0.07611111111111112
dB max = 0.07611111111111112
hk max = 0.010331966455186503
hk min = 0.010331966455186503
hz max = 0.06197406126147145
hz min = 0.027060121900331503
lambdaF max = 0.7785727961850065
lambdaF min = 0.006028620769798677
lambdaB max = 0.7907319782819241
lambdaB min = 0.006028620769798677
----------------------------------
----------------------------------
Iteration = 49
Distance = 0.0029796072851433486
v max = -1.6731569701299291
v min = -8.413524778455034
d max = 0.07611111111111112
d min = 0.07611111111111112
dF max = 0.07611111111111112
dB max = 0.07611111111111112
hk max = 0.010331966455186503
hk min = 0.010331966455186503
hz max = 0.061974063436111455
hz min = 0.02706012221565809
lambdaF max = 0.7785727370627057
lambdaF min = 0.006028620769798677
lambdaB max = 0.7907318788531973
lambdaB min = 0.006028620769798677
----------------------------------
----------------------------------
Iteration = 50
Distance = 0.002708734587577588
v max = -1.6758655377525093
v min = -8.416233458665658
d max = 0.07611111111111112
d min = 0.07611111111111112
dF max = 0.07611111111111112
dB max = 0.07611111111111112
hk max = 0.010331966455186503
hk min = 0.010331966455186503
hz max = 0.06197406500073718
hz min = 0.02706012424641531
lambdaF max = 0.7785724910663793
lambdaF min = 0.006028620769798677
lambdaB max = 0.790731613511131
lambdaB min = 0.006028620769798677
----------------------------------
----------------------------------
Iteration = 51
Distance = 0.0024624786827422973
v max = -1.6783279812314837
v min = -8.418695883578884
d max = 0.07611111111111112
d min = 0.07611111111111112
dF max = 0.07611111111111112
dB max = 0.07611111111111112
hk max = 0.010331966455186503
hk min = 0.010331966455186503
hz max = 0.06197406613636848
hz min = 0.027060126446100764
lambdaF max = 0.7785722710765907
lambdaF min = 0.006028620769798677
lambdaB max = 0.7907313989868203
lambdaB min = 0.006028620769798677
----------------------------------
----------------------------------
Iteration = 52
Distance = 0.002238606914385599
v max = -1.6805665881458693
v min = -8.420934443476446
d max = 0.07611111111111112
d min = 0.07611111111111112
dF max = 0.07611111111111112
dB max = 0.07611111111111112
hk max = 0.010331966455186503
hk min = 0.010331966455186503
hz max = 0.06197406696014286
hz min = 0.02706012764702431
lambdaF max = 0.778572200132969
lambdaF min = 0.006028620769798677
lambdaB max = 0.7907313469367866
lambdaB min = 0.006028620769798677
----------------------------------
----------------------------------
Iteration = 53
Distance = 0.002035054021120253
v max = -1.6826016421669896
v min = -8.422969492296666
d max = 0.07611111111111112
d min = 0.07611111111111112
dF max = 0.07611111111111112
dB max = 0.07611111111111112
hk max = 0.010331966455186503
hk min = 0.010331966455186503
hz max = 0.06197406755065259
hz min = 0.027060127600795156
lambdaF max = 0.7785722737475612
lambdaF min = 0.006028620769798677
lambdaB max = 0.7907314377873353
lambdaB min = 0.006028620769798677
----------------------------------
----------------------------------
Iteration = 54
Distance = 0.0018500405370271977
v max = -1.6844516327872867
v min = -8.424819532833693
d max = 0.07611111111111112
d min = 0.07611111111111112
dF max = 0.07611111111111112
dB max = 0.07611111111111112
hk max = 0.010331966455186503
hk min = 0.010331966455186503
hz max = 0.061974067966521516
hz min = 0.027060126817084435
lambdaF max = 0.778572406163899
lambdaF min = 0.006028620769798677
lambdaB max = 0.7907315767062992
lambdaB min = 0.006028620769798677
----------------------------------
----------------------------------
Iteration = 55
Distance = 0.0016818692457301054
v max = -1.6861334091747755
v min = -8.42650138516451
d max = 0.07611111111111112
d min = 0.07611111111111112
dF max = 0.07611111111111112
dB max = 0.07611111111111112
hk max = 0.010331966455186503
hk min = 0.010331966455186503
hz max = 0.06197406825574177
hz min = 0.02706012602905959
lambdaF max = 0.7785725063674913
lambdaF min = 0.006028620769798677
lambdaB max = 0.7907316726767515
lambdaB min = 0.006028620769798677
----------------------------------
----------------------------------
Iteration = 56
Distance = 0.001528979393635943
v max = -1.6876623007300267
v min = -8.428030339827828
d max = 0.07611111111111112
d min = 0.07611111111111112
dF max = 0.07611111111111112
dB max = 0.07611111111111112
hk max = 0.010331966455186503
hk min = 0.010331966455186503
hz max = 0.06197406845768526
hz min = 0.02706012571198496
lambdaF max = 0.778572531245697
lambdaF min = 0.006028620769798677
lambdaB max = 0.7907316885981956
lambdaB min = 0.006028620769798677
----------------------------------
----------------------------------
Iteration = 57
Distance = 0.0013899830357910758
v max = -1.6890522298224044
v min = -8.42942029707634
d max = 0.07611111111111112
d min = 0.07611111111111112
dF max = 0.07611111111111112
dB max = 0.07611111111111112
hk max = 0.010331966455186503
hk min = 0.010331966455186503
hz max = 0.06197406860204279
hz min = 0.027060125907481084
lambdaF max = 0.7785724938453399
lambdaF min = 0.006028620769798677
lambdaB max = 0.7907316441446524
lambdaB min = 0.006028620769798677
----------------------------------
----------------------------------
Iteration = 58
Distance = 0.0012636200253726138
v max = -1.6903158305512742
v min = -8.430683893406194
d max = 0.07611111111111112
d min = 0.07611111111111112
dF max = 0.07611111111111112
dB max = 0.07611111111111112
hk max = 0.010331966455186503
hk min = 0.010331966455186503
hz max = 0.06197406870839241
hz min = 0.02706012634919515
lambdaF max = 0.7785724372823192
lambdaF min = 0.006028620769798677
lambdaB max = 0.7907315857523088
lambdaB min = 0.006028620769798677
----------------------------------
----------------------------------
Iteration = 59
Distance = 0.0011487435591255313
v max = -1.6914645725787085
v min = -8.431832616499516
d max = 0.07611111111111112
d min = 0.07611111111111112
dF max = 0.07611111111111112
dB max = 0.07611111111111112
hk max = 0.010331966455186503
hk min = 0.010331966455186503
hz max = 0.061974068787861845
hz min = 0.027060126717970374
lambdaF max = 0.7785724005457826
lambdaF min = 0.006028620769798677
lambdaB max = 0.7907315516786493
lambdaB min = 0.006028620769798677
----------------------------------
----------------------------------
Iteration = 60
Distance = 0.0010443078407103012
v max = -1.6925088804194188
v min = -8.432876909656898
d max = 0.07611111111111112
d min = 0.07611111111111112
dF max = 0.07611111111111112
dB max = 0.07611111111111112
hk max = 0.010331966455186503
hk min = 0.010331966455186503
hz max = 0.061974068846366304
hz min = 0.027060126839953024
lambdaF max = 0.7785723981202731
lambdaF min = 0.006028620769798677
lambdaB max = 0.7907315534031016
lambdaB min = 0.006028620769798677
----------------------------------
----------------------------------
Iteration = 61
Distance = 0.0009493583619299972
v max = -1.6934582387813488
v min = -8.433826266717418
d max = 0.07611111111111112
d min = 0.07611111111111112
dF max = 0.07611111111111112
dB max = 0.07611111111111112
hk max = 0.010331966455186503
hk min = 0.010331966455186503
hz max = 0.06197406888775434
hz min = 0.027060126735977755
lambdaF max = 0.7785724201993052
lambdaF min = 0.006028620769798677
lambdaB max = 0.7907315782932374
lambdaB min = 0.006028620769798677
----------------------------------
----------------------------------
Iteration = 62
Distance = 0.000863055553049108
v max = -1.6943212804668566
v min = -8.43468931836365
d max = 0.07611111111111112
d min = 0.07611111111111112
dF max = 0.07611111111111112
dB max = 0.07611111111111112
hk max = 0.010331966455186503
hk min = 0.010331966455186503
hz max = 0.06197406891573673
hz min = 0.027060126544857753
lambdaF max = 0.7785724464279261
lambdaF min = 0.006028620769798677
lambdaB max = 0.7907316048716512
lambdaB min = 0.006028620769798677
----------------------------------
----------------------------------
Iteration = 63
Distance = 0.0007845985742163109
v max = -1.6951058596808335
v min = -8.435473910605266
d max = 0.07611111111111112
d min = 0.07611111111111112
dF max = 0.07611111111111112
dB max = 0.07611111111111112
hk max = 0.010331966455186503
hk min = 0.010331966455186503
hz max = 0.06197406893425388
hz min = 0.027060126406207603
lambdaF max = 0.7785724609090529
lambdaF min = 0.006028620769798677
lambdaB max = 0.7907316178771572
lambdaB min = 0.006028620769798677
----------------------------------
----------------------------------
Iteration = 64
Distance = 0.00071327234314289
v max = -1.6958191166127272
v min = -8.436187176142337
d max = 0.07611111111111112
d min = 0.07611111111111112
dF max = 0.07611111111111112
dB max = 0.07611111111111112
hk max = 0.010331966455186503
hk min = 0.010331966455186503
hz max = 0.06197406894690176
hz min = 0.027060126382240823
lambdaF max = 0.7785724596369572
lambdaF min = 0.006028620769798677
lambdaB max = 0.7907316147482857
lambdaB min = 0.006028620769798677
----------------------------------
----------------------------------
Iteration = 65
Distance = 0.0006484294694968362
v max = -1.6964675382520717
v min = -8.436835599239187
d max = 0.07611111111111112
d min = 0.07611111111111112
dF max = 0.07611111111111112
dB max = 0.07611111111111112
hk max = 0.010331966455186503
hk min = 0.010331966455186503
hz max = 0.06197406895628892
hz min = 0.02706012644924953
lambdaF max = 0.7785724487475014
lambdaF min = 0.006028620769798677
lambdaB max = 0.7907316027914332
lambdaB min = 0.006028620769798677
----------------------------------
----------------------------------
Iteration = 66
Distance = 0.0005894810170925524
v max = -1.697057017361709
v min = -8.437425074687384
d max = 0.07611111111111112
d min = 0.07611111111111112
dF max = 0.07611111111111112
dB max = 0.07611111111111112
hk max = 0.010331966455186503
hk min = 0.010331966455186503
hz max = 0.061974068963761
hz min = 0.027060126540070024
lambdaF max = 0.7785724376680346
lambdaF min = 0.006028620769798677
lambdaB max = 0.7907315917665139
lambdaB min = 0.006028620769798677
----------------------------------
----------------------------------
Iteration = 67
Distance = 0.0005358913976891699
v max = -1.6975929087583894
v min = -8.437960961394136
d max = 0.07611111111111112
d min = 0.07611111111111112
dF max = 0.07611111111111112
dB max = 0.07611111111111112
hk max = 0.010331966455186503
hk min = 0.010331966455186503
hz max = 0.06197406896970835
hz min = 0.02706012659653539
lambdaF max = 0.7785724327294595
lambdaF min = 0.006028620769798677
lambdaB max = 0.7907315875957296
lambdaB min = 0.006028620769798677
----------------------------------
----------------------------------
Iteration = 68
Distance = 0.00048717221727079263
v max = -1.6980800809756602
v min = -8.43844813109138
d max = 0.07611111111111112
d min = 0.07611111111111112
dF max = 0.07611111111111112
dB max = 0.07611111111111112
hk max = 0.010331966455186503
hk min = 0.010331966455186503
hz max = 0.061974068974135564
hz min = 0.027060126599143385
lambdaF max = 0.7785724346677795
lambdaF min = 0.006028620769798677
lambdaB max = 0.7907315903440236
lambdaB min = 0.006028620769798677
----------------------------------
----------------------------------
Iteration = 69
Distance = 0.0004428820981363657
v max = -1.6985229620123956
v min = -8.438891012617216
d max = 0.07611111111111112
d min = 0.07611111111111112
dF max = 0.07611111111111112
dB max = 0.07611111111111112
hk max = 0.010331966455186503
hk min = 0.010331966455186503
hz max = 0.0619740689770702
hz min = 0.027060126565008127
lambdaF max = 0.7785724401035714
lambdaF min = 0.006028620769798677
lambdaB max = 0.7907315961639362
lambdaB min = 0.006028620769798677
----------------------------------
----------------------------------
Iteration = 70
Distance = 0.0004026208171694634
v max = -1.69892557925038
v min = -8.439293632177058
d max = 0.07611111111111112
d min = 0.07611111111111112
dF max = 0.07611111111111112
dB max = 0.07611111111111112
hk max = 0.010331966455186503
hk min = 0.010331966455186503
hz max = 0.06197406897881996
hz min = 0.027060126525957125
lambdaF max = 0.7785724448289497
lambdaF min = 0.006028620769798677
lambdaB max = 0.790731600776001
lambdaB min = 0.006028620769798677
----------------------------------
----------------------------------
Iteration = 71
Distance = 0.00036601930166479946
v max = -1.699291594707931
v min = -8.439659649949895
d max = 0.07611111111111112
d min = 0.07611111111111112
dF max = 0.07611111111111112
dB max = 0.07611111111111112
hk max = 0.010331966455186503
hk min = 0.010331966455186503
hz max = 0.061974068979821134
hz min = 0.027060126505749342
lambdaF max = 0.7785724464485497
lambdaF min = 0.006028620769798677
lambdaB max = 0.7907316020163523
lambdaB min = 0.006028620769798677
----------------------------------
----------------------------------
Iteration = 72
Distance = 0.0003327449227277235
v max = -1.6996243370562092
v min = -8.439992393368792
d max = 0.07611111111111112
d min = 0.07611111111111112
dF max = 0.07611111111111112
dB max = 0.07611111111111112
hk max = 0.010331966455186503
hk min = 0.010331966455186503
hz max = 0.061974068980500834
hz min = 0.027060126509506045
lambdaF max = 0.7785724451124953
lambdaF min = 0.006028620769798677
lambdaB max = 0.7907316003375374
lambdaB min = 0.006028620769798677
----------------------------------
----------------------------------
Iteration = 73
Distance = 0.00030249535492021806
v max = -1.6999268313749876
v min = -8.440294887374556
d max = 0.07611111111111112
d min = 0.07611111111111112
dF max = 0.07611111111111112
dB max = 0.07611111111111112
hk max = 0.010331966455186503
hk min = 0.010331966455186503
hz max = 0.061974068981111644
hz min = 0.027060126527137983
lambdaF max = 0.7785724425745355
lambdaF min = 0.006028620769798677
lambdaB max = 0.7907315976731764
lambdaB min = 0.006028620769798677
----------------------------------
----------------------------------
Iteration = 74
Distance = 0.00027499569523525835
v max = -1.7002018269414283
v min = -8.440569881916234
d max = 0.07611111111111112
d min = 0.07611111111111112
dF max = 0.07611111111111112
dB max = 0.07611111111111112
hk max = 0.010331966455186503
hk min = 0.010331966455186503
hz max = 0.06197406898170408
hz min = 0.02706012654415452
lambdaF max = 0.7785724406683533
lambdaF min = 0.006028620769798677
lambdaB max = 0.7907315958549482
lambdaB min = 0.006028620769798677
----------------------------------
----------------------------------
Iteration = 75
Distance = 0.00024999593356800354
v max = -1.7004518228749963
v min = -8.440819876949115
d max = 0.07611111111111112
d min = 0.07611111111111112
dF max = 0.07611111111111112
dB max = 0.07611111111111112
hk max = 0.010331966455186503
hk min = 0.010331966455186503
hz max = 0.06197406898222763
hz min = 0.027060126551275838
lambdaF max = 0.778572440253252
lambdaF min = 0.006028620769798677
lambdaB max = 0.79073159562043
lambdaB min = 0.006028620769798677
----------------------------------
----------------------------------
Iteration = 76
Distance = 0.00022726850869303483
v max = -1.7006790913836893
v min = -8.44104714515937
d max = 0.07611111111111112
d min = 0.07611111111111112
dF max = 0.07611111111111112
dB max = 0.07611111111111112
hk max = 0.010331966455186503
hk min = 0.010331966455186503
hz max = 0.06197406898259963
hz min = 0.027060126547885963
lambdaF max = 0.778572441061439
lambdaF min = 0.006028620769798677
lambdaB max = 0.7907315965694216
lambdaB min = 0.006028620769798677
----------------------------------
----------------------------------
Iteration = 77
Distance = 0.00020660766459101865
v max = -1.7008856985692582
v min = -8.441253752623627
d max = 0.07611111111111112
d min = 0.07611111111111112
dF max = 0.07611111111111112
dB max = 0.07611111111111112
hk max = 0.010331966455186503
hk min = 0.010331966455186503
hz max = 0.06197406898279711
hz min = 0.027060126539460935
lambdaF max = 0.7785724422288972
lambdaF min = 0.006028620769798677
lambdaB max = 0.7907315977723958
lambdaB min = 0.006028620769798677
----------------------------------
----------------------------------
Iteration = 78
Distance = 0.0001878252781786216
v max = -1.7010735230246599
v min = -8.441441577591528
d max = 0.07611111111111112
d min = 0.07611111111111112
dF max = 0.07611111111111112
dB max = 0.07611111111111112
hk max = 0.010331966455186503
hk min = 0.010331966455186503
hz max = 0.06197406898287059
hz min = 0.027060126532442375
lambdaF max = 0.7785724429812226
lambdaF min = 0.006028620769798677
lambdaB max = 0.7907315984705067
lambdaB min = 0.006028620769798677
----------------------------------
----------------------------------
Iteration = 79
Distance = 0.00017075030241464617
v max = -1.7012442726094195
v min = -8.441612327561861
d max = 0.07611111111111112
d min = 0.07611111111111112
dF max = 0.07611111111111112
dB max = 0.07611111111111112
hk max = 0.010331966455186503
hk min = 0.010331966455186503
hz max = 0.061974068982884364
hz min = 0.027060126530305692
lambdaF max = 0.7785724430376217
lambdaF min = 0.006028620769798677
lambdaB max = 0.7907315984437
lambdaB min = 0.006028620769798677
----------------------------------
----------------------------------
Iteration = 80
Distance = 0.0001552275552940685
v max = -1.7013994997646507
v min = -8.441767554806315
d max = 0.07611111111111112
d min = 0.07611111111111112
dF max = 0.07611111111111112
dB max = 0.07611111111111112
hk max = 0.010331966455186503
hk min = 0.010331966455186503
hz max = 0.061974068982907325
hz min = 0.027060126532610577
lambdaF max = 0.7785724426020233
lambdaF min = 0.006028620769798677
lambdaB max = 0.790731597952351
lambdaB min = 0.006028620769798677
----------------------------------
----------------------------------
Iteration = 81
Distance = 0.00014111594714805165
v max = -1.7015406155943
v min = -8.441908670481626
d max = 0.07611111111111112
d min = 0.07611111111111112
dF max = 0.07611111111111112
dB max = 0.07611111111111112
hk max = 0.010331966455186503
hk min = 0.010331966455186503
hz max = 0.06197406898295785
hz min = 0.027060126536573373
lambdaF max = 0.7785724420851949
lambdaF min = 0.006028620769798677
lambdaB max = 0.7907315974291952
lambdaB min = 0.006028620769798677
----------------------------------
----------------------------------
Iteration = 82
Distance = 0.00012828720586210984
v max = -1.7016689027980278
v min = -8.442036957458185
d max = 0.07611111111111112
d min = 0.07611111111111112
dF max = 0.07611111111111112
dB max = 0.07611111111111112
hk max = 0.010331966455186503
hk min = 0.010331966455186503
hz max = 0.06197406898302214
hz min = 0.027060126539418455
lambdaF max = 0.7785724418046543
lambdaF min = 0.006028620769798677
lambdaB max = 0.7907315971785994
lambdaB min = 0.006028620769798677
----------------------------------
----------------------------------
Iteration = 83
Distance = 0.00011662467046158476
v max = -1.7017855274684894
v min = -8.442153581982012
d max = 0.07611111111111112
d min = 0.07611111111111112
dF max = 0.07611111111111112
dB max = 0.07611111111111112
hk max = 0.010331966455186503
hk min = 0.010331966455186503
hz max = 0.06197406898307725
hz min = 0.027060126539930524
lambdaF max = 0.7785724418382471
lambdaF min = 0.006028620769798677
lambdaB max = 0.7907315972494295
lambdaB min = 0.006028620769798677
----------------------------------
----------------------------------
Iteration = 84
Distance = 0.00010602231873235723
v max = -1.7018915497730993
v min = -8.44225960427659
d max = 0.07611111111111112
d min = 0.07611111111111112
dF max = 0.07611111111111112
dB max = 0.07611111111111112
hk max = 0.010331966455186503
hk min = 0.010331966455186503
hz max = 0.0619740689831094
hz min = 0.027060126538613612
lambdaF max = 0.7785724420612815
lambdaF min = 0.006028620769798677
lambdaB max = 0.7907315974936638
lambdaB min = 0.006028620769798677
----------------------------------
----------------------------------
Iteration = 85
Distance = 9.638395911171216e-5
v max = -1.7019879335907686
v min = -8.442355988181085
d max = 0.07611111111111112
d min = 0.07611111111111112
dF max = 0.07611111111111112
dB max = 0.07611111111111112
hk max = 0.010331966455186503
hk min = 0.010331966455186503
hz max = 0.06197406898311859
hz min = 0.027060126536823666
lambdaF max = 0.7785724422849167
lambdaF min = 0.006028620769798677
lambdaB max = 0.7907315977159339
lambdaB min = 0.006028620769798677
----------------------------------
----------------------------------
Iteration = 86
Distance = 8.76218007448415e-5
v max = -1.7020755552194518
v min = -8.442443609912608
d max = 0.07611111111111112
d min = 0.07611111111111112
dF max = 0.07611111111111112
dB max = 0.07611111111111112
hk max = 0.010331966455186503
hk min = 0.010331966455186503
hz max = 0.06197406898311399
hz min = 0.027060126535727196
lambdaF max = 0.7785724423836071
lambdaF min = 0.006028620769798677
lambdaB max = 0.7907315977991073
lambdaB min = 0.006028620769798677
----------------------------------
----------------------------------
Iteration = 87
Distance = 7.965618859762102e-5
v max = -1.7021552112827742
v min = -8.442523266032097
d max = 0.07611111111111112
d min = 0.07611111111111112
dF max = 0.07611111111111112
dB max = 0.07611111111111112
hk max = 0.010331966455186503
hk min = 0.010331966455186503
hz max = 0.061974068983104806
hz min = 0.02706012653570366
lambdaF max = 0.7785724423442891
lambdaF min = 0.006028620769798677
lambdaB max = 0.7907315977435951
lambdaB min = 0.006028620769798677
----------------------------------
----------------------------------
Iteration = 88
Distance = 7.24147163606581e-5
v max = -1.7022276259426088
v min = -8.442595680685933
d max = 0.07611111111111112
d min = 0.07611111111111112
dF max = 0.07611111111111112
dB max = 0.07611111111111112
hk max = 0.010331966455186503
hk min = 0.010331966455186503
hz max = 0.06197406898310021
hz min = 0.02706012653640632
lambdaF max = 0.7785724422356347
lambdaF min = 0.006028620769798677
lambdaB max = 0.7907315976273804
lambdaB min = 0.006028620769798677
----------------------------------
----------------------------------
Iteration = 89
Distance = 6.583155696704424e-5
v max = -1.7022934574894955
v min = -8.4426615121892
d max = 0.07611111111111112
d min = 0.07611111111111112
dF max = 0.07611111111111112
dB max = 0.07611111111111112
hk max = 0.010331966455186503
hk min = 0.010331966455186503
hz max = 0.0619740689831094
hz min = 0.027060126537196808
lambdaF max = 0.778572442141942
lambdaF min = 0.006028620769798677
lambdaB max = 0.7907315975360735
lambdaB min = 0.006028620769798677
----------------------------------
----------------------------------
Iteration = 90
Distance = 5.984686498994307e-5
v max = -1.7023533043544854
v min = -8.44272135901024
d max = 0.07611111111111112
d min = 0.07611111111111112
dF max = 0.07611111111111112
dB max = 0.07611111111111112
hk max = 0.010331966455186503
hk min = 0.010331966455186503
hz max = 0.06197406898311859
hz min = 0.02706012653760153
lambdaF max = 0.7785724421107533
lambdaF min = 0.006028620769798677
lambdaB max = 0.7907315975125583
lambdaB min = 0.006028620769798677
----------------------------------
----------------------------------
Iteration = 91
Distance = 5.440622038133114e-5
v max = -1.7024077105748667
v min = -8.442775765211197
d max = 0.07611111111111112
d min = 0.07611111111111112
dF max = 0.07611111111111112
dB max = 0.07611111111111112
hk max = 0.010331966455186503
hk min = 0.010331966455186503
hz max = 0.06197406898312777
hz min = 0.0270601265375246
lambdaF max = 0.7785724421384626
lambdaF min = 0.006028620769798677
lambdaB max = 0.7907315975471505
lambdaB min = 0.006028620769798677
----------------------------------
----------------------------------
Iteration = 92
Distance = 4.946019068619023e-5
v max = -1.7024571707498595
v min = -8.44282522539397
d max = 0.07611111111111112
d min = 0.07611111111111112
dF max = 0.07611111111111112
dB max = 0.07611111111111112
hk max = 0.010331966455186503
hk min = 0.010331966455186503
hz max = 0.06197406898312777
hz min = 0.027060126537172127
lambdaF max = 0.7785724421897056
lambdaF min = 0.006028620769798677
lambdaB max = 0.7907315976008271
lambdaB min = 0.006028620769798677
----------------------------------
----------------------------------
Iteration = 93
Distance = 4.4963815899023984e-5
v max = -1.702502134530961
v min = -8.44287018919656
d max = 0.07611111111111112
d min = 0.07611111111111112
dF max = 0.07611111111111112
dB max = 0.07611111111111112
hk max = 0.010331966455186503
hk min = 0.010331966455186503
hz max = 0.06197406898312318
hz min = 0.027060126536833998
lambdaF max = 0.7785724422277586
lambdaF min = 0.006028620769798677
lambdaB max = 0.7907315976370967
lambdaB min = 0.006028620769798677
----------------------------------
----------------------------------
Iteration = 94
Distance = 4.087619898829331e-5
v max = -1.7025430106966002
v min = -8.44291106538076
d max = 0.07611111111111112
d min = 0.07611111111111112
dF max = 0.07611111111111112
dB max = 0.07611111111111112
hk max = 0.010331966455186503
hk min = 0.010331966455186503
hz max = 0.06197406898312318
hz min = 0.027060126536696223
lambdaF max = 0.7785724422357927
lambdaF min = 0.006028620769798677
lambdaB max = 0.7907315976415276
lambdaB min = 0.006028620769798677
----------------------------------
----------------------------------
Iteration = 95
Distance = 3.716018149635403e-5
v max = -1.7025801708577863
v min = -8.442948225548193
d max = 0.07611111111111112
d min = 0.07611111111111112
dF max = 0.07611111111111112
dB max = 0.07611111111111112
hk max = 0.010331966455186503
hk min = 0.010331966455186503
hz max = 0.06197406898312318
hz min = 0.027060126536767405
lambdaF max = 0.778572442219471
lambdaF min = 0.006028620769798677
lambdaB max = 0.7907315976223483
lambdaB min = 0.006028620769798677
----------------------------------
----------------------------------
Iteration = 96
Distance = 3.378198275028055e-5
v max = -1.702613952833529
v min = -8.442982007518529
d max = 0.07611111111111112
d min = 0.07611111111111112
dF max = 0.07611111111111112
dB max = 0.07611111111111112
hk max = 0.010331966455186503
hk min = 0.010331966455186503
hz max = 0.06197406898312318
hz min = 0.027060126536937904
lambdaF max = 0.7785724421960953
lambdaF min = 0.006028620769798677
lambdaB max = 0.7907315975982637
lambdaB min = 0.006028620769798677
----------------------------------
----------------------------------
Iteration = 97
Distance = 3.071089260853199e-5
v max = -1.702644663725704
v min = -8.443012718400633
d max = 0.07611111111111112
d min = 0.07611111111111112
dF max = 0.07611111111111112
dB max = 0.07611111111111112
hk max = 0.010331966455186503
hk min = 0.010331966455186503
hz max = 0.06197406898312318
hz min = 0.027060126537077976
lambdaF max = 0.7785724421811651
lambdaF min = 0.006028620769798677
lambdaB max = 0.790731597584433
lambdaB min = 0.006028620769798677
----------------------------------
----------------------------------
Iteration = 98
Distance = 2.79189912313349e-5
v max = -1.7026725827169353
v min = -8.44304063738434
d max = 0.07611111111111112
d min = 0.07611111111111112
dF max = 0.07611111111111112
dB max = 0.07611111111111112
hk max = 0.010331966455186503
hk min = 0.010331966455186503
hz max = 0.06197406898312777
hz min = 0.02706012653712046
lambdaF max = 0.7785724421802163
lambdaF min = 0.006028620769798677
lambdaB max = 0.7907315975851608
lambdaB min = 0.006028620769798677
----------------------------------
----------------------------------
Iteration = 99
Distance = 2.5380895886106813e-5
v max = -1.7026979636128214
v min = -8.443066018278634
d max = 0.07611111111111112
d min = 0.07611111111111112
dF max = 0.07611111111111112
dB max = 0.07611111111111112
hk max = 0.010331966455186503
hk min = 0.010331966455186503
hz max = 0.06197406898312777
hz min = 0.027060126537073386
lambdaF max = 0.7785724421890731
lambdaF min = 0.006028620769798677
lambdaB max = 0.7907315975951936
lambdaB min = 0.006028620769798677
----------------------------------
----------------------------------
Iteration = 100
Distance = 2.307354249975191e-5
v max = -1.7027210371498818
v min = -8.44308909181892
d max = 0.07611111111111112
d min = 0.07611111111111112
dF max = 0.07611111111111112
dB max = 0.07611111111111112
hk max = 0.010331966455186503
hk min = 0.010331966455186503
hz max = 0.06197406898312777
hz min = 0.027060126536994165
lambdaF max = 0.77857244219948
lambdaF min = 0.006028620769798677
lambdaB max = 0.7907315976057011
lambdaB min = 0.006028620769798677
----------------------------------
----------------------------------
Iteration = 101
Distance = 2.0975948745061146e-5
v max = -1.7027420130909923
v min = -8.443110067764644
d max = 0.07611111111111112
d min = 0.07611111111111112
dF max = 0.07611111111111112
dB max = 0.07611111111111112
hk max = 0.010331966455186503
hk min = 0.010331966455186503
hz max = 0.06197406898312777
hz min = 0.027060126536936756
lambdaF max = 0.7785724422050471
lambdaF min = 0.006028620769798677
lambdaB max = 0.7907315976106382
lambdaB min = 0.006028620769798677
----------------------------------
----------------------------------
Iteration = 102
Distance = 1.9069044668196256e-5
v max = -1.702761082129609
v min = -8.443129136806219
d max = 0.07611111111111112
d min = 0.07611111111111112
dF max = 0.07611111111111112
dB max = 0.07611111111111112
hk max = 0.010331966455186503
hk min = 0.010331966455186503
hz max = 0.06197406898312777
hz min = 0.027060126536927572
lambdaF max = 0.7785724422043195
lambdaF min = 0.006028620769798677
lambdaB max = 0.790731597609119
lambdaB min = 0.006028620769798677
----------------------------------
----------------------------------
Iteration = 103
Distance = 1.733549516869104e-5
v max = -1.7027784176217424
v min = -8.443146472298547
d max = 0.07611111111111112
d min = 0.07611111111111112
dF max = 0.07611111111111112
dB max = 0.07611111111111112
hk max = 0.010331966455186503
hk min = 0.010331966455186503
hz max = 0.06197406898313236
hz min = 0.027060126536954554
lambdaF max = 0.778572442199796
lambdaF min = 0.006028620769798677
lambdaB max = 0.7907315976041817
lambdaB min = 0.006028620769798677
----------------------------------
----------------------------------
Iteration = 104
Distance = 1.575954092603027e-5
v max = -1.7027941771619701
v min = -8.443162231837027
d max = 0.07611111111111112
d min = 0.07611111111111112
dF max = 0.07611111111111112
dB max = 0.07611111111111112
hk max = 0.010331966455186503
hk min = 0.010331966455186503
hz max = 0.06197406898313236
hz min = 0.02706012653699072
lambdaF max = 0.7785724421953044
lambdaF min = 0.006028620769798677
lambdaB max = 0.790731597599751
lambdaB min = 0.006028620769798677
----------------------------------
----------------------------------
Iteration = 105
Distance = 1.43268552037501e-5
v max = -1.7028085040171734
v min = -8.443176558690185
d max = 0.07611111111111112
d min = 0.07611111111111112
dF max = 0.07611111111111112
dB max = 0.07611111111111112
hk max = 0.010331966455186503
hk min = 0.010331966455186503
hz max = 0.06197406898313236
hz min = 0.02706012653701196
lambdaF max = 0.778572442193375
lambdaF min = 0.006028620769798677
lambdaB max = 0.7907315975981685
lambdaB min = 0.006028620769798677
----------------------------------
----------------------------------
Iteration = 106
Distance = 1.3024413060280793e-5
v max = -1.7028215284302337
v min = -8.443189583102143
d max = 0.07611111111111112
d min = 0.07611111111111112
dF max = 0.07611111111111112
dB max = 0.07611111111111112
hk max = 0.010331966455186503
hk min = 0.010331966455186503
hz max = 0.06197406898312777
hz min = 0.027060126537013108
lambdaF max = 0.7785724421942289
lambdaF min = 0.006028620769798677
lambdaB max = 0.7907315975993077
lambdaB min = 0.006028620769798677
----------------------------------
----------------------------------
Iteration = 107
Distance = 1.1840374795291098e-5
v max = -1.702833368804599
v min = -8.443201423476644
d max = 0.07611111111111112
d min = 0.07611111111111112
dF max = 0.07611111111111112
dB max = 0.07611111111111112
hk max = 0.010331966455186503
hk min = 0.010331966455186503
hz max = 0.06197406898312777
hz min = 0.027060126536998182
lambdaF max = 0.7785724421963799
lambdaF min = 0.006028620769798677
lambdaB max = 0.7907315976015865
lambdaB min = 0.006028620769798677
----------------------------------
----------------------------------
Iteration = 108
Distance = 1.0763977372540978e-5
v max = -1.7028441327805433
v min = -8.44321218745347
d max = 0.07611111111111112
d min = 0.07611111111111112
dF max = 0.07611111111111112
dB max = 0.07611111111111112
hk max = 0.010331966455186503
hk min = 0.010331966455186503
hz max = 0.06197406898312318
hz min = 0.02706012653698211
lambdaF max = 0.7785724421982145
lambdaF min = 0.006028620769798677
lambdaB max = 0.7907315976033906
lambdaB min = 0.006028620769798677
----------------------------------
----------------------------------
Iteration = 109
Distance = 9.785434116782454e-6
v max = -1.7028539182131455
v min = -8.443221972886969
d max = 0.07611111111111112
d min = 0.07611111111111112
dF max = 0.07611111111111112
dB max = 0.07611111111111112
hk max = 0.010331966455186503
hk min = 0.010331966455186503
hz max = 0.06197406898312777
hz min = 0.027060126536974646
lambdaF max = 0.7785724421988157
lambdaF min = 0.006028620769798677
lambdaB max = 0.7907315976038654
lambdaB min = 0.006028620769798677
----------------------------------
    Value Function Converged, Iteration = 109 with gamma=10.0 with rho=1.0 and v=-4.070650102334475
    Reflective boundary condition
=============================================================
Convegence time (minutes): 0.11392768835
Current Time = 22:18:06
grid points for z:  401
grid size for z:  0.025
-0.32141311182570004
-0.48645443422695966
--- 9.169476747512817 seconds for the elasticity computation ---
-0.05990957682037256
-0.21320650726857315
--- 0.06301093101501465 seconds for the elasticity computation ---
-0.10388593656182685
-0.27324792695838646
--- 0.06214618682861328 seconds for the elasticity computation ---
-0.3907923799083689
-0.49389345007469393
--- 0.06202840805053711 seconds for the elasticity computation ---
Current Time = 22:18:18
grid points for z:  401
grid size for z:  0.025
rho = 1
0.05937926808266887
--- 8.639930963516235 seconds for the elasticity computation ---
0.0
--- 0.06730818748474121 seconds for the elasticity computation ---
0.05937926808266887
--- 0.06631207466125488 seconds for the elasticity computation ---
0.0
--- 0.06642413139343262 seconds for the elasticity computation ---
0.0
--- 0.06627082824707031 seconds for the elasticity computation ---
0.05937926808266887
0.007439015847734282
--- 0.06663823127746582 seconds for the elasticity computation ---
0.05937926808266887
0.007439015847734282
--- 0.06637954711914062 seconds for the elasticity computation ---
0.05937926808266887
0.007439015847734282
--- 0.06627964973449707 seconds for the elasticity computation ---
0.05937926808266887
0.007439015847734282
--- 0.06635832786560059 seconds for the elasticity computation ---
parsed_args = parse_commandline() = Dict{String, Any}("dataname" => "upper_triangular_four_ambiguous_parameters", "clowerlim" => 0.0001, "delta" => 0.01, "boundary" => 1, "Delta" => 10.0, "q" => 0.1, "zmax" => 5.0, "logadjustment" => 1, "zscale" => 2.0, "foc" => 1, "distorted" => 0, "rho" => 1.0, "gamma" => 10.0)
=============================================================
./output/upper_triangular_four_ambiguous_parameters/Delta_10.0_distorted_0/logadjustment_1_boundary_1/zmax_5.0_zscale_2.0/delta_0.01/q_0.1_gamma_10.0_rho_1.0/
=============================================================
solve for structured linear system 
structured_relative_entropy = 0.10126256686758889
=============================================================
solve for unstructured linear system 
q_update = 0.5600710502747311
=============================================================
parsed_args = parse_commandline() = Dict{String, Any}("dataname" => "upper_triangular_four_ambiguous_parameters", "clowerlim" => 0.0001, "delta" => 0.01, "boundary" => 1, "Delta" => 10.0, "q" => 0.1, "zmax" => 5.0, "logadjustment" => 1, "zscale" => 2.0, "foc" => 1, "distorted" => 0, "rho" => 1.0, "gamma" => 10.0)
=============================================================
./output/upper_triangular_four_ambiguous_parameters/Delta_10.0_distorted_0/logadjustment_1_boundary_1/zmax_5.0_zscale_2.0/delta_0.01/q_0.1_gamma_10.0_rho_1.0/
=============================================================
solve for structured linear system 
structured_relative_entropy = 0.10126256686758887
=============================================================
solve for unstructured linear system 
q_update = 0.5600710502747311
=============================================================
Program ends Fri Jan 19 22:19:01 CST 2024
Elapsed time: 0 days 00 hr 01 min 51 sec
