D_10.0_distorted_0_boundary_0_delta_0.01_gamma_3.0_q_0.05_rho_1.0_lower_triangular_two_ambiguous_parameters
Program starts Fri Jan 19 22:23:04 CST 2024
parsed_args = parse_commandline() = Dict{String, Any}("dataname" => "lower_triangular_two_ambiguous_parameters", "clowerlim" => 0.0001, "delta" => 0.01, "boundary" => 0, "Delta" => 10.0, "q" => 0.05, "zmax" => 5.0, "logadjustment" => 1, "zscale" => 2.0, "foc" => 1, "distorted" => 0, "rho" => 1.0, "gamma" => 3.0)
=============================================================
logadjustment: true
reflective_boundary: false
0.0922
sigma_k: [0.011287880226154068, 0.0]
sigma_z: [0.026030751045638307, 0.05916079783099616]
Compute value function WITH ROBUSTNESS
computing undistorted version...
zmax = 5.0, zmin = -5.0, zlength = 401
natural boundary condition
----------------------------------
Iteration = 1
Distance = 1.2234048400266126
v max = -0.8137662858097394
v min = -3.2234048400266126
d max = 0.07611111111111112
d min = 0.07611111111111112
dF max = 0.07611111111111112
dB max = 0.07611111111111112
hk max = 0.011287880226154068
hk min = 0.011287880226154068
hz max = 0.0
hz min = 0.0
lambdaF max = Inf
lambdaF min = 0.008624482946382158
lambdaB max = Inf
lambdaB min = 0.008624482946382158
----------------------------------
----------------------------------
Iteration = 2
Distance = 0.9209889071977666
v max = -0.33004807842883327
v min = -4.144393747224379
d max = 0.07611111111111112
d min = 0.07611111111111112
dF max = 0.07611111111111112
dB max = 0.07611111111111112
hk max = 0.01756035035763418
hk min = 0.017560350357631867
hz max = 0.014255613935182078
hz min = 0.014255613935176822
lambdaF max = Inf
lambdaF min = 0.008624482946382158
lambdaB max = Inf
lambdaB min = 0.008624482946382158
----------------------------------
----------------------------------
Iteration = 3
Distance = 0.627962550999027
v max = -0.08861280895222269
v min = -4.772356298223406
d max = 0.07611111111111112
d min = 0.07611111111111112
dF max = 0.07611111111111112
dB max = 0.07611111111111112
hk max = 0.022248829651119746
hk min = 0.02018498730247237
hz max = 0.024911248693103818
hz min = 0.020220697900723422
lambdaF max = Inf
lambdaF min = 0.008624482946382158
lambdaB max = Inf
lambdaB min = 0.008624482946382158
----------------------------------
----------------------------------
Iteration = 4
Distance = 0.4350363692668662
v max = 0.02278692573860636
v min = -5.207392667490272
d max = 0.07611111111111112
d min = 0.07611111111111112
dF max = 0.07611111111111112
dB max = 0.07611111111111112
hk max = 0.025392260537340262
hk min = 0.02155427842712692
hz max = 0.03205540979815044
hz min = 0.02333272318402921
lambdaF max = Inf
lambdaF min = 0.008624482946382158
lambdaB max = Inf
lambdaB min = 0.008624482946382158
----------------------------------
----------------------------------
Iteration = 5
Distance = 0.3068146433404362
v max = 0.06803129148400126
v min = -5.514207310830709
d max = 0.07611111111111112
d min = 0.07611111111111112
dF max = 0.07611111111111112
dB max = 0.07611111111111112
hk max = 0.027515281146582422
hk min = 0.022249614172989596
hz max = 0.036880456637337175
hz min = 0.02491303169735348
lambdaF max = Inf
lambdaF min = 0.008624482946382158
lambdaB max = Inf
lambdaB min = 0.008624482946382158
----------------------------------
----------------------------------
Iteration = 6
Distance = 0.21949076412326463
v max = 0.07993000186896188
v min = -5.733698074953973
d max = 0.07611111111111112
d min = 0.07611111111111112
dF max = 0.07611111111111112
dB max = 0.07611111111111112
hk max = 0.028961069948335208
hk min = 0.022603625204563636
hz max = 0.04016634027768442
hz min = 0.025717602223658115
lambdaF max = Inf
lambdaF min = 0.008624482946382158
lambdaB max = Inf
lambdaB min = 0.008624482946382158
----------------------------------
----------------------------------
Iteration = 7
Distance = 0.15932171142452844
v max = 0.07491557594172914
v min = -5.893019786378502
d max = 0.07611111111111112
d min = 0.07611111111111112
dF max = 0.07611111111111112
dB max = 0.07611111111111112
hk max = 0.029948389993285404
hk min = 0.022788559597745835
hz max = 0.042410249470753045
hz min = 0.026137907662708567
lambdaF max = Inf
lambdaF min = 0.008624482946382158
lambdaB max = Inf
lambdaB min = 0.008624482946382158
----------------------------------
----------------------------------
Iteration = 8
Distance = 0.11751618841536882
v max = 0.061277614853484645
v min = -6.0105359747938705
d max = 0.07611111111111112
d min = 0.07611111111111112
dF max = 0.07611111111111112
dB max = 0.07611111111111112
hk max = 0.030623230958466096
hk min = 0.02289009513444048
hz max = 0.0439439789370728
hz min = 0.026368670246105484
lambdaF max = Inf
lambdaF min = 0.008624482946382158
lambdaB max = Inf
lambdaB min = 0.008624482946382158
----------------------------------
----------------------------------
Iteration = 9
Distance = 0.08823681109825987
v max = 0.04335801003367148
v min = -6.09877278589213
d max = 0.07611111111111112
d min = 0.07611111111111112
dF max = 0.07611111111111112
dB max = 0.07611111111111112
hk max = 0.031084545279714708
hk min = 0.022949432815793622
hz max = 0.044992420576274186
hz min = 0.026503528612817174
lambdaF max = Inf
lambdaF min = 0.008624482946382158
lambdaB max = Inf
lambdaB min = 0.008624482946382158
----------------------------------
----------------------------------
Iteration = 10
Distance = 0.06754799158623914
v max = 0.023554166100474765
v min = -6.1663207774783695
d max = 0.07611111111111112
d min = 0.07611111111111112
dF max = 0.07611111111111112
dB max = 0.07611111111111112
hk max = 0.03139981278960595
hk min = 0.02298612083993172
hz max = 0.04570893764420882
hz min = 0.026586910485858303
lambdaF max = Inf
lambdaF min = 0.008624482946382158
lambdaB max = Inf
lambdaB min = 0.008624482946382158
----------------------------------
----------------------------------
Iteration = 11
Distance = 0.05277622223419254
v max = 0.0032483451611703845
v min = -6.219096999712562
d max = 0.07611111111111112
d min = 0.07611111111111112
dF max = 0.07611111111111112
dB max = 0.07611111111111112
hk max = 0.03161517303581585
hk min = 0.023009730204936983
hz max = 0.046198392749231314
hz min = 0.026640568133597536
lambdaF max = Inf
lambdaF min = 0.008624482946382158
lambdaB max = Inf
lambdaB min = 0.008624482946382158
----------------------------------
----------------------------------
Iteration = 12
Distance = 0.042097542909536934
v max = -0.01674756046646171
v min = -6.261194542622099
d max = 0.07611111111111112
d min = 0.07611111111111112
dF max = 0.07611111111111112
dB max = 0.07611111111111112
hk max = 0.03176220775074411
hk min = 0.023025308780854903
hz max = 0.046532562555886475
hz min = 0.026675973987956444
lambdaF max = Inf
lambdaF min = 0.008624482946382158
lambdaB max = Inf
lambdaB min = 0.008624482946382158
----------------------------------
----------------------------------
Iteration = 13
Distance = 0.034264100107644246
v max = -0.03596152836890311
v min = -6.295458642729743
d max = 0.07611111111111112
d min = 0.07611111111111112
dF max = 0.07611111111111112
dB max = 0.07611111111111112
hk max = 0.03186253877081622
hk min = 0.023035745581296292
hz max = 0.0467605876015049
hz min = 0.02669969398895961
lambdaF max = Inf
lambdaF min = 0.008624482946382158
lambdaB max = Inf
lambdaB min = 0.008624482946382158
----------------------------------
----------------------------------
Iteration = 14
Distance = 0.028420308772747482
v max = -0.05413165959751678
v min = -6.323878951502491
d max = 0.07611111111111112
d min = 0.07611111111111112
dF max = 0.07611111111111112
dB max = 0.07611111111111112
hk max = 0.0319309650643566
hk min = 0.023042800952325977
hz max = 0.046916101905005766
hz min = 0.026715728923117986
lambdaF max = Inf
lambdaF min = 0.008624482946382158
lambdaB max = Inf
lambdaB min = 0.008624482946382158
----------------------------------
----------------------------------
Iteration = 15
Distance = 0.023978294919740684
v max = -0.07112851529281654
v min = -6.347857246422231
d max = 0.07611111111111112
d min = 0.07611111111111112
dF max = 0.07611111111111112
dB max = 0.07611111111111112
hk max = 0.03197761016953102
hk min = 0.02304759486220194
hz max = 0.04702211350767489
hz min = 0.026726624172836076
lambdaF max = Inf
lambdaF min = 0.008624482946382158
lambdaB max = Inf
lambdaB min = 0.008624482946382158
----------------------------------
----------------------------------
Iteration = 16
Distance = 0.02053314238977233
v max = -0.08690657968258596
v min = -6.368390388812004
d max = 0.07611111111111112
d min = 0.07611111111111112
dF max = 0.07611111111111112
dB max = 0.07611111111111112
hk max = 0.032009394534038185
hk min = 0.023050861066243163
hz max = 0.04709435069973664
hz min = 0.026734047363838852
lambdaF max = Inf
lambdaF min = 0.008624482946382158
lambdaB max = Inf
lambdaB min = 0.008624482946382158
----------------------------------
----------------------------------
Iteration = 17
Distance = 0.017805091544785157
v max = -0.1014730361620411
v min = -6.386195480356789
d max = 0.07611111111111112
d min = 0.07611111111111112
dF max = 0.07611111111111112
dB max = 0.07611111111111112
hk max = 0.03203104549065733
hk min = 0.023053089384955174
hz max = 0.047143557419325605
hz min = 0.026739111724547973
lambdaF max = Inf
lambdaF min = 0.008624482946382158
lambdaB max = Inf
lambdaB min = 0.008624482946382158
----------------------------------
----------------------------------
Iteration = 18
Distance = 0.015600073721519614
v max = -0.11486734754204046
v min = -6.4017955540783085
d max = 0.07611111111111112
d min = 0.07611111111111112
dF max = 0.07611111111111112
dB max = 0.07611111111111112
hk max = 0.032045789933724575
hk min = 0.023054610467034893
hz max = 0.04717706751720571
hz min = 0.026742568729274604
lambdaF max = Inf
lambdaF min = 0.008624482946382158
lambdaB max = Inf
lambdaB min = 0.008624482946382158
----------------------------------
----------------------------------
Iteration = 19
Distance = 0.013782750979950187
v max = -0.12714781488444454
v min = -6.415578305058259
d max = 0.07611111111111112
d min = 0.07611111111111112
dF max = 0.07611111111111112
dB max = 0.07611111111111112
hk max = 0.03205582908735565
hk min = 0.023055648919899842
hz max = 0.047199883775458154
hz min = 0.026744928849422214
lambdaF max = Inf
lambdaF min = 0.008624482946382158
lambdaB max = Inf
lambdaB min = 0.008624482946382158
----------------------------------
----------------------------------
Iteration = 20
Distance = 0.012258094585932966
v max = -0.13838274163896544
v min = -6.427836399644192
d max = 0.07611111111111112
d min = 0.07611111111111112
dF max = 0.07611111111111112
dB max = 0.07611111111111112
hk max = 0.032062663637508454
hk min = 0.023056357823955858
hz max = 0.047215416843987244
hz min = 0.026746539995004072
lambdaF max = Inf
lambdaF min = 0.008624482946382158
lambdaB max = Inf
lambdaB min = 0.008624482946382158
----------------------------------
----------------------------------
Iteration = 21
Distance = 0.01095879599273708
v max = -0.14864467291058953
v min = -6.438795195636929
d max = 0.07611111111111112
d min = 0.07611111111111112
dF max = 0.07611111111111112
dB max = 0.07611111111111112
hk max = 0.03206731617479072
hk min = 0.023056841676341172
hz max = 0.04722599079235603
hz min = 0.02674763965951615
lambdaF max = Inf
lambdaF min = 0.008624482946382158
lambdaB max = Inf
lambdaB min = 0.008624482946382158
----------------------------------
----------------------------------
Iteration = 22
Distance = 0.009836661559142534
v max = -0.15800669830946235
v min = -6.448631857196071
d max = 0.07611111111111112
d min = 0.07611111111111112
dF max = 0.07611111111111112
dB max = 0.07611111111111112
hk max = 0.03207048323247051
hk min = 0.023057171854867397
hz max = 0.04723318865071921
hz min = 0.026748390065257567
lambdaF max = Inf
lambdaF min = 0.008624482946382158
lambdaB max = Inf
lambdaB min = 0.008624482946382158
----------------------------------
----------------------------------
Iteration = 23
Distance = 0.00885672758029088
v max = -0.1665401398651484
v min = -6.457488584776362
d max = 0.07611111111111112
d min = 0.07611111111111112
dF max = 0.07611111111111112
dB max = 0.07611111111111112
hk max = 0.032072639107281684
hk min = 0.023057397120737497
hz max = 0.04723808836619913
hz min = 0.02674890203314416
lambdaF max = Inf
lambdaF min = 0.008624482946382158
lambdaB max = Inf
lambdaB min = 0.008624482946382158
----------------------------------
----------------------------------
Iteration = 24
Distance = 0.007993232386092508
v max = -0.17431316643289838
v min = -6.465481817162455
d max = 0.07611111111111112
d min = 0.07611111111111112
dF max = 0.07611111111111112
dB max = 0.07611111111111112
hk max = 0.0320741066957031
hk min = 0.023057550780310278
hz max = 0.047241423794429624
hz min = 0.026749251259445935
lambdaF max = Inf
lambdaF min = 0.008624482946382158
lambdaB max = Inf
lambdaB min = 0.008624482946382158
----------------------------------
----------------------------------
Iteration = 25
Distance = 0.007226855959775236
v max = -0.1813900237027035
v min = -6.47270867312223
d max = 0.07611111111111112
d min = 0.07611111111111112
dF max = 0.07611111111111112
dB max = 0.07611111111111112
hk max = 0.032075105790599266
hk min = 0.023057655577900425
hz max = 0.047243694464648184
hz min = 0.026749489435787185
lambdaF max = Inf
lambdaF min = 0.008624482946382158
lambdaB max = Inf
lambdaB min = 0.008624482946382158
----------------------------------
----------------------------------
Iteration = 26
Distance = 0.006542824671130099
v max = -0.1878306689914238
v min = -6.47925149779336
d max = 0.07611111111111112
d min = 0.07611111111111112
dF max = 0.07611111111111112
dB max = 0.07611111111111112
hk max = 0.03207578599081656
hk min = 0.023057727040825725
hz max = 0.04724524037423294
hz min = 0.026749651851526498
lambdaF max = Inf
lambdaF min = 0.008624482946382158
lambdaB max = Inf
lambdaB min = 0.008624482946382158
----------------------------------
----------------------------------
Iteration = 27
Distance = 0.0059296066002945125
v max = -0.19369066810664945
v min = -6.4851811043936545
d max = 0.07611111111111112
d min = 0.07611111111111112
dF max = 0.07611111111111112
dB max = 0.07611111111111112
hk max = 0.032076249115505315
hk min = 0.023057775766508644
hz max = 0.047246292930343756
hz min = 0.02674976259171495
lambdaF max = Inf
lambdaF min = 0.008624482946382158
lambdaB max = Inf
lambdaB min = 0.008624482946382158
----------------------------------
----------------------------------
Iteration = 28
Distance = 0.005378010247741649
v max = -0.19902125800167067
v min = -6.490559114641396
d max = 0.07611111111111112
d min = 0.07611111111111112
dF max = 0.07611111111111112
dB max = 0.07611111111111112
hk max = 0.032076564464900564
hk min = 0.02305780898588921
hz max = 0.04724700963351478
hz min = 0.026749838090307145
lambdaF max = Inf
lambdaF min = 0.008624482946382158
lambdaB max = Inf
lambdaB min = 0.008624482946382158
----------------------------------
----------------------------------
Iteration = 29
Distance = 0.004880559007262697
v max = -0.20386951059137656
v min = -6.495439673648659
d max = 0.07611111111111112
d min = 0.07611111111111112
dF max = 0.07611111111111112
dB max = 0.07611111111111112
hk max = 0.032076779208052346
hk min = 0.023057831631768392
hz max = 0.047247497686132456
hz min = 0.026749889558214376
lambdaF max = Inf
lambdaF min = 0.008624482946382158
lambdaB max = Inf
lambdaB min = 0.008624482946382158
----------------------------------
----------------------------------
Iteration = 30
Distance = 0.004431054402235013
v max = -0.20827855464875578
v min = -6.499870728050894
d max = 0.07611111111111112
d min = 0.07611111111111112
dF max = 0.07611111111111112
dB max = 0.07611111111111112
hk max = 0.03207692545243516
hk min = 0.023057847068570784
hz max = 0.047247830059729753
hz min = 0.026749924641856177
lambdaF max = Inf
lambdaF min = 0.008624482946382158
lambdaB max = Inf
lambdaB min = 0.008624482946382158
----------------------------------
----------------------------------
Iteration = 31
Distance = 0.004024268773653361
v max = -0.212287827345276
v min = -6.503894996824547
d max = 0.07611111111111112
d min = 0.07611111111111112
dF max = 0.07611111111111112
dB max = 0.07611111111111112
hk max = 0.032077025054915775
hk min = 0.023057857590645305
hz max = 0.047248056429003885
hz min = 0.026749948555661904
lambdaF max = Inf
lambdaF min = 0.008624482946382158
lambdaB max = Inf
lambdaB min = 0.008624482946382158
----------------------------------
----------------------------------
Iteration = 32
Distance = 0.0036557269665751235
v max = -0.21593333692153518
v min = -6.507550723791122
d max = 0.07611111111111112
d min = 0.07611111111111112
dF max = 0.07611111111111112
dB max = 0.07611111111111112
hk max = 0.032077092895603995
hk min = 0.02305786476240467
hz max = 0.0472482106123862
hz min = 0.02674996485511501
lambdaF max = Inf
lambdaF min = 0.008624482946382158
lambdaB max = Inf
lambdaB min = 0.008624482946382158
----------------------------------
----------------------------------
Iteration = 33
Distance = 0.0033215494090388376
v max = -0.21924792467467846
v min = -6.510872273200161
d max = 0.07611111111111112
d min = 0.07611111111111112
dF max = 0.07611111111111112
dB max = 0.07611111111111112
hk max = 0.03207713910573555
hk min = 0.023057869650436137
hz max = 0.047248315635412465
hz min = 0.026749975964277438
lambdaF max = Inf
lambdaF min = 0.008624482946382158
lambdaB max = Inf
lambdaB min = 0.008624482946382158
----------------------------------
----------------------------------
Iteration = 34
Distance = 0.003018337725193554
v max = -0.22226151895145121
v min = -6.513890610925355
d max = 0.07611111111111112
d min = 0.07611111111111112
dF max = 0.07611111111111112
dB max = 0.07611111111111112
hk max = 0.03207717058384521
hk min = 0.023057872981854747
hz max = 0.047248387176570796
hz min = 0.026749983535683367
lambdaF max = Inf
lambdaF min = 0.008624482946382158
lambdaB max = Inf
lambdaB min = 0.008624482946382158
----------------------------------
----------------------------------
Iteration = 35
Distance = 0.0027430899830909183
v max = -0.22500137684217522
v min = -6.516633700908446
d max = 0.07611111111111112
d min = 0.07611111111111112
dF max = 0.07611111111111112
dB max = 0.07611111111111112
hk max = 0.03207719202766203
hk min = 0.023057875252314106
hz max = 0.04724843591251811
hz min = 0.026749988695818277
lambdaF max = Inf
lambdaF min = 0.008624482946382158
lambdaB max = Inf
lambdaB min = 0.008624482946382158
----------------------------------
----------------------------------
Iteration = 36
Distance = 0.0024931367381944014
v max = -0.22749231126111968
v min = -6.51912683764664
d max = 0.07611111111111112
d min = 0.07611111111111112
dF max = 0.07611111111111112
dB max = 0.07611111111111112
hk max = 0.03207720663648232
hk min = 0.023057876799667917
hz max = 0.04724846911438241
hz min = 0.02674999221253148
lambdaF max = Inf
lambdaF min = 0.008624482946382158
lambdaB max = Inf
lambdaB min = 0.008624482946382158
----------------------------------
----------------------------------
Iteration = 37
Distance = 0.002266091801018888
v max = -0.22975690240045152
v min = -6.521392929447659
d max = 0.07611111111111112
d min = 0.07611111111111112
dF max = 0.07611111111111112
dB max = 0.07611111111111112
hk max = 0.03207721658929122
hk min = 0.023057877854196496
hz max = 0.04724849173440262
hz min = 0.02674999460918734
lambdaF max = Inf
lambdaF min = 0.008624482946382158
lambdaB max = Inf
lambdaB min = 0.008624482946382158
----------------------------------
----------------------------------
Iteration = 38
Distance = 0.0020598135451885824
v max = -0.23181569338162847
v min = -6.5234527429928475
d max = 0.07611111111111112
d min = 0.07611111111111112
dF max = 0.07611111111111112
dB max = 0.07611111111111112
hk max = 0.03207722337025272
hk min = 0.023057878572853102
hz max = 0.04724850714567876
hz min = 0.02674999624249781
lambdaF max = Inf
lambdaF min = 0.008624482946382158
lambdaB max = Inf
lambdaB min = 0.008624482946382158
----------------------------------
----------------------------------
Iteration = 39
Distance = 0.0018723738616408525
v max = -0.23368737045206628
v min = -6.525325116854488
d max = 0.07611111111111112
d min = 0.07611111111111112
dF max = 0.07611111111111112
dB max = 0.07611111111111112
hk max = 0.03207722799034218
hk min = 0.02305787906260887
hz max = 0.047248517645882095
hz min = 0.026749997355579102
lambdaF max = Inf
lambdaF min = 0.008624482946382158
lambdaB max = Inf
lambdaB min = 0.008624482946382158
----------------------------------
----------------------------------
Iteration = 40
Distance = 0.0017020327463495022
v max = -0.23538892838976297
v min = -6.527027149600838
d max = 0.07611111111111112
d min = 0.07611111111111112
dF max = 0.07611111111111112
dB max = 0.07611111111111112
hk max = 0.03207723113824286
hk min = 0.023057879396368747
hz max = 0.0472485248002018
hz min = 0.026749998114124277
lambdaF max = Inf
lambdaF min = 0.008624482946382158
lambdaB max = Inf
lambdaB min = 0.008624482946382158
----------------------------------
----------------------------------
Iteration = 41
Distance = 0.0015472171121180267
v max = -0.23693582195452512
v min = -6.528574366712956
d max = 0.07611111111111112
d min = 0.07611111111111112
dF max = 0.07611111111111112
dB max = 0.07611111111111112
hk max = 0.03207723328311589
hk min = 0.02305787962381838
hz max = 0.04724852967491323
hz min = 0.026749998631055254
lambdaF max = Inf
lambdaF min = 0.008624482946382158
lambdaB max = Inf
lambdaB min = 0.008624482946382158
----------------------------------
----------------------------------
Iteration = 42
Distance = 0.0014065028300640492
v max = -0.23834210430935385
v min = -6.52998086954302
d max = 0.07611111111111112
d min = 0.07611111111111112
dF max = 0.07611111111111112
dB max = 0.07611111111111112
hk max = 0.03207723474458997
hk min = 0.023057879778819186
hz max = 0.04724853299644524
hz min = 0.026749998983329814
lambdaF max = Inf
lambdaF min = 0.008624482946382158
lambdaB max = Inf
lambdaB min = 0.008624482946382158
----------------------------------
----------------------------------
Iteration = 43
Distance = 0.0012785992914956523
v max = -0.23962055336134694
v min = -6.531259468834516
d max = 0.07611111111111112
d min = 0.07611111111111112
dF max = 0.07611111111111112
dB max = 0.07611111111111112
hk max = 0.03207723574042546
hk min = 0.02305787988444748
hz max = 0.04724853525970772
hz min = 0.026749999223394123
lambdaF max = Inf
lambdaF min = 0.008624482946382158
lambdaB max = Inf
lambdaB min = 0.008624482946382158
----------------------------------
----------------------------------
Iteration = 44
Distance = 0.0011623359776180564
v max = -0.2407827869600748
v min = -6.532421804812134
d max = 0.07611111111111112
d min = 0.07611111111111112
dF max = 0.07611111111111112
dB max = 0.07611111111111112
hk max = 0.032077236418986785
hk min = 0.023057879956429772
hz max = 0.047248536801892546
hz min = 0.026749999386990242
lambdaF max = Inf
lambdaF min = 0.008624482946382158
lambdaB max = Inf
lambdaB min = 0.008624482946382158
----------------------------------
----------------------------------
Iteration = 45
Distance = 0.0010566506622113891
v max = -0.2418393678571552
v min = -6.533478455474345
d max = 0.07611111111111112
d min = 0.07611111111111112
dF max = 0.07611111111111112
dB max = 0.07611111111111112
hk max = 0.03207723688136639
hk min = 0.023057880005483027
hz max = 0.04724853785275528
hz min = 0.02674999949847491
lambdaF max = Inf
lambdaF min = 0.008624482946382158
lambdaB max = Inf
lambdaB min = 0.008624482946382158
----------------------------------
----------------------------------
Iteration = 46
Distance = 0.0009605789671587317
v max = -0.24279989928337328
v min = -6.534439034441504
d max = 0.07611111111111112
d min = 0.07611111111111112
dF max = 0.07611111111111112
dB max = 0.07611111111111112
hk max = 0.03207723719643954
hk min = 0.023057880038911092
hz max = 0.04724853856883062
hz min = 0.02674999957444779
lambdaF max = Inf
lambdaF min = 0.008624482946382158
lambdaB max = Inf
lambdaB min = 0.008624482946382158
----------------------------------
----------------------------------
Iteration = 47
Distance = 0.0008732450586830254
v max = -0.24367311194553384
v min = -6.535312279500187
d max = 0.07611111111111112
d min = 0.07611111111111112
dF max = 0.07611111111111112
dB max = 0.07611111111111112
hk max = 0.03207723741113695
hk min = 0.02305788006169098
hz max = 0.047248539056779296
hz min = 0.02674999962622026
lambdaF max = Inf
lambdaF min = 0.008624482946382158
lambdaB max = Inf
lambdaB min = 0.008624482946382158
----------------------------------
----------------------------------
Iteration = 48
Distance = 0.0007938533194664643
v max = -0.24446694318851417
v min = -6.536106132819653
d max = 0.07611111111111112
d min = 0.07611111111111112
dF max = 0.07611111111111112
dB max = 0.07611111111111112
hk max = 0.03207723755743816
hk min = 0.023057880077214585
hz max = 0.04724853938928203
hz min = 0.026749999661501173
lambdaF max = Inf
lambdaF min = 0.008624482946382158
lambdaB max = Inf
lambdaB min = 0.008624482946382158
----------------------------------
----------------------------------
Iteration = 49
Distance = 0.0007216808666452579
v max = -0.24518860901119555
v min = -6.5368278136862985
d max = 0.07611111111111112
d min = 0.07611111111111112
dF max = 0.07611111111111112
dB max = 0.07611111111111112
hk max = 0.03207723765713324
hk min = 0.023057880087793234
hz max = 0.04724853961586176
hz min = 0.02674999968554356
lambdaF max = Inf
lambdaF min = 0.008624482946382158
lambdaB max = Inf
lambdaB min = 0.008624482946382158
----------------------------------
----------------------------------
Iteration = 50
Distance = 0.0006560708103346968
v max = -0.24584466956984397
v min = -6.537483884496633
d max = 0.07611111111111112
d min = 0.07611111111111112
dF max = 0.07611111111111112
dB max = 0.07611111111111112
hk max = 0.03207723772506797
hk min = 0.023057880095002176
hz max = 0.04724853977025889
hz min = 0.026749999701927527
lambdaF max = Inf
lambdaF min = 0.008624482946382158
lambdaB max = Inf
lambdaB min = 0.008624482946382158
----------------------------------
----------------------------------
Iteration = 51
Distance = 0.0005964261662265713
v max = -0.24644108875006895
v min = -6.53808031066286
d max = 0.07611111111111112
d min = 0.07611111111111112
dF max = 0.07611111111111112
dB max = 0.07611111111111112
hk max = 0.032077237771360595
hk min = 0.023057880099914822
hz max = 0.047248539875469384
hz min = 0.026749999713092623
lambdaF max = Inf
lambdaF min = 0.008624482946382158
lambdaB max = Inf
lambdaB min = 0.008624482946382158
----------------------------------
----------------------------------
Iteration = 52
Distance = 0.0005422043496601248
v max = -0.24698328833910468
v min = -6.53862251501252
d max = 0.07611111111111112
d min = 0.07611111111111112
dF max = 0.07611111111111112
dB max = 0.07611111111111112
hk max = 0.032077237802907305
hk min = 0.023057880103262443
hz max = 0.047248539947166455
hz min = 0.02674999972070086
lambdaF max = Inf
lambdaF min = 0.008624482946382158
lambdaB max = Inf
lambdaB min = 0.008624482946382158
----------------------------------
----------------------------------
Iteration = 53
Distance = 0.000492912189234751
v max = -0.2474761972842093
v min = -6.539115427201755
d max = 0.07611111111111112
d min = 0.07611111111111112
dF max = 0.07611111111111112
dB max = 0.07611111111111112
hk max = 0.032077237824404234
hk min = 0.02305788010554386
hz max = 0.04724853999602312
hz min = 0.026749999725885903
lambdaF max = Inf
lambdaF min = 0.008624482946382158
lambdaB max = Inf
lambdaB min = 0.008624482946382158
----------------------------------
----------------------------------
Iteration = 54
Distance = 0.00044810140694995226
v max = -0.24792429648044864
v min = -6.539563528608705
d max = 0.07611111111111112
d min = 0.07611111111111112
dF max = 0.07611111111111112
dB max = 0.07611111111111112
hk max = 0.03207723783905304
hk min = 0.02305788010709845
hz max = 0.04724854002931585
hz min = 0.026749999729419053
lambdaF max = Inf
lambdaF min = 0.008624482946382158
lambdaB max = Inf
lambdaB min = 0.008624482946382158
----------------------------------
----------------------------------
Iteration = 55
Distance = 0.00040736451795186923
v max = -0.24833165949190697
v min = -6.5399708931266565
d max = 0.07611111111111112
d min = 0.07611111111111112
dF max = 0.07611111111111112
dB max = 0.07611111111111112
hk max = 0.03207723784903623
hk min = 0.02305788010815786
hz max = 0.04724854005200493
hz min = 0.02674999973182681
lambdaF max = Inf
lambdaF min = 0.008624482946382158
lambdaB max = Inf
lambdaB min = 0.008624482946382158
----------------------------------
----------------------------------
Iteration = 56
Distance = 0.0003703311091074468
v max = -0.2487019895744126
v min = -6.540341224235764
d max = 0.07611111111111112
d min = 0.07611111111111112
dF max = 0.07611111111111112
dB max = 0.07611111111111112
hk max = 0.03207723785583905
hk min = 0.023057880108879783
hz max = 0.047248540067465865
hz min = 0.02674999973346754
lambdaF max = Inf
lambdaF min = 0.008624482946382158
lambdaB max = Inf
lambdaB min = 0.008624482946382158
----------------------------------
----------------------------------
Iteration = 57
Distance = 0.0003366644600832913
v max = -0.24903865333490588
v min = -6.540677888695847
d max = 0.07611111111111112
d min = 0.07611111111111112
dF max = 0.07611111111111112
dB max = 0.07611111111111112
hk max = 0.03207723786047506
hk min = 0.023057880109371716
hz max = 0.047248540078002256
hz min = 0.026749999734585573
lambdaF max = Inf
lambdaF min = 0.008624482946382158
lambdaB max = Inf
lambdaB min = 0.008624482946382158
----------------------------------
----------------------------------
Iteration = 58
Distance = 0.0003060584742939909
v max = -0.24934471133246763
v min = -6.540983947170141
d max = 0.07611111111111112
d min = 0.07611111111111112
dF max = 0.07611111111111112
dB max = 0.07611111111111112
hk max = 0.03207723786363324
hk min = 0.023057880109707045
hz max = 0.04724854008517995
hz min = 0.02674999973534768
lambdaF max = Inf
lambdaF min = 0.008624482946382158
lambdaB max = Inf
lambdaB min = 0.008624482946382158
----------------------------------
----------------------------------
Iteration = 59
Distance = 0.0002782348909207144
v max = -0.2496229458985183
v min = -6.541262182061062
d max = 0.07611111111111112
d min = 0.07611111111111112
dF max = 0.07611111111111112
dB max = 0.07611111111111112
hk max = 0.03207723786578617
hk min = 0.02305788010993544
hz max = 0.047248540090072975
hz min = 0.02674999973586676
lambdaF max = Inf
lambdaF min = 0.008624482946382158
lambdaB max = Inf
lambdaB min = 0.008624482946382158
----------------------------------
----------------------------------
Iteration = 60
Distance = 0.00025294075152437756
v max = -0.24987588642865677
v min = -6.541515122812586
d max = 0.07611111111111112
d min = 0.07611111111111112
dF max = 0.07611111111111112
dB max = 0.07611111111111112
hk max = 0.03207723786725383
hk min = 0.023057880110091182
hz max = 0.04724854009340855
hz min = 0.02674999973622072
lambdaF max = Inf
lambdaF min = 0.008624482946382158
lambdaB max = Inf
lambdaB min = 0.008624482946382158
----------------------------------
----------------------------------
Iteration = 61
Distance = 0.00022994609794757537
v max = -0.2501058323757404
v min = -6.541745068910534
d max = 0.07611111111111112
d min = 0.07611111111111112
dF max = 0.07611111111111112
dB max = 0.07611111111111112
hk max = 0.03207723786825261
hk min = 0.023057880110197243
hz max = 0.04724854009567851
hz min = 0.02674999973646177
lambdaF max = Inf
lambdaF min = 0.008624482946382158
lambdaB max = Inf
lambdaB min = 0.008624482946382158
----------------------------------
----------------------------------
Iteration = 62
Distance = 0.0002090418800966276
v max = -0.25031487415303544
v min = -6.5419541107906305
d max = 0.07611111111111112
d min = 0.07611111111111112
dF max = 0.07611111111111112
dB max = 0.07611111111111112
hk max = 0.03207723786893326
hk min = 0.02305788011026961
hz max = 0.04724854009722545
hz min = 0.026749999736626236
lambdaF max = Inf
lambdaF min = 0.008624482946382158
lambdaB max = Inf
lambdaB min = 0.008624482946382158
----------------------------------
----------------------------------
Iteration = 63
Distance = 0.00019003805433559506
v max = -0.2505049121373137
v min = -6.542144148844966
d max = 0.07611111111111112
d min = 0.07611111111111112
dF max = 0.07611111111111112
dB max = 0.07611111111111112
hk max = 0.03207723786939844
hk min = 0.0230578801103188
hz max = 0.04724854009828266
hz min = 0.026749999736738028
lambdaF max = Inf
lambdaF min = 0.008624482946382158
lambdaB max = Inf
lambdaB min = 0.008624482946382158
----------------------------------
----------------------------------
Iteration = 64
Distance = 0.00017276185498982244
v max = -0.2506776739445566
v min = -6.542316910699956
d max = 0.07611111111111112
d min = 0.07611111111111112
dF max = 0.07611111111111112
dB max = 0.07611111111111112
hk max = 0.03207723786971471
hk min = 0.02305788011035244
hz max = 0.04724854009900148
hz min = 0.02674999973681448
lambdaF max = Inf
lambdaF min = 0.008624482946382158
lambdaB max = Inf
lambdaB min = 0.008624482946382158
----------------------------------
----------------------------------
Iteration = 65
Distance = 0.0001570562232160455
v max = -0.25083473013524266
v min = -6.542473966923172
d max = 0.07611111111111112
d min = 0.07611111111111112
dF max = 0.07611111111111112
dB max = 0.07611111111111112
hk max = 0.03207723786993019
hk min = 0.023057880110375212
hz max = 0.047248540099491206
hz min = 0.026749999736866238
lambdaF max = Inf
lambdaF min = 0.008624482946382158
lambdaB max = Inf
lambdaB min = 0.008624482946382158
----------------------------------
----------------------------------
Iteration = 66
Distance = 0.00014277837889764555
v max = -0.25097750849196726
v min = -6.54261674530207
d max = 0.07611111111111112
d min = 0.07611111111111112
dF max = 0.07611111111111112
dB max = 0.07611111111111112
hk max = 0.03207723787007631
hk min = 0.023057880110390932
hz max = 0.04724854009982329
hz min = 0.02674999973690197
lambdaF max = Inf
lambdaF min = 0.008624482946382158
lambdaB max = Inf
lambdaB min = 0.008624482946382158
----------------------------------
----------------------------------
Iteration = 67
Distance = 0.00012979852229566546
v max = -0.25110730699914263
v min = -6.542746543824365
d max = 0.07611111111111112
d min = 0.07611111111111112
dF max = 0.07611111111111112
dB max = 0.07611111111111112
hk max = 0.03207723787017712
hk min = 0.02305788011040145
hz max = 0.04724854010005239
hz min = 0.026749999736925878
lambdaF max = Inf
lambdaF min = 0.008624482946382158
lambdaB max = Inf
lambdaB min = 0.008624482946382158
----------------------------------
----------------------------------
Iteration = 68
Distance = 0.00011799865389683362
v max = -0.2512253056427514
v min = -6.542864542478262
d max = 0.07611111111111112
d min = 0.07611111111111112
dF max = 0.07611111111111112
dB max = 0.07611111111111112
hk max = 0.032077237870246474
hk min = 0.023057880110408678
hz max = 0.047248540100210026
hz min = 0.0267499997369423
lambdaF max = Inf
lambdaF min = 0.008624482946382158
lambdaB max = Inf
lambdaB min = 0.008624482946382158
----------------------------------
----------------------------------
Iteration = 69
Distance = 0.00010727150169476118
v max = -0.2513325771374335
v min = -6.542971813979957
d max = 0.07611111111111112
d min = 0.07611111111111112
dF max = 0.07611111111111112
dB max = 0.07611111111111112
hk max = 0.03207723787029179
hk min = 0.023057880110413646
hz max = 0.04724854010031301
hz min = 0.026749999736953595
lambdaF max = Inf
lambdaF min = 0.008624482946382158
lambdaB max = Inf
lambdaB min = 0.008624482946382158
----------------------------------
----------------------------------
Iteration = 70
Distance = 9.751954573289368e-5
v max = -0.25143009667838995
v min = -6.54306933352569
d max = 0.07611111111111112
d min = 0.07611111111111112
dF max = 0.07611111111111112
dB max = 0.07611111111111112
hk max = 0.03207723787032323
hk min = 0.023057880110416998
hz max = 0.04724854010038448
hz min = 0.026749999736961214
lambdaF max = Inf
lambdaF min = 0.008624482946382158
lambdaB max = Inf
lambdaB min = 0.008624482946382158
----------------------------------
----------------------------------
Iteration = 71
Distance = 8.865413163672287e-5
v max = -0.25151875080676234
v min = -6.5431579876573265
d max = 0.07611111111111112
d min = 0.07611111111111112
dF max = 0.07611111111111112
dB max = 0.07611111111111112
hk max = 0.03207723787034635
hk min = 0.023057880110419253
hz max = 0.04724854010043702
hz min = 0.02674999973696634
lambdaF max = Inf
lambdaF min = 0.008624482946382158
lambdaB max = Inf
lambdaB min = 0.008624482946382158
----------------------------------
----------------------------------
Iteration = 72
Distance = 8.059466452792208e-5
v max = -0.2515993454690747
v min = -6.543238582321854
d max = 0.07611111111111112
d min = 0.07611111111111112
dF max = 0.07611111111111112
dB max = 0.07611111111111112
hk max = 0.0320772378703593
hk min = 0.023057880110420873
hz max = 0.047248540100466446
hz min = 0.026749999736970016
lambdaF max = Inf
lambdaF min = 0.008624482946382158
lambdaB max = Inf
lambdaB min = 0.008624482946382158
----------------------------------
----------------------------------
Iteration = 73
Distance = 7.326787645833832e-5
v max = -0.2516726133440098
v min = -6.543311850198313
d max = 0.07611111111111112
d min = 0.07611111111111112
dF max = 0.07611111111111112
dB max = 0.07611111111111112
hk max = 0.03207723787036947
hk min = 0.02305788011042191
hz max = 0.04724854010048957
hz min = 0.02674999973697238
lambdaF max = Inf
lambdaF min = 0.008624482946382158
lambdaB max = Inf
lambdaB min = 0.008624482946382158
----------------------------------
----------------------------------
Iteration = 74
Distance = 6.660716012785173e-5
v max = -0.25173922050311404
v min = -6.543378457358441
d max = 0.07611111111111112
d min = 0.07611111111111112
dF max = 0.07611111111111112
dB max = 0.07611111111111112
hk max = 0.032077237870376876
hk min = 0.023057880110422667
hz max = 0.04724854010050638
hz min = 0.026749999736974086
lambdaF max = Inf
lambdaF min = 0.008624482946382158
lambdaB max = Inf
lambdaB min = 0.008624482946382158
----------------------------------
----------------------------------
Iteration = 75
Distance = 6.055196357834802e-5
v max = -0.2517997724659851
v min = -6.543439009322019
d max = 0.07611111111111112
d min = 0.07611111111111112
dF max = 0.07611111111111112
dB max = 0.07611111111111112
hk max = 0.03207723787038242
hk min = 0.023057880110423125
hz max = 0.04724854010051899
hz min = 0.026749999736975137
lambdaF max = Inf
lambdaF min = 0.008624482946382158
lambdaB max = Inf
lambdaB min = 0.008624482946382158
----------------------------------
----------------------------------
Iteration = 76
Distance = 5.5047239476913035e-5
v max = -0.2518548197049945
v min = -6.543494056561496
d max = 0.07611111111111112
d min = 0.07611111111111112
dF max = 0.07611111111111112
dB max = 0.07611111111111112
hk max = 0.032077237870385196
hk min = 0.02305788011042353
hz max = 0.047248540100525295
hz min = 0.026749999736976057
lambdaF max = Inf
lambdaF min = 0.008624482946382158
lambdaB max = Inf
lambdaB min = 0.008624482946382158
----------------------------------
----------------------------------
Iteration = 77
Distance = 5.0042944897299435e-5
v max = -0.2519048626495691
v min = -6.543544099506393
d max = 0.07611111111111112
d min = 0.07611111111111112
dF max = 0.07611111111111112
dB max = 0.07611111111111112
hk max = 0.032077237870387965
hk min = 0.023057880110423704
hz max = 0.0472485401005316
hz min = 0.026749999736976452
lambdaF max = Inf
lambdaF min = 0.008624482946382158
lambdaB max = Inf
lambdaB min = 0.008624482946382158
----------------------------------
----------------------------------
Iteration = 78
Distance = 4.549358621463995e-5
v max = -0.2519503562355607
v min = -6.543589593092608
d max = 0.07611111111111112
d min = 0.07611111111111112
dF max = 0.07611111111111112
dB max = 0.07611111111111112
hk max = 0.032077237870388894
hk min = 0.023057880110423878
hz max = 0.047248540100533705
hz min = 0.026749999736976848
lambdaF max = Inf
lambdaF min = 0.008624482946382158
lambdaB max = Inf
lambdaB min = 0.008624482946382158
----------------------------------
----------------------------------
Iteration = 79
Distance = 4.1357805614872234e-5
v max = -0.2519917140410184
v min = -6.543630950898223
d max = 0.07611111111111112
d min = 0.07611111111111112
dF max = 0.07611111111111112
dB max = 0.07611111111111112
hk max = 0.03207723787038982
hk min = 0.023057880110423937
hz max = 0.04724854010053581
hz min = 0.026749999736976976
lambdaF max = Inf
lambdaF min = 0.008624482946382158
lambdaB max = Inf
lambdaB min = 0.008624482946382158
----------------------------------
----------------------------------
Iteration = 80
Distance = 3.7598005069305884e-5
v max = -0.2520293120459874
v min = -6.543668548903291
d max = 0.07611111111111112
d min = 0.07611111111111112
dF max = 0.07611111111111112
dB max = 0.07611111111111112
hk max = 0.03207723787038982
hk min = 0.02305788011042405
hz max = 0.04724854010053581
hz min = 0.02674999973697724
lambdaF max = Inf
lambdaF min = 0.008624482946382158
lambdaB max = Inf
lambdaB min = 0.008624482946382158
----------------------------------
----------------------------------
Iteration = 81
Distance = 3.418000459465276e-5
v max = -0.2520634920505103
v min = -6.543702728907886
d max = 0.07611111111111112
d min = 0.07611111111111112
dF max = 0.07611111111111112
dB max = 0.07611111111111112
hk max = 0.03207723787038982
hk min = 0.02305788011042411
hz max = 0.04724854010053581
hz min = 0.02674999973697737
lambdaF max = Inf
lambdaF min = 0.008624482946382158
lambdaB max = Inf
lambdaB min = 0.008624482946382158
----------------------------------
----------------------------------
Iteration = 82
Distance = 3.107273143498901e-5
v max = -0.2520945647818989
v min = -6.543733801639321
d max = 0.07611111111111112
d min = 0.07611111111111112
dF max = 0.07611111111111112
dB max = 0.07611111111111112
hk max = 0.03207723787038982
hk min = 0.02305788011042411
hz max = 0.04724854010053581
hz min = 0.02674999973697737
lambdaF max = Inf
lambdaF min = 0.008624482946382158
lambdaB max = Inf
lambdaB min = 0.008624482946382158
----------------------------------
----------------------------------
Iteration = 83
Distance = 2.824793765388023e-5
v max = -0.25212281271952874
v min = -6.543762049576973
d max = 0.07611111111111112
d min = 0.07611111111111112
dF max = 0.07611111111111112
dB max = 0.07611111111111112
hk max = 0.03207723787039074
hk min = 0.023057880110424225
hz max = 0.0472485401005379
hz min = 0.026749999736977635
lambdaF max = Inf
lambdaF min = 0.008624482946382158
lambdaB max = Inf
lambdaB min = 0.008624482946382158
----------------------------------
----------------------------------
Iteration = 84
Distance = 2.5679943327361343e-5
v max = -0.25214849266283057
v min = -6.543787729520298
d max = 0.07611111111111112
d min = 0.07611111111111112
dF max = 0.07611111111111112
dB max = 0.07611111111111112
hk max = 0.03207723787039074
hk min = 0.02305788011042411
hz max = 0.0472485401005379
hz min = 0.02674999973697737
lambdaF max = Inf
lambdaF min = 0.008624482946382158
lambdaB max = Inf
lambdaB min = 0.008624482946382158
----------------------------------
----------------------------------
Iteration = 85
Distance = 2.3345403016072908e-5
v max = -0.25217183806583177
v min = -6.543811074923314
d max = 0.07611111111111112
d min = 0.07611111111111112
dF max = 0.07611111111111112
dB max = 0.07611111111111112
hk max = 0.03207723787039167
hk min = 0.023057880110424225
hz max = 0.047248540100540005
hz min = 0.026749999736977635
lambdaF max = Inf
lambdaF min = 0.008624482946382158
lambdaB max = Inf
lambdaB min = 0.008624482946382158
----------------------------------
----------------------------------
Iteration = 86
Distance = 2.1223093651379088e-5
v max = -0.25219306115946805
v min = -6.543832298016965
d max = 0.07611111111111112
d min = 0.07611111111111112
dF max = 0.07611111111111112
dB max = 0.07611111111111112
hk max = 0.03207723787039074
hk min = 0.023057880110424166
hz max = 0.0472485401005379
hz min = 0.026749999736977503
lambdaF max = Inf
lambdaF min = 0.008624482946382158
lambdaB max = Inf
lambdaB min = 0.008624482946382158
----------------------------------
----------------------------------
Iteration = 87
Distance = 1.9293721498669925e-5
v max = -0.2522123548809571
v min = -6.543851591738462
d max = 0.07611111111111112
d min = 0.07611111111111112
dF max = 0.07611111111111112
dB max = 0.07611111111111112
hk max = 0.03207723787039259
hk min = 0.023057880110424166
hz max = 0.04724854010054211
hz min = 0.026749999736977503
lambdaF max = Inf
lambdaF min = 0.008624482946382158
lambdaB max = Inf
lambdaB min = 0.008624482946382158
----------------------------------
----------------------------------
Iteration = 88
Distance = 1.7539746819394963e-5
v max = -0.2522298946277668
v min = -6.543869131485276
d max = 0.07611111111111112
d min = 0.07611111111111112
dF max = 0.07611111111111112
dB max = 0.07611111111111112
hk max = 0.03207723787039167
hk min = 0.023057880110424166
hz max = 0.047248540100540005
hz min = 0.026749999736977503
lambdaF max = Inf
lambdaF min = 0.008624482946382158
lambdaB max = Inf
lambdaB min = 0.008624482946382158
----------------------------------
----------------------------------
Iteration = 89
Distance = 1.5945224377311717e-5
v max = -0.252245839852139
v min = -6.54388507670965
d max = 0.07611111111111112
d min = 0.07611111111111112
dF max = 0.07611111111111112
dB max = 0.07611111111111112
hk max = 0.03207723787039074
hk min = 0.023057880110424225
hz max = 0.0472485401005379
hz min = 0.026749999736977635
lambdaF max = Inf
lambdaF min = 0.008624482946382158
lambdaB max = Inf
lambdaB min = 0.008624482946382158
----------------------------------
----------------------------------
Iteration = 90
Distance = 1.4495658528623778e-5
v max = -0.25226033551065824
v min = -6.5438995723681765
d max = 0.07611111111111112
d min = 0.07611111111111112
dF max = 0.07611111111111112
dB max = 0.07611111111111112
hk max = 0.03207723787039074
hk min = 0.023057880110424225
hz max = 0.0472485401005379
hz min = 0.026749999736977635
lambdaF max = Inf
lambdaF min = 0.008624482946382158
lambdaB max = Inf
lambdaB min = 0.008624482946382158
----------------------------------
----------------------------------
Iteration = 91
Distance = 1.317787138432891e-5
v max = -0.2522735133820394
v min = -6.543912750239558
d max = 0.07611111111111112
d min = 0.07611111111111112
dF max = 0.07611111111111112
dB max = 0.07611111111111112
hk max = 0.03207723787039074
hk min = 0.023057880110424225
hz max = 0.0472485401005379
hz min = 0.026749999736977635
lambdaF max = Inf
lambdaF min = 0.008624482946382158
lambdaB max = Inf
lambdaB min = 0.008624482946382158
----------------------------------
----------------------------------
Iteration = 92
Distance = 1.1979883086432608e-5
v max = -0.2522854932651143
v min = -6.543924730122642
d max = 0.07611111111111112
d min = 0.07611111111111112
dF max = 0.07611111111111112
dB max = 0.07611111111111112
hk max = 0.03207723787039167
hk min = 0.023057880110424225
hz max = 0.047248540100540005
hz min = 0.026749999736977635
lambdaF max = Inf
lambdaF min = 0.008624482946382158
lambdaB max = Inf
lambdaB min = 0.008624482946382158
----------------------------------
----------------------------------
Iteration = 93
Distance = 1.0890802800034294e-5
v max = -0.2522963840679086
v min = -6.543935620925436
d max = 0.07611111111111112
d min = 0.07611111111111112
dF max = 0.07611111111111112
dB max = 0.07611111111111112
hk max = 0.03207723787039167
hk min = 0.023057880110424225
hz max = 0.047248540100540005
hz min = 0.026749999736977635
lambdaF max = Inf
lambdaF min = 0.008624482946382158
lambdaB max = Inf
lambdaB min = 0.008624482946382158
----------------------------------
----------------------------------
Iteration = 94
Distance = 9.900729823542065e-6
v max = -0.252306284797722
v min = -6.543945521655258
d max = 0.07611111111111112
d min = 0.07611111111111112
dF max = 0.07611111111111112
dB max = 0.07611111111111112
hk max = 0.03207723787039167
hk min = 0.023057880110424225
hz max = 0.047248540100540005
hz min = 0.026749999736977635
lambdaF max = Inf
lambdaF min = 0.008624482946382158
lambdaB max = Inf
lambdaB min = 0.008624482946382158
----------------------------------
    Value Function Converged, Iteration = 94 with gamma=3.0 with rho=1.0 and v=-2.6125121476824926
    Natural boundary condition
=============================================================
Convegence time (minutes): 0.10952478304999999
Current Time = 22:23:28
grid points for z:  401
grid size for z:  0.025
-0.06931880508994588
-0.26156302507770174
--- 8.010427713394165 seconds for the elasticity computation ---
-0.002686942094592868
-0.05164798292958577
--- 0.06200242042541504 seconds for the elasticity computation ---
-0.04472235217458123
-0.20991504214811596
--- 0.061415910720825195 seconds for the elasticity computation ---
-0.13869807317261473
-0.26720696519077874
--- 0.06155896186828613 seconds for the elasticity computation ---
Current Time = 22:23:39
grid points for z:  401
grid size for z:  0.025
rho = 1
0.05937926808266887
--- 7.984487295150757 seconds for the elasticity computation ---
0.0
--- 0.06642580032348633 seconds for the elasticity computation ---
0.05937926808266887
--- 0.06605648994445801 seconds for the elasticity computation ---
0.0
--- 0.06615543365478516 seconds for the elasticity computation ---
0.0
--- 0.06623315811157227 seconds for the elasticity computation ---
0.05937926808266887
0.005643940113077034
--- 0.06596875190734863 seconds for the elasticity computation ---
0.05937926808266887
0.005643940113077034
--- 0.06592082977294922 seconds for the elasticity computation ---
0.05937926808266887
0.005643940113077034
--- 0.06583833694458008 seconds for the elasticity computation ---
0.05937926808266887
0.005643940113077034
--- 0.06599068641662598 seconds for the elasticity computation ---
parsed_args = parse_commandline() = Dict{String, Any}("dataname" => "lower_triangular_two_ambiguous_parameters", "clowerlim" => 0.0001, "delta" => 0.01, "boundary" => 0, "Delta" => 10.0, "q" => 0.05, "zmax" => 5.0, "logadjustment" => 1, "zscale" => 2.0, "foc" => 1, "distorted" => 0, "rho" => 1.0, "gamma" => 3.0)
=============================================================
./output/lower_triangular_two_ambiguous_parameters/Delta_10.0_distorted_0/logadjustment_1_boundary_0/zmax_5.0_zscale_2.0/delta_0.01/q_0.05_gamma_3.0_rho_1.0/
=============================================================
solve for structured linear system 
structured_relative_entropy = 0.05128044899603426
=============================================================
solve for unstructured linear system 
q_update = 0.10255050583539374
=============================================================
parsed_args = parse_commandline() = Dict{String, Any}("dataname" => "lower_triangular_two_ambiguous_parameters", "clowerlim" => 0.0001, "delta" => 0.01, "boundary" => 0, "Delta" => 10.0, "q" => 0.05, "zmax" => 5.0, "logadjustment" => 1, "zscale" => 2.0, "foc" => 1, "distorted" => 0, "rho" => 1.0, "gamma" => 3.0)
=============================================================
./output/lower_triangular_two_ambiguous_parameters/Delta_10.0_distorted_0/logadjustment_1_boundary_0/zmax_5.0_zscale_2.0/delta_0.01/q_0.05_gamma_3.0_rho_1.0/
=============================================================
solve for structured linear system 
structured_relative_entropy = 0.05128044899603427
=============================================================
solve for unstructured linear system 
q_update = 0.10255050583539371
=============================================================
Program ends Fri Jan 19 22:24:18 CST 2024
Elapsed time: 0 days 00 hr 01 min 14 sec
