D_10.0_distorted_0_boundary_1_delta_0.015_gamma_1.0_q_0.05_rho_1.0_upper_triangular_four_ambiguous_parameters
Program starts Fri Jan 19 15:59:20 CST 2024
parsed_args = parse_commandline() = Dict{String, Any}("dataname" => "upper_triangular_four_ambiguous_parameters", "clowerlim" => 0.0001, "delta" => 0.015, "boundary" => 1, "Delta" => 10.0, "q" => 0.05, "zmax" => 5.0, "logadjustment" => 1, "zscale" => 2.0, "foc" => 1, "distorted" => 0, "rho" => 1.0, "gamma" => 1.0)
=============================================================
logadjustment: true
reflective_boundary: true
0.1002
U: [1.0331966455186503 0.4546065240282061; 0.0 0.06463435618925897]
L: [1.0331966455186503 0.0; 0.4546065240282061 0.06463435618925897]
[-2.220446049250313e-16 0.0; 0.0 0.0]
sigma_k: [0.010331966455186503, 0.004546065240282061]
sigma_z: [0.0, 0.06463435618925897]
Compute value function WITH ROBUSTNESS
computing undistorted version...
zmax = 5.0, zmin = -5.0, zlength = 401
reflective boundary condition
----------------------------------
Iteration = 1
Distance = 1.224481479462141
v max = -0.8887494418652907
v min = -3.224481479462141
d max = 0.07607142857142857
d min = 0.07607142857142857
dF max = 0.07607142857142857
dB max = 0.07607142857142857
hk max = 0.010331966455186503
hk min = 0.010331966455186503
hz max = 0.004546065240282061
hz min = 0.004546065240282061
lambdaF max = 0.3192694661254032
lambdaF min = 0.01225494967187982
lambdaB max = 0.3192694661254032
lambdaB min = 0.01225494967187982
----------------------------------
----------------------------------
Iteration = 2
Distance = 0.8536316784525093
v max = -0.3986274392886056
v min = -4.07811315791465
d max = 0.07607142857142857
d min = 0.07607142857142857
dF max = 0.07607142857142857
dB max = 0.07607142857142857
hk max = 0.010331966455186503
hk min = 0.010331966455186503
hz max = 0.019665212886895073
hz min = 0.01622577100509957
lambdaF max = 0.6283121063407056
lambdaF min = 0.01225494967187982
lambdaB max = 0.6283121063407343
lambdaB min = 0.01225494967187982
----------------------------------
----------------------------------
Iteration = 3
Distance = 0.552303971249767
v max = -0.15621712410838973
v min = -4.630417129164417
d max = 0.07607142857142857
d min = 0.07607142857142857
dF max = 0.07607142857142857
dB max = 0.07607142857142857
hk max = 0.010331966455186503
hk min = 0.010331966455186503
hz max = 0.03007543519027593
hz min = 0.022220778465897567
lambdaF max = 0.8520316478648948
lambdaF min = 0.01225494967187982
lambdaB max = 0.8555642600497776
lambdaB min = 0.01225494967187982
----------------------------------
----------------------------------
Iteration = 4
Distance = 0.362061843302075
v max = -0.04539089925427876
v min = -4.992478972466492
d max = 0.07607142857142857
d min = 0.07607142857142857
dF max = 0.07607142857142857
dB max = 0.07607142857142857
hk max = 0.010331966455186503
hk min = 0.010331966455186503
hz max = 0.03665970741148457
hz min = 0.025175779596513768
lambdaF max = 0.9876166206440041
lambdaF min = 0.01225494967187982
lambdaB max = 0.9935838251357778
lambdaB min = 0.01225494967187982
----------------------------------
----------------------------------
Iteration = 5
Distance = 0.24119474928372853
v max = -0.002372096086094701
v min = -5.233673721750221
d max = 0.07607142857142857
d min = 0.07607142857142857
dF max = 0.07607142857142857
dB max = 0.07607142857142857
hk max = 0.010331966455186503
hk min = 0.010331966455186503
hz max = 0.040844175398682486
hz min = 0.02681633354628207
lambdaF max = 1.0680699986938698
lambdaF min = 0.01225494967187982
lambdaB max = 1.0756668630532566
lambdaB min = 0.01225494967187982
----------------------------------
----------------------------------
Iteration = 6
Distance = 0.1631506585382958
v max = 0.006689315187089817
v min = -5.396824380288517
d max = 0.07607142857142857
d min = 0.07607142857142857
dF max = 0.07607142857142857
dB max = 0.07607142857142857
hk max = 0.010331966455186503
hk min = 0.010331966455186503
hz max = 0.04351698448194433
hz min = 0.02765849931077674
lambdaF max = 1.1157296028946648
lambdaF min = 0.01225494967187982
lambdaB max = 1.1244005988837307
lambdaB min = 0.01225494967187982
----------------------------------
----------------------------------
Iteration = 7
Distance = 0.11229997360268751
v max = -0.0006752233230955123
v min = -5.509124353891204
d max = 0.07607142857142857
d min = 0.07607142857142857
dF max = 0.07607142857142857
dB max = 0.07607142857142857
hk max = 0.010331966455186503
hk min = 0.010331966455186503
hz max = 0.04522496033471332
hz min = 0.028109224813669974
lambdaF max = 1.1440023905994183
lambdaF min = 0.01225494967187982
lambdaB max = 1.153363349343065
lambdaB min = 0.01225494967187982
----------------------------------
----------------------------------
Iteration = 8
Distance = 0.07889598233419104
v max = -0.015407495632641151
v min = -5.588020336225395
d max = 0.07607142857142857
d min = 0.07607142857142857
dF max = 0.07607142857142857
dB max = 0.07607142857142857
hk max = 0.010331966455186503
hk min = 0.010331966455186503
hz max = 0.04631466843879861
hz min = 0.028350456310086706
lambdaF max = 1.160810534522649
lambdaF min = 0.01225494967187982
lambdaB max = 1.170603060457185
lambdaB min = 0.01225494967187982
----------------------------------
----------------------------------
Iteration = 9
Distance = 0.05673927798215406
v max = -0.03285093404412875
v min = -5.644759614207549
d max = 0.07607142857142857
d min = 0.07607142857142857
dF max = 0.07607142857142857
dB max = 0.07607142857142857
hk max = 0.010331966455186503
hk min = 0.010331966455186503
hz max = 0.04700801958288112
hz min = 0.02848280493804999
lambdaF max = 1.1710022670643465
lambdaF min = 0.01225494967187982
lambdaB max = 1.1808907414777365
lambdaB min = 0.01225494967187982
----------------------------------
----------------------------------
Iteration = 10
Distance = 0.041858387118335116
v max = -0.05063776172302655
v min = -5.6866180013258845
d max = 0.07607142857142857
d min = 0.07607142857142857
dF max = 0.07607142857142857
dB max = 0.07607142857142857
hk max = 0.010331966455186503
hk min = 0.010331966455186503
hz max = 0.04744773044251238
hz min = 0.028556558613811414
lambdaF max = 1.177086565809522
lambdaF min = 0.01225494967187982
lambdaB max = 1.187140649073118
lambdaB min = 0.01225494967187982
----------------------------------
----------------------------------
Iteration = 11
Distance = 0.0317024263620409
v max = -0.0676049988215112
v min = -5.718320427687925
d max = 0.07607142857142857
d min = 0.07607142857142857
dF max = 0.07607142857142857
dB max = 0.07607142857142857
hk max = 0.010331966455186503
hk min = 0.010331966455186503
hz max = 0.04772542233994511
hz min = 0.028598364236664037
lambdaF max = 1.180722976128912
lambdaF min = 0.01225494967187982
lambdaB max = 1.1908783935613008
lambdaB min = 0.01225494967187982
----------------------------------
----------------------------------
Iteration = 12
Distance = 0.024631626361218295
v max = -0.0832281526076826
v min = -5.742952054049144
d max = 0.07607142857142857
d min = 0.07607142857142857
dF max = 0.07607142857142857
dB max = 0.07607142857142857
hk max = 0.010331966455186503
hk min = 0.010331966455186503
hz max = 0.047900035005265094
hz min = 0.028622365856604305
lambdaF max = 1.1828983990979804
lambdaF min = 0.01225494967187982
lambdaB max = 1.193115517368918
lambdaB min = 0.01225494967187982
----------------------------------
----------------------------------
Iteration = 13
Distance = 0.019591540218095282
v max = -0.0973211131673319
v min = -5.762543594267239
d max = 0.07607142857142857
d min = 0.07607142857142857
dF max = 0.07607142857142857
dB max = 0.07607142857142857
hk max = 0.010331966455186503
hk min = 0.010331966455186503
hz max = 0.04800934198418238
hz min = 0.028636291352735925
lambdaF max = 1.1842007964948413
lambdaF min = 0.01225494967187982
lambdaB max = 1.1944553503898583
lambdaB min = 0.01225494967187982
----------------------------------
----------------------------------
Iteration = 14
Distance = 0.015903553032985407
v max = -0.10987429391305313
v min = -5.778447147300224
d max = 0.07607142857142857
d min = 0.07607142857142857
dF max = 0.07607142857142857
dB max = 0.07607142857142857
hk max = 0.010331966455186503
hk min = 0.010331966455186503
hz max = 0.04807746398368577
hz min = 0.028644436025297152
lambdaF max = 1.1849809965024125
lambdaF min = 0.01225494967187982
lambdaB max = 1.195258204907689
lambdaB min = 0.01225494967187982
----------------------------------
----------------------------------
Iteration = 15
Distance = 0.013129986250010717
v max = -0.12096643406637896
v min = -5.791577133550235
d max = 0.07607142857142857
d min = 0.07607142857142857
dF max = 0.07607142857142857
dB max = 0.07607142857142857
hk max = 0.010331966455186503
hk min = 0.010331966455186503
hz max = 0.04811973603683821
hz min = 0.0286492293464006
lambdaF max = 1.1854485990411985
lambdaF min = 0.01225494967187982
lambdaB max = 1.1957394908884624
lambdaB min = 0.01225494967187982
----------------------------------
----------------------------------
Iteration = 16
Distance = 0.010987331297561909
v max = -0.1307163558312681
v min = -5.802564464847797
d max = 0.07607142857142857
d min = 0.07607142857142857
dF max = 0.07607142857142857
dB max = 0.07607142857142857
hk max = 0.010331966455186503
hk min = 0.010331966455186503
hz max = 0.048145860260114436
hz min = 0.02865206374385879
lambdaF max = 1.1857289568651954
lambdaF min = 0.01225494967187982
lambdaB max = 1.196028101854851
lambdaB min = 0.01225494967187982
----------------------------------
----------------------------------
Iteration = 17
Distance = 0.009290586628452502
v max = -0.1392567562054504
v min = -5.8118550514762495
d max = 0.07607142857142857
d min = 0.07607142857142857
dF max = 0.07607142857142857
dB max = 0.07607142857142857
hk max = 0.010331966455186503
hk min = 0.010331966455186503
hz max = 0.04816194380779252
hz min = 0.028653745847031842
lambdaF max = 1.1858970998098766
lambdaF min = 0.01225494967187982
lambdaB max = 1.1962012173687648
lambdaB min = 0.01225494967187982
----------------------------------
----------------------------------
Iteration = 18
Distance = 0.00791766939176064
v max = -0.14672027456971717
v min = -5.81977272086801
d max = 0.07607142857142857
d min = 0.07607142857142857
dF max = 0.07607142857142857
dB max = 0.07607142857142857
hk max = 0.010331966455186503
hk min = 0.010331966455186503
hz max = 0.04817181136073494
hz min = 0.028654746850433253
lambdaF max = 1.1859979663638176
lambdaF min = 0.01225494967187982
lambdaB max = 1.19630507751791
lambdaB min = 0.01225494967187982
----------------------------------
----------------------------------
Iteration = 19
Distance = 0.0067867423102940805
v max = -0.15323243346929485
v min = -5.826559463178304
d max = 0.07607142857142857
d min = 0.07607142857142857
dF max = 0.07607142857142857
dB max = 0.07607142857142857
hk max = 0.010331966455186503
hk min = 0.010331966455186503
hz max = 0.048177846326450884
hz min = 0.028655343777908078
lambdaF max = 1.1860584860236554
lambdaF min = 0.01225494967187982
lambdaB max = 1.1963673982864789
lambdaB min = 0.01225494967187982
----------------------------------
----------------------------------
Iteration = 20
Distance = 0.005841813842643262
v max = -0.15890841893797708
v min = -5.8324012770209475
d max = 0.07607142857142857
d min = 0.07607142857142857
dF max = 0.07607142857142857
dB max = 0.07607142857142857
hk max = 0.010331966455186503
hk min = 0.010331966455186503
hz max = 0.04818152700178365
hz min = 0.028655700306177628
lambdaF max = 1.1860948029705811
lambdaF min = 0.01225494967187982
lambdaB max = 1.1964047983722348
lambdaB min = 0.01225494967187982
----------------------------------
----------------------------------
Iteration = 21
Distance = 0.005043612607595449
v max = -0.1638519810893825
v min = -5.837444889628543
d max = 0.07607142857142857
d min = 0.07607142857142857
dF max = 0.07607142857142857
dB max = 0.07607142857142857
hk max = 0.010331966455186503
hk min = 0.010331966455186503
hz max = 0.04818376630614394
hz min = 0.028655913506918713
lambdaF max = 1.1861165987394997
lambdaF min = 0.01225494967187982
lambdaB max = 1.1964272452786604
lambdaB min = 0.01225494967187982
----------------------------------
----------------------------------
Iteration = 22
Distance = 0.004363808117521906
v max = -0.1681554755648713
v min = -5.841808697746065
d max = 0.07607142857142857
d min = 0.07607142857142857
dF max = 0.07607142857142857
dB max = 0.07607142857142857
hk max = 0.010331966455186503
hk min = 0.010331966455186503
hz max = 0.04818512577559248
hz min = 0.028656041116212966
lambdaF max = 1.1861296807472463
lambdaF min = 0.01225494967187982
lambdaB max = 1.1964407186150199
lambdaB min = 0.01225494967187982
----------------------------------
----------------------------------
Iteration = 23
Distance = 0.0037813454897861476
v max = -0.17190048789072124
v min = -5.845590043235851
d max = 0.07607142857142857
d min = 0.07607142857142857
dF max = 0.07607142857142857
dB max = 0.07607142857142857
hk max = 0.010331966455186503
hk min = 0.010331966455186503
hz max = 0.048185949580002066
hz min = 0.02865611754928457
lambdaF max = 1.1861375332404722
lambdaF min = 0.01225494967187982
lambdaB max = 1.196448806243402
lambdaB min = 0.01225494967187982
----------------------------------
----------------------------------
Iteration = 24
Distance = 0.003280111081599202
v max = -0.17515872483558637
v min = -5.84887015431745
d max = 0.07607142857142857
d min = 0.07607142857142857
dF max = 0.07607142857142857
dB max = 0.07607142857142857
hk max = 0.010331966455186503
hk min = 0.010331966455186503
hz max = 0.048186447997352076
hz min = 0.028656163354504008
lambdaF max = 1.1861422469747618
lambdaF min = 0.01225494967187982
lambdaB max = 1.1964536612386687
lambdaB min = 0.01225494967187982
----------------------------------
----------------------------------
Iteration = 25
Distance = 0.0028474342824846843
v max = -0.17799299652581765
v min = -5.851717588599935
d max = 0.07607142857142857
d min = 0.07607142857142857
dF max = 0.07607142857142857
dB max = 0.07607142857142857
hk max = 0.010331966455186503
hk min = 0.010331966455186503
hz max = 0.04818674914566383
hz min = 0.028656190816331546
lambdaF max = 1.1861450766839305
lambdaF min = 0.01225494967187982
lambdaB max = 1.1964565758015102
lambdaB min = 0.01225494967187982
----------------------------------
----------------------------------
Iteration = 26
Distance = 0.002473114431873036
v max = -0.18045819375678707
v min = -5.854190703031808
d max = 0.07607142857142857
d min = 0.07607142857142857
dF max = 0.07607142857142857
dB max = 0.07607142857142857
hk max = 0.010331966455186503
hk min = 0.010331966455186503
hz max = 0.04818693089701084
hz min = 0.028656207285953913
lambdaF max = 1.186146775450068
lambdaF min = 0.01225494967187982
lambdaB max = 1.196458325533022
lambdaB min = 0.01225494967187982
----------------------------------
----------------------------------
Iteration = 27
Distance = 0.002148778148073127
v max = -0.18260221139829746
v min = -5.856339481179881
d max = 0.07607142857142857
d min = 0.07607142857142857
dF max = 0.07607142857142857
dB max = 0.07607142857142857
hk max = 0.010331966455186503
hk min = 0.010331966455186503
hz max = 0.04818704048545892
hz min = 0.028656217165707515
lambdaF max = 1.1861477953023203
lambdaF min = 0.01225494967187982
lambdaB max = 1.1964593759941429
lambdaB min = 0.01225494967187982
----------------------------------
----------------------------------
Iteration = 28
Distance = 0.0018674455412339697
v max = -0.18446679531533197
v min = -5.858206926721115
d max = 0.07607142857142857
d min = 0.07607142857142857
dF max = 0.07607142857142857
dB max = 0.07607142857142857
hk max = 0.010331966455186503
hk min = 0.010331966455186503
hz max = 0.04818710651082723
hz min = 0.0286562230934958
lambdaF max = 1.1861484075826423
lambdaF min = 0.01225494967187982
lambdaB max = 1.1964600066563909
lambdaB min = 0.01225494967187982
----------------------------------
----------------------------------
Iteration = 29
Distance = 0.0016232295786107187
v max = -0.1860883051162475
v min = -5.859830156299726
d max = 0.07607142857142857
d min = 0.07607142857142857
dF max = 0.07607142857142857
dB max = 0.07607142857142857
hk max = 0.010331966455186503
hk min = 0.010331966455186503
hz max = 0.048187146264276545
hz min = 0.028656226650666243
lambdaF max = 1.1861487751785755
lambdaF min = 0.01225494967187982
lambdaB max = 1.196460385290921
lambdaB min = 0.01225494967187982
----------------------------------
----------------------------------
Iteration = 30
Distance = 0.0014111213963552416
v max = -0.18749839315435193
v min = -5.861241277696081
d max = 0.07607142857142857
d min = 0.07607142857142857
dF max = 0.07607142857142857
dB max = 0.07607142857142857
hk max = 0.010331966455186503
hk min = 0.010331966455186503
hz max = 0.04818717018677698
hz min = 0.028656228785518063
lambdaF max = 1.1861489958757971
lambdaF min = 0.01225494967187982
lambdaB max = 1.196460612616801
lambdaB min = 0.01225494967187982
----------------------------------
----------------------------------
Iteration = 31
Distance = 0.0012268320574824187
v max = -0.18872460439458955
v min = -5.862468109753563
d max = 0.07607142857142857
d min = 0.07607142857142857
dF max = 0.07607142857142857
dB max = 0.07607142857142857
hk max = 0.010331966455186503
hk min = 0.010331966455186503
hz max = 0.0481871845763595
hz min = 0.028656230066876412
lambdaF max = 1.1861491283793992
lambdaF min = 0.01225494967187982
lambdaB max = 1.1964607491007122
lambdaB min = 0.01225494967187982
----------------------------------
----------------------------------
Iteration = 32
Distance = 0.0010666722211247759
v max = -0.189790903688972
v min = -5.863534781974688
d max = 0.07607142857142857
d min = 0.07607142857142857
dF max = 0.07607142857142857
dB max = 0.07607142857142857
hk max = 0.010331966455186503
hk min = 0.010331966455186503
hz max = 0.04818719322872537
hz min = 0.02865623083601498
lambdaF max = 1.1861492079334284
lambdaF min = 0.01225494967187982
lambdaB max = 1.19646083104478
lambdaB min = 0.01225494967187982
----------------------------------
----------------------------------
Iteration = 33
Distance = 0.0009274579731171073
v max = -0.19071813766594803
v min = -5.864462239947805
d max = 0.07607142857142857
d min = 0.07607142857142857
dF max = 0.07607142857142857
dB max = 0.07607142857142857
hk max = 0.010331966455186503
hk min = 0.010331966455186503
hz max = 0.04818719842982873
hz min = 0.028656231297718392
lambdaF max = 1.1861492556973041
lambdaF min = 0.01225494967187982
lambdaB max = 1.1964608802436956
lambdaB min = 0.01225494967187982
----------------------------------
----------------------------------
Iteration = 34
Distance = 0.0008064352712402467
v max = -0.19152443840593578
v min = -5.8652686752190455
d max = 0.07607142857142857
d min = 0.07607142857142857
dF max = 0.07607142857142857
dB max = 0.07607142857142857
hk max = 0.010331966455186503
hk min = 0.010331966455186503
hz max = 0.04818720155558067
hz min = 0.028656231574884932
lambdaF max = 1.1861492843746215
lambdaF min = 0.01225494967187982
lambdaB max = 1.19646090978271
lambdaB min = 0.01225494967187982
----------------------------------
----------------------------------
Iteration = 35
Distance = 0.0007012180708265703
v max = -0.1922255756829022
v min = -5.865969893289872
d max = 0.07607142857142857
d min = 0.07607142857142857
dF max = 0.07607142857142857
dB max = 0.07607142857142857
hk max = 0.010331966455186503
hk min = 0.010331966455186503
hz max = 0.04818720343373041
hz min = 0.028656231741277224
lambdaF max = 1.1861493015924787
lambdaF min = 0.01225494967187982
lambdaB max = 1.196460927517966
lambdaB min = 0.01225494967187982
----------------------------------
----------------------------------
Iteration = 36
Distance = 0.0006097368290864935
v max = -0.19283526399303383
v min = -5.8665796301189586
d max = 0.07607142857142857
d min = 0.07607142857142857
dF max = 0.07607142857142857
dB max = 0.07607142857142857
hk max = 0.010331966455186503
hk min = 0.010331966455186503
hz max = 0.048187204562064156
hz min = 0.028656231841170797
lambdaF max = 1.1861493119302124
lambdaF min = 0.01225494967187982
lambdaB max = 1.196460938166331
lambdaB min = 0.01225494967187982
----------------------------------
----------------------------------
Iteration = 37
Distance = 0.0005301951180056719
v max = -0.19336542997523515
v min = -5.867109825236964
d max = 0.07607142857142857
d min = 0.07607142857142857
dF max = 0.07607142857142857
dB max = 0.07607142857142857
hk max = 0.010331966455186503
hk min = 0.010331966455186503
hz max = 0.04818720523986213
hz min = 0.028656231901143147
lambdaF max = 1.1861493181369622
lambdaF min = 0.01225494967187982
lambdaB max = 1.1964609445596115
lambdaB min = 0.01225494967187982
----------------------------------
----------------------------------
Iteration = 38
Distance = 0.0004610327345542231
v max = -0.19382644521420248
v min = -5.8675708579715184
d max = 0.07607142857142857
d min = 0.07607142857142857
dF max = 0.07607142857142857
dB max = 0.07607142857142857
hk max = 0.010331966455186503
hk min = 0.010331966455186503
hz max = 0.04818720564697307
hz min = 0.028656231937149005
lambdaF max = 1.1861493218635601
lambdaF min = 0.01225494967187982
lambdaB max = 1.1964609483981854
lambdaB min = 0.01225494967187982
----------------------------------
----------------------------------
Iteration = 39
Distance = 0.00040089412740407226
v max = -0.1942273288360542
v min = -5.8679717520989225
d max = 0.07607142857142857
d min = 0.07607142857142857
dF max = 0.07607142857142857
dB max = 0.07607142857142857
hk max = 0.010331966455186503
hk min = 0.010331966455186503
hz max = 0.04818720589147569
hz min = 0.028656231958766053
lambdaF max = 1.1861493241009868
lambdaF min = 0.01225494967187982
lambdaB max = 1.1964609507028796
lambdaB min = 0.01225494967187982
----------------------------------
----------------------------------
Iteration = 40
Distance = 0.00034860124543989457
v max = -0.19457592377336966
v min = -5.868320353344362
d max = 0.07607142857142857
d min = 0.07607142857142857
dF max = 0.07607142857142857
dB max = 0.07607142857142857
hk max = 0.010331966455186503
hk min = 0.010331966455186503
hz max = 0.0481872060383178
hz min = 0.028656231971744665
lambdaF max = 1.1861493254443607
lambdaF min = 0.01225494967187982
lambdaB max = 1.1964609520866334
lambdaB min = 0.01225494967187982
----------------------------------
----------------------------------
Iteration = 41
Distance = 0.0003031301104554629
v max = -0.1948790500961275
v min = -5.868623483454818
d max = 0.07607142857142857
d min = 0.07607142857142857
dF max = 0.07607142857142857
dB max = 0.07607142857142857
hk max = 0.010331966455186503
hk min = 0.010331966455186503
hz max = 0.0481872061264947
hz min = 0.028656231979537067
lambdaF max = 1.1861493262509784
lambdaF min = 0.01225494967187982
lambdaB max = 1.1964609529174668
lambdaB min = 0.01225494967187982
----------------------------------
----------------------------------
Iteration = 42
Distance = 0.0002635905553258766
v max = -0.1951426383771741
v min = -5.868887074010144
d max = 0.07607142857142857
d min = 0.07607142857142857
dF max = 0.07607142857142857
dB max = 0.07607142857142857
hk max = 0.010331966455186503
hk min = 0.010331966455186503
hz max = 0.04818720617944677
hz min = 0.02865623198421544
lambdaF max = 1.18614932673518
lambdaF min = 0.01225494967187982
lambdaB max = 1.1964609534163042
lambdaB min = 0.01225494967187982
----------------------------------
----------------------------------
Iteration = 43
Distance = 0.00022920867111597687
v max = -0.19537184568273416
v min = -5.86911628268126
d max = 0.07607142857142857
d min = 0.07607142857142857
dF max = 0.07607142857142857
dB max = 0.07607142857142857
hk max = 0.010331966455186503
hk min = 0.010331966455186503
hz max = 0.04818720621124786
hz min = 0.028656231987024428
lambdaF max = 1.1861493270259633
lambdaF min = 0.01225494967187982
lambdaB max = 1.1964609537157755
lambdaB min = 0.01225494967187982
----------------------------------
----------------------------------
Iteration = 44
Distance = 0.0001993115832297221
v max = -0.19557115644605375
v min = -5.8693155942644895
d max = 0.07607142857142857
d min = 0.07607142857142857
dF max = 0.07607142857142857
dB max = 0.07607142857142857
hk max = 0.010331966455186503
hk min = 0.010331966455186503
hz max = 0.04818720623034138
hz min = 0.028656231988710895
lambdaF max = 1.1861493272005832
lambdaF min = 0.01225494967187982
lambdaB max = 1.1964609538956146
lambdaB min = 0.01225494967187982
----------------------------------
----------------------------------
Iteration = 45
Distance = 0.00017331423725419626
v max = -0.1957444701910133
v min = -5.869488908501744
d max = 0.07607142857142857
d min = 0.07607142857142857
dF max = 0.07607142857142857
dB max = 0.07607142857142857
hk max = 0.010331966455186503
hk min = 0.010331966455186503
hz max = 0.048187206241799785
hz min = 0.02865623198972334
lambdaF max = 1.186149327305349
lambdaF min = 0.01225494967187982
lambdaB max = 1.1964609540035616
lambdaB min = 0.01225494967187982
----------------------------------
----------------------------------
Iteration = 46
Distance = 0.00015070792255222898
v max = -0.19589517781797508
v min = -5.869639616424296
d max = 0.07607142857142857
d min = 0.07607142857142857
dF max = 0.07607142857142857
dB max = 0.07607142857142857
hk max = 0.010331966455186503
hk min = 0.010331966455186503
hz max = 0.04818720624868631
hz min = 0.02865623199033142
lambdaF max = 1.1861493273683332
lambdaF min = 0.01225494967187982
lambdaB max = 1.1964609540683921
lambdaB min = 0.01225494967187982
----------------------------------
----------------------------------
Iteration = 47
Distance = 0.00013105030147642083
v max = -0.19602622794197427
v min = -5.869770666725772
d max = 0.07607142857142857
d min = 0.07607142857142857
dF max = 0.07607142857142857
dB max = 0.07607142857142857
hk max = 0.010331966455186503
hk min = 0.010331966455186503
hz max = 0.0481872062528219
hz min = 0.028656231990696383
lambdaF max = 1.1861493274061172
lambdaF min = 0.01225494967187982
lambdaB max = 1.1964609541073532
lambdaB min = 0.01225494967187982
----------------------------------
----------------------------------
Iteration = 48
Distance = 0.00011395674429248714
v max = -0.19614018457970425
v min = -5.869884623470065
d max = 0.07607142857142857
d min = 0.07607142857142857
dF max = 0.07607142857142857
dB max = 0.07607142857142857
hk max = 0.010331966455186503
hk min = 0.010331966455186503
hz max = 0.04818720625530187
hz min = 0.02865623199091546
lambdaF max = 1.1861493274288193
lambdaF min = 0.01225494967187982
lambdaB max = 1.1964609541307234
lambdaB min = 0.01225494967187982
----------------------------------
----------------------------------
Iteration = 49
Distance = 9.90927973472111e-5
v max = -0.19623927731306748
v min = -5.869983716267412
d max = 0.07607142857142857
d min = 0.07607142857142857
dF max = 0.07607142857142857
dB max = 0.07607142857142857
hk max = 0.010331966455186503
hk min = 0.010331966455186503
hz max = 0.04818720625679675
hz min = 0.02865623199104714
lambdaF max = 1.1861493274424342
lambdaF min = 0.01225494967187982
lambdaB max = 1.1964609541447209
lambdaB min = 0.01225494967187982
----------------------------------
----------------------------------
Iteration = 50
Distance = 8.616763558411122e-5
v max = -0.19632544491024023
v min = -5.870069883902996
d max = 0.07607142857142857
d min = 0.07607142857142857
dF max = 0.07607142857142857
dB max = 0.07607142857142857
hk max = 0.010331966455186503
hk min = 0.010331966455186503
hz max = 0.0481872062576877
hz min = 0.028656231991126147
lambdaF max = 1.1861493274506159
lambdaF min = 0.01225494967187982
lambdaB max = 1.1964609541531566
lambdaB min = 0.01225494967187982
----------------------------------
----------------------------------
Iteration = 51
Distance = 7.49283702043968e-5
v max = -0.19640037325737617
v min = -5.8701448122732005
d max = 0.07607142857142857
d min = 0.07607142857142857
dF max = 0.07607142857142857
dB max = 0.07607142857142857
hk max = 0.010331966455186503
hk min = 0.010331966455186503
hz max = 0.04818720625822273
hz min = 0.028656231991173505
lambdaF max = 1.1861493274555182
lambdaF min = 0.01225494967187982
lambdaB max = 1.1964609541582178
lambdaB min = 0.01225494967187982
----------------------------------
----------------------------------
Iteration = 52
Distance = 6.515509937621289e-5
v max = -0.1964655283429036
v min = -5.870209967372577
d max = 0.07607142857142857
d min = 0.07607142857142857
dF max = 0.07607142857142857
dB max = 0.07607142857142857
hk max = 0.010331966455186503
hk min = 0.010331966455186503
hz max = 0.0481872062585511
hz min = 0.028656231991202066
lambdaF max = 1.1861493274584847
lambdaF min = 0.01225494967187982
lambdaB max = 1.1964609541612798
lambdaB min = 0.01225494967187982
----------------------------------
----------------------------------
Iteration = 53
Distance = 5.665660505993486e-5
v max = -0.19652218493965065
v min = -5.870266623977637
d max = 0.07607142857142857
d min = 0.07607142857142857
dF max = 0.07607142857142857
dB max = 0.07607142857142857
hk max = 0.010331966455186503
hk min = 0.010331966455186503
hz max = 0.04818720625874399
hz min = 0.028656231991219146
lambdaF max = 1.1861493274602333
lambdaF min = 0.01225494967187982
lambdaB max = 1.1964609541630606
lambdaB min = 0.01225494967187982
----------------------------------
----------------------------------
Iteration = 54
Distance = 4.9266611241272074e-5
v max = -0.19657145154590114
v min = -5.870315890588878
d max = 0.07607142857142857
d min = 0.07607142857142857
dF max = 0.07607142857142857
dB max = 0.07607142857142857
hk max = 0.010331966455186503
hk min = 0.010331966455186503
hz max = 0.0481872062588565
hz min = 0.028656231991229405
lambdaF max = 1.186149327461295
lambdaF min = 0.01225494967187982
lambdaB max = 1.1964609541642168
lambdaB min = 0.01225494967187982
----------------------------------
----------------------------------
Iteration = 55
Distance = 4.284053039071978e-5
v max = -0.19661429207330305
v min = -5.870358731119269
d max = 0.07607142857142857
d min = 0.07607142857142857
dF max = 0.07607142857142857
dB max = 0.07607142857142857
hk max = 0.010331966455186503
hk min = 0.010331966455186503
hz max = 0.04818720625892539
hz min = 0.028656231991235508
lambdaF max = 1.186149327461951
lambdaF min = 0.01225494967187982
lambdaB max = 1.196460954164873
lambdaB min = 0.01225494967187982
----------------------------------
----------------------------------
Iteration = 56
Distance = 3.725263446430205e-5
v max = -0.1966515447059663
v min = -5.870395983753733
d max = 0.07607142857142857
d min = 0.07607142857142857
dF max = 0.07607142857142857
dB max = 0.07607142857142857
hk max = 0.010331966455186503
hk min = 0.010331966455186503
hz max = 0.048187206258966726
hz min = 0.028656231991239164
lambdaF max = 1.186149327462357
lambdaF min = 0.01225494967187982
lambdaB max = 1.1964609541653415
lambdaB min = 0.01225494967187982
----------------------------------
----------------------------------
Iteration = 57
Distance = 3.2393594781687796e-5
v max = -0.19668393829967054
v min = -5.870428377348515
d max = 0.07607142857142857
d min = 0.07607142857142857
dF max = 0.07607142857142857
dB max = 0.07607142857142857
hk max = 0.010331966455186503
hk min = 0.010331966455186503
hz max = 0.04818720625899658
hz min = 0.028656231991241607
lambdaF max = 1.1861493274625754
lambdaF min = 0.01225494967187982
lambdaB max = 1.1964609541654978
lambdaB min = 0.01225494967187982
----------------------------------
----------------------------------
Iteration = 58
Distance = 2.81683430509716e-5
v max = -0.1967121066420705
v min = -5.870456545691566
d max = 0.07607142857142857
d min = 0.07607142857142857
dF max = 0.07607142857142857
dB max = 0.07607142857142857
hk max = 0.010331966455186503
hk min = 0.010331966455186503
hz max = 0.04818720625900806
hz min = 0.028656231991242898
lambdaF max = 1.1861493274627004
lambdaF min = 0.01225494967187982
lambdaB max = 1.1964609541656226
lambdaB min = 0.01225494967187982
----------------------------------
----------------------------------
Iteration = 59
Distance = 2.4494211200654092e-5
v max = -0.19673660085288222
v min = -5.870481039902766
d max = 0.07607142857142857
d min = 0.07607142857142857
dF max = 0.07607142857142857
dB max = 0.07607142857142857
hk max = 0.010331966455186503
hk min = 0.010331966455186503
hz max = 0.048187206259021835
hz min = 0.028656231991243685
lambdaF max = 1.186149327462794
lambdaF min = 0.01225494967187982
lambdaB max = 1.1964609541656852
lambdaB min = 0.01225494967187982
----------------------------------
----------------------------------
Iteration = 60
Distance = 2.1299314001410607e-5
v max = -0.19675790016664985
v min = -5.870502339216768
d max = 0.07607142857142857
d min = 0.07607142857142857
dF max = 0.07607142857142857
dB max = 0.07607142857142857
hk max = 0.010331966455186503
hk min = 0.010331966455186503
hz max = 0.048187206259028725
hz min = 0.028656231991244115
lambdaF max = 1.186149327462794
lambdaF min = 0.01225494967187982
lambdaB max = 1.196460954165779
lambdaB min = 0.01225494967187982
----------------------------------
----------------------------------
Iteration = 61
Distance = 1.8521142560956605e-5
v max = -0.19677642130906803
v min = -5.870520860359329
d max = 0.07607142857142857
d min = 0.07607142857142857
dF max = 0.07607142857142857
dB max = 0.07607142857142857
hk max = 0.010331966455186503
hk min = 0.010331966455186503
hz max = 0.048187206259028725
hz min = 0.028656231991244476
lambdaF max = 1.1861493274628565
lambdaF min = 0.01225494967187982
lambdaB max = 1.196460954165779
lambdaB min = 0.01225494967187982
----------------------------------
----------------------------------
Iteration = 62
Distance = 1.6105341321015487e-5
v max = -0.19679252665030764
v min = -5.87053696570065
d max = 0.07607142857142857
d min = 0.07607142857142857
dF max = 0.07607142857142857
dB max = 0.07607142857142857
hk max = 0.010331966455186503
hk min = 0.010331966455186503
hz max = 0.04818720625903102
hz min = 0.02865623199124462
lambdaF max = 1.1861493274628878
lambdaF min = 0.01225494967187982
lambdaB max = 1.1964609541658102
lambdaB min = 0.01225494967187982
----------------------------------
----------------------------------
Iteration = 63
Distance = 1.400464460932227e-5
v max = -0.1968065312948676
v min = -5.870550970345259
d max = 0.07607142857142857
d min = 0.07607142857142857
dF max = 0.07607142857142857
dB max = 0.07607142857142857
hk max = 0.010331966455186503
hk min = 0.010331966455186503
hz max = 0.04818720625903102
hz min = 0.02865623199124469
lambdaF max = 1.1861493274628878
lambdaF min = 0.01225494967187982
lambdaB max = 1.1964609541658102
lambdaB min = 0.01225494967187982
----------------------------------
----------------------------------
Iteration = 64
Distance = 1.2177951825620426e-5
v max = -0.1968187092466605
v min = -5.870563148297084
d max = 0.07607142857142857
d min = 0.07607142857142857
dF max = 0.07607142857142857
dB max = 0.07607142857142857
hk max = 0.010331966455186503
hk min = 0.010331966455186503
hz max = 0.048187206259035616
hz min = 0.028656231991244764
lambdaF max = 1.1861493274628565
lambdaF min = 0.01225494967187982
lambdaB max = 1.1964609541658102
lambdaB min = 0.01225494967187982
----------------------------------
----------------------------------
Iteration = 65
Distance = 1.0589523314674665e-5
v max = -0.19682929876996105
v min = -5.8705737378203935
d max = 0.07607142857142857
d min = 0.07607142857142857
dF max = 0.07607142857142857
dB max = 0.07607142857142857
hk max = 0.010331966455186503
hk min = 0.010331966455186503
hz max = 0.04818720625903332
hz min = 0.028656231991244764
lambdaF max = 1.1861493274628878
lambdaF min = 0.01225494967187982
lambdaB max = 1.1964609541658102
lambdaB min = 0.01225494967187982
----------------------------------
----------------------------------
Iteration = 66
Distance = 9.208281150918651e-6
v max = -0.19683850705109215
v min = -5.870582946101541
d max = 0.07607142857142857
d min = 0.07607142857142857
dF max = 0.07607142857142857
dB max = 0.07607142857142857
hk max = 0.010331966455186503
hk min = 0.010331966455186503
hz max = 0.04818720625903332
hz min = 0.028656231991244764
lambdaF max = 1.186149327462919
lambdaF min = 0.01225494967187982
lambdaB max = 1.196460954165904
lambdaB min = 0.01225494967187982
----------------------------------
    Value Function Converged, Iteration = 66 with gamma=1.0 with rho=1.0 and v=-2.5798672882870575
    Reflective boundary condition
=============================================================
Convegence time (minutes): 0.11054431316666666
Current Time = 15:59:53
grid points for z:  401
grid size for z:  0.025
-0.021235425206903507
-0.12587056604727961
--- 8.774617671966553 seconds for the elasticity computation ---
0.0
0.0
--- 0.2258307933807373 seconds for the elasticity computation ---
-0.021235425206903507
-0.12587056604727961
--- 0.22561264038085938 seconds for the elasticity computation ---
-0.09559002629393239
-0.1333095818950139
--- 0.22496652603149414 seconds for the elasticity computation ---
Current Time = 16:00:05
grid points for z:  401
grid size for z:  0.025
rho = 1
0.05935460108702888
--- 8.505697965621948 seconds for the elasticity computation ---
0.0
--- 0.06778192520141602 seconds for the elasticity computation ---
0.05935460108702888
--- 0.06694650650024414 seconds for the elasticity computation ---
0.0
--- 0.06660127639770508 seconds for the elasticity computation ---
0.0
--- 0.06674075126647949 seconds for the elasticity computation ---
0.05935460108702888
0.007439015847734282
--- 0.06657290458679199 seconds for the elasticity computation ---
0.05935460108702888
0.007439015847734282
--- 0.06638646125793457 seconds for the elasticity computation ---
0.05935460108702888
0.007439015847734282
--- 0.06655621528625488 seconds for the elasticity computation ---
0.05935460108702888
0.007439015847734282
--- 0.06674623489379883 seconds for the elasticity computation ---
parsed_args = parse_commandline() = Dict{String, Any}("dataname" => "upper_triangular_four_ambiguous_parameters", "clowerlim" => 0.0001, "delta" => 0.015, "boundary" => 1, "Delta" => 10.0, "q" => 0.05, "zmax" => 5.0, "logadjustment" => 1, "zscale" => 2.0, "foc" => 1, "distorted" => 0, "rho" => 1.0, "gamma" => 1.0)
=============================================================
./output/upper_triangular_four_ambiguous_parameters/Delta_10.0_distorted_0/logadjustment_1_boundary_1/zmax_5.0_zscale_2.0/delta_0.015/q_0.05_gamma_1.0_rho_1.0/
=============================================================
solve for structured linear system 
structured_relative_entropy = 0.050647272001037955
=============================================================
solve for unstructured linear system 
q_update = 0.0
=============================================================
parsed_args = parse_commandline() = Dict{String, Any}("dataname" => "upper_triangular_four_ambiguous_parameters", "clowerlim" => 0.0001, "delta" => 0.015, "boundary" => 1, "Delta" => 10.0, "q" => 0.05, "zmax" => 5.0, "logadjustment" => 1, "zscale" => 2.0, "foc" => 1, "distorted" => 0, "rho" => 1.0, "gamma" => 1.0)
=============================================================
./output/upper_triangular_four_ambiguous_parameters/Delta_10.0_distorted_0/logadjustment_1_boundary_1/zmax_5.0_zscale_2.0/delta_0.015/q_0.05_gamma_1.0_rho_1.0/
=============================================================
solve for structured linear system 
structured_relative_entropy = 0.050647272001037955
=============================================================
solve for unstructured linear system 
q_update = 0.0
=============================================================
Program ends Fri Jan 19 16:00:47 CST 2024
Elapsed time: 0 days 00 hr 01 min 27 sec
