D_10.0_distorted_0_boundary_0_delta_0.02_gamma_8.0_q_0.05_rho_1.0_lower_triangular_two_ambiguous_parameters
Program starts Fri Jan 19 22:23:22 CST 2024
parsed_args = parse_commandline() = Dict{String, Any}("dataname" => "lower_triangular_two_ambiguous_parameters", "clowerlim" => 0.0001, "delta" => 0.02, "boundary" => 0, "Delta" => 10.0, "q" => 0.05, "zmax" => 5.0, "logadjustment" => 1, "zscale" => 2.0, "foc" => 1, "distorted" => 0, "rho" => 1.0, "gamma" => 8.0)
=============================================================
logadjustment: true
reflective_boundary: false
0.109
sigma_k: [0.011287880226154068, 0.0]
sigma_z: [0.026030751045638307, 0.05916079783099616]
Compute value function WITH ROBUSTNESS
computing undistorted version...
zmax = 5.0, zmin = -5.0, zlength = 401
natural boundary condition
----------------------------------
Iteration = 1
Distance = 1.214321602969303
v max = -0.9415943302420312
v min = -3.214321602969303
d max = 0.07672413793103448
d min = 0.07672413793103448
dF max = 0.07672413793103448
dB max = 0.07672413793103448
hk max = 0.011287880226154068
hk min = 0.011287880226154068
hz max = 0.0
hz min = 0.0
lambdaF max = Inf
lambdaF min = 0.008624482946382158
lambdaB max = Inf
lambdaB min = 0.008624482946382158
----------------------------------
----------------------------------
Iteration = 2
Distance = 0.8798619458175656
v max = -0.5724078040435578
v min = -4.0941835487868685
d max = 0.07672413793103448
d min = 0.07672413793103448
dF max = 0.07672413793103448
dB max = 0.07672413793103448
hk max = 0.01720396000925524
hk min = 0.017203960009252003
hz max = 0.01344563587068448
hz min = 0.013445635870677125
lambdaF max = Inf
lambdaF min = 0.008624482946382158
lambdaB max = Inf
lambdaB min = 0.008624482946382158
----------------------------------
----------------------------------
Iteration = 3
Distance = 0.5854173542694232
v max = -0.4227260747077788
v min = -4.679600903056292
d max = 0.07672413793103448
d min = 0.07672413793103448
dF max = 0.07672413793103448
dB max = 0.07672413793103448
hk max = 0.021393288376144855
hk min = 0.019517365606159826
hz max = 0.022966836704524516
hz min = 0.01870337586364946
lambdaF max = Inf
lambdaF min = 0.008624482946382158
lambdaB max = Inf
lambdaB min = 0.008624482946382158
----------------------------------
----------------------------------
Iteration = 4
Distance = 0.39983719792269934
v max = -0.38031586134104806
v min = -5.079438100978991
d max = 0.07672413793103448
d min = 0.07672413793103448
dF max = 0.07672413793103448
dB max = 0.07672413793103448
hk max = 0.024037568282522785
hk min = 0.020662171453968432
hz max = 0.028976563764474363
hz min = 0.021305207335941743
lambdaF max = Inf
lambdaF min = 0.008624482946382158
lambdaB max = Inf
lambdaB min = 0.008624482946382158
----------------------------------
----------------------------------
Iteration = 5
Distance = 0.2805029316687513
v max = -0.3856873318148595
v min = -5.359941032647742
d max = 0.07672413793103448
d min = 0.07672413793103448
dF max = 0.07672413793103448
dB max = 0.07672413793103448
hk max = 0.025717177337702693
hk min = 0.02121367269334827
hz max = 0.032793857071701425
hz min = 0.022558619243623193
lambdaF max = Inf
lambdaF min = 0.008624482946382158
lambdaB max = Inf
lambdaB min = 0.008624482946382158
----------------------------------
----------------------------------
Iteration = 6
Distance = 0.20097643143845279
v max = -0.41070809341485515
v min = -5.560917464086195
d max = 0.07672413793103448
d min = 0.07672413793103448
dF max = 0.07672413793103448
dB max = 0.07672413793103448
hk max = 0.026793978339981178
hk min = 0.021481339233539544
hz max = 0.0352411320768798
hz min = 0.023166952289512446
lambdaF max = Inf
lambdaF min = 0.008624482946382158
lambdaB max = Inf
lambdaB min = 0.008624482946382158
----------------------------------
----------------------------------
Iteration = 7
Distance = 0.1467506491205972
v max = -0.44278173619291156
v min = -5.707668113206792
d max = 0.07672413793103448
d min = 0.07672413793103448
dF max = 0.07672413793103448
dB max = 0.07672413793103448
hk max = 0.02748682336968219
hk min = 0.021617695649881224
hz max = 0.03681577987165483
hz min = 0.02347685323574354
lambdaF max = Inf
lambdaF min = 0.008624482946382158
lambdaB max = Inf
lambdaB min = 0.008624482946382158
----------------------------------
----------------------------------
Iteration = 8
Distance = 0.10906965196294482
v max = -0.47642256104198955
v min = -5.816737765169737
d max = 0.07672413793103448
d min = 0.07672413793103448
dF max = 0.07672413793103448
dB max = 0.07672413793103448
hk max = 0.02793337717462092
hk min = 0.02169474264408564
hz max = 0.03783067488287922
hz min = 0.023651960040753574
lambdaF max = Inf
lambdaF min = 0.008624482946382158
lambdaB max = Inf
lambdaB min = 0.008624482946382158
----------------------------------
----------------------------------
Iteration = 9
Distance = 0.08241630160548663
v max = -0.5091612955253347
v min = -5.899154066775224
d max = 0.07672413793103448
d min = 0.07672413793103448
dF max = 0.07672413793103448
dB max = 0.07672413793103448
hk max = 0.028221456255052013
hk min = 0.02174412360056111
hz max = 0.038485400065677154
hz min = 0.02376418948728873
lambdaF max = Inf
lambdaF min = 0.008624482946382158
lambdaB max = Inf
lambdaB min = 0.008624482946382158
----------------------------------
----------------------------------
Iteration = 10
Distance = 0.06323215822642769
v max = -0.5397801077338094
v min = -5.9623862250016515
d max = 0.07672413793103448
d min = 0.07672413793103448
dF max = 0.07672413793103448
dB max = 0.07672413793103448
hk max = 0.028407401781173524
hk min = 0.02177852182068046
hz max = 0.038908003534135135
hz min = 0.02384236726028726
lambdaF max = Inf
lambdaF min = 0.008624482946382158
lambdaB max = Inf
lambdaB min = 0.008624482946382158
----------------------------------
----------------------------------
Iteration = 11
Distance = 0.0491848385097482
v max = -0.5676565659801864
v min = -6.0115710635114
d max = 0.07672413793103448
d min = 0.07672413793103448
dF max = 0.07672413793103448
dB max = 0.07672413793103448
hk max = 0.028527463816328827
hk min = 0.021803020541146943
hz max = 0.03918087179585173
hz min = 0.023898046170438354
lambdaF max = Inf
lambdaF min = 0.008624482946382158
lambdaB max = Inf
lambdaB min = 0.008624482946382158
----------------------------------
----------------------------------
Iteration = 12
Distance = 0.03872516901269396
v max = -0.5925267235851597
v min = -6.050296232524094
d max = 0.07672413793103448
d min = 0.07672413793103448
dF max = 0.07672413793103448
dB max = 0.07672413793103448
hk max = 0.028605002506725836
hk min = 0.021820270218551513
hz max = 0.03935709609220857
hz min = 0.023937249982721464
lambdaF max = Inf
lambdaF min = 0.008624482946382158
lambdaB max = Inf
lambdaB min = 0.008624482946382158
----------------------------------
----------------------------------
Iteration = 13
Distance = 0.03081134284954601
v max = -0.6143665705319271
v min = -6.08110757537364
d max = 0.07672413793103448
d min = 0.07672413793103448
dF max = 0.07672413793103448
dB max = 0.07672413793103448
hk max = 0.028655085624607966
hk min = 0.02183216963461624
hz max = 0.0394709213601225
hz min = 0.0239642941101413
lambdaF max = Inf
lambdaF min = 0.008624482946382158
lambdaB max = Inf
lambdaB min = 0.008624482946382158
----------------------------------
----------------------------------
Iteration = 14
Distance = 0.024733878634370043
v max = -0.633308137232235
v min = -6.10584145400801
d max = 0.07672413793103448
d min = 0.07672413793103448
dF max = 0.07672413793103448
dB max = 0.07672413793103448
hk max = 0.028687437829171117
hk min = 0.021840202291138915
hz max = 0.03954444909776603
hz min = 0.023982550147692835
lambdaF max = Inf
lambdaF min = 0.008624482946382158
lambdaB max = Inf
lambdaB min = 0.008624482946382158
----------------------------------
----------------------------------
Iteration = 15
Distance = 0.02000313191900549
v max = -0.6495769109930544
v min = -6.125844585927015
d max = 0.07672413793103448
d min = 0.07672413793103448
dF max = 0.07672413793103448
dB max = 0.07672413793103448
hk max = 0.02870833766882701
hk min = 0.021845510254635426
hz max = 0.03959194873334761
hz min = 0.023994613701094
lambdaF max = Inf
lambdaF min = 0.008624482946382158
lambdaB max = Inf
lambdaB min = 0.008624482946382158
----------------------------------
----------------------------------
Iteration = 16
Distance = 0.01627631445852895
v max = -0.6634459354920359
v min = -6.142120900385544
d max = 0.07672413793103448
d min = 0.07672413793103448
dF max = 0.07672413793103448
dB max = 0.07672413793103448
hk max = 0.02872183973040571
hk min = 0.021848955125966175
hz max = 0.03962263523693556
hz min = 0.02400244295411843
lambdaF max = Inf
lambdaF min = 0.008624482946382158
lambdaB max = Inf
lambdaB min = 0.008624482946382158
----------------------------------
----------------------------------
Iteration = 17
Distance = 0.013309764886182407
v max = -0.6752028141016212
v min = -6.1554306652717266
d max = 0.07672413793103448
d min = 0.07672413793103448
dF max = 0.07672413793103448
dB max = 0.07672413793103448
hk max = 0.028730562804825405
hk min = 0.021851165323645255
hz max = 0.03964246040607123
hz min = 0.024007466130661795
lambdaF max = Inf
lambdaF min = 0.008624482946382158
lambdaB max = Inf
lambdaB min = 0.008624482946382158
----------------------------------
----------------------------------
Iteration = 18
Distance = 0.010927497668577146
v max = -0.6851276350385948
v min = -6.166358162940304
d max = 0.07672413793103448
d min = 0.07672413793103448
dF max = 0.07672413793103448
dB max = 0.07672413793103448
hk max = 0.028736198499578897
hk min = 0.021852577212781932
hz max = 0.039655268803238254
hz min = 0.02401067496960879
lambdaF max = Inf
lambdaF min = 0.008624482946382158
lambdaB max = Inf
lambdaB min = 0.008624482946382158
----------------------------------
----------------------------------
Iteration = 19
Distance = 0.00900031687067937
v max = -0.693480026171552
v min = -6.175358479810983
d max = 0.07672413793103448
d min = 0.07672413793103448
dF max = 0.07672413793103448
dB max = 0.07672413793103448
hk max = 0.02873983958494381
hk min = 0.021853480129607573
hz max = 0.03966354399724941
hz min = 0.024012727053303422
lambdaF max = Inf
lambdaF min = 0.008624482946382158
lambdaB max = Inf
lambdaB min = 0.008624482946382158
----------------------------------
----------------------------------
Iteration = 20
Distance = 0.007431827336444208
v max = -0.7004929886673629
v min = -6.182790307147427
d max = 0.07672413793103448
d min = 0.07672413793103448
dF max = 0.07672413793103448
dB max = 0.07672413793103448
hk max = 0.028742192020033294
hk min = 0.021854059942317518
hz max = 0.03966889044063462
hz min = 0.024014044809462388
lambdaF max = Inf
lambdaF min = 0.008624482946382158
lambdaB max = Inf
lambdaB min = 0.008624482946382158
----------------------------------
----------------------------------
Iteration = 21
Distance = 0.006148975109101507
v max = -0.7063711678062211
v min = -6.188939282256529
d max = 0.07672413793103448
d min = 0.07672413793103448
dF max = 0.07672413793103448
dB max = 0.07672413793103448
hk max = 0.028743711889437883
hk min = 0.02185443404318204
hz max = 0.0396723446892814
hz min = 0.024014895038699944
lambdaF max = Inf
lambdaF min = 0.008624482946382158
lambdaB max = Inf
lambdaB min = 0.008624482946382158
----------------------------------
----------------------------------
Iteration = 22
Distance = 0.005095580405073186
v max = -0.711291715806762
v min = -6.194034862661602
d max = 0.07672413793103448
d min = 0.07672413793103448
dF max = 0.07672413793103448
dB max = 0.07672413793103448
hk max = 0.028744693853609813
hk min = 0.02185467626017982
hz max = 0.039674576426035786
hz min = 0.024015445531876706
lambdaF max = Inf
lambdaF min = 0.008624482946382158
lambdaB max = Inf
lambdaB min = 0.008624482946382158
----------------------------------
----------------------------------
Iteration = 23
Distance = 0.004227861580629266
v max = -0.7154064771822959
v min = -6.198262724242231
d max = 0.07672413793103448
d min = 0.07672413793103448
dF max = 0.07672413793103448
dB max = 0.07672413793103448
hk max = 0.028745328285557585
hk min = 0.021854833313231774
hz max = 0.039676018316826184
hz min = 0.024015802470631155
lambdaF max = Inf
lambdaF min = 0.008624482946382158
lambdaB max = Inf
lambdaB min = 0.008624482946382158
----------------------------------
----------------------------------
Iteration = 24
Distance = 0.0035112943815116537
v max = -0.7188447086121524
v min = -6.201774018623743
d max = 0.07672413793103448
d min = 0.07672413793103448
dF max = 0.07672413793103448
dB max = 0.07672413793103448
hk max = 0.02874573818191022
hk min = 0.021854935110126962
hz max = 0.039676949899445806
hz min = 0.024016033827211132
lambdaF max = Inf
lambdaF min = 0.008624482946382158
lambdaB max = Inf
lambdaB min = 0.008624482946382158
----------------------------------
----------------------------------
Iteration = 25
Distance = 0.0029183750871153435
v max = -0.7217158913350571
v min = -6.204692393710858
d max = 0.07672413793103448
d min = 0.07672413793103448
dF max = 0.07672413793103448
dB max = 0.07672413793103448
hk max = 0.028746003009027403
hk min = 0.02185500100124043
hz max = 0.03967755177925759
hz min = 0.02401618357974174
lambdaF max = Inf
lambdaF min = 0.008624482946382158
lambdaB max = Inf
lambdaB min = 0.008624482946382158
----------------------------------
----------------------------------
Iteration = 26
Distance = 0.0024270021414869447
v max = -0.7241124115988077
v min = -6.207119395852345
d max = 0.07672413793103448
d min = 0.07672413793103448
dF max = 0.07672413793103448
dB max = 0.07672413793103448
hk max = 0.02874617410908449
hk min = 0.02185504358467747
hz max = 0.03967794064302369
hz min = 0.024016280360280463
lambdaF max = Inf
lambdaF min = 0.008624482946382158
lambdaB max = Inf
lambdaB min = 0.008624482946382158
----------------------------------
----------------------------------
Iteration = 27
Distance = 0.0020192861952947894
v max = -0.7261120078244877
v min = -6.20913868204764
d max = 0.07672413793103448
d min = 0.07672413793103448
dF max = 0.07672413793103448
dB max = 0.07672413793103448
hk max = 0.02874628465357961
hk min = 0.021855071073383123
hz max = 0.03967819188051261
hz min = 0.024016342834611494
lambdaF max = Inf
lambdaF min = 0.008624482946382158
lambdaB max = Inf
lambdaB min = 0.008624482946382158
----------------------------------
----------------------------------
Iteration = 28
Distance = 0.0016806609785566806
v max = -0.7277799485563736
v min = -6.210819343026197
d max = 0.07672413793103448
d min = 0.07672413793103448
dF max = 0.07672413793103448
dB max = 0.07672413793103448
hk max = 0.028746356074161095
hk min = 0.021855088809405603
hz max = 0.039678354200015975
hz min = 0.024016383143753494
lambdaF max = Inf
lambdaF min = 0.008624482946382158
lambdaB max = Inf
lambdaB min = 0.008624482946382158
----------------------------------
----------------------------------
Iteration = 29
Distance = 0.0013992085808771648
v max = -0.7291709387532506
v min = -6.212218551607074
d max = 0.07672413793103448
d min = 0.07672413793103448
dF max = 0.07672413793103448
dB max = 0.07672413793103448
hk max = 0.028746402217489864
hk min = 0.021855100254238938
hz max = 0.039678459071217725
hz min = 0.024016409154738346
lambdaF max = Inf
lambdaF min = 0.008624482946382158
lambdaB max = Inf
lambdaB min = 0.008624482946382158
----------------------------------
----------------------------------
Iteration = 30
Distance = 0.0011651399658703099
v max = -0.7303307686555328
v min = -6.213383691572944
d max = 0.07672413793103448
d min = 0.07672413793103448
dF max = 0.07672413793103448
dB max = 0.07672413793103448
hk max = 0.028746432029673866
hk min = 0.02185510764298558
hz max = 0.03967852682618137
hz min = 0.02401642594734435
lambdaF max = Inf
lambdaF min = 0.008624482946382158
lambdaB max = Inf
lambdaB min = 0.008624482946382158
----------------------------------
----------------------------------
Iteration = 31
Distance = 0.0009703897052917299
v max = -0.73129772739765
v min = -6.214354081278236
d max = 0.07672413793103448
d min = 0.07672413793103448
dF max = 0.07672413793103448
dB max = 0.07672413793103448
hk max = 0.028746451290638977
hk min = 0.021855112415790766
hz max = 0.039678570601102074
hz min = 0.02401643679462886
lambdaF max = Inf
lambdaF min = 0.008624482946382158
lambdaB max = Inf
lambdaB min = 0.008624482946382158
----------------------------------
----------------------------------
Iteration = 32
Distance = 0.000808296114230167
v max = -0.7321038067363234
v min = -6.215162377392466
d max = 0.07672413793103448
d min = 0.07672413793103448
dF max = 0.07672413793103448
dB max = 0.07672413793103448
hk max = 0.028746463734684587
hk min = 0.021855115500107755
hz max = 0.03967859888302391
hz min = 0.024016443804440204
lambdaF max = Inf
lambdaF min = 0.008624482946382158
lambdaB max = Inf
lambdaB min = 0.008624482946382158
----------------------------------
----------------------------------
Iteration = 33
Distance = 0.0006733462337091822
v max = -0.7327757207447778
v min = -6.215835723626175
d max = 0.07672413793103448
d min = 0.07672413793103448
dF max = 0.07672413793103448
dB max = 0.07672413793103448
hk max = 0.028746471774471948
hk min = 0.021855117493654343
hz max = 0.039678617155267916
hz min = 0.024016448335227904
lambdaF max = Inf
lambdaF min = 0.008624482946382158
lambdaB max = Inf
lambdaB min = 0.008624482946382158
----------------------------------
----------------------------------
Iteration = 34
Distance = 0.0005609707698717159
v max = -0.7333357662057172
v min = -6.216396694396047
d max = 0.07672413793103448
d min = 0.07672413793103448
dF max = 0.07672413793103448
dB max = 0.07672413793103448
hk max = 0.028746476968772226
hk min = 0.02185511878214877
hz max = 0.03967862896049582
hz min = 0.02401645126362432
lambdaF max = Inf
lambdaF min = 0.008624482946382158
lambdaB max = Inf
lambdaB min = 0.008624482946382158
----------------------------------
----------------------------------
Iteration = 35
Distance = 0.00046737802547536234
v max = -0.7338025464337948
v min = -6.216864072421522
d max = 0.07672413793103448
d min = 0.07672413793103448
dF max = 0.07672413793103448
dB max = 0.07672413793103448
hk max = 0.028746480324672002
hk min = 0.021855119614814275
hz max = 0.03967863658754077
hz min = 0.024016453156045933
lambdaF max = Inf
lambdaF min = 0.008624482946382158
lambdaB max = Inf
lambdaB min = 0.008624482946382158
----------------------------------
----------------------------------
Iteration = 36
Distance = 0.00038941862088215373
v max = -0.7341915788479454
v min = -6.217253491042404
d max = 0.07672413793103448
d min = 0.07672413793103448
dF max = 0.07672413793103448
dB max = 0.07672413793103448
hk max = 0.028746482492829597
hk min = 0.021855120152805947
hz max = 0.03967864151517166
hz min = 0.02401645437875428
lambdaF max = Inf
lambdaF min = 0.008624482946382158
lambdaB max = Inf
lambdaB min = 0.008624482946382158
----------------------------------
----------------------------------
Iteration = 37
Distance = 0.0003244747715989149
v max = -0.7345158041088669
v min = -6.217577965814003
d max = 0.07672413793103448
d min = 0.07672413793103448
dF max = 0.07672413793103448
dB max = 0.07672413793103448
hk max = 0.028746483893616583
hk min = 0.021855120500355464
hz max = 0.03967864469877845
hz min = 0.024016455168639535
lambdaF max = Inf
lambdaF min = 0.008624482946382158
lambdaB max = Inf
lambdaB min = 0.008624482946382158
----------------------------------
----------------------------------
Iteration = 38
Distance = 0.00027036931829815813
v max = -0.7347860122275726
v min = -6.2178483351323015
d max = 0.07672413793103448
d min = 0.07672413793103448
dF max = 0.07672413793103448
dB max = 0.07672413793103448
hk max = 0.02874648479862488
hk min = 0.021855120724861402
hz max = 0.03967864675561549
hz min = 0.02401645567888031
lambdaF max = Inf
lambdaF min = 0.008624482946382158
lambdaB max = Inf
lambdaB min = 0.008624482946382158
----------------------------------
----------------------------------
Iteration = 39
Distance = 0.0002252907576290042
v max = -0.7350111988389143
v min = -6.2180736258899305
d max = 0.07672413793103448
d min = 0.07672413793103448
dF max = 0.07672413793103448
dB max = 0.07672413793103448
hk max = 0.028746485383325675
hk min = 0.02185512086988546
hz max = 0.03967864808448094
hz min = 0.024016456008480437
lambdaF max = Inf
lambdaF min = 0.008624482946382158
lambdaB max = Inf
lambdaB min = 0.008624482946382158
----------------------------------
----------------------------------
Iteration = 40
Distance = 0.00018773130989657716
v max = -0.7351988628625077
v min = -6.218261357199827
d max = 0.07672413793103448
d min = 0.07672413793103448
dF max = 0.07672413793103448
dB max = 0.07672413793103448
hk max = 0.028746485761084413
hk min = 0.02185512096357224
hz max = 0.03967864894302352
hz min = 0.02401645622140494
lambdaF max = Inf
lambdaF min = 0.008624482946382158
lambdaB max = Inf
lambdaB min = 0.008624482946382158
----------------------------------
----------------------------------
Iteration = 41
Distance = 0.0001564356591492455
v max = -0.7353552550495897
v min = -6.218417792858976
d max = 0.07672413793103448
d min = 0.07672413793103448
dF max = 0.07672413793103448
dB max = 0.07672413793103448
hk max = 0.02874648600514324
hk min = 0.021855121024098194
hz max = 0.039678649497702674
hz min = 0.024016456358963923
lambdaF max = Inf
lambdaF min = 0.008624482946382158
lambdaB max = Inf
lambdaB min = 0.008624482946382158
----------------------------------
----------------------------------
Iteration = 42
Distance = 0.00013035846276832075
v max = -0.7354855854261715
v min = -6.218548151321745
d max = 0.07672413793103448
d min = 0.07672413793103448
dF max = 0.07672413793103448
dB max = 0.07672413793103448
hk max = 0.028746486162822233
hk min = 0.021855121063203163
hz max = 0.03967864985606402
hz min = 0.02401645644783886
lambdaF max = Inf
lambdaF min = 0.008624482946382158
lambdaB max = Inf
lambdaB min = 0.008624482946382158
----------------------------------
----------------------------------
Iteration = 43
Distance = 0.00010862908909547997
v max = -0.7355941963695753
v min = -6.21865678041084
d max = 0.07672413793103448
d min = 0.07672413793103448
dF max = 0.07672413793103448
dB max = 0.07672413793103448
hk max = 0.02874648626469244
hk min = 0.021855121088468647
hz max = 0.03967865008758721
hz min = 0.02401645650526041
lambdaF max = Inf
lambdaF min = 0.008624482946382158
lambdaB max = Inf
lambdaB min = 0.008624482946382158
----------------------------------
----------------------------------
Iteration = 44
Distance = 9.052232646578062e-5
v max = -0.7356847069726795
v min = -6.218747302737306
d max = 0.07672413793103448
d min = 0.07672413793103448
dF max = 0.07672413793103448
dB max = 0.07672413793103448
hk max = 0.028746486330510315
hk min = 0.021855121104792832
hz max = 0.0396786502371733
hz min = 0.024016456542360835
lambdaF max = Inf
lambdaF min = 0.008624482946382158
lambdaB max = Inf
lambdaB min = 0.008624482946382158
----------------------------------
----------------------------------
Iteration = 45
Distance = 7.543403519072456e-5
v max = -0.7357601334337894
v min = -6.218822736772497
d max = 0.07672413793103448
d min = 0.07672413793103448
dF max = 0.07672413793103448
dB max = 0.07672413793103448
hk max = 0.028746486373031607
hk min = 0.02185512111534004
hz max = 0.03967865033381259
hz min = 0.02401645656633176
lambdaF max = Inf
lambdaF min = 0.008624482946382158
lambdaB max = Inf
lambdaB min = 0.008624482946382158
----------------------------------
----------------------------------
Iteration = 46
Distance = 6.286089689133689e-5
v max = -0.7358229894373225
v min = -6.218885597669388
d max = 0.07672413793103448
d min = 0.07672413793103448
dF max = 0.07672413793103448
dB max = 0.07672413793103448
hk max = 0.028746486400504583
hk min = 0.021855121122153837
hz max = 0.039678650396251174
hz min = 0.024016456581817662
lambdaF max = Inf
lambdaF min = 0.008624482946382158
lambdaB max = Inf
lambdaB min = 0.008624482946382158
----------------------------------
----------------------------------
Iteration = 47
Distance = 5.2383564471902844e-5
v max = -0.7358753698403507
v min = -6.21893798123386
d max = 0.07672413793103448
d min = 0.07672413793103448
dF max = 0.07672413793103448
dB max = 0.07672413793103448
hk max = 0.028746486418253305
hk min = 0.02185512112655634
hz max = 0.039678650436589184
hz min = 0.024016456591823346
lambdaF max = Inf
lambdaF min = 0.008624482946382158
lambdaB max = Inf
lambdaB min = 0.008624482946382158
----------------------------------
----------------------------------
Iteration = 48
Distance = 4.365263683947518e-5
v max = -0.7359190204346852
v min = -6.218981633870699
d max = 0.07672413793103448
d min = 0.07672413793103448
dF max = 0.07672413793103448
dB max = 0.07672413793103448
hk max = 0.028746486429720802
hk min = 0.02185512112940044
hz max = 0.03967865046265168
hz min = 0.02401645659828721
lambdaF max = Inf
lambdaF min = 0.008624482946382158
lambdaB max = Inf
lambdaB min = 0.008624482946382158
----------------------------------
----------------------------------
Iteration = 49
Distance = 3.63769818747528e-5
v max = -0.7359553960969559
v min = -6.219018010852574
d max = 0.07672413793103448
d min = 0.07672413793103448
dF max = 0.07672413793103448
dB max = 0.07672413793103448
hk max = 0.02874648643712936
hk min = 0.02185512113123801
hz max = 0.039678650479489305
hz min = 0.024016456602463515
lambdaF max = Inf
lambdaF min = 0.008624482946382158
lambdaB max = Inf
lambdaB min = 0.008624482946382158
----------------------------------
----------------------------------
Iteration = 50
Distance = 3.0314012334997642e-5
v max = -0.7359857092567361
v min = -6.219048324864909
d max = 0.07672413793103448
d min = 0.07672413793103448
dF max = 0.07672413793103448
dB max = 0.07672413793103448
hk max = 0.02874648644191519
hk min = 0.021855121132424993
hz max = 0.039678650490366195
hz min = 0.024016456605161194
lambdaF max = Inf
lambdaF min = 0.008624482946382158
lambdaB max = Inf
lambdaB min = 0.008624482946382158
----------------------------------
----------------------------------
Iteration = 51
Distance = 2.5261586999114627e-5
v max = -0.736010970292923
v min = -6.219073586451908
d max = 0.07672413793103448
d min = 0.07672413793103448
dF max = 0.07672413793103448
dB max = 0.07672413793103448
hk max = 0.028746486445007713
hk min = 0.02185512113319211
hz max = 0.039678650497394656
hz min = 0.024016456606904647
lambdaF max = Inf
lambdaF min = 0.008624482946382158
lambdaB max = Inf
lambdaB min = 0.008624482946382158
----------------------------------
----------------------------------
Iteration = 52
Distance = 2.1051264383231683e-5
v max = -0.7360320212014448
v min = -6.2190946377162915
d max = 0.07672413793103448
d min = 0.07672413793103448
dF max = 0.07672413793103448
dB max = 0.07672413793103448
hk max = 0.028746486447007127
hk min = 0.021855121133687688
hz max = 0.03967865050193878
hz min = 0.024016456608030957
lambdaF max = Inf
lambdaF min = 0.008624482946382158
lambdaB max = Inf
lambdaB min = 0.008624482946382158
----------------------------------
----------------------------------
Iteration = 53
Distance = 1.754268277842641e-5
v max = -0.7360495636543105
v min = -6.21911218039907
d max = 0.07672413793103448
d min = 0.07672413793103448
dF max = 0.07672413793103448
dB max = 0.07672413793103448
hk max = 0.02874648644829722
hk min = 0.021855121134007668
hz max = 0.03967865050487081
hz min = 0.024016456608758185
lambdaF max = Inf
lambdaF min = 0.008624482946382158
lambdaB max = Inf
lambdaB min = 0.008624482946382158
----------------------------------
----------------------------------
Iteration = 54
Distance = 1.461887805387363e-5
v max = -0.736064182383828
v min = -6.219126799277124
d max = 0.07672413793103448
d min = 0.07672413793103448
dF max = 0.07672413793103448
dB max = 0.07672413793103448
hk max = 0.02874648644913139
hk min = 0.021855121134214475
hz max = 0.039678650506766645
hz min = 0.0240164566092282
lambdaF max = Inf
lambdaF min = 0.008624482946382158
lambdaB max = Inf
lambdaB min = 0.008624482946382158
----------------------------------
----------------------------------
Iteration = 55
Distance = 1.218238271150085e-5
v max = -0.7360763646705681
v min = -6.219138981659835
d max = 0.07672413793103448
d min = 0.07672413793103448
dF max = 0.07672413793103448
dB max = 0.07672413793103448
hk max = 0.028746486449669623
hk min = 0.021855121134348225
hz max = 0.0396786505079899
hz min = 0.024016456609532177
lambdaF max = Inf
lambdaF min = 0.008624482946382158
lambdaB max = Inf
lambdaB min = 0.008624482946382158
----------------------------------
----------------------------------
Iteration = 56
Distance = 1.0151975459393725e-5
v max = -0.7360865165840316
v min = -6.219149133635295
d max = 0.07672413793103448
d min = 0.07672413793103448
dF max = 0.07672413793103448
dB max = 0.07672413793103448
hk max = 0.02874648645001642
hk min = 0.021855121134434576
hz max = 0.03967865050877808
hz min = 0.024016456609728433
lambdaF max = Inf
lambdaF min = 0.008624482946382158
lambdaB max = Inf
lambdaB min = 0.008624482946382158
----------------------------------
----------------------------------
Iteration = 57
Distance = 8.459973011021305e-6
v max = -0.7360949765169873
v min = -6.219157593608306
d max = 0.07672413793103448
d min = 0.07672413793103448
dF max = 0.07672413793103448
dB max = 0.07672413793103448
hk max = 0.028746486450241145
hk min = 0.021855121134490296
hz max = 0.03967865050928882
hz min = 0.024016456609855068
lambdaF max = Inf
lambdaF min = 0.008624482946382158
lambdaB max = Inf
lambdaB min = 0.008624482946382158
----------------------------------
    Value Function Converged, Iteration = 57 with gamma=8.0 with rho=1.0 and v=-2.887326748082129
    Natural boundary condition
=============================================================
Convegence time (minutes): 0.11625550245
Current Time = 22:23:51
grid points for z:  401
grid size for z:  0.025
-0.145230863303465
-0.3796627777595951
--- 8.510355710983276 seconds for the elasticity computation ---
-0.028841245062354998
-0.16946835729905396
--- 0.0669260025024414 seconds for the elasticity computation ---
-0.0446629502967347
-0.2101944204605411
--- 0.06475639343261719 seconds for the elasticity computation ---
-0.22499057680060588
-0.3853067178726721
--- 0.06302356719970703 seconds for the elasticity computation ---
Current Time = 22:24:03
grid points for z:  401
grid size for z:  0.025
rho = 1
0.05975971349714089
--- 8.4747474193573 seconds for the elasticity computation ---
0.0
--- 0.06804132461547852 seconds for the elasticity computation ---
0.05975971349714089
--- 0.06655621528625488 seconds for the elasticity computation ---
0.0
--- 0.06637787818908691 seconds for the elasticity computation ---
0.0
--- 0.0660247802734375 seconds for the elasticity computation ---
0.05975971349714089
0.005643940113077034
--- 0.06667470932006836 seconds for the elasticity computation ---
0.05975971349714089
0.005643940113077034
--- 0.06693673133850098 seconds for the elasticity computation ---
0.05975971349714089
0.005643940113077034
--- 0.06818079948425293 seconds for the elasticity computation ---
0.05975971349714089
0.005643940113077034
--- 0.06811761856079102 seconds for the elasticity computation ---
parsed_args = parse_commandline() = Dict{String, Any}("dataname" => "lower_triangular_two_ambiguous_parameters", "clowerlim" => 0.0001, "delta" => 0.02, "boundary" => 0, "Delta" => 10.0, "q" => 0.05, "zmax" => 5.0, "logadjustment" => 1, "zscale" => 2.0, "foc" => 1, "distorted" => 0, "rho" => 1.0, "gamma" => 8.0)
=============================================================
./output/lower_triangular_two_ambiguous_parameters/Delta_10.0_distorted_0/logadjustment_1_boundary_0/zmax_5.0_zscale_2.0/delta_0.02/q_0.05_gamma_8.0_rho_1.0/
=============================================================
solve for structured linear system 
structured_relative_entropy = 0.05128103907534495
=============================================================
solve for unstructured linear system 
q_update = 0.3412243794741362
=============================================================
parsed_args = parse_commandline() = Dict{String, Any}("dataname" => "lower_triangular_two_ambiguous_parameters", "clowerlim" => 0.0001, "delta" => 0.02, "boundary" => 0, "Delta" => 10.0, "q" => 0.05, "zmax" => 5.0, "logadjustment" => 1, "zscale" => 2.0, "foc" => 1, "distorted" => 0, "rho" => 1.0, "gamma" => 8.0)
=============================================================
./output/lower_triangular_two_ambiguous_parameters/Delta_10.0_distorted_0/logadjustment_1_boundary_0/zmax_5.0_zscale_2.0/delta_0.02/q_0.05_gamma_8.0_rho_1.0/
=============================================================
solve for structured linear system 
structured_relative_entropy = 0.05128103907534494
=============================================================
solve for unstructured linear system 
q_update = 0.3412243794741362
=============================================================
Program ends Fri Jan 19 22:24:44 CST 2024
Elapsed time: 0 days 00 hr 01 min 22 sec
