D_10.0_distorted_0_boundary_0_delta_0.01_gamma_3.0_q_0.1_rho_1.0_lower_triangular_four_ambiguous_parameters
Program starts Fri Jan 19 22:21:00 CST 2024
parsed_args = parse_commandline() = Dict{String, Any}("dataname" => "lower_triangular_four_ambiguous_parameters", "clowerlim" => 0.0001, "delta" => 0.01, "boundary" => 0, "Delta" => 10.0, "q" => 0.1, "zmax" => 5.0, "logadjustment" => 1, "zscale" => 2.0, "foc" => 1, "distorted" => 0, "rho" => 1.0, "gamma" => 3.0)
=============================================================
logadjustment: true
reflective_boundary: false
0.0922
sigma_k: [0.011287880226154068, 0.0]
sigma_z: [0.026030751045638307, 0.05916079783099616]
Compute value function WITH ROBUSTNESS
computing undistorted version...
zmax = 5.0, zmin = -5.0, zlength = 401
natural boundary condition
----------------------------------
Iteration = 1
Distance = 1.2234048400266126
v max = -0.8137662858097394
v min = -3.2234048400266126
d max = 0.07611111111111112
d min = 0.07611111111111112
dF max = 0.07611111111111112
dB max = 0.07611111111111112
hk max = 0.011287880226154068
hk min = 0.011287880226154068
hz max = 0.0
hz min = 0.0
lambdaF max = 0.15963473306270162
lambdaF min = 0.006028620769798678
lambdaB max = 0.15963473306270162
lambdaB min = 0.006028620769798678
----------------------------------
----------------------------------
Iteration = 2
Distance = 0.9833345598878958
v max = -0.43927610703238545
v min = -4.206739399914508
d max = 0.07611111111111112
d min = 0.07611111111111112
dF max = 0.07611111111111112
dB max = 0.07611111111111112
hk max = 0.01756035035763418
hk min = 0.017560350357631867
hz max = 0.014255613935182078
hz min = 0.014255613935176822
lambdaF max = 0.31987135956561474
lambdaF min = 0.006028620769798678
lambdaB max = 0.3198713595655859
lambdaB min = 0.006028620769798678
----------------------------------
----------------------------------
Iteration = 3
Distance = 0.6927530406252531
v max = -0.2663989438713978
v min = -4.8994924405397615
d max = 0.07611111111111112
d min = 0.07611111111111112
dF max = 0.07611111111111112
dB max = 0.07611111111111112
hk max = 0.022566802293911777
hk min = 0.019622937968514602
hz max = 0.025633913790358433
hz min = 0.018943313050819397
lambdaF max = 0.43212433017286966
lambdaF min = 0.006028620769798678
lambdaB max = 0.4358898906150978
lambdaB min = 0.006028620769798678
----------------------------------
----------------------------------
Iteration = 4
Distance = 0.4964872211470839
v max = -0.20054308303306265
v min = -5.395979661686845
d max = 0.07611111111111112
d min = 0.07611111111111112
dF max = 0.07611111111111112
dB max = 0.07611111111111112
hk max = 0.026033517520424758
hk min = 0.020647785479435292
hz max = 0.03351281203243339
hz min = 0.02127251193927551
lambdaF max = 0.5075648559256773
lambdaF min = 0.006028620769798678
lambdaB max = 0.5138345058224216
lambdaB min = 0.006028620769798678
----------------------------------
----------------------------------
Iteration = 5
Distance = 0.3631359651210566
v max = -0.1855773294502788
v min = -5.759115626807902
d max = 0.07611111111111112
d min = 0.07611111111111112
dF max = 0.07611111111111112
dB max = 0.07611111111111112
hk max = 0.02845393632851908
hk min = 0.02113145932561834
hz max = 0.0390137638690114
hz min = 0.022371770680600624
lambdaF max = 0.5568776861276333
lambdaF min = 0.006028620769798678
lambdaB max = 0.565006168115296
lambdaB min = 0.006028620769798678
----------------------------------
----------------------------------
Iteration = 6
Distance = 0.2694015312972615
v max = -0.19550387183793494
v min = -6.0285171581051635
d max = 0.07611111111111112
d min = 0.07611111111111112
dF max = 0.07611111111111112
dB max = 0.07611111111111112
hk max = 0.03016248344382644
hk min = 0.021370448900055485
hz max = 0.042896825494709946
hz min = 0.022914928804321406
lambdaF max = 0.5898283031669125
lambdaF min = 0.006028620769798678
lambdaB max = 0.5992947117566236
lambdaB min = 0.006028620769798678
----------------------------------
----------------------------------
Iteration = 7
Distance = 0.20252846898662558
v max = -0.21798605896497533
v min = -6.231045627091789
d max = 0.07611111111111112
d min = 0.07611111111111112
dF max = 0.07611111111111112
dB max = 0.07611111111111112
hk max = 0.03137261547661246
hk min = 0.021499245378726328
hz max = 0.04564712556922362
hz min = 0.023207648074027865
lambdaF max = 0.6122089327889336
lambdaF min = 0.006028620769798678
lambdaB max = 0.6226294828628038
lambdaB min = 0.006028620769798678
----------------------------------
----------------------------------
Iteration = 8
Distance = 0.15436804880580635
v max = -0.246699784183773
v min = -6.3854136758975955
d max = 0.07611111111111112
d min = 0.07611111111111112
dF max = 0.07611111111111112
dB max = 0.07611111111111112
hk max = 0.0322305002983512
hk min = 0.021575281127307017
hz max = 0.047596863800448024
hz min = 0.023380456593529435
lambdaF max = 0.6275855656221375
lambdaF min = 0.006028620769798678
lambdaB max = 0.6386814053301636
lambdaB min = 0.006028620769798678
----------------------------------
----------------------------------
Iteration = 9
Distance = 0.1194001190536822
v max = -0.27812037237988674
v min = -6.504813794951278
d max = 0.07611111111111112
d min = 0.07611111111111112
dF max = 0.07611111111111112
dB max = 0.07611111111111112
hk max = 0.03283862327150318
hk min = 0.021622958791129028
hz max = 0.04897896146670254
hz min = 0.02348881492039764
lambdaF max = 0.6382310119710908
lambdaF min = 0.006028620769798678
lambdaB max = 0.649802600729322
lambdaB min = 0.006028620769798678
----------------------------------
----------------------------------
Iteration = 10
Distance = 0.09379744096044895
v max = -0.31020192264583657
v min = -6.598611235911727
d max = 0.07611111111111112
d min = 0.07611111111111112
dF max = 0.07611111111111112
dB max = 0.07611111111111112
hk max = 0.03326946904896292
hk min = 0.021653950291146508
hz max = 0.04995815641547468
hz min = 0.023559250147710094
lambdaF max = 0.6456375196049648
lambdaF min = 0.006028620769798678
lambdaB max = 0.6575434356295266
lambdaB min = 0.006028620769798678
----------------------------------
----------------------------------
Iteration = 11
Distance = 0.07487678868581416
v max = -0.3417444184546459
v min = -6.673488024597541
d max = 0.07611111111111112
d min = 0.07611111111111112
dF max = 0.07611111111111112
dB max = 0.07611111111111112
hk max = 0.033574485081513186
hk min = 0.021674640712036237
hz max = 0.05065137467127072
hz min = 0.023606273831550388
lambdaF max = 0.650806808242814
lambdaF min = 0.006028620769798678
lambdaB max = 0.6629473622892971
lambdaB min = 0.006028620769798678
----------------------------------
----------------------------------
Iteration = 12
Distance = 0.060745406424162596
v max = -0.3720491198236268
v min = -6.734233431021703
d max = 0.07611111111111112
d min = 0.07611111111111112
dF max = 0.07611111111111112
dB max = 0.07611111111111112
hk max = 0.033790234278527134
hk min = 0.02168871561282788
hz max = 0.05114171375539335
hz min = 0.023638262242440485
lambdaF max = 0.6544218088821312
lambdaF min = 0.006028620769798678
lambdaB max = 0.6667269318185253
lambdaB min = 0.006028620769798678
----------------------------------
----------------------------------
Iteration = 13
Distance = 0.050063031098024346
v max = -0.4007258280621929
v min = -6.784296462119728
d max = 0.07611111111111112
d min = 0.07611111111111112
dF max = 0.07611111111111112
dB max = 0.07611111111111112
hk max = 0.03394270539352839
hk min = 0.021698400246269678
hz max = 0.05148823901675982
hz min = 0.02366027277299003
lambdaF max = 0.6569529735188709
lambdaF min = 0.006028620769798678
lambdaB max = 0.6693734877717724
lambdaB min = 0.006028620769798678
----------------------------------
----------------------------------
Iteration = 14
Distance = 0.04187801354228515
v max = -0.42757939884147655
v min = -6.826174475662013
d max = 0.07611111111111112
d min = 0.07611111111111112
dF max = 0.07611111111111112
dB max = 0.07611111111111112
hk max = 0.03405036258996896
hk min = 0.021705114347684927
hz max = 0.05173291446321568
hz min = 0.02367553209438832
lambdaF max = 0.6587265882192378
lambdaF min = 0.006028620769798678
lambdaB max = 0.6712280033157623
lambdaB min = 0.006028620769798678
----------------------------------
----------------------------------
Iteration = 15
Distance = 0.035513044995549414
v max = -0.4525388344020553
v min = -6.861687520657562
d max = 0.07611111111111112
d min = 0.07611111111111112
dF max = 0.07611111111111112
dB max = 0.07611111111111112
hk max = 0.034126313474807185
hk min = 0.02170979171454407
hz max = 0.051905530110575276
hz min = 0.023686162473613645
lambdaF max = 0.6599699394972566
lambdaF min = 0.006028620769798678
lambdaB max = 0.6725280732344457
lambdaB min = 0.006028620769798678
----------------------------------
----------------------------------
Iteration = 16
Distance = 0.030484906779109977
v max = -0.4756118918140376
v min = -6.892172427436672
d max = 0.07611111111111112
d min = 0.07611111111111112
dF max = 0.07611111111111112
dB max = 0.07611111111111112
hk max = 0.03417985384554863
hk min = 0.021713059382142547
hz max = 0.05202721277135129
hz min = 0.023693588990882915
lambdaF max = 0.6608417897441328
lambdaF min = 0.006028620769798678
lambdaB max = 0.6734396891719767
lambdaB min = 0.006028620769798678
----------------------------------
----------------------------------
Iteration = 17
Distance = 0.02644788623857064
v max = -0.49685539271663
v min = -6.918620313675243
d max = 0.07611111111111112
d min = 0.07611111111111112
dF max = 0.07611111111111112
dB max = 0.07611111111111112
hk max = 0.03421756911916563
hk min = 0.021715346226818505
hz max = 0.052112929302299014
hz min = 0.023698786365146454
lambdaF max = 0.661453227873092
lambdaF min = 0.006028620769798678
lambdaB max = 0.6740790082436606
lambdaB min = 0.006028620769798678
----------------------------------
----------------------------------
Iteration = 18
Distance = 0.02315379102561277
v max = -0.5163554941663736
v min = -6.941774104700856
d max = 0.07611111111111112
d min = 0.07611111111111112
dF max = 0.07611111111111112
dB max = 0.07611111111111112
hk max = 0.03424411951146469
hk min = 0.02171694834967309
hz max = 0.05217327110297871
hz min = 0.023702427553452324
lambdaF max = 0.661882067277616
lambdaF min = 0.006028620769798678
lambdaB max = 0.6745273966016321
lambdaB min = 0.006028620769798678
----------------------------------
----------------------------------
Iteration = 19
Distance = 0.020423660152850687
v max = -0.5342145566357612
v min = -6.962197764853706
d max = 0.07611111111111112
d min = 0.07611111111111112
dF max = 0.07611111111111112
dB max = 0.07611111111111112
hk max = 0.03426279934947609
hk min = 0.021718071427401238
hz max = 0.052215725280277334
hz min = 0.023704980002834483
lambdaF max = 0.6621828479458651
lambdaF min = 0.006028620769798678
lambdaB max = 0.6748418846744572
lambdaB min = 0.006028620769798678
----------------------------------
----------------------------------
Iteration = 20
Distance = 0.018127739252435937
v max = -0.5505424307135415
v min = -6.980325504106142
d max = 0.07611111111111112
d min = 0.07611111111111112
dF max = 0.07611111111111112
dB max = 0.07611111111111112
hk max = 0.03427593506050624
hk min = 0.021718858969826185
hz max = 0.05224557916898222
hz min = 0.02370676987198209
lambdaF max = 0.6623938115839164
lambdaF min = 0.006028620769798678
lambdaB max = 0.675062460013508
lambdaB min = 0.006028620769798678
----------------------------------
----------------------------------
Iteration = 21
Distance = 0.01617130224808161
v max = -0.5654507361467269
v min = -6.996496806354224
d max = 0.07611111111111112
d min = 0.07611111111111112
dF max = 0.07611111111111112
dB max = 0.07611111111111112
hk max = 0.03428516801314094
hk min = 0.021719411321544594
hz max = 0.0522665631522429
hz min = 0.023708025216796654
lambdaF max = 0.6625417776000047
lambdaF min = 0.006028620769798678
lambdaB max = 0.6752171659703256
lambdaB min = 0.006028620769798678
----------------------------------
----------------------------------
Iteration = 22
Distance = 0.014484610893083172
v max = -0.5790491825744561
v min = -7.010981417247307
d max = 0.07611111111111112
d min = 0.07611111111111112
dF max = 0.07611111111111112
dB max = 0.07611111111111112
hk max = 0.03429165525838772
hk min = 0.021719798750951702
hz max = 0.05228130689144013
hz min = 0.023708905738176446
lambdaF max = 0.6626455567785501
lambdaF min = 0.006028620769798678
lambdaB max = 0.6753256714395924
lambdaB min = 0.006028620769798678
----------------------------------
----------------------------------
Iteration = 23
Distance = 0.01301580287054449
v max = -0.5914432811404188
v min = -7.0239972201178515
d max = 0.07611111111111112
d min = 0.07611111111111112
dF max = 0.07611111111111112
dB max = 0.07611111111111112
hk max = 0.03429621181235141
hk min = 0.021720070509336428
hz max = 0.05229166269590306
hz min = 0.023709523370869002
lambdaF max = 0.6627183433525923
lambdaF min = 0.006028620769798678
lambdaB max = 0.6754017723101217
lambdaB min = 0.006028620769798678
----------------------------------
----------------------------------
Iteration = 24
Distance = 0.011725852026590822
v max = -0.6027330013016874
v min = -7.035723072144442
d max = 0.07611111111111112
d min = 0.07611111111111112
dF max = 0.07611111111111112
dB max = 0.07611111111111112
hk max = 0.03429941137468244
hk min = 0.021720261130981855
hz max = 0.052298934428473574
hz min = 0.02370995660188134
lambdaF max = 0.6627693920951631
lambdaF min = 0.006028620769798678
lambdaB max = 0.6754551452192881
lambdaB min = 0.006028620769798678
----------------------------------
----------------------------------
Iteration = 25
Distance = 0.010584994251891189
v max = -0.613012065423179
v min = -7.046308066396334
d max = 0.07611111111111112
d min = 0.07611111111111112
dF max = 0.07611111111111112
dB max = 0.07611111111111112
hk max = 0.03430165753845603
hk min = 0.021720394837984505
hz max = 0.05230403934614082
hz min = 0.023710260481432818
lambdaF max = 0.6628051944825258
lambdaF min = 0.006028620769798678
lambdaB max = 0.6754925774538147
lambdaB min = 0.006028620769798678
----------------------------------
----------------------------------
Iteration = 26
Distance = 0.009570189713738131
v max = -0.6223676686163964
v min = -7.055878256110072
d max = 0.07611111111111112
d min = 0.07611111111111112
dF max = 0.07611111111111112
dB max = 0.07611111111111112
hk max = 0.034303234080802214
hk min = 0.021720488621361684
hz max = 0.05230762239692762
hz min = 0.02371047362547186
lambdaF max = 0.6628303036773012
lambdaF min = 0.006028620769798678
lambdaB max = 0.6755188296038679
lambdaB min = 0.006028620769798678
----------------------------------
----------------------------------
Iteration = 27
Distance = 0.008663317749301847
v max = -0.6308804772303586
v min = -7.0645415738593735
d max = 0.07611111111111112
d min = 0.07611111111111112
dF max = 0.07611111111111112
dB max = 0.07611111111111112
hk max = 0.03430434044378752
hk min = 0.021720554400215766
hz max = 0.052310136858257854
hz min = 0.0237106231228675
lambdaF max = 0.6628479132257588
lambdaF min = 0.006028620769798678
lambdaB max = 0.6755372406709061
lambdaB min = 0.006028620769798678
----------------------------------
----------------------------------
Iteration = 28
Distance = 0.007849889732106874
v max = -0.6386248050394063
v min = -7.07239146359148
d max = 0.07611111111111112
d min = 0.07611111111111112
dF max = 0.07611111111111112
dB max = 0.07611111111111112
hk max = 0.03430511674415683
hk min = 0.021720600535803283
hz max = 0.05231190117727901
hz min = 0.02371072797647549
lambdaF max = 0.6628602630011086
lambdaF min = 0.006028620769798678
lambdaB max = 0.6755501525278486
lambdaB min = 0.006028620769798678
----------------------------------
----------------------------------
Iteration = 29
Distance = 0.007118128238716714
v max = -0.6456688979711837
v min = -7.079509591830197
d max = 0.07611111111111112
d min = 0.07611111111111112
dF max = 0.07611111111111112
dB max = 0.07611111111111112
hk max = 0.03430566138808402
hk min = 0.021720632893377632
hz max = 0.05231313900438626
hz min = 0.023710801516417197
lambdaF max = 0.6628689239605993
lambdaF min = 0.006028620769798678
lambdaB max = 0.6755592076596767
lambdaB min = 0.006028620769798678
----------------------------------
----------------------------------
Iteration = 30
Distance = 0.006458305419910992
v max = -0.6520752803379042
v min = -7.085967897250108
d max = 0.07611111111111112
d min = 0.07611111111111112
dF max = 0.07611111111111112
dB max = 0.07611111111111112
hk max = 0.03430604346886482
hk min = 0.02172065558717751
hz max = 0.05231400736979718
hz min = 0.023710853093235097
lambdaF max = 0.6628749978894362
lambdaF min = 0.006028620769798678
lambdaB max = 0.6755655580111761
lambdaB min = 0.006028620769798678
----------------------------------
----------------------------------
Iteration = 31
Distance = 0.005862264986658872
v max = -0.657901130900508
v min = -7.091830162236767
d max = 0.07611111111111112
d min = 0.07611111111111112
dF max = 0.07611111111111112
dB max = 0.07611111111111112
hk max = 0.03430631148743604
hk min = 0.021720671503073267
hz max = 0.052314616502913594
hz min = 0.023710889265725458
lambdaF max = 0.6628792575077156
lambdaF min = 0.006028620769798678
lambdaB max = 0.6755700114775437
lambdaB min = 0.006028620769798678
----------------------------------
----------------------------------
Iteration = 32
Distance = 0.005323074469229638
v max = -0.6631986677577629
v min = -7.097153236705997
d max = 0.07611111111111112
d min = 0.07611111111111112
dF max = 0.07611111111111112
dB max = 0.07611111111111112
hk max = 0.03430649948318087
hk min = 0.021720682665243927
hz max = 0.05231504376597001
hz min = 0.023710914634295137
lambdaF max = 0.6628822447429422
lambdaF min = 0.006028620769798678
lambdaB max = 0.675573134653576
lambdaB min = 0.006028620769798678
----------------------------------
----------------------------------
Iteration = 33
Distance = 0.004834770108066877
v max = -0.6680155284204025
v min = -7.1019880068140635
d max = 0.07611111111111112
d min = 0.07611111111111112
dF max = 0.07611111111111112
dB max = 0.07611111111111112
hk max = 0.03430663134218292
hk min = 0.021720690493427553
hz max = 0.05231534344552013
hz min = 0.023710932425621563
lambdaF max = 0.6628843396575071
lambdaF min = 0.006028620769798678
lambdaB max = 0.6755753249000148
lambdaB min = 0.006028620769798678
----------------------------------
----------------------------------
Iteration = 34
Distance = 0.0043921678056895175
v max = -0.6723951365010742
v min = -7.106380174619753
d max = 0.07611111111111112
d min = 0.07611111111111112
dF max = 0.07611111111111112
dB max = 0.07611111111111112
hk max = 0.0343067238235983
hk min = 0.021720695983385538
hz max = 0.05231555363055509
hz min = 0.0237109449027988
lambdaF max = 0.6628858087924019
lambdaF min = 0.006028620769798678
lambdaB max = 0.6755768608888129
lambdaB min = 0.006028620769798678
----------------------------------
----------------------------------
Iteration = 35
Distance = 0.003990721373038575
v max = -0.6763770499176052
v min = -7.110370895992792
d max = 0.07611111111111112
d min = 0.07611111111111112
dF max = 0.07611111111111112
dB max = 0.07611111111111112
hk max = 0.03430678868488961
hk min = 0.021720699833498204
hz max = 0.05231570104258077
hz min = 0.023710953653054857
lambdaF max = 0.6628868390735911
lambdaF min = 0.006028620769798678
lambdaB max = 0.6755779380530309
lambdaB min = 0.006028620769798678
----------------------------------
----------------------------------
Iteration = 36
Distance = 0.0036264148019977682
v max = -0.6799972878570288
v min = -7.113997310794789
d max = 0.07611111111111112
d min = 0.07611111111111112
dF max = 0.07611111111111112
dB max = 0.07611111111111112
hk max = 0.03430683417384699
hk min = 0.021720702533567615
hz max = 0.05231580442657483
hz min = 0.023710959789576245
lambdaF max = 0.6628875615918777
lambdaF min = 0.006028620769798678
lambdaB max = 0.6755786934492156
lambdaB min = 0.006028620769798678
----------------------------------
----------------------------------
Iteration = 37
Distance = 0.0032956791707468014
v max = -0.6832886353212565
v min = -7.117292989965536
d max = 0.07611111111111112
d min = 0.07611111111111112
dF max = 0.07611111111111112
dB max = 0.07611111111111112
hk max = 0.034306866075853565
hk min = 0.021720704427105733
hz max = 0.052315876931135236
hz min = 0.023710964093071964
lambdaF max = 0.6628880682804593
lambdaF min = 0.006028620769798678
lambdaB max = 0.6755792231942478
lambdaB min = 0.006028620769798678
----------------------------------
----------------------------------
Iteration = 38
Distance = 0.0029953275174259275
v max = -0.6862809251108865
v min = -7.120288317482962
d max = 0.07611111111111112
d min = 0.07611111111111112
dF max = 0.07611111111111112
dB max = 0.07611111111111112
hk max = 0.03430688844881406
hk min = 0.02172070575502337
hz max = 0.05231592777877273
hz min = 0.023710967111066603
lambdaF max = 0.662888423611068
lambdaF min = 0.006028620769798678
lambdaB max = 0.6755795946937934
lambdaB min = 0.006028620769798678
----------------------------------
----------------------------------
Iteration = 39
Distance = 0.002722502942432925
v max = -0.6890012977680241
v min = -7.123010820425395
d max = 0.07611111111111112
d min = 0.07611111111111112
dF max = 0.07611111111111112
dB max = 0.07611111111111112
hk max = 0.034306904138847204
hk min = 0.021720706686274318
hz max = 0.052315963437938956
hz min = 0.023710969227546026
lambdaF max = 0.6628886727970497
lambdaF min = 0.006028620769798678
lambdaB max = 0.6755798552186284
lambdaB min = 0.006028620769798678
----------------------------------
----------------------------------
Iteration = 40
Distance = 0.0024746365560117667
v max = -0.6914744404085404
v min = -7.125485456981407
d max = 0.07611111111111112
d min = 0.07611111111111112
dF max = 0.07611111111111112
dB max = 0.07611111111111112
hk max = 0.03430691514208427
hk min = 0.02172070733934601
hz max = 0.05231598844529591
hz min = 0.023710970711799874
lambdaF max = 0.6628888475457799
lambdaF min = 0.006028620769798678
lambdaB max = 0.6755800379190586
lambdaB min = 0.006028620769798678
----------------------------------
----------------------------------
Iteration = 41
Distance = 0.0022494128458214746
v max = -0.6937228056100945
v min = -7.127734869827228
d max = 0.07611111111111112
d min = 0.07611111111111112
dF max = 0.07611111111111112
dB max = 0.07611111111111112
hk max = 0.03430692285847438
hk min = 0.021720707797334097
hz max = 0.052316005982546154
hz min = 0.02371097175268189
lambdaF max = 0.6628889700931998
lambdaF min = 0.006028620769798678
lambdaB max = 0.6755801660427833
lambdaB min = 0.006028620769798678
----------------------------------
----------------------------------
Iteration = 42
Distance = 0.0020447407162649256
v max = -0.6957668116410468
v min = -7.129779610543493
d max = 0.07611111111111112
d min = 0.07611111111111112
dF max = 0.07611111111111112
dB max = 0.07611111111111112
hk max = 0.03430692826982383
hk min = 0.021720708118512184
hz max = 0.05231601828106765
hz min = 0.023710972482632087
lambdaF max = 0.6628890560329164
lambdaF min = 0.006028620769798678
lambdaB max = 0.6755802558930292
lambdaB min = 0.006028620769798678
----------------------------------
----------------------------------
Iteration = 43
Distance = 0.0018587289303937382
v max = -0.6976250253562438
v min = -7.131638339473887
d max = 0.07611111111111112
d min = 0.07611111111111112
dF max = 0.07611111111111112
dB max = 0.07611111111111112
hk max = 0.034306932064679926
hk min = 0.021720708343748597
hz max = 0.052316026905740595
hz min = 0.02371097299453303
lambdaF max = 0.6628891163004783
lambdaF min = 0.006028620769798678
lambdaB max = 0.6755803189029254
lambdaB min = 0.006028620769798678
----------------------------------
----------------------------------
Iteration = 44
Distance = 0.0016896650260189716
v max = -0.6993143290756831
v min = -7.133328004499906
d max = 0.07611111111111112
d min = 0.07611111111111112
dF max = 0.07611111111111112
dB max = 0.07611111111111112
hk max = 0.03430693472592135
hk min = 0.021720708501701564
hz max = 0.052316032954016545
hz min = 0.023710973353517042
lambdaF max = 0.662889158564663
lambdaF min = 0.006028620769798678
lambdaB max = 0.6755803630902717
lambdaB min = 0.006028620769798678
----------------------------------
----------------------------------
Iteration = 45
Distance = 0.001535997018953239
v max = -0.7008500727200588
v min = -7.134864001518859
d max = 0.07611111111111112
d min = 0.07611111111111112
dF max = 0.07611111111111112
dB max = 0.07611111111111112
hk max = 0.034306936592181383
hk min = 0.021720708612471447
hz max = 0.05231603719551664
hz min = 0.023710973605266774
lambdaF max = 0.6628891882035458
lambdaF min = 0.006028620769798678
lambdaB max = 0.675580394077817
lambdaB min = 0.006028620769798678
----------------------------------
----------------------------------
Iteration = 46
Distance = 0.0013963173804016904
v max = -0.7022462124156826
v min = -7.136260318899261
d max = 0.07611111111111112
d min = 0.07611111111111112
dF max = 0.07611111111111112
dB max = 0.07611111111111112
hk max = 0.034306937900938944
hk min = 0.021720708690150782
hz max = 0.05231604016996564
hz min = 0.023710973781810724
lambdaF max = 0.6628892089885741
lambdaF min = 0.006028620769798678
lambdaB max = 0.6755804158086156
lambdaB min = 0.006028620769798678
----------------------------------
----------------------------------
Iteration = 47
Distance = 0.001269348899189282
v max = -0.7035154367093144
v min = -7.13752966779845
d max = 0.07611111111111112
d min = 0.07611111111111112
dF max = 0.07611111111111112
dB max = 0.07611111111111112
hk max = 0.03430693881873628
hk min = 0.021720708744626706
hz max = 0.05231604225586867
hz min = 0.023710973905619638
lambdaF max = 0.6628892235646149
lambdaF min = 0.006028620769798678
lambdaB max = 0.6755804310479043
lambdaB min = 0.006028620769798678
----------------------------------
----------------------------------
Iteration = 48
Distance = 0.001153932129587254
v max = -0.7046692814563714
v min = -7.138683599928037
d max = 0.07611111111111112
d min = 0.07611111111111112
dF max = 0.07611111111111112
dB max = 0.07611111111111112
hk max = 0.034306939462361505
hk min = 0.02172070878282838
hz max = 0.052316043718653275
hz min = 0.023710973992441625
lambdaF max = 0.6628892337864478
lambdaF min = 0.006028620769798678
lambdaB max = 0.6755804417348459
lambdaB min = 0.006028620769798678
----------------------------------
----------------------------------
Iteration = 49
Distance = 0.0010490141908903183
v max = -0.705718234368222
v min = -7.139732614118928
d max = 0.07611111111111112
d min = 0.07611111111111112
dF max = 0.07611111111111112
dB max = 0.07611111111111112
hk max = 0.03430693991371844
hk min = 0.021720708809619085
hz max = 0.052316044744464496
hz min = 0.023710974053329593
lambdaF max = 0.6628892409547433
lambdaF min = 0.006028620769798678
lambdaB max = 0.6755804492293236
lambdaB min = 0.006028620769798678
----------------------------------
----------------------------------
Iteration = 50
Distance = 0.0009536387328514806
v max = -0.7066718301277143
v min = -7.140686252851779
d max = 0.07611111111111112
d min = 0.07611111111111112
dF max = 0.07611111111111112
dB max = 0.07611111111111112
hk max = 0.0343069402302426
hk min = 0.02172070882840636
hz max = 0.05231604546383758
hz min = 0.02371097409602794
lambdaF max = 0.6628892459817014
lambdaF min = 0.006028620769798678
lambdaB max = 0.675580454485
lambdaB min = 0.006028620769798678
----------------------------------
----------------------------------
Iteration = 51
Distance = 0.0008669369170792862
v max = -0.7075387369087188
v min = -7.1415531897688584
d max = 0.07611111111111112
d min = 0.07611111111111112
dF max = 0.07611111111111112
dB max = 0.07611111111111112
hk max = 0.03430694045221171
hk min = 0.021720708841581497
hz max = 0.05231604596831282
hz min = 0.023710974125971427
lambdaF max = 0.6628892495069764
lambdaF min = 0.006028620769798678
lambdaB max = 0.6755804581707092
lambdaB min = 0.006028620769798678
----------------------------------
----------------------------------
Iteration = 52
Distance = 0.0007881192908127943
v max = -0.7083268350658992
v min = -7.142341309059671
d max = 0.07611111111111112
d min = 0.07611111111111112
dF max = 0.07611111111111112
dB max = 0.07611111111111112
hk max = 0.03430694060787186
hk min = 0.02172070885082092
hz max = 0.052316046322085905
hz min = 0.023710974146970123
lambdaF max = 0.6628892519791675
lambdaF min = 0.006028620769798678
lambdaB max = 0.6755804607554049
lambdaB min = 0.006028620769798678
----------------------------------
----------------------------------
Iteration = 53
Distance = 0.0007164684504941121
v max = -0.7090432886959221
v min = -7.143057777510165
d max = 0.07611111111111112
d min = 0.07611111111111112
dF max = 0.07611111111111112
dB max = 0.07611111111111112
hk max = 0.03430694071703318
hk min = 0.021720708857300403
hz max = 0.0523160465701798
hz min = 0.023710974161696218
lambdaF max = 0.662889253712871
lambdaF min = 0.006028620769798678
lambdaB max = 0.6755804625679858
lambdaB min = 0.006028620769798678
----------------------------------
----------------------------------
Iteration = 54
Distance = 0.0006513324079095995
v max = -0.709694610710633
v min = -7.143709109918075
d max = 0.07611111111111112
d min = 0.07611111111111112
dF max = 0.07611111111111112
dB max = 0.07611111111111112
hk max = 0.03430694079358426
hk min = 0.021720708861844167
hz max = 0.05231604674415953
hz min = 0.023710974172022958
lambdaF max = 0.662889254928672
lambdaF min = 0.006028620769798678
lambdaB max = 0.6755804638391005
lambdaB min = 0.006028620769798678
----------------------------------
----------------------------------
Iteration = 55
Distance = 0.0005921185846391452
v max = -0.7102867220067858
v min = -7.144301228502714
d max = 0.07611111111111112
d min = 0.07611111111111112
dF max = 0.07611111111111112
dB max = 0.07611111111111112
hk max = 0.03430694084726786
hk min = 0.02172070886503056
hz max = 0.05231604686616772
hz min = 0.023710974179264755
lambdaF max = 0.6628892557812611
lambdaF min = 0.006028620769798678
lambdaB max = 0.675580464730486
lambdaB min = 0.006028620769798678
----------------------------------
----------------------------------
Iteration = 56
Distance = 0.0005382883697873098
v max = -0.7108250052653485
v min = -7.144839516872501
d max = 0.07611111111111112
d min = 0.07611111111111112
dF max = 0.07611111111111112
dB max = 0.07611111111111112
hk max = 0.03430694088491454
hk min = 0.021720708867265216
hz max = 0.052316046951728354
hz min = 0.023710974184343526
lambdaF max = 0.6628892563791792
lambdaF min = 0.006028620769798678
lambdaB max = 0.6755804653555957
lambdaB min = 0.006028620769798678
----------------------------------
----------------------------------
Iteration = 57
Distance = 0.0004893521850171112
v max = -0.7113143538660011
v min = -7.1453288690575185
d max = 0.07611111111111112
d min = 0.07611111111111112
dF max = 0.07611111111111112
dB max = 0.07611111111111112
hk max = 0.03430694091131567
hk min = 0.02172070886883229
hz max = 0.05231604701173093
hz min = 0.02371097418790505
lambdaF max = 0.6628892567984681
lambdaF min = 0.006028620769798678
lambdaB max = 0.6755804657939855
lambdaB min = 0.006028620769798678
----------------------------------
----------------------------------
Iteration = 58
Distance = 0.0004448650067327975
v max = -0.7117592163591075
v min = -7.145773734064251
d max = 0.07611111111111112
d min = 0.07611111111111112
dF max = 0.07611111111111112
dB max = 0.07611111111111112
hk max = 0.03430694092982921
hk min = 0.02172070886993141
hz max = 0.052316047053807144
hz min = 0.023710974190403054
lambdaF max = 0.6628892570925028
lambdaF min = 0.006028620769798678
lambdaB max = 0.6755804661014226
lambdaB min = 0.006028620769798678
----------------------------------
----------------------------------
Iteration = 59
Distance = 0.000404422301397922
v max = -0.7121636368977632
v min = -7.146178156365649
d max = 0.07611111111111112
d min = 0.07611111111111112
dF max = 0.07611111111111112
dB max = 0.07611111111111112
hk max = 0.03430694094281245
hk min = 0.021720708870701884
hz max = 0.052316047083314506
hz min = 0.02371097419215413
lambdaF max = 0.6628892572987152
lambdaF min = 0.006028620769798678
lambdaB max = 0.6755804663169934
lambdaB min = 0.006028620769798678
----------------------------------
----------------------------------
Iteration = 60
Distance = 0.0003676563346832751
v max = -0.7125312919962853
v min = -7.1465458127003325
d max = 0.07611111111111112
d min = 0.07611111111111112
dF max = 0.07611111111111112
dB max = 0.07611111111111112
hk max = 0.03430694095191801
hk min = 0.021720708871242427
hz max = 0.052316047104008966
hz min = 0.02371097419338264
lambdaF max = 0.6628892574433213
lambdaF min = 0.006028620769798678
lambdaB max = 0.6755804664681807
lambdaB min = 0.006028620769798678
----------------------------------
----------------------------------
Iteration = 61
Distance = 0.0003342328190854005
v max = -0.7128655239484815
v min = -7.146880045519418
d max = 0.07611111111111112
d min = 0.07611111111111112
dF max = 0.07611111111111112
dB max = 0.07611111111111112
hk max = 0.03430694095830281
hk min = 0.02172070887162113
hz max = 0.052316047118519886
hz min = 0.023710974194243332
lambdaF max = 0.662889257544731
lambdaF min = 0.006028620769798678
lambdaB max = 0.6755804665741975
lambdaB min = 0.006028620769798678
----------------------------------
----------------------------------
Iteration = 62
Distance = 0.0003038478683627943
v max = -0.7131693712089185
v min = -7.147183893387781
d max = 0.07611111111111112
d min = 0.07611111111111112
dF max = 0.07611111111111112
dB max = 0.07611111111111112
hk max = 0.03430694096278068
hk min = 0.02172070887188736
hz max = 0.05231604712869687
hz min = 0.02371097419484839
lambdaF max = 0.662889257615856
lambdaF min = 0.006028620769798678
lambdaB max = 0.675580466648549
lambdaB min = 0.006028620769798678
----------------------------------
----------------------------------
Iteration = 63
Distance = 0.0002762252303964985
v max = -0.7134455960129921
v min = -7.147460118618177
d max = 0.07611111111111112
d min = 0.07611111111111112
dF max = 0.07611111111111112
dB max = 0.07611111111111112
hk max = 0.03430694096592038
hk min = 0.021720708872073356
hz max = 0.05231604713583252
hz min = 0.023710974195271118
lambdaF max = 0.6628892576657283
lambdaF min = 0.006028620769798678
lambdaB max = 0.6755804667007005
lambdaB min = 0.006028620769798678
----------------------------------
----------------------------------
Iteration = 64
Distance = 0.0002511137725518253
v max = -0.7136967094865713
v min = -7.147711232390729
d max = 0.07611111111111112
d min = 0.07611111111111112
dF max = 0.07611111111111112
dB max = 0.07611111111111112
hk max = 0.03430694096812232
hk min = 0.021720708872204446
hz max = 0.052316047140836944
hz min = 0.02371097419556905
lambdaF max = 0.662889257700694
lambdaF min = 0.006028620769798678
lambdaB max = 0.6755804667372709
lambdaB min = 0.006028620769798678
----------------------------------
----------------------------------
Iteration = 65
Distance = 0.00022828519638817824
v max = -0.7139249944733015
v min = -7.147939517587117
d max = 0.07611111111111112
d min = 0.07611111111111112
dF max = 0.07611111111111112
dB max = 0.07611111111111112
hk max = 0.03430694096966673
hk min = 0.021720708872295772
hz max = 0.05231604714434697
hz min = 0.023710974195776606
lambdaF max = 0.6628892577252138
lambdaF min = 0.006028620769798678
lambdaB max = 0.6755804667629143
lambdaB min = 0.006028620769798678
----------------------------------
----------------------------------
Iteration = 66
Distance = 0.00020753196068135082
v max = -0.7141325262869558
v min = -7.148147049547799
d max = 0.07611111111111112
d min = 0.07611111111111112
dF max = 0.07611111111111112
dB max = 0.07611111111111112
hk max = 0.0343069409707506
hk min = 0.02172070887236016
hz max = 0.0523160471468103
hz min = 0.023710974195922944
lambdaF max = 0.662889257742414
lambdaF min = 0.006028620769798678
lambdaB max = 0.675580466780885
lambdaB min = 0.006028620769798678
----------------------------------
----------------------------------
Iteration = 67
Distance = 0.00018866539353901146
v max = -0.7143211915773818
v min = -7.148335714941338
d max = 0.07611111111111112
d min = 0.07611111111111112
dF max = 0.07611111111111112
dB max = 0.07611111111111112
hk max = 0.03430694097150893
hk min = 0.021720708872405244
hz max = 0.05231604714853379
hz min = 0.023710974196025407
lambdaF max = 0.6628892577544934
lambdaF min = 0.006028620769798678
lambdaB max = 0.6755804667934944
lambdaB min = 0.006028620769798678
----------------------------------
----------------------------------
Iteration = 68
Distance = 0.00017151397640180477
v max = -0.7144927054814799
v min = -7.148507228917739
d max = 0.07611111111111112
d min = 0.07611111111111112
dF max = 0.07611111111111112
dB max = 0.07611111111111112
hk max = 0.03430694097204069
hk min = 0.0217207088724368
hz max = 0.05231604714974233
hz min = 0.02371097419609713
lambdaF max = 0.662889257762944
lambdaF min = 0.006028620769798678
lambdaB max = 0.6755804668023462
lambdaB min = 0.006028620769798678
----------------------------------
----------------------------------
Iteration = 69
Distance = 0.00015592178431056425
v max = -0.7146486272150786
v min = -7.14866315070205
d max = 0.07611111111111112
d min = 0.07611111111111112
dF max = 0.07611111111111112
dB max = 0.07611111111111112
hk max = 0.03430694097241523
hk min = 0.021720708872459228
hz max = 0.05231604715059356
hz min = 0.0237109741961481
lambdaF max = 0.6628892577688816
lambdaF min = 0.006028620769798678
lambdaB max = 0.6755804668085564
lambdaB min = 0.006028620769798678
----------------------------------
----------------------------------
Iteration = 70
Distance = 0.00014174706792502434
v max = -0.7147903742474455
v min = -7.148804897769975
d max = 0.07611111111111112
d min = 0.07611111111111112
dF max = 0.07611111111111112
dB max = 0.07611111111111112
hk max = 0.03430694097267788
hk min = 0.021720708872474376
hz max = 0.052316047151190474
hz min = 0.023710974196182517
lambdaF max = 0.6628892577730442
lambdaF min = 0.006028620769798678
lambdaB max = 0.675580466812896
lambdaB min = 0.006028620769798678
----------------------------------
----------------------------------
Iteration = 71
Distance = 0.00012886096472275455
v max = -0.7149192351872387
v min = -7.148933758734698
d max = 0.07611111111111112
d min = 0.07611111111111112
dF max = 0.07611111111111112
dB max = 0.07611111111111112
hk max = 0.03430694097286191
hk min = 0.02172070887248559
hz max = 0.05231604715160874
hz min = 0.023710974196208
lambdaF max = 0.6628892577759501
lambdaF min = 0.006028620769798678
lambdaB max = 0.6755804668159461
lambdaB min = 0.006028620769798678
----------------------------------
----------------------------------
Iteration = 72
Distance = 0.00011714632728576646
v max = -0.7150363814970349
v min = -7.1490509050619835
d max = 0.07611111111111112
d min = 0.07611111111111112
dF max = 0.07611111111111112
dB max = 0.07611111111111112
hk max = 0.034306940972991376
hk min = 0.0217207088724931
hz max = 0.052316047151902995
hz min = 0.023710974196225077
lambdaF max = 0.6628892577779922
lambdaF min = 0.006028620769798678
lambdaB max = 0.6755804668180686
lambdaB min = 0.006028620769798678
----------------------------------
----------------------------------
Iteration = 73
Distance = 0.00010649665816764298
v max = -0.7151428781429341
v min = -7.149157401720151
d max = 0.07611111111111112
d min = 0.07611111111111112
dF max = 0.07611111111111112
dB max = 0.07611111111111112
hk max = 0.034306940973080166
hk min = 0.021720708872498534
hz max = 0.052316047152104764
hz min = 0.02371097419623743
lambdaF max = 0.6628892577794216
lambdaF min = 0.006028620769798678
lambdaB max = 0.6755804668195781
lambdaB min = 0.006028620769798678
----------------------------------
----------------------------------
Iteration = 74
Distance = 9.681514167425576e-5
v max = -0.7152396932760112
v min = -7.149254216861825
d max = 0.07611111111111112
d min = 0.07611111111111112
dF max = 0.07611111111111112
dB max = 0.07611111111111112
hk max = 0.034306940973143976
hk min = 0.021720708872502346
hz max = 0.052316047152249794
hz min = 0.0237109741962461
lambdaF max = 0.662889257780427
lambdaF min = 0.006028620769798678
lambdaB max = 0.6755804668206314
lambdaB min = 0.006028620769798678
----------------------------------
----------------------------------
Iteration = 75
Distance = 8.801376368694491e-5
v max = -0.7153277070336632
v min = -7.149342230625512
d max = 0.07611111111111112
d min = 0.07611111111111112
dF max = 0.07611111111111112
dB max = 0.07611111111111112
hk max = 0.03430694097318744
hk min = 0.021720708872505008
hz max = 0.052316047152348576
hz min = 0.02371097419625214
lambdaF max = 0.6628892577811337
lambdaF min = 0.006028620769798678
lambdaB max = 0.6755804668213704
lambdaB min = 0.006028620769798678
----------------------------------
----------------------------------
Iteration = 76
Distance = 8.001251140488108e-5
v max = -0.7154077195408381
v min = -7.149422243136917
d max = 0.07611111111111112
d min = 0.07611111111111112
dF max = 0.07611111111111112
dB max = 0.07611111111111112
hk max = 0.03430694097321796
hk min = 0.021720708872506742
hz max = 0.05231604715241794
hz min = 0.02371097419625608
lambdaF max = 0.6628892577816364
lambdaF min = 0.006028620769798678
lambdaB max = 0.6755804668218891
lambdaB min = 0.006028620769798678
----------------------------------
----------------------------------
Iteration = 77
Distance = 7.273864601309299e-5
v max = -0.7154804581838773
v min = -7.14949498178293
d max = 0.07611111111111112
d min = 0.07611111111111112
dF max = 0.07611111111111112
dB max = 0.07611111111111112
hk max = 0.034306940973239226
hk min = 0.021720708872508127
hz max = 0.05231604715246628
hz min = 0.023710974196259234
lambdaF max = 0.6628892577819819
lambdaF min = 0.006028620769798678
lambdaB max = 0.6755804668222508
lambdaB min = 0.006028620769798678
----------------------------------
----------------------------------
Iteration = 78
Distance = 6.612604130484812e-5
v max = -0.7155465842231067
v min = -7.149561107824235
d max = 0.07611111111111112
d min = 0.07611111111111112
dF max = 0.07611111111111112
dB max = 0.07611111111111112
hk max = 0.03430694097325494
hk min = 0.02172070887250894
hz max = 0.05231604715250201
hz min = 0.023710974196261073
lambdaF max = 0.6628892577822175
lambdaF min = 0.006028620769798678
lambdaB max = 0.6755804668225024
lambdaB min = 0.006028620769798678
----------------------------------
----------------------------------
Iteration = 79
Distance = 6.011458264953973e-5
v max = -0.7156066988043007
v min = -7.149621222406885
d max = 0.07611111111111112
d min = 0.07611111111111112
dF max = 0.07611111111111112
dB max = 0.07611111111111112
hk max = 0.034306940973266045
hk min = 0.021720708872509632
hz max = 0.05231604715252723
hz min = 0.023710974196262648
lambdaF max = 0.662889257782406
lambdaF min = 0.006028620769798678
lambdaB max = 0.675580466822691
lambdaB min = 0.006028620769798678
----------------------------------
----------------------------------
Iteration = 80
Distance = 5.464962033840948e-5
v max = -0.7156613484236216
v min = -7.149675872027223
d max = 0.07611111111111112
d min = 0.07611111111111112
dF max = 0.07611111111111112
dB max = 0.07611111111111112
hk max = 0.03430694097327344
hk min = 0.021720708872510208
hz max = 0.052316047152544044
hz min = 0.023710974196263963
lambdaF max = 0.662889257782516
lambdaF min = 0.006028620769798678
lambdaB max = 0.6755804668228168
lambdaB min = 0.006028620769798678
----------------------------------
----------------------------------
Iteration = 81
Distance = 4.9681472866325294e-5
v max = -0.7157110298957681
v min = -7.149725553500089
d max = 0.07611111111111112
d min = 0.07611111111111112
dF max = 0.07611111111111112
dB max = 0.07611111111111112
hk max = 0.034306940973279916
hk min = 0.021720708872510208
hz max = 0.05231604715255876
hz min = 0.023710974196263963
lambdaF max = 0.6628892577826103
lambdaF min = 0.006028620769798678
lambdaB max = 0.6755804668229111
lambdaB min = 0.006028620769798678
----------------------------------
----------------------------------
Iteration = 82
Distance = 4.516497521223073e-5
v max = -0.7157561948704724
v min = -7.149770718475302
d max = 0.07611111111111112
d min = 0.07611111111111112
dF max = 0.07611111111111112
dB max = 0.07611111111111112
hk max = 0.034306940973283614
hk min = 0.021720708872510555
hz max = 0.052316047152567165
hz min = 0.02371097419626475
lambdaF max = 0.6628892577826574
lambdaF min = 0.006028620769798678
lambdaB max = 0.675580466822974
lambdaB min = 0.006028620769798678
----------------------------------
----------------------------------
Iteration = 83
Distance = 4.1059068283111344e-5
v max = -0.7157972539384027
v min = -7.149811777543585
d max = 0.07611111111111112
d min = 0.07611111111111112
dF max = 0.07611111111111112
dB max = 0.07611111111111112
hk max = 0.03430694097328639
hk min = 0.021720708872510902
hz max = 0.05231604715257347
hz min = 0.023710974196265538
lambdaF max = 0.6628892577827045
lambdaF min = 0.006028620769798678
lambdaB max = 0.6755804668230055
lambdaB min = 0.006028620769798678
----------------------------------
----------------------------------
Iteration = 84
Distance = 3.732642564902022e-5
v max = -0.7158345803638066
v min = -7.149849103969234
d max = 0.07611111111111112
d min = 0.07611111111111112
dF max = 0.07611111111111112
dB max = 0.07611111111111112
hk max = 0.03430694097328732
hk min = 0.021720708872510788
hz max = 0.052316047152575575
hz min = 0.023710974196265278
lambdaF max = 0.6628892577827359
lambdaF min = 0.006028620769798678
lambdaB max = 0.6755804668230213
lambdaB min = 0.006028620769798678
----------------------------------
----------------------------------
Iteration = 85
Distance = 3.393311418342648e-5
v max = -0.7158685134778201
v min = -7.149883037083417
d max = 0.07611111111111112
d min = 0.07611111111111112
dF max = 0.07611111111111112
dB max = 0.07611111111111112
hk max = 0.034306940973289166
hk min = 0.021720708872510902
hz max = 0.05231604715257978
hz min = 0.023710974196265538
lambdaF max = 0.6628892577827517
lambdaF min = 0.006028620769798678
lambdaB max = 0.6755804668230526
lambdaB min = 0.006028620769798678
----------------------------------
----------------------------------
Iteration = 86
Distance = 3.084828560684372e-5
v max = -0.7158993617632948
v min = -7.149913885369024
d max = 0.07611111111111112
d min = 0.07611111111111112
dF max = 0.07611111111111112
dB max = 0.07611111111111112
hk max = 0.034306940973289166
hk min = 0.02172070887251102
hz max = 0.05231604715257978
hz min = 0.0237109741962658
lambdaF max = 0.6628892577827673
lambdaF min = 0.006028620769798678
lambdaB max = 0.6755804668230684
lambdaB min = 0.006028620769798678
----------------------------------
----------------------------------
Iteration = 87
Distance = 2.8043895972551525e-5
v max = -0.7159274056591822
v min = -7.149941929264997
d max = 0.07611111111111112
d min = 0.07611111111111112
dF max = 0.07611111111111112
dB max = 0.07611111111111112
hk max = 0.03430694097329101
hk min = 0.021720708872510902
hz max = 0.05231604715258398
hz min = 0.023710974196265538
lambdaF max = 0.6628892577827987
lambdaF min = 0.006028620769798678
lambdaB max = 0.6755804668230526
lambdaB min = 0.006028620769798678
----------------------------------
----------------------------------
Iteration = 88
Distance = 2.5494450869523178e-5
v max = -0.7159529001099934
v min = -7.149967423715866
d max = 0.07611111111111112
d min = 0.07611111111111112
dF max = 0.07611111111111112
dB max = 0.07611111111111112
hk max = 0.03430694097329194
hk min = 0.02172070887251125
hz max = 0.05231604715258608
hz min = 0.023710974196266325
lambdaF max = 0.6628892577827831
lambdaF min = 0.006028620769798678
lambdaB max = 0.675580466823084
lambdaB min = 0.006028620769798678
----------------------------------
----------------------------------
Iteration = 89
Distance = 2.3176773503941206e-5
v max = -0.7159760768834582
v min = -7.149990600489367
d max = 0.07611111111111112
d min = 0.07611111111111112
dF max = 0.07611111111111112
dB max = 0.07611111111111112
hk max = 0.03430694097329194
hk min = 0.021720708872510902
hz max = 0.05231604715258608
hz min = 0.023710974196265538
lambdaF max = 0.6628892577827831
lambdaF min = 0.006028620769798678
lambdaB max = 0.675580466823084
lambdaB min = 0.006028620769798678
----------------------------------
----------------------------------
Iteration = 90
Distance = 2.106979409255416e-5
v max = -0.7159971466775189
v min = -7.150011670283459
d max = 0.07611111111111112
d min = 0.07611111111111112
dF max = 0.07611111111111112
dB max = 0.07611111111111112
hk max = 0.03430694097329194
hk min = 0.02172070887251102
hz max = 0.05231604715258608
hz min = 0.0237109741962658
lambdaF max = 0.6628892577827987
lambdaF min = 0.006028620769798678
lambdaB max = 0.6755804668230998
lambdaB min = 0.006028620769798678
----------------------------------
----------------------------------
Iteration = 91
Distance = 1.9154358260387028e-5
v max = -0.7160163010357598
v min = -7.150030824641719
d max = 0.07611111111111112
d min = 0.07611111111111112
dF max = 0.07611111111111112
dB max = 0.07611111111111112
hk max = 0.034306940973292864
hk min = 0.021720708872511135
hz max = 0.05231604715258818
hz min = 0.023710974196266065
lambdaF max = 0.6628892577827987
lambdaF min = 0.006028620769798678
lambdaB max = 0.6755804668230998
lambdaB min = 0.006028620769798678
----------------------------------
----------------------------------
Iteration = 92
Distance = 1.7413052959547315e-5
v max = -0.7160337140887059
v min = -7.150048237694676
d max = 0.07611111111111112
d min = 0.07611111111111112
dF max = 0.07611111111111112
dB max = 0.07611111111111112
hk max = 0.03430694097329194
hk min = 0.02172070887251102
hz max = 0.05231604715258608
hz min = 0.0237109741962658
lambdaF max = 0.6628892577827987
lambdaF min = 0.006028620769798678
lambdaB max = 0.6755804668230998
lambdaB min = 0.006028620769798678
----------------------------------
----------------------------------
Iteration = 93
Distance = 1.5830048144316322e-5
v max = -0.7160495441368375
v min = -7.150064067742818
d max = 0.07611111111111112
d min = 0.07611111111111112
dF max = 0.07611111111111112
dB max = 0.07611111111111112
hk max = 0.03430694097329194
hk min = 0.02172070887251102
hz max = 0.05231604715258608
hz min = 0.0237109741962658
lambdaF max = 0.6628892577827987
lambdaF min = 0.006028620769798678
lambdaB max = 0.6755804668230998
lambdaB min = 0.006028620769798678
----------------------------------
----------------------------------
Iteration = 94
Distance = 1.4390952854270722e-5
v max = -0.7160639350896852
v min = -7.1500784586956705
d max = 0.07611111111111112
d min = 0.07611111111111112
dF max = 0.07611111111111112
dB max = 0.07611111111111112
hk max = 0.03430694097329194
hk min = 0.021720708872511135
hz max = 0.05231604715258608
hz min = 0.023710974196266065
lambdaF max = 0.6628892577827987
lambdaF min = 0.006028620769798678
lambdaB max = 0.6755804668231155
lambdaB min = 0.006028620769798678
----------------------------------
----------------------------------
Iteration = 95
Distance = 1.3082684421128477e-5
v max = -0.716077017774092
v min = -7.15009154138009
d max = 0.07611111111111112
d min = 0.07611111111111112
dF max = 0.07611111111111112
dB max = 0.07611111111111112
hk max = 0.03430694097329194
hk min = 0.021720708872510902
hz max = 0.05231604715258608
hz min = 0.023710974196265538
lambdaF max = 0.6628892577827987
lambdaF min = 0.006028620769798678
lambdaB max = 0.6755804668231155
lambdaB min = 0.006028620769798678
----------------------------------
----------------------------------
Iteration = 96
Distance = 1.1893349468827807e-5
v max = -0.7160889111235554
v min = -7.150103434729554
d max = 0.07611111111111112
d min = 0.07611111111111112
dF max = 0.07611111111111112
dB max = 0.07611111111111112
hk max = 0.034306940973292864
hk min = 0.02172070887251125
hz max = 0.05231604715258818
hz min = 0.023710974196266325
lambdaF max = 0.6628892577828301
lambdaF min = 0.006028620769798678
lambdaB max = 0.6755804668230998
lambdaB min = 0.006028620769798678
----------------------------------
----------------------------------
Iteration = 97
Distance = 1.0812135882609653e-5
v max = -0.7160997232594312
v min = -7.150114246865426
d max = 0.07611111111111112
d min = 0.07611111111111112
dF max = 0.07611111111111112
dB max = 0.07611111111111112
hk max = 0.03430694097329194
hk min = 0.021720708872510902
hz max = 0.05231604715258608
hz min = 0.023710974196265538
lambdaF max = 0.6628892577828301
lambdaF min = 0.006028620769798678
lambdaB max = 0.6755804668230998
lambdaB min = 0.006028620769798678
----------------------------------
----------------------------------
Iteration = 98
Distance = 9.82921443970497e-6
v max = -0.7161095524738622
v min = -7.150124076079864
d max = 0.07611111111111112
d min = 0.07611111111111112
dF max = 0.07611111111111112
dB max = 0.07611111111111112
hk max = 0.03430694097329194
hk min = 0.02172070887251125
hz max = 0.05231604715258608
hz min = 0.023710974196266325
lambdaF max = 0.6628892577827987
lambdaF min = 0.006028620769798678
lambdaB max = 0.6755804668230998
lambdaB min = 0.006028620769798678
----------------------------------
    Value Function Converged, Iteration = 98 with gamma=3.0 with rho=1.0 and v=-2.8732482281354836
    Natural boundary condition
=============================================================
Convegence time (minutes): 0.11650242048333334
Current Time = 22:21:27
grid points for z:  401
grid size for z:  0.025
-0.13742580533478288
-0.3684140566003589
--- 8.58605146408081 seconds for the elasticity computation ---
-0.0023875717035279445
-0.04875245933246408
--- 0.06599593162536621 seconds for the elasticity computation ---
-0.10362082807435172
-0.31966159726789484
--- 0.06464076042175293 seconds for the elasticity computation ---
-0.20680507341745175
-0.374057996713436
--- 0.06383538246154785 seconds for the elasticity computation ---
Current Time = 22:21:39
grid points for z:  401
grid size for z:  0.025
rho = 1
0.05937926808266887
--- 8.664520502090454 seconds for the elasticity computation ---
0.0
--- 0.07091999053955078 seconds for the elasticity computation ---
0.05937926808266887
--- 0.06922006607055664 seconds for the elasticity computation ---
0.0
--- 0.06853985786437988 seconds for the elasticity computation ---
0.0
--- 0.06830334663391113 seconds for the elasticity computation ---
0.05937926808266887
0.005643940113077034
--- 0.06839489936828613 seconds for the elasticity computation ---
0.05937926808266887
0.005643940113077034
--- 0.06848263740539551 seconds for the elasticity computation ---
0.05937926808266887
0.005643940113077034
--- 0.06795930862426758 seconds for the elasticity computation ---
0.05937926808266887
0.005643940113077034
--- 0.06795978546142578 seconds for the elasticity computation ---
parsed_args = parse_commandline() = Dict{String, Any}("dataname" => "lower_triangular_four_ambiguous_parameters", "clowerlim" => 0.0001, "delta" => 0.01, "boundary" => 0, "Delta" => 10.0, "q" => 0.1, "zmax" => 5.0, "logadjustment" => 1, "zscale" => 2.0, "foc" => 1, "distorted" => 0, "rho" => 1.0, "gamma" => 3.0)
=============================================================
./output/lower_triangular_four_ambiguous_parameters/Delta_10.0_distorted_0/logadjustment_1_boundary_0/zmax_5.0_zscale_2.0/delta_0.01/q_0.1_gamma_3.0_rho_1.0/
=============================================================
solve for structured linear system 
structured_relative_entropy = 0.10126097073250218
=============================================================
solve for unstructured linear system 
q_update = 0.10621328548675703
=============================================================
parsed_args = parse_commandline() = Dict{String, Any}("dataname" => "lower_triangular_four_ambiguous_parameters", "clowerlim" => 0.0001, "delta" => 0.01, "boundary" => 0, "Delta" => 10.0, "q" => 0.1, "zmax" => 5.0, "logadjustment" => 1, "zscale" => 2.0, "foc" => 1, "distorted" => 0, "rho" => 1.0, "gamma" => 3.0)
=============================================================
./output/lower_triangular_four_ambiguous_parameters/Delta_10.0_distorted_0/logadjustment_1_boundary_0/zmax_5.0_zscale_2.0/delta_0.01/q_0.1_gamma_3.0_rho_1.0/
=============================================================
solve for structured linear system 
structured_relative_entropy = 0.1012609707325021
=============================================================
solve for unstructured linear system 
q_update = 0.10621328548675704
=============================================================
Program ends Fri Jan 19 22:22:20 CST 2024
Elapsed time: 0 days 00 hr 01 min 20 sec
