D_10.0_distorted_0_boundary_0_delta_0.01_gamma_3.0_q_0.1_rho_1.0_lower_triangular_two_ambiguous_parameters
Program starts Fri Jan 19 22:23:04 CST 2024
parsed_args = parse_commandline() = Dict{String, Any}("dataname" => "lower_triangular_two_ambiguous_parameters", "clowerlim" => 0.0001, "delta" => 0.01, "boundary" => 0, "Delta" => 10.0, "q" => 0.1, "zmax" => 5.0, "logadjustment" => 1, "zscale" => 2.0, "foc" => 1, "distorted" => 0, "rho" => 1.0, "gamma" => 3.0)
=============================================================
logadjustment: true
reflective_boundary: false
0.0922
sigma_k: [0.011287880226154068, 0.0]
sigma_z: [0.026030751045638307, 0.05916079783099616]
Compute value function WITH ROBUSTNESS
computing undistorted version...
zmax = 5.0, zmin = -5.0, zlength = 401
natural boundary condition
----------------------------------
Iteration = 1
Distance = 1.2234048400266126
v max = -0.8137662858097394
v min = -3.2234048400266126
d max = 0.07611111111111112
d min = 0.07611111111111112
dF max = 0.07611111111111112
dB max = 0.07611111111111112
hk max = 0.011287880226154068
hk min = 0.011287880226154068
hz max = 0.0
hz min = 0.0
lambdaF max = Inf
lambdaF min = 0.004177590819662044
lambdaB max = Inf
lambdaB min = 0.004177590819662044
----------------------------------
----------------------------------
Iteration = 2
Distance = 1.0616919032353427
v max = -0.6113982022066753
v min = -4.285096743261955
d max = 0.07611111111111112
d min = 0.07611111111111112
dF max = 0.07611111111111112
dB max = 0.07611111111111112
hk max = 0.01756035035763418
hk min = 0.017560350357631867
hz max = 0.014255613935182078
hz min = 0.014255613935176822
lambdaF max = Inf
lambdaF min = 0.004177590819662044
lambdaB max = Inf
lambdaB min = 0.004177590819662044
----------------------------------
----------------------------------
Iteration = 3
Distance = 0.7748513093837968
v max = -0.5179459276573657
v min = -5.059948052645752
d max = 0.07611111111111112
d min = 0.07611111111111112
dF max = 0.07611111111111112
dB max = 0.07611111111111112
hk max = 0.022981156837074947
hk min = 0.01872043004301897
hz max = 0.02657562866118382
hz min = 0.016892158674692962
lambdaF max = Inf
lambdaF min = 0.004177590819662044
lambdaB max = Inf
lambdaB min = 0.004177590819662044
----------------------------------
----------------------------------
Iteration = 4
Distance = 0.5751599549105793
v max = -0.494720001283161
v min = -5.635108007556331
d max = 0.07611111111111112
d min = 0.07611111111111112
dF max = 0.07611111111111112
dB max = 0.07611111111111112
hk max = 0.026883210994030744
hk min = 0.019312921870036713
hz max = 0.035443933563356095
hz min = 0.018238731008824203
lambdaF max = Inf
lambdaF min = 0.004177590819662044
lambdaB max = Inf
lambdaB min = 0.004177590819662044
----------------------------------
----------------------------------
Iteration = 5
Distance = 0.4365281093843665
v max = -0.4988554692928336
v min = -6.071636116940698
d max = 0.07611111111111112
d min = 0.07611111111111112
dF max = 0.07611111111111112
dB max = 0.07611111111111112
hk max = 0.02972099570296256
hk min = 0.0195456649132276
hz max = 0.04189344426547385
hz min = 0.018767692470621662
lambdaF max = Inf
lambdaF min = 0.004177590819662044
lambdaB max = Inf
lambdaB min = 0.004177590819662044
----------------------------------
----------------------------------
Iteration = 6
Distance = 0.3354235363586646
v max = -0.515984583829122
v min = -6.4070596532993624
d max = 0.07611111111111112
d min = 0.07611111111111112
dF max = 0.07611111111111112
dB max = 0.07611111111111112
hk max = 0.03181836454073418
hk min = 0.019653062985156573
hz max = 0.04666019162404573
hz min = 0.019011778997732976
lambdaF max = Inf
lambdaF min = 0.004177590819662044
lambdaB max = Inf
lambdaB min = 0.004177590819662044
----------------------------------
----------------------------------
Iteration = 7
Distance = 0.26021846749899336
v max = -0.5402591105090795
v min = -6.667278120798356
d max = 0.07611111111111112
d min = 0.07611111111111112
dF max = 0.07611111111111112
dB max = 0.07611111111111112
hk max = 0.03337740026630157
hk min = 0.019716228820810096
hz max = 0.05020345463669888
hz min = 0.019155337715127334
lambdaF max = Inf
lambdaF min = 0.004177590819662044
lambdaB max = Inf
lambdaB min = 0.004177590819662044
----------------------------------
----------------------------------
Iteration = 8
Distance = 0.2036830940025185
v max = -0.5684148850725773
v min = -6.870961214800874
d max = 0.07611111111111112
d min = 0.07611111111111112
dF max = 0.07611111111111112
dB max = 0.07611111111111112
hk max = 0.03453910248698003
hk min = 0.01975972803981104
hz max = 0.05284368695642264
hz min = 0.019254199576493127
lambdaF max = Inf
lambdaF min = 0.004177590819662044
lambdaB max = Inf
lambdaB min = 0.004177590819662044
----------------------------------
----------------------------------
Iteration = 9
Distance = 0.1608575270139765
v max = -0.5982939780278035
v min = -7.031818741814851
d max = 0.07611111111111112
d min = 0.07611111111111112
dF max = 0.07611111111111112
dB max = 0.07611111111111112
hk max = 0.03540578271393116
hk min = 0.019789870788498864
hz max = 0.054813414744947934
hz min = 0.019322705823510908
lambdaF max = Inf
lambdaF min = 0.004177590819662044
lambdaB max = Inf
lambdaB min = 0.004177590819662044
----------------------------------
----------------------------------
Iteration = 10
Distance = 0.1282028407650877
v max = -0.6286037451391878
v min = -7.1600215825799385
d max = 0.07611111111111112
d min = 0.07611111111111112
dF max = 0.07611111111111112
dB max = 0.07611111111111112
hk max = 0.036052781776099996
hk min = 0.019811372689856832
hz max = 0.05628386715896802
hz min = 0.019371573781142654
lambdaF max = Inf
lambdaF min = 0.004177590819662044
lambdaB max = Inf
lambdaB min = 0.004177590819662044
----------------------------------
----------------------------------
Iteration = 11
Distance = 0.10314495857238537
v max = -0.6585316638832012
v min = -7.263166541152324
d max = 0.07611111111111112
d min = 0.07611111111111112
dF max = 0.07611111111111112
dB max = 0.07611111111111112
hk max = 0.036535955474044035
hk min = 0.019827578575024346
hz max = 0.05738198919974994
hz min = 0.019408405338341546
lambdaF max = Inf
lambdaF min = 0.004177590819662044
lambdaB max = Inf
lambdaB min = 0.004177590819662044
----------------------------------
----------------------------------
Iteration = 12
Distance = 0.08379095386471302
v max = -0.6875186522333575
v min = -7.346957495017037
d max = 0.07611111111111112
d min = 0.07611111111111112
dF max = 0.07611111111111112
dB max = 0.07611111111111112
hk max = 0.03689685794117239
hk min = 0.01983972534347009
hz max = 0.058202222079587106
hz min = 0.019436011630263695
lambdaF max = Inf
lambdaF min = 0.004177590819662044
lambdaB max = Inf
lambdaB min = 0.004177590819662044
----------------------------------
----------------------------------
Iteration = 13
Distance = 0.06873901495292323
v max = -0.715219678127491
v min = -7.41569650996996
d max = 0.07611111111111112
d min = 0.07611111111111112
dF max = 0.07611111111111112
dB max = 0.07611111111111112
hk max = 0.03716646226384528
hk min = 0.019848839796195564
hz max = 0.05881495917657096
hz min = 0.01945672629554886
lambdaF max = Inf
lambdaF min = 0.004177590819662044
lambdaB max = Inf
lambdaB min = 0.004177590819662044
----------------------------------
----------------------------------
Iteration = 14
Distance = 0.05694589316323739
v max = -0.7414311404094454
v min = -7.4726424031331975
d max = 0.07611111111111112
d min = 0.07611111111111112
dF max = 0.07611111111111112
dB max = 0.07611111111111112
hk max = 0.03736787927421724
hk min = 0.019855816800101636
hz max = 0.05927272510923449
hz min = 0.019472583122608113
lambdaF max = Inf
lambdaF min = 0.004177590819662044
lambdaB max = Inf
lambdaB min = 0.004177590819662044
----------------------------------
----------------------------------
Iteration = 15
Distance = 0.047632229439866336
v max = -0.7660392153686262
v min = -7.520274632573064
d max = 0.07611111111111112
d min = 0.07611111111111112
dF max = 0.07611111111111112
dB max = 0.07611111111111112
hk max = 0.0375183634333245
hk min = 0.01986110291536298
hz max = 0.05961473456175099
hz min = 0.01948459702092935
lambdaF max = Inf
lambdaF min = 0.004177590819662044
lambdaB max = Inf
lambdaB min = 0.004177590819662044
----------------------------------
----------------------------------
Iteration = 16
Distance = 0.04021393325580025
v max = -0.7890033365314233
v min = -7.560488565828864
d max = 0.07611111111111112
d min = 0.07611111111111112
dF max = 0.07611111111111112
dB max = 0.07611111111111112
hk max = 0.037630800824263656
hk min = 0.019865112742680397
hz max = 0.05987027408661271
hz min = 0.01949371026483257
lambdaF max = Inf
lambdaF min = 0.004177590819662044
lambdaB max = Inf
lambdaB min = 0.004177590819662044
----------------------------------
----------------------------------
Iteration = 17
Distance = 0.03425196689689436
v max = -0.81033058636422
v min = -7.594740532725758
d max = 0.07611111111111112
d min = 0.07611111111111112
dF max = 0.07611111111111112
dB max = 0.07611111111111112
hk max = 0.03771481649372148
hk min = 0.019868172871740496
hz max = 0.06006121878992595
hz min = 0.01950066510360552
lambdaF max = Inf
lambdaF min = 0.004177590819662044
lambdaB max = Inf
lambdaB min = 0.004177590819662044
----------------------------------
----------------------------------
Iteration = 18
Distance = 0.029415360781453792
v max = -0.8300604597304968
v min = -7.624155893507212
d max = 0.07611111111111112
d min = 0.07611111111111112
dF max = 0.07611111111111112
dB max = 0.07611111111111112
hk max = 0.03777760007106146
hk min = 0.019870487213661116
hz max = 0.060203908738425904
hz min = 0.019505924971606924
lambdaF max = Inf
lambdaF min = 0.004177590819662044
lambdaB max = Inf
lambdaB min = 0.004177590819662044
----------------------------------
----------------------------------
Iteration = 19
Distance = 0.025453851158948382
v max = -0.8482558811700129
v min = -7.649609744666161
d max = 0.07611111111111112
d min = 0.07611111111111112
dF max = 0.07611111111111112
dB max = 0.07611111111111112
hk max = 0.03782452200980273
hk min = 0.01987224480599774
hz max = 0.06031054950829242
hz min = 0.019509919499644715
lambdaF max = Inf
lambdaF min = 0.004177590819662044
lambdaB max = Inf
lambdaB min = 0.004177590819662044
----------------------------------
----------------------------------
Iteration = 20
Distance = 0.022177571401283735
v max = -0.8649932721530024
v min = -7.671787316067444
d max = 0.07611111111111112
d min = 0.07611111111111112
dF max = 0.07611111111111112
dB max = 0.07611111111111112
hk max = 0.03785959382314909
hk min = 0.01987357742293585
hz max = 0.06039025817498869
hz min = 0.019512948174504056
lambdaF max = Inf
lambdaF min = 0.004177590819662044
lambdaB max = Inf
lambdaB min = 0.004177590819662044
----------------------------------
----------------------------------
Iteration = 21
Distance = 0.019441942376499988
v max = -0.8803573971363766
v min = -7.691229258443944
d max = 0.07611111111111112
d min = 0.07611111111111112
dF max = 0.07611111111111112
dB max = 0.07611111111111112
hk max = 0.03788581190438545
hk min = 0.019874583799427047
hz max = 0.060449844723253154
hz min = 0.019515235393802233
lambdaF max = Inf
lambdaF min = 0.004177590819662044
lambdaB max = Inf
lambdaB min = 0.004177590819662044
----------------------------------
----------------------------------
Iteration = 22
Distance = 0.017136409866510327
v max = -0.894436941979581
v min = -7.708365668310455
d max = 0.07611111111111112
d min = 0.07611111111111112
dF max = 0.07611111111111112
dB max = 0.07611111111111112
hk max = 0.03790541440128477
hk min = 0.019875346420750804
hz max = 0.06049439585256978
hz min = 0.019516968624083492
lambdaF max = Inf
lambdaF min = 0.004177590819662044
lambdaB max = Inf
lambdaB min = 0.004177590819662044
----------------------------------
----------------------------------
Iteration = 23
Distance = 0.015176036513560476
v max = -0.9073211599056306
v min = -7.723541704824015
d max = 0.07611111111111112
d min = 0.07611111111111112
dF max = 0.07611111111111112
dB max = 0.07611111111111112
hk max = 0.03792007312591728
hk min = 0.019875921713110287
hz max = 0.060527711135825495
hz min = 0.019518276106718684
lambdaF max = Inf
lambdaF min = 0.004177590819662044
lambdaB max = Inf
lambdaB min = 0.004177590819662044
----------------------------------
----------------------------------
Iteration = 24
Distance = 0.013495216157326517
v max = -0.9190979870118979
v min = -7.737036920981342
d max = 0.07611111111111112
d min = 0.07611111111111112
dF max = 0.07611111111111112
dB max = 0.07611111111111112
hk max = 0.03793103691642302
hk min = 0.019876356148970015
hz max = 0.06055262884152035
hz min = 0.019519263460945332
lambdaF max = Inf
lambdaF min = 0.004177590819662044
lambdaB max = Inf
lambdaB min = 0.004177590819662044
----------------------------------
----------------------------------
Iteration = 25
Distance = 0.012042968632296258
v max = -0.9298523722637887
v min = -7.749079889613638
d max = 0.07611111111111112
d min = 0.07611111111111112
dF max = 0.07611111111111112
dB max = 0.07611111111111112
hk max = 0.03793923871951428
hk min = 0.019876684090779462
hz max = 0.06057126930309141
hz min = 0.019520008783239538
lambdaF max = Inf
lambdaF min = 0.004177590819662044
lambdaB max = Inf
lambdaB min = 0.004177590819662044
----------------------------------
----------------------------------
Iteration = 26
Distance = 0.010779412901552377
v max = -0.9396653983647
v min = -7.75985930251519
d max = 0.07611111111111112
d min = 0.07611111111111112
dF max = 0.07611111111111112
dB max = 0.07611111111111112
hk max = 0.037945375565084025
hk min = 0.019876931052176555
hz max = 0.06058521667938627
hz min = 0.019520570059142022
lambdaF max = Inf
lambdaF min = 0.004177590819662044
lambdaB max = Inf
lambdaB min = 0.004177590819662044
----------------------------------
----------------------------------
Iteration = 27
Distance = 0.009673119614699743
v max = -0.9486136966858111
v min = -7.76953242212989
d max = 0.07611111111111112
d min = 0.07611111111111112
dF max = 0.07611111111111112
dB max = 0.07611111111111112
hk max = 0.037949968289301556
hk min = 0.0198771173926317
hz max = 0.06059565468897158
hz min = 0.019520993560176444
lambdaF max = Inf
lambdaF min = 0.004177590819662044
lambdaB max = Inf
lambdaB min = 0.004177590819662044
----------------------------------
----------------------------------
Iteration = 28
Distance = 0.00869912060843081
v max = -0.9567691142939313
v min = -7.778231542738321
d max = 0.07611111111111112
d min = 0.07611111111111112
dF max = 0.07611111111111112
dB max = 0.07611111111111112
hk max = 0.037953406131088094
hk min = 0.01987725762097753
hz max = 0.06060346796575917
hz min = 0.019521312260962407
lambdaF max = Inf
lambdaF min = 0.004177590819662044
lambdaB max = Inf
lambdaB min = 0.004177590819662044
----------------------------------
----------------------------------
Iteration = 29
Distance = 0.007837409592654332
v max = -0.9641986448147908
v min = -7.786068952330975
d max = 0.07611111111111112
d min = 0.07611111111111112
dF max = 0.07611111111111112
dB max = 0.07611111111111112
hk max = 0.037955980031986046
hk min = 0.019877363254738458
hz max = 0.06060931774052723
hz min = 0.0195215523376918
lambdaF max = Inf
lambdaF min = 0.004177590819662044
lambdaB max = Inf
lambdaB min = 0.004177590819662044
----------------------------------
----------------------------------
Iteration = 30
Distance = 0.007071810428938896
v max = -0.9709644372926529
v min = -7.793140762759914
d max = 0.07611111111111112
d min = 0.07611111111111112
dF max = 0.07611111111111112
dB max = 0.07611111111111112
hk max = 0.03795790750094627
hk min = 0.019877442777306215
hz max = 0.06061369835180046
hz min = 0.01952173307080034
lambdaF max = Inf
lambdaF min = 0.004177590819662044
lambdaB max = Inf
lambdaB min = 0.004177590819662044
----------------------------------
----------------------------------
Iteration = 31
Distance = 0.006389120784343838
v max = -0.977123941997544
v min = -7.799529883544258
d max = 0.07611111111111112
d min = 0.07611111111111112
dF max = 0.07611111111111112
dB max = 0.07611111111111112
hk max = 0.03795935118138946
hk min = 0.019877502588486435
hz max = 0.06061697944371681
hz min = 0.019521869005300837
lambdaF max = Inf
lambdaF min = 0.004177590819662044
lambdaB max = Inf
lambdaB min = 0.004177590819662044
----------------------------------
----------------------------------
Iteration = 32
Distance = 0.005778462310996879
v max = -0.9827301002480003
v min = -7.805308345855255
d max = 0.07611111111111112
d min = 0.07611111111111112
dF max = 0.07611111111111112
dB max = 0.07611111111111112
hk max = 0.03796043271669505
hk min = 0.0198775476205611
hz max = 0.060619437478502236
hz min = 0.01952197135092508
lambdaF max = Inf
lambdaF min = 0.004177590819662044
lambdaB max = Inf
lambdaB min = 0.004177590819662044
----------------------------------
----------------------------------
Iteration = 33
Distance = 0.005230785916785052
v max = -0.9878315773012322
v min = -7.81053913177204
d max = 0.07611111111111112
d min = 0.07611111111111112
dF max = 0.07611111111111112
dB max = 0.07611111111111112
hk max = 0.037961243105789216
hk min = 0.019877581468198974
hz max = 0.06062127927189809
hz min = 0.019522048277374793
lambdaF max = Inf
lambdaF min = 0.004177590819662044
lambdaB max = Inf
lambdaB min = 0.004177590819662044
----------------------------------
----------------------------------
Iteration = 34
Distance = 0.004738493675858102
v max = -0.9924730215868226
v min = -7.815277625447898
d max = 0.07611111111111112
d min = 0.07611111111111112
dF max = 0.07611111111111112
dB max = 0.07611111111111112
hk max = 0.03796185043843236
hk min = 0.019877606938333122
hz max = 0.060622659573359765
hz min = 0.019522106164043308
lambdaF max = Inf
lambdaF min = 0.004177590819662044
lambdaB max = Inf
lambdaB min = 0.004177590819662044
----------------------------------
----------------------------------
Iteration = 35
Distance = 0.004295148614189337
v max = -0.9966953263226923
v min = -7.819572774062087
d max = 0.07611111111111112
d min = 0.07611111111111112
dF max = 0.07611111111111112
dB max = 0.07611111111111112
hk max = 0.03796230567419514
hk min = 0.019877626084780255
hz max = 0.06062369420009335
hz min = 0.019522149678695887
lambdaF max = Inf
lambdaF min = 0.004177590819662044
lambdaB max = Inf
lambdaB min = 0.004177590819662044
----------------------------------
----------------------------------
Iteration = 36
Distance = 0.0038952508330085678
v max = -1.0005358979940735
v min = -7.823468024895096
d max = 0.07611111111111112
d min = 0.07611111111111112
dF max = 0.07611111111111112
dB max = 0.07611111111111112
hk max = 0.03796264696073276
hk min = 0.019877640480136467
hz max = 0.060624469851315206
hz min = 0.01952218239541454
lambdaF max = Inf
lambdaF min = 0.004177590819662044
lambdaB max = Inf
lambdaB min = 0.004177590819662044
----------------------------------
----------------------------------
Iteration = 37
Distance = 0.0035340638302603367
v max = -1.0040289149380357
v min = -7.827002088725356
d max = 0.07611111111111112
d min = 0.07611111111111112
dF max = 0.07611111111111112
dB max = 0.07611111111111112
hk max = 0.03796290286124043
hk min = 0.019877651304825772
hz max = 0.060625051443378104
hz min = 0.01952220699698115
lambdaF max = Inf
lambdaF min = 0.004177590819662044
lambdaB max = Inf
lambdaB min = 0.004177590819662044
----------------------------------
----------------------------------
Iteration = 38
Distance = 0.0032074789111566915
v max = -1.0072055786295893
v min = -7.830209567636513
d max = 0.07611111111111112
d min = 0.07611111111111112
dF max = 0.07611111111111112
dB max = 0.07611111111111112
hk max = 0.03796309476718217
hk min = 0.01987765943824593
hz max = 0.06062548759324568
hz min = 0.019522225482026968
lambdaF max = Inf
lambdaF min = 0.004177590819662044
lambdaB max = Inf
lambdaB min = 0.004177590819662044
----------------------------------
----------------------------------
Iteration = 39
Distance = 0.002911908592226453
v max = -1.0100943519939185
v min = -7.833121476228739
d max = 0.07611111111111112
d min = 0.07611111111111112
dF max = 0.07611111111111112
dB max = 0.07611111111111112
hk max = 0.037963238702385854
hk min = 0.01987766555459091
hz max = 0.06062581471870861
hz min = 0.019522239382811005
lambdaF max = Inf
lambdaF min = 0.004177590819662044
lambdaB max = Inf
lambdaB min = 0.004177590819662044
----------------------------------
----------------------------------
Iteration = 40
Distance = 0.002644202156351305
v max = -1.0127211838767247
v min = -7.835765678385091
d max = 0.07611111111111112
d min = 0.07611111111111112
dF max = 0.07611111111111112
dB max = 0.07611111111111112
hk max = 0.03796334667236896
hk min = 0.019877670149403566
hz max = 0.06062606010503387
hz min = 0.01952224982556704
lambdaF max = Inf
lambdaF min = 0.004177590819662044
lambdaB max = Inf
lambdaB min = 0.004177590819662044
----------------------------------
----------------------------------
Iteration = 41
Distance = 0.0024015782028419252
v max = -1.0151097196505525
v min = -7.838167256587933
d max = 0.07611111111111112
d min = 0.07611111111111112
dF max = 0.07611111111111112
dB max = 0.07611111111111112
hk max = 0.03796342767377875
hk min = 0.019877673603736074
hz max = 0.06062624419914701
hz min = 0.01952225767632274
lambdaF max = Inf
lambdaF min = 0.004177590819662044
lambdaB max = Inf
lambdaB min = 0.004177590819662044
----------------------------------
----------------------------------
Iteration = 42
Distance = 0.002181570299627289
v max = -1.0172814966017183
v min = -7.84034882688756
d max = 0.07611111111111112
d min = 0.07611111111111112
dF max = 0.07611111111111112
dB max = 0.07611111111111112
hk max = 0.037963488449749686
hk min = 0.019877676199161462
hz max = 0.06062638232635367
hz min = 0.019522263575016807
lambdaF max = Inf
lambdaF min = 0.004177590819662044
lambdaB max = Inf
lambdaB min = 0.004177590819662044
----------------------------------
----------------------------------
Iteration = 43
Distance = 0.0019819827914471233
v max = -1.0192561254519539
v min = -7.842330809679007
d max = 0.07611111111111112
d min = 0.07611111111111112
dF max = 0.07611111111111112
dB max = 0.07611111111111112
hk max = 0.037963534055263065
hk min = 0.01987767814952102
hz max = 0.06062648597524773
hz min = 0.01952226800765217
lambdaF max = Inf
lambdaF min = 0.004177590819662044
lambdaB max = Inf
lambdaB min = 0.004177590819662044
----------------------------------
----------------------------------
Iteration = 44
Distance = 0.0018008545291188227
v max = -1.0210514576066776
v min = -7.844131664208126
d max = 0.07611111111111112
d min = 0.07611111111111112
dF max = 0.07611111111111112
dB max = 0.07611111111111112
hk max = 0.03796356828042061
hk min = 0.019877679615288482
hz max = 0.0606265637596967
hz min = 0.01952227133894185
lambdaF max = Inf
lambdaF min = 0.004177590819662044
lambdaB max = Inf
lambdaB min = 0.004177590819662044
----------------------------------
----------------------------------
Iteration = 45
Distance = 0.0016364288179850917
v max = -1.0226837393095196
v min = -7.845768093026111
d max = 0.07611111111111112
d min = 0.07611111111111112
dF max = 0.07611111111111112
dB max = 0.07611111111111112
hk max = 0.03796359396738938
hk min = 0.019877680716367377
hz max = 0.06062662213917119
hz min = 0.01952227384139389
lambdaF max = Inf
lambdaF min = 0.004177590819662044
lambdaB max = Inf
lambdaB min = 0.004177590819662044
----------------------------------
----------------------------------
Iteration = 46
Distance = 0.001487128286705719
v max = -1.0241677531621158
v min = -7.847255221312817
d max = 0.07611111111111112
d min = 0.07611111111111112
dF max = 0.07611111111111112
dB max = 0.07611111111111112
hk max = 0.0379636132478067
hk min = 0.019877681543961988
hz max = 0.06062666595830144
hz min = 0.01952227572229073
lambdaF max = Inf
lambdaF min = 0.004177590819662044
lambdaB max = Inf
lambdaB min = 0.004177590819662044
----------------------------------
----------------------------------
Iteration = 47
Distance = 0.0013515336796547928
v max = -1.0255169478685369
v min = -7.848606754992471
d max = 0.07611111111111112
d min = 0.07611111111111112
dF max = 0.07611111111111112
dB max = 0.07611111111111112
hk max = 0.03796362772062526
hk min = 0.019877682165568927
hz max = 0.06062669885107091
hz min = 0.01952227713503378
lambdaF max = Inf
lambdaF min = 0.004177590819662044
lambdaB max = Inf
lambdaB min = 0.004177590819662044
----------------------------------
----------------------------------
Iteration = 48
Distance = 0.0012283658049243584
v max = -1.0267435570399668
v min = -7.849835120797396
d max = 0.07611111111111112
d min = 0.07611111111111112
dF max = 0.07611111111111112
dB max = 0.07611111111111112
hk max = 0.037963638585389536
hk min = 0.019877682632738758
hz max = 0.06062672354371699
hz min = 0.01952227819678339
lambdaF max = Inf
lambdaF min = 0.004177590819662044
lambdaB max = Inf
lambdaB min = 0.004177590819662044
----------------------------------
----------------------------------
Iteration = 49
Distance = 0.0011164700436312458
v max = -1.0278587077693364
v min = -7.850951590841027
d max = 0.07611111111111112
d min = 0.07611111111111112
dF max = 0.07611111111111112
dB max = 0.07611111111111112
hk max = 0.03796364674210189
hk min = 0.019877682983661007
hz max = 0.06062674208169961
hz min = 0.01952227899433396
lambdaF max = Inf
lambdaF min = 0.004177590819662044
lambdaB max = Inf
lambdaB min = 0.004177590819662044
----------------------------------
----------------------------------
Iteration = 50
Distance = 0.0010148029569689854
v max = -1.028872519841241
v min = -7.851966393797996
d max = 0.07611111111111112
d min = 0.07611111111111112
dF max = 0.07611111111111112
dB max = 0.07611111111111112
hk max = 0.037963652866105355
hk min = 0.019877683247335267
hz max = 0.060626755999889294
hz min = 0.01952227959359364
lambdaF max = Inf
lambdaF min = 0.004177590819662044
lambdaB max = Inf
lambdaB min = 0.004177590819662044
----------------------------------
----------------------------------
Iteration = 51
Distance = 0.0009224206276359226
v max = -1.0297941962386934
v min = -7.852888814425632
d max = 0.07611111111111112
d min = 0.07611111111111112
dF max = 0.07611111111111112
dB max = 0.07611111111111112
hk max = 0.0379636574642096
hk min = 0.01987768344543649
hz max = 0.060626766450126206
hz min = 0.01952228004382369
lambdaF max = Inf
lambdaF min = 0.004177590819662044
lambdaB max = Inf
lambdaB min = 0.004177590819662044
----------------------------------
----------------------------------
Iteration = 52
Distance = 0.0008384684487925398
v max = -1.0306321057050354
v min = -7.8537272828744245
d max = 0.07611111111111112
d min = 0.07611111111111112
dF max = 0.07611111111111112
dB max = 0.07611111111111112
hk max = 0.03796366091678313
hk min = 0.01987768359424667
hz max = 0.060626774296884255
hz min = 0.019522280382028644
lambdaF max = Inf
lambdaF min = 0.004177590819662044
lambdaB max = Inf
lambdaB min = 0.004177590819662044
----------------------------------
----------------------------------
Iteration = 53
Distance = 0.0007621721318766816
v max = -1.031393857985331
v min = -7.854489455006301
d max = 0.07611111111111112
d min = 0.07611111111111112
dF max = 0.07611111111111112
dB max = 0.07611111111111112
hk max = 0.03796366350932778
hk min = 0.019877683706067933
hz max = 0.06062678018903118
hz min = 0.01952228063616788
lambdaF max = Inf
lambdaF min = 0.004177590819662044
lambdaB max = Inf
lambdaB min = 0.004177590819662044
----------------------------------
----------------------------------
Iteration = 54
Distance = 0.0006928297497594826
v max = -1.0320863723801135
v min = -7.855182284756061
d max = 0.07611111111111112
d min = 0.07611111111111112
dF max = 0.07611111111111112
dB max = 0.07611111111111112
hk max = 0.037963665456153456
hk min = 0.019877683790052544
hz max = 0.06062678461363498
hz min = 0.019522280827041993
lambdaF max = Inf
lambdaF min = 0.004177590819662044
lambdaB max = Inf
lambdaB min = 0.004177590819662044
----------------------------------
----------------------------------
Iteration = 55
Distance = 0.0006298046669241941
v max = -1.032715940177958
v min = -7.855812089422985
d max = 0.07611111111111112
d min = 0.07611111111111112
dF max = 0.07611111111111112
dB max = 0.07611111111111112
hk max = 0.037963666918138954
hk min = 0.019877683853164692
hz max = 0.06062678793632929
hz min = 0.019522280970478697
lambdaF max = Inf
lambdaF min = 0.004177590819662044
lambdaB max = Inf
lambdaB min = 0.004177590819662044
----------------------------------
----------------------------------
Iteration = 56
Distance = 0.0005725192348720043
v max = -1.0332882814936757
v min = -7.856384608657857
d max = 0.07611111111111112
d min = 0.07611111111111112
dF max = 0.07611111111111112
dB max = 0.07611111111111112
hk max = 0.037963668016065676
hk min = 0.019877683900564755
hz max = 0.0606267904316173
hz min = 0.019522281078206107
lambdaF max = Inf
lambdaF min = 0.004177590819662044
lambdaB max = Inf
lambdaB min = 0.004177590819662044
----------------------------------
----------------------------------
Iteration = 57
Distance = 0.0005204491527255328
v max = -1.0338085970051498
v min = -7.856905057810582
d max = 0.07611111111111112
d min = 0.07611111111111112
dF max = 0.07611111111111112
dB max = 0.07611111111111112
hk max = 0.037963668840615625
hk min = 0.019877683936181965
hz max = 0.060626792305594444
hz min = 0.019522281159154314
lambdaF max = Inf
lambdaF min = 0.004177590819662044
lambdaB max = Inf
lambdaB min = 0.004177590819662044
----------------------------------
----------------------------------
Iteration = 58
Distance = 0.0004731184096060659
v max = -1.0342816150310745
v min = -7.857378176220188
d max = 0.07611111111111112
d min = 0.07611111111111112
dF max = 0.07611111111111112
dB max = 0.07611111111111112
hk max = 0.03796366945987334
hk min = 0.019877683962934753
hz max = 0.06062679371299836
hz min = 0.019522281219956108
lambdaF max = Inf
lambdaF min = 0.004177590819662044
lambdaB max = Inf
lambdaB min = 0.004177590819662044
----------------------------------
----------------------------------
Iteration = 59
Distance = 0.0004300947386086662
v max = -1.0347116343667
v min = -7.857808270958797
d max = 0.07611111111111112
d min = 0.07611111111111112
dF max = 0.07611111111111112
dB max = 0.07611111111111112
hk max = 0.03796366992496261
hk min = 0.019877683983034085
hz max = 0.06062679477001942
hz min = 0.0195222812656364
lambdaF max = Inf
lambdaF min = 0.004177590819662044
lambdaB max = Inf
lambdaB min = 0.004177590819662044
----------------------------------
----------------------------------
Iteration = 60
Distance = 0.0003909855228698689
v max = -1.0351025632503081
v min = -7.858199256481667
d max = 0.07611111111111112
d min = 0.07611111111111112
dF max = 0.07611111111111112
dB max = 0.07611111111111112
hk max = 0.03796367027427178
hk min = 0.01987768399813326
hz max = 0.0606267955639039
hz min = 0.019522281299952714
lambdaF max = Inf
lambdaF min = 0.004177590819662044
lambdaB max = Inf
lambdaB min = 0.004177590819662044
----------------------------------
----------------------------------
Iteration = 61
Distance = 0.00035543410314886614
v max = -1.0354579548083929
v min = -7.858554690584816
d max = 0.07611111111111112
d min = 0.07611111111111112
dF max = 0.07611111111111112
dB max = 0.07611111111111112
hk max = 0.03796367053662959
hk min = 0.019877684009474983
hz max = 0.06062679616017165
hz min = 0.01952228132572936
lambdaF max = Inf
lambdaF min = 0.004177590819662044
lambdaB max = Inf
lambdaB min = 0.004177590819662044
----------------------------------
----------------------------------
Iteration = 62
Distance = 0.0003231164428489919
v max = -1.0357810392929634
v min = -7.858877807027665
d max = 0.07611111111111112
d min = 0.07611111111111112
dF max = 0.07611111111111112
dB max = 0.07611111111111112
hk max = 0.03796367073368371
hk min = 0.019877684017997
hz max = 0.06062679660802192
hz min = 0.01952228134509757
lambdaF max = Inf
lambdaF min = 0.004177590819662044
lambdaB max = Inf
lambdaB min = 0.004177590819662044
----------------------------------
----------------------------------
Iteration = 63
Distance = 0.0002937381127745553
v max = -1.0360747533997299
v min = -7.859171545140439
d max = 0.07611111111111112
d min = 0.07611111111111112
dF max = 0.07611111111111112
dB max = 0.07611111111111112
hk max = 0.03796367088169024
hk min = 0.01987768402439683
hz max = 0.060626796944400395
hz min = 0.019522281359642648
lambdaF max = Inf
lambdaF min = 0.004177590819662044
lambdaB max = Inf
lambdaB min = 0.004177590819662044
----------------------------------
----------------------------------
Iteration = 64
Distance = 0.00026703156231899783
v max = -1.0363417669294572
v min = -7.859438576702758
d max = 0.07611111111111112
d min = 0.07611111111111112
dF max = 0.07611111111111112
dB max = 0.07611111111111112
hk max = 0.03796367099286113
hk min = 0.019877684029206706
hz max = 0.06062679719706153
hz min = 0.01952228137057418
lambdaF max = Inf
lambdaF min = 0.004177590819662044
lambdaB max = Inf
lambdaB min = 0.004177590819662044
----------------------------------
----------------------------------
Iteration = 65
Distance = 0.00024275364798942434
v max = -1.03658450703182
v min = -7.859681330350748
d max = 0.07611111111111112
d min = 0.07611111111111112
dF max = 0.07611111111111112
dB max = 0.07611111111111112
hk max = 0.037963671076363004
hk min = 0.01987768403281781
hz max = 0.060626797386838495
hz min = 0.019522281378781238
lambdaF max = Inf
lambdaF min = 0.004177590819662044
lambdaB max = Inf
lambdaB min = 0.004177590819662044
----------------------------------
----------------------------------
Iteration = 66
Distance = 0.00022068339353875643
v max = -1.0368051802502223
v min = -7.8599020137442865
d max = 0.07611111111111112
d min = 0.07611111111111112
dF max = 0.07611111111111112
dB max = 0.07611111111111112
hk max = 0.03796367113908188
hk min = 0.019877684035532327
hz max = 0.0606267975293814
hz min = 0.019522281384950588
lambdaF max = Inf
lambdaF min = 0.004177590819662044
lambdaB max = Inf
lambdaB min = 0.004177590819662044
----------------------------------
----------------------------------
Iteration = 67
Distance = 0.00020061995911113684
v max = -1.0370057925659775
v min = -7.860102633703398
d max = 0.07611111111111112
d min = 0.07611111111111112
dF max = 0.07611111111111112
dB max = 0.07611111111111112
hk max = 0.03796367118619387
hk min = 0.01987768403757012
hz max = 0.0606267976364541
hz min = 0.019522281389581935
lambdaF max = Inf
lambdaF min = 0.004177590819662044
lambdaB max = Inf
lambdaB min = 0.004177590819662044
----------------------------------
----------------------------------
Iteration = 68
Distance = 0.0001823807986793824
v max = -1.0371881676231185
v min = -7.860285014502077
d max = 0.07611111111111112
d min = 0.07611111111111112
dF max = 0.07611111111111112
dB max = 0.07611111111111112
hk max = 0.037963671221581265
hk min = 0.019877684039102506
hz max = 0.06062679771688001
hz min = 0.01952228139306464
lambdaF max = Inf
lambdaF min = 0.004177590819662044
lambdaB max = Inf
lambdaB min = 0.004177590819662044
----------------------------------
----------------------------------
Iteration = 69
Distance = 0.0001657999882018757
v max = -1.0373539632983568
v min = -7.860450814490279
d max = 0.07611111111111112
d min = 0.07611111111111112
dF max = 0.07611111111111112
dB max = 0.07611111111111112
hk max = 0.03796367124816274
hk min = 0.01987768404025157
hz max = 0.06062679777729244
hz min = 0.019522281395676144
lambdaF max = Inf
lambdaF min = 0.004177590819662044
lambdaB max = Inf
lambdaB min = 0.004177590819662044
----------------------------------
----------------------------------
Iteration = 70
Distance = 0.00015072670772298125
v max = -1.0375046867662545
v min = -7.860601541198002
d max = 0.07611111111111112
d min = 0.07611111111111112
dF max = 0.07611111111111112
dB max = 0.07611111111111112
hk max = 0.037963671268128205
hk min = 0.01987768404111718
hz max = 0.0606267978226685
hz min = 0.01952228139764344
lambdaF max = Inf
lambdaF min = 0.004177590819662044
lambdaB max = Inf
lambdaB min = 0.004177590819662044
----------------------------------
----------------------------------
Iteration = 71
Distance = 0.00013702386338909633
v max = -1.0376417081959233
v min = -7.860738565061391
d max = 0.07611111111111112
d min = 0.07611111111111112
dF max = 0.07611111111111112
dB max = 0.07611111111111112
hk max = 0.037963671283126575
hk min = 0.019877684041764772
hz max = 0.06062679785675571
hz min = 0.019522281399115236
lambdaF max = Inf
lambdaF min = 0.004177590819662044
lambdaB max = Inf
lambdaB min = 0.004177590819662044
----------------------------------
----------------------------------
Iteration = 72
Distance = 0.0001245668357885421
v max = -1.037766273203531
v min = -7.86086313189718
d max = 0.07611111111111112
d min = 0.07611111111111112
dF max = 0.07611111111111112
dB max = 0.07611111111111112
hk max = 0.03796367129439154
hk min = 0.019877684042253988
hz max = 0.060626797882357905
hz min = 0.019522281400227097
lambdaF max = Inf
lambdaF min = 0.004177590819662044
lambdaB max = Inf
lambdaB min = 0.004177590819662044
----------------------------------
----------------------------------
Iteration = 73
Distance = 0.00011324234304321834
v max = -1.0378795141732662
v min = -7.860976374240223
d max = 0.07611111111111112
d min = 0.07611111111111112
dF max = 0.07611111111111112
dB max = 0.07611111111111112
hk max = 0.03796367130285344
hk min = 0.01987768404261882
hz max = 0.0606267979015895
hz min = 0.01952228140105626
lambdaF max = Inf
lambdaF min = 0.004177590819662044
lambdaB max = Inf
lambdaB min = 0.004177590819662044
----------------------------------
----------------------------------
Iteration = 74
Distance = 0.0001029474081049031
v max = -1.0379824605497654
v min = -7.861079321648328
d max = 0.07611111111111112
d min = 0.07611111111111112
dF max = 0.07611111111111112
dB max = 0.07611111111111112
hk max = 0.03796367130921143
hk min = 0.019877684042895336
hz max = 0.06062679791603947
hz min = 0.019522281401684705
lambdaF max = Inf
lambdaF min = 0.004177590819662044
lambdaB max = Inf
lambdaB min = 0.004177590819662044
----------------------------------
----------------------------------
Iteration = 75
Distance = 9.358842026330194e-5
v max = -1.038076048195085
v min = -7.861172910068591
d max = 0.07611111111111112
d min = 0.07611111111111112
dF max = 0.07611111111111112
dB max = 0.07611111111111112
hk max = 0.03796367131398709
hk min = 0.019877684043101106
hz max = 0.06062679792689324
hz min = 0.01952228140215236
lambdaF max = Inf
lambdaF min = 0.004177590819662044
lambdaB max = Inf
lambdaB min = 0.004177590819662044
----------------------------------
----------------------------------
Iteration = 76
Distance = 8.508028247611321e-5
v max = -1.0381611278954257
v min = -7.861257990351067
d max = 0.07611111111111112
d min = 0.07611111111111112
dF max = 0.07611111111111112
dB max = 0.07611111111111112
hk max = 0.03796367131757438
hk min = 0.019877684043257394
hz max = 0.060626797935046176
hz min = 0.019522281402507564
lambdaF max = Inf
lambdaF min = 0.004177590819662044
lambdaB max = Inf
lambdaB min = 0.004177590819662044
----------------------------------
----------------------------------
Iteration = 77
Distance = 7.734563653105653e-5
v max = -1.0382384730946697
v min = -7.861335335987598
d max = 0.07611111111111112
d min = 0.07611111111111112
dF max = 0.07611111111111112
dB max = 0.07611111111111112
hk max = 0.037963671320269246
hk min = 0.019877684043372763
hz max = 0.06062679794117086
hz min = 0.019522281402769764
lambdaF max = Inf
lambdaF min = 0.004177590819662044
lambdaB max = Inf
lambdaB min = 0.004177590819662044
----------------------------------
----------------------------------
Iteration = 78
Distance = 7.031415884473091e-5
v max = -1.0383087869250178
v min = -7.861405650146443
d max = 0.07611111111111112
d min = 0.07611111111111112
dF max = 0.07611111111111112
dB max = 0.07611111111111112
hk max = 0.0379636713222927
hk min = 0.019877684043462004
hz max = 0.060626797945769625
hz min = 0.019522281402972592
lambdaF max = Inf
lambdaF min = 0.004177590819662044
lambdaB max = Inf
lambdaB min = 0.004177590819662044
----------------------------------
----------------------------------
Iteration = 79
Distance = 6.392192036752675e-5
v max = -1.0383727085986214
v min = -7.86146957206681
d max = 0.07611111111111112
d min = 0.07611111111111112
dF max = 0.07611111111111112
dB max = 0.07611111111111112
hk max = 0.037963671323813994
hk min = 0.019877684043525818
hz max = 0.06062679794922711
hz min = 0.019522281403117615
lambdaF max = Inf
lambdaF min = 0.004177590819662044
lambdaB max = Inf
lambdaB min = 0.004177590819662044
----------------------------------
----------------------------------
Iteration = 80
Distance = 5.811080498840937e-5
v max = -1.0384308192182563
v min = -7.861527682871799
d max = 0.07611111111111112
d min = 0.07611111111111112
dF max = 0.07611111111111112
dB max = 0.07611111111111112
hk max = 0.03796367132495612
hk min = 0.019877684043577606
hz max = 0.06062679795182285
hz min = 0.019522281403235316
lambdaF max = Inf
lambdaF min = 0.004177590819662044
lambdaB max = Inf
lambdaB min = 0.004177590819662044
----------------------------------
----------------------------------
Iteration = 81
Distance = 5.282798071615247e-5
v max = -1.038483647059723
v min = -7.861580510852515
d max = 0.07611111111111112
d min = 0.07611111111111112
dF max = 0.07611111111111112
dB max = 0.07611111111111112
hk max = 0.03796367132581433
hk min = 0.019877684043612055
hz max = 0.060626797953773334
hz min = 0.01952228140331361
lambdaF max = Inf
lambdaF min = 0.004177590819662044
lambdaB max = Inf
lambdaB min = 0.004177590819662044
----------------------------------
----------------------------------
Iteration = 82
Distance = 4.802541912241054e-5
v max = -1.0385316723742544
v min = -7.861628536271637
d max = 0.07611111111111112
d min = 0.07611111111111112
dF max = 0.07611111111111112
dB max = 0.07611111111111112
hk max = 0.03796367132645891
hk min = 0.019877684043643033
hz max = 0.060626797955238294
hz min = 0.01952228140338402
lambdaF max = Inf
lambdaF min = 0.004177590819662044
lambdaB max = Inf
lambdaB min = 0.004177590819662044
----------------------------------
----------------------------------
Iteration = 83
Distance = 4.365945848938679e-5
v max = -1.0385753317541613
v min = -7.861672195730127
d max = 0.07611111111111112
d min = 0.07611111111111112
dF max = 0.07611111111111112
dB max = 0.07611111111111112
hk max = 0.037963671326943504
hk min = 0.019877684043660606
hz max = 0.06062679795633965
hz min = 0.019522281403423956
lambdaF max = Inf
lambdaF min = 0.004177590819662044
lambdaB max = Inf
lambdaB min = 0.004177590819662044
----------------------------------
----------------------------------
Iteration = 84
Distance = 3.96904067132553e-5
v max = -1.0386150221018593
v min = -7.86171188613684
d max = 0.07611111111111112
d min = 0.07611111111111112
dF max = 0.07611111111111112
dB max = 0.07611111111111112
hk max = 0.037963671327306034
hk min = 0.019877684043679796
hz max = 0.06062679795716356
hz min = 0.019522281403467567
lambdaF max = Inf
lambdaF min = 0.004177590819662044
lambdaB max = Inf
lambdaB min = 0.004177590819662044
----------------------------------
----------------------------------
Iteration = 85
Distance = 3.608218033956945e-5
v max = -1.0386511042378441
v min = -7.86174796831718
d max = 0.07611111111111112
d min = 0.07611111111111112
dF max = 0.07611111111111112
dB max = 0.07611111111111112
hk max = 0.03796367132757977
hk min = 0.01987768404368835
hz max = 0.060626797957785694
hz min = 0.01952228140348701
lambdaF max = Inf
lambdaF min = 0.004177590819662044
lambdaB max = Inf
lambdaB min = 0.004177590819662044
----------------------------------
----------------------------------
Iteration = 86
Distance = 3.280197643373839e-5
v max = -1.0386839061809732
v min = -7.861780770293613
d max = 0.07611111111111112
d min = 0.07611111111111112
dF max = 0.07611111111111112
dB max = 0.07611111111111112
hk max = 0.03796367132778415
hk min = 0.019877684043700373
hz max = 0.0606267979582502
hz min = 0.019522281403514332
lambdaF max = Inf
lambdaF min = 0.004177590819662044
lambdaB max = Inf
lambdaB min = 0.004177590819662044
----------------------------------
----------------------------------
Iteration = 87
Distance = 2.9819974285416606e-5
v max = -1.0387137261302333
v min = -7.861810590267899
d max = 0.07611111111111112
d min = 0.07611111111111112
dF max = 0.07611111111111112
dB max = 0.07611111111111112
hk max = 0.03796367132793767
hk min = 0.01987768404370384
hz max = 0.0606267979585991
hz min = 0.019522281403522215
lambdaF max = Inf
lambdaF min = 0.004177590819662044
lambdaB max = Inf
lambdaB min = 0.004177590819662044
----------------------------------
----------------------------------
Iteration = 88
Distance = 2.7109064315133935e-5
v max = -1.0387408351757672
v min = -7.861837699332214
d max = 0.07611111111111112
d min = 0.07611111111111112
dF max = 0.07611111111111112
dB max = 0.07611111111111112
hk max = 0.03796367132805327
hk min = 0.019877684043711933
hz max = 0.060626797958861826
hz min = 0.019522281403540606
lambdaF max = Inf
lambdaF min = 0.004177590819662044
lambdaB max = Inf
lambdaB min = 0.004177590819662044
----------------------------------
----------------------------------
Iteration = 89
Distance = 2.4644601511525366e-5
v max = -1.0387654797631565
v min = -7.861862343933725
d max = 0.07611111111111112
d min = 0.07611111111111112
dF max = 0.07611111111111112
dB max = 0.07611111111111112
hk max = 0.0379636713281402
hk min = 0.01987768404371309
hz max = 0.0606267979590594
hz min = 0.019522281403543233
lambdaF max = Inf
lambdaF min = 0.004177590819662044
lambdaB max = Inf
lambdaB min = 0.004177590819662044
----------------------------------
----------------------------------
Iteration = 90
Distance = 2.2404181391877387e-5
v max = -1.038787883933934
v min = -7.861884748115117
d max = 0.07611111111111112
d min = 0.07611111111111112
dF max = 0.07611111111111112
dB max = 0.07611111111111112
hk max = 0.037963671328205856
hk min = 0.019877684043718407
hz max = 0.060626797959208625
hz min = 0.019522281403555317
lambdaF max = Inf
lambdaF min = 0.004177590819662044
lambdaB max = Inf
lambdaB min = 0.004177590819662044
----------------------------------
----------------------------------
Iteration = 91
Distance = 2.036743625222215e-5
v max = -1.0388082513622148
v min = -7.8619051155513695
d max = 0.07611111111111112
d min = 0.07611111111111112
dF max = 0.07611111111111112
dB max = 0.07611111111111112
hk max = 0.03796367132825487
hk min = 0.019877684043718175
hz max = 0.06062679795932002
hz min = 0.019522281403554793
lambdaF max = Inf
lambdaF min = 0.004177590819662044
lambdaB max = Inf
lambdaB min = 0.004177590819662044
----------------------------------
----------------------------------
Iteration = 92
Distance = 1.8515850113587362e-5
v max = -1.0388267672063536
v min = -7.861923631401483
d max = 0.07611111111111112
d min = 0.07611111111111112
dF max = 0.07611111111111112
dB max = 0.07611111111111112
hk max = 0.03796367132829186
hk min = 0.019877684043721644
hz max = 0.060626797959404094
hz min = 0.019522281403562675
lambdaF max = Inf
lambdaF min = 0.004177590819662044
lambdaB max = Inf
lambdaB min = 0.004177590819662044
----------------------------------
----------------------------------
Iteration = 93
Distance = 1.6832590243431866e-5
v max = -1.0388435997920962
v min = -7.8619404639917265
d max = 0.07611111111111112
d min = 0.07611111111111112
dF max = 0.07611111111111112
dB max = 0.07611111111111112
hk max = 0.03796367132832053
hk min = 0.019877684043721644
hz max = 0.06062679795946925
hz min = 0.019522281403562675
lambdaF max = Inf
lambdaF min = 0.004177590819662044
lambdaB max = Inf
lambdaB min = 0.004177590819662044
----------------------------------
----------------------------------
Iteration = 94
Distance = 1.5302354200663615e-5
v max = -1.0388589021429129
v min = -7.861955766345927
d max = 0.07611111111111112
d min = 0.07611111111111112
dF max = 0.07611111111111112
dB max = 0.07611111111111112
hk max = 0.03796367132834088
hk min = 0.019877684043723032
hz max = 0.06062679795951549
hz min = 0.019522281403565826
lambdaF max = Inf
lambdaF min = 0.004177590819662044
lambdaB max = Inf
lambdaB min = 0.004177590819662044
----------------------------------
----------------------------------
Iteration = 95
Distance = 1.3911230648311346e-5
v max = -1.0388728133710219
v min = -7.8619696775765755
d max = 0.07611111111111112
d min = 0.07611111111111112
dF max = 0.07611111111111112
dB max = 0.07611111111111112
hk max = 0.037963671328357526
hk min = 0.019877684043723493
hz max = 0.06062679795955332
hz min = 0.019522281403566877
lambdaF max = Inf
lambdaF min = 0.004177590819662044
lambdaB max = Inf
lambdaB min = 0.004177590819662044
----------------------------------
----------------------------------
Iteration = 96
Distance = 1.2646572991492633e-5
v max = -1.0388854599421151
v min = -7.861982324149567
d max = 0.07611111111111112
d min = 0.07611111111111112
dF max = 0.07611111111111112
dB max = 0.07611111111111112
hk max = 0.037963671328369544
hk min = 0.019877684043724187
hz max = 0.06062679795958065
hz min = 0.019522281403568455
lambdaF max = Inf
lambdaF min = 0.004177590819662044
lambdaB max = Inf
lambdaB min = 0.004177590819662044
----------------------------------
----------------------------------
Iteration = 97
Distance = 1.149688429880058e-5
v max = -1.0388969568249713
v min = -7.861993821033866
d max = 0.07611111111111112
d min = 0.07611111111111112
dF max = 0.07611111111111112
dB max = 0.07611111111111112
hk max = 0.037963671328378794
hk min = 0.01987768404372465
hz max = 0.060626797959601665
hz min = 0.019522281403569507
lambdaF max = Inf
lambdaF min = 0.004177590819662044
lambdaB max = Inf
lambdaB min = 0.004177590819662044
----------------------------------
----------------------------------
Iteration = 98
Distance = 1.0451712801007318e-5
v max = -1.0389074085367034
v min = -7.862004272746667
d max = 0.07611111111111112
d min = 0.07611111111111112
dF max = 0.07611111111111112
dB max = 0.07611111111111112
hk max = 0.037963671328384345
hk min = 0.01987768404372465
hz max = 0.06062679795961427
hz min = 0.019522281403569507
lambdaF max = Inf
lambdaF min = 0.004177590819662044
lambdaB max = Inf
lambdaB min = 0.004177590819662044
----------------------------------
----------------------------------
Iteration = 99
Distance = 9.501556951896362e-6
v max = -1.0389169100928572
v min = -7.862013774303619
d max = 0.07611111111111112
d min = 0.07611111111111112
dF max = 0.07611111111111112
dB max = 0.07611111111111112
hk max = 0.037963671328388966
hk min = 0.019877684043725113
hz max = 0.060626797959624786
hz min = 0.019522281403570558
lambdaF max = Inf
lambdaF min = 0.004177590819662044
lambdaB max = Inf
lambdaB min = 0.004177590819662044
----------------------------------
    Value Function Converged, Iteration = 99 with gamma=3.0 with rho=1.0 and v=-2.846138224973239
    Natural boundary condition
=============================================================
Convegence time (minutes): 0.10969570325000001
Current Time = 22:23:28
grid points for z:  401
grid size for z:  0.025
-0.2793568799616259
-0.526388055180022
--- 8.012844800949097 seconds for the elasticity computation ---
-0.001796064708305733
-0.0423724416509958
--- 0.06278228759765625 seconds for the elasticity computation ---
-0.2364679238249446
-0.48401561352902617
--- 0.062201499938964844 seconds for the elasticity computation ---
-0.34873614804429476
-0.532031995293099
--- 0.06247115135192871 seconds for the elasticity computation ---
Current Time = 22:23:39
grid points for z:  401
grid size for z:  0.025
rho = 1
0.05937926808266887
--- 8.01337718963623 seconds for the elasticity computation ---
0.0
--- 0.06585550308227539 seconds for the elasticity computation ---
0.05937926808266887
--- 0.06569433212280273 seconds for the elasticity computation ---
0.0
--- 0.06568169593811035 seconds for the elasticity computation ---
0.0
--- 0.06531262397766113 seconds for the elasticity computation ---
0.05937926808266887
0.005643940113077034
--- 0.065338134765625 seconds for the elasticity computation ---
0.05937926808266887
0.005643940113077034
--- 0.0653829574584961 seconds for the elasticity computation ---
0.05937926808266887
0.005643940113077034
--- 0.06557965278625488 seconds for the elasticity computation ---
0.05937926808266887
0.005643940113077034
--- 0.0654301643371582 seconds for the elasticity computation ---
parsed_args = parse_commandline() = Dict{String, Any}("dataname" => "lower_triangular_two_ambiguous_parameters", "clowerlim" => 0.0001, "delta" => 0.01, "boundary" => 0, "Delta" => 10.0, "q" => 0.1, "zmax" => 5.0, "logadjustment" => 1, "zscale" => 2.0, "foc" => 1, "distorted" => 0, "rho" => 1.0, "gamma" => 3.0)
=============================================================
./output/lower_triangular_two_ambiguous_parameters/Delta_10.0_distorted_0/logadjustment_1_boundary_0/zmax_5.0_zscale_2.0/delta_0.01/q_0.1_gamma_3.0_rho_1.0/
=============================================================
solve for structured linear system 
structured_relative_entropy = 0.10247962487640035
=============================================================
solve for unstructured linear system 
q_update = 0.12505135667610753
=============================================================
parsed_args = parse_commandline() = Dict{String, Any}("dataname" => "lower_triangular_two_ambiguous_parameters", "clowerlim" => 0.0001, "delta" => 0.01, "boundary" => 0, "Delta" => 10.0, "q" => 0.1, "zmax" => 5.0, "logadjustment" => 1, "zscale" => 2.0, "foc" => 1, "distorted" => 0, "rho" => 1.0, "gamma" => 3.0)
=============================================================
./output/lower_triangular_two_ambiguous_parameters/Delta_10.0_distorted_0/logadjustment_1_boundary_0/zmax_5.0_zscale_2.0/delta_0.01/q_0.1_gamma_3.0_rho_1.0/
=============================================================
solve for structured linear system 
structured_relative_entropy = 0.10247962487640039
=============================================================
solve for unstructured linear system 
q_update = 0.1250513566761076
=============================================================
Program ends Fri Jan 19 22:24:18 CST 2024
Elapsed time: 0 days 00 hr 01 min 14 sec
