D_10.0_distorted_0_boundary_1_delta_0.015_gamma_3.0_q_0.1_rho_1.0_upper_triangular_four_ambiguous_parameters
Program starts Fri Jan 19 15:59:20 CST 2024
parsed_args = parse_commandline() = Dict{String, Any}("dataname" => "upper_triangular_four_ambiguous_parameters", "clowerlim" => 0.0001, "delta" => 0.015, "boundary" => 1, "Delta" => 10.0, "q" => 0.1, "zmax" => 5.0, "logadjustment" => 1, "zscale" => 2.0, "foc" => 1, "distorted" => 0, "rho" => 1.0, "gamma" => 3.0)
=============================================================
logadjustment: true
reflective_boundary: true
0.1002
U: [1.0331966455186503 0.4546065240282061; 0.0 0.06463435618925897]
L: [1.0331966455186503 0.0; 0.4546065240282061 0.06463435618925897]
[-2.220446049250313e-16 0.0; 0.0 0.0]
sigma_k: [0.010331966455186503, 0.004546065240282061]
sigma_z: [0.0, 0.06463435618925897]
Compute value function WITH ROBUSTNESS
computing undistorted version...
zmax = 5.0, zmin = -5.0, zlength = 401
reflective boundary condition
----------------------------------
Iteration = 1
Distance = 1.2255894467664885
v max = -0.8898574091696372
v min = -3.2255894467664885
d max = 0.07607142857142857
d min = 0.07607142857142857
dF max = 0.07607142857142857
dB max = 0.07607142857142857
hk max = 0.010331966455186503
hk min = 0.010331966455186503
hz max = 0.004546065240282061
hz min = 0.004546065240282061
lambdaF max = 0.1596347330627016
lambdaF min = 0.006028620769798677
lambdaB max = 0.1596347330627016
lambdaB min = 0.006028620769798677
----------------------------------
----------------------------------
Iteration = 2
Distance = 0.9614239170487893
v max = -0.5739238787662617
v min = -4.187013363815278
d max = 0.07607142857142857
d min = 0.07607142857142857
dF max = 0.07607142857142857
dB max = 0.07607142857142857
hk max = 0.010331966455186503
hk min = 0.010331966455186503
hz max = 0.019665212886895073
hz min = 0.01622577100509957
lambdaF max = 0.3141560531703528
lambdaF min = 0.006028620769798677
lambdaB max = 0.31415605317036716
lambdaB min = 0.006028620769798677
----------------------------------
----------------------------------
Iteration = 3
Distance = 0.6623509560247545
v max = -0.44598657289569976
v min = -4.849364319840032
d max = 0.07607142857142857
d min = 0.07607142857142857
dF max = 0.07607142857142857
dB max = 0.07607142857142857
hk max = 0.010331966455186503
hk min = 0.010331966455186503
hz max = 0.03141305517061604
hz min = 0.02130715355534291
lambdaF max = 0.4193626145923433
lambdaF min = 0.006028620769798677
lambdaB max = 0.4229855222940405
lambdaB min = 0.006028620769798677
----------------------------------
----------------------------------
Iteration = 4
Distance = 0.46426148345801543
v max = -0.41198403386163523
v min = -5.313625803298048
d max = 0.07607142857142857
d min = 0.07607142857142857
dF max = 0.07607142857142857
dB max = 0.07607142857142857
hk max = 0.010331966455186503
hk min = 0.010331966455186503
hz max = 0.03930052089033463
hz min = 0.022817839147475837
lambdaF max = 0.4881143336616669
lambdaF min = 0.006028620769798677
lambdaB max = 0.49404312566321684
lambdaB min = 0.006028620769798677
----------------------------------
----------------------------------
Iteration = 5
Distance = 0.3323814209256719
v max = -0.4199832016012274
v min = -5.64600722422372
d max = 0.07607142857142857
d min = 0.07607142857142857
dF max = 0.07607142857142857
dB max = 0.07607142857142857
hk max = 0.010331966455186503
hk min = 0.010331966455186503
hz max = 0.044635764609394245
hz min = 0.02402253125143816
lambdaF max = 0.5317029913216762
lambdaF min = 0.006028620769798677
lambdaB max = 0.539299586980668
lambdaB min = 0.006028620769798677
----------------------------------
----------------------------------
Iteration = 6
Distance = 0.24152120035724867
v max = -0.44554217818322883
v min = -5.887528424580968
d max = 0.07607142857142857
d min = 0.07607142857142857
dF max = 0.07607142857142857
dB max = 0.07607142857142857
hk max = 0.010331966455186503
hk min = 0.010331966455186503
hz max = 0.04828634343114172
hz min = 0.02434770428483151
lambdaF max = 0.5599104986146298
lambdaF min = 0.006028620769798677
lambdaB max = 0.5686697782458022
lambdaB min = 0.006028620769798677
----------------------------------
----------------------------------
Iteration = 7
Distance = 0.17788205131379886
v max = -0.47829152495579375
v min = -6.065410475894767
d max = 0.07607142857142857
d min = 0.07607142857142857
dF max = 0.07607142857142857
dB max = 0.07607142857142857
hk max = 0.010331966455186503
hk min = 0.010331966455186503
hz max = 0.050793458696552725
hz min = 0.02463905943782995
lambdaF max = 0.5784503238714428
lambdaF min = 0.006028620769798677
lambdaB max = 0.5880130087465429
lambdaB min = 0.006028620769798677
----------------------------------
----------------------------------
Iteration = 8
Distance = 0.13280190377853796
v max = -0.5128457231709347
v min = -6.198212379673305
d max = 0.07607142857142857
d min = 0.07607142857142857
dF max = 0.07607142857142857
dB max = 0.07607142857142857
hk max = 0.010331966455186503
hk min = 0.010331966455186503
hz max = 0.05251712374824645
hz min = 0.024743776595379772
lambdaF max = 0.5907697048206128
lambdaF min = 0.006028620769798677
lambdaB max = 0.6008832234160676
lambdaB min = 0.006028620769798677
----------------------------------
----------------------------------
Iteration = 9
Distance = 0.10054266932458678
v max = -0.5467517631266234
v min = -6.298755048997892
d max = 0.07607142857142857
d min = 0.07607142857142857
dF max = 0.07607142857142857
dB max = 0.07607142857142857
hk max = 0.010331966455186503
hk min = 0.010331966455186503
hz max = 0.05370219216170753
hz min = 0.024834820060201705
lambdaF max = 0.599015630147411
lambdaF min = 0.006028620769798677
lambdaB max = 0.6095049786612676
lambdaB min = 0.006028620769798677
----------------------------------
----------------------------------
Iteration = 10
Distance = 0.07721745691161797
v max = -0.5786411026576926
v min = -6.37597250590951
d max = 0.07607142857142857
d min = 0.07607142857142857
dF max = 0.07607142857142857
dB max = 0.07607142857142857
hk max = 0.010331966455186503
hk min = 0.010331966455186503
hz max = 0.054516574851379805
hz min = 0.024879207737086857
lambdaF max = 0.6045613478772438
lambdaF min = 0.006028620769798677
lambdaB max = 0.6153064116284452
lambdaB min = 0.006028620769798677
----------------------------------
----------------------------------
Iteration = 11
Distance = 0.06016291249588601
v max = -0.6079708749051708
v min = -6.436135418405396
d max = 0.07607142857142857
d min = 0.07607142857142857
dF max = 0.07607142857142857
dB max = 0.07607142857142857
hk max = 0.010331966455186503
hk min = 0.010331966455186503
hz max = 0.05507581161586454
hz min = 0.024913045484540118
lambdaF max = 0.608302555526098
lambdaF min = 0.006028620769798677
lambdaB max = 0.6192213465642202
lambdaB min = 0.006028620769798677
----------------------------------
----------------------------------
Iteration = 12
Distance = 0.04754099856803329
v max = -0.6345151506395639
v min = -6.483676416973429
d max = 0.07607142857142857
d min = 0.07607142857142857
dF max = 0.07607142857142857
dB max = 0.07607142857142857
hk max = 0.010331966455186503
hk min = 0.010331966455186503
hz max = 0.05545950794789044
hz min = 0.02493311914097406
lambdaF max = 0.6108314217549663
lambdaF min = 0.006028620769798677
lambdaB max = 0.6218681466558292
lambdaB min = 0.006028620769798677
----------------------------------
----------------------------------
Iteration = 13
Distance = 0.03807649333382823
v max = -0.658301282133604
v min = -6.521752910307257
d max = 0.07607142857142857
d min = 0.07607142857142857
dF max = 0.07607142857142857
dB max = 0.07607142857142857
hk max = 0.010331966455186503
hk min = 0.010331966455186503
hz max = 0.055722522324236336
hz min = 0.024947163130646807
lambdaF max = 0.6125429902914626
lambdaF min = 0.006028620769798677
lambdaB max = 0.6236597427321372
lambdaB min = 0.006028620769798677
----------------------------------
----------------------------------
Iteration = 14
Distance = 0.03088048368641516
v max = -0.6794521313728412
v min = -6.5526333939936725
d max = 0.07607142857142857
d min = 0.07607142857142857
dF max = 0.07607142857142857
dB max = 0.07607142857142857
hk max = 0.010331966455186503
hk min = 0.010331966455186503
hz max = 0.055902644361069384
hz min = 0.02495637323247673
lambdaF max = 0.6137023589418404
lambdaF min = 0.006028620769798677
lambdaB max = 0.6248734067798846
lambdaB min = 0.006028620769798677
----------------------------------
----------------------------------
Iteration = 15
Distance = 0.025330360062132407
v max = -0.6981621508060419
v min = -6.577963754055805
d max = 0.07607142857142857
d min = 0.07607142857142857
dF max = 0.07607142857142857
dB max = 0.07607142857142857
hk max = 0.010331966455186503
hk min = 0.010331966455186503
hz max = 0.056025886339342114
hz min = 0.024962557040778
lambdaF max = 0.6144881056931399
lambdaF min = 0.006028620769798677
lambdaB max = 0.62569598826155
lambdaB min = 0.006028620769798677
----------------------------------
----------------------------------
Iteration = 16
Distance = 0.020987695063545253
v max = -0.7146449232304616
v min = -6.59895144911935
d max = 0.07607142857142857
d min = 0.07607142857142857
dF max = 0.07607142857142857
dB max = 0.07607142857142857
hk max = 0.010331966455186503
hk min = 0.010331966455186503
hz max = 0.05611013684473653
hz min = 0.02496678760693618
lambdaF max = 0.6150208237335754
lambdaF min = 0.006028620769798677
lambdaB max = 0.6262536952107873
lambdaB min = 0.006028620769798677
----------------------------------
----------------------------------
Iteration = 17
Distance = 0.017541822193166468
v max = -0.7291228953082162
v min = -6.616493271312517
d max = 0.07607142857142857
d min = 0.07607142857142857
dF max = 0.07607142857142857
dB max = 0.07607142857142857
hk max = 0.010331966455186503
hk min = 0.010331966455186503
hz max = 0.05616768500607491
hz min = 0.024969588562822165
lambdaF max = 0.6153820793916656
lambdaF min = 0.006028620769798677
lambdaB max = 0.626631903766082
lambdaB min = 0.006028620769798677
----------------------------------
----------------------------------
Iteration = 18
Distance = 0.014770970398672922
v max = -0.7418102704231794
v min = -6.6312642417111896
d max = 0.07607142857142857
d min = 0.07607142857142857
dF max = 0.07607142857142857
dB max = 0.07607142857142857
hk max = 0.010331966455186503
hk min = 0.010331966455186503
hz max = 0.056206964118296496
hz min = 0.02497152932117501
lambdaF max = 0.6156270992649642
lambdaF min = 0.006028620769798677
lambdaB max = 0.626888425076619
lambdaB min = 0.006028620769798677
----------------------------------
----------------------------------
Iteration = 19
Distance = 0.012515440275049805
v max = -0.7529093080585508
v min = -6.643779681986239
d max = 0.07607142857142857
d min = 0.07607142857142857
dF max = 0.07607142857142857
dB max = 0.07607142857142857
hk max = 0.010331966455186503
hk min = 0.010331966455186503
hz max = 0.0562337552347657
hz min = 0.024972813572626425
lambdaF max = 0.6157933011612547
lambdaF min = 0.006028620769798677
lambdaB max = 0.6270624301788296
lambdaB min = 0.006028620769798677
----------------------------------
----------------------------------
Iteration = 20
Distance = 0.01065905976196202
v max = -0.7626056354762145
v min = -6.654438741748201
d max = 0.07607142857142857
d min = 0.07607142857142857
dF max = 0.07607142857142857
dB max = 0.07607142857142857
hk max = 0.010331966455186503
hk min = 0.010331966455186503
hz max = 0.0562520171712852
hz min = 0.024973703359157457
lambdaF max = 0.615906048083652
lambdaF min = 0.006028620769798677
lambdaB max = 0.6271804713740464
lambdaB min = 0.006028620769798677
----------------------------------
----------------------------------
Iteration = 21
Distance = 0.009116340878040141
v max = -0.7710677924527968
v min = -6.6635550826262415
d max = 0.07607142857142857
d min = 0.07607142857142857
dF max = 0.07607142857142857
dB max = 0.07607142857142857
hk max = 0.010331966455186503
hk min = 0.010331966455186503
hz max = 0.05626445822149168
hz min = 0.02497429492685526
lambdaF max = 0.6159825369586236
lambdaF min = 0.006028620769798677
lambdaB max = 0.6272605523674977
lambdaB min = 0.006028620769798677
----------------------------------
----------------------------------
Iteration = 22
Distance = 0.00782356578508736
v max = -0.7784468943296657
v min = -6.671378648411329
d max = 0.07607142857142857
d min = 0.07607142857142857
dF max = 0.07607142857142857
dB max = 0.07607142857142857
hk max = 0.010331966455186503
hk min = 0.010331966455186503
hz max = 0.05627292947326887
hz min = 0.024974702967596112
lambdaF max = 0.616034430169847
lambdaF min = 0.006028620769798677
lambdaB max = 0.6273148828543722
lambdaB min = 0.006028620769798677
----------------------------------
----------------------------------
Iteration = 23
Distance = 0.006732583180273366
v max = -0.784877561562523
v min = -6.678111231591602
d max = 0.07607142857142857
d min = 0.07607142857142857
dF max = 0.07607142857142857
dB max = 0.07607142857142857
hk max = 0.010331966455186503
hk min = 0.010331966455186503
hz max = 0.05627869505351731
hz min = 0.024974975831504532
lambdaF max = 0.6160696378419332
lambdaF min = 0.006028620769798677
lambdaB max = 0.6273517442650666
lambdaB min = 0.006028620769798677
----------------------------------
----------------------------------
Iteration = 24
Distance = 0.0058064757758895524
v max = -0.7904789766129892
v min = -6.683917707367492
d max = 0.07607142857142857
d min = 0.07607142857142857
dF max = 0.07607142857142857
dB max = 0.07607142857142857
hk max = 0.010331966455186503
hk min = 0.010331966455186503
hz max = 0.05628261758169844
hz min = 0.0249751630807035
lambdaF max = 0.6160935256126985
lambdaF min = 0.006028620769798677
lambdaB max = 0.627376754147349
lambdaB min = 0.006028620769798677
----------------------------------
----------------------------------
Iteration = 25
Distance = 0.0050165209368486785
v max = -0.7953562398474526
v min = -6.6889342283043405
d max = 0.07607142857142857
d min = 0.07607142857142857
dF max = 0.07607142857142857
dB max = 0.07607142857142857
hk max = 0.010331966455186503
hk min = 0.010331966455186503
hz max = 0.056285285285146675
hz min = 0.024975288946065776
lambdaF max = 0.6161097333863834
lambdaF min = 0.006028620769798677
lambdaB max = 0.6273937233176995
lambdaB min = 0.006028620769798677
----------------------------------
----------------------------------
Iteration = 26
Distance = 0.004340046446969836
v max = -0.7996017256527466
v min = -6.69327427475131
d max = 0.07607142857142857
d min = 0.07607142857142857
dF max = 0.07607142857142857
dB max = 0.07607142857142857
hk max = 0.010331966455186503
hk min = 0.010331966455186503
hz max = 0.056287099030484664
hz min = 0.024975374944948975
lambdaF max = 0.6161207305061921
lambdaF min = 0.006028620769798677
lambdaB max = 0.6274052370807695
lambdaB min = 0.006028620769798677
----------------------------------
----------------------------------
Iteration = 27
Distance = 0.0037589072275112656
v max = -0.8032964290255149
v min = -6.697033181978822
d max = 0.07607142857142857
d min = 0.07607142857142857
dF max = 0.07607142857142857
dB max = 0.07607142857142857
hk max = 0.010331966455186503
hk min = 0.010331966455186503
hz max = 0.05628833184941213
hz min = 0.024975432980681826
lambdaF max = 0.616128192264638
lambdaF min = 0.006028620769798677
lambdaB max = 0.627413049409087
lambdaB min = 0.006028620769798677
----------------------------------
----------------------------------
Iteration = 28
Distance = 0.0032583940734332018
v max = -0.8065112343391704
v min = -6.700291576052255
d max = 0.07607142857142857
d min = 0.07607142857142857
dF max = 0.07607142857142857
dB max = 0.07607142857142857
hk max = 0.010331966455186503
hk min = 0.010331966455186503
hz max = 0.05628916961325708
hz min = 0.024975472508067306
lambdaF max = 0.6161332552782814
lambdaF min = 0.006028620769798677
lambdaB max = 0.6274183503048413
lambdaB min = 0.006028620769798677
----------------------------------
----------------------------------
Iteration = 29
Distance = 0.0028264441195915424
v max = -0.8093080873998694
v min = -6.703118020171846
d max = 0.07607142857142857
d min = 0.07607142857142857
dF max = 0.07607142857142857
dB max = 0.07607142857142857
hk max = 0.010331966455186503
hk min = 0.010331966455186503
hz max = 0.056289738802473996
hz min = 0.02497549925571134
lambdaF max = 0.6161366907145985
lambdaF min = 0.006028620769798677
lambdaB max = 0.627421947159094
lambdaB min = 0.006028620769798677
----------------------------------
----------------------------------
Iteration = 30
Distance = 0.002453063085163798
v max = -0.8117410633954999
v min = -6.70557108325701
d max = 0.07607142857142857
d min = 0.07607142857142857
dF max = 0.07607142857142857
dB max = 0.07607142857142857
hk max = 0.010331966455186503
hk min = 0.010331966455186503
hz max = 0.05629012545091717
hz min = 0.024975517434929793
lambdaF max = 0.6161390218040854
lambdaF min = 0.006028620769798677
lambdaB max = 0.627424387781347
lambdaB min = 0.006028620769798677
----------------------------------
----------------------------------
Iteration = 31
Distance = 0.002129897084074628
v max = -0.8138573254892899
v min = -6.707700980341085
d max = 0.07607142857142857
d min = 0.07607142857142857
dF max = 0.07607142857142857
dB max = 0.07607142857142857
hk max = 0.010331966455186503
hk min = 0.010331966455186503
hz max = 0.05629038806061398
hz min = 0.024975529757703605
lambdaF max = 0.6161406035607992
lambdaF min = 0.006028620769798677
lambdaB max = 0.6274260438636373
lambdaB min = 0.006028620769798677
----------------------------------
----------------------------------
Iteration = 32
Distance = 0.001849910866887683
v max = -0.8156979814936355
v min = -6.709550891207972
d max = 0.07607142857142857
d min = 0.07607142857142857
dF max = 0.07607142857142857
dB max = 0.07607142857142857
hk max = 0.010331966455186503
hk min = 0.010331966455186503
hz max = 0.05629056640079603
hz min = 0.02497553812250282
lambdaF max = 0.616141676866985
lambdaF min = 0.006028620769798677
lambdaB max = 0.6274271676051024
lambdaB min = 0.006028620769798677
----------------------------------
----------------------------------
Iteration = 33
Distance = 0.0016071424878267848
v max = -0.8172988423541447
v min = -6.711158033695799
d max = 0.07607142857142857
d min = 0.07607142857142857
dF max = 0.07607142857142857
dB max = 0.07607142857142857
hk max = 0.010331966455186503
hk min = 0.010331966455186503
hz max = 0.05629068749950388
hz min = 0.024975543798096966
lambdaF max = 0.6161424051671092
lambdaF min = 0.006028620769798677
lambdaB max = 0.6274279301292915
lambdaB min = 0.006028620769798677
----------------------------------
----------------------------------
Iteration = 34
Distance = 0.001396513432216473
v max = -0.8186910923741018
v min = -6.712554547128016
d max = 0.07607142857142857
d min = 0.07607142857142857
dF max = 0.07607142857142857
dB max = 0.07607142857142857
hk max = 0.010331966455186503
hk min = 0.010331966455186503
hz max = 0.05629076972157613
hz min = 0.024975547648242575
lambdaF max = 0.6161428993634831
lambdaF min = 0.006028620769798677
lambdaB max = 0.6274284475492948
lambdaB min = 0.006028620769798677
----------------------------------
----------------------------------
Iteration = 35
Distance = 0.00121367947578932
v max = -0.8199018782843787
v min = -6.713768226603805
d max = 0.07607142857142857
d min = 0.07607142857142857
dF max = 0.07607142857142857
dB max = 0.07607142857142857
hk max = 0.010331966455186503
hk min = 0.010331966455186503
hz max = 0.056290825543126574
hz min = 0.024975550261833932
lambdaF max = 0.6161432347077486
lambdaF min = 0.006028620769798677
lambdaB max = 0.6274287986526177
lambdaB min = 0.006028620769798677
----------------------------------
----------------------------------
Iteration = 36
Distance = 0.0010549118587031003
v max = -0.8209548263452016
v min = -6.714823138462508
d max = 0.07607142857142857
d min = 0.07607142857142857
dF max = 0.07607142857142857
dB max = 0.07607142857142857
hk max = 0.010331966455186503
hk min = 0.010331966455186503
hz max = 0.056290863438399126
hz min = 0.024975552034351072
lambdaF max = 0.6161434622615429
lambdaF min = 0.006028620769798677
lambdaB max = 0.6274290369001425
lambdaB min = 0.006028620769798677
----------------------------------
----------------------------------
Iteration = 37
Distance = 0.0009170013446446745
v max = -0.8218704949248459
v min = -6.715740139807153
d max = 0.07607142857142857
d min = 0.07607142857142857
dF max = 0.07607142857142857
dB max = 0.07607142857142857
hk max = 0.010331966455186503
hk min = 0.010331966455186503
hz max = 0.05629088916263161
hz min = 0.02497555323778272
lambdaF max = 0.6161436166727636
lambdaF min = 0.006028620769798677
lambdaB max = 0.6274291985679209
lambdaB min = 0.006028620769798677
----------------------------------
----------------------------------
Iteration = 38
Distance = 0.000797179815494431
v max = -0.8226667702554116
v min = -6.716537319622647
d max = 0.07607142857142857
d min = 0.07607142857142857
dF max = 0.07607142857142857
dB max = 0.07607142857142857
hk max = 0.010331966455186503
hk min = 0.010331966455186503
hz max = 0.05629090662395543
hz min = 0.024975554053912233
lambdaF max = 0.6161437214519712
lambdaF min = 0.006028620769798677
lambdaB max = 0.6274293082712882
lambdaB min = 0.006028620769798677
----------------------------------
----------------------------------
Iteration = 39
Distance = 0.0006930555055566501
v max = -0.823359211936632
v min = -6.717230375128204
d max = 0.07607142857142857
d min = 0.07607142857142857
dF max = 0.07607142857142857
dB max = 0.07607142857142857
hk max = 0.010331966455186503
hk min = 0.010331966455186503
hz max = 0.05629091847600406
hz min = 0.02497555460800966
lambdaF max = 0.6161437925524461
lambdaF min = 0.006028620769798677
lambdaB max = 0.6274293827131958
lambdaB min = 0.006028620769798677
----------------------------------
----------------------------------
Iteration = 40
Distance = 0.0006025590025497962
v max = -0.8239613543764003
v min = -6.717832934130754
d max = 0.07607142857142857
d min = 0.07607142857142857
dF max = 0.07607142857142857
dB max = 0.07607142857142857
hk max = 0.010331966455186503
hk min = 0.010331966455186503
hz max = 0.05629092652039933
hz min = 0.024975554983811196
lambdaF max = 0.6161438407995069
lambdaF min = 0.006028620769798677
lambdaB max = 0.6274294332277177
lambdaB min = 0.006028620769798677
----------------------------------
----------------------------------
Iteration = 41
Distance = 0.0005238978674153572
v max = -0.8244849695521392
v min = -6.718356831998169
d max = 0.07607142857142857
d min = 0.07607142857142857
dF max = 0.07607142857142857
dB max = 0.07607142857142857
hk max = 0.010331966455186503
hk min = 0.010331966455186503
hz max = 0.05629093198023303
hz min = 0.024975555238932075
lambdaF max = 0.6161438735388745
lambdaF min = 0.006028620769798677
lambdaB max = 0.6274294675057468
lambdaB min = 0.006028620769798677
----------------------------------
----------------------------------
Iteration = 42
Distance = 0.0004555182434673455
v max = -0.8249402959547668
v min = -6.718812350241636
d max = 0.07607142857142857
d min = 0.07607142857142857
dF max = 0.07607142857142857
dB max = 0.07607142857142857
hk max = 0.010331966455186503
hk min = 0.010331966455186503
hz max = 0.05629093568578947
hz min = 0.02497555541198241
lambdaF max = 0.6161438957551194
lambdaF min = 0.006028620769798677
lambdaB max = 0.6274294907660897
lambdaB min = 0.006028620769798677
----------------------------------
----------------------------------
Iteration = 43
Distance = 0.0003960721998685912
v max = -0.8253362379680584
v min = -6.719208422441505
d max = 0.07607142857142857
d min = 0.07607142857142857
dF max = 0.07607142857142857
dB max = 0.07607142857142857
hk max = 0.010331966455186503
hk min = 0.010331966455186503
hz max = 0.05629093820067521
hz min = 0.024975555529447715
lambdaF max = 0.6161439108306166
lambdaF min = 0.006028620769798677
lambdaB max = 0.6274295065500923
lambdaB min = 0.006028620769798677
----------------------------------
----------------------------------
Iteration = 44
Distance = 0.0003443898281165758
v max = -0.8256805394499027
v min = -6.7195528122696215
d max = 0.07607142857142857
d min = 0.07607142857142857
dF max = 0.07607142857142857
dB max = 0.07607142857142857
hk max = 0.010331966455186503
hk min = 0.010331966455186503
hz max = 0.056290939907437984
hz min = 0.024975555609135586
lambdaF max = 0.6161439210605396
lambdaF min = 0.006028620769798677
lambdaB max = 0.6274295172608039
lambdaB min = 0.006028620769798677
----------------------------------
----------------------------------
Iteration = 45
Distance = 0.0002994553133808253
v max = -0.8259799348106908
v min = -6.719852267583002
d max = 0.07607142857142857
d min = 0.07607142857142857
dF max = 0.07607142857142857
dB max = 0.07607142857142857
hk max = 0.010331966455186503
hk min = 0.010331966455186503
hz max = 0.05629094106574499
hz min = 0.02497555566322144
lambdaF max = 0.6161439280023837
lambdaF min = 0.006028620769798677
lambdaB max = 0.627429524528918
lambdaB min = 0.006028620769798677
----------------------------------
----------------------------------
Iteration = 46
Distance = 0.0002603863543937379
v max = -0.8262402804809083
v min = -6.720112653937396
d max = 0.07607142857142857
d min = 0.07607142857142857
dF max = 0.07607142857142857
dB max = 0.07607142857142857
hk max = 0.010331966455186503
hk min = 0.010331966455186503
hz max = 0.05629094185181915
hz min = 0.024975555699916465
lambdaF max = 0.6161439327129985
lambdaF min = 0.006028620769798677
lambdaB max = 0.627429529460907
lambdaB min = 0.006028620769798677
----------------------------------
----------------------------------
Iteration = 47
Distance = 0.0002264164222545162
v max = -0.8264666692947555
v min = -6.720339070359651
d max = 0.07607142857142857
d min = 0.07607142857142857
dF max = 0.07607142857142857
dB max = 0.07607142857142857
hk max = 0.010331966455186503
hk min = 0.010331966455186503
hz max = 0.056290942385275655
hz min = 0.024975555724820128
lambdaF max = 0.6161439359095504
lambdaF min = 0.006028620769798677
lambdaB max = 0.6274295328076684
lambdaB min = 0.006028620769798677
----------------------------------
----------------------------------
Iteration = 48
Distance = 0.00019687943808133213
v max = -0.82666352999775
v min = -6.720535949797732
d max = 0.07607142857142857
d min = 0.07607142857142857
dF max = 0.07607142857142857
dB max = 0.07607142857142857
hk max = 0.010331966455186503
hk min = 0.010331966455186503
hz max = 0.056290942747294674
hz min = 0.024975555741717545
lambdaF max = 0.6161439380786508
lambdaF min = 0.006028620769798677
lambdaB max = 0.6274295350787653
lambdaB min = 0.006028620769798677
----------------------------------
----------------------------------
Iteration = 49
Distance = 0.0001711965204833632
v max = -0.8268347138046305
v min = -6.720707146318215
d max = 0.07607142857142857
d min = 0.07607142857142857
dF max = 0.07607142857142857
dB max = 0.07607142857142857
hk max = 0.010331966455186503
hk min = 0.010331966455186503
hz max = 0.05629094299296839
hz min = 0.024975555753184848
lambdaF max = 0.6161439395505955
lambdaF min = 0.006028620769798677
lambdaB max = 0.6274295366198572
lambdaB min = 0.006028620769798677
----------------------------------
----------------------------------
Iteration = 50
Distance = 0.00014886450990658773
v max = -0.8269835696871216
v min = -6.720856010828122
d max = 0.07607142857142857
d min = 0.07607142857142857
dF max = 0.07607142857142857
dB max = 0.07607142857142857
hk max = 0.010331966455186503
hk min = 0.010331966455186503
hz max = 0.05629094315968934
hz min = 0.02497555576096577
lambdaF max = 0.6161439405494155
lambdaF min = 0.006028620769798677
lambdaB max = 0.6274295376656233
lambdaB min = 0.006028620769798677
----------------------------------
----------------------------------
Iteration = 51
Distance = 0.0001294460225871319
v max = -0.8271130098551857
v min = -6.720985456850709
d max = 0.07607142857142857
d min = 0.07607142857142857
dF max = 0.07607142857142857
dB max = 0.07607142857142857
hk max = 0.010331966455186503
hk min = 0.010331966455186503
hz max = 0.05629094327282904
hz min = 0.024975555766246053
lambdaF max = 0.6161439412272015
lambdaF min = 0.006028620769798677
lambdaB max = 0.6274295383752833
lambdaB min = 0.006028620769798677
----------------------------------
----------------------------------
Iteration = 52
Distance = 0.00011256082410859847
v max = -0.8272255667064499
v min = -6.721098017674818
d max = 0.07607142857142857
d min = 0.07607142857142857
dF max = 0.07607142857142857
dB max = 0.07607142857142857
hk max = 0.010331966455186503
hk min = 0.010331966455186503
hz max = 0.056290943349604945
hz min = 0.0249755557698291
lambdaF max = 0.6161439416871529
lambdaF min = 0.006028620769798677
lambdaB max = 0.6274295388568265
lambdaB min = 0.006028620769798677
----------------------------------
----------------------------------
Iteration = 53
Distance = 9.78783432197261e-5
v max = -0.8273234423537289
v min = -6.721195896018037
d max = 0.07607142857142857
d min = 0.07607142857142857
dF max = 0.07607142857142857
dB max = 0.07607142857142857
hk max = 0.010331966455186503
hk min = 0.010331966455186503
hz max = 0.056290943401705096
hz min = 0.024975555772260565
lambdaF max = 0.6161439419992372
lambdaF min = 0.006028620769798677
lambdaB max = 0.6274295391835981
lambdaB min = 0.006028620769798677
----------------------------------
----------------------------------
Iteration = 54
Distance = 8.511117239429211e-5
v max = -0.827408551696676
v min = -6.721281007190432
d max = 0.07607142857142857
d min = 0.07607142857142857
dF max = 0.07607142857142857
dB max = 0.07607142857142857
hk max = 0.010331966455186503
hk min = 0.010331966455186503
hz max = 0.05629094343705623
hz min = 0.02497555577391015
lambdaF max = 0.6161439422110483
lambdaF min = 0.006028620769798677
lambdaB max = 0.627429539405356
lambdaB min = 0.006028620769798677
----------------------------------
----------------------------------
Iteration = 55
Distance = 7.400942305491043e-5
v max = -0.8274825598782835
v min = -6.7213550166134866
d max = 0.07607142857142857
d min = 0.07607142857142857
dF max = 0.07607142857142857
dB max = 0.07607142857142857
hk max = 0.010331966455186503
hk min = 0.010331966455186503
hz max = 0.05629094346104999
hz min = 0.024975555775030158
lambdaF max = 0.6161439423547538
lambdaF min = 0.006028620769798677
lambdaB max = 0.627429539555805
lambdaB min = 0.006028620769798677
----------------------------------
----------------------------------
Iteration = 56
Distance = 6.43558218440532e-5
v max = -0.8275469148576905
v min = -6.721419372435331
d max = 0.07607142857142857
d min = 0.07607142857142857
dF max = 0.07607142857142857
dB max = 0.07607142857142857
hk max = 0.010331966455186503
hk min = 0.010331966455186503
hz max = 0.05629094347733287
hz min = 0.02497555577578994
lambdaF max = 0.6161439424522733
lambdaF min = 0.006028620769798677
lambdaB max = 0.6274295396579211
lambdaB min = 0.006028620769798677
----------------------------------
----------------------------------
Iteration = 57
Distance = 5.596144972130901e-5
v max = -0.8276028757357383
v min = -6.721475333885052
d max = 0.07607142857142857
d min = 0.07607142857142857
dF max = 0.07607142857142857
dB max = 0.07607142857142857
hk max = 0.010331966455186503
hk min = 0.010331966455186503
hz max = 0.05629094348838713
hz min = 0.024975555776304878
lambdaF max = 0.6161439425184702
lambdaF min = 0.006028620769798677
lambdaB max = 0.6274295397272097
lambdaB min = 0.006028620769798677
----------------------------------
----------------------------------
Iteration = 58
Distance = 4.866203891840115e-5
v max = -0.8276515373867287
v min = -6.72152399592397
d max = 0.07607142857142857
d min = 0.07607142857142857
dF max = 0.07607142857142857
dB max = 0.07607142857142857
hk max = 0.010331966455186503
hk min = 0.010331966455186503
hz max = 0.05629094349587987
hz min = 0.02497555577665506
lambdaF max = 0.6161439425633732
lambdaF min = 0.006028620769798677
lambdaB max = 0.6274295397742427
lambdaB min = 0.006028620769798677
----------------------------------
----------------------------------
Iteration = 59
Distance = 4.231475451632605e-5
v max = -0.8276938518779996
v min = -6.721566310678487
d max = 0.07607142857142857
d min = 0.07607142857142857
dF max = 0.07607142857142857
dB max = 0.07607142857142857
hk max = 0.010331966455186503
hk min = 0.010331966455186503
hz max = 0.05629094350097071
hz min = 0.024975555776892724
lambdaF max = 0.6161439425938353
lambdaF min = 0.006028620769798677
lambdaB max = 0.6274295398061305
lambdaB min = 0.006028620769798677
----------------------------------
----------------------------------
Iteration = 60
Distance = 3.679539667889031e-5
v max = -0.8277306470960427
v min = -6.7216031060751655
d max = 0.07607142857142857
d min = 0.07607142857142857
dF max = 0.07607142857142857
dB max = 0.07607142857142857
hk max = 0.010331966455186503
hk min = 0.010331966455186503
hz max = 0.05629094350442201
hz min = 0.024975555777053175
lambdaF max = 0.6161439426145189
lambdaF min = 0.006028620769798677
lambdaB max = 0.627429539827791
lambdaB min = 0.006028620769798677
----------------------------------
----------------------------------
Iteration = 61
Distance = 3.1995968591047586e-5
v max = -0.8277626429434182
v min = -6.721635102043757
d max = 0.07607142857142857
d min = 0.07607142857142857
dF max = 0.07607142857142857
dB max = 0.07607142857142857
hk max = 0.010331966455186503
hk min = 0.010331966455186503
hz max = 0.05629094350676651
hz min = 0.02497555577716311
lambdaF max = 0.6161439426285531
lambdaF min = 0.006028620769798677
lambdaB max = 0.6274295398424975
lambdaB min = 0.006028620769798677
----------------------------------
----------------------------------
Iteration = 62
Distance = 2.782256203648359e-5
v max = -0.8277904654231949
v min = -6.721662924605793
d max = 0.07607142857142857
d min = 0.07607142857142857
dF max = 0.07607142857142857
dB max = 0.07607142857142857
hk max = 0.010331966455186503
hk min = 0.010331966455186503
hz max = 0.05629094350835553
hz min = 0.02497555577723688
lambdaF max = 0.6161439426380656
lambdaF min = 0.006028620769798677
lambdaB max = 0.627429539852443
lambdaB min = 0.006028620769798677
----------------------------------
----------------------------------
Iteration = 63
Distance = 2.41935190681275e-5
v max = -0.8278146588864459
v min = -6.721687118124861
d max = 0.07607142857142857
d min = 0.07607142857142857
dF max = 0.07607142857142857
dB max = 0.07607142857142857
hk max = 0.010331966455186503
hk min = 0.010331966455186503
hz max = 0.05629094350943248
hz min = 0.024975555777287682
lambdaF max = 0.6161439426445429
lambdaF min = 0.006028620769798677
lambdaB max = 0.6274295398592089
lambdaB min = 0.006028620769798677
----------------------------------
----------------------------------
Iteration = 64
Distance = 2.1037833755954694e-5
v max = -0.8278356966823263
v min = -6.721708155958617
d max = 0.07607142857142857
d min = 0.07607142857142857
dF max = 0.07607142857142857
dB max = 0.07607142857142857
hk max = 0.010331966455186503
hk min = 0.010331966455186503
hz max = 0.05629094351016269
hz min = 0.024975555777321266
lambdaF max = 0.6161439426489238
lambdaF min = 0.006028620769798677
lambdaB max = 0.6274295398637978
lambdaB min = 0.006028620769798677
----------------------------------
----------------------------------
Iteration = 65
Distance = 1.8293762437338046e-5
v max = -0.8278539904190595
v min = -6.7217264497210545
d max = 0.07607142857142857
d min = 0.07607142857142857
dF max = 0.07607142857142857
dB max = 0.07607142857142857
hk max = 0.010331966455186503
hk min = 0.010331966455186503
hz max = 0.05629094351066098
hz min = 0.02497555577734509
lambdaF max = 0.6161439426518964
lambdaF min = 0.006028620769798677
lambdaB max = 0.6274295398669303
lambdaB min = 0.006028620769798677
----------------------------------
----------------------------------
Iteration = 66
Distance = 1.5907615401822284e-5
v max = -0.8278698980170206
v min = -6.721742357336456
d max = 0.07607142857142857
d min = 0.07607142857142857
dF max = 0.07607142857142857
dB max = 0.07607142857142857
hk max = 0.010331966455186503
hk min = 0.010331966455186503
hz max = 0.05629094351099624
hz min = 0.0249755557773603
lambdaF max = 0.6161439426539304
lambdaF min = 0.006028620769798677
lambdaB max = 0.6274295398690446
lambdaB min = 0.006028620769798677
----------------------------------
----------------------------------
Iteration = 67
Distance = 1.3832706267535855e-5
v max = -0.827883730711449
v min = -6.721756190042724
d max = 0.07607142857142857
d min = 0.07607142857142857
dF max = 0.07607142857142857
dB max = 0.07607142857142857
hk max = 0.010331966455186503
hk min = 0.010331966455186503
hz max = 0.05629094351122587
hz min = 0.02497555577737092
lambdaF max = 0.6161439426552915
lambdaF min = 0.006028620769798677
lambdaB max = 0.6274295398704856
lambdaB min = 0.006028620769798677
----------------------------------
----------------------------------
Iteration = 68
Distance = 1.2028438344025005e-5
v max = -0.8278957591417588
v min = -6.721768218481068
d max = 0.07607142857142857
d min = 0.07607142857142857
dF max = 0.07607142857142857
dB max = 0.07607142857142857
hk max = 0.010331966455186503
hk min = 0.010331966455186503
hz max = 0.056290943511382016
hz min = 0.024975555777378672
lambdaF max = 0.6161439426562146
lambdaF min = 0.006028620769798677
lambdaB max = 0.627429539871441
lambdaB min = 0.006028620769798677
----------------------------------
----------------------------------
Iteration = 69
Distance = 1.045951031386494e-5
v max = -0.8279062186466195
v min = -6.721778677991382
d max = 0.07607142857142857
d min = 0.07607142857142857
dF max = 0.07607142857142857
dB max = 0.07607142857142857
hk max = 0.010331966455186503
hk min = 0.010331966455186503
hz max = 0.05629094351148764
hz min = 0.024975555777383265
lambdaF max = 0.6161439426568406
lambdaF min = 0.006028620769798677
lambdaB max = 0.6274295398721145
lambdaB min = 0.006028620769798677
----------------------------------
----------------------------------
Iteration = 70
Distance = 9.095225496302817e-6
v max = -0.8279153138684124
v min = -6.721787773216878
d max = 0.07607142857142857
d min = 0.07607142857142857
dF max = 0.07607142857142857
dB max = 0.07607142857142857
hk max = 0.010331966455186503
hk min = 0.010331966455186503
hz max = 0.05629094351155653
hz min = 0.024975555777386423
lambdaF max = 0.6161439426572942
lambdaF min = 0.006028620769798677
lambdaB max = 0.6274295398725687
lambdaB min = 0.006028620769798677
----------------------------------
    Value Function Converged, Iteration = 70 with gamma=3.0 with rho=1.0 and v=-2.8491026085585536
    Reflective boundary condition
=============================================================
Convegence time (minutes): 0.11014308368333332
Current Time = 15:59:54
grid points for z:  401
grid size for z:  0.025
-0.13538108179882638
-0.3208497654770812
--- 8.748655319213867 seconds for the elasticity computation ---
-0.0021472797788495783
-0.041426827101178954
--- 0.2261648178100586 seconds for the elasticity computation ---
-0.10346593395190608
-0.27942293837590226
--- 0.22633123397827148 seconds for the elasticity computation ---
-0.20973568288585526
-0.32828878132481554
--- 0.22588396072387695 seconds for the elasticity computation ---
Current Time = 16:00:06
grid points for z:  401
grid size for z:  0.025
rho = 1
0.05935460108702888
--- 8.467927694320679 seconds for the elasticity computation ---
0.0
--- 0.07044339179992676 seconds for the elasticity computation ---
0.05935460108702888
--- 0.06562614440917969 seconds for the elasticity computation ---
0.0
--- 0.0655517578125 seconds for the elasticity computation ---
0.0
--- 0.06537723541259766 seconds for the elasticity computation ---
0.05935460108702888
0.007439015847734282
--- 0.0655965805053711 seconds for the elasticity computation ---
0.05935460108702888
0.007439015847734282
--- 0.06537747383117676 seconds for the elasticity computation ---
0.05935460108702888
0.007439015847734282
--- 0.06539201736450195 seconds for the elasticity computation ---
0.05935460108702888
0.007439015847734282
--- 0.06553888320922852 seconds for the elasticity computation ---
parsed_args = parse_commandline() = Dict{String, Any}("dataname" => "upper_triangular_four_ambiguous_parameters", "clowerlim" => 0.0001, "delta" => 0.015, "boundary" => 1, "Delta" => 10.0, "q" => 0.1, "zmax" => 5.0, "logadjustment" => 1, "zscale" => 2.0, "foc" => 1, "distorted" => 0, "rho" => 1.0, "gamma" => 3.0)
=============================================================
./output/upper_triangular_four_ambiguous_parameters/Delta_10.0_distorted_0/logadjustment_1_boundary_1/zmax_5.0_zscale_2.0/delta_0.015/q_0.1_gamma_3.0_rho_1.0/
=============================================================
solve for structured linear system 
structured_relative_entropy = 0.10126106991379374
=============================================================
solve for unstructured linear system 
q_update = 0.09776264068536868
=============================================================
parsed_args = parse_commandline() = Dict{String, Any}("dataname" => "upper_triangular_four_ambiguous_parameters", "clowerlim" => 0.0001, "delta" => 0.015, "boundary" => 1, "Delta" => 10.0, "q" => 0.1, "zmax" => 5.0, "logadjustment" => 1, "zscale" => 2.0, "foc" => 1, "distorted" => 0, "rho" => 1.0, "gamma" => 3.0)
=============================================================
./output/upper_triangular_four_ambiguous_parameters/Delta_10.0_distorted_0/logadjustment_1_boundary_1/zmax_5.0_zscale_2.0/delta_0.015/q_0.1_gamma_3.0_rho_1.0/
=============================================================
solve for structured linear system 
structured_relative_entropy = 0.10126106991379374
=============================================================
solve for unstructured linear system 
q_update = 0.09776264068536868
=============================================================
Program ends Fri Jan 19 16:00:47 CST 2024
Elapsed time: 0 days 00 hr 01 min 27 sec
