D_10.0_distorted_0_boundary_0_delta_0.015_gamma_8.0_q_0.05_rho_1.0_upper_triangular_four_ambiguous_parameters
Program starts Fri Jan 19 15:59:25 CST 2024
parsed_args = parse_commandline() = Dict{String, Any}("dataname" => "upper_triangular_four_ambiguous_parameters", "clowerlim" => 0.0001, "delta" => 0.015, "boundary" => 0, "Delta" => 10.0, "q" => 0.05, "zmax" => 5.0, "logadjustment" => 1, "zscale" => 2.0, "foc" => 1, "distorted" => 0, "rho" => 1.0, "gamma" => 8.0)
=============================================================
logadjustment: true
reflective_boundary: false
0.1002
U: [1.0331966455186503 0.4546065240282061; 0.0 0.06463435618925897]
L: [1.0331966455186503 0.0; 0.4546065240282061 0.06463435618925897]
[-2.220446049250313e-16 0.0; 0.0 0.0]
sigma_k: [0.010331966455186503, 0.004546065240282061]
sigma_z: [0.0, 0.06463435618925897]
Compute value function WITH ROBUSTNESS
computing undistorted version...
zmax = 5.0, zmin = -5.0, zlength = 401
natural boundary condition
----------------------------------
Iteration = 1
Distance = 1.2300839895037923
v max = -0.8909027029540763
v min = -3.2300839895037923
d max = 0.07607142857142857
d min = 0.07607142857142857
dF max = 0.07607142857142857
dB max = 0.07607142857142857
hk max = 0.010331966455186503
hk min = 0.010331966455186503
hz max = 0.004546065240282061
hz min = 0.004546065240282061
lambdaF max = 0.3192694661254032
lambdaF min = 0.01225494967187982
lambdaB max = 0.3192694661254032
lambdaB min = 0.01225494967187982
----------------------------------
----------------------------------
Iteration = 2
Distance = 0.8696852912001471
v max = -0.4148864559159685
v min = -4.099769280703939
d max = 0.07607142857142857
d min = 0.07607142857142857
dF max = 0.07607142857142857
dB max = 0.07607142857142857
hk max = 0.010331966455186503
hk min = 0.010331966455186503
hz max = 0.01966521288689622
hz min = 0.01966521288688933
lambdaF max = 0.6283121063407056
lambdaF min = 0.01225494967187982
lambdaB max = 0.6283121063407056
lambdaB min = 0.01225494967187982
----------------------------------
----------------------------------
Iteration = 3
Distance = 0.581657768077692
v max = -0.19459355323155084
v min = -4.681427048781631
d max = 0.07607142857142857
d min = 0.07607142857142857
dF max = 0.07607142857142857
dB max = 0.07607142857142857
hk max = 0.010331966455186503
hk min = 0.010331966455186503
hz max = 0.030075840870322078
hz min = 0.026650295412846744
lambdaF max = 0.8520316478649254
lambdaF min = 0.01225494967187982
lambdaB max = 0.8555642600497776
lambdaB min = 0.01225494967187982
----------------------------------
----------------------------------
Iteration = 4
Distance = 0.40062744694948815
v max = -0.1098281324597436
v min = -5.08205449573112
d max = 0.07607142857142857
d min = 0.07607142857142857
dF max = 0.07607142857142857
dB max = 0.07607142857142857
hk max = 0.010331966455186503
hk min = 0.010331966455186503
hz max = 0.03666186051546479
hz min = 0.030359602300104482
lambdaF max = 0.9956111624618871
lambdaF min = 0.01225494967187982
lambdaB max = 1.0018509881990736
lambdaB min = 0.01225494967187982
----------------------------------
----------------------------------
Iteration = 5
Distance = 0.28422195299974184
v max = -0.09373967835903131
v min = -5.366276448730861
d max = 0.07607142857142857
d min = 0.07607142857142857
dF max = 0.07607142857142857
dB max = 0.07607142857142857
hk max = 0.010331966455186503
hk min = 0.010331966455186503
hz max = 0.040850886133384695
hz min = 0.03230915682060715
lambdaF max = 1.0887995508115103
lambdaF min = 0.01225494967187982
lambdaB max = 1.0970216248202251
lambdaB min = 0.01225494967187982
----------------------------------
----------------------------------
Iteration = 6
Distance = 0.20699185795108743
v max = -0.11121206216886216
v min = -5.573268306681949
d max = 0.07607142857142857
d min = 0.07607142857142857
dF max = 0.07607142857142857
dB max = 0.07607142857142857
hk max = 0.010331966455186503
hk min = 0.010331966455186503
hz max = 0.04353207107457241
hz min = 0.03334229167366233
lambdaF max = 1.150346371937489
lambdaF min = 0.01225494967187982
lambdaB max = 1.1599554761494086
lambdaB min = 0.01225494967187982
----------------------------------
----------------------------------
Iteration = 7
Distance = 0.1545604277847481
v max = -0.14431430324028724
v min = -5.727828734466697
d max = 0.07607142857142857
d min = 0.07607142857142857
dF max = 0.07607142857142857
dB max = 0.07607142857142857
hk max = 0.010331966455186503
hk min = 0.010331966455186503
hz max = 0.045252231260213154
hz min = 0.03390673940367587
lambdaF max = 1.191822092274435
lambdaF min = 0.01225494967187982
lambdaB max = 1.2018762297937413
lambdaB min = 0.01225494967187982
----------------------------------
----------------------------------
Iteration = 8
Distance = 0.11819376635930112
v max = -0.18390059763238276
v min = -5.846022500825998
d max = 0.07607142857142857
d min = 0.07607142857142857
dF max = 0.07607142857142857
dB max = 0.07607142857142857
hk max = 0.010331966455186503
hk min = 0.010331966455186503
hz max = 0.04635705315295099
hz min = 0.03423175737449843
lambdaF max = 1.2194752964329285
lambdaF min = 0.01225494967187982
lambdaB max = 1.229762714673629
lambdaB min = 0.01225494967187982
----------------------------------
----------------------------------
Iteration = 9
Distance = 0.09241181029436163
v max = -0.22519850969044825
v min = -5.93843431112036
d max = 0.07607142857142857
d min = 0.07607142857142857
dF max = 0.07607142857142857
dB max = 0.07607142857142857
hk max = 0.010331966455186503
hk min = 0.010331966455186503
hz max = 0.04706710526351615
hz min = 0.034430846096922575
lambdaF max = 1.2377440116679133
lambdaF min = 0.01225494967187982
lambdaB max = 1.2481855436613825
lambdaB min = 0.01225494967187982
----------------------------------
----------------------------------
Iteration = 10
Distance = 0.07371338748497358
v max = -0.26564023630032163
v min = -6.012147698605333
d max = 0.07607142857142857
d min = 0.07607142857142857
dF max = 0.07607142857142857
dB max = 0.07607142857142857
hk max = 0.010331966455186503
hk min = 0.010331966455186503
hz max = 0.04752363742586026
hz min = 0.034559148323925655
lambdaF max = 1.2497057939684268
lambdaF min = 0.01225494967187982
lambdaB max = 1.2602570332939962
lambdaB min = 0.01225494967187982
----------------------------------
----------------------------------
Iteration = 11
Distance = 0.05983264387533538
v max = -0.3038374589955484
v min = -6.071980342480669
d max = 0.07607142857142857
d min = 0.07607142857142857
dF max = 0.07607142857142857
dB max = 0.07607142857142857
hk max = 0.010331966455186503
hk min = 0.010331966455186503
hz max = 0.04781726065338135
hz min = 0.03464425730487518
lambdaF max = 1.257475628826989
lambdaF min = 0.01225494967187982
lambdaB max = 1.2681147547648086
lambdaB min = 0.01225494967187982
----------------------------------
----------------------------------
Iteration = 12
Distance = 0.04928686558487971
v max = -0.3390837303231239
v min = -6.121267208065548
d max = 0.07607142857142857
d min = 0.07607142857142857
dF max = 0.07607142857142857
dB max = 0.07607142857142857
hk max = 0.010331966455186503
hk min = 0.010331966455186503
hz max = 0.048006156370457506
hz min = 0.03470129951728402
lambdaF max = 1.2624950311989065
lambdaF min = 0.01225494967187982
lambdaB max = 1.2731874302015735
lambdaB min = 0.01225494967187982
----------------------------------
----------------------------------
Iteration = 13
Distance = 0.04109508841608811
v max = -0.37108768200032477
v min = -6.1623622964816365
d max = 0.07607142857142857
d min = 0.07607142857142857
dF max = 0.07607142857142857
dB max = 0.07607142857142857
hk max = 0.010331966455186503
hk min = 0.010331966455186503
hz max = 0.04812770513205476
hz min = 0.03473951082764922
lambdaF max = 1.2657288819371673
lambdaF min = 0.01225494967187982
lambdaB max = 1.2764548005298146
lambdaB min = 0.01225494967187982
----------------------------------
----------------------------------
Iteration = 14
Distance = 0.034600497738916935
v max = -0.3998137489526482
v min = -6.196962794220553
d max = 0.07607142857142857
d min = 0.07607142857142857
dF max = 0.07607142857142857
dB max = 0.07607142857142857
hk max = 0.010331966455186503
hk min = 0.010331966455186503
hz max = 0.04820593347483409
hz min = 0.03476495217573917
lambdaF max = 1.2678111429637096
lambdaF min = 0.01225494967187982
lambdaB max = 1.2785586901490191
lambdaB min = 0.01225494967187982
----------------------------------
----------------------------------
Iteration = 15
Distance = 0.029357276850840996
v max = -0.42538077003214403
v min = -6.226320071071394
d max = 0.07607142857142857
d min = 0.07607142857142857
dF max = 0.07607142857142857
dB max = 0.07607142857142857
hk max = 0.010331966455186503
hk min = 0.010331966455186503
hz max = 0.048256289736682945
hz min = 0.03478174305620202
lambdaF max = 1.2691526161806888
lambdaF min = 0.01225494967187982
lambdaB max = 1.2799142517556261
lambdaB min = 0.01225494967187982
----------------------------------
----------------------------------
Iteration = 16
Distance = 0.025058020138651216
v max = -0.44799535423415776
v min = -6.251378091210046
d max = 0.07607142857142857
d min = 0.07607142857142857
dF max = 0.07607142857142857
dB max = 0.07607142857142857
hk max = 0.010331966455186503
hk min = 0.010331966455186503
hz max = 0.048288709536493314
hz min = 0.0347927244823819
lambdaF max = 1.2700174988440542
lambdaF min = 0.01225494967187982
lambdaB max = 1.2807882955939203
lambdaB min = 0.01225494967187982
----------------------------------
----------------------------------
Iteration = 17
Distance = 0.02148690690773236
v max = -0.46790761009372966
v min = -6.272864998117778
d max = 0.07607142857142857
d min = 0.07607142857142857
dF max = 0.07607142857142857
dB max = 0.07607142857142857
hk max = 0.010331966455186503
hk min = 0.010331966455186503
hz max = 0.048309584565283316
hz min = 0.03479985375274432
lambdaF max = 1.270575366311499
lambdaF min = 0.01225494967187982
lambdaB max = 1.2813520840342858
lambdaB min = 0.01225494967187982
----------------------------------
----------------------------------
Iteration = 18
Distance = 0.01848933611275516
v max = -0.4853822174028719
v min = -6.291354334230533
d max = 0.07607142857142857
d min = 0.07607142857142857
dF max = 0.07607142857142857
dB max = 0.07607142857142857
hk max = 0.010331966455186503
hk min = 0.010331966455186503
hz max = 0.04832302758012936
hz min = 0.03480446053591198
lambdaF max = 1.2709352152761275
lambdaF min = 0.01225494967187982
lambdaB max = 1.281715738984321
lambdaB min = 0.01225494967187982
----------------------------------
----------------------------------
Iteration = 19
Distance = 0.015952128389606912
v max = -0.5006803904851813
v min = -6.30730646262014
d max = 0.07607142857142857
d min = 0.07607142857142857
dF max = 0.07607142857142857
dB max = 0.07607142857142857
hk max = 0.010331966455186503
hk min = 0.010331966455186503
hz max = 0.04833168547938882
hz min = 0.03480743078919195
lambdaF max = 1.2711672746325953
lambdaF min = 0.01225494967187982
lambdaB max = 1.2819502385621269
lambdaB min = 0.01225494967187982
----------------------------------
----------------------------------
Iteration = 20
Distance = 0.013790538089679671
v max = -0.5140494490425453
v min = -6.32109700070982
d max = 0.07607142857142857
d min = 0.07607142857142857
dF max = 0.07607142857142857
dB max = 0.07607142857142857
hk max = 0.010331966455186503
hk min = 0.010331966455186503
hz max = 0.04833726206728533
hz min = 0.03480934487260207
lambdaF max = 1.2713168747042773
lambdaF min = 0.01225494967187982
lambdaB max = 1.2821014036664642
lambdaB min = 0.01225494967187982
----------------------------------
----------------------------------
Iteration = 21
Distance = 0.011939669832219835
v max = -0.5257174674103315
v min = -6.33303667054204
d max = 0.07607142857142857
d min = 0.07607142857142857
dF max = 0.07607142857142857
dB max = 0.07607142857142857
hk max = 0.010331966455186503
hk min = 0.010331966455186503
hz max = 0.04834085425653646
hz min = 0.03481057869412421
lambdaF max = 1.2714132910931268
lambdaF min = 0.01225494967187982
lambdaB max = 1.2821988257091865
lambdaB min = 0.01225494967187982
----------------------------------
----------------------------------
Iteration = 22
Distance = 0.010348754602280685
v max = -0.5358911432413209
v min = -6.34338542514432
d max = 0.07607142857142857
d min = 0.07607142857142857
dF max = 0.07607142857142857
dB max = 0.07607142857142857
hk max = 0.010331966455186503
hk min = 0.010331966455186503
hz max = 0.04834316834269805
hz min = 0.03481137435789039
lambdaF max = 1.2714754230857412
lambdaF min = 0.01225494967187982
lambdaB max = 1.2822616052646632
lambdaB min = 0.01225494967187982
----------------------------------
----------------------------------
Iteration = 23
Distance = 0.008977290434351914
v max = -0.5447556017611275
v min = -6.352362715578672
d max = 0.07607142857142857
d min = 0.07607142857142857
dF max = 0.07607142857142857
dB max = 0.07607142857142857
hk max = 0.010331966455186503
hk min = 0.010331966455186503
hz max = 0.04834465916231081
hz min = 0.03481188756883418
lambdaF max = 1.2715154613905353
lambdaF min = 0.01225494967187982
lambdaB max = 1.2823020611159561
lambdaB min = 0.01225494967187982
----------------------------------
----------------------------------
Iteration = 24
Distance = 0.007792405305494299
v max = -0.5524752943335732
v min = -6.3601551208841665
d max = 0.07607142857142857
d min = 0.07607142857142857
dF max = 0.07607142857142857
dB max = 0.07607142857142857
hk max = 0.010331966455186503
hk min = 0.010331966455186503
hz max = 0.04834561965059089
hz min = 0.034812218567615336
lambdaF max = 1.2715412636519208
lambdaF min = 0.01225494967187982
lambdaB max = 1.2823281327199927
lambdaB min = 0.01225494967187982
----------------------------------
----------------------------------
Iteration = 25
Distance = 0.006767026394645548
v max = -0.5591954633490461
v min = -6.366922147278812
d max = 0.07607142857142857
d min = 0.07607142857142857
dF max = 0.07607142857142857
dB max = 0.07607142857142857
hk max = 0.010331966455186503
hk min = 0.010331966455186503
hz max = 0.04834623848876811
hz min = 0.0348124319931469
lambdaF max = 1.2715578925442566
lambdaF min = 0.01225494967187982
lambdaB max = 1.282344935308034
lambdaB min = 0.01225494967187982
----------------------------------
----------------------------------
Iteration = 26
Distance = 0.005878585688428473
v max = -0.5650438534522325
v min = -6.3728007329672405
d max = 0.07607142857142857
d min = 0.07607142857142857
dF max = 0.07607142857142857
dB max = 0.07607142857142857
hk max = 0.010331966455186503
hk min = 0.010331966455186503
hz max = 0.048346637217295964
hz min = 0.03481256957051152
lambdaF max = 1.2715686097267036
lambdaF min = 0.01225494967187982
lambdaB max = 1.2823557644470491
lambdaB min = 0.01225494967187982
----------------------------------
----------------------------------
Iteration = 27
Distance = 0.005108085952783448
v max = -0.5701324807754184
v min = -6.377908818920024
d max = 0.07607142857142857
d min = 0.07607142857142857
dF max = 0.07607142857142857
dB max = 0.07607142857142857
hk max = 0.010331966455186503
hk min = 0.010331966455186503
hz max = 0.04834689413276235
hz min = 0.03481265823770456
lambdaF max = 1.27157551682911
lambdaF min = 0.01225494967187982
lambdaB max = 1.2823627436812426
lambdaB min = 0.01225494967187982
----------------------------------
----------------------------------
Iteration = 28
Distance = 0.004439411848007779
v max = -0.5745593529645575
v min = -6.382348230768032
d max = 0.07607142857142857
d min = 0.07607142857142857
dF max = 0.07607142857142857
dB max = 0.07607142857142857
hk max = 0.010331966455186503
hk min = 0.010331966455186503
hz max = 0.048347059676899985
hz min = 0.03481271537786974
lambdaF max = 1.271579968268192
lambdaF min = 0.01225494967187982
lambdaB max = 1.2823672415853467
lambdaB min = 0.01225494967187982
----------------------------------
----------------------------------
Iteration = 29
Distance = 0.0038588103047993982
v max = -0.5784100823188384
v min = -6.386207041072831
d max = 0.07607142857142857
d min = 0.07607142857142857
dF max = 0.07607142857142857
dB max = 0.07607142857142857
hk max = 0.010331966455186503
hk min = 0.010331966455186503
hz max = 0.048347166347868134
hz min = 0.03481275220085773
lambdaF max = 1.2715828370164346
lambdaF min = 0.01225494967187982
lambdaB max = 1.2823701402660774
lambdaB min = 0.01225494967187982
----------------------------------
----------------------------------
Iteration = 30
Distance = 0.0033544898173856197
v max = -0.581759364505952
v min = -6.389561530890217
d max = 0.07607142857142857
d min = 0.07607142857142857
dF max = 0.07607142857142857
dB max = 0.07607142857142857
hk max = 0.010331966455186503
hk min = 0.010331966455186503
hz max = 0.048347235084145894
hz min = 0.0348127759316308
lambdaF max = 1.271584685753
lambdaF min = 0.01225494967187982
lambdaB max = 1.2823720082879406
lambdaB min = 0.01225494967187982
----------------------------------
----------------------------------
Iteration = 31
Distance = 0.0029163049421905285
v max = -0.5846723134859851
v min = -6.392477835832407
d max = 0.07607142857142857
d min = 0.07607142857142857
dF max = 0.07607142857142857
dB max = 0.07607142857142857
hk max = 0.010331966455186503
hk min = 0.010331966455186503
hz max = 0.04834727937681837
hz min = 0.03481279122556509
lambdaF max = 1.2715858771405073
lambdaF min = 0.01225494967187982
lambdaB max = 1.2823732121027127
lambdaB min = 0.01225494967187982
----------------------------------
----------------------------------
Iteration = 32
Distance = 0.0025355031668548023
v max = -0.5872056539716786
v min = -6.395013338999262
d max = 0.07607142857142857
d min = 0.07607142857142857
dF max = 0.07607142857142857
dB max = 0.07607142857142857
hk max = 0.010331966455186503
hk min = 0.010331966455186503
hz max = 0.04834730791871865
hz min = 0.03481280108226877
lambdaF max = 1.2715866449090172
lambdaF min = 0.01225494967187982
lambdaB max = 1.2823739878801053
lambdaB min = 0.01225494967187982
----------------------------------
----------------------------------
Iteration = 33
Distance = 0.0022045184654162497
v max = -0.5894087787454588
v min = -6.397217857464678
d max = 0.07607142857142857
d min = 0.07607142857142857
dF max = 0.07607142857142857
dB max = 0.07607142857142857
hk max = 0.010331966455186503
hk min = 0.010331966455186503
hz max = 0.04834732631110334
hz min = 0.0348128074346956
lambdaF max = 1.2715871396852831
lambdaF min = 0.01225494967187982
lambdaB max = 1.2823744878178562
lambdaB min = 0.01225494967187982
----------------------------------
----------------------------------
Iteration = 34
Distance = 0.0019168005870913163
v max = -0.5913246812002776
v min = -6.39913465805177
d max = 0.07607142857142857
d min = 0.07607142857142857
dF max = 0.07607142857142857
dB max = 0.07607142857142857
hk max = 0.010331966455186503
hk min = 0.010331966455186503
hz max = 0.048347338163239224
hz min = 0.03481281152860356
lambdaF max = 1.2715874585369686
lambdaF min = 0.01225494967187982
lambdaB max = 1.2823748099959114
lambdaB min = 0.01225494967187982
----------------------------------
----------------------------------
Iteration = 35
Distance = 0.0016666722853697635
v max = -0.5929907747050799
v min = -6.400801330337139
d max = 0.07607142857142857
d min = 0.07607142857142857
dF max = 0.07607142857142857
dB max = 0.07607142857142857
hk max = 0.010331966455186503
hk min = 0.010331966455186503
hz max = 0.04834734580085882
hz min = 0.03481281416691804
lambdaF max = 1.2715876640166632
lambdaF min = 0.01225494967187982
lambdaB max = 1.282375017619248
lambdaB min = 0.01225494967187982
----------------------------------
----------------------------------
Iteration = 36
Distance = 0.0014492088249378199
v max = -0.5944396105479299
v min = -6.402250539162077
d max = 0.07607142857142857
d min = 0.07607142857142857
dF max = 0.07607142857142857
dB max = 0.07607142857142857
hk max = 0.010331966455186503
hk min = 0.010331966455186503
hz max = 0.048347350722634276
hz min = 0.03481281586714992
lambdaF max = 1.2715877964350448
lambdaF min = 0.01225494967187982
lambdaB max = 1.2823751514190693
lambdaB min = 0.01225494967187982
----------------------------------
----------------------------------
Iteration = 37
Distance = 0.0012601355604227038
v max = -0.595699505748214
v min = -6.4035106747225
d max = 0.07607142857142857
d min = 0.07607142857142857
dF max = 0.07607142857142857
dB max = 0.07607142857142857
hk max = 0.010331966455186503
hk min = 0.010331966455186503
hz max = 0.0483473538943025
hz min = 0.03481281696283754
lambdaF max = 1.2715878817700286
lambdaF min = 0.01225494967187982
lambdaB max = 1.282375237644196
lambdaB min = 0.01225494967187982
----------------------------------
----------------------------------
Iteration = 38
Distance = 0.0010957403921274533
v max = -0.596795091245406
v min = -6.404606415114627
d max = 0.07607142857142857
d min = 0.07607142857142857
dF max = 0.07607142857142857
dB max = 0.07607142857142857
hk max = 0.010331966455186503
hk min = 0.010331966455186503
hz max = 0.048347355938178904
hz min = 0.03481281766893508
lambdaF max = 1.271587936762675
lambdaF min = 0.01225494967187982
lambdaB max = 1.282375293210474
lambdaB min = 0.01225494967187982
----------------------------------
----------------------------------
Iteration = 39
Distance = 0.0009527986184423298
v max = -0.5977477900451247
v min = -6.40555921373307
d max = 0.07607142857142857
d min = 0.07607142857142857
dF max = 0.07607142857142857
dB max = 0.07607142857142857
hk max = 0.010331966455186503
hk min = 0.010331966455186503
hz max = 0.04834735725529619
hz min = 0.034812818123968386
lambdaF max = 1.2715879722016084
lambdaF min = 0.01225494967187982
lambdaB max = 1.2823753290190751
lambdaB min = 0.01225494967187982
----------------------------------
----------------------------------
Iteration = 40
Distance = 0.0008285082204047001
v max = -0.5985762339394664
v min = -6.406387721953474
d max = 0.07607142857142857
d min = 0.07607142857142857
dF max = 0.07607142857142857
dB max = 0.07607142857142857
hk max = 0.010331966455186503
hk min = 0.010331966455186503
hz max = 0.0483473581040724
hz min = 0.03481281841720884
lambdaF max = 1.2715879950395563
lambdaF min = 0.01225494967187982
lambdaB max = 1.2823753520952752
lambdaB min = 0.01225494967187982
----------------------------------
----------------------------------
Iteration = 41
Distance = 0.0007204339931519144
v max = -0.5992966264790768
v min = -6.407108155946626
d max = 0.07607142857142857
d min = 0.07607142857142857
dF max = 0.07607142857142857
dB max = 0.07607142857142857
hk max = 0.010331966455186503
hk min = 0.010331966455186503
hz max = 0.04834735865104248
hz min = 0.034812818606182974
lambdaF max = 1.271588009756922
lambdaF min = 0.01225494967187982
lambdaB max = 1.282375366966108
lambdaB min = 0.01225494967187982
----------------------------------
----------------------------------
Iteration = 42
Distance = 0.0006264592266607139
v max = -0.5999230589919056
v min = -6.407734615173287
d max = 0.07607142857142857
d min = 0.07607142857142857
dF max = 0.07607142857142857
dB max = 0.07607142857142857
hk max = 0.010331966455186503
hk min = 0.010331966455186503
hz max = 0.04834735900352277
hz min = 0.0348128187279647
lambdaF max = 1.2715880192412035
lambdaF min = 0.01225494967187982
lambdaB max = 1.2823753765493198
lambdaB min = 0.01225494967187982
----------------------------------
----------------------------------
Iteration = 43
Distance = 0.0005447438572518948
v max = -0.6004677856340052
v min = -6.408279359030539
d max = 0.07607142857142857
d min = 0.07607142857142857
dF max = 0.07607142857142857
dB max = 0.07607142857142857
hk max = 0.010331966455186503
hk min = 0.010331966455186503
hz max = 0.04834735923066786
hz min = 0.03481281880644444
lambdaF max = 1.2715880253532357
lambdaF min = 0.01225494967187982
lambdaB max = 1.2823753827251074
lambdaB min = 0.01225494967187982
----------------------------------
----------------------------------
Iteration = 44
Distance = 0.00047368818638293675
v max = -0.6009414627264622
v min = -6.408753047216922
d max = 0.07607142857142857
d min = 0.07607142857142857
dF max = 0.07607142857142857
dB max = 0.07607142857142857
hk max = 0.010331966455186503
hk min = 0.010331966455186503
hz max = 0.04834735937704841
hz min = 0.03481281885701987
lambdaF max = 1.27158802929201
lambdaF min = 0.01225494967187982
lambdaB max = 1.2823753867049634
lambdaB min = 0.01225494967187982
----------------------------------
----------------------------------
Iteration = 45
Distance = 0.0004119014018355571
v max = -0.601353356979056
v min = -6.409164948618757
d max = 0.07607142857142857
d min = 0.07607142857142857
dF max = 0.07607142857142857
dB max = 0.07607142857142857
hk max = 0.010331966455186503
hk min = 0.010331966455186503
hz max = 0.04834735947137934
hz min = 0.034812818889612025
lambdaF max = 1.2715880318302741
lambdaF min = 0.01225494967187982
lambdaB max = 1.2823753892696754
lambdaB min = 0.01225494967187982
----------------------------------
----------------------------------
Iteration = 46
Distance = 0.00035817424985395974
v max = -0.6017115266217341
v min = -6.409523122868611
d max = 0.07607142857142857
d min = 0.07607142857142857
dF max = 0.07607142857142857
dB max = 0.07607142857142857
hk max = 0.010331966455186503
hk min = 0.010331966455186503
hz max = 0.048347359532168586
hz min = 0.03481281891061518
lambdaF max = 1.2715880334659477
lambdaF min = 0.01225494967187982
lambdaB max = 1.2823753909224749
lambdaB min = 0.01225494967187982
----------------------------------
----------------------------------
Iteration = 47
Distance = 0.00031145530093734664
v max = -0.6020229789536776
v min = -6.409834578169549
d max = 0.07607142857142857
d min = 0.07607142857142857
dF max = 0.07607142857142857
dB max = 0.07607142857142857
hk max = 0.010331966455186503
hk min = 0.010331966455186503
hz max = 0.048347359571343014
hz min = 0.03481281892415028
lambdaF max = 1.2715880345200776
lambdaF min = 0.01225494967187982
lambdaB max = 1.2823753919875969
lambdaB min = 0.01225494967187982
----------------------------------
----------------------------------
Iteration = 48
Distance = 0.00027083033009933644
v max = -0.6022938073704841
v min = -6.410105408499648
d max = 0.07607142857142857
d min = 0.07607142857142857
dF max = 0.07607142857142857
dB max = 0.07607142857142857
hk max = 0.010331966455186503
hk min = 0.010331966455186503
hz max = 0.048347359596588244
hz min = 0.03481281893287296
lambdaF max = 1.2715880351993873
lambdaF min = 0.01225494967187982
lambdaB max = 1.2823753926739314
lambdaB min = 0.01225494967187982
----------------------------------
----------------------------------
Iteration = 49
Distance = 0.0002355043988009342
v max = -0.6025293105362854
v min = -6.410340912898449
d max = 0.07607142857142857
d min = 0.07607142857142857
dF max = 0.07607142857142857
dB max = 0.07607142857142857
hk max = 0.010331966455186503
hk min = 0.010331966455186503
hz max = 0.04834735961285505
hz min = 0.03481281893849367
lambdaF max = 1.2715880356371683
lambdaF min = 0.01225494967187982
lambdaB max = 1.2823753931162736
lambdaB min = 0.01225494967187982
----------------------------------
----------------------------------
Iteration = 50
Distance = 0.0002047862815919288
v max = -0.6027340960233009
v min = -6.410545699180041
d max = 0.07607142857142857
d min = 0.07607142857142857
dF max = 0.07607142857142857
dB max = 0.07607142857142857
hk max = 0.010331966455186503
hk min = 0.010331966455186503
hz max = 0.04834735962333983
hz min = 0.034812818942116325
lambdaF max = 1.271588035919208
lambdaF min = 0.01225494967187982
lambdaB max = 1.282375393401266
lambdaB min = 0.01225494967187982
----------------------------------
----------------------------------
Iteration = 51
Distance = 0.00017807492942534253
v max = -0.6029121704406755
v min = -6.410723774109466
d max = 0.07607142857142857
d min = 0.07607142857142857
dF max = 0.07607142857142857
dB max = 0.07607142857142857
hk max = 0.010331966455186503
hk min = 0.010331966455186503
hz max = 0.04834735963009547
hz min = 0.034812818944450485
lambdaF max = 1.2715880361010052
lambdaF min = 0.01225494967187982
lambdaB max = 1.2823753935849973
lambdaB min = 0.01225494967187982
----------------------------------
----------------------------------
Iteration = 52
Distance = 0.00015484770153229022
v max = -0.6030670178122295
v min = -6.4108786218109985
d max = 0.07607142857142857
d min = 0.07607142857142857
dF max = 0.07607142857142857
dB max = 0.07607142857142857
hk max = 0.010331966455186503
hk min = 0.010331966455186503
hz max = 0.04834735963444921
hz min = 0.03481281894595512
lambdaF max = 1.2715880362181795
lambdaF min = 0.01225494967187982
lambdaB max = 1.282375393703386
lambdaB min = 0.01225494967187982
----------------------------------
----------------------------------
Iteration = 53
Distance = 0.00013465013452851338
v max = -0.6032016677341134
v min = -6.411013271945527
d max = 0.07607142857142857
d min = 0.07607142857142857
dF max = 0.07607142857142857
dB max = 0.07607142857142857
hk max = 0.010331966455186503
hk min = 0.010331966455186503
hz max = 0.048347359637255255
hz min = 0.034812818946924146
lambdaF max = 1.2715880362936514
lambdaF min = 0.01225494967187982
lambdaB max = 1.2823753937796454
lambdaB min = 0.01225494967187982
----------------------------------
----------------------------------
Iteration = 54
Distance = 0.00011708704726576258
v max = -0.6033187546443429
v min = -6.411130358992793
d max = 0.07607142857142857
d min = 0.07607142857142857
dF max = 0.07607142857142857
dB max = 0.07607142857142857
hk max = 0.010331966455186503
hk min = 0.010331966455186503
hz max = 0.04834735963906472
hz min = 0.034812818947548736
lambdaF max = 1.2715880363423149
lambdaF min = 0.01225494967187982
lambdaB max = 1.2823753938288331
lambdaB min = 0.01225494967187982
----------------------------------
----------------------------------
Iteration = 55
Distance = 0.0001018148067952751
v max = -0.6034205693628304
v min = -6.411232173799588
d max = 0.07607142857142857
d min = 0.07607142857142857
dF max = 0.07607142857142857
dB max = 0.07607142857142857
hk max = 0.010331966455186503
hk min = 0.010331966455186503
hz max = 0.048347359640228925
hz min = 0.034812818947951726
lambdaF max = 1.2715880363737013
lambdaF min = 0.01225494967187982
lambdaB max = 1.2823753938605162
lambdaB min = 0.01225494967187982
----------------------------------
----------------------------------
Iteration = 56
Distance = 8.853460370339405e-5
v max = -0.6035091039096273
v min = -6.4113207084032915
d max = 0.07607142857142857
d min = 0.07607142857142857
dF max = 0.07607142857142857
dB max = 0.07607142857142857
hk max = 0.010331966455186503
hk min = 0.010331966455186503
hz max = 0.04834735964097981
hz min = 0.03481281894821092
lambdaF max = 1.2715880363939567
lambdaF min = 0.01225494967187982
lambdaB max = 1.2823753938809377
lambdaB min = 0.01225494967187982
----------------------------------
----------------------------------
Iteration = 57
Distance = 7.698660489907638e-5
v max = -0.6035860904778545
v min = -6.411397695008191
d max = 0.07607142857142857
d min = 0.07607142857142857
dF max = 0.07607142857142857
dB max = 0.07607142857142857
hk max = 0.010331966455186503
hk min = 0.010331966455186503
hz max = 0.04834735964146202
hz min = 0.03481281894837855
lambdaF max = 1.2715880364069376
lambdaF min = 0.01225494967187982
lambdaB max = 1.2823753938940816
lambdaB min = 0.01225494967187982
----------------------------------
----------------------------------
Iteration = 58
Distance = 6.694486930580723e-5
v max = -0.603653035323523
v min = -6.411464639877496
d max = 0.07607142857142857
d min = 0.07607142857142857
dF max = 0.07607142857142857
dB max = 0.07607142857142857
hk max = 0.010331966455186503
hk min = 0.010331966455186503
hz max = 0.04834735964177432
hz min = 0.03481281894848561
lambdaF max = 1.2715880364153096
lambdaF min = 0.01225494967187982
lambdaB max = 1.28237539390252
lambdaB min = 0.01225494967187982
----------------------------------
----------------------------------
Iteration = 59
Distance = 5.8212926909106955e-5
v max = -0.6037112482352044
v min = -6.4115228528044055
d max = 0.07607142857142857
d min = 0.07607142857142857
dF max = 0.07607142857142857
dB max = 0.07607142857142857
hk max = 0.010331966455186503
hk min = 0.010331966455186503
hz max = 0.04834735964197639
hz min = 0.03481281894855536
lambdaF max = 1.2715880364207028
lambdaF min = 0.01225494967187982
lambdaB max = 1.2823753939080098
lambdaB min = 0.01225494967187982
----------------------------------
----------------------------------
Iteration = 60
Distance = 5.061993456845215e-5
v max = -0.6037618681599538
v min = -6.411573472738974
d max = 0.07607142857142857
d min = 0.07607142857142857
dF max = 0.07607142857142857
dB max = 0.07607142857142857
hk max = 0.010331966455186503
hk min = 0.010331966455186503
hz max = 0.04834735964210728
hz min = 0.034812818948599854
lambdaF max = 1.2715880364242145
lambdaF min = 0.01225494967187982
lambdaB max = 1.2823753939115545
lambdaB min = 0.01225494967187982
----------------------------------
----------------------------------
Iteration = 61
Distance = 4.401733318903922e-5
v max = -0.6038058854868208
v min = -6.411617490072163
d max = 0.07607142857142857
d min = 0.07607142857142857
dF max = 0.07607142857142857
dB max = 0.07607142857142857
hk max = 0.010331966455186503
hk min = 0.010331966455186503
hz max = 0.048347359642189947
hz min = 0.03481281894862913
lambdaF max = 1.271588036426472
lambdaF min = 0.01225494967187982
lambdaB max = 1.2823753939138445
lambdaB min = 0.01225494967187982
----------------------------------
----------------------------------
Iteration = 62
Distance = 3.8275941126819646e-5
v max = -0.6038441614238694
v min = -6.41165576601329
d max = 0.07607142857142857
d min = 0.07607142857142857
dF max = 0.07607142857142857
dB max = 0.07607142857142857
hk max = 0.010331966455186503
hk min = 0.010331966455186503
hz max = 0.048347359642245055
hz min = 0.03481281894864721
lambdaF max = 1.2715880364279144
lambdaF min = 0.01225494967187982
lambdaB max = 1.2823753939152873
lambdaB min = 0.01225494967187982
----------------------------------
----------------------------------
Iteration = 63
Distance = 3.328342656327976e-5
v max = -0.603877444847806
v min = -6.411689049439853
d max = 0.07607142857142857
d min = 0.07607142857142857
dF max = 0.07607142857142857
dB max = 0.07607142857142857
hk max = 0.010331966455186503
hk min = 0.010331966455186503
hz max = 0.0483473596422772
hz min = 0.03481281894865927
lambdaF max = 1.271588036428855
lambdaF min = 0.01225494967187982
lambdaB max = 1.282375393916197
lambdaB min = 0.01225494967187982
----------------------------------
----------------------------------
Iteration = 64
Distance = 2.8942109731922017e-5
v max = -0.6039063869558456
v min = -6.411717991549585
d max = 0.07607142857142857
d min = 0.07607142857142857
dF max = 0.07607142857142857
dB max = 0.07607142857142857
hk max = 0.010331966455186503
hk min = 0.010331966455186503
hz max = 0.04834735964230246
hz min = 0.03481281894866759
lambdaF max = 1.2715880364294507
lambdaF min = 0.01225494967187982
lambdaB max = 1.282375393916856
lambdaB min = 0.01225494967187982
----------------------------------
----------------------------------
Iteration = 65
Distance = 2.516705173594147e-5
v max = -0.6039315540064852
v min = -6.411743158601321
d max = 0.07607142857142857
d min = 0.07607142857142857
dF max = 0.07607142857142857
dB max = 0.07607142857142857
hk max = 0.010331966455186503
hk min = 0.010331966455186503
hz max = 0.048347359642313945
hz min = 0.034812818948672185
lambdaF max = 1.271588036429827
lambdaF min = 0.01225494967187982
lambdaB max = 1.2823753939172011
lambdaB min = 0.01225494967187982
----------------------------------
----------------------------------
Iteration = 66
Distance = 2.1884392673143793e-5
v max = -0.6039534383984593
v min = -6.411765042993994
d max = 0.07607142857142857
d min = 0.07607142857142857
dF max = 0.07607142857142857
dB max = 0.07607142857142857
hk max = 0.010331966455186503
hk min = 0.010331966455186503
hz max = 0.04834735964232542
hz min = 0.03481281894867534
lambdaF max = 1.2715880364300467
lambdaF min = 0.01225494967187982
lambdaB max = 1.2823753939174833
lambdaB min = 0.01225494967187982
----------------------------------
----------------------------------
Iteration = 67
Distance = 1.902990658653181e-5
v max = -0.6039724683045952
v min = -6.411784072900581
d max = 0.07607142857142857
d min = 0.07607142857142857
dF max = 0.07607142857142857
dB max = 0.07607142857142857
hk max = 0.010331966455186503
hk min = 0.010331966455186503
hz max = 0.048347359642330015
hz min = 0.03481281894867764
lambdaF max = 1.2715880364302032
lambdaF min = 0.01225494967187982
lambdaB max = 1.28237539391764
lambdaB min = 0.01225494967187982
----------------------------------
----------------------------------
Iteration = 68
Distance = 1.654774480108756e-5
v max = -0.6039890160491073
v min = -6.411800620645382
d max = 0.07607142857142857
d min = 0.07607142857142857
dF max = 0.07607142857142857
dB max = 0.07607142857142857
hk max = 0.010331966455186503
hk min = 0.010331966455186503
hz max = 0.048347359642336905
hz min = 0.03481281894867879
lambdaF max = 1.2715880364303287
lambdaF min = 0.01225494967187982
lambdaB max = 1.2823753939177345
lambdaB min = 0.01225494967187982
----------------------------------
----------------------------------
Iteration = 69
Distance = 1.4389343268028654e-5
v max = -0.6040034053921888
v min = -6.41181500998865
d max = 0.07607142857142857
d min = 0.07607142857142857
dF max = 0.07607142857142857
dB max = 0.07607142857142857
hk max = 0.010331966455186503
hk min = 0.010331966455186503
hz max = 0.048347359642336905
hz min = 0.03481281894867936
lambdaF max = 1.2715880364303915
lambdaF min = 0.01225494967187982
lambdaB max = 1.282375393917797
lambdaB min = 0.01225494967187982
----------------------------------
----------------------------------
Iteration = 70
Distance = 1.2512472383541251e-5
v max = -0.6040159178644513
v min = -6.411827522461029
d max = 0.07607142857142857
d min = 0.07607142857142857
dF max = 0.07607142857142857
dB max = 0.07607142857142857
hk max = 0.010331966455186503
hk min = 0.010331966455186503
hz max = 0.0483473596423392
hz min = 0.03481281894868051
lambdaF max = 1.2715880364304541
lambdaF min = 0.01225494967187982
lambdaB max = 1.2823753939178597
lambdaB min = 0.01225494967187982
----------------------------------
----------------------------------
Iteration = 71
Distance = 1.0880410758140613e-5
v max = -0.604026798275129
v min = -6.411838402871787
d max = 0.07607142857142857
d min = 0.07607142857142857
dF max = 0.07607142857142857
dB max = 0.07607142857142857
hk max = 0.010331966455186503
hk min = 0.010331966455186503
hz max = 0.0483473596423392
hz min = 0.034812818948680796
lambdaF max = 1.271588036430517
lambdaF min = 0.01225494967187982
lambdaB max = 1.2823753939178912
lambdaB min = 0.01225494967187982
----------------------------------
----------------------------------
Iteration = 72
Distance = 9.461226738949335e-6
v max = -0.6040362595018123
v min = -6.411847864098525
d max = 0.07607142857142857
d min = 0.07607142857142857
dF max = 0.07607142857142857
dB max = 0.07607142857142857
hk max = 0.010331966455186503
hk min = 0.010331966455186503
hz max = 0.0483473596423392
hz min = 0.034812818948680796
lambdaF max = 1.2715880364304855
lambdaF min = 0.01225494967187982
lambdaB max = 1.2823753939178597
lambdaB min = 0.01225494967187982
----------------------------------
    Value Function Converged, Iteration = 72 with gamma=8.0 with rho=1.0 and v=-3.0634437893082804
    Natural boundary condition
=============================================================
Convegence time (minutes): 0.11322924755000001
Current Time = 15:59:57
grid points for z:  401
grid size for z:  0.025
-0.11243191064946262
-0.2904438162300042
--- 8.699032545089722 seconds for the elasticity computation ---
-0.03593896487614599
-0.1652424802265385
--- 0.22049951553344727 seconds for the elasticity computation ---
-0.02124578129882246
-0.12520133600346567
--- 0.22070574760437012 seconds for the elasticity computation ---
-0.1867865117364915
-0.29788283207773847
--- 0.2205643653869629 seconds for the elasticity computation ---
Current Time = 16:00:09
grid points for z:  401
grid size for z:  0.025
rho = 1
0.05935460108702888
--- 8.43160104751587 seconds for the elasticity computation ---
0.0
--- 0.07088685035705566 seconds for the elasticity computation ---
0.05935460108702888
--- 0.06806039810180664 seconds for the elasticity computation ---
0.0
--- 0.06676769256591797 seconds for the elasticity computation ---
0.0
--- 0.06680989265441895 seconds for the elasticity computation ---
0.05935460108702888
0.007439015847734282
--- 0.06684494018554688 seconds for the elasticity computation ---
0.05935460108702888
0.007439015847734282
--- 0.06675314903259277 seconds for the elasticity computation ---
0.05935460108702888
0.007439015847734282
--- 0.06660819053649902 seconds for the elasticity computation ---
0.05935460108702888
0.007439015847734282
--- 0.06634783744812012 seconds for the elasticity computation ---
parsed_args = parse_commandline() = Dict{String, Any}("dataname" => "upper_triangular_four_ambiguous_parameters", "clowerlim" => 0.0001, "delta" => 0.015, "boundary" => 0, "Delta" => 10.0, "q" => 0.05, "zmax" => 5.0, "logadjustment" => 1, "zscale" => 2.0, "foc" => 1, "distorted" => 0, "rho" => 1.0, "gamma" => 8.0)
=============================================================
./output/upper_triangular_four_ambiguous_parameters/Delta_10.0_distorted_0/logadjustment_1_boundary_0/zmax_5.0_zscale_2.0/delta_0.015/q_0.05_gamma_8.0_rho_1.0/
=============================================================
solve for structured linear system 
structured_relative_entropy = 0.05064738780411169
=============================================================
solve for unstructured linear system 
q_update = 0.3382971317122906
=============================================================
parsed_args = parse_commandline() = Dict{String, Any}("dataname" => "upper_triangular_four_ambiguous_parameters", "clowerlim" => 0.0001, "delta" => 0.015, "boundary" => 0, "Delta" => 10.0, "q" => 0.05, "zmax" => 5.0, "logadjustment" => 1, "zscale" => 2.0, "foc" => 1, "distorted" => 0, "rho" => 1.0, "gamma" => 8.0)
=============================================================
./output/upper_triangular_four_ambiguous_parameters/Delta_10.0_distorted_0/logadjustment_1_boundary_0/zmax_5.0_zscale_2.0/delta_0.015/q_0.05_gamma_8.0_rho_1.0/
=============================================================
solve for structured linear system 
structured_relative_entropy = 0.050647387804111696
=============================================================
solve for unstructured linear system 
q_update = 0.33829713171229064
=============================================================
Program ends Fri Jan 19 16:00:51 CST 2024
Elapsed time: 0 days 00 hr 01 min 26 sec
